[0.086s] DEBUG:colcon:Command line arguments: ['/usr/bin/colcon', 'build']
[0.086s] DEBUG:colcon:Parsed command line arguments: Namespace(log_base=None, log_level=None, verb_name='build', build_base='build', install_base='install', merge_install=False, symlink_install=False, test_result_base=None, continue_on_error=False, executor='parallel', parallel_workers=12, event_handlers=None, ignore_user_meta=False, metas=['./colcon.meta'], base_paths=['.'], packages_ignore=None, packages_ignore_regex=None, paths=None, packages_up_to=None, packages_up_to_regex=None, packages_above=None, packages_above_and_dependencies=None, packages_above_depth=None, packages_select_by_dep=None, packages_skip_by_dep=None, packages_skip_up_to=None, packages_select_build_failed=False, packages_skip_build_finished=False, packages_select_test_failures=False, packages_skip_test_passed=False, packages_select=None, packages_skip=None, packages_select_regex=None, packages_skip_regex=None, packages_start=None, packages_end=None, allow_overriding=[], cmake_args=None, cmake_target=None, cmake_target_skip_unavailable=False, cmake_clean_cache=False, cmake_clean_first=False, cmake_force_configure=False, ament_cmake_args=None, catkin_cmake_args=None, catkin_skip_building_tests=False, mixin_files=None, mixin=None, verb_parser=<colcon_mixin.mixin.mixin_argument.MixinArgumentDecorator object at 0x7a0c0b19c6a0>, verb_extension=<colcon_core.verb.build.BuildVerb object at 0x7a0c0b11ab60>, main=<bound method BuildVerb.main of <colcon_core.verb.build.BuildVerb object at 0x7a0c0b11ab60>>, mixin_verb=('build',))
[0.117s] Level 1:colcon.colcon_core.package_discovery:discover_packages(colcon_meta) check parameters
[0.117s] Level 1:colcon.colcon_core.package_discovery:discover_packages(recursive) check parameters
[0.117s] Level 1:colcon.colcon_core.package_discovery:discover_packages(ignore) check parameters
[0.117s] Level 1:colcon.colcon_core.package_discovery:discover_packages(path) check parameters
[0.117s] Level 1:colcon.colcon_core.package_discovery:discover_packages(colcon_meta) discover
[0.117s] Level 1:colcon.colcon_core.package_discovery:discover_packages(recursive) discover
[0.117s] INFO:colcon.colcon_core.package_discovery:Crawling recursively for packages in '/home/yut/git/rs1-2025s-ytu77/yuto_branch'
[0.117s] Level 1:colcon.colcon_core.package_identification:_identify(.) by extensions ['ignore', 'ignore_ament_install']
[0.117s] Level 1:colcon.colcon_core.package_identification:_identify(.) by extension 'ignore'
[0.117s] Level 1:colcon.colcon_core.package_identification:_identify(.) by extension 'ignore_ament_install'
[0.117s] Level 1:colcon.colcon_core.package_identification:_identify(.) by extensions ['colcon_pkg']
[0.117s] Level 1:colcon.colcon_core.package_identification:_identify(.) by extension 'colcon_pkg'
[0.117s] Level 1:colcon.colcon_core.package_identification:_identify(.) by extensions ['colcon_meta']
[0.117s] Level 1:colcon.colcon_core.package_identification:_identify(.) by extension 'colcon_meta'
[0.117s] Level 1:colcon.colcon_core.package_identification:_identify(.) by extensions ['ros']
[0.117s] Level 1:colcon.colcon_core.package_identification:_identify(.) by extension 'ros'
[0.132s] Level 1:colcon.colcon_core.package_identification:_identify(.) by extensions ['cmake', 'python']
[0.132s] Level 1:colcon.colcon_core.package_identification:_identify(.) by extension 'cmake'
[0.132s] Level 1:colcon.colcon_core.package_identification:_identify(.) by extension 'python'
[0.132s] Level 1:colcon.colcon_core.package_identification:_identify(.) by extensions ['python_setup_py']
[0.132s] Level 1:colcon.colcon_core.package_identification:_identify(.) by extension 'python_setup_py'
[0.132s] Level 1:colcon.colcon_core.package_identification:_identify(build) by extensions ['ignore', 'ignore_ament_install']
[0.132s] Level 1:colcon.colcon_core.package_identification:_identify(build) by extension 'ignore'
[0.132s] Level 1:colcon.colcon_core.package_identification:_identify(build) ignored
[0.132s] Level 1:colcon.colcon_core.package_identification:_identify(install) by extensions ['ignore', 'ignore_ament_install']
[0.132s] Level 1:colcon.colcon_core.package_identification:_identify(install) by extension 'ignore'
[0.132s] Level 1:colcon.colcon_core.package_identification:_identify(install) ignored
[0.132s] Level 1:colcon.colcon_core.package_identification:_identify(log) by extensions ['ignore', 'ignore_ament_install']
[0.132s] Level 1:colcon.colcon_core.package_identification:_identify(log) by extension 'ignore'
[0.132s] Level 1:colcon.colcon_core.package_identification:_identify(log) ignored
[0.132s] Level 1:colcon.colcon_core.package_identification:_identify(src) by extensions ['ignore', 'ignore_ament_install']
[0.132s] Level 1:colcon.colcon_core.package_identification:_identify(src) by extension 'ignore'
[0.132s] Level 1:colcon.colcon_core.package_identification:_identify(src) by extension 'ignore_ament_install'
[0.132s] Level 1:colcon.colcon_core.package_identification:_identify(src) by extensions ['colcon_pkg']
[0.132s] Level 1:colcon.colcon_core.package_identification:_identify(src) by extension 'colcon_pkg'
[0.133s] Level 1:colcon.colcon_core.package_identification:_identify(src) by extensions ['colcon_meta']
[0.133s] Level 1:colcon.colcon_core.package_identification:_identify(src) by extension 'colcon_meta'
[0.133s] Level 1:colcon.colcon_core.package_identification:_identify(src) by extensions ['ros']
[0.133s] Level 1:colcon.colcon_core.package_identification:_identify(src) by extension 'ros'
[0.133s] Level 1:colcon.colcon_core.package_identification:_identify(src) by extensions ['cmake', 'python']
[0.133s] Level 1:colcon.colcon_core.package_identification:_identify(src) by extension 'cmake'
[0.133s] Level 1:colcon.colcon_core.package_identification:_identify(src) by extension 'python'
[0.133s] Level 1:colcon.colcon_core.package_identification:_identify(src) by extensions ['python_setup_py']
[0.133s] Level 1:colcon.colcon_core.package_identification:_identify(src) by extension 'python_setup_py'
[0.133s] Level 1:colcon.colcon_core.package_identification:_identify(src/forestguard_colour) by extensions ['ignore', 'ignore_ament_install']
[0.133s] Level 1:colcon.colcon_core.package_identification:_identify(src/forestguard_colour) by extension 'ignore'
[0.133s] Level 1:colcon.colcon_core.package_identification:_identify(src/forestguard_colour) by extension 'ignore_ament_install'
[0.133s] Level 1:colcon.colcon_core.package_identification:_identify(src/forestguard_colour) by extensions ['colcon_pkg']
[0.133s] Level 1:colcon.colcon_core.package_identification:_identify(src/forestguard_colour) by extension 'colcon_pkg'
[0.133s] Level 1:colcon.colcon_core.package_identification:_identify(src/forestguard_colour) by extensions ['colcon_meta']
[0.133s] Level 1:colcon.colcon_core.package_identification:_identify(src/forestguard_colour) by extension 'colcon_meta'
[0.133s] Level 1:colcon.colcon_core.package_identification:_identify(src/forestguard_colour) by extensions ['ros']
[0.133s] Level 1:colcon.colcon_core.package_identification:_identify(src/forestguard_colour) by extension 'ros'
[0.135s] DEBUG:colcon.colcon_core.package_identification:Package 'src/forestguard_colour' with type 'ros.ament_python' and name 'forestguard_colour'
[0.135s] Level 1:colcon.colcon_core.package_identification:_identify(src/forestguard_controller) by extensions ['ignore', 'ignore_ament_install']
[0.135s] Level 1:colcon.colcon_core.package_identification:_identify(src/forestguard_controller) by extension 'ignore'
[0.135s] Level 1:colcon.colcon_core.package_identification:_identify(src/forestguard_controller) by extension 'ignore_ament_install'
[0.135s] Level 1:colcon.colcon_core.package_identification:_identify(src/forestguard_controller) by extensions ['colcon_pkg']
[0.135s] Level 1:colcon.colcon_core.package_identification:_identify(src/forestguard_controller) by extension 'colcon_pkg'
[0.135s] Level 1:colcon.colcon_core.package_identification:_identify(src/forestguard_controller) by extensions ['colcon_meta']
[0.135s] Level 1:colcon.colcon_core.package_identification:_identify(src/forestguard_controller) by extension 'colcon_meta'
[0.136s] Level 1:colcon.colcon_core.package_identification:_identify(src/forestguard_controller) by extensions ['ros']
[0.136s] Level 1:colcon.colcon_core.package_identification:_identify(src/forestguard_controller) by extension 'ros'
[0.136s] DEBUG:colcon.colcon_core.package_identification:Package 'src/forestguard_controller' with type 'ros.ament_cmake' and name 'forestguard_controller'
[0.137s] Level 1:colcon.colcon_core.package_identification:_identify(src/forestguard_localisation) by extensions ['ignore', 'ignore_ament_install']
[0.137s] Level 1:colcon.colcon_core.package_identification:_identify(src/forestguard_localisation) by extension 'ignore'
[0.137s] Level 1:colcon.colcon_core.package_identification:_identify(src/forestguard_localisation) by extension 'ignore_ament_install'
[0.137s] Level 1:colcon.colcon_core.package_identification:_identify(src/forestguard_localisation) by extensions ['colcon_pkg']
[0.137s] Level 1:colcon.colcon_core.package_identification:_identify(src/forestguard_localisation) by extension 'colcon_pkg'
[0.137s] Level 1:colcon.colcon_core.package_identification:_identify(src/forestguard_localisation) by extensions ['colcon_meta']
[0.137s] Level 1:colcon.colcon_core.package_identification:_identify(src/forestguard_localisation) by extension 'colcon_meta'
[0.137s] Level 1:colcon.colcon_core.package_identification:_identify(src/forestguard_localisation) by extensions ['ros']
[0.137s] Level 1:colcon.colcon_core.package_identification:_identify(src/forestguard_localisation) by extension 'ros'
[0.137s] DEBUG:colcon.colcon_core.package_identification:Package 'src/forestguard_localisation' with type 'ros.ament_cmake' and name 'forestguard_localisation'
[0.138s] Level 1:colcon.colcon_core.package_identification:_identify(src/forestguard_sim) by extensions ['ignore', 'ignore_ament_install']
[0.138s] Level 1:colcon.colcon_core.package_identification:_identify(src/forestguard_sim) by extension 'ignore'
[0.138s] Level 1:colcon.colcon_core.package_identification:_identify(src/forestguard_sim) by extension 'ignore_ament_install'
[0.138s] Level 1:colcon.colcon_core.package_identification:_identify(src/forestguard_sim) by extensions ['colcon_pkg']
[0.138s] Level 1:colcon.colcon_core.package_identification:_identify(src/forestguard_sim) by extension 'colcon_pkg'
[0.138s] Level 1:colcon.colcon_core.package_identification:_identify(src/forestguard_sim) by extensions ['colcon_meta']
[0.138s] Level 1:colcon.colcon_core.package_identification:_identify(src/forestguard_sim) by extension 'colcon_meta'
[0.138s] Level 1:colcon.colcon_core.package_identification:_identify(src/forestguard_sim) by extensions ['ros']
[0.138s] Level 1:colcon.colcon_core.package_identification:_identify(src/forestguard_sim) by extension 'ros'
[0.138s] DEBUG:colcon.colcon_core.package_identification:Package 'src/forestguard_sim' with type 'ros.ament_cmake' and name 'yuto'
[0.138s] Level 1:colcon.colcon_core.package_identification:_identify(src/forestguard_ui) by extensions ['ignore', 'ignore_ament_install']
[0.138s] Level 1:colcon.colcon_core.package_identification:_identify(src/forestguard_ui) by extension 'ignore'
[0.138s] Level 1:colcon.colcon_core.package_identification:_identify(src/forestguard_ui) by extension 'ignore_ament_install'
[0.139s] Level 1:colcon.colcon_core.package_identification:_identify(src/forestguard_ui) by extensions ['colcon_pkg']
[0.139s] Level 1:colcon.colcon_core.package_identification:_identify(src/forestguard_ui) by extension 'colcon_pkg'
[0.139s] Level 1:colcon.colcon_core.package_identification:_identify(src/forestguard_ui) by extensions ['colcon_meta']
[0.139s] Level 1:colcon.colcon_core.package_identification:_identify(src/forestguard_ui) by extension 'colcon_meta'
[0.139s] Level 1:colcon.colcon_core.package_identification:_identify(src/forestguard_ui) by extensions ['ros']
[0.139s] Level 1:colcon.colcon_core.package_identification:_identify(src/forestguard_ui) by extension 'ros'
[0.139s] DEBUG:colcon.colcon_core.package_identification:Package 'src/forestguard_ui' with type 'ros.ament_python' and name 'forestguard_ui'
[0.139s] Level 1:colcon.colcon_core.package_discovery:discover_packages(recursive) using defaults
[0.139s] Level 1:colcon.colcon_core.package_discovery:discover_packages(ignore) discover
[0.139s] Level 1:colcon.colcon_core.package_discovery:discover_packages(ignore) using defaults
[0.139s] Level 1:colcon.colcon_core.package_discovery:discover_packages(path) discover
[0.139s] Level 1:colcon.colcon_core.package_discovery:discover_packages(path) using defaults
[0.155s] Level 1:colcon.colcon_core.package_discovery:discover_packages(prefix_path) check parameters
[0.155s] Level 1:colcon.colcon_core.package_discovery:discover_packages(prefix_path) discover
[0.155s] WARNING:colcon.colcon_ros.prefix_path.ament:The path '/home/yut/git/rs1-2025s-ytu77/yuto_branch/install/yuto' in the environment variable AMENT_PREFIX_PATH doesn't exist
[0.155s] WARNING:colcon.colcon_ros.prefix_path.ament:The path '/home/yut/git/rs1-2025s-ytu77/yuto_branch/install/forestguard_ui' in the environment variable AMENT_PREFIX_PATH doesn't exist
[0.155s] WARNING:colcon.colcon_ros.prefix_path.ament:The path '/home/yut/git/rs1-2025s-ytu77/yuto_branch/install/forestguard_localisation' in the environment variable AMENT_PREFIX_PATH doesn't exist
[0.156s] WARNING:colcon.colcon_ros.prefix_path.ament:The path '/home/yut/git/rs1-2025s-ytu77/yuto_branch/install/forestguard_controller' in the environment variable AMENT_PREFIX_PATH doesn't exist
[0.156s] WARNING:colcon.colcon_ros.prefix_path.ament:The path '/home/yut/git/rs1-2025s-ytu77/yuto_branch/install/forestguard_colour' in the environment variable AMENT_PREFIX_PATH doesn't exist
[0.156s] WARNING:colcon.colcon_ros.prefix_path.catkin:The path '/home/yut/git/rs1-2025s-ytu77/yuto_branch/install/yuto' in the environment variable CMAKE_PREFIX_PATH doesn't exist
[0.156s] WARNING:colcon.colcon_ros.prefix_path.catkin:The path '/home/yut/git/rs1-2025s-ytu77/yuto_branch/install/forestguard_localisation' in the environment variable CMAKE_PREFIX_PATH doesn't exist
[0.156s] WARNING:colcon.colcon_ros.prefix_path.catkin:The path '/home/yut/git/rs1-2025s-ytu77/yuto_branch/install/forestguard_controller' in the environment variable CMAKE_PREFIX_PATH doesn't exist
[0.156s] DEBUG:colcon.colcon_installed_package_information.package_discovery:Found 0 installed packages in /home/yut/git/rs1-2025s-ytu77/yuto_branch/install
[0.157s] DEBUG:colcon.colcon_installed_package_information.package_discovery:Found 1 installed packages in /home/yut/ros2_ws/install
[0.158s] DEBUG:colcon.colcon_installed_package_information.package_discovery:Found 376 installed packages in /opt/ros/humble
[0.159s] Level 1:colcon.colcon_core.package_discovery:discover_packages(prefix_path) using defaults
[0.195s] Level 5:colcon.colcon_core.verb:set package 'forestguard_colour' build argument 'cmake_args' from command line to 'None'
[0.195s] Level 5:colcon.colcon_core.verb:set package 'forestguard_colour' build argument 'cmake_target' from command line to 'None'
[0.195s] Level 5:colcon.colcon_core.verb:set package 'forestguard_colour' build argument 'cmake_target_skip_unavailable' from command line to 'False'
[0.195s] Level 5:colcon.colcon_core.verb:set package 'forestguard_colour' build argument 'cmake_clean_cache' from command line to 'False'
[0.195s] Level 5:colcon.colcon_core.verb:set package 'forestguard_colour' build argument 'cmake_clean_first' from command line to 'False'
[0.195s] Level 5:colcon.colcon_core.verb:set package 'forestguard_colour' build argument 'cmake_force_configure' from command line to 'False'
[0.195s] Level 5:colcon.colcon_core.verb:set package 'forestguard_colour' build argument 'ament_cmake_args' from command line to 'None'
[0.195s] Level 5:colcon.colcon_core.verb:set package 'forestguard_colour' build argument 'catkin_cmake_args' from command line to 'None'
[0.195s] Level 5:colcon.colcon_core.verb:set package 'forestguard_colour' build argument 'catkin_skip_building_tests' from command line to 'False'
[0.195s] DEBUG:colcon.colcon_core.verb:Building package 'forestguard_colour' with the following arguments: {'ament_cmake_args': None, 'build_base': '/home/yut/git/rs1-2025s-ytu77/yuto_branch/build/forestguard_colour', 'catkin_cmake_args': None, 'catkin_skip_building_tests': False, 'cmake_args': None, 'cmake_clean_cache': False, 'cmake_clean_first': False, 'cmake_force_configure': False, 'cmake_target': None, 'cmake_target_skip_unavailable': False, 'install_base': '/home/yut/git/rs1-2025s-ytu77/yuto_branch/install/forestguard_colour', 'merge_install': False, 'path': '/home/yut/git/rs1-2025s-ytu77/yuto_branch/src/forestguard_colour', 'symlink_install': False, 'test_result_base': None}
[0.195s] Level 5:colcon.colcon_core.verb:set package 'forestguard_controller' build argument 'cmake_args' from command line to 'None'
[0.195s] Level 5:colcon.colcon_core.verb:set package 'forestguard_controller' build argument 'cmake_target' from command line to 'None'
[0.195s] Level 5:colcon.colcon_core.verb:set package 'forestguard_controller' build argument 'cmake_target_skip_unavailable' from command line to 'False'
[0.195s] Level 5:colcon.colcon_core.verb:set package 'forestguard_controller' build argument 'cmake_clean_cache' from command line to 'False'
[0.195s] Level 5:colcon.colcon_core.verb:set package 'forestguard_controller' build argument 'cmake_clean_first' from command line to 'False'
[0.195s] Level 5:colcon.colcon_core.verb:set package 'forestguard_controller' build argument 'cmake_force_configure' from command line to 'False'
[0.195s] Level 5:colcon.colcon_core.verb:set package 'forestguard_controller' build argument 'ament_cmake_args' from command line to 'None'
[0.195s] Level 5:colcon.colcon_core.verb:set package 'forestguard_controller' build argument 'catkin_cmake_args' from command line to 'None'
[0.195s] Level 5:colcon.colcon_core.verb:set package 'forestguard_controller' build argument 'catkin_skip_building_tests' from command line to 'False'
[0.195s] DEBUG:colcon.colcon_core.verb:Building package 'forestguard_controller' with the following arguments: {'ament_cmake_args': None, 'build_base': '/home/yut/git/rs1-2025s-ytu77/yuto_branch/build/forestguard_controller', 'catkin_cmake_args': None, 'catkin_skip_building_tests': False, 'cmake_args': None, 'cmake_clean_cache': False, 'cmake_clean_first': False, 'cmake_force_configure': False, 'cmake_target': None, 'cmake_target_skip_unavailable': False, 'install_base': '/home/yut/git/rs1-2025s-ytu77/yuto_branch/install/forestguard_controller', 'merge_install': False, 'path': '/home/yut/git/rs1-2025s-ytu77/yuto_branch/src/forestguard_controller', 'symlink_install': False, 'test_result_base': None}
[0.196s] Level 5:colcon.colcon_core.verb:set package 'forestguard_localisation' build argument 'cmake_args' from command line to 'None'
[0.196s] Level 5:colcon.colcon_core.verb:set package 'forestguard_localisation' build argument 'cmake_target' from command line to 'None'
[0.196s] Level 5:colcon.colcon_core.verb:set package 'forestguard_localisation' build argument 'cmake_target_skip_unavailable' from command line to 'False'
[0.196s] Level 5:colcon.colcon_core.verb:set package 'forestguard_localisation' build argument 'cmake_clean_cache' from command line to 'False'
[0.196s] Level 5:colcon.colcon_core.verb:set package 'forestguard_localisation' build argument 'cmake_clean_first' from command line to 'False'
[0.196s] Level 5:colcon.colcon_core.verb:set package 'forestguard_localisation' build argument 'cmake_force_configure' from command line to 'False'
[0.196s] Level 5:colcon.colcon_core.verb:set package 'forestguard_localisation' build argument 'ament_cmake_args' from command line to 'None'
[0.196s] Level 5:colcon.colcon_core.verb:set package 'forestguard_localisation' build argument 'catkin_cmake_args' from command line to 'None'
[0.196s] Level 5:colcon.colcon_core.verb:set package 'forestguard_localisation' build argument 'catkin_skip_building_tests' from command line to 'False'
[0.196s] DEBUG:colcon.colcon_core.verb:Building package 'forestguard_localisation' with the following arguments: {'ament_cmake_args': None, 'build_base': '/home/yut/git/rs1-2025s-ytu77/yuto_branch/build/forestguard_localisation', 'catkin_cmake_args': None, 'catkin_skip_building_tests': False, 'cmake_args': None, 'cmake_clean_cache': False, 'cmake_clean_first': False, 'cmake_force_configure': False, 'cmake_target': None, 'cmake_target_skip_unavailable': False, 'install_base': '/home/yut/git/rs1-2025s-ytu77/yuto_branch/install/forestguard_localisation', 'merge_install': False, 'path': '/home/yut/git/rs1-2025s-ytu77/yuto_branch/src/forestguard_localisation', 'symlink_install': False, 'test_result_base': None}
[0.196s] Level 5:colcon.colcon_core.verb:set package 'forestguard_ui' build argument 'cmake_args' from command line to 'None'
[0.196s] Level 5:colcon.colcon_core.verb:set package 'forestguard_ui' build argument 'cmake_target' from command line to 'None'
[0.196s] Level 5:colcon.colcon_core.verb:set package 'forestguard_ui' build argument 'cmake_target_skip_unavailable' from command line to 'False'
[0.196s] Level 5:colcon.colcon_core.verb:set package 'forestguard_ui' build argument 'cmake_clean_cache' from command line to 'False'
[0.196s] Level 5:colcon.colcon_core.verb:set package 'forestguard_ui' build argument 'cmake_clean_first' from command line to 'False'
[0.196s] Level 5:colcon.colcon_core.verb:set package 'forestguard_ui' build argument 'cmake_force_configure' from command line to 'False'
[0.196s] Level 5:colcon.colcon_core.verb:set package 'forestguard_ui' build argument 'ament_cmake_args' from command line to 'None'
[0.196s] Level 5:colcon.colcon_core.verb:set package 'forestguard_ui' build argument 'catkin_cmake_args' from command line to 'None'
[0.196s] Level 5:colcon.colcon_core.verb:set package 'forestguard_ui' build argument 'catkin_skip_building_tests' from command line to 'False'
[0.196s] DEBUG:colcon.colcon_core.verb:Building package 'forestguard_ui' with the following arguments: {'ament_cmake_args': None, 'build_base': '/home/yut/git/rs1-2025s-ytu77/yuto_branch/build/forestguard_ui', 'catkin_cmake_args': None, 'catkin_skip_building_tests': False, 'cmake_args': None, 'cmake_clean_cache': False, 'cmake_clean_first': False, 'cmake_force_configure': False, 'cmake_target': None, 'cmake_target_skip_unavailable': False, 'install_base': '/home/yut/git/rs1-2025s-ytu77/yuto_branch/install/forestguard_ui', 'merge_install': False, 'path': '/home/yut/git/rs1-2025s-ytu77/yuto_branch/src/forestguard_ui', 'symlink_install': False, 'test_result_base': None}
[0.197s] Level 5:colcon.colcon_core.verb:set package 'yuto' build argument 'cmake_args' from command line to 'None'
[0.197s] Level 5:colcon.colcon_core.verb:set package 'yuto' build argument 'cmake_target' from command line to 'None'
[0.197s] Level 5:colcon.colcon_core.verb:set package 'yuto' build argument 'cmake_target_skip_unavailable' from command line to 'False'
[0.197s] Level 5:colcon.colcon_core.verb:set package 'yuto' build argument 'cmake_clean_cache' from command line to 'False'
[0.197s] Level 5:colcon.colcon_core.verb:set package 'yuto' build argument 'cmake_clean_first' from command line to 'False'
[0.197s] Level 5:colcon.colcon_core.verb:set package 'yuto' build argument 'cmake_force_configure' from command line to 'False'
[0.197s] Level 5:colcon.colcon_core.verb:set package 'yuto' build argument 'ament_cmake_args' from command line to 'None'
[0.197s] Level 5:colcon.colcon_core.verb:set package 'yuto' build argument 'catkin_cmake_args' from command line to 'None'
[0.197s] Level 5:colcon.colcon_core.verb:set package 'yuto' build argument 'catkin_skip_building_tests' from command line to 'False'
[0.197s] DEBUG:colcon.colcon_core.verb:Building package 'yuto' with the following arguments: {'ament_cmake_args': None, 'build_base': '/home/yut/git/rs1-2025s-ytu77/yuto_branch/build/yuto', 'catkin_cmake_args': None, 'catkin_skip_building_tests': False, 'cmake_args': None, 'cmake_clean_cache': False, 'cmake_clean_first': False, 'cmake_force_configure': False, 'cmake_target': None, 'cmake_target_skip_unavailable': False, 'install_base': '/home/yut/git/rs1-2025s-ytu77/yuto_branch/install/yuto', 'merge_install': False, 'path': '/home/yut/git/rs1-2025s-ytu77/yuto_branch/src/forestguard_sim', 'symlink_install': False, 'test_result_base': None}
[0.197s] INFO:colcon.colcon_core.executor:Executing jobs using 'parallel' executor
[0.198s] DEBUG:colcon.colcon_parallel_executor.executor.parallel:run_until_complete
[0.198s] INFO:colcon.colcon_ros.task.ament_python.build:Building ROS package in '/home/yut/git/rs1-2025s-ytu77/yuto_branch/src/forestguard_colour' with build type 'ament_python'
[0.198s] Level 1:colcon.colcon_core.shell:create_environment_hook('forestguard_colour', 'ament_prefix_path')
[0.200s] INFO:colcon.colcon_core.plugin_system:Skipping extension 'colcon_core.shell.bat': Not used on non-Windows systems
[0.200s] INFO:colcon.colcon_core.shell:Creating environment hook '/home/yut/git/rs1-2025s-ytu77/yuto_branch/install/forestguard_colour/share/forestguard_colour/hook/ament_prefix_path.ps1'
[0.200s] INFO:colcon.colcon_core.shell:Creating environment descriptor '/home/yut/git/rs1-2025s-ytu77/yuto_branch/install/forestguard_colour/share/forestguard_colour/hook/ament_prefix_path.dsv'
[0.201s] INFO:colcon.colcon_core.shell:Creating environment hook '/home/yut/git/rs1-2025s-ytu77/yuto_branch/install/forestguard_colour/share/forestguard_colour/hook/ament_prefix_path.sh'
[0.201s] INFO:colcon.colcon_core.shell:Skip shell extension 'powershell' for command environment: Not usable outside of PowerShell
[0.201s] DEBUG:colcon.colcon_core.shell:Skip shell extension 'dsv' for command environment
[0.204s] INFO:colcon.colcon_ros.task.ament_cmake.build:Building ROS package in '/home/yut/git/rs1-2025s-ytu77/yuto_branch/src/forestguard_controller' with build type 'ament_cmake'
[0.204s] INFO:colcon.colcon_cmake.task.cmake.build:Building CMake package in '/home/yut/git/rs1-2025s-ytu77/yuto_branch/src/forestguard_controller'
[0.204s] INFO:colcon.colcon_core.shell:Skip shell extension 'powershell' for command environment: Not usable outside of PowerShell
[0.204s] DEBUG:colcon.colcon_core.shell:Skip shell extension 'dsv' for command environment
[0.207s] INFO:colcon.colcon_ros.task.ament_cmake.build:Building ROS package in '/home/yut/git/rs1-2025s-ytu77/yuto_branch/src/forestguard_localisation' with build type 'ament_cmake'
[0.207s] INFO:colcon.colcon_cmake.task.cmake.build:Building CMake package in '/home/yut/git/rs1-2025s-ytu77/yuto_branch/src/forestguard_localisation'
[0.207s] INFO:colcon.colcon_core.shell:Skip shell extension 'powershell' for command environment: Not usable outside of PowerShell
[0.208s] DEBUG:colcon.colcon_core.shell:Skip shell extension 'dsv' for command environment
[0.210s] INFO:colcon.colcon_ros.task.ament_python.build:Building ROS package in '/home/yut/git/rs1-2025s-ytu77/yuto_branch/src/forestguard_ui' with build type 'ament_python'
[0.210s] Level 1:colcon.colcon_core.shell:create_environment_hook('forestguard_ui', 'ament_prefix_path')
[0.210s] INFO:colcon.colcon_core.shell:Creating environment hook '/home/yut/git/rs1-2025s-ytu77/yuto_branch/install/forestguard_ui/share/forestguard_ui/hook/ament_prefix_path.ps1'
[0.211s] INFO:colcon.colcon_core.shell:Creating environment descriptor '/home/yut/git/rs1-2025s-ytu77/yuto_branch/install/forestguard_ui/share/forestguard_ui/hook/ament_prefix_path.dsv'
[0.211s] INFO:colcon.colcon_core.shell:Creating environment hook '/home/yut/git/rs1-2025s-ytu77/yuto_branch/install/forestguard_ui/share/forestguard_ui/hook/ament_prefix_path.sh'
[0.211s] INFO:colcon.colcon_core.shell:Skip shell extension 'powershell' for command environment: Not usable outside of PowerShell
[0.211s] DEBUG:colcon.colcon_core.shell:Skip shell extension 'dsv' for command environment
[0.214s] INFO:colcon.colcon_ros.task.ament_cmake.build:Building ROS package in '/home/yut/git/rs1-2025s-ytu77/yuto_branch/src/forestguard_sim' with build type 'ament_cmake'
[0.214s] INFO:colcon.colcon_cmake.task.cmake.build:Building CMake package in '/home/yut/git/rs1-2025s-ytu77/yuto_branch/src/forestguard_sim'
[0.215s] INFO:colcon.colcon_core.shell:Skip shell extension 'powershell' for command environment: Not usable outside of PowerShell
[0.215s] DEBUG:colcon.colcon_core.shell:Skip shell extension 'dsv' for command environment
[0.394s] INFO:colcon.colcon_core.task.python.build:Building Python package in '/home/yut/git/rs1-2025s-ytu77/yuto_branch/src/forestguard_colour'
[0.394s] INFO:colcon.colcon_core.shell:Skip shell extension 'powershell' for command environment: Not usable outside of PowerShell
[0.394s] DEBUG:colcon.colcon_core.shell:Skip shell extension 'dsv' for command environment
[0.401s] DEBUG:colcon.colcon_core.event_handler.log_command:Invoking command in '/home/yut/git/rs1-2025s-ytu77/yuto_branch/build/forestguard_controller': CMAKE_PREFIX_PATH=${CMAKE_PREFIX_PATH}:/home/yut/git/rs1-2025s-ytu77/yuto_branch/install/forestguard_ui:/home/yut/git/rs1-2025s-ytu77/yuto_branch/install/forestguard_colour:/opt/ros/humble /usr/bin/cmake /home/yut/git/rs1-2025s-ytu77/yuto_branch/src/forestguard_controller -DCMAKE_INSTALL_PREFIX=/home/yut/git/rs1-2025s-ytu77/yuto_branch/install/forestguard_controller
[0.404s] DEBUG:colcon.colcon_core.event_handler.log_command:Invoking command in '/home/yut/git/rs1-2025s-ytu77/yuto_branch/build/forestguard_localisation': CMAKE_PREFIX_PATH=${CMAKE_PREFIX_PATH}:/home/yut/git/rs1-2025s-ytu77/yuto_branch/install/forestguard_ui:/home/yut/git/rs1-2025s-ytu77/yuto_branch/install/forestguard_colour:/opt/ros/humble /usr/bin/cmake /home/yut/git/rs1-2025s-ytu77/yuto_branch/src/forestguard_localisation -DCMAKE_INSTALL_PREFIX=/home/yut/git/rs1-2025s-ytu77/yuto_branch/install/forestguard_localisation
[0.659s] INFO:colcon.colcon_core.task.python.build:Building Python package in '/home/yut/git/rs1-2025s-ytu77/yuto_branch/src/forestguard_ui'
[0.659s] INFO:colcon.colcon_core.shell:Skip shell extension 'powershell' for command environment: Not usable outside of PowerShell
[0.659s] DEBUG:colcon.colcon_core.shell:Skip shell extension 'dsv' for command environment
[0.689s] DEBUG:colcon.colcon_core.event_handler.log_command:Invoking command in '/home/yut/git/rs1-2025s-ytu77/yuto_branch/build/yuto': CMAKE_PREFIX_PATH=${CMAKE_PREFIX_PATH}:/home/yut/git/rs1-2025s-ytu77/yuto_branch/install/forestguard_ui:/home/yut/git/rs1-2025s-ytu77/yuto_branch/install/forestguard_colour:/opt/ros/humble /usr/bin/cmake /home/yut/git/rs1-2025s-ytu77/yuto_branch/src/forestguard_sim -DCMAKE_INSTALL_PREFIX=/home/yut/git/rs1-2025s-ytu77/yuto_branch/install/yuto
[1.232s] DEBUG:colcon.colcon_core.event_handler.log_command:Invoking command in '/home/yut/git/rs1-2025s-ytu77/yuto_branch/src/forestguard_ui': PYTHONPATH=/home/yut/git/rs1-2025s-ytu77/yuto_branch/build/forestguard_ui/prefix_override:/usr/lib/python3/dist-packages/colcon_core/task/python/colcon_distutils_commands:/home/yut/git/rs1-2025s-ytu77/yuto_branch/install/forestguard_ui/lib/python3.10/site-packages:${PYTHONPATH} /usr/bin/python3 -W ignore:setup.py install is deprecated -W ignore:easy_install command is deprecated setup.py egg_info --egg-base ../../build/forestguard_ui build --build-base /home/yut/git/rs1-2025s-ytu77/yuto_branch/build/forestguard_ui/build install --record /home/yut/git/rs1-2025s-ytu77/yuto_branch/build/forestguard_ui/install.log --single-version-externally-managed install_data
[1.241s] DEBUG:colcon.colcon_core.event_handler.log_command:Invoking command in '/home/yut/git/rs1-2025s-ytu77/yuto_branch/src/forestguard_colour': PYTHONPATH=/home/yut/git/rs1-2025s-ytu77/yuto_branch/build/forestguard_colour/prefix_override:/usr/lib/python3/dist-packages/colcon_core/task/python/colcon_distutils_commands:/home/yut/git/rs1-2025s-ytu77/yuto_branch/install/forestguard_colour/lib/python3.10/site-packages:${PYTHONPATH} /usr/bin/python3 -W ignore:setup.py install is deprecated -W ignore:easy_install command is deprecated setup.py egg_info --egg-base ../../build/forestguard_colour build --build-base /home/yut/git/rs1-2025s-ytu77/yuto_branch/build/forestguard_colour/build install --record /home/yut/git/rs1-2025s-ytu77/yuto_branch/build/forestguard_colour/install.log --single-version-externally-managed install_data
[1.691s] DEBUG:colcon.colcon_core.event_handler.log_command:Invoked command in '/home/yut/git/rs1-2025s-ytu77/yuto_branch/src/forestguard_ui' returned '0': PYTHONPATH=/home/yut/git/rs1-2025s-ytu77/yuto_branch/build/forestguard_ui/prefix_override:/usr/lib/python3/dist-packages/colcon_core/task/python/colcon_distutils_commands:/home/yut/git/rs1-2025s-ytu77/yuto_branch/install/forestguard_ui/lib/python3.10/site-packages:${PYTHONPATH} /usr/bin/python3 -W ignore:setup.py install is deprecated -W ignore:easy_install command is deprecated setup.py egg_info --egg-base ../../build/forestguard_ui build --build-base /home/yut/git/rs1-2025s-ytu77/yuto_branch/build/forestguard_ui/build install --record /home/yut/git/rs1-2025s-ytu77/yuto_branch/build/forestguard_ui/install.log --single-version-externally-managed install_data
[1.693s] Level 1:colcon.colcon_core.environment:checking '/home/yut/git/rs1-2025s-ytu77/yuto_branch/install/forestguard_ui' for CMake module files
[1.694s] Level 1:colcon.colcon_core.environment:checking '/home/yut/git/rs1-2025s-ytu77/yuto_branch/install/forestguard_ui' for CMake config files
[1.695s] Level 1:colcon.colcon_core.environment:checking '/home/yut/git/rs1-2025s-ytu77/yuto_branch/install/forestguard_ui/lib'
[1.695s] Level 1:colcon.colcon_core.environment:checking '/home/yut/git/rs1-2025s-ytu77/yuto_branch/install/forestguard_ui/bin'
[1.695s] Level 1:colcon.colcon_core.environment:checking '/home/yut/git/rs1-2025s-ytu77/yuto_branch/install/forestguard_ui/lib/pkgconfig/forestguard_ui.pc'
[1.695s] Level 1:colcon.colcon_core.environment:checking '/home/yut/git/rs1-2025s-ytu77/yuto_branch/install/forestguard_ui/lib/python3.10/site-packages'
[1.695s] Level 1:colcon.colcon_core.shell:create_environment_hook('forestguard_ui', 'pythonpath')
[1.695s] INFO:colcon.colcon_core.shell:Creating environment hook '/home/yut/git/rs1-2025s-ytu77/yuto_branch/install/forestguard_ui/share/forestguard_ui/hook/pythonpath.ps1'
[1.696s] INFO:colcon.colcon_core.shell:Creating environment descriptor '/home/yut/git/rs1-2025s-ytu77/yuto_branch/install/forestguard_ui/share/forestguard_ui/hook/pythonpath.dsv'
[1.696s] INFO:colcon.colcon_core.shell:Creating environment hook '/home/yut/git/rs1-2025s-ytu77/yuto_branch/install/forestguard_ui/share/forestguard_ui/hook/pythonpath.sh'
[1.697s] Level 1:colcon.colcon_core.environment:checking '/home/yut/git/rs1-2025s-ytu77/yuto_branch/install/forestguard_ui/bin'
[1.697s] Level 1:colcon.colcon_core.environment:create_environment_scripts_only(forestguard_ui)
[1.697s] INFO:colcon.colcon_core.shell:Creating package script '/home/yut/git/rs1-2025s-ytu77/yuto_branch/install/forestguard_ui/share/forestguard_ui/package.ps1'
[1.698s] INFO:colcon.colcon_core.shell:Creating package descriptor '/home/yut/git/rs1-2025s-ytu77/yuto_branch/install/forestguard_ui/share/forestguard_ui/package.dsv'
[1.698s] INFO:colcon.colcon_core.shell:Creating package script '/home/yut/git/rs1-2025s-ytu77/yuto_branch/install/forestguard_ui/share/forestguard_ui/package.sh'
[1.699s] INFO:colcon.colcon_core.shell:Creating package script '/home/yut/git/rs1-2025s-ytu77/yuto_branch/install/forestguard_ui/share/forestguard_ui/package.bash'
[1.699s] INFO:colcon.colcon_core.shell:Creating package script '/home/yut/git/rs1-2025s-ytu77/yuto_branch/install/forestguard_ui/share/forestguard_ui/package.zsh'
[1.700s] Level 1:colcon.colcon_core.environment:create_file_with_runtime_dependencies(/home/yut/git/rs1-2025s-ytu77/yuto_branch/install/forestguard_ui/share/colcon-core/packages/forestguard_ui)
[1.701s] Level 1:colcon.colcon_core.environment:checking '/home/yut/git/rs1-2025s-ytu77/yuto_branch/install/forestguard_colour' for CMake module files
[1.702s] DEBUG:colcon.colcon_core.event_handler.log_command:Invoked command in '/home/yut/git/rs1-2025s-ytu77/yuto_branch/src/forestguard_colour' returned '0': PYTHONPATH=/home/yut/git/rs1-2025s-ytu77/yuto_branch/build/forestguard_colour/prefix_override:/usr/lib/python3/dist-packages/colcon_core/task/python/colcon_distutils_commands:/home/yut/git/rs1-2025s-ytu77/yuto_branch/install/forestguard_colour/lib/python3.10/site-packages:${PYTHONPATH} /usr/bin/python3 -W ignore:setup.py install is deprecated -W ignore:easy_install command is deprecated setup.py egg_info --egg-base ../../build/forestguard_colour build --build-base /home/yut/git/rs1-2025s-ytu77/yuto_branch/build/forestguard_colour/build install --record /home/yut/git/rs1-2025s-ytu77/yuto_branch/build/forestguard_colour/install.log --single-version-externally-managed install_data
[1.702s] Level 1:colcon.colcon_core.environment:checking '/home/yut/git/rs1-2025s-ytu77/yuto_branch/install/forestguard_colour' for CMake config files
[1.703s] Level 1:colcon.colcon_core.environment:checking '/home/yut/git/rs1-2025s-ytu77/yuto_branch/install/forestguard_colour/lib'
[1.703s] Level 1:colcon.colcon_core.environment:checking '/home/yut/git/rs1-2025s-ytu77/yuto_branch/install/forestguard_colour/bin'
[1.703s] Level 1:colcon.colcon_core.environment:checking '/home/yut/git/rs1-2025s-ytu77/yuto_branch/install/forestguard_colour/lib/pkgconfig/forestguard_colour.pc'
[1.703s] Level 1:colcon.colcon_core.environment:checking '/home/yut/git/rs1-2025s-ytu77/yuto_branch/install/forestguard_colour/lib/python3.10/site-packages'
[1.703s] Level 1:colcon.colcon_core.shell:create_environment_hook('forestguard_colour', 'pythonpath')
[1.703s] INFO:colcon.colcon_core.shell:Creating environment hook '/home/yut/git/rs1-2025s-ytu77/yuto_branch/install/forestguard_colour/share/forestguard_colour/hook/pythonpath.ps1'
[1.704s] INFO:colcon.colcon_core.shell:Creating environment descriptor '/home/yut/git/rs1-2025s-ytu77/yuto_branch/install/forestguard_colour/share/forestguard_colour/hook/pythonpath.dsv'
[1.704s] INFO:colcon.colcon_core.shell:Creating environment hook '/home/yut/git/rs1-2025s-ytu77/yuto_branch/install/forestguard_colour/share/forestguard_colour/hook/pythonpath.sh'
[1.704s] Level 1:colcon.colcon_core.environment:checking '/home/yut/git/rs1-2025s-ytu77/yuto_branch/install/forestguard_colour/bin'
[1.704s] Level 1:colcon.colcon_core.environment:create_environment_scripts_only(forestguard_colour)
[1.705s] INFO:colcon.colcon_core.shell:Creating package script '/home/yut/git/rs1-2025s-ytu77/yuto_branch/install/forestguard_colour/share/forestguard_colour/package.ps1'
[1.705s] INFO:colcon.colcon_core.shell:Creating package descriptor '/home/yut/git/rs1-2025s-ytu77/yuto_branch/install/forestguard_colour/share/forestguard_colour/package.dsv'
[1.705s] INFO:colcon.colcon_core.shell:Creating package script '/home/yut/git/rs1-2025s-ytu77/yuto_branch/install/forestguard_colour/share/forestguard_colour/package.sh'
[1.706s] INFO:colcon.colcon_core.shell:Creating package script '/home/yut/git/rs1-2025s-ytu77/yuto_branch/install/forestguard_colour/share/forestguard_colour/package.bash'
[1.706s] INFO:colcon.colcon_core.shell:Creating package script '/home/yut/git/rs1-2025s-ytu77/yuto_branch/install/forestguard_colour/share/forestguard_colour/package.zsh'
[1.706s] Level 1:colcon.colcon_core.environment:create_file_with_runtime_dependencies(/home/yut/git/rs1-2025s-ytu77/yuto_branch/install/forestguard_colour/share/colcon-core/packages/forestguard_colour)
[1.821s] DEBUG:colcon.colcon_core.event_handler.log_command:Invoked command in '/home/yut/git/rs1-2025s-ytu77/yuto_branch/build/yuto' returned '0': CMAKE_PREFIX_PATH=${CMAKE_PREFIX_PATH}:/home/yut/git/rs1-2025s-ytu77/yuto_branch/install/forestguard_ui:/home/yut/git/rs1-2025s-ytu77/yuto_branch/install/forestguard_colour:/opt/ros/humble /usr/bin/cmake /home/yut/git/rs1-2025s-ytu77/yuto_branch/src/forestguard_sim -DCMAKE_INSTALL_PREFIX=/home/yut/git/rs1-2025s-ytu77/yuto_branch/install/yuto
[1.823s] DEBUG:colcon.colcon_core.event_handler.log_command:Invoking command in '/home/yut/git/rs1-2025s-ytu77/yuto_branch/build/yuto': CMAKE_PREFIX_PATH=${CMAKE_PREFIX_PATH}:/home/yut/git/rs1-2025s-ytu77/yuto_branch/install/forestguard_ui:/home/yut/git/rs1-2025s-ytu77/yuto_branch/install/forestguard_colour:/opt/ros/humble /usr/bin/cmake --build /home/yut/git/rs1-2025s-ytu77/yuto_branch/build/yuto -- -j12 -l12
[1.861s] DEBUG:colcon.colcon_core.event_handler.log_command:Invoked command in '/home/yut/git/rs1-2025s-ytu77/yuto_branch/build/yuto' returned '0': CMAKE_PREFIX_PATH=${CMAKE_PREFIX_PATH}:/home/yut/git/rs1-2025s-ytu77/yuto_branch/install/forestguard_ui:/home/yut/git/rs1-2025s-ytu77/yuto_branch/install/forestguard_colour:/opt/ros/humble /usr/bin/cmake --build /home/yut/git/rs1-2025s-ytu77/yuto_branch/build/yuto -- -j12 -l12
[1.875s] DEBUG:colcon.colcon_core.event_handler.log_command:Invoking command in '/home/yut/git/rs1-2025s-ytu77/yuto_branch/build/yuto': CMAKE_PREFIX_PATH=${CMAKE_PREFIX_PATH}:/home/yut/git/rs1-2025s-ytu77/yuto_branch/install/forestguard_ui:/home/yut/git/rs1-2025s-ytu77/yuto_branch/install/forestguard_colour:/opt/ros/humble /usr/bin/cmake --install /home/yut/git/rs1-2025s-ytu77/yuto_branch/build/yuto
[1.939s] Level 1:colcon.colcon_core.environment:create_environment_scripts_only(yuto)
[1.939s] Level 1:colcon.colcon_core.environment:checking '/home/yut/git/rs1-2025s-ytu77/yuto_branch/install/yuto' for CMake module files
[1.940s] DEBUG:colcon.colcon_core.event_handler.log_command:Invoked command in '/home/yut/git/rs1-2025s-ytu77/yuto_branch/build/yuto' returned '0': CMAKE_PREFIX_PATH=${CMAKE_PREFIX_PATH}:/home/yut/git/rs1-2025s-ytu77/yuto_branch/install/forestguard_ui:/home/yut/git/rs1-2025s-ytu77/yuto_branch/install/forestguard_colour:/opt/ros/humble /usr/bin/cmake --install /home/yut/git/rs1-2025s-ytu77/yuto_branch/build/yuto
[1.940s] Level 1:colcon.colcon_core.environment:checking '/home/yut/git/rs1-2025s-ytu77/yuto_branch/install/yuto' for CMake config files
[1.940s] Level 1:colcon.colcon_core.shell:create_environment_hook('yuto', 'cmake_prefix_path')
[1.941s] INFO:colcon.colcon_core.shell:Creating environment hook '/home/yut/git/rs1-2025s-ytu77/yuto_branch/install/yuto/share/yuto/hook/cmake_prefix_path.ps1'
[1.941s] INFO:colcon.colcon_core.shell:Creating environment descriptor '/home/yut/git/rs1-2025s-ytu77/yuto_branch/install/yuto/share/yuto/hook/cmake_prefix_path.dsv'
[1.941s] INFO:colcon.colcon_core.shell:Creating environment hook '/home/yut/git/rs1-2025s-ytu77/yuto_branch/install/yuto/share/yuto/hook/cmake_prefix_path.sh'
[1.942s] Level 1:colcon.colcon_core.environment:checking '/home/yut/git/rs1-2025s-ytu77/yuto_branch/install/yuto/bin'
[1.942s] Level 1:colcon.colcon_core.environment:checking '/home/yut/git/rs1-2025s-ytu77/yuto_branch/install/yuto/lib/pkgconfig/yuto.pc'
[1.942s] Level 1:colcon.colcon_core.environment:checking '/home/yut/git/rs1-2025s-ytu77/yuto_branch/install/yuto/lib/python3.10/site-packages'
[1.942s] Level 1:colcon.colcon_core.environment:checking '/home/yut/git/rs1-2025s-ytu77/yuto_branch/install/yuto/bin'
[1.942s] INFO:colcon.colcon_core.shell:Creating package script '/home/yut/git/rs1-2025s-ytu77/yuto_branch/install/yuto/share/yuto/package.ps1'
[1.943s] INFO:colcon.colcon_core.shell:Creating package descriptor '/home/yut/git/rs1-2025s-ytu77/yuto_branch/install/yuto/share/yuto/package.dsv'
[1.943s] INFO:colcon.colcon_core.shell:Creating package script '/home/yut/git/rs1-2025s-ytu77/yuto_branch/install/yuto/share/yuto/package.sh'
[1.943s] INFO:colcon.colcon_core.shell:Creating package script '/home/yut/git/rs1-2025s-ytu77/yuto_branch/install/yuto/share/yuto/package.bash'
[1.944s] INFO:colcon.colcon_core.shell:Creating package script '/home/yut/git/rs1-2025s-ytu77/yuto_branch/install/yuto/share/yuto/package.zsh'
[1.944s] Level 1:colcon.colcon_core.environment:create_file_with_runtime_dependencies(/home/yut/git/rs1-2025s-ytu77/yuto_branch/install/yuto/share/colcon-core/packages/yuto)
[1.944s] Level 1:colcon.colcon_core.environment:create_environment_scripts_only(yuto)
[1.944s] Level 1:colcon.colcon_core.environment:checking '/home/yut/git/rs1-2025s-ytu77/yuto_branch/install/yuto' for CMake module files
[1.945s] Level 1:colcon.colcon_core.environment:checking '/home/yut/git/rs1-2025s-ytu77/yuto_branch/install/yuto' for CMake config files
[1.945s] Level 1:colcon.colcon_core.shell:create_environment_hook('yuto', 'cmake_prefix_path')
[1.945s] INFO:colcon.colcon_core.shell:Creating environment hook '/home/yut/git/rs1-2025s-ytu77/yuto_branch/install/yuto/share/yuto/hook/cmake_prefix_path.ps1'
[1.945s] INFO:colcon.colcon_core.shell:Creating environment descriptor '/home/yut/git/rs1-2025s-ytu77/yuto_branch/install/yuto/share/yuto/hook/cmake_prefix_path.dsv'
[1.946s] INFO:colcon.colcon_core.shell:Creating environment hook '/home/yut/git/rs1-2025s-ytu77/yuto_branch/install/yuto/share/yuto/hook/cmake_prefix_path.sh'
[1.946s] Level 1:colcon.colcon_core.environment:checking '/home/yut/git/rs1-2025s-ytu77/yuto_branch/install/yuto/bin'
[1.946s] Level 1:colcon.colcon_core.environment:checking '/home/yut/git/rs1-2025s-ytu77/yuto_branch/install/yuto/lib/pkgconfig/yuto.pc'
[1.946s] Level 1:colcon.colcon_core.environment:checking '/home/yut/git/rs1-2025s-ytu77/yuto_branch/install/yuto/lib/python3.10/site-packages'
[1.947s] Level 1:colcon.colcon_core.environment:checking '/home/yut/git/rs1-2025s-ytu77/yuto_branch/install/yuto/bin'
[1.947s] INFO:colcon.colcon_core.shell:Creating package script '/home/yut/git/rs1-2025s-ytu77/yuto_branch/install/yuto/share/yuto/package.ps1'
[1.947s] INFO:colcon.colcon_core.shell:Creating package descriptor '/home/yut/git/rs1-2025s-ytu77/yuto_branch/install/yuto/share/yuto/package.dsv'
[1.948s] INFO:colcon.colcon_core.shell:Creating package script '/home/yut/git/rs1-2025s-ytu77/yuto_branch/install/yuto/share/yuto/package.sh'
[1.948s] INFO:colcon.colcon_core.shell:Creating package script '/home/yut/git/rs1-2025s-ytu77/yuto_branch/install/yuto/share/yuto/package.bash'
[1.948s] INFO:colcon.colcon_core.shell:Creating package script '/home/yut/git/rs1-2025s-ytu77/yuto_branch/install/yuto/share/yuto/package.zsh'
[1.949s] Level 1:colcon.colcon_core.environment:create_file_with_runtime_dependencies(/home/yut/git/rs1-2025s-ytu77/yuto_branch/install/yuto/share/colcon-core/packages/yuto)
[2.063s] DEBUG:colcon.colcon_core.event_handler.log_command:Invoked command in '/home/yut/git/rs1-2025s-ytu77/yuto_branch/build/forestguard_localisation' returned '0': CMAKE_PREFIX_PATH=${CMAKE_PREFIX_PATH}:/home/yut/git/rs1-2025s-ytu77/yuto_branch/install/forestguard_ui:/home/yut/git/rs1-2025s-ytu77/yuto_branch/install/forestguard_colour:/opt/ros/humble /usr/bin/cmake /home/yut/git/rs1-2025s-ytu77/yuto_branch/src/forestguard_localisation -DCMAKE_INSTALL_PREFIX=/home/yut/git/rs1-2025s-ytu77/yuto_branch/install/forestguard_localisation
[2.065s] DEBUG:colcon.colcon_core.event_handler.log_command:Invoking command in '/home/yut/git/rs1-2025s-ytu77/yuto_branch/build/forestguard_localisation': CMAKE_PREFIX_PATH=${CMAKE_PREFIX_PATH}:/home/yut/git/rs1-2025s-ytu77/yuto_branch/install/forestguard_ui:/home/yut/git/rs1-2025s-ytu77/yuto_branch/install/forestguard_colour:/opt/ros/humble /usr/bin/cmake --build /home/yut/git/rs1-2025s-ytu77/yuto_branch/build/forestguard_localisation -- -j12 -l12
[2.136s] DEBUG:colcon.colcon_core.event_handler.log_command:Invoked command in '/home/yut/git/rs1-2025s-ytu77/yuto_branch/build/forestguard_controller' returned '0': CMAKE_PREFIX_PATH=${CMAKE_PREFIX_PATH}:/home/yut/git/rs1-2025s-ytu77/yuto_branch/install/forestguard_ui:/home/yut/git/rs1-2025s-ytu77/yuto_branch/install/forestguard_colour:/opt/ros/humble /usr/bin/cmake /home/yut/git/rs1-2025s-ytu77/yuto_branch/src/forestguard_controller -DCMAKE_INSTALL_PREFIX=/home/yut/git/rs1-2025s-ytu77/yuto_branch/install/forestguard_controller
[2.137s] DEBUG:colcon.colcon_core.event_handler.log_command:Invoking command in '/home/yut/git/rs1-2025s-ytu77/yuto_branch/build/forestguard_controller': CMAKE_PREFIX_PATH=${CMAKE_PREFIX_PATH}:/home/yut/git/rs1-2025s-ytu77/yuto_branch/install/forestguard_ui:/home/yut/git/rs1-2025s-ytu77/yuto_branch/install/forestguard_colour:/opt/ros/humble /usr/bin/cmake --build /home/yut/git/rs1-2025s-ytu77/yuto_branch/build/forestguard_controller -- -j12 -l12
[9.491s] DEBUG:colcon.colcon_core.event_handler.log_command:Invoked command in '/home/yut/git/rs1-2025s-ytu77/yuto_branch/build/forestguard_localisation' returned '0': CMAKE_PREFIX_PATH=${CMAKE_PREFIX_PATH}:/home/yut/git/rs1-2025s-ytu77/yuto_branch/install/forestguard_ui:/home/yut/git/rs1-2025s-ytu77/yuto_branch/install/forestguard_colour:/opt/ros/humble /usr/bin/cmake --build /home/yut/git/rs1-2025s-ytu77/yuto_branch/build/forestguard_localisation -- -j12 -l12
[9.493s] DEBUG:colcon.colcon_core.event_handler.log_command:Invoking command in '/home/yut/git/rs1-2025s-ytu77/yuto_branch/build/forestguard_localisation': CMAKE_PREFIX_PATH=${CMAKE_PREFIX_PATH}:/home/yut/git/rs1-2025s-ytu77/yuto_branch/install/forestguard_ui:/home/yut/git/rs1-2025s-ytu77/yuto_branch/install/forestguard_colour:/opt/ros/humble /usr/bin/cmake --install /home/yut/git/rs1-2025s-ytu77/yuto_branch/build/forestguard_localisation
[9.507s] Level 1:colcon.colcon_core.environment:create_environment_scripts_only(forestguard_localisation)
[9.507s] Level 1:colcon.colcon_core.environment:checking '/home/yut/git/rs1-2025s-ytu77/yuto_branch/install/forestguard_localisation' for CMake module files
[9.507s] DEBUG:colcon.colcon_core.event_handler.log_command:Invoked command in '/home/yut/git/rs1-2025s-ytu77/yuto_branch/build/forestguard_localisation' returned '0': CMAKE_PREFIX_PATH=${CMAKE_PREFIX_PATH}:/home/yut/git/rs1-2025s-ytu77/yuto_branch/install/forestguard_ui:/home/yut/git/rs1-2025s-ytu77/yuto_branch/install/forestguard_colour:/opt/ros/humble /usr/bin/cmake --install /home/yut/git/rs1-2025s-ytu77/yuto_branch/build/forestguard_localisation
[9.508s] Level 1:colcon.colcon_core.environment:checking '/home/yut/git/rs1-2025s-ytu77/yuto_branch/install/forestguard_localisation' for CMake config files
[9.508s] Level 1:colcon.colcon_core.shell:create_environment_hook('forestguard_localisation', 'cmake_prefix_path')
[9.508s] INFO:colcon.colcon_core.shell:Creating environment hook '/home/yut/git/rs1-2025s-ytu77/yuto_branch/install/forestguard_localisation/share/forestguard_localisation/hook/cmake_prefix_path.ps1'
[9.509s] INFO:colcon.colcon_core.shell:Creating environment descriptor '/home/yut/git/rs1-2025s-ytu77/yuto_branch/install/forestguard_localisation/share/forestguard_localisation/hook/cmake_prefix_path.dsv'
[9.509s] INFO:colcon.colcon_core.shell:Creating environment hook '/home/yut/git/rs1-2025s-ytu77/yuto_branch/install/forestguard_localisation/share/forestguard_localisation/hook/cmake_prefix_path.sh'
[9.509s] Level 1:colcon.colcon_core.environment:checking '/home/yut/git/rs1-2025s-ytu77/yuto_branch/install/forestguard_localisation/lib'
[9.509s] Level 1:colcon.colcon_core.environment:checking '/home/yut/git/rs1-2025s-ytu77/yuto_branch/install/forestguard_localisation/bin'
[9.509s] Level 1:colcon.colcon_core.environment:checking '/home/yut/git/rs1-2025s-ytu77/yuto_branch/install/forestguard_localisation/lib/pkgconfig/forestguard_localisation.pc'
[9.510s] Level 1:colcon.colcon_core.environment:checking '/home/yut/git/rs1-2025s-ytu77/yuto_branch/install/forestguard_localisation/lib/python3.10/site-packages'
[9.510s] Level 1:colcon.colcon_core.environment:checking '/home/yut/git/rs1-2025s-ytu77/yuto_branch/install/forestguard_localisation/bin'
[9.510s] INFO:colcon.colcon_core.shell:Creating package script '/home/yut/git/rs1-2025s-ytu77/yuto_branch/install/forestguard_localisation/share/forestguard_localisation/package.ps1'
[9.510s] INFO:colcon.colcon_core.shell:Creating package descriptor '/home/yut/git/rs1-2025s-ytu77/yuto_branch/install/forestguard_localisation/share/forestguard_localisation/package.dsv'
[9.511s] INFO:colcon.colcon_core.shell:Creating package script '/home/yut/git/rs1-2025s-ytu77/yuto_branch/install/forestguard_localisation/share/forestguard_localisation/package.sh'
[9.511s] INFO:colcon.colcon_core.shell:Creating package script '/home/yut/git/rs1-2025s-ytu77/yuto_branch/install/forestguard_localisation/share/forestguard_localisation/package.bash'
[9.511s] INFO:colcon.colcon_core.shell:Creating package script '/home/yut/git/rs1-2025s-ytu77/yuto_branch/install/forestguard_localisation/share/forestguard_localisation/package.zsh'
[9.511s] Level 1:colcon.colcon_core.environment:create_file_with_runtime_dependencies(/home/yut/git/rs1-2025s-ytu77/yuto_branch/install/forestguard_localisation/share/colcon-core/packages/forestguard_localisation)
[9.512s] Level 1:colcon.colcon_core.environment:create_environment_scripts_only(forestguard_localisation)
[9.512s] Level 1:colcon.colcon_core.environment:checking '/home/yut/git/rs1-2025s-ytu77/yuto_branch/install/forestguard_localisation' for CMake module files
[9.512s] Level 1:colcon.colcon_core.environment:checking '/home/yut/git/rs1-2025s-ytu77/yuto_branch/install/forestguard_localisation' for CMake config files
[9.513s] Level 1:colcon.colcon_core.shell:create_environment_hook('forestguard_localisation', 'cmake_prefix_path')
[9.513s] INFO:colcon.colcon_core.shell:Creating environment hook '/home/yut/git/rs1-2025s-ytu77/yuto_branch/install/forestguard_localisation/share/forestguard_localisation/hook/cmake_prefix_path.ps1'
[9.513s] INFO:colcon.colcon_core.shell:Creating environment descriptor '/home/yut/git/rs1-2025s-ytu77/yuto_branch/install/forestguard_localisation/share/forestguard_localisation/hook/cmake_prefix_path.dsv'
[9.513s] INFO:colcon.colcon_core.shell:Creating environment hook '/home/yut/git/rs1-2025s-ytu77/yuto_branch/install/forestguard_localisation/share/forestguard_localisation/hook/cmake_prefix_path.sh'
[9.514s] Level 1:colcon.colcon_core.environment:checking '/home/yut/git/rs1-2025s-ytu77/yuto_branch/install/forestguard_localisation/lib'
[9.514s] Level 1:colcon.colcon_core.environment:checking '/home/yut/git/rs1-2025s-ytu77/yuto_branch/install/forestguard_localisation/bin'
[9.514s] Level 1:colcon.colcon_core.environment:checking '/home/yut/git/rs1-2025s-ytu77/yuto_branch/install/forestguard_localisation/lib/pkgconfig/forestguard_localisation.pc'
[9.514s] Level 1:colcon.colcon_core.environment:checking '/home/yut/git/rs1-2025s-ytu77/yuto_branch/install/forestguard_localisation/lib/python3.10/site-packages'
[9.514s] Level 1:colcon.colcon_core.environment:checking '/home/yut/git/rs1-2025s-ytu77/yuto_branch/install/forestguard_localisation/bin'
[9.514s] INFO:colcon.colcon_core.shell:Creating package script '/home/yut/git/rs1-2025s-ytu77/yuto_branch/install/forestguard_localisation/share/forestguard_localisation/package.ps1'
[9.515s] INFO:colcon.colcon_core.shell:Creating package descriptor '/home/yut/git/rs1-2025s-ytu77/yuto_branch/install/forestguard_localisation/share/forestguard_localisation/package.dsv'
[9.515s] INFO:colcon.colcon_core.shell:Creating package script '/home/yut/git/rs1-2025s-ytu77/yuto_branch/install/forestguard_localisation/share/forestguard_localisation/package.sh'
[9.515s] INFO:colcon.colcon_core.shell:Creating package script '/home/yut/git/rs1-2025s-ytu77/yuto_branch/install/forestguard_localisation/share/forestguard_localisation/package.bash'
[9.516s] INFO:colcon.colcon_core.shell:Creating package script '/home/yut/git/rs1-2025s-ytu77/yuto_branch/install/forestguard_localisation/share/forestguard_localisation/package.zsh'
[9.516s] Level 1:colcon.colcon_core.environment:create_file_with_runtime_dependencies(/home/yut/git/rs1-2025s-ytu77/yuto_branch/install/forestguard_localisation/share/colcon-core/packages/forestguard_localisation)
[17.982s] DEBUG:colcon.colcon_core.event_handler.log_command:Invoked command in '/home/yut/git/rs1-2025s-ytu77/yuto_branch/build/forestguard_controller' returned '0': CMAKE_PREFIX_PATH=${CMAKE_PREFIX_PATH}:/home/yut/git/rs1-2025s-ytu77/yuto_branch/install/forestguard_ui:/home/yut/git/rs1-2025s-ytu77/yuto_branch/install/forestguard_colour:/opt/ros/humble /usr/bin/cmake --build /home/yut/git/rs1-2025s-ytu77/yuto_branch/build/forestguard_controller -- -j12 -l12
[17.983s] DEBUG:colcon.colcon_core.event_handler.log_command:Invoking command in '/home/yut/git/rs1-2025s-ytu77/yuto_branch/build/forestguard_controller': CMAKE_PREFIX_PATH=${CMAKE_PREFIX_PATH}:/home/yut/git/rs1-2025s-ytu77/yuto_branch/install/forestguard_ui:/home/yut/git/rs1-2025s-ytu77/yuto_branch/install/forestguard_colour:/opt/ros/humble /usr/bin/cmake --install /home/yut/git/rs1-2025s-ytu77/yuto_branch/build/forestguard_controller
[18.003s] Level 1:colcon.colcon_core.environment:create_environment_scripts_only(forestguard_controller)
[18.003s] Level 1:colcon.colcon_core.environment:checking '/home/yut/git/rs1-2025s-ytu77/yuto_branch/install/forestguard_controller' for CMake module files
[18.003s] DEBUG:colcon.colcon_core.event_handler.log_command:Invoked command in '/home/yut/git/rs1-2025s-ytu77/yuto_branch/build/forestguard_controller' returned '0': CMAKE_PREFIX_PATH=${CMAKE_PREFIX_PATH}:/home/yut/git/rs1-2025s-ytu77/yuto_branch/install/forestguard_ui:/home/yut/git/rs1-2025s-ytu77/yuto_branch/install/forestguard_colour:/opt/ros/humble /usr/bin/cmake --install /home/yut/git/rs1-2025s-ytu77/yuto_branch/build/forestguard_controller
[18.003s] Level 1:colcon.colcon_core.environment:checking '/home/yut/git/rs1-2025s-ytu77/yuto_branch/install/forestguard_controller' for CMake config files
[18.004s] Level 1:colcon.colcon_core.shell:create_environment_hook('forestguard_controller', 'cmake_prefix_path')
[18.004s] INFO:colcon.colcon_core.shell:Creating environment hook '/home/yut/git/rs1-2025s-ytu77/yuto_branch/install/forestguard_controller/share/forestguard_controller/hook/cmake_prefix_path.ps1'
[18.004s] INFO:colcon.colcon_core.shell:Creating environment descriptor '/home/yut/git/rs1-2025s-ytu77/yuto_branch/install/forestguard_controller/share/forestguard_controller/hook/cmake_prefix_path.dsv'
[18.004s] INFO:colcon.colcon_core.shell:Creating environment hook '/home/yut/git/rs1-2025s-ytu77/yuto_branch/install/forestguard_controller/share/forestguard_controller/hook/cmake_prefix_path.sh'
[18.005s] Level 1:colcon.colcon_core.environment:checking '/home/yut/git/rs1-2025s-ytu77/yuto_branch/install/forestguard_controller/lib'
[18.005s] Level 1:colcon.colcon_core.environment:checking '/home/yut/git/rs1-2025s-ytu77/yuto_branch/install/forestguard_controller/bin'
[18.005s] Level 1:colcon.colcon_core.environment:checking '/home/yut/git/rs1-2025s-ytu77/yuto_branch/install/forestguard_controller/lib/pkgconfig/forestguard_controller.pc'
[18.005s] Level 1:colcon.colcon_core.environment:checking '/home/yut/git/rs1-2025s-ytu77/yuto_branch/install/forestguard_controller/lib/python3.10/site-packages'
[18.005s] Level 1:colcon.colcon_core.environment:checking '/home/yut/git/rs1-2025s-ytu77/yuto_branch/install/forestguard_controller/bin'
[18.005s] INFO:colcon.colcon_core.shell:Creating package script '/home/yut/git/rs1-2025s-ytu77/yuto_branch/install/forestguard_controller/share/forestguard_controller/package.ps1'
[18.006s] INFO:colcon.colcon_core.shell:Creating package descriptor '/home/yut/git/rs1-2025s-ytu77/yuto_branch/install/forestguard_controller/share/forestguard_controller/package.dsv'
[18.006s] INFO:colcon.colcon_core.shell:Creating package script '/home/yut/git/rs1-2025s-ytu77/yuto_branch/install/forestguard_controller/share/forestguard_controller/package.sh'
[18.006s] INFO:colcon.colcon_core.shell:Creating package script '/home/yut/git/rs1-2025s-ytu77/yuto_branch/install/forestguard_controller/share/forestguard_controller/package.bash'
[18.007s] INFO:colcon.colcon_core.shell:Creating package script '/home/yut/git/rs1-2025s-ytu77/yuto_branch/install/forestguard_controller/share/forestguard_controller/package.zsh'
[18.007s] Level 1:colcon.colcon_core.environment:create_file_with_runtime_dependencies(/home/yut/git/rs1-2025s-ytu77/yuto_branch/install/forestguard_controller/share/colcon-core/packages/forestguard_controller)
[18.007s] Level 1:colcon.colcon_core.environment:create_environment_scripts_only(forestguard_controller)
[18.007s] Level 1:colcon.colcon_core.environment:checking '/home/yut/git/rs1-2025s-ytu77/yuto_branch/install/forestguard_controller' for CMake module files
[18.008s] Level 1:colcon.colcon_core.environment:checking '/home/yut/git/rs1-2025s-ytu77/yuto_branch/install/forestguard_controller' for CMake config files
[18.008s] Level 1:colcon.colcon_core.shell:create_environment_hook('forestguard_controller', 'cmake_prefix_path')
[18.008s] INFO:colcon.colcon_core.shell:Creating environment hook '/home/yut/git/rs1-2025s-ytu77/yuto_branch/install/forestguard_controller/share/forestguard_controller/hook/cmake_prefix_path.ps1'
[18.008s] INFO:colcon.colcon_core.shell:Creating environment descriptor '/home/yut/git/rs1-2025s-ytu77/yuto_branch/install/forestguard_controller/share/forestguard_controller/hook/cmake_prefix_path.dsv'
[18.009s] INFO:colcon.colcon_core.shell:Creating environment hook '/home/yut/git/rs1-2025s-ytu77/yuto_branch/install/forestguard_controller/share/forestguard_controller/hook/cmake_prefix_path.sh'
[18.009s] Level 1:colcon.colcon_core.environment:checking '/home/yut/git/rs1-2025s-ytu77/yuto_branch/install/forestguard_controller/lib'
[18.009s] Level 1:colcon.colcon_core.environment:checking '/home/yut/git/rs1-2025s-ytu77/yuto_branch/install/forestguard_controller/bin'
[18.009s] Level 1:colcon.colcon_core.environment:checking '/home/yut/git/rs1-2025s-ytu77/yuto_branch/install/forestguard_controller/lib/pkgconfig/forestguard_controller.pc'
[18.009s] Level 1:colcon.colcon_core.environment:checking '/home/yut/git/rs1-2025s-ytu77/yuto_branch/install/forestguard_controller/lib/python3.10/site-packages'
[18.009s] Level 1:colcon.colcon_core.environment:checking '/home/yut/git/rs1-2025s-ytu77/yuto_branch/install/forestguard_controller/bin'
[18.010s] INFO:colcon.colcon_core.shell:Creating package script '/home/yut/git/rs1-2025s-ytu77/yuto_branch/install/forestguard_controller/share/forestguard_controller/package.ps1'
[18.010s] INFO:colcon.colcon_core.shell:Creating package descriptor '/home/yut/git/rs1-2025s-ytu77/yuto_branch/install/forestguard_controller/share/forestguard_controller/package.dsv'
[18.010s] INFO:colcon.colcon_core.shell:Creating package script '/home/yut/git/rs1-2025s-ytu77/yuto_branch/install/forestguard_controller/share/forestguard_controller/package.sh'
[18.011s] INFO:colcon.colcon_core.shell:Creating package script '/home/yut/git/rs1-2025s-ytu77/yuto_branch/install/forestguard_controller/share/forestguard_controller/package.bash'
[18.011s] INFO:colcon.colcon_core.shell:Creating package script '/home/yut/git/rs1-2025s-ytu77/yuto_branch/install/forestguard_controller/share/forestguard_controller/package.zsh'
[18.011s] Level 1:colcon.colcon_core.environment:create_file_with_runtime_dependencies(/home/yut/git/rs1-2025s-ytu77/yuto_branch/install/forestguard_controller/share/colcon-core/packages/forestguard_controller)
[18.011s] DEBUG:colcon.colcon_parallel_executor.executor.parallel:closing loop
[18.012s] DEBUG:colcon.colcon_parallel_executor.executor.parallel:loop closed
[18.012s] DEBUG:colcon.colcon_parallel_executor.executor.parallel:run_until_complete finished with '0'
[18.012s] DEBUG:colcon.colcon_core.event_reactor:joining thread
[18.016s] INFO:colcon.colcon_core.plugin_system:Skipping extension 'colcon_notification.desktop_notification.terminal_notifier': Not used on non-Darwin systems
[18.016s] INFO:colcon.colcon_core.plugin_system:Skipping extension 'colcon_notification.desktop_notification.win32': Not used on non-Windows systems
[18.016s] INFO:colcon.colcon_notification.desktop_notification:Sending desktop notification using 'notify2'
[18.025s] DEBUG:colcon.colcon_core.event_reactor:joined thread
[18.025s] INFO:colcon.colcon_core.shell:Creating prefix script '/home/yut/git/rs1-2025s-ytu77/yuto_branch/install/local_setup.ps1'
[18.026s] INFO:colcon.colcon_core.shell:Creating prefix util module '/home/yut/git/rs1-2025s-ytu77/yuto_branch/install/_local_setup_util_ps1.py'
[18.027s] INFO:colcon.colcon_core.shell:Creating prefix chain script '/home/yut/git/rs1-2025s-ytu77/yuto_branch/install/setup.ps1'
[18.028s] INFO:colcon.colcon_core.shell:Creating prefix script '/home/yut/git/rs1-2025s-ytu77/yuto_branch/install/local_setup.sh'
[18.029s] INFO:colcon.colcon_core.shell:Creating prefix util module '/home/yut/git/rs1-2025s-ytu77/yuto_branch/install/_local_setup_util_sh.py'
[18.029s] INFO:colcon.colcon_core.shell:Creating prefix chain script '/home/yut/git/rs1-2025s-ytu77/yuto_branch/install/setup.sh'
[18.030s] INFO:colcon.colcon_core.shell:Creating prefix script '/home/yut/git/rs1-2025s-ytu77/yuto_branch/install/local_setup.bash'
[18.031s] INFO:colcon.colcon_core.shell:Creating prefix chain script '/home/yut/git/rs1-2025s-ytu77/yuto_branch/install/setup.bash'
[18.032s] INFO:colcon.colcon_core.shell:Creating prefix script '/home/yut/git/rs1-2025s-ytu77/yuto_branch/install/local_setup.zsh'
[18.032s] INFO:colcon.colcon_core.shell:Creating prefix chain script '/home/yut/git/rs1-2025s-ytu77/yuto_branch/install/setup.zsh'
