running egg_info
creating ../../build/drone_control/drone_control.egg-info
writing ../../build/drone_control/drone_control.egg-info/PKG-INFO
writing dependency_links to ../../build/drone_control/drone_control.egg-info/dependency_links.txt
writing entry points to ../../build/drone_control/drone_control.egg-info/entry_points.txt
writing requirements to ../../build/drone_control/drone_control.egg-info/requires.txt
writing top-level names to ../../build/drone_control/drone_control.egg-info/top_level.txt
writing manifest file '../../build/drone_control/drone_control.egg-info/SOURCES.txt'
reading manifest file '../../build/drone_control/drone_control.egg-info/SOURCES.txt'
writing manifest file '../../build/drone_control/drone_control.egg-info/SOURCES.txt'
running build
running build_py
creating /home/claudia/ForestGuard/build/drone_control/build
creating /home/claudia/ForestGuard/build/drone_control/build/lib
creating /home/claudia/ForestGuard/build/drone_control/build/lib/drone_control
copying drone_control/teleop.py -> /home/claudia/ForestGuard/build/drone_control/build/lib/drone_control
copying drone_control/__init__.py -> /home/claudia/ForestGuard/build/drone_control/build/lib/drone_control
running install
running install_lib
creating /home/claudia/ForestGuard/install/drone_control/lib/python3.10/site-packages/drone_control
copying /home/claudia/ForestGuard/build/drone_control/build/lib/drone_control/teleop.py -> /home/claudia/ForestGuard/install/drone_control/lib/python3.10/site-packages/drone_control
copying /home/claudia/ForestGuard/build/drone_control/build/lib/drone_control/__init__.py -> /home/claudia/ForestGuard/install/drone_control/lib/python3.10/site-packages/drone_control
byte-compiling /home/claudia/ForestGuard/install/drone_control/lib/python3.10/site-packages/drone_control/teleop.py to teleop.cpython-310.pyc
byte-compiling /home/claudia/ForestGuard/install/drone_control/lib/python3.10/site-packages/drone_control/__init__.py to __init__.cpython-310.pyc
running install_data
creating /home/claudia/ForestGuard/install/drone_control/share/ament_index
creating /home/claudia/ForestGuard/install/drone_control/share/ament_index/resource_index
creating /home/claudia/ForestGuard/install/drone_control/share/ament_index/resource_index/packages
copying resource/drone_control -> /home/claudia/ForestGuard/install/drone_control/share/ament_index/resource_index/packages
copying package.xml -> /home/claudia/ForestGuard/install/drone_control/share/drone_control
running install_egg_info
Copying ../../build/drone_control/drone_control.egg-info to /home/claudia/ForestGuard/install/drone_control/lib/python3.10/site-packages/drone_control-0.0.0-py3.10.egg-info
running install_scripts
Installing drone_position_control script to /home/claudia/ForestGuard/install/drone_control/lib/drone_control
Installing open_loop_control script to /home/claudia/ForestGuard/install/drone_control/lib/drone_control
Installing teleop script to /home/claudia/ForestGuard/install/drone_control/lib/drone_control
Installing teleop_joystick script to /home/claudia/ForestGuard/install/drone_control/lib/drone_control
writing list of installed files to '/home/claudia/ForestGuard/build/drone_control/install.log'
