[0.987s] Invoking command in '/home/claudia/ForestGuard/src/drone_control': PYTHONPATH=/home/claudia/ForestGuard/build/drone_control/prefix_override:/usr/lib/python3/dist-packages/colcon_core/task/python/colcon_distutils_commands:/home/claudia/ForestGuard/install/drone_control/lib/python3.10/site-packages:${PYTHONPATH} /usr/bin/python3 -W ignore:setup.py install is deprecated -W ignore:easy_install command is deprecated setup.py egg_info --egg-base ../../build/drone_control build --build-base /home/claudia/ForestGuard/build/drone_control/build install --record /home/claudia/ForestGuard/build/drone_control/install.log --single-version-externally-managed install_data
[1.383s] running egg_info
[1.384s] creating ../../build/drone_control/drone_control.egg-info
[1.384s] writing ../../build/drone_control/drone_control.egg-info/PKG-INFO
[1.385s] writing dependency_links to ../../build/drone_control/drone_control.egg-info/dependency_links.txt
[1.385s] writing entry points to ../../build/drone_control/drone_control.egg-info/entry_points.txt
[1.385s] writing requirements to ../../build/drone_control/drone_control.egg-info/requires.txt
[1.385s] writing top-level names to ../../build/drone_control/drone_control.egg-info/top_level.txt
[1.386s] writing manifest file '../../build/drone_control/drone_control.egg-info/SOURCES.txt'
[1.388s] reading manifest file '../../build/drone_control/drone_control.egg-info/SOURCES.txt'
[1.389s] writing manifest file '../../build/drone_control/drone_control.egg-info/SOURCES.txt'
[1.389s] running build
[1.389s] running build_py
[1.390s] creating /home/claudia/ForestGuard/build/drone_control/build
[1.390s] creating /home/claudia/ForestGuard/build/drone_control/build/lib
[1.390s] creating /home/claudia/ForestGuard/build/drone_control/build/lib/drone_control
[1.390s] copying drone_control/teleop.py -> /home/claudia/ForestGuard/build/drone_control/build/lib/drone_control
[1.390s] copying drone_control/__init__.py -> /home/claudia/ForestGuard/build/drone_control/build/lib/drone_control
[1.390s] running install
[1.391s] running install_lib
[1.391s] creating /home/claudia/ForestGuard/install/drone_control/lib/python3.10/site-packages/drone_control
[1.391s] copying /home/claudia/ForestGuard/build/drone_control/build/lib/drone_control/teleop.py -> /home/claudia/ForestGuard/install/drone_control/lib/python3.10/site-packages/drone_control
[1.391s] copying /home/claudia/ForestGuard/build/drone_control/build/lib/drone_control/__init__.py -> /home/claudia/ForestGuard/install/drone_control/lib/python3.10/site-packages/drone_control
[1.392s] byte-compiling /home/claudia/ForestGuard/install/drone_control/lib/python3.10/site-packages/drone_control/teleop.py to teleop.cpython-310.pyc
[1.394s] byte-compiling /home/claudia/ForestGuard/install/drone_control/lib/python3.10/site-packages/drone_control/__init__.py to __init__.cpython-310.pyc
[1.394s] running install_data
[1.394s] creating /home/claudia/ForestGuard/install/drone_control/share/ament_index
[1.395s] creating /home/claudia/ForestGuard/install/drone_control/share/ament_index/resource_index
[1.395s] creating /home/claudia/ForestGuard/install/drone_control/share/ament_index/resource_index/packages
[1.395s] copying resource/drone_control -> /home/claudia/ForestGuard/install/drone_control/share/ament_index/resource_index/packages
[1.395s] copying package.xml -> /home/claudia/ForestGuard/install/drone_control/share/drone_control
[1.395s] running install_egg_info
[1.397s] Copying ../../build/drone_control/drone_control.egg-info to /home/claudia/ForestGuard/install/drone_control/lib/python3.10/site-packages/drone_control-0.0.0-py3.10.egg-info
[1.399s] running install_scripts
[1.426s] Installing drone_position_control script to /home/claudia/ForestGuard/install/drone_control/lib/drone_control
[1.426s] Installing open_loop_control script to /home/claudia/ForestGuard/install/drone_control/lib/drone_control
[1.427s] Installing teleop script to /home/claudia/ForestGuard/install/drone_control/lib/drone_control
[1.427s] Installing teleop_joystick script to /home/claudia/ForestGuard/install/drone_control/lib/drone_control
[1.427s] writing list of installed files to '/home/claudia/ForestGuard/build/drone_control/install.log'
[1.467s] Invoked command in '/home/claudia/ForestGuard/src/drone_control' returned '0': PYTHONPATH=/home/claudia/ForestGuard/build/drone_control/prefix_override:/usr/lib/python3/dist-packages/colcon_core/task/python/colcon_distutils_commands:/home/claudia/ForestGuard/install/drone_control/lib/python3.10/site-packages:${PYTHONPATH} /usr/bin/python3 -W ignore:setup.py install is deprecated -W ignore:easy_install command is deprecated setup.py egg_info --egg-base ../../build/drone_control build --build-base /home/claudia/ForestGuard/build/drone_control/build install --record /home/claudia/ForestGuard/build/drone_control/install.log --single-version-externally-managed install_data
