[0.089s] DEBUG:colcon:Command line arguments: ['/usr/bin/colcon', 'build', '--symlink-install']
[0.089s] DEBUG:colcon:Parsed command line arguments: Namespace(log_base=None, log_level=None, verb_name='build', build_base='build', install_base='install', merge_install=False, symlink_install=True, test_result_base=None, continue_on_error=False, executor='parallel', parallel_workers=16, event_handlers=None, ignore_user_meta=False, metas=['./colcon.meta'], base_paths=['.'], packages_ignore=None, packages_ignore_regex=None, paths=None, packages_up_to=None, packages_up_to_regex=None, packages_above=None, packages_above_and_dependencies=None, packages_above_depth=None, packages_select_by_dep=None, packages_skip_by_dep=None, packages_skip_up_to=None, packages_select_build_failed=False, packages_skip_build_finished=False, packages_select_test_failures=False, packages_skip_test_passed=False, packages_select=None, packages_skip=None, packages_select_regex=None, packages_skip_regex=None, packages_start=None, packages_end=None, allow_overriding=[], cmake_args=None, cmake_target=None, cmake_target_skip_unavailable=False, cmake_clean_cache=False, cmake_clean_first=False, cmake_force_configure=False, ament_cmake_args=None, catkin_cmake_args=None, catkin_skip_building_tests=False, verb_parser=<colcon_defaults.argument_parser.defaults.DefaultArgumentsDecorator object at 0x78313a50a500>, verb_extension=<colcon_core.verb.build.BuildVerb object at 0x78313a509ff0>, main=<bound method BuildVerb.main of <colcon_core.verb.build.BuildVerb object at 0x78313a509ff0>>)
[0.253s] Level 1:colcon.colcon_core.package_discovery:discover_packages(colcon_meta) check parameters
[0.253s] Level 1:colcon.colcon_core.package_discovery:discover_packages(recursive) check parameters
[0.253s] Level 1:colcon.colcon_core.package_discovery:discover_packages(ignore) check parameters
[0.253s] Level 1:colcon.colcon_core.package_discovery:discover_packages(path) check parameters
[0.253s] Level 1:colcon.colcon_core.package_discovery:discover_packages(colcon_meta) discover
[0.253s] Level 1:colcon.colcon_core.package_discovery:discover_packages(recursive) discover
[0.253s] INFO:colcon.colcon_core.package_discovery:Crawling recursively for packages in '/home/claudia/ForestGuard'
[0.253s] Level 1:colcon.colcon_core.package_identification:_identify(.) by extensions ['ignore', 'ignore_ament_install']
[0.253s] Level 1:colcon.colcon_core.package_identification:_identify(.) by extension 'ignore'
[0.253s] Level 1:colcon.colcon_core.package_identification:_identify(.) by extension 'ignore_ament_install'
[0.253s] Level 1:colcon.colcon_core.package_identification:_identify(.) by extensions ['colcon_pkg']
[0.253s] Level 1:colcon.colcon_core.package_identification:_identify(.) by extension 'colcon_pkg'
[0.253s] Level 1:colcon.colcon_core.package_identification:_identify(.) by extensions ['colcon_meta']
[0.253s] Level 1:colcon.colcon_core.package_identification:_identify(.) by extension 'colcon_meta'
[0.253s] Level 1:colcon.colcon_core.package_identification:_identify(.) by extensions ['ros']
[0.253s] Level 1:colcon.colcon_core.package_identification:_identify(.) by extension 'ros'
[0.262s] Level 1:colcon.colcon_core.package_identification:_identify(.) by extensions ['cmake', 'python']
[0.262s] Level 1:colcon.colcon_core.package_identification:_identify(.) by extension 'cmake'
[0.262s] Level 1:colcon.colcon_core.package_identification:_identify(.) by extension 'python'
[0.262s] Level 1:colcon.colcon_core.package_identification:_identify(.) by extensions ['python_setup_py']
[0.262s] Level 1:colcon.colcon_core.package_identification:_identify(.) by extension 'python_setup_py'
[0.263s] Level 1:colcon.colcon_core.package_identification:_identify(build) by extensions ['ignore', 'ignore_ament_install']
[0.263s] Level 1:colcon.colcon_core.package_identification:_identify(build) by extension 'ignore'
[0.263s] Level 1:colcon.colcon_core.package_identification:_identify(build) ignored
[0.263s] Level 1:colcon.colcon_core.package_identification:_identify(install) by extensions ['ignore', 'ignore_ament_install']
[0.263s] Level 1:colcon.colcon_core.package_identification:_identify(install) by extension 'ignore'
[0.263s] Level 1:colcon.colcon_core.package_identification:_identify(install) ignored
[0.263s] Level 1:colcon.colcon_core.package_identification:_identify(log) by extensions ['ignore', 'ignore_ament_install']
[0.263s] Level 1:colcon.colcon_core.package_identification:_identify(log) by extension 'ignore'
[0.263s] Level 1:colcon.colcon_core.package_identification:_identify(log) ignored
[0.263s] Level 1:colcon.colcon_core.package_identification:_identify(src) by extensions ['ignore', 'ignore_ament_install']
[0.263s] Level 1:colcon.colcon_core.package_identification:_identify(src) by extension 'ignore'
[0.263s] Level 1:colcon.colcon_core.package_identification:_identify(src) by extension 'ignore_ament_install'
[0.263s] Level 1:colcon.colcon_core.package_identification:_identify(src) by extensions ['colcon_pkg']
[0.264s] Level 1:colcon.colcon_core.package_identification:_identify(src) by extension 'colcon_pkg'
[0.264s] Level 1:colcon.colcon_core.package_identification:_identify(src) by extensions ['colcon_meta']
[0.264s] Level 1:colcon.colcon_core.package_identification:_identify(src) by extension 'colcon_meta'
[0.264s] Level 1:colcon.colcon_core.package_identification:_identify(src) by extensions ['ros']
[0.264s] Level 1:colcon.colcon_core.package_identification:_identify(src) by extension 'ros'
[0.264s] Level 1:colcon.colcon_core.package_identification:_identify(src) by extensions ['cmake', 'python']
[0.264s] Level 1:colcon.colcon_core.package_identification:_identify(src) by extension 'cmake'
[0.264s] Level 1:colcon.colcon_core.package_identification:_identify(src) by extension 'python'
[0.264s] Level 1:colcon.colcon_core.package_identification:_identify(src) by extensions ['python_setup_py']
[0.264s] Level 1:colcon.colcon_core.package_identification:_identify(src) by extension 'python_setup_py'
[0.264s] Level 1:colcon.colcon_core.package_identification:_identify(src/build) by extensions ['ignore', 'ignore_ament_install']
[0.264s] Level 1:colcon.colcon_core.package_identification:_identify(src/build) by extension 'ignore'
[0.264s] Level 1:colcon.colcon_core.package_identification:_identify(src/build) ignored
[0.264s] Level 1:colcon.colcon_core.package_identification:_identify(src/forest_controller) by extensions ['ignore', 'ignore_ament_install']
[0.264s] Level 1:colcon.colcon_core.package_identification:_identify(src/forest_controller) by extension 'ignore'
[0.264s] Level 1:colcon.colcon_core.package_identification:_identify(src/forest_controller) by extension 'ignore_ament_install'
[0.264s] Level 1:colcon.colcon_core.package_identification:_identify(src/forest_controller) by extensions ['colcon_pkg']
[0.264s] Level 1:colcon.colcon_core.package_identification:_identify(src/forest_controller) by extension 'colcon_pkg'
[0.264s] Level 1:colcon.colcon_core.package_identification:_identify(src/forest_controller) by extensions ['colcon_meta']
[0.264s] Level 1:colcon.colcon_core.package_identification:_identify(src/forest_controller) by extension 'colcon_meta'
[0.264s] Level 1:colcon.colcon_core.package_identification:_identify(src/forest_controller) by extensions ['ros']
[0.265s] Level 1:colcon.colcon_core.package_identification:_identify(src/forest_controller) by extension 'ros'
[0.284s] DEBUG:colcon.colcon_core.package_identification:Package 'src/forest_controller' with type 'ros.ament_cmake' and name 'forest_controller'
[0.285s] Level 1:colcon.colcon_core.package_identification:_identify(src/forest_guard_sim) by extensions ['ignore', 'ignore_ament_install']
[0.285s] Level 1:colcon.colcon_core.package_identification:_identify(src/forest_guard_sim) by extension 'ignore'
[0.285s] Level 1:colcon.colcon_core.package_identification:_identify(src/forest_guard_sim) by extension 'ignore_ament_install'
[0.285s] Level 1:colcon.colcon_core.package_identification:_identify(src/forest_guard_sim) by extensions ['colcon_pkg']
[0.285s] Level 1:colcon.colcon_core.package_identification:_identify(src/forest_guard_sim) by extension 'colcon_pkg'
[0.285s] Level 1:colcon.colcon_core.package_identification:_identify(src/forest_guard_sim) by extensions ['colcon_meta']
[0.285s] Level 1:colcon.colcon_core.package_identification:_identify(src/forest_guard_sim) by extension 'colcon_meta'
[0.285s] Level 1:colcon.colcon_core.package_identification:_identify(src/forest_guard_sim) by extensions ['ros']
[0.285s] Level 1:colcon.colcon_core.package_identification:_identify(src/forest_guard_sim) by extension 'ros'
[0.286s] DEBUG:colcon.colcon_core.package_identification:Package 'src/forest_guard_sim' with type 'ros.ament_python' and name 'forest_guard_sim'
[0.286s] Level 1:colcon.colcon_core.package_identification:_identify(src/forest_localization) by extensions ['ignore', 'ignore_ament_install']
[0.286s] Level 1:colcon.colcon_core.package_identification:_identify(src/forest_localization) by extension 'ignore'
[0.286s] Level 1:colcon.colcon_core.package_identification:_identify(src/forest_localization) by extension 'ignore_ament_install'
[0.286s] Level 1:colcon.colcon_core.package_identification:_identify(src/forest_localization) by extensions ['colcon_pkg']
[0.286s] Level 1:colcon.colcon_core.package_identification:_identify(src/forest_localization) by extension 'colcon_pkg'
[0.286s] Level 1:colcon.colcon_core.package_identification:_identify(src/forest_localization) by extensions ['colcon_meta']
[0.286s] Level 1:colcon.colcon_core.package_identification:_identify(src/forest_localization) by extension 'colcon_meta'
[0.286s] Level 1:colcon.colcon_core.package_identification:_identify(src/forest_localization) by extensions ['ros']
[0.286s] Level 1:colcon.colcon_core.package_identification:_identify(src/forest_localization) by extension 'ros'
[0.287s] DEBUG:colcon.colcon_core.package_identification:Package 'src/forest_localization' with type 'ros.ament_cmake' and name 'forest_localization'
[0.287s] Level 1:colcon.colcon_core.package_identification:_identify(src/install) by extensions ['ignore', 'ignore_ament_install']
[0.287s] Level 1:colcon.colcon_core.package_identification:_identify(src/install) by extension 'ignore'
[0.287s] Level 1:colcon.colcon_core.package_identification:_identify(src/install) ignored
[0.287s] Level 1:colcon.colcon_core.package_identification:_identify(src/log) by extensions ['ignore', 'ignore_ament_install']
[0.287s] Level 1:colcon.colcon_core.package_identification:_identify(src/log) by extension 'ignore'
[0.288s] Level 1:colcon.colcon_core.package_identification:_identify(src/log) ignored
[0.288s] Level 1:colcon.colcon_core.package_discovery:discover_packages(recursive) using defaults
[0.288s] Level 1:colcon.colcon_core.package_discovery:discover_packages(ignore) discover
[0.288s] Level 1:colcon.colcon_core.package_discovery:discover_packages(ignore) using defaults
[0.288s] Level 1:colcon.colcon_core.package_discovery:discover_packages(path) discover
[0.288s] Level 1:colcon.colcon_core.package_discovery:discover_packages(path) using defaults
[0.321s] Level 1:colcon.colcon_core.package_discovery:discover_packages(prefix_path) check parameters
[0.321s] Level 1:colcon.colcon_core.package_discovery:discover_packages(prefix_path) discover
[0.323s] DEBUG:colcon.colcon_installed_package_information.package_discovery:Found 3 installed packages in /home/claudia/ForestGuard/install
[0.324s] DEBUG:colcon.colcon_installed_package_information.package_discovery:Found 11 installed packages in /home/claudia/ros2_ws/install
[0.326s] DEBUG:colcon.colcon_installed_package_information.package_discovery:Found 479 installed packages in /opt/ros/humble
[0.327s] Level 1:colcon.colcon_core.package_discovery:discover_packages(prefix_path) using defaults
[0.378s] Level 5:colcon.colcon_core.verb:set package 'forest_controller' build argument 'cmake_args' from command line to 'None'
[0.378s] Level 5:colcon.colcon_core.verb:set package 'forest_controller' build argument 'cmake_target' from command line to 'None'
[0.378s] Level 5:colcon.colcon_core.verb:set package 'forest_controller' build argument 'cmake_target_skip_unavailable' from command line to 'False'
[0.378s] Level 5:colcon.colcon_core.verb:set package 'forest_controller' build argument 'cmake_clean_cache' from command line to 'False'
[0.378s] Level 5:colcon.colcon_core.verb:set package 'forest_controller' build argument 'cmake_clean_first' from command line to 'False'
[0.378s] Level 5:colcon.colcon_core.verb:set package 'forest_controller' build argument 'cmake_force_configure' from command line to 'False'
[0.378s] Level 5:colcon.colcon_core.verb:set package 'forest_controller' build argument 'ament_cmake_args' from command line to 'None'
[0.378s] Level 5:colcon.colcon_core.verb:set package 'forest_controller' build argument 'catkin_cmake_args' from command line to 'None'
[0.378s] Level 5:colcon.colcon_core.verb:set package 'forest_controller' build argument 'catkin_skip_building_tests' from command line to 'False'
[0.378s] DEBUG:colcon.colcon_core.verb:Building package 'forest_controller' with the following arguments: {'ament_cmake_args': None, 'build_base': '/home/claudia/ForestGuard/build/forest_controller', 'catkin_cmake_args': None, 'catkin_skip_building_tests': False, 'cmake_args': None, 'cmake_clean_cache': False, 'cmake_clean_first': False, 'cmake_force_configure': False, 'cmake_target': None, 'cmake_target_skip_unavailable': False, 'install_base': '/home/claudia/ForestGuard/install/forest_controller', 'merge_install': False, 'path': '/home/claudia/ForestGuard/src/forest_controller', 'symlink_install': True, 'test_result_base': None}
[0.378s] Level 5:colcon.colcon_core.verb:set package 'forest_guard_sim' build argument 'cmake_args' from command line to 'None'
[0.378s] Level 5:colcon.colcon_core.verb:set package 'forest_guard_sim' build argument 'cmake_target' from command line to 'None'
[0.378s] Level 5:colcon.colcon_core.verb:set package 'forest_guard_sim' build argument 'cmake_target_skip_unavailable' from command line to 'False'
[0.378s] Level 5:colcon.colcon_core.verb:set package 'forest_guard_sim' build argument 'cmake_clean_cache' from command line to 'False'
[0.378s] Level 5:colcon.colcon_core.verb:set package 'forest_guard_sim' build argument 'cmake_clean_first' from command line to 'False'
[0.378s] Level 5:colcon.colcon_core.verb:set package 'forest_guard_sim' build argument 'cmake_force_configure' from command line to 'False'
[0.378s] Level 5:colcon.colcon_core.verb:set package 'forest_guard_sim' build argument 'ament_cmake_args' from command line to 'None'
[0.378s] Level 5:colcon.colcon_core.verb:set package 'forest_guard_sim' build argument 'catkin_cmake_args' from command line to 'None'
[0.378s] Level 5:colcon.colcon_core.verb:set package 'forest_guard_sim' build argument 'catkin_skip_building_tests' from command line to 'False'
[0.378s] DEBUG:colcon.colcon_core.verb:Building package 'forest_guard_sim' with the following arguments: {'ament_cmake_args': None, 'build_base': '/home/claudia/ForestGuard/build/forest_guard_sim', 'catkin_cmake_args': None, 'catkin_skip_building_tests': False, 'cmake_args': None, 'cmake_clean_cache': False, 'cmake_clean_first': False, 'cmake_force_configure': False, 'cmake_target': None, 'cmake_target_skip_unavailable': False, 'install_base': '/home/claudia/ForestGuard/install/forest_guard_sim', 'merge_install': False, 'path': '/home/claudia/ForestGuard/src/forest_guard_sim', 'symlink_install': True, 'test_result_base': None}
[0.379s] Level 5:colcon.colcon_core.verb:set package 'forest_localization' build argument 'cmake_args' from command line to 'None'
[0.379s] Level 5:colcon.colcon_core.verb:set package 'forest_localization' build argument 'cmake_target' from command line to 'None'
[0.379s] Level 5:colcon.colcon_core.verb:set package 'forest_localization' build argument 'cmake_target_skip_unavailable' from command line to 'False'
[0.379s] Level 5:colcon.colcon_core.verb:set package 'forest_localization' build argument 'cmake_clean_cache' from command line to 'False'
[0.379s] Level 5:colcon.colcon_core.verb:set package 'forest_localization' build argument 'cmake_clean_first' from command line to 'False'
[0.379s] Level 5:colcon.colcon_core.verb:set package 'forest_localization' build argument 'cmake_force_configure' from command line to 'False'
[0.379s] Level 5:colcon.colcon_core.verb:set package 'forest_localization' build argument 'ament_cmake_args' from command line to 'None'
[0.379s] Level 5:colcon.colcon_core.verb:set package 'forest_localization' build argument 'catkin_cmake_args' from command line to 'None'
[0.379s] Level 5:colcon.colcon_core.verb:set package 'forest_localization' build argument 'catkin_skip_building_tests' from command line to 'False'
[0.379s] DEBUG:colcon.colcon_core.verb:Building package 'forest_localization' with the following arguments: {'ament_cmake_args': None, 'build_base': '/home/claudia/ForestGuard/build/forest_localization', 'catkin_cmake_args': None, 'catkin_skip_building_tests': False, 'cmake_args': None, 'cmake_clean_cache': False, 'cmake_clean_first': False, 'cmake_force_configure': False, 'cmake_target': None, 'cmake_target_skip_unavailable': False, 'install_base': '/home/claudia/ForestGuard/install/forest_localization', 'merge_install': False, 'path': '/home/claudia/ForestGuard/src/forest_localization', 'symlink_install': True, 'test_result_base': None}
[0.379s] INFO:colcon.colcon_core.executor:Executing jobs using 'parallel' executor
[0.380s] DEBUG:colcon.colcon_parallel_executor.executor.parallel:run_until_complete
[0.380s] INFO:colcon.colcon_ros.task.ament_cmake.build:Building ROS package in '/home/claudia/ForestGuard/src/forest_controller' with build type 'ament_cmake'
[0.380s] INFO:colcon.colcon_cmake.task.cmake.build:Building CMake package in '/home/claudia/ForestGuard/src/forest_controller'
[0.382s] INFO:colcon.colcon_core.plugin_system:Skipping extension 'colcon_core.shell.bat': Not used on non-Windows systems
[0.382s] INFO:colcon.colcon_core.shell:Skip shell extension 'powershell' for command environment: Not usable outside of PowerShell
[0.383s] DEBUG:colcon.colcon_core.shell:Skip shell extension 'dsv' for command environment
[0.388s] INFO:colcon.colcon_ros.task.ament_python.build:Building ROS package in '/home/claudia/ForestGuard/src/forest_guard_sim' with build type 'ament_python'
[0.389s] Level 1:colcon.colcon_core.shell:create_environment_hook('forest_guard_sim', 'ament_prefix_path')
[0.389s] INFO:colcon.colcon_core.shell:Creating environment hook '/home/claudia/ForestGuard/install/forest_guard_sim/share/forest_guard_sim/hook/ament_prefix_path.ps1'
[0.389s] INFO:colcon.colcon_core.shell:Creating environment descriptor '/home/claudia/ForestGuard/install/forest_guard_sim/share/forest_guard_sim/hook/ament_prefix_path.dsv'
[0.390s] INFO:colcon.colcon_core.shell:Creating environment hook '/home/claudia/ForestGuard/install/forest_guard_sim/share/forest_guard_sim/hook/ament_prefix_path.sh'
[0.391s] INFO:colcon.colcon_core.shell:Skip shell extension 'powershell' for command environment: Not usable outside of PowerShell
[0.391s] DEBUG:colcon.colcon_core.shell:Skip shell extension 'dsv' for command environment
[0.395s] INFO:colcon.colcon_ros.task.ament_cmake.build:Building ROS package in '/home/claudia/ForestGuard/src/forest_localization' with build type 'ament_cmake'
[0.395s] INFO:colcon.colcon_cmake.task.cmake.build:Building CMake package in '/home/claudia/ForestGuard/src/forest_localization'
[0.395s] INFO:colcon.colcon_core.shell:Skip shell extension 'powershell' for command environment: Not usable outside of PowerShell
[0.395s] DEBUG:colcon.colcon_core.shell:Skip shell extension 'dsv' for command environment
[0.407s] DEBUG:colcon.colcon_core.event_handler.log_command:Invoking command in '/home/claudia/ForestGuard/build/forest_controller': CMAKE_PREFIX_PATH=${CMAKE_PREFIX_PATH}:/home/claudia/ForestGuard/install/forest_guard_sim:/home/claudia/ros2_ws/install/examples_rclcpp_minimal_publisher:/home/claudia/ros2_ws/install/a3_support:/opt/ros/humble /usr/bin/cmake --build /home/claudia/ForestGuard/build/forest_controller -- -j16 -l16
[0.676s] INFO:colcon.colcon_core.task.python.build:Building Python package in '/home/claudia/ForestGuard/src/forest_guard_sim'
[0.677s] INFO:colcon.colcon_core.shell:Skip shell extension 'powershell' for command environment: Not usable outside of PowerShell
[0.677s] DEBUG:colcon.colcon_core.shell:Skip shell extension 'dsv' for command environment
[0.688s] DEBUG:colcon.colcon_core.event_handler.log_command:Invoking command in '/home/claudia/ForestGuard/build/forest_localization': CMAKE_PREFIX_PATH=${CMAKE_PREFIX_PATH}:/home/claudia/ForestGuard/install/forest_guard_sim:/home/claudia/ros2_ws/install/examples_rclcpp_minimal_publisher:/home/claudia/ros2_ws/install/a3_support:/opt/ros/humble /usr/bin/cmake --build /home/claudia/ForestGuard/build/forest_localization -- -j16 -l16
[0.688s] DEBUG:colcon.colcon_core.event_handler.log_command:Invoked command in '/home/claudia/ForestGuard/build/forest_controller' returned '0': CMAKE_PREFIX_PATH=${CMAKE_PREFIX_PATH}:/home/claudia/ForestGuard/install/forest_guard_sim:/home/claudia/ros2_ws/install/examples_rclcpp_minimal_publisher:/home/claudia/ros2_ws/install/a3_support:/opt/ros/humble /usr/bin/cmake --build /home/claudia/ForestGuard/build/forest_controller -- -j16 -l16
[0.695s] DEBUG:colcon.colcon_core.event_handler.log_command:Invoking command in '/home/claudia/ForestGuard/build/forest_controller': CMAKE_PREFIX_PATH=${CMAKE_PREFIX_PATH}:/home/claudia/ForestGuard/install/forest_guard_sim:/home/claudia/ros2_ws/install/examples_rclcpp_minimal_publisher:/home/claudia/ros2_ws/install/a3_support:/opt/ros/humble /usr/bin/cmake --install /home/claudia/ForestGuard/build/forest_controller
[0.706s] Level 1:colcon.colcon_core.environment:create_environment_scripts_only(forest_controller)
[0.707s] DEBUG:colcon.colcon_core.event_handler.log_command:Invoked command in '/home/claudia/ForestGuard/build/forest_controller' returned '0': CMAKE_PREFIX_PATH=${CMAKE_PREFIX_PATH}:/home/claudia/ForestGuard/install/forest_guard_sim:/home/claudia/ros2_ws/install/examples_rclcpp_minimal_publisher:/home/claudia/ros2_ws/install/a3_support:/opt/ros/humble /usr/bin/cmake --install /home/claudia/ForestGuard/build/forest_controller
[0.709s] Level 1:colcon.colcon_core.environment:checking '/home/claudia/ForestGuard/install/forest_controller' for CMake module files
[0.709s] Level 1:colcon.colcon_core.environment:checking '/home/claudia/ForestGuard/install/forest_controller' for CMake config files
[0.710s] Level 1:colcon.colcon_core.shell:create_environment_hook('forest_controller', 'cmake_prefix_path')
[0.710s] INFO:colcon.colcon_core.shell:Creating environment hook '/home/claudia/ForestGuard/install/forest_controller/share/forest_controller/hook/cmake_prefix_path.ps1'
[0.710s] INFO:colcon.colcon_core.shell:Creating environment descriptor '/home/claudia/ForestGuard/install/forest_controller/share/forest_controller/hook/cmake_prefix_path.dsv'
[0.711s] INFO:colcon.colcon_core.shell:Creating environment hook '/home/claudia/ForestGuard/install/forest_controller/share/forest_controller/hook/cmake_prefix_path.sh'
[0.711s] Level 1:colcon.colcon_core.environment:checking '/home/claudia/ForestGuard/install/forest_controller/lib'
[0.711s] Level 1:colcon.colcon_core.environment:checking '/home/claudia/ForestGuard/install/forest_controller/bin'
[0.711s] Level 1:colcon.colcon_core.environment:checking '/home/claudia/ForestGuard/install/forest_controller/lib/pkgconfig/forest_controller.pc'
[0.712s] Level 1:colcon.colcon_core.environment:checking '/home/claudia/ForestGuard/install/forest_controller/lib/python3.10/site-packages'
[0.712s] Level 1:colcon.colcon_core.environment:checking '/home/claudia/ForestGuard/install/forest_controller/bin'
[0.712s] INFO:colcon.colcon_core.shell:Creating package script '/home/claudia/ForestGuard/install/forest_controller/share/forest_controller/package.ps1'
[0.713s] INFO:colcon.colcon_core.shell:Creating package descriptor '/home/claudia/ForestGuard/install/forest_controller/share/forest_controller/package.dsv'
[0.713s] INFO:colcon.colcon_core.shell:Creating package script '/home/claudia/ForestGuard/install/forest_controller/share/forest_controller/package.sh'
[0.714s] INFO:colcon.colcon_core.shell:Creating package script '/home/claudia/ForestGuard/install/forest_controller/share/forest_controller/package.bash'
[0.714s] INFO:colcon.colcon_core.shell:Creating package script '/home/claudia/ForestGuard/install/forest_controller/share/forest_controller/package.zsh'
[0.715s] Level 1:colcon.colcon_core.environment:create_file_with_runtime_dependencies(/home/claudia/ForestGuard/install/forest_controller/share/colcon-core/packages/forest_controller)
[0.715s] Level 1:colcon.colcon_core.environment:create_environment_scripts_only(forest_controller)
[0.715s] Level 1:colcon.colcon_core.environment:checking '/home/claudia/ForestGuard/install/forest_controller' for CMake module files
[0.716s] Level 1:colcon.colcon_core.environment:checking '/home/claudia/ForestGuard/install/forest_controller' for CMake config files
[0.716s] Level 1:colcon.colcon_core.shell:create_environment_hook('forest_controller', 'cmake_prefix_path')
[0.716s] INFO:colcon.colcon_core.shell:Creating environment hook '/home/claudia/ForestGuard/install/forest_controller/share/forest_controller/hook/cmake_prefix_path.ps1'
[0.717s] INFO:colcon.colcon_core.shell:Creating environment descriptor '/home/claudia/ForestGuard/install/forest_controller/share/forest_controller/hook/cmake_prefix_path.dsv'
[0.717s] INFO:colcon.colcon_core.shell:Creating environment hook '/home/claudia/ForestGuard/install/forest_controller/share/forest_controller/hook/cmake_prefix_path.sh'
[0.718s] Level 1:colcon.colcon_core.environment:checking '/home/claudia/ForestGuard/install/forest_controller/lib'
[0.718s] Level 1:colcon.colcon_core.environment:checking '/home/claudia/ForestGuard/install/forest_controller/bin'
[0.718s] Level 1:colcon.colcon_core.environment:checking '/home/claudia/ForestGuard/install/forest_controller/lib/pkgconfig/forest_controller.pc'
[0.718s] Level 1:colcon.colcon_core.environment:checking '/home/claudia/ForestGuard/install/forest_controller/lib/python3.10/site-packages'
[0.719s] Level 1:colcon.colcon_core.environment:checking '/home/claudia/ForestGuard/install/forest_controller/bin'
[0.719s] INFO:colcon.colcon_core.shell:Creating package script '/home/claudia/ForestGuard/install/forest_controller/share/forest_controller/package.ps1'
[0.719s] INFO:colcon.colcon_core.shell:Creating package descriptor '/home/claudia/ForestGuard/install/forest_controller/share/forest_controller/package.dsv'
[0.720s] INFO:colcon.colcon_core.shell:Creating package script '/home/claudia/ForestGuard/install/forest_controller/share/forest_controller/package.sh'
[0.720s] INFO:colcon.colcon_core.shell:Creating package script '/home/claudia/ForestGuard/install/forest_controller/share/forest_controller/package.bash'
[0.721s] INFO:colcon.colcon_core.shell:Creating package script '/home/claudia/ForestGuard/install/forest_controller/share/forest_controller/package.zsh'
[0.721s] Level 1:colcon.colcon_core.environment:create_file_with_runtime_dependencies(/home/claudia/ForestGuard/install/forest_controller/share/colcon-core/packages/forest_controller)
[1.083s] DEBUG:colcon.colcon_core.event_handler.log_command:Invoking command in '/home/claudia/ForestGuard/build/forest_guard_sim': PYTHONPATH=/home/claudia/ForestGuard/build/forest_guard_sim/prefix_override:/usr/lib/python3/dist-packages/colcon_core/task/python/colcon_distutils_commands:/home/claudia/ForestGuard/install/forest_guard_sim/lib/python3.10/site-packages:${PYTHONPATH} /usr/bin/python3 -W ignore:setup.py install is deprecated -W ignore:easy_install command is deprecated setup.py develop --editable --build-directory /home/claudia/ForestGuard/build/forest_guard_sim/build --no-deps symlink_data
[1.618s] Level 1:colcon.colcon_core.shell:create_environment_hook('forest_guard_sim', 'pythonpath_develop')
[1.618s] INFO:colcon.colcon_core.shell:Creating environment hook '/home/claudia/ForestGuard/build/forest_guard_sim/share/forest_guard_sim/hook/pythonpath_develop.ps1'
[1.619s] DEBUG:colcon.colcon_core.event_handler.log_command:Invoked command in '/home/claudia/ForestGuard/build/forest_guard_sim' returned '0': PYTHONPATH=/home/claudia/ForestGuard/build/forest_guard_sim/prefix_override:/usr/lib/python3/dist-packages/colcon_core/task/python/colcon_distutils_commands:/home/claudia/ForestGuard/install/forest_guard_sim/lib/python3.10/site-packages:${PYTHONPATH} /usr/bin/python3 -W ignore:setup.py install is deprecated -W ignore:easy_install command is deprecated setup.py develop --editable --build-directory /home/claudia/ForestGuard/build/forest_guard_sim/build --no-deps symlink_data
[1.620s] INFO:colcon.colcon_core.shell:Creating environment descriptor '/home/claudia/ForestGuard/build/forest_guard_sim/share/forest_guard_sim/hook/pythonpath_develop.dsv'
[1.620s] INFO:colcon.colcon_core.shell:Creating environment hook '/home/claudia/ForestGuard/build/forest_guard_sim/share/forest_guard_sim/hook/pythonpath_develop.sh'
[1.621s] Level 1:colcon.colcon_core.environment:checking '/home/claudia/ForestGuard/install/forest_guard_sim' for CMake module files
[1.621s] Level 1:colcon.colcon_core.environment:checking '/home/claudia/ForestGuard/install/forest_guard_sim' for CMake config files
[1.623s] Level 1:colcon.colcon_core.environment:checking '/home/claudia/ForestGuard/install/forest_guard_sim/lib'
[1.623s] Level 1:colcon.colcon_core.environment:checking '/home/claudia/ForestGuard/install/forest_guard_sim/bin'
[1.623s] Level 1:colcon.colcon_core.environment:checking '/home/claudia/ForestGuard/install/forest_guard_sim/lib/pkgconfig/forest_guard_sim.pc'
[1.623s] Level 1:colcon.colcon_core.environment:checking '/home/claudia/ForestGuard/install/forest_guard_sim/lib/python3.10/site-packages'
[1.624s] Level 1:colcon.colcon_core.shell:create_environment_hook('forest_guard_sim', 'pythonpath')
[1.624s] INFO:colcon.colcon_core.shell:Creating environment hook '/home/claudia/ForestGuard/install/forest_guard_sim/share/forest_guard_sim/hook/pythonpath.ps1'
[1.624s] INFO:colcon.colcon_core.shell:Creating environment descriptor '/home/claudia/ForestGuard/install/forest_guard_sim/share/forest_guard_sim/hook/pythonpath.dsv'
[1.624s] INFO:colcon.colcon_core.shell:Creating environment hook '/home/claudia/ForestGuard/install/forest_guard_sim/share/forest_guard_sim/hook/pythonpath.sh'
[1.625s] Level 1:colcon.colcon_core.environment:checking '/home/claudia/ForestGuard/install/forest_guard_sim/bin'
[1.625s] Level 1:colcon.colcon_core.environment:create_environment_scripts_only(forest_guard_sim)
[1.625s] INFO:colcon.colcon_core.shell:Creating package script '/home/claudia/ForestGuard/install/forest_guard_sim/share/forest_guard_sim/package.ps1'
[1.626s] INFO:colcon.colcon_core.shell:Creating package descriptor '/home/claudia/ForestGuard/install/forest_guard_sim/share/forest_guard_sim/package.dsv'
[1.626s] INFO:colcon.colcon_core.shell:Creating package script '/home/claudia/ForestGuard/install/forest_guard_sim/share/forest_guard_sim/package.sh'
[1.626s] INFO:colcon.colcon_core.shell:Creating package script '/home/claudia/ForestGuard/install/forest_guard_sim/share/forest_guard_sim/package.bash'
[1.627s] INFO:colcon.colcon_core.shell:Creating package script '/home/claudia/ForestGuard/install/forest_guard_sim/share/forest_guard_sim/package.zsh'
[1.627s] Level 1:colcon.colcon_core.environment:create_file_with_runtime_dependencies(/home/claudia/ForestGuard/install/forest_guard_sim/share/colcon-core/packages/forest_guard_sim)
[11.322s] DEBUG:colcon.colcon_core.event_handler.log_command:Invoked command in '/home/claudia/ForestGuard/build/forest_localization' returned '0': CMAKE_PREFIX_PATH=${CMAKE_PREFIX_PATH}:/home/claudia/ForestGuard/install/forest_guard_sim:/home/claudia/ros2_ws/install/examples_rclcpp_minimal_publisher:/home/claudia/ros2_ws/install/a3_support:/opt/ros/humble /usr/bin/cmake --build /home/claudia/ForestGuard/build/forest_localization -- -j16 -l16
[11.323s] DEBUG:colcon.colcon_core.event_handler.log_command:Invoking command in '/home/claudia/ForestGuard/build/forest_localization': CMAKE_PREFIX_PATH=${CMAKE_PREFIX_PATH}:/home/claudia/ForestGuard/install/forest_guard_sim:/home/claudia/ros2_ws/install/examples_rclcpp_minimal_publisher:/home/claudia/ros2_ws/install/a3_support:/opt/ros/humble /usr/bin/cmake --install /home/claudia/ForestGuard/build/forest_localization
[11.333s] Level 1:colcon.colcon_core.environment:create_environment_scripts_only(forest_localization)
[11.333s] Level 1:colcon.colcon_core.environment:checking '/home/claudia/ForestGuard/install/forest_localization' for CMake module files
[11.334s] DEBUG:colcon.colcon_core.event_handler.log_command:Invoked command in '/home/claudia/ForestGuard/build/forest_localization' returned '0': CMAKE_PREFIX_PATH=${CMAKE_PREFIX_PATH}:/home/claudia/ForestGuard/install/forest_guard_sim:/home/claudia/ros2_ws/install/examples_rclcpp_minimal_publisher:/home/claudia/ros2_ws/install/a3_support:/opt/ros/humble /usr/bin/cmake --install /home/claudia/ForestGuard/build/forest_localization
[11.334s] Level 1:colcon.colcon_core.environment:checking '/home/claudia/ForestGuard/install/forest_localization' for CMake config files
[11.334s] Level 1:colcon.colcon_core.shell:create_environment_hook('forest_localization', 'cmake_prefix_path')
[11.335s] INFO:colcon.colcon_core.shell:Creating environment hook '/home/claudia/ForestGuard/install/forest_localization/share/forest_localization/hook/cmake_prefix_path.ps1'
[11.335s] INFO:colcon.colcon_core.shell:Creating environment descriptor '/home/claudia/ForestGuard/install/forest_localization/share/forest_localization/hook/cmake_prefix_path.dsv'
[11.336s] INFO:colcon.colcon_core.shell:Creating environment hook '/home/claudia/ForestGuard/install/forest_localization/share/forest_localization/hook/cmake_prefix_path.sh'
[11.337s] Level 1:colcon.colcon_core.environment:checking '/home/claudia/ForestGuard/install/forest_localization/lib'
[11.337s] Level 1:colcon.colcon_core.environment:checking '/home/claudia/ForestGuard/install/forest_localization/bin'
[11.337s] Level 1:colcon.colcon_core.environment:checking '/home/claudia/ForestGuard/install/forest_localization/lib/pkgconfig/forest_localization.pc'
[11.338s] Level 1:colcon.colcon_core.environment:checking '/home/claudia/ForestGuard/install/forest_localization/lib/python3.10/site-packages'
[11.338s] Level 1:colcon.colcon_core.environment:checking '/home/claudia/ForestGuard/install/forest_localization/bin'
[11.339s] INFO:colcon.colcon_core.shell:Creating package script '/home/claudia/ForestGuard/install/forest_localization/share/forest_localization/package.ps1'
[11.340s] INFO:colcon.colcon_core.shell:Creating package descriptor '/home/claudia/ForestGuard/install/forest_localization/share/forest_localization/package.dsv'
[11.340s] INFO:colcon.colcon_core.shell:Creating package script '/home/claudia/ForestGuard/install/forest_localization/share/forest_localization/package.sh'
[11.341s] INFO:colcon.colcon_core.shell:Creating package script '/home/claudia/ForestGuard/install/forest_localization/share/forest_localization/package.bash'
[11.341s] INFO:colcon.colcon_core.shell:Creating package script '/home/claudia/ForestGuard/install/forest_localization/share/forest_localization/package.zsh'
[11.342s] Level 1:colcon.colcon_core.environment:create_file_with_runtime_dependencies(/home/claudia/ForestGuard/install/forest_localization/share/colcon-core/packages/forest_localization)
[11.342s] Level 1:colcon.colcon_core.environment:create_environment_scripts_only(forest_localization)
[11.343s] Level 1:colcon.colcon_core.environment:checking '/home/claudia/ForestGuard/install/forest_localization' for CMake module files
[11.343s] Level 1:colcon.colcon_core.environment:checking '/home/claudia/ForestGuard/install/forest_localization' for CMake config files
[11.344s] Level 1:colcon.colcon_core.shell:create_environment_hook('forest_localization', 'cmake_prefix_path')
[11.344s] INFO:colcon.colcon_core.shell:Creating environment hook '/home/claudia/ForestGuard/install/forest_localization/share/forest_localization/hook/cmake_prefix_path.ps1'
[11.344s] INFO:colcon.colcon_core.shell:Creating environment descriptor '/home/claudia/ForestGuard/install/forest_localization/share/forest_localization/hook/cmake_prefix_path.dsv'
[11.345s] INFO:colcon.colcon_core.shell:Creating environment hook '/home/claudia/ForestGuard/install/forest_localization/share/forest_localization/hook/cmake_prefix_path.sh'
[11.346s] Level 1:colcon.colcon_core.environment:checking '/home/claudia/ForestGuard/install/forest_localization/lib'
[11.346s] Level 1:colcon.colcon_core.environment:checking '/home/claudia/ForestGuard/install/forest_localization/bin'
[11.346s] Level 1:colcon.colcon_core.environment:checking '/home/claudia/ForestGuard/install/forest_localization/lib/pkgconfig/forest_localization.pc'
[11.346s] Level 1:colcon.colcon_core.environment:checking '/home/claudia/ForestGuard/install/forest_localization/lib/python3.10/site-packages'
[11.346s] Level 1:colcon.colcon_core.environment:checking '/home/claudia/ForestGuard/install/forest_localization/bin'
[11.347s] INFO:colcon.colcon_core.shell:Creating package script '/home/claudia/ForestGuard/install/forest_localization/share/forest_localization/package.ps1'
[11.348s] INFO:colcon.colcon_core.shell:Creating package descriptor '/home/claudia/ForestGuard/install/forest_localization/share/forest_localization/package.dsv'
[11.348s] INFO:colcon.colcon_core.shell:Creating package script '/home/claudia/ForestGuard/install/forest_localization/share/forest_localization/package.sh'
[11.348s] INFO:colcon.colcon_core.shell:Creating package script '/home/claudia/ForestGuard/install/forest_localization/share/forest_localization/package.bash'
[11.349s] INFO:colcon.colcon_core.shell:Creating package script '/home/claudia/ForestGuard/install/forest_localization/share/forest_localization/package.zsh'
[11.349s] Level 1:colcon.colcon_core.environment:create_file_with_runtime_dependencies(/home/claudia/ForestGuard/install/forest_localization/share/colcon-core/packages/forest_localization)
[11.350s] DEBUG:colcon.colcon_parallel_executor.executor.parallel:closing loop
[11.350s] DEBUG:colcon.colcon_parallel_executor.executor.parallel:loop closed
[11.350s] DEBUG:colcon.colcon_parallel_executor.executor.parallel:run_until_complete finished with '0'
[11.350s] DEBUG:colcon.colcon_core.event_reactor:joining thread
[11.359s] INFO:colcon.colcon_core.plugin_system:Skipping extension 'colcon_notification.desktop_notification.terminal_notifier': Not used on non-Darwin systems
[11.359s] INFO:colcon.colcon_core.plugin_system:Skipping extension 'colcon_notification.desktop_notification.win32': Not used on non-Windows systems
[11.359s] INFO:colcon.colcon_notification.desktop_notification:Sending desktop notification using 'notify2'
[11.367s] DEBUG:colcon.colcon_core.event_reactor:joined thread
[11.367s] INFO:colcon.colcon_core.shell:Creating prefix script '/home/claudia/ForestGuard/install/local_setup.ps1'
[11.369s] INFO:colcon.colcon_core.shell:Creating prefix util module '/home/claudia/ForestGuard/install/_local_setup_util_ps1.py'
[11.371s] INFO:colcon.colcon_core.shell:Creating prefix chain script '/home/claudia/ForestGuard/install/setup.ps1'
[11.373s] INFO:colcon.colcon_core.shell:Creating prefix script '/home/claudia/ForestGuard/install/local_setup.sh'
[11.374s] INFO:colcon.colcon_core.shell:Creating prefix util module '/home/claudia/ForestGuard/install/_local_setup_util_sh.py'
[11.374s] INFO:colcon.colcon_core.shell:Creating prefix chain script '/home/claudia/ForestGuard/install/setup.sh'
[11.376s] INFO:colcon.colcon_core.shell:Creating prefix script '/home/claudia/ForestGuard/install/local_setup.bash'
[11.377s] INFO:colcon.colcon_core.shell:Creating prefix chain script '/home/claudia/ForestGuard/install/setup.bash'
[11.379s] INFO:colcon.colcon_core.shell:Creating prefix script '/home/claudia/ForestGuard/install/local_setup.zsh'
[11.379s] INFO:colcon.colcon_core.shell:Creating prefix chain script '/home/claudia/ForestGuard/install/setup.zsh'
