[ 20%] [32mBuilding CXX object CMakeFiles/sdformat_urdf.dir/src/sdformat_urdf_plugin.cpp.o[0m
[ 40%] [32mBuilding CXX object CMakeFiles/sdformat_urdf.dir/src/sdformat_urdf.cpp.o[0m
[ 60%] [32m[1mLinking CXX shared library libsdformat_urdf.so[0m
[ 60%] Built target sdformat_urdf
[ 80%] [32mBuilding CXX object CMakeFiles/convert_sdf_to_urdf.dir/src/convert_sdf_to_urdf.cpp.o[0m
[100%] [32m[1mLinking CXX executable convert_sdf_to_urdf[0m
[100%] Built target convert_sdf_to_urdf
-- Install configuration: ""
-- Installing: /home/claudia/ForestGuard/install/sdf_to_urdf_converter/lib/sdf_to_urdf_converter/libsdformat_urdf.so
-- Set runtime path of "/home/claudia/ForestGuard/install/sdf_to_urdf_converter/lib/sdf_to_urdf_converter/libsdformat_urdf.so" to ""
-- Installing: /home/claudia/ForestGuard/install/sdf_to_urdf_converter/lib/sdf_to_urdf_converter/convert_sdf_to_urdf
-- Set runtime path of "/home/claudia/ForestGuard/install/sdf_to_urdf_converter/lib/sdf_to_urdf_converter/convert_sdf_to_urdf" to ""
-- Installing: /home/claudia/ForestGuard/install/sdf_to_urdf_converter/include
-- Installing: /home/claudia/ForestGuard/install/sdf_to_urdf_converter/include/sdf_to_urdf_converter
-- Installing: /home/claudia/ForestGuard/install/sdf_to_urdf_converter/include/sdformat_urdf
-- Installing: /home/claudia/ForestGuard/install/sdf_to_urdf_converter/include/sdformat_urdf/sdformat_urdf.hpp
-- Installing: /home/claudia/ForestGuard/install/sdf_to_urdf_converter/share/ament_index/resource_index/package_run_dependencies/sdf_to_urdf_converter
-- Installing: /home/claudia/ForestGuard/install/sdf_to_urdf_converter/share/ament_index/resource_index/parent_prefix_path/sdf_to_urdf_converter
-- Installing: /home/claudia/ForestGuard/install/sdf_to_urdf_converter/share/sdf_to_urdf_converter/environment/ament_prefix_path.sh
-- Installing: /home/claudia/ForestGuard/install/sdf_to_urdf_converter/share/sdf_to_urdf_converter/environment/ament_prefix_path.dsv
-- Installing: /home/claudia/ForestGuard/install/sdf_to_urdf_converter/share/sdf_to_urdf_converter/environment/path.sh
-- Installing: /home/claudia/ForestGuard/install/sdf_to_urdf_converter/share/sdf_to_urdf_converter/environment/path.dsv
-- Installing: /home/claudia/ForestGuard/install/sdf_to_urdf_converter/share/sdf_to_urdf_converter/local_setup.bash
-- Installing: /home/claudia/ForestGuard/install/sdf_to_urdf_converter/share/sdf_to_urdf_converter/local_setup.sh
-- Installing: /home/claudia/ForestGuard/install/sdf_to_urdf_converter/share/sdf_to_urdf_converter/local_setup.zsh
-- Installing: /home/claudia/ForestGuard/install/sdf_to_urdf_converter/share/sdf_to_urdf_converter/local_setup.dsv
-- Installing: /home/claudia/ForestGuard/install/sdf_to_urdf_converter/share/sdf_to_urdf_converter/package.dsv
-- Installing: /home/claudia/ForestGuard/install/sdf_to_urdf_converter/share/ament_index/resource_index/packages/sdf_to_urdf_converter
-- Installing: /home/claudia/ForestGuard/install/sdf_to_urdf_converter/share/sdf_to_urdf_converter/cmake/sdf_to_urdf_converterConfig.cmake
-- Installing: /home/claudia/ForestGuard/install/sdf_to_urdf_converter/share/sdf_to_urdf_converter/cmake/sdf_to_urdf_converterConfig-version.cmake
-- Installing: /home/claudia/ForestGuard/install/sdf_to_urdf_converter/share/sdf_to_urdf_converter/package.xml
