[0.017s] Invoking command in '/home/claudia/ForestGuard/build/controller_pkg': CMAKE_PREFIX_PATH=${CMAKE_PREFIX_PATH}:/home/claudia/ros2_ws/install/examples_rclcpp_minimal_publisher:/home/claudia/ros2_ws/install/a3_support:/opt/ros/humble /usr/bin/cmake --build /home/claudia/ForestGuard/build/controller_pkg -- -j16 -l16
[0.057s] [ 22%] Built target laserprocessing
[0.057s] [ 55%] Built target vismarker
[0.089s] [100%] Built target quadcopter
[0.095s] Invoked command in '/home/claudia/ForestGuard/build/controller_pkg' returned '0': CMAKE_PREFIX_PATH=${CMAKE_PREFIX_PATH}:/home/claudia/ros2_ws/install/examples_rclcpp_minimal_publisher:/home/claudia/ros2_ws/install/a3_support:/opt/ros/humble /usr/bin/cmake --build /home/claudia/ForestGuard/build/controller_pkg -- -j16 -l16
[0.096s] Invoking command in '/home/claudia/ForestGuard/build/controller_pkg': CMAKE_PREFIX_PATH=${CMAKE_PREFIX_PATH}:/home/claudia/ros2_ws/install/examples_rclcpp_minimal_publisher:/home/claudia/ros2_ws/install/a3_support:/opt/ros/humble /usr/bin/cmake --install /home/claudia/ForestGuard/build/controller_pkg
[0.100s] -- Install configuration: ""
[0.100s] -- Up-to-date: /home/claudia/ForestGuard/install/controller_pkg/lib/controller_pkg/quadcopter
[0.100s] -- Up-to-date: /home/claudia/ForestGuard/install/controller_pkg/lib/controller_pkg/liblaserprocessing.so
[0.100s] -- Up-to-date: /home/claudia/ForestGuard/install/controller_pkg/lib/controller_pkg/vismarker
[0.100s] -- Up-to-date: /home/claudia/ForestGuard/install/controller_pkg/include
[0.101s] -- Up-to-date: /home/claudia/ForestGuard/install/controller_pkg/include/controller_pkg
[0.101s] -- Up-to-date: /home/claudia/ForestGuard/install/controller_pkg/include/controller_pkg/vis_marker.h
[0.101s] -- Up-to-date: /home/claudia/ForestGuard/install/controller_pkg/include/controller_pkg/laserprocessing.h
[0.101s] -- Up-to-date: /home/claudia/ForestGuard/install/controller_pkg/include/controller_pkg/quadcopter.h
[0.101s] -- Up-to-date: /home/claudia/ForestGuard/install/controller_pkg/include/controller_pkg/controller.h
[0.101s] -- Up-to-date: /home/claudia/ForestGuard/install/controller_pkg/share/ament_index/resource_index/package_run_dependencies/controller_pkg
[0.101s] -- Up-to-date: /home/claudia/ForestGuard/install/controller_pkg/share/ament_index/resource_index/parent_prefix_path/controller_pkg
[0.101s] -- Up-to-date: /home/claudia/ForestGuard/install/controller_pkg/share/controller_pkg/environment/ament_prefix_path.sh
[0.101s] -- Up-to-date: /home/claudia/ForestGuard/install/controller_pkg/share/controller_pkg/environment/ament_prefix_path.dsv
[0.101s] -- Up-to-date: /home/claudia/ForestGuard/install/controller_pkg/share/controller_pkg/environment/path.sh
[0.101s] -- Up-to-date: /home/claudia/ForestGuard/install/controller_pkg/share/controller_pkg/environment/path.dsv
[0.102s] -- Up-to-date: /home/claudia/ForestGuard/install/controller_pkg/share/controller_pkg/local_setup.bash
[0.102s] -- Up-to-date: /home/claudia/ForestGuard/install/controller_pkg/share/controller_pkg/local_setup.sh
[0.102s] -- Up-to-date: /home/claudia/ForestGuard/install/controller_pkg/share/controller_pkg/local_setup.zsh
[0.102s] -- Up-to-date: /home/claudia/ForestGuard/install/controller_pkg/share/controller_pkg/local_setup.dsv
[0.102s] -- Installing: /home/claudia/ForestGuard/install/controller_pkg/share/controller_pkg/package.dsv
[0.102s] -- Up-to-date: /home/claudia/ForestGuard/install/controller_pkg/share/ament_index/resource_index/packages/controller_pkg
[0.102s] -- Up-to-date: /home/claudia/ForestGuard/install/controller_pkg/share/controller_pkg/cmake/controller_pkgConfig.cmake
[0.103s] -- Up-to-date: /home/claudia/ForestGuard/install/controller_pkg/share/controller_pkg/cmake/controller_pkgConfig-version.cmake
[0.103s] -- Up-to-date: /home/claudia/ForestGuard/install/controller_pkg/share/controller_pkg/package.xml
[0.103s] Invoked command in '/home/claudia/ForestGuard/build/controller_pkg' returned '0': CMAKE_PREFIX_PATH=${CMAKE_PREFIX_PATH}:/home/claudia/ros2_ws/install/examples_rclcpp_minimal_publisher:/home/claudia/ros2_ws/install/a3_support:/opt/ros/humble /usr/bin/cmake --install /home/claudia/ForestGuard/build/controller_pkg
