[0.142s] Invoking command in '/home/john/git/RS1/john_branch/build/forestguard_sim': CMAKE_PREFIX_PATH=${CMAKE_PREFIX_PATH}:/home/john/git/RS1/john_branch/install/forestguard_ui:/home/john/git/RS1/john_branch/install/forestguard_colour:/opt/ros/humble /usr/bin/cmake /home/john/git/RS1/john_branch/src/forestguard_sim -DAMENT_CMAKE_SYMLINK_INSTALL=1 -DCMAKE_INSTALL_PREFIX=/home/john/git/RS1/john_branch/install/forestguard_sim
[0.180s] -- The C compiler identification is GNU 11.4.0
[0.217s] -- The CXX compiler identification is GNU 11.4.0
[0.222s] -- Detecting C compiler ABI info
[0.272s] -- Detecting C compiler ABI info - done
[0.276s] -- Check for working C compiler: /usr/bin/cc - skipped
[0.276s] -- Detecting C compile features
[0.276s] -- Detecting C compile features - done
[0.278s] -- Detecting CXX compiler ABI info
[0.335s] -- Detecting CXX compiler ABI info - done
[0.344s] -- Check for working CXX compiler: /usr/bin/c++ - skipped
[0.344s] -- Detecting CXX compile features
[0.344s] -- Detecting CXX compile features - done
[0.347s] -- Found ament_cmake: 1.3.12 (/opt/ros/humble/share/ament_cmake/cmake)
[0.490s] -- Found Python3: /usr/bin/python3 (found version "3.10.12") found components: Interpreter 
[0.537s] -- Override CMake install command with custom implementation using symlinks instead of copying resources
[0.565s] -- Found ros_ign_interfaces: 0.244.20 (/opt/ros/humble/share/ros_ign_interfaces/cmake)
[0.592s] -- Found rosidl_generator_c: 3.1.7 (/opt/ros/humble/share/rosidl_generator_c/cmake)
[0.595s] -- Found rosidl_adapter: 3.1.7 (/opt/ros/humble/share/rosidl_adapter/cmake)
[0.602s] -- Found rosidl_generator_cpp: 3.1.7 (/opt/ros/humble/share/rosidl_generator_cpp/cmake)
[0.615s] -- Using all available rosidl_typesupport_c: rosidl_typesupport_fastrtps_c;rosidl_typesupport_introspection_c
[0.627s] -- Using all available rosidl_typesupport_cpp: rosidl_typesupport_fastrtps_cpp;rosidl_typesupport_introspection_cpp
[0.680s] -- Found ament_lint_auto: 0.12.14 (/opt/ros/humble/share/ament_lint_auto/cmake)
[0.746s] -- Added test 'copyright' to check source files copyright and LICENSE
[0.751s] -- Added test 'flake8' to check Python code syntax and style conventions
[0.751s] -- Added test 'lint_cmake' to check CMake code style
[0.752s] -- Added test 'pep257' to check Python code against some of the docstring style conventions in PEP 257
[0.754s] -- Added test 'xmllint' to check XML markup files
[0.755s] -- Configuring done
[0.756s] -- Generating done
[0.758s] -- Build files have been written to: /home/john/git/RS1/john_branch/build/forestguard_sim
[0.762s] Invoked command in '/home/john/git/RS1/john_branch/build/forestguard_sim' returned '0': CMAKE_PREFIX_PATH=${CMAKE_PREFIX_PATH}:/home/john/git/RS1/john_branch/install/forestguard_ui:/home/john/git/RS1/john_branch/install/forestguard_colour:/opt/ros/humble /usr/bin/cmake /home/john/git/RS1/john_branch/src/forestguard_sim -DAMENT_CMAKE_SYMLINK_INSTALL=1 -DCMAKE_INSTALL_PREFIX=/home/john/git/RS1/john_branch/install/forestguard_sim
[0.763s] Invoking command in '/home/john/git/RS1/john_branch/build/forestguard_sim': CMAKE_PREFIX_PATH=${CMAKE_PREFIX_PATH}:/home/john/git/RS1/john_branch/install/forestguard_ui:/home/john/git/RS1/john_branch/install/forestguard_colour:/opt/ros/humble /usr/bin/cmake --build /home/john/git/RS1/john_branch/build/forestguard_sim -- -j20 -l20
[0.794s] Invoked command in '/home/john/git/RS1/john_branch/build/forestguard_sim' returned '0': CMAKE_PREFIX_PATH=${CMAKE_PREFIX_PATH}:/home/john/git/RS1/john_branch/install/forestguard_ui:/home/john/git/RS1/john_branch/install/forestguard_colour:/opt/ros/humble /usr/bin/cmake --build /home/john/git/RS1/john_branch/build/forestguard_sim -- -j20 -l20
[0.801s] Invoking command in '/home/john/git/RS1/john_branch/build/forestguard_sim': CMAKE_PREFIX_PATH=${CMAKE_PREFIX_PATH}:/home/john/git/RS1/john_branch/install/forestguard_ui:/home/john/git/RS1/john_branch/install/forestguard_colour:/opt/ros/humble /usr/bin/cmake --install /home/john/git/RS1/john_branch/build/forestguard_sim
[0.806s] -- Install configuration: ""
[0.806s] -- Execute custom install script
[0.806s] -- Symlinking: /home/john/git/RS1/john_branch/install/forestguard_sim/share/forestguard_sim/config/forest.rviz
[0.814s] -- Symlinking: /home/john/git/RS1/john_branch/install/forestguard_sim/share/forestguard_sim/config/gazebo_bridge.yaml
[0.820s] -- Symlinking: /home/john/git/RS1/john_branch/install/forestguard_sim/share/forestguard_sim/config/john.rviz
[0.826s] -- Symlinking: /home/john/git/RS1/john_branch/install/forestguard_sim/share/forestguard_sim/config/nav2_params.yaml
[0.831s] -- Symlinking: /home/john/git/RS1/john_branch/install/forestguard_sim/share/forestguard_sim/config/robot_localization.yaml
[0.836s] -- Symlinking: /home/john/git/RS1/john_branch/install/forestguard_sim/share/forestguard_sim/config/slam_params.yaml
[0.842s] -- Symlinking: /home/john/git/RS1/john_branch/install/forestguard_sim/share/forestguard_sim/config/xbox_teleop.yaml
[0.848s] -- Symlinking: /home/john/git/RS1/john_branch/install/forestguard_sim/share/forestguard_sim/launch/41068_ignition.launch.py
[0.854s] -- Symlinking: /home/john/git/RS1/john_branch/install/forestguard_sim/share/forestguard_sim/launch/JOHNAUTO.launch.py
[0.860s] -- Symlinking: /home/john/git/RS1/john_branch/install/forestguard_sim/share/forestguard_sim/launch/autonomous_forest.launch.py
[0.868s] -- Symlinking: /home/john/git/RS1/john_branch/install/forestguard_sim/share/forestguard_sim/launch/forest_mapping.launch.py
[0.874s] -- Symlinking: /home/john/git/RS1/john_branch/install/forestguard_sim/share/forestguard_sim/launch/forest_random.launch.py
[0.880s] -- Symlinking: /home/john/git/RS1/john_branch/install/forestguard_sim/share/forestguard_sim/launch/forest_world.launch.py
[0.887s] -- Symlinking: /home/john/git/RS1/john_branch/install/forestguard_sim/share/forestguard_sim/launch/john.launch.py
[0.895s] -- Symlinking: /home/john/git/RS1/john_branch/install/forestguard_sim/share/forestguard_sim/launch/johnAUTO2.launch.py
[0.901s] -- Symlinking: /home/john/git/RS1/john_branch/install/forestguard_sim/share/forestguard_sim/launch/johnNavigation.launch.py
[0.909s] -- Symlinking: /home/john/git/RS1/john_branch/install/forestguard_sim/share/forestguard_sim/launch/johnXL.py
[0.916s] -- Symlinking: /home/john/git/RS1/john_branch/install/forestguard_sim/share/forestguard_sim/launch/john_autonomous_forest.launch.py
[0.922s] -- Symlinking: /home/john/git/RS1/john_branch/install/forestguard_sim/share/forestguard_sim/launch/large_forest_husky.launch.py
[0.928s] -- Symlinking: /home/john/git/RS1/john_branch/install/forestguard_sim/share/forestguard_sim/launch/navigation_map.launch.py
[0.935s] -- Symlinking: /home/john/git/RS1/john_branch/install/forestguard_sim/share/forestguard_sim/launch/random_forest_husky.launch.py
[0.942s] -- Symlinking: /home/john/git/RS1/john_branch/install/forestguard_sim/share/forestguard_sim/launch/sample
[0.950s] -- Symlinking: /home/john/git/RS1/john_branch/install/forestguard_sim/share/forestguard_sim/maps/forest_map.pgm
[0.957s] -- Symlinking: /home/john/git/RS1/john_branch/install/forestguard_sim/share/forestguard_sim/maps/forest_map.yaml
[0.965s] -- Symlinking: /home/john/git/RS1/john_branch/install/forestguard_sim/share/forestguard_sim/models/forest_env/materials/textures/empty_grass.png
[0.971s] -- Symlinking: /home/john/git/RS1/john_branch/install/forestguard_sim/share/forestguard_sim/models/forest_env/meshes/Environment.dae
[0.979s] -- Symlinking: /home/john/git/RS1/john_branch/install/forestguard_sim/share/forestguard_sim/models/forest_env/meshes/Environment1.dae
[0.987s] -- Symlinking: /home/john/git/RS1/john_branch/install/forestguard_sim/share/forestguard_sim/models/forest_env/meshes/Environment2.dae
[0.992s] -- Symlinking: /home/john/git/RS1/john_branch/install/forestguard_sim/share/forestguard_sim/models/forest_env/meshes/Environment3.dae
[0.999s] -- Symlinking: /home/john/git/RS1/john_branch/install/forestguard_sim/share/forestguard_sim/models/forest_env/meshes/empty_grass.png
[1.006s] -- Symlinking: /home/john/git/RS1/john_branch/install/forestguard_sim/share/forestguard_sim/models/forest_env/meshes/grass-5efe540a8d596-1250.jpg
[1.012s] -- Symlinking: /home/john/git/RS1/john_branch/install/forestguard_sim/share/forestguard_sim/models/forest_env/meshes/images.jpeg
[1.017s] -- Symlinking: /home/john/git/RS1/john_branch/install/forestguard_sim/share/forestguard_sim/models/forest_env/meshes/rock.jpeg
[1.025s] -- Symlinking: /home/john/git/RS1/john_branch/install/forestguard_sim/share/forestguard_sim/models/forest_env/model.config
[1.030s] -- Symlinking: /home/john/git/RS1/john_branch/install/forestguard_sim/share/forestguard_sim/models/forest_env/model.sdf
[1.038s] -- Symlinking: /home/john/git/RS1/john_branch/install/forestguard_sim/share/forestguard_sim/models/forest_env1/materials/textures/grass-5efe540a8d596-1250.jpg
[1.046s] -- Symlinking: /home/john/git/RS1/john_branch/install/forestguard_sim/share/forestguard_sim/models/forest_env1/materials/textures/pack_3530346_thumb.jpg
[1.054s] -- Symlinking: /home/john/git/RS1/john_branch/install/forestguard_sim/share/forestguard_sim/models/forest_env1/materials/textures/seamless-rocky-forest-ground-texture-2.jpg
[1.060s] -- Symlinking: /home/john/git/RS1/john_branch/install/forestguard_sim/share/forestguard_sim/models/forest_env1/meshes/Environment2.dae
[1.067s] -- Symlinking: /home/john/git/RS1/john_branch/install/forestguard_sim/share/forestguard_sim/models/forest_env1/meshes/grass-5efe540a8d596-1250.jpg
[1.073s] -- Symlinking: /home/john/git/RS1/john_branch/install/forestguard_sim/share/forestguard_sim/models/forest_env1/meshes/pack_3530346_thumb.jpg
[1.081s] -- Symlinking: /home/john/git/RS1/john_branch/install/forestguard_sim/share/forestguard_sim/models/forest_env1/meshes/seamless-rocky-forest-ground-texture-2.jpg
[1.088s] -- Symlinking: /home/john/git/RS1/john_branch/install/forestguard_sim/share/forestguard_sim/models/forest_env1/model.config
[1.094s] -- Symlinking: /home/john/git/RS1/john_branch/install/forestguard_sim/share/forestguard_sim/models/forest_env1/model.sdf
[1.101s] -- Symlinking: /home/john/git/RS1/john_branch/install/forestguard_sim/share/forestguard_sim/models/forest_plane/materials/textures/empty_grass.png
[1.109s] -- Symlinking: /home/john/git/RS1/john_branch/install/forestguard_sim/share/forestguard_sim/models/forest_plane/materials/textures/forest_overhead.png
[1.115s] -- Symlinking: /home/john/git/RS1/john_branch/install/forestguard_sim/share/forestguard_sim/models/forest_plane/materials/textures/leaf_litter.png
[1.122s] -- Symlinking: /home/john/git/RS1/john_branch/install/forestguard_sim/share/forestguard_sim/models/forest_plane/model.config
[1.130s] -- Symlinking: /home/john/git/RS1/john_branch/install/forestguard_sim/share/forestguard_sim/models/forest_plane/model.sdf
[1.136s] -- Symlinking: /home/john/git/RS1/john_branch/install/forestguard_sim/share/forestguard_sim/models/forest_wall/materials/textures/forest_wall.png
[1.141s] -- Symlinking: /home/john/git/RS1/john_branch/install/forestguard_sim/share/forestguard_sim/models/forest_wall/materials/textures/forest_wall_transparent.png
[1.149s] -- Symlinking: /home/john/git/RS1/john_branch/install/forestguard_sim/share/forestguard_sim/models/forest_wall/materials/textures/forest_wall_transparent_small.png
[1.157s] -- Symlinking: /home/john/git/RS1/john_branch/install/forestguard_sim/share/forestguard_sim/models/forest_wall/model.config
[1.164s] -- Symlinking: /home/john/git/RS1/john_branch/install/forestguard_sim/share/forestguard_sim/models/forest_wall/model.sdf
[1.172s] -- Symlinking: /home/john/git/RS1/john_branch/install/forestguard_sim/share/forestguard_sim/models/grass_plane/materials/textures/empty_grass.png
[1.179s] -- Symlinking: /home/john/git/RS1/john_branch/install/forestguard_sim/share/forestguard_sim/models/grass_plane/model.config
[1.186s] -- Symlinking: /home/john/git/RS1/john_branch/install/forestguard_sim/share/forestguard_sim/models/grass_plane/model.sdf
[1.194s] -- Symlinking: /home/john/git/RS1/john_branch/install/forestguard_sim/share/forestguard_sim/models/tree1/materials/textures/bark01.jpg
[1.202s] -- Symlinking: /home/john/git/RS1/john_branch/install/forestguard_sim/share/forestguard_sim/models/tree1/meshes/tree_a.dae
[1.209s] -- Symlinking: /home/john/git/RS1/john_branch/install/forestguard_sim/share/forestguard_sim/models/tree1/model.config
[1.217s] -- Symlinking: /home/john/git/RS1/john_branch/install/forestguard_sim/share/forestguard_sim/models/tree1/model.sdf
[1.225s] -- Symlinking: /home/john/git/RS1/john_branch/install/forestguard_sim/share/forestguard_sim/models/tree2/materials/textures/bark.jpeg
[1.232s] -- Symlinking: /home/john/git/RS1/john_branch/install/forestguard_sim/share/forestguard_sim/models/tree2/meshes/tree_b.dae
[1.240s] -- Symlinking: /home/john/git/RS1/john_branch/install/forestguard_sim/share/forestguard_sim/models/tree2/model.config
[1.248s] -- Symlinking: /home/john/git/RS1/john_branch/install/forestguard_sim/share/forestguard_sim/models/tree2/model.sdf
[1.256s] -- Symlinking: /home/john/git/RS1/john_branch/install/forestguard_sim/share/forestguard_sim/urdf/common_properties.urdf.xacro
[1.263s] -- Symlinking: /home/john/git/RS1/john_branch/install/forestguard_sim/share/forestguard_sim/urdf/husky.gazebo.xacro
[1.271s] -- Symlinking: /home/john/git/RS1/john_branch/install/forestguard_sim/share/forestguard_sim/urdf/husky.urdf.xacro
[1.279s] -- Symlinking: /home/john/git/RS1/john_branch/install/forestguard_sim/share/forestguard_sim/urdf/meshes/base_link.dae
[1.286s] -- Symlinking: /home/john/git/RS1/john_branch/install/forestguard_sim/share/forestguard_sim/urdf/meshes/bumper.dae
[1.294s] -- Symlinking: /home/john/git/RS1/john_branch/install/forestguard_sim/share/forestguard_sim/urdf/meshes/jpl04_arch_nosensor.stl
[1.301s] -- Symlinking: /home/john/git/RS1/john_branch/install/forestguard_sim/share/forestguard_sim/urdf/meshes/top_chassis.dae
[1.309s] -- Symlinking: /home/john/git/RS1/john_branch/install/forestguard_sim/share/forestguard_sim/urdf/meshes/top_plate.dae
[1.317s] -- Symlinking: /home/john/git/RS1/john_branch/install/forestguard_sim/share/forestguard_sim/urdf/meshes/wheel.dae
[1.325s] -- Symlinking: /home/john/git/RS1/john_branch/install/forestguard_sim/share/forestguard_sim/urdf/wheel.urdf.xacro
[1.331s] -- Symlinking: /home/john/git/RS1/john_branch/install/forestguard_sim/share/forestguard_sim/worlds/forest_trees.sdf
[1.336s] -- Symlinking: /home/john/git/RS1/john_branch/install/forestguard_sim/share/forestguard_sim/worlds/forest_trees_flat.sdf
[1.344s] -- Symlinking: /home/john/git/RS1/john_branch/install/forestguard_sim/share/forestguard_sim/worlds/forest_world.sdf
[1.352s] -- Symlinking: /home/john/git/RS1/john_branch/install/forestguard_sim/share/forestguard_sim/worlds/large_demo.sdf
[1.360s] -- Symlinking: /home/john/git/RS1/john_branch/install/forestguard_sim/share/forestguard_sim/worlds/simple_trees.sdf
[1.368s] -- Symlinking: /home/john/git/RS1/john_branch/install/forestguard_sim/share/ament_index/resource_index/package_run_dependencies/forestguard_sim
[1.376s] -- Symlinking: /home/john/git/RS1/john_branch/install/forestguard_sim/share/ament_index/resource_index/parent_prefix_path/forestguard_sim
[1.384s] -- Symlinking: /home/john/git/RS1/john_branch/install/forestguard_sim/share/forestguard_sim/environment/ament_prefix_path.sh
[1.392s] -- Symlinking: /home/john/git/RS1/john_branch/install/forestguard_sim/share/forestguard_sim/environment/ament_prefix_path.dsv
[1.399s] -- Symlinking: /home/john/git/RS1/john_branch/install/forestguard_sim/share/forestguard_sim/environment/path.sh
[1.407s] -- Symlinking: /home/john/git/RS1/john_branch/install/forestguard_sim/share/forestguard_sim/environment/path.dsv
[1.412s] -- Symlinking: /home/john/git/RS1/john_branch/install/forestguard_sim/share/forestguard_sim/local_setup.bash
[1.420s] -- Symlinking: /home/john/git/RS1/john_branch/install/forestguard_sim/share/forestguard_sim/local_setup.sh
[1.428s] -- Symlinking: /home/john/git/RS1/john_branch/install/forestguard_sim/share/forestguard_sim/local_setup.zsh
[1.435s] -- Symlinking: /home/john/git/RS1/john_branch/install/forestguard_sim/share/forestguard_sim/local_setup.dsv
[1.442s] -- Symlinking: /home/john/git/RS1/john_branch/install/forestguard_sim/share/forestguard_sim/package.dsv
[1.449s] -- Symlinking: /home/john/git/RS1/john_branch/install/forestguard_sim/share/ament_index/resource_index/packages/forestguard_sim
[1.456s] -- Symlinking: /home/john/git/RS1/john_branch/install/forestguard_sim/share/forestguard_sim/cmake/forestguard_simConfig.cmake
[1.463s] -- Symlinking: /home/john/git/RS1/john_branch/install/forestguard_sim/share/forestguard_sim/cmake/forestguard_simConfig-version.cmake
[1.469s] -- Symlinking: /home/john/git/RS1/john_branch/install/forestguard_sim/share/forestguard_sim/package.xml
[1.478s] Invoked command in '/home/john/git/RS1/john_branch/build/forestguard_sim' returned '0': CMAKE_PREFIX_PATH=${CMAKE_PREFIX_PATH}:/home/john/git/RS1/john_branch/install/forestguard_ui:/home/john/git/RS1/john_branch/install/forestguard_colour:/opt/ros/humble /usr/bin/cmake --install /home/john/git/RS1/john_branch/build/forestguard_sim
