[0.128s] Invoking command in '/home/john/git/RS1/john_branch/build/forestguard_controller': CMAKE_PREFIX_PATH=${CMAKE_PREFIX_PATH}:/home/john/git/RS1/john_branch/install/turtlebot_ui:/home/john/git/RS1/john_branch/install/forestguard_ui:/home/john/git/RS1/john_branch/install/forestguard_colour:/opt/ros/humble /usr/bin/cmake /home/john/git/RS1/john_branch/src/forestguard_controller -DAMENT_CMAKE_SYMLINK_INSTALL=1 -DCMAKE_INSTALL_PREFIX=/home/john/git/RS1/john_branch/install/forestguard_controller
[0.259s] -- The C compiler identification is GNU 11.4.0
[0.259s] -- The CXX compiler identification is GNU 11.4.0
[0.259s] -- Detecting C compiler ABI info
[0.259s] -- Detecting C compiler ABI info - done
[0.259s] -- Check for working C compiler: /usr/bin/cc - skipped
[0.259s] -- Detecting C compile features
[0.259s] -- Detecting C compile features - done
[0.259s] -- Detecting CXX compiler ABI info
[0.314s] -- Detecting CXX compiler ABI info - done
[0.322s] -- Check for working CXX compiler: /usr/bin/c++ - skipped
[0.322s] -- Detecting CXX compile features
[0.322s] -- Detecting CXX compile features - done
[0.324s] -- Found ament_cmake: 1.3.12 (/opt/ros/humble/share/ament_cmake/cmake)
[0.439s] -- Found Python3: /usr/bin/python3 (found version "3.10.12") found components: Interpreter 
[0.483s] -- Override CMake install command with custom implementation using symlinks instead of copying resources
[0.500s] -- Found rclcpp: 16.0.15 (/opt/ros/humble/share/rclcpp/cmake)
[0.527s] -- Found rosidl_generator_c: 3.1.7 (/opt/ros/humble/share/rosidl_generator_c/cmake)
[0.530s] -- Found rosidl_adapter: 3.1.7 (/opt/ros/humble/share/rosidl_adapter/cmake)
[0.534s] -- Found rosidl_generator_cpp: 3.1.7 (/opt/ros/humble/share/rosidl_generator_cpp/cmake)
[0.542s] -- Using all available rosidl_typesupport_c: rosidl_typesupport_fastrtps_c;rosidl_typesupport_introspection_c
[0.552s] -- Using all available rosidl_typesupport_cpp: rosidl_typesupport_fastrtps_cpp;rosidl_typesupport_introspection_cpp
[0.576s] -- Found rmw_implementation_cmake: 6.1.2 (/opt/ros/humble/share/rmw_implementation_cmake/cmake)
[0.578s] -- Found rmw_fastrtps_cpp: 6.2.9 (/opt/ros/humble/share/rmw_fastrtps_cpp/cmake)
[0.639s] -- Found OpenSSL: /usr/lib/x86_64-linux-gnu/libcrypto.so (found version "3.0.2")  
[0.667s] -- Found FastRTPS: /opt/ros/humble/include  
[0.697s] -- Using RMW implementation 'rmw_fastrtps_cpp' as default
[0.702s] -- Looking for pthread.h
[0.753s] -- Looking for pthread.h - found
[0.754s] -- Performing Test CMAKE_HAVE_LIBC_PTHREAD
[0.802s] -- Performing Test CMAKE_HAVE_LIBC_PTHREAD - Success
[0.803s] -- Found Threads: TRUE  
[0.830s] -- Found rclcpp_action: 16.0.15 (/opt/ros/humble/share/rclcpp_action/cmake)
[0.848s] -- Found geometry_msgs: 4.9.0 (/opt/ros/humble/share/geometry_msgs/cmake)
[0.855s] -- Found sensor_msgs: 4.9.0 (/opt/ros/humble/share/sensor_msgs/cmake)
[0.864s] -- Found nav_msgs: 4.9.0 (/opt/ros/humble/share/nav_msgs/cmake)
[0.872s] -- Found visualization_msgs: 4.9.0 (/opt/ros/humble/share/visualization_msgs/cmake)
[0.883s] -- Found nav2_msgs: 1.1.19 (/opt/ros/humble/share/nav2_msgs/cmake)
[0.896s] -- Found tf2_ros: 0.25.16 (/opt/ros/humble/share/tf2_ros/cmake)
[0.932s] -- Found tf2_geometry_msgs: 0.25.16 (/opt/ros/humble/share/tf2_geometry_msgs/cmake)
[0.939s] -- Found eigen3_cmake_module: 0.1.1 (/opt/ros/humble/share/eigen3_cmake_module/cmake)
[0.940s] -- Found Eigen3: TRUE (found version "3.4.0") 
[0.940s] -- Ensuring Eigen3 include directory is part of orocos-kdl CMake target
[0.941s] -- Found cv_bridge: 3.2.1 (/opt/ros/humble/share/cv_bridge/cmake)
[0.949s] -- Found OpenCV: /usr (found version "4.5.4") 
[0.949s] -- Found ament_cmake_ros: 0.10.0 (/opt/ros/humble/share/ament_cmake_ros/cmake)
[0.953s] -- Found rosbag2_cpp: 0.15.15 (/opt/ros/humble/share/rosbag2_cpp/cmake)
[0.971s] -- Found ament_lint_auto: 0.12.14 (/opt/ros/humble/share/ament_lint_auto/cmake)
[1.017s] -- Added test 'cppcheck' to perform static code analysis on C / C++ code
[1.017s] -- Configured cppcheck include dirs: $<BUILD_INTERFACE:/home/john/git/RS1/john_branch/src/forestguard_controller/include>
[1.018s] -- Configured cppcheck exclude dirs and/or files: 
[1.018s] -- Added test 'lint_cmake' to check CMake code style
[1.018s] -- Added test 'uncrustify' to check C / C++ code style
[1.018s] -- Configured uncrustify additional arguments: 
[1.018s] -- Added test 'xmllint' to check XML markup files
[1.019s] -- Configuring done
[1.029s] -- Generating done
[1.031s] -- Build files have been written to: /home/john/git/RS1/john_branch/build/forestguard_controller
