[0.331s] Invoking command in '/home/john/git/RS1/john_branch/build/john': CMAKE_PREFIX_PATH=${CMAKE_PREFIX_PATH}:/home/john/git/RS1/john_branch/install/turtlebot_ui:/home/john/git/RS1/john_branch/install/forestguard_ui:/home/john/git/RS1/john_branch/install/forestguard_colour:/opt/ros/humble /usr/bin/cmake /home/john/git/RS1/john_branch/src/forestguard_sim -DAMENT_CMAKE_SYMLINK_INSTALL=1 -DCMAKE_INSTALL_PREFIX=/home/john/git/RS1/john_branch/install/john
[0.379s] -- The C compiler identification is GNU 11.4.0
[0.418s] -- The CXX compiler identification is GNU 11.4.0
[0.424s] -- Detecting C compiler ABI info
[0.478s] -- Detecting C compiler ABI info - done
[0.482s] -- Check for working C compiler: /usr/bin/cc - skipped
[0.483s] -- Detecting C compile features
[0.483s] -- Detecting C compile features - done
[0.485s] -- Detecting CXX compiler ABI info
[0.549s] -- Detecting CXX compiler ABI info - done
[0.554s] -- Check for working CXX compiler: /usr/bin/c++ - skipped
[0.554s] -- Detecting CXX compile features
[0.554s] -- Detecting CXX compile features - done
[0.556s] -- Found ament_cmake: 1.3.12 (/opt/ros/humble/share/ament_cmake/cmake)
[0.677s] -- Found Python3: /usr/bin/python3 (found version "3.10.12") found components: Interpreter 
[0.724s] -- Override CMake install command with custom implementation using symlinks instead of copying resources
[0.744s] -- Found ros_ign_interfaces: 0.244.20 (/opt/ros/humble/share/ros_ign_interfaces/cmake)
[0.767s] -- Found rosidl_generator_c: 3.1.7 (/opt/ros/humble/share/rosidl_generator_c/cmake)
[0.771s] -- Found rosidl_adapter: 3.1.7 (/opt/ros/humble/share/rosidl_adapter/cmake)
[0.776s] -- Found rosidl_generator_cpp: 3.1.7 (/opt/ros/humble/share/rosidl_generator_cpp/cmake)
[0.784s] -- Using all available rosidl_typesupport_c: rosidl_typesupport_fastrtps_c;rosidl_typesupport_introspection_c
[0.794s] -- Using all available rosidl_typesupport_cpp: rosidl_typesupport_fastrtps_cpp;rosidl_typesupport_introspection_cpp
[0.852s] -- Found ament_lint_auto: 0.12.14 (/opt/ros/humble/share/ament_lint_auto/cmake)
[0.909s] -- Added test 'copyright' to check source files copyright and LICENSE
[0.913s] -- Added test 'flake8' to check Python code syntax and style conventions
[0.913s] -- Added test 'lint_cmake' to check CMake code style
[0.914s] -- Added test 'pep257' to check Python code against some of the docstring style conventions in PEP 257
[0.916s] -- Added test 'xmllint' to check XML markup files
[0.917s] -- Configuring done
[0.919s] -- Generating done
[0.920s] -- Build files have been written to: /home/john/git/RS1/john_branch/build/john
[0.925s] Invoked command in '/home/john/git/RS1/john_branch/build/john' returned '0': CMAKE_PREFIX_PATH=${CMAKE_PREFIX_PATH}:/home/john/git/RS1/john_branch/install/turtlebot_ui:/home/john/git/RS1/john_branch/install/forestguard_ui:/home/john/git/RS1/john_branch/install/forestguard_colour:/opt/ros/humble /usr/bin/cmake /home/john/git/RS1/john_branch/src/forestguard_sim -DAMENT_CMAKE_SYMLINK_INSTALL=1 -DCMAKE_INSTALL_PREFIX=/home/john/git/RS1/john_branch/install/john
[0.927s] Invoking command in '/home/john/git/RS1/john_branch/build/john': CMAKE_PREFIX_PATH=${CMAKE_PREFIX_PATH}:/home/john/git/RS1/john_branch/install/turtlebot_ui:/home/john/git/RS1/john_branch/install/forestguard_ui:/home/john/git/RS1/john_branch/install/forestguard_colour:/opt/ros/humble /usr/bin/cmake --build /home/john/git/RS1/john_branch/build/john -- -j20 -l20
[0.970s] Invoked command in '/home/john/git/RS1/john_branch/build/john' returned '0': CMAKE_PREFIX_PATH=${CMAKE_PREFIX_PATH}:/home/john/git/RS1/john_branch/install/turtlebot_ui:/home/john/git/RS1/john_branch/install/forestguard_ui:/home/john/git/RS1/john_branch/install/forestguard_colour:/opt/ros/humble /usr/bin/cmake --build /home/john/git/RS1/john_branch/build/john -- -j20 -l20
[0.981s] Invoking command in '/home/john/git/RS1/john_branch/build/john': CMAKE_PREFIX_PATH=${CMAKE_PREFIX_PATH}:/home/john/git/RS1/john_branch/install/turtlebot_ui:/home/john/git/RS1/john_branch/install/forestguard_ui:/home/john/git/RS1/john_branch/install/forestguard_colour:/opt/ros/humble /usr/bin/cmake --install /home/john/git/RS1/john_branch/build/john
[0.989s] -- Install configuration: ""
[0.989s] -- Execute custom install script
[0.989s] -- Symlinking: /home/john/git/RS1/john_branch/install/john/share/john/config/gazebo_bridge.yaml
[0.995s] -- Symlinking: /home/john/git/RS1/john_branch/install/john/share/john/config/john.rviz
[1.004s] -- Symlinking: /home/john/git/RS1/john_branch/install/john/share/john/config/nav2_params.yaml
[1.012s] -- Symlinking: /home/john/git/RS1/john_branch/install/john/share/john/config/robot_localization.yaml
[1.023s] -- Symlinking: /home/john/git/RS1/john_branch/install/john/share/john/config/slam_params.yaml
[1.030s] -- Symlinking: /home/john/git/RS1/john_branch/install/john/share/john/launch/john.launch.py
[1.036s] -- Symlinking: /home/john/git/RS1/john_branch/install/john/share/john/launch/johnNavigation.launch.py
[1.045s] -- Symlinking: /home/john/git/RS1/john_branch/install/john/share/john/launch/johnXL.py
[1.052s] -- Symlinking: /home/john/git/RS1/john_branch/install/john/share/john/launch/random_forest_husky.launch.py
[1.062s] -- Symlinking: /home/john/git/RS1/john_branch/install/john/share/john/models/forest_env/materials/textures/empty_grass.png
[1.076s] -- Symlinking: /home/john/git/RS1/john_branch/install/john/share/john/models/forest_env/meshes/Environment.dae
[1.087s] -- Symlinking: /home/john/git/RS1/john_branch/install/john/share/john/models/forest_env/meshes/Environment1.dae
[1.097s] -- Symlinking: /home/john/git/RS1/john_branch/install/john/share/john/models/forest_env/meshes/empty_grass.png
[1.105s] -- Symlinking: /home/john/git/RS1/john_branch/install/john/share/john/models/forest_env/model.config
[1.110s] -- Symlinking: /home/john/git/RS1/john_branch/install/john/share/john/models/forest_env/model.sdf
[1.118s] -- Symlinking: /home/john/git/RS1/john_branch/install/john/share/john/models/forest_plane/materials/textures/empty_grass.png
[1.132s] -- Symlinking: /home/john/git/RS1/john_branch/install/john/share/john/models/forest_plane/materials/textures/forest_overhead.png
[1.144s] -- Symlinking: /home/john/git/RS1/john_branch/install/john/share/john/models/forest_plane/materials/textures/leaf_litter.png
[1.153s] -- Symlinking: /home/john/git/RS1/john_branch/install/john/share/john/models/forest_plane/model.config
[1.161s] -- Symlinking: /home/john/git/RS1/john_branch/install/john/share/john/models/forest_plane/model.sdf
[1.166s] -- Symlinking: /home/john/git/RS1/john_branch/install/john/share/john/models/forest_wall/materials/textures/forest_wall.png
[1.174s] -- Symlinking: /home/john/git/RS1/john_branch/install/john/share/john/models/forest_wall/materials/textures/forest_wall_transparent.png
[1.180s] -- Symlinking: /home/john/git/RS1/john_branch/install/john/share/john/models/forest_wall/materials/textures/forest_wall_transparent_small.png
[1.188s] -- Symlinking: /home/john/git/RS1/john_branch/install/john/share/john/models/forest_wall/model.config
[1.195s] -- Symlinking: /home/john/git/RS1/john_branch/install/john/share/john/models/forest_wall/model.sdf
[1.204s] -- Symlinking: /home/john/git/RS1/john_branch/install/john/share/john/models/grass_plane/materials/textures/empty_grass.png
[1.212s] -- Symlinking: /home/john/git/RS1/john_branch/install/john/share/john/models/grass_plane/model.config
[1.219s] -- Symlinking: /home/john/git/RS1/john_branch/install/john/share/john/models/grass_plane/model.sdf
[1.225s] -- Symlinking: /home/john/git/RS1/john_branch/install/john/share/john/models/tree1/materials/textures/bark01.jpg
[1.232s] -- Symlinking: /home/john/git/RS1/john_branch/install/john/share/john/models/tree1/meshes/tree_a.dae
[1.237s] -- Symlinking: /home/john/git/RS1/john_branch/install/john/share/john/models/tree1/model.config
[1.244s] -- Symlinking: /home/john/git/RS1/john_branch/install/john/share/john/models/tree1/model.sdf
[1.251s] -- Symlinking: /home/john/git/RS1/john_branch/install/john/share/john/models/tree2/materials/textures/bark.jpeg
[1.257s] -- Symlinking: /home/john/git/RS1/john_branch/install/john/share/john/models/tree2/meshes/tree_b.dae
[1.263s] -- Symlinking: /home/john/git/RS1/john_branch/install/john/share/john/models/tree2/model.config
[1.270s] -- Symlinking: /home/john/git/RS1/john_branch/install/john/share/john/models/tree2/model.sdf
[1.276s] -- Symlinking: /home/john/git/RS1/john_branch/install/john/share/john/urdf/common_properties.urdf.xacro
[1.283s] -- Symlinking: /home/john/git/RS1/john_branch/install/john/share/john/urdf/husky.gazebo.xacro
[1.288s] -- Symlinking: /home/john/git/RS1/john_branch/install/john/share/john/urdf/husky.urdf.xacro
[1.294s] -- Symlinking: /home/john/git/RS1/john_branch/install/john/share/john/urdf/meshes/base_link.dae
[1.302s] -- Symlinking: /home/john/git/RS1/john_branch/install/john/share/john/urdf/meshes/bumper.dae
[1.308s] -- Symlinking: /home/john/git/RS1/john_branch/install/john/share/john/urdf/meshes/jpl04_arch_nosensor.stl
[1.315s] -- Symlinking: /home/john/git/RS1/john_branch/install/john/share/john/urdf/meshes/top_chassis.dae
[1.321s] -- Symlinking: /home/john/git/RS1/john_branch/install/john/share/john/urdf/meshes/top_plate.dae
[1.329s] -- Symlinking: /home/john/git/RS1/john_branch/install/john/share/john/urdf/meshes/wheel.dae
[1.334s] -- Symlinking: /home/john/git/RS1/john_branch/install/john/share/john/urdf/wheel.urdf.xacro
[1.340s] -- Symlinking: /home/john/git/RS1/john_branch/install/john/share/john/worlds/forest_world.sdf
[1.347s] -- Symlinking: /home/john/git/RS1/john_branch/install/john/share/john/worlds/large_demo.sdf
[1.354s] -- Symlinking: /home/john/git/RS1/john_branch/install/john/share/john/worlds/simple_trees.sdf
[1.359s] -- Symlinking: /home/john/git/RS1/john_branch/install/john/share/ament_index/resource_index/package_run_dependencies/john
[1.365s] -- Symlinking: /home/john/git/RS1/john_branch/install/john/share/ament_index/resource_index/parent_prefix_path/john
[1.371s] -- Symlinking: /home/john/git/RS1/john_branch/install/john/share/john/environment/ament_prefix_path.sh
[1.377s] -- Symlinking: /home/john/git/RS1/john_branch/install/john/share/john/environment/ament_prefix_path.dsv
[1.383s] -- Symlinking: /home/john/git/RS1/john_branch/install/john/share/john/environment/path.sh
[1.392s] -- Symlinking: /home/john/git/RS1/john_branch/install/john/share/john/environment/path.dsv
[1.400s] -- Symlinking: /home/john/git/RS1/john_branch/install/john/share/john/local_setup.bash
[1.407s] -- Symlinking: /home/john/git/RS1/john_branch/install/john/share/john/local_setup.sh
[1.415s] -- Symlinking: /home/john/git/RS1/john_branch/install/john/share/john/local_setup.zsh
[1.423s] -- Symlinking: /home/john/git/RS1/john_branch/install/john/share/john/local_setup.dsv
[1.433s] -- Symlinking: /home/john/git/RS1/john_branch/install/john/share/john/package.dsv
[1.444s] -- Symlinking: /home/john/git/RS1/john_branch/install/john/share/ament_index/resource_index/packages/john
[1.455s] -- Symlinking: /home/john/git/RS1/john_branch/install/john/share/john/cmake/johnConfig.cmake
[1.465s] -- Symlinking: /home/john/git/RS1/john_branch/install/john/share/john/cmake/johnConfig-version.cmake
[1.476s] -- Symlinking: /home/john/git/RS1/john_branch/install/john/share/john/package.xml
[1.492s] Invoked command in '/home/john/git/RS1/john_branch/build/john' returned '0': CMAKE_PREFIX_PATH=${CMAKE_PREFIX_PATH}:/home/john/git/RS1/john_branch/install/turtlebot_ui:/home/john/git/RS1/john_branch/install/forestguard_ui:/home/john/git/RS1/john_branch/install/forestguard_colour:/opt/ros/humble /usr/bin/cmake --install /home/john/git/RS1/john_branch/build/john
