[0.258s] Invoking command in '/home/john/git/RS1/john_branch/build/john': CMAKE_PREFIX_PATH=${CMAKE_PREFIX_PATH}:/home/john/git/RS1/john_branch/install/forestguard_ui:/home/john/git/RS1/john_branch/install/forestguard_colour:/opt/ros/humble /usr/bin/cmake /home/john/git/RS1/john_branch/src/forestguard_sim -DAMENT_CMAKE_SYMLINK_INSTALL=1 -DCMAKE_INSTALL_PREFIX=/home/john/git/RS1/john_branch/install/john
[0.286s] -- The C compiler identification is GNU 11.4.0
[0.326s] -- The CXX compiler identification is GNU 11.4.0
[0.331s] -- Detecting C compiler ABI info
[0.374s] -- Detecting C compiler ABI info - done
[0.378s] -- Check for working C compiler: /usr/bin/cc - skipped
[0.378s] -- Detecting C compile features
[0.378s] -- Detecting C compile features - done
[0.380s] -- Detecting CXX compiler ABI info
[0.436s] -- Detecting CXX compiler ABI info - done
[0.440s] -- Check for working CXX compiler: /usr/bin/c++ - skipped
[0.440s] -- Detecting CXX compile features
[0.440s] -- Detecting CXX compile features - done
[0.441s] -- Found ament_cmake: 1.3.12 (/opt/ros/humble/share/ament_cmake/cmake)
[0.543s] -- Found Python3: /usr/bin/python3 (found version "3.10.12") found components: Interpreter 
[0.579s] -- Override CMake install command with custom implementation using symlinks instead of copying resources
[0.595s] -- Found ros_ign_interfaces: 0.244.20 (/opt/ros/humble/share/ros_ign_interfaces/cmake)
[0.618s] -- Found rosidl_generator_c: 3.1.7 (/opt/ros/humble/share/rosidl_generator_c/cmake)
[0.620s] -- Found rosidl_adapter: 3.1.7 (/opt/ros/humble/share/rosidl_adapter/cmake)
[0.625s] -- Found rosidl_generator_cpp: 3.1.7 (/opt/ros/humble/share/rosidl_generator_cpp/cmake)
[0.633s] -- Using all available rosidl_typesupport_c: rosidl_typesupport_fastrtps_c;rosidl_typesupport_introspection_c
[0.642s] -- Using all available rosidl_typesupport_cpp: rosidl_typesupport_fastrtps_cpp;rosidl_typesupport_introspection_cpp
[0.705s] -- Found ament_lint_auto: 0.12.14 (/opt/ros/humble/share/ament_lint_auto/cmake)
[0.757s] -- Added test 'copyright' to check source files copyright and LICENSE
[0.762s] -- Added test 'flake8' to check Python code syntax and style conventions
[0.762s] -- Added test 'lint_cmake' to check CMake code style
[0.763s] -- Added test 'pep257' to check Python code against some of the docstring style conventions in PEP 257
[0.765s] -- Added test 'xmllint' to check XML markup files
[0.766s] -- Configuring done
[0.768s] -- Generating done
[0.768s] -- Build files have been written to: /home/john/git/RS1/john_branch/build/john
[0.772s] Invoked command in '/home/john/git/RS1/john_branch/build/john' returned '0': CMAKE_PREFIX_PATH=${CMAKE_PREFIX_PATH}:/home/john/git/RS1/john_branch/install/forestguard_ui:/home/john/git/RS1/john_branch/install/forestguard_colour:/opt/ros/humble /usr/bin/cmake /home/john/git/RS1/john_branch/src/forestguard_sim -DAMENT_CMAKE_SYMLINK_INSTALL=1 -DCMAKE_INSTALL_PREFIX=/home/john/git/RS1/john_branch/install/john
[0.773s] Invoking command in '/home/john/git/RS1/john_branch/build/john': CMAKE_PREFIX_PATH=${CMAKE_PREFIX_PATH}:/home/john/git/RS1/john_branch/install/forestguard_ui:/home/john/git/RS1/john_branch/install/forestguard_colour:/opt/ros/humble /usr/bin/cmake --build /home/john/git/RS1/john_branch/build/john -- -j20 -l20
[0.798s] Invoked command in '/home/john/git/RS1/john_branch/build/john' returned '0': CMAKE_PREFIX_PATH=${CMAKE_PREFIX_PATH}:/home/john/git/RS1/john_branch/install/forestguard_ui:/home/john/git/RS1/john_branch/install/forestguard_colour:/opt/ros/humble /usr/bin/cmake --build /home/john/git/RS1/john_branch/build/john -- -j20 -l20
[0.804s] Invoking command in '/home/john/git/RS1/john_branch/build/john': CMAKE_PREFIX_PATH=${CMAKE_PREFIX_PATH}:/home/john/git/RS1/john_branch/install/forestguard_ui:/home/john/git/RS1/john_branch/install/forestguard_colour:/opt/ros/humble /usr/bin/cmake --install /home/john/git/RS1/john_branch/build/john
[0.809s] -- Install configuration: ""
[0.809s] -- Execute custom install script
[0.810s] -- Symlinking: /home/john/git/RS1/john_branch/install/john/share/john/config/forest.rviz
[0.815s] -- Symlinking: /home/john/git/RS1/john_branch/install/john/share/john/config/gazebo_bridge.yaml
[0.821s] -- Symlinking: /home/john/git/RS1/john_branch/install/john/share/john/config/john.rviz
[0.826s] -- Symlinking: /home/john/git/RS1/john_branch/install/john/share/john/config/nav2_params.yaml
[0.830s] -- Symlinking: /home/john/git/RS1/john_branch/install/john/share/john/config/robot_localization.yaml
[0.835s] -- Symlinking: /home/john/git/RS1/john_branch/install/john/share/john/config/slam_params.yaml
[0.841s] -- Symlinking: /home/john/git/RS1/john_branch/install/john/share/john/config/xbox_teleop.yaml
[0.846s] -- Symlinking: /home/john/git/RS1/john_branch/install/john/share/john/launch/41068_ignition.launch.py
[0.850s] -- Symlinking: /home/john/git/RS1/john_branch/install/john/share/john/launch/JOHNAUTO.launch.py
[0.854s] -- Symlinking: /home/john/git/RS1/john_branch/install/john/share/john/launch/autonomous_forest.launch.py
[0.860s] -- Symlinking: /home/john/git/RS1/john_branch/install/john/share/john/launch/forest_mapping.launch.py
[0.865s] -- Symlinking: /home/john/git/RS1/john_branch/install/john/share/john/launch/forest_random.launch.py
[0.871s] -- Symlinking: /home/john/git/RS1/john_branch/install/john/share/john/launch/forest_world.launch.py
[0.875s] -- Symlinking: /home/john/git/RS1/john_branch/install/john/share/john/launch/john.launch.py
[0.880s] -- Symlinking: /home/john/git/RS1/john_branch/install/john/share/john/launch/johnNavigation.launch.py
[0.884s] -- Symlinking: /home/john/git/RS1/john_branch/install/john/share/john/launch/johnXL.py
[0.888s] -- Symlinking: /home/john/git/RS1/john_branch/install/john/share/john/launch/john_autonomous_forest.launch.py
[0.892s] -- Symlinking: /home/john/git/RS1/john_branch/install/john/share/john/launch/large_forest_husky.launch.py
[0.898s] -- Symlinking: /home/john/git/RS1/john_branch/install/john/share/john/launch/navigation_map.launch.py
[0.903s] -- Symlinking: /home/john/git/RS1/john_branch/install/john/share/john/launch/random_forest_husky.launch.py
[0.907s] -- Symlinking: /home/john/git/RS1/john_branch/install/john/share/john/launch/sample
[0.912s] -- Symlinking: /home/john/git/RS1/john_branch/install/john/share/john/maps/forest_map.pgm
[0.917s] -- Symlinking: /home/john/git/RS1/john_branch/install/john/share/john/maps/forest_map.yaml
[0.921s] -- Symlinking: /home/john/git/RS1/john_branch/install/john/share/john/models/forest_env/materials/textures/empty_grass.png
[0.927s] -- Symlinking: /home/john/git/RS1/john_branch/install/john/share/john/models/forest_env/meshes/Environment.dae
[0.932s] -- Symlinking: /home/john/git/RS1/john_branch/install/john/share/john/models/forest_env/meshes/Environment1.dae
[0.938s] -- Symlinking: /home/john/git/RS1/john_branch/install/john/share/john/models/forest_env/meshes/Environment2.dae
[0.944s] -- Symlinking: /home/john/git/RS1/john_branch/install/john/share/john/models/forest_env/meshes/Environment3.dae
[0.948s] -- Symlinking: /home/john/git/RS1/john_branch/install/john/share/john/models/forest_env/meshes/empty_grass.png
[0.953s] -- Symlinking: /home/john/git/RS1/john_branch/install/john/share/john/models/forest_env/meshes/grass-5efe540a8d596-1250.jpg
[0.957s] -- Symlinking: /home/john/git/RS1/john_branch/install/john/share/john/models/forest_env/meshes/images.jpeg
[0.962s] -- Symlinking: /home/john/git/RS1/john_branch/install/john/share/john/models/forest_env/meshes/rock.jpeg
[0.968s] -- Symlinking: /home/john/git/RS1/john_branch/install/john/share/john/models/forest_env/model.config
[0.973s] -- Symlinking: /home/john/git/RS1/john_branch/install/john/share/john/models/forest_env/model.sdf
[0.977s] -- Symlinking: /home/john/git/RS1/john_branch/install/john/share/john/models/forest_env1/materials/textures/grass-5efe540a8d596-1250.jpg
[0.981s] -- Symlinking: /home/john/git/RS1/john_branch/install/john/share/john/models/forest_env1/materials/textures/pack_3530346_thumb.jpg
[0.986s] -- Symlinking: /home/john/git/RS1/john_branch/install/john/share/john/models/forest_env1/materials/textures/seamless-rocky-forest-ground-texture-2.jpg
[0.990s] -- Symlinking: /home/john/git/RS1/john_branch/install/john/share/john/models/forest_env1/meshes/Environment2.dae
[0.995s] -- Symlinking: /home/john/git/RS1/john_branch/install/john/share/john/models/forest_env1/meshes/grass-5efe540a8d596-1250.jpg
[0.999s] -- Symlinking: /home/john/git/RS1/john_branch/install/john/share/john/models/forest_env1/meshes/pack_3530346_thumb.jpg
[1.005s] -- Symlinking: /home/john/git/RS1/john_branch/install/john/share/john/models/forest_env1/meshes/seamless-rocky-forest-ground-texture-2.jpg
[1.011s] -- Symlinking: /home/john/git/RS1/john_branch/install/john/share/john/models/forest_env1/model.config
[1.016s] -- Symlinking: /home/john/git/RS1/john_branch/install/john/share/john/models/forest_env1/model.sdf
[1.021s] -- Symlinking: /home/john/git/RS1/john_branch/install/john/share/john/models/forest_plane/materials/textures/empty_grass.png
[1.029s] -- Symlinking: /home/john/git/RS1/john_branch/install/john/share/john/models/forest_plane/materials/textures/forest_overhead.png
[1.033s] -- Symlinking: /home/john/git/RS1/john_branch/install/john/share/john/models/forest_plane/materials/textures/leaf_litter.png
[1.037s] -- Symlinking: /home/john/git/RS1/john_branch/install/john/share/john/models/forest_plane/model.config
[1.042s] -- Symlinking: /home/john/git/RS1/john_branch/install/john/share/john/models/forest_plane/model.sdf
[1.047s] -- Symlinking: /home/john/git/RS1/john_branch/install/john/share/john/models/forest_wall/materials/textures/forest_wall.png
[1.054s] -- Symlinking: /home/john/git/RS1/john_branch/install/john/share/john/models/forest_wall/materials/textures/forest_wall_transparent.png
[1.061s] -- Symlinking: /home/john/git/RS1/john_branch/install/john/share/john/models/forest_wall/materials/textures/forest_wall_transparent_small.png
[1.067s] -- Symlinking: /home/john/git/RS1/john_branch/install/john/share/john/models/forest_wall/model.config
[1.072s] -- Symlinking: /home/john/git/RS1/john_branch/install/john/share/john/models/forest_wall/model.sdf
[1.078s] -- Symlinking: /home/john/git/RS1/john_branch/install/john/share/john/models/grass_plane/materials/textures/empty_grass.png
[1.083s] -- Symlinking: /home/john/git/RS1/john_branch/install/john/share/john/models/grass_plane/model.config
[1.091s] -- Symlinking: /home/john/git/RS1/john_branch/install/john/share/john/models/grass_plane/model.sdf
[1.095s] -- Symlinking: /home/john/git/RS1/john_branch/install/john/share/john/models/tree1/materials/textures/bark01.jpg
[1.102s] -- Symlinking: /home/john/git/RS1/john_branch/install/john/share/john/models/tree1/meshes/tree_a.dae
[1.107s] -- Symlinking: /home/john/git/RS1/john_branch/install/john/share/john/models/tree1/model.config
[1.113s] -- Symlinking: /home/john/git/RS1/john_branch/install/john/share/john/models/tree1/model.sdf
[1.120s] -- Symlinking: /home/john/git/RS1/john_branch/install/john/share/john/models/tree2/materials/textures/bark.jpeg
[1.126s] -- Symlinking: /home/john/git/RS1/john_branch/install/john/share/john/models/tree2/meshes/tree_b.dae
[1.131s] -- Symlinking: /home/john/git/RS1/john_branch/install/john/share/john/models/tree2/model.config
[1.137s] -- Symlinking: /home/john/git/RS1/john_branch/install/john/share/john/models/tree2/model.sdf
[1.142s] -- Symlinking: /home/john/git/RS1/john_branch/install/john/share/john/urdf/common_properties.urdf.xacro
[1.149s] -- Symlinking: /home/john/git/RS1/john_branch/install/john/share/john/urdf/husky.gazebo.xacro
[1.154s] -- Symlinking: /home/john/git/RS1/john_branch/install/john/share/john/urdf/husky.urdf.xacro
[1.160s] -- Symlinking: /home/john/git/RS1/john_branch/install/john/share/john/urdf/meshes/base_link.dae
[1.165s] -- Symlinking: /home/john/git/RS1/john_branch/install/john/share/john/urdf/meshes/bumper.dae
[1.172s] -- Symlinking: /home/john/git/RS1/john_branch/install/john/share/john/urdf/meshes/jpl04_arch_nosensor.stl
[1.178s] -- Symlinking: /home/john/git/RS1/john_branch/install/john/share/john/urdf/meshes/top_chassis.dae
[1.184s] -- Symlinking: /home/john/git/RS1/john_branch/install/john/share/john/urdf/meshes/top_plate.dae
[1.189s] -- Symlinking: /home/john/git/RS1/john_branch/install/john/share/john/urdf/meshes/wheel.dae
[1.195s] -- Symlinking: /home/john/git/RS1/john_branch/install/john/share/john/urdf/wheel.urdf.xacro
[1.201s] -- Symlinking: /home/john/git/RS1/john_branch/install/john/share/john/worlds/forest_trees.sdf
[1.206s] -- Symlinking: /home/john/git/RS1/john_branch/install/john/share/john/worlds/forest_trees_flat.sdf
[1.211s] -- Symlinking: /home/john/git/RS1/john_branch/install/john/share/john/worlds/forest_world.sdf
[1.218s] -- Symlinking: /home/john/git/RS1/john_branch/install/john/share/john/worlds/large_demo.sdf
[1.224s] -- Symlinking: /home/john/git/RS1/john_branch/install/john/share/john/worlds/simple_trees.sdf
[1.232s] -- Symlinking: /home/john/git/RS1/john_branch/install/john/share/ament_index/resource_index/package_run_dependencies/john
[1.239s] -- Symlinking: /home/john/git/RS1/john_branch/install/john/share/ament_index/resource_index/parent_prefix_path/john
[1.245s] -- Symlinking: /home/john/git/RS1/john_branch/install/john/share/john/environment/ament_prefix_path.sh
[1.253s] -- Symlinking: /home/john/git/RS1/john_branch/install/john/share/john/environment/ament_prefix_path.dsv
[1.259s] -- Symlinking: /home/john/git/RS1/john_branch/install/john/share/john/environment/path.sh
[1.264s] -- Symlinking: /home/john/git/RS1/john_branch/install/john/share/john/environment/path.dsv
[1.271s] -- Symlinking: /home/john/git/RS1/john_branch/install/john/share/john/local_setup.bash
[1.278s] -- Symlinking: /home/john/git/RS1/john_branch/install/john/share/john/local_setup.sh
[1.284s] -- Symlinking: /home/john/git/RS1/john_branch/install/john/share/john/local_setup.zsh
[1.290s] -- Symlinking: /home/john/git/RS1/john_branch/install/john/share/john/local_setup.dsv
[1.297s] -- Symlinking: /home/john/git/RS1/john_branch/install/john/share/john/package.dsv
[1.304s] -- Symlinking: /home/john/git/RS1/john_branch/install/john/share/ament_index/resource_index/packages/john
[1.310s] -- Symlinking: /home/john/git/RS1/john_branch/install/john/share/john/cmake/johnConfig.cmake
[1.318s] -- Symlinking: /home/john/git/RS1/john_branch/install/john/share/john/cmake/johnConfig-version.cmake
[1.326s] -- Symlinking: /home/john/git/RS1/john_branch/install/john/share/john/package.xml
[1.335s] Invoked command in '/home/john/git/RS1/john_branch/build/john' returned '0': CMAKE_PREFIX_PATH=${CMAKE_PREFIX_PATH}:/home/john/git/RS1/john_branch/install/forestguard_ui:/home/john/git/RS1/john_branch/install/forestguard_colour:/opt/ros/humble /usr/bin/cmake --install /home/john/git/RS1/john_branch/build/john
