[0.487s] Invoking command in '/home/john/git/RS1/john_branch/build/forestguard_ui': PYTHONPATH=/home/john/git/RS1/john_branch/build/forestguard_ui/prefix_override:/usr/lib/python3/dist-packages/colcon_core/task/python/colcon_distutils_commands:/home/john/git/RS1/john_branch/install/forestguard_ui/lib/python3.10/site-packages:${PYTHONPATH} /usr/bin/python3 -W ignore:setup.py install is deprecated -W ignore:easy_install command is deprecated setup.py develop --editable --build-directory /home/john/git/RS1/john_branch/build/forestguard_ui/build --no-deps symlink_data
[0.636s] running develop
[0.728s] running egg_info
[0.728s] writing forestguard_ui.egg-info/PKG-INFO
[0.728s] writing dependency_links to forestguard_ui.egg-info/dependency_links.txt
[0.728s] writing entry points to forestguard_ui.egg-info/entry_points.txt
[0.728s] writing requirements to forestguard_ui.egg-info/requires.txt
[0.728s] writing top-level names to forestguard_ui.egg-info/top_level.txt
[0.730s] reading manifest file 'forestguard_ui.egg-info/SOURCES.txt'
[0.730s] writing manifest file 'forestguard_ui.egg-info/SOURCES.txt'
[0.731s] running build_ext
[0.731s] Creating /home/john/git/RS1/john_branch/install/forestguard_ui/lib/python3.10/site-packages/forestguard-ui.egg-link (link to .)
[0.732s] Installing battery_sim script to /home/john/git/RS1/john_branch/install/forestguard_ui/lib/forestguard_ui
[0.732s] Installing controller_bridge script to /home/john/git/RS1/john_branch/install/forestguard_ui/lib/forestguard_ui
[0.732s] Installing run_ui script to /home/john/git/RS1/john_branch/install/forestguard_ui/lib/forestguard_ui
[0.732s] Installing twist_scaler script to /home/john/git/RS1/john_branch/install/forestguard_ui/lib/forestguard_ui
[0.732s] 
[0.732s] Installed /home/john/git/RS1/john_branch/build/forestguard_ui
[0.732s] running symlink_data
[0.749s] Invoked command in '/home/john/git/RS1/john_branch/build/forestguard_ui' returned '0': PYTHONPATH=/home/john/git/RS1/john_branch/build/forestguard_ui/prefix_override:/usr/lib/python3/dist-packages/colcon_core/task/python/colcon_distutils_commands:/home/john/git/RS1/john_branch/install/forestguard_ui/lib/python3.10/site-packages:${PYTHONPATH} /usr/bin/python3 -W ignore:setup.py install is deprecated -W ignore:easy_install command is deprecated setup.py develop --editable --build-directory /home/john/git/RS1/john_branch/build/forestguard_ui/build --no-deps symlink_data
