-- Install configuration: ""
-- Execute custom install script
-- Up-to-date symlink: /home/john/git/RS1/john_branch/install/forestguard_sim/share/forestguard_sim/config/forest.rviz
-- Up-to-date symlink: /home/john/git/RS1/john_branch/install/forestguard_sim/share/forestguard_sim/config/gazebo_bridge.yaml
-- Up-to-date symlink: /home/john/git/RS1/john_branch/install/forestguard_sim/share/forestguard_sim/config/john.rviz
-- Up-to-date symlink: /home/john/git/RS1/john_branch/install/forestguard_sim/share/forestguard_sim/config/nav2_params.yaml
-- Up-to-date symlink: /home/john/git/RS1/john_branch/install/forestguard_sim/share/forestguard_sim/config/robot_localization.yaml
-- Up-to-date symlink: /home/john/git/RS1/john_branch/install/forestguard_sim/share/forestguard_sim/config/slam_params.yaml
-- Up-to-date symlink: /home/john/git/RS1/john_branch/install/forestguard_sim/share/forestguard_sim/config/xbox_teleop.yaml
-- Up-to-date symlink: /home/john/git/RS1/john_branch/install/forestguard_sim/share/forestguard_sim/launch/41068_ignition.launch.py
-- Up-to-date symlink: /home/john/git/RS1/john_branch/install/forestguard_sim/share/forestguard_sim/launch/JOHNAUTO.launch.py
-- Up-to-date symlink: /home/john/git/RS1/john_branch/install/forestguard_sim/share/forestguard_sim/launch/autonomous_forest.launch.py
-- Up-to-date symlink: /home/john/git/RS1/john_branch/install/forestguard_sim/share/forestguard_sim/launch/forest_mapping.launch.py
-- Up-to-date symlink: /home/john/git/RS1/john_branch/install/forestguard_sim/share/forestguard_sim/launch/forest_random.launch.py
-- Up-to-date symlink: /home/john/git/RS1/john_branch/install/forestguard_sim/share/forestguard_sim/launch/forest_world.launch.py
-- Up-to-date symlink: /home/john/git/RS1/john_branch/install/forestguard_sim/share/forestguard_sim/launch/john.launch.py
-- Up-to-date symlink: /home/john/git/RS1/john_branch/install/forestguard_sim/share/forestguard_sim/launch/johnAUTO2.launch.py
-- Up-to-date symlink: /home/john/git/RS1/john_branch/install/forestguard_sim/share/forestguard_sim/launch/johnNavigation.launch.py
-- Up-to-date symlink: /home/john/git/RS1/john_branch/install/forestguard_sim/share/forestguard_sim/launch/johnXL.py
-- Up-to-date symlink: /home/john/git/RS1/john_branch/install/forestguard_sim/share/forestguard_sim/launch/john_autonomous_forest.launch.py
-- Up-to-date symlink: /home/john/git/RS1/john_branch/install/forestguard_sim/share/forestguard_sim/launch/large_forest_husky.launch.py
-- Up-to-date symlink: /home/john/git/RS1/john_branch/install/forestguard_sim/share/forestguard_sim/launch/navigation_map.launch.py
-- Up-to-date symlink: /home/john/git/RS1/john_branch/install/forestguard_sim/share/forestguard_sim/launch/random_forest_husky.launch.py
-- Up-to-date symlink: /home/john/git/RS1/john_branch/install/forestguard_sim/share/forestguard_sim/launch/sample
-- Up-to-date symlink: /home/john/git/RS1/john_branch/install/forestguard_sim/share/forestguard_sim/maps/forest_map.pgm
-- Up-to-date symlink: /home/john/git/RS1/john_branch/install/forestguard_sim/share/forestguard_sim/maps/forest_map.yaml
-- Up-to-date symlink: /home/john/git/RS1/john_branch/install/forestguard_sim/share/forestguard_sim/models/forest_env/materials/textures/empty_grass.png
-- Up-to-date symlink: /home/john/git/RS1/john_branch/install/forestguard_sim/share/forestguard_sim/models/forest_env/meshes/Environment.dae
-- Up-to-date symlink: /home/john/git/RS1/john_branch/install/forestguard_sim/share/forestguard_sim/models/forest_env/meshes/Environment1.dae
-- Up-to-date symlink: /home/john/git/RS1/john_branch/install/forestguard_sim/share/forestguard_sim/models/forest_env/meshes/Environment2.dae
-- Up-to-date symlink: /home/john/git/RS1/john_branch/install/forestguard_sim/share/forestguard_sim/models/forest_env/meshes/Environment3.dae
-- Symlinking: /home/john/git/RS1/john_branch/install/forestguard_sim/share/forestguard_sim/models/forest_env/meshes/Environment4.dae
-- Up-to-date symlink: /home/john/git/RS1/john_branch/install/forestguard_sim/share/forestguard_sim/models/forest_env/meshes/empty_grass.png
-- Up-to-date symlink: /home/john/git/RS1/john_branch/install/forestguard_sim/share/forestguard_sim/models/forest_env/meshes/empty_grass.png.001.png
-- Up-to-date symlink: /home/john/git/RS1/john_branch/install/forestguard_sim/share/forestguard_sim/models/forest_env/meshes/grass-5efe540a8d596-1250.jpg
-- Up-to-date symlink: /home/john/git/RS1/john_branch/install/forestguard_sim/share/forestguard_sim/models/forest_env/meshes/grass-5efe540a8d596-1250.jpg.001.jpg
-- Up-to-date symlink: /home/john/git/RS1/john_branch/install/forestguard_sim/share/forestguard_sim/models/forest_env/meshes/images.jpeg
-- Up-to-date symlink: /home/john/git/RS1/john_branch/install/forestguard_sim/share/forestguard_sim/models/forest_env/meshes/rock.jpeg
-- Up-to-date symlink: /home/john/git/RS1/john_branch/install/forestguard_sim/share/forestguard_sim/models/forest_env/model.config
-- Up-to-date symlink: /home/john/git/RS1/john_branch/install/forestguard_sim/share/forestguard_sim/models/forest_env/model.sdf
-- Up-to-date symlink: /home/john/git/RS1/john_branch/install/forestguard_sim/share/forestguard_sim/models/forest_env1/materials/textures/grass-5efe540a8d596-1250.jpg
-- Up-to-date symlink: /home/john/git/RS1/john_branch/install/forestguard_sim/share/forestguard_sim/models/forest_env1/materials/textures/pack_3530346_thumb.jpg
-- Up-to-date symlink: /home/john/git/RS1/john_branch/install/forestguard_sim/share/forestguard_sim/models/forest_env1/materials/textures/seamless-rocky-forest-ground-texture-2.jpg
-- Up-to-date symlink: /home/john/git/RS1/john_branch/install/forestguard_sim/share/forestguard_sim/models/forest_env1/meshes/Environment2.dae
-- Up-to-date symlink: /home/john/git/RS1/john_branch/install/forestguard_sim/share/forestguard_sim/models/forest_env1/meshes/grass-5efe540a8d596-1250.jpg
-- Up-to-date symlink: /home/john/git/RS1/john_branch/install/forestguard_sim/share/forestguard_sim/models/forest_env1/meshes/pack_3530346_thumb.jpg
-- Up-to-date symlink: /home/john/git/RS1/john_branch/install/forestguard_sim/share/forestguard_sim/models/forest_env1/meshes/seamless-rocky-forest-ground-texture-2.jpg
-- Up-to-date symlink: /home/john/git/RS1/john_branch/install/forestguard_sim/share/forestguard_sim/models/forest_env1/model.config
-- Up-to-date symlink: /home/john/git/RS1/john_branch/install/forestguard_sim/share/forestguard_sim/models/forest_env1/model.sdf
-- Up-to-date symlink: /home/john/git/RS1/john_branch/install/forestguard_sim/share/forestguard_sim/models/forest_plane/materials/textures/empty_grass.png
-- Up-to-date symlink: /home/john/git/RS1/john_branch/install/forestguard_sim/share/forestguard_sim/models/forest_plane/materials/textures/forest_overhead.png
-- Up-to-date symlink: /home/john/git/RS1/john_branch/install/forestguard_sim/share/forestguard_sim/models/forest_plane/materials/textures/leaf_litter.png
-- Up-to-date symlink: /home/john/git/RS1/john_branch/install/forestguard_sim/share/forestguard_sim/models/forest_plane/model.config
-- Up-to-date symlink: /home/john/git/RS1/john_branch/install/forestguard_sim/share/forestguard_sim/models/forest_plane/model.sdf
-- Up-to-date symlink: /home/john/git/RS1/john_branch/install/forestguard_sim/share/forestguard_sim/models/forest_wall/materials/textures/forest_wall.png
-- Up-to-date symlink: /home/john/git/RS1/john_branch/install/forestguard_sim/share/forestguard_sim/models/forest_wall/materials/textures/forest_wall_transparent.png
-- Up-to-date symlink: /home/john/git/RS1/john_branch/install/forestguard_sim/share/forestguard_sim/models/forest_wall/materials/textures/forest_wall_transparent_small.png
-- Up-to-date symlink: /home/john/git/RS1/john_branch/install/forestguard_sim/share/forestguard_sim/models/forest_wall/model.config
-- Up-to-date symlink: /home/john/git/RS1/john_branch/install/forestguard_sim/share/forestguard_sim/models/forest_wall/model.sdf
-- Up-to-date symlink: /home/john/git/RS1/john_branch/install/forestguard_sim/share/forestguard_sim/models/grass_plane/materials/textures/empty_grass.png
-- Up-to-date symlink: /home/john/git/RS1/john_branch/install/forestguard_sim/share/forestguard_sim/models/grass_plane/model.config
-- Up-to-date symlink: /home/john/git/RS1/john_branch/install/forestguard_sim/share/forestguard_sim/models/grass_plane/model.sdf
-- Up-to-date symlink: /home/john/git/RS1/john_branch/install/forestguard_sim/share/forestguard_sim/models/tree1/materials/textures/bark01.jpg
-- Up-to-date symlink: /home/john/git/RS1/john_branch/install/forestguard_sim/share/forestguard_sim/models/tree1/meshes/tree_a.dae
-- Up-to-date symlink: /home/john/git/RS1/john_branch/install/forestguard_sim/share/forestguard_sim/models/tree1/model.config
-- Up-to-date symlink: /home/john/git/RS1/john_branch/install/forestguard_sim/share/forestguard_sim/models/tree1/model.sdf
-- Up-to-date symlink: /home/john/git/RS1/john_branch/install/forestguard_sim/share/forestguard_sim/models/tree2/materials/textures/bark.jpeg
-- Up-to-date symlink: /home/john/git/RS1/john_branch/install/forestguard_sim/share/forestguard_sim/models/tree2/meshes/tree_b.dae
-- Up-to-date symlink: /home/john/git/RS1/john_branch/install/forestguard_sim/share/forestguard_sim/models/tree2/model.config
-- Up-to-date symlink: /home/john/git/RS1/john_branch/install/forestguard_sim/share/forestguard_sim/models/tree2/model.sdf
-- Up-to-date symlink: /home/john/git/RS1/john_branch/install/forestguard_sim/share/forestguard_sim/urdf/common_properties.urdf.xacro
-- Up-to-date symlink: /home/john/git/RS1/john_branch/install/forestguard_sim/share/forestguard_sim/urdf/husky.gazebo.xacro
-- Up-to-date symlink: /home/john/git/RS1/john_branch/install/forestguard_sim/share/forestguard_sim/urdf/husky.urdf.xacro
-- Up-to-date symlink: /home/john/git/RS1/john_branch/install/forestguard_sim/share/forestguard_sim/urdf/meshes/base_link.dae
-- Up-to-date symlink: /home/john/git/RS1/john_branch/install/forestguard_sim/share/forestguard_sim/urdf/meshes/bumper.dae
-- Up-to-date symlink: /home/john/git/RS1/john_branch/install/forestguard_sim/share/forestguard_sim/urdf/meshes/jpl04_arch_nosensor.stl
-- Up-to-date symlink: /home/john/git/RS1/john_branch/install/forestguard_sim/share/forestguard_sim/urdf/meshes/top_chassis.dae
-- Up-to-date symlink: /home/john/git/RS1/john_branch/install/forestguard_sim/share/forestguard_sim/urdf/meshes/top_plate.dae
-- Up-to-date symlink: /home/john/git/RS1/john_branch/install/forestguard_sim/share/forestguard_sim/urdf/meshes/wheel.dae
-- Up-to-date symlink: /home/john/git/RS1/john_branch/install/forestguard_sim/share/forestguard_sim/urdf/wheel.urdf.xacro
-- Up-to-date symlink: /home/john/git/RS1/john_branch/install/forestguard_sim/share/forestguard_sim/worlds/forest_trees.sdf
-- Up-to-date symlink: /home/john/git/RS1/john_branch/install/forestguard_sim/share/forestguard_sim/worlds/forest_trees_flat.sdf
-- Up-to-date symlink: /home/john/git/RS1/john_branch/install/forestguard_sim/share/forestguard_sim/worlds/forest_world.sdf
-- Up-to-date symlink: /home/john/git/RS1/john_branch/install/forestguard_sim/share/forestguard_sim/worlds/large_demo.sdf
-- Up-to-date symlink: /home/john/git/RS1/john_branch/install/forestguard_sim/share/forestguard_sim/worlds/simple_trees.sdf
-- Up-to-date symlink: /home/john/git/RS1/john_branch/install/forestguard_sim/share/ament_index/resource_index/package_run_dependencies/forestguard_sim
-- Up-to-date symlink: /home/john/git/RS1/john_branch/install/forestguard_sim/share/ament_index/resource_index/parent_prefix_path/forestguard_sim
-- Up-to-date symlink: /home/john/git/RS1/john_branch/install/forestguard_sim/share/forestguard_sim/environment/ament_prefix_path.sh
-- Up-to-date symlink: /home/john/git/RS1/john_branch/install/forestguard_sim/share/forestguard_sim/environment/ament_prefix_path.dsv
-- Up-to-date symlink: /home/john/git/RS1/john_branch/install/forestguard_sim/share/forestguard_sim/environment/path.sh
-- Up-to-date symlink: /home/john/git/RS1/john_branch/install/forestguard_sim/share/forestguard_sim/environment/path.dsv
-- Up-to-date symlink: /home/john/git/RS1/john_branch/install/forestguard_sim/share/forestguard_sim/local_setup.bash
-- Up-to-date symlink: /home/john/git/RS1/john_branch/install/forestguard_sim/share/forestguard_sim/local_setup.sh
-- Up-to-date symlink: /home/john/git/RS1/john_branch/install/forestguard_sim/share/forestguard_sim/local_setup.zsh
-- Up-to-date symlink: /home/john/git/RS1/john_branch/install/forestguard_sim/share/forestguard_sim/local_setup.dsv
-- Symlinking: /home/john/git/RS1/john_branch/install/forestguard_sim/share/forestguard_sim/package.dsv
-- Up-to-date symlink: /home/john/git/RS1/john_branch/install/forestguard_sim/share/ament_index/resource_index/packages/forestguard_sim
-- Up-to-date symlink: /home/john/git/RS1/john_branch/install/forestguard_sim/share/forestguard_sim/cmake/forestguard_simConfig.cmake
-- Up-to-date symlink: /home/john/git/RS1/john_branch/install/forestguard_sim/share/forestguard_sim/cmake/forestguard_simConfig-version.cmake
-- Up-to-date symlink: /home/john/git/RS1/john_branch/install/forestguard_sim/share/forestguard_sim/package.xml
