/home/yut/.local/lib/python3.10/site-packages/setuptools/_distutils/dist.py:289: UserWarning: Unknown distribution option: 'tests_require'
  warnings.warn(msg)
running egg_info
creating ../../build/forestguard_colour/forestguard_colour.egg-info
writing ../../build/forestguard_colour/forestguard_colour.egg-info/PKG-INFO
writing dependency_links to ../../build/forestguard_colour/forestguard_colour.egg-info/dependency_links.txt
writing entry points to ../../build/forestguard_colour/forestguard_colour.egg-info/entry_points.txt
writing requirements to ../../build/forestguard_colour/forestguard_colour.egg-info/requires.txt
writing top-level names to ../../build/forestguard_colour/forestguard_colour.egg-info/top_level.txt
writing manifest file '../../build/forestguard_colour/forestguard_colour.egg-info/SOURCES.txt'
reading manifest file '../../build/forestguard_colour/forestguard_colour.egg-info/SOURCES.txt'
writing manifest file '../../build/forestguard_colour/forestguard_colour.egg-info/SOURCES.txt'
running build
running build_py
creating /home/yut/git/rs1-2025s-ytu77/yuto_branch/build/forestguard_colour/build/lib/forestguard_colour
copying forestguard_colour/tree_detector_node.py -> /home/yut/git/rs1-2025s-ytu77/yuto_branch/build/forestguard_colour/build/lib/forestguard_colour
copying forestguard_colour/tree_detector_v2.py -> /home/yut/git/rs1-2025s-ytu77/yuto_branch/build/forestguard_colour/build/lib/forestguard_colour
copying forestguard_colour/hsv_calibrator.py -> /home/yut/git/rs1-2025s-ytu77/yuto_branch/build/forestguard_colour/build/lib/forestguard_colour
copying forestguard_colour/__init__.py -> /home/yut/git/rs1-2025s-ytu77/yuto_branch/build/forestguard_colour/build/lib/forestguard_colour
running install
running install_lib
creating /home/yut/git/rs1-2025s-ytu77/yuto_branch/install/forestguard_colour/lib/python3.10/site-packages/forestguard_colour
copying /home/yut/git/rs1-2025s-ytu77/yuto_branch/build/forestguard_colour/build/lib/forestguard_colour/tree_detector_node.py -> /home/yut/git/rs1-2025s-ytu77/yuto_branch/install/forestguard_colour/lib/python3.10/site-packages/forestguard_colour
copying /home/yut/git/rs1-2025s-ytu77/yuto_branch/build/forestguard_colour/build/lib/forestguard_colour/tree_detector_v2.py -> /home/yut/git/rs1-2025s-ytu77/yuto_branch/install/forestguard_colour/lib/python3.10/site-packages/forestguard_colour
copying /home/yut/git/rs1-2025s-ytu77/yuto_branch/build/forestguard_colour/build/lib/forestguard_colour/hsv_calibrator.py -> /home/yut/git/rs1-2025s-ytu77/yuto_branch/install/forestguard_colour/lib/python3.10/site-packages/forestguard_colour
copying /home/yut/git/rs1-2025s-ytu77/yuto_branch/build/forestguard_colour/build/lib/forestguard_colour/__init__.py -> /home/yut/git/rs1-2025s-ytu77/yuto_branch/install/forestguard_colour/lib/python3.10/site-packages/forestguard_colour
byte-compiling /home/yut/git/rs1-2025s-ytu77/yuto_branch/install/forestguard_colour/lib/python3.10/site-packages/forestguard_colour/tree_detector_node.py to tree_detector_node.cpython-310.pyc
byte-compiling /home/yut/git/rs1-2025s-ytu77/yuto_branch/install/forestguard_colour/lib/python3.10/site-packages/forestguard_colour/tree_detector_v2.py to tree_detector_v2.cpython-310.pyc
byte-compiling /home/yut/git/rs1-2025s-ytu77/yuto_branch/install/forestguard_colour/lib/python3.10/site-packages/forestguard_colour/hsv_calibrator.py to hsv_calibrator.cpython-310.pyc
byte-compiling /home/yut/git/rs1-2025s-ytu77/yuto_branch/install/forestguard_colour/lib/python3.10/site-packages/forestguard_colour/__init__.py to __init__.cpython-310.pyc
running install_data
creating /home/yut/git/rs1-2025s-ytu77/yuto_branch/install/forestguard_colour/share/ament_index/resource_index/packages
copying resource/forestguard_colour -> /home/yut/git/rs1-2025s-ytu77/yuto_branch/install/forestguard_colour/share/ament_index/resource_index/packages
copying package.xml -> /home/yut/git/rs1-2025s-ytu77/yuto_branch/install/forestguard_colour/share/forestguard_colour
creating /home/yut/git/rs1-2025s-ytu77/yuto_branch/install/forestguard_colour/share/forestguard_colour/launch
copying launch/colour_detector.launch.py -> /home/yut/git/rs1-2025s-ytu77/yuto_branch/install/forestguard_colour/share/forestguard_colour/launch
running install_egg_info
Copying ../../build/forestguard_colour/forestguard_colour.egg-info to /home/yut/git/rs1-2025s-ytu77/yuto_branch/install/forestguard_colour/lib/python3.10/site-packages/forestguard_colour-0.0.1-py3.10.egg-info
running install_scripts
Installing hsv_calibrator script to /home/yut/git/rs1-2025s-ytu77/yuto_branch/install/forestguard_colour/lib/forestguard_colour
Installing tree_detector script to /home/yut/git/rs1-2025s-ytu77/yuto_branch/install/forestguard_colour/lib/forestguard_colour
Installing tree_detector_v2 script to /home/yut/git/rs1-2025s-ytu77/yuto_branch/install/forestguard_colour/lib/forestguard_colour
writing list of installed files to '/home/yut/git/rs1-2025s-ytu77/yuto_branch/build/forestguard_colour/install.log'
