running develop
running egg_info
creating turtlebot_ui.egg-info
writing turtlebot_ui.egg-info/PKG-INFO
writing dependency_links to turtlebot_ui.egg-info/dependency_links.txt
writing entry points to turtlebot_ui.egg-info/entry_points.txt
writing requirements to turtlebot_ui.egg-info/requires.txt
writing top-level names to turtlebot_ui.egg-info/top_level.txt
writing manifest file 'turtlebot_ui.egg-info/SOURCES.txt'
reading manifest file 'turtlebot_ui.egg-info/SOURCES.txt'
writing manifest file 'turtlebot_ui.egg-info/SOURCES.txt'
running build_ext
Creating /home/john/git/RS1/john_branch/install/turtlebot_ui/lib/python3.10/site-packages/turtlebot-ui.egg-link (link to .)
Installing run_ui script to /home/john/git/RS1/john_branch/install/turtlebot_ui/lib/turtlebot_ui

Installed /home/john/git/RS1/john_branch/build/turtlebot_ui
running symlink_data
creating /home/john/git/RS1/john_branch/install/turtlebot_ui/share/ament_index
creating /home/john/git/RS1/john_branch/install/turtlebot_ui/share/ament_index/resource_index
creating /home/john/git/RS1/john_branch/install/turtlebot_ui/share/ament_index/resource_index/packages
symbolically linking /home/john/git/RS1/john_branch/build/turtlebot_ui/resource/turtlebot_ui -> /home/john/git/RS1/john_branch/install/turtlebot_ui/share/ament_index/resource_index/packages
symbolically linking /home/john/git/RS1/john_branch/build/turtlebot_ui/package.xml -> /home/john/git/RS1/john_branch/install/turtlebot_ui/share/turtlebot_ui
