[0.267s] DEBUG:colcon:Command line arguments: ['/usr/bin/colcon', 'build']
[0.268s] DEBUG:colcon:Parsed command line arguments: Namespace(log_base=None, log_level=None, verb_name='build', build_base='build', install_base='install', merge_install=False, symlink_install=False, test_result_base=None, continue_on_error=False, executor='parallel', parallel_workers=16, event_handlers=None, ignore_user_meta=False, metas=['./colcon.meta'], base_paths=['.'], packages_ignore=None, packages_ignore_regex=None, paths=None, packages_up_to=None, packages_up_to_regex=None, packages_above=None, packages_above_and_dependencies=None, packages_above_depth=None, packages_select_by_dep=None, packages_skip_by_dep=None, packages_skip_up_to=None, packages_select_build_failed=False, packages_skip_build_finished=False, packages_select_test_failures=False, packages_skip_test_passed=False, packages_select=None, packages_skip=None, packages_select_regex=None, packages_skip_regex=None, packages_start=None, packages_end=None, allow_overriding=[], cmake_args=None, cmake_target=None, cmake_target_skip_unavailable=False, cmake_clean_cache=False, cmake_clean_first=False, cmake_force_configure=False, ament_cmake_args=None, catkin_cmake_args=None, catkin_skip_building_tests=False, verb_parser=<colcon_defaults.argument_parser.defaults.DefaultArgumentsDecorator object at 0x77dbcc6262c0>, verb_extension=<colcon_core.verb.build.BuildVerb object at 0x77dbcc625db0>, main=<bound method BuildVerb.main of <colcon_core.verb.build.BuildVerb object at 0x77dbcc625db0>>)
[0.767s] Level 1:colcon.colcon_core.package_discovery:discover_packages(colcon_meta) check parameters
[0.767s] Level 1:colcon.colcon_core.package_discovery:discover_packages(recursive) check parameters
[0.767s] Level 1:colcon.colcon_core.package_discovery:discover_packages(ignore) check parameters
[0.767s] Level 1:colcon.colcon_core.package_discovery:discover_packages(path) check parameters
[0.767s] Level 1:colcon.colcon_core.package_discovery:discover_packages(colcon_meta) discover
[0.767s] Level 1:colcon.colcon_core.package_discovery:discover_packages(recursive) discover
[0.768s] INFO:colcon.colcon_core.package_discovery:Crawling recursively for packages in '/home/claudia/ForestGuard'
[0.768s] Level 1:colcon.colcon_core.package_identification:_identify(.) by extensions ['ignore', 'ignore_ament_install']
[0.768s] Level 1:colcon.colcon_core.package_identification:_identify(.) by extension 'ignore'
[0.768s] Level 1:colcon.colcon_core.package_identification:_identify(.) by extension 'ignore_ament_install'
[0.768s] Level 1:colcon.colcon_core.package_identification:_identify(.) by extensions ['colcon_pkg']
[0.768s] Level 1:colcon.colcon_core.package_identification:_identify(.) by extension 'colcon_pkg'
[0.769s] Level 1:colcon.colcon_core.package_identification:_identify(.) by extensions ['colcon_meta']
[0.769s] Level 1:colcon.colcon_core.package_identification:_identify(.) by extension 'colcon_meta'
[0.769s] Level 1:colcon.colcon_core.package_identification:_identify(.) by extensions ['ros']
[0.769s] Level 1:colcon.colcon_core.package_identification:_identify(.) by extension 'ros'
[0.797s] Level 1:colcon.colcon_core.package_identification:_identify(.) by extensions ['cmake', 'python']
[0.798s] Level 1:colcon.colcon_core.package_identification:_identify(.) by extension 'cmake'
[0.798s] Level 1:colcon.colcon_core.package_identification:_identify(.) by extension 'python'
[0.798s] Level 1:colcon.colcon_core.package_identification:_identify(.) by extensions ['python_setup_py']
[0.798s] Level 1:colcon.colcon_core.package_identification:_identify(.) by extension 'python_setup_py'
[0.798s] Level 1:colcon.colcon_core.package_identification:_identify(build) by extensions ['ignore', 'ignore_ament_install']
[0.799s] Level 1:colcon.colcon_core.package_identification:_identify(build) by extension 'ignore'
[0.799s] Level 1:colcon.colcon_core.package_identification:_identify(build) ignored
[0.799s] Level 1:colcon.colcon_core.package_identification:_identify(install) by extensions ['ignore', 'ignore_ament_install']
[0.799s] Level 1:colcon.colcon_core.package_identification:_identify(install) by extension 'ignore'
[0.799s] Level 1:colcon.colcon_core.package_identification:_identify(install) ignored
[0.800s] Level 1:colcon.colcon_core.package_identification:_identify(log) by extensions ['ignore', 'ignore_ament_install']
[0.800s] Level 1:colcon.colcon_core.package_identification:_identify(log) by extension 'ignore'
[0.800s] Level 1:colcon.colcon_core.package_identification:_identify(log) ignored
[0.800s] Level 1:colcon.colcon_core.package_identification:_identify(src) by extensions ['ignore', 'ignore_ament_install']
[0.801s] Level 1:colcon.colcon_core.package_identification:_identify(src) by extension 'ignore'
[0.801s] Level 1:colcon.colcon_core.package_identification:_identify(src) by extension 'ignore_ament_install'
[0.801s] Level 1:colcon.colcon_core.package_identification:_identify(src) by extensions ['colcon_pkg']
[0.801s] Level 1:colcon.colcon_core.package_identification:_identify(src) by extension 'colcon_pkg'
[0.801s] Level 1:colcon.colcon_core.package_identification:_identify(src) by extensions ['colcon_meta']
[0.801s] Level 1:colcon.colcon_core.package_identification:_identify(src) by extension 'colcon_meta'
[0.801s] Level 1:colcon.colcon_core.package_identification:_identify(src) by extensions ['ros']
[0.801s] Level 1:colcon.colcon_core.package_identification:_identify(src) by extension 'ros'
[0.802s] Level 1:colcon.colcon_core.package_identification:_identify(src) by extensions ['cmake', 'python']
[0.802s] Level 1:colcon.colcon_core.package_identification:_identify(src) by extension 'cmake'
[0.802s] Level 1:colcon.colcon_core.package_identification:_identify(src) by extension 'python'
[0.802s] Level 1:colcon.colcon_core.package_identification:_identify(src) by extensions ['python_setup_py']
[0.802s] Level 1:colcon.colcon_core.package_identification:_identify(src) by extension 'python_setup_py'
[0.802s] Level 1:colcon.colcon_core.package_identification:_identify(src/build) by extensions ['ignore', 'ignore_ament_install']
[0.802s] Level 1:colcon.colcon_core.package_identification:_identify(src/build) by extension 'ignore'
[0.803s] Level 1:colcon.colcon_core.package_identification:_identify(src/build) ignored
[0.803s] Level 1:colcon.colcon_core.package_identification:_identify(src/controller_pkg) by extensions ['ignore', 'ignore_ament_install']
[0.803s] Level 1:colcon.colcon_core.package_identification:_identify(src/controller_pkg) by extension 'ignore'
[0.803s] Level 1:colcon.colcon_core.package_identification:_identify(src/controller_pkg) by extension 'ignore_ament_install'
[0.803s] Level 1:colcon.colcon_core.package_identification:_identify(src/controller_pkg) by extensions ['colcon_pkg']
[0.804s] Level 1:colcon.colcon_core.package_identification:_identify(src/controller_pkg) by extension 'colcon_pkg'
[0.804s] Level 1:colcon.colcon_core.package_identification:_identify(src/controller_pkg) by extensions ['colcon_meta']
[0.804s] Level 1:colcon.colcon_core.package_identification:_identify(src/controller_pkg) by extension 'colcon_meta'
[0.804s] Level 1:colcon.colcon_core.package_identification:_identify(src/controller_pkg) by extensions ['ros']
[0.804s] Level 1:colcon.colcon_core.package_identification:_identify(src/controller_pkg) by extension 'ros'
[0.835s] DEBUG:colcon.colcon_core.package_identification:Package 'src/controller_pkg' with type 'ros.ament_cmake' and name 'controller_pkg'
[0.836s] Level 1:colcon.colcon_core.package_identification:_identify(src/install) by extensions ['ignore', 'ignore_ament_install']
[0.836s] Level 1:colcon.colcon_core.package_identification:_identify(src/install) by extension 'ignore'
[0.836s] Level 1:colcon.colcon_core.package_identification:_identify(src/install) ignored
[0.837s] Level 1:colcon.colcon_core.package_identification:_identify(src/log) by extensions ['ignore', 'ignore_ament_install']
[0.837s] Level 1:colcon.colcon_core.package_identification:_identify(src/log) by extension 'ignore'
[0.837s] Level 1:colcon.colcon_core.package_identification:_identify(src/log) ignored
[0.838s] Level 1:colcon.colcon_core.package_identification:_identify(src/my_drone_pkg) by extensions ['ignore', 'ignore_ament_install']
[0.838s] Level 1:colcon.colcon_core.package_identification:_identify(src/my_drone_pkg) by extension 'ignore'
[0.838s] Level 1:colcon.colcon_core.package_identification:_identify(src/my_drone_pkg) by extension 'ignore_ament_install'
[0.838s] Level 1:colcon.colcon_core.package_identification:_identify(src/my_drone_pkg) by extensions ['colcon_pkg']
[0.838s] Level 1:colcon.colcon_core.package_identification:_identify(src/my_drone_pkg) by extension 'colcon_pkg'
[0.839s] Level 1:colcon.colcon_core.package_identification:_identify(src/my_drone_pkg) by extensions ['colcon_meta']
[0.839s] Level 1:colcon.colcon_core.package_identification:_identify(src/my_drone_pkg) by extension 'colcon_meta'
[0.839s] Level 1:colcon.colcon_core.package_identification:_identify(src/my_drone_pkg) by extensions ['ros']
[0.839s] Level 1:colcon.colcon_core.package_identification:_identify(src/my_drone_pkg) by extension 'ros'
[0.840s] DEBUG:colcon.colcon_core.package_identification:Package 'src/my_drone_pkg' with type 'ros.ament_cmake' and name 'my_drone_pkg'
[0.841s] Level 1:colcon.colcon_core.package_identification:_identify(src/sdf_to_urdf_converter) by extensions ['ignore', 'ignore_ament_install']
[0.841s] Level 1:colcon.colcon_core.package_identification:_identify(src/sdf_to_urdf_converter) by extension 'ignore'
[0.841s] Level 1:colcon.colcon_core.package_identification:_identify(src/sdf_to_urdf_converter) by extension 'ignore_ament_install'
[0.841s] Level 1:colcon.colcon_core.package_identification:_identify(src/sdf_to_urdf_converter) by extensions ['colcon_pkg']
[0.841s] Level 1:colcon.colcon_core.package_identification:_identify(src/sdf_to_urdf_converter) by extension 'colcon_pkg'
[0.842s] Level 1:colcon.colcon_core.package_identification:_identify(src/sdf_to_urdf_converter) by extensions ['colcon_meta']
[0.842s] Level 1:colcon.colcon_core.package_identification:_identify(src/sdf_to_urdf_converter) by extension 'colcon_meta'
[0.842s] Level 1:colcon.colcon_core.package_identification:_identify(src/sdf_to_urdf_converter) by extensions ['ros']
[0.842s] Level 1:colcon.colcon_core.package_identification:_identify(src/sdf_to_urdf_converter) by extension 'ros'
[0.844s] DEBUG:colcon.colcon_core.package_identification:Package 'src/sdf_to_urdf_converter' with type 'ros.ament_cmake' and name 'sdf_to_urdf_converter'
[0.844s] Level 1:colcon.colcon_core.package_discovery:discover_packages(recursive) using defaults
[0.844s] Level 1:colcon.colcon_core.package_discovery:discover_packages(ignore) discover
[0.844s] Level 1:colcon.colcon_core.package_discovery:discover_packages(ignore) using defaults
[0.844s] Level 1:colcon.colcon_core.package_discovery:discover_packages(path) discover
[0.844s] Level 1:colcon.colcon_core.package_discovery:discover_packages(path) using defaults
[0.895s] Level 1:colcon.colcon_core.package_discovery:discover_packages(prefix_path) check parameters
[0.895s] Level 1:colcon.colcon_core.package_discovery:discover_packages(prefix_path) discover
[0.900s] DEBUG:colcon.colcon_installed_package_information.package_discovery:Found 2 installed packages in /home/claudia/rs1_ws/install
[0.902s] DEBUG:colcon.colcon_installed_package_information.package_discovery:Found 11 installed packages in /home/claudia/ros2_ws/install
[0.907s] DEBUG:colcon.colcon_installed_package_information.package_discovery:Found 476 installed packages in /opt/ros/humble
[0.914s] Level 1:colcon.colcon_core.package_discovery:discover_packages(prefix_path) using defaults
[1.061s] Level 5:colcon.colcon_core.verb:set package 'controller_pkg' build argument 'cmake_args' from command line to 'None'
[1.061s] Level 5:colcon.colcon_core.verb:set package 'controller_pkg' build argument 'cmake_target' from command line to 'None'
[1.061s] Level 5:colcon.colcon_core.verb:set package 'controller_pkg' build argument 'cmake_target_skip_unavailable' from command line to 'False'
[1.061s] Level 5:colcon.colcon_core.verb:set package 'controller_pkg' build argument 'cmake_clean_cache' from command line to 'False'
[1.061s] Level 5:colcon.colcon_core.verb:set package 'controller_pkg' build argument 'cmake_clean_first' from command line to 'False'
[1.061s] Level 5:colcon.colcon_core.verb:set package 'controller_pkg' build argument 'cmake_force_configure' from command line to 'False'
[1.061s] Level 5:colcon.colcon_core.verb:set package 'controller_pkg' build argument 'ament_cmake_args' from command line to 'None'
[1.061s] Level 5:colcon.colcon_core.verb:set package 'controller_pkg' build argument 'catkin_cmake_args' from command line to 'None'
[1.061s] Level 5:colcon.colcon_core.verb:set package 'controller_pkg' build argument 'catkin_skip_building_tests' from command line to 'False'
[1.061s] DEBUG:colcon.colcon_core.verb:Building package 'controller_pkg' with the following arguments: {'ament_cmake_args': None, 'build_base': '/home/claudia/ForestGuard/build/controller_pkg', 'catkin_cmake_args': None, 'catkin_skip_building_tests': False, 'cmake_args': None, 'cmake_clean_cache': False, 'cmake_clean_first': False, 'cmake_force_configure': False, 'cmake_target': None, 'cmake_target_skip_unavailable': False, 'install_base': '/home/claudia/ForestGuard/install/controller_pkg', 'merge_install': False, 'path': '/home/claudia/ForestGuard/src/controller_pkg', 'symlink_install': False, 'test_result_base': None}
[1.062s] Level 5:colcon.colcon_core.verb:set package 'my_drone_pkg' build argument 'cmake_args' from command line to 'None'
[1.062s] Level 5:colcon.colcon_core.verb:set package 'my_drone_pkg' build argument 'cmake_target' from command line to 'None'
[1.062s] Level 5:colcon.colcon_core.verb:set package 'my_drone_pkg' build argument 'cmake_target_skip_unavailable' from command line to 'False'
[1.062s] Level 5:colcon.colcon_core.verb:set package 'my_drone_pkg' build argument 'cmake_clean_cache' from command line to 'False'
[1.063s] Level 5:colcon.colcon_core.verb:set package 'my_drone_pkg' build argument 'cmake_clean_first' from command line to 'False'
[1.063s] Level 5:colcon.colcon_core.verb:set package 'my_drone_pkg' build argument 'cmake_force_configure' from command line to 'False'
[1.063s] Level 5:colcon.colcon_core.verb:set package 'my_drone_pkg' build argument 'ament_cmake_args' from command line to 'None'
[1.063s] Level 5:colcon.colcon_core.verb:set package 'my_drone_pkg' build argument 'catkin_cmake_args' from command line to 'None'
[1.063s] Level 5:colcon.colcon_core.verb:set package 'my_drone_pkg' build argument 'catkin_skip_building_tests' from command line to 'False'
[1.063s] DEBUG:colcon.colcon_core.verb:Building package 'my_drone_pkg' with the following arguments: {'ament_cmake_args': None, 'build_base': '/home/claudia/ForestGuard/build/my_drone_pkg', 'catkin_cmake_args': None, 'catkin_skip_building_tests': False, 'cmake_args': None, 'cmake_clean_cache': False, 'cmake_clean_first': False, 'cmake_force_configure': False, 'cmake_target': None, 'cmake_target_skip_unavailable': False, 'install_base': '/home/claudia/ForestGuard/install/my_drone_pkg', 'merge_install': False, 'path': '/home/claudia/ForestGuard/src/my_drone_pkg', 'symlink_install': False, 'test_result_base': None}
[1.064s] Level 5:colcon.colcon_core.verb:set package 'sdf_to_urdf_converter' build argument 'cmake_args' from command line to 'None'
[1.064s] Level 5:colcon.colcon_core.verb:set package 'sdf_to_urdf_converter' build argument 'cmake_target' from command line to 'None'
[1.064s] Level 5:colcon.colcon_core.verb:set package 'sdf_to_urdf_converter' build argument 'cmake_target_skip_unavailable' from command line to 'False'
[1.064s] Level 5:colcon.colcon_core.verb:set package 'sdf_to_urdf_converter' build argument 'cmake_clean_cache' from command line to 'False'
[1.064s] Level 5:colcon.colcon_core.verb:set package 'sdf_to_urdf_converter' build argument 'cmake_clean_first' from command line to 'False'
[1.064s] Level 5:colcon.colcon_core.verb:set package 'sdf_to_urdf_converter' build argument 'cmake_force_configure' from command line to 'False'
[1.064s] Level 5:colcon.colcon_core.verb:set package 'sdf_to_urdf_converter' build argument 'ament_cmake_args' from command line to 'None'
[1.064s] Level 5:colcon.colcon_core.verb:set package 'sdf_to_urdf_converter' build argument 'catkin_cmake_args' from command line to 'None'
[1.064s] Level 5:colcon.colcon_core.verb:set package 'sdf_to_urdf_converter' build argument 'catkin_skip_building_tests' from command line to 'False'
[1.064s] DEBUG:colcon.colcon_core.verb:Building package 'sdf_to_urdf_converter' with the following arguments: {'ament_cmake_args': None, 'build_base': '/home/claudia/ForestGuard/build/sdf_to_urdf_converter', 'catkin_cmake_args': None, 'catkin_skip_building_tests': False, 'cmake_args': None, 'cmake_clean_cache': False, 'cmake_clean_first': False, 'cmake_force_configure': False, 'cmake_target': None, 'cmake_target_skip_unavailable': False, 'install_base': '/home/claudia/ForestGuard/install/sdf_to_urdf_converter', 'merge_install': False, 'path': '/home/claudia/ForestGuard/src/sdf_to_urdf_converter', 'symlink_install': False, 'test_result_base': None}
[1.065s] INFO:colcon.colcon_core.executor:Executing jobs using 'parallel' executor
[1.067s] DEBUG:colcon.colcon_parallel_executor.executor.parallel:run_until_complete
[1.068s] INFO:colcon.colcon_ros.task.ament_cmake.build:Building ROS package in '/home/claudia/ForestGuard/src/controller_pkg' with build type 'ament_cmake'
[1.068s] INFO:colcon.colcon_cmake.task.cmake.build:Building CMake package in '/home/claudia/ForestGuard/src/controller_pkg'
[1.074s] INFO:colcon.colcon_core.plugin_system:Skipping extension 'colcon_core.shell.bat': Not used on non-Windows systems
[1.074s] INFO:colcon.colcon_core.shell:Skip shell extension 'powershell' for command environment: Not usable outside of PowerShell
[1.074s] DEBUG:colcon.colcon_core.shell:Skip shell extension 'dsv' for command environment
[1.087s] INFO:colcon.colcon_ros.task.ament_cmake.build:Building ROS package in '/home/claudia/ForestGuard/src/my_drone_pkg' with build type 'ament_cmake'
[1.087s] INFO:colcon.colcon_cmake.task.cmake.build:Building CMake package in '/home/claudia/ForestGuard/src/my_drone_pkg'
[1.087s] INFO:colcon.colcon_core.shell:Skip shell extension 'powershell' for command environment: Not usable outside of PowerShell
[1.088s] DEBUG:colcon.colcon_core.shell:Skip shell extension 'dsv' for command environment
[1.101s] INFO:colcon.colcon_ros.task.ament_cmake.build:Building ROS package in '/home/claudia/ForestGuard/src/sdf_to_urdf_converter' with build type 'ament_cmake'
[1.101s] INFO:colcon.colcon_cmake.task.cmake.build:Building CMake package in '/home/claudia/ForestGuard/src/sdf_to_urdf_converter'
[1.102s] INFO:colcon.colcon_core.shell:Skip shell extension 'powershell' for command environment: Not usable outside of PowerShell
[1.102s] DEBUG:colcon.colcon_core.shell:Skip shell extension 'dsv' for command environment
[1.128s] DEBUG:colcon.colcon_core.event_handler.log_command:Invoking command in '/home/claudia/ForestGuard/build/controller_pkg': CMAKE_PREFIX_PATH=${CMAKE_PREFIX_PATH}:/home/claudia/ros2_ws/install/examples_rclcpp_minimal_publisher:/home/claudia/ros2_ws/install/a3_support:/opt/ros/humble /usr/bin/cmake --build /home/claudia/ForestGuard/build/controller_pkg -- -j16 -l16
[1.139s] DEBUG:colcon.colcon_core.event_handler.log_command:Invoking command in '/home/claudia/ForestGuard/build/my_drone_pkg': CMAKE_PREFIX_PATH=${CMAKE_PREFIX_PATH}:/home/claudia/ros2_ws/install/examples_rclcpp_minimal_publisher:/home/claudia/ros2_ws/install/a3_support:/opt/ros/humble /usr/bin/cmake --build /home/claudia/ForestGuard/build/my_drone_pkg -- -j16 -l16
[1.148s] DEBUG:colcon.colcon_core.event_handler.log_command:Invoking command in '/home/claudia/ForestGuard/build/sdf_to_urdf_converter': CMAKE_PREFIX_PATH=${CMAKE_PREFIX_PATH}:/home/claudia/ros2_ws/install/examples_rclcpp_minimal_publisher:/home/claudia/ros2_ws/install/a3_support:/opt/ros/humble /usr/bin/cmake --build /home/claudia/ForestGuard/build/sdf_to_urdf_converter -- -j16 -l16
[1.234s] DEBUG:colcon.colcon_core.event_handler.log_command:Invoked command in '/home/claudia/ForestGuard/build/my_drone_pkg' returned '0': CMAKE_PREFIX_PATH=${CMAKE_PREFIX_PATH}:/home/claudia/ros2_ws/install/examples_rclcpp_minimal_publisher:/home/claudia/ros2_ws/install/a3_support:/opt/ros/humble /usr/bin/cmake --build /home/claudia/ForestGuard/build/my_drone_pkg -- -j16 -l16
[1.250s] DEBUG:colcon.colcon_core.event_handler.log_command:Invoking command in '/home/claudia/ForestGuard/build/my_drone_pkg': CMAKE_PREFIX_PATH=${CMAKE_PREFIX_PATH}:/home/claudia/ros2_ws/install/examples_rclcpp_minimal_publisher:/home/claudia/ros2_ws/install/a3_support:/opt/ros/humble /usr/bin/cmake --install /home/claudia/ForestGuard/build/my_drone_pkg
[1.276s] Level 1:colcon.colcon_core.environment:create_environment_scripts_only(my_drone_pkg)
[1.279s] DEBUG:colcon.colcon_core.event_handler.log_command:Invoked command in '/home/claudia/ForestGuard/build/sdf_to_urdf_converter' returned '0': CMAKE_PREFIX_PATH=${CMAKE_PREFIX_PATH}:/home/claudia/ros2_ws/install/examples_rclcpp_minimal_publisher:/home/claudia/ros2_ws/install/a3_support:/opt/ros/humble /usr/bin/cmake --build /home/claudia/ForestGuard/build/sdf_to_urdf_converter -- -j16 -l16
[1.281s] DEBUG:colcon.colcon_core.event_handler.log_command:Invoking command in '/home/claudia/ForestGuard/build/sdf_to_urdf_converter': CMAKE_PREFIX_PATH=${CMAKE_PREFIX_PATH}:/home/claudia/ros2_ws/install/examples_rclcpp_minimal_publisher:/home/claudia/ros2_ws/install/a3_support:/opt/ros/humble /usr/bin/cmake --install /home/claudia/ForestGuard/build/sdf_to_urdf_converter
[1.281s] DEBUG:colcon.colcon_core.event_handler.log_command:Invoked command in '/home/claudia/ForestGuard/build/my_drone_pkg' returned '0': CMAKE_PREFIX_PATH=${CMAKE_PREFIX_PATH}:/home/claudia/ros2_ws/install/examples_rclcpp_minimal_publisher:/home/claudia/ros2_ws/install/a3_support:/opt/ros/humble /usr/bin/cmake --install /home/claudia/ForestGuard/build/my_drone_pkg
[1.292s] Level 1:colcon.colcon_core.environment:checking '/home/claudia/ForestGuard/install/my_drone_pkg' for CMake module files
[1.294s] Level 1:colcon.colcon_core.environment:checking '/home/claudia/ForestGuard/install/my_drone_pkg' for CMake config files
[1.295s] Level 1:colcon.colcon_core.shell:create_environment_hook('my_drone_pkg', 'cmake_prefix_path')
[1.295s] INFO:colcon.colcon_core.shell:Creating environment hook '/home/claudia/ForestGuard/install/my_drone_pkg/share/my_drone_pkg/hook/cmake_prefix_path.ps1'
[1.297s] INFO:colcon.colcon_core.shell:Creating environment descriptor '/home/claudia/ForestGuard/install/my_drone_pkg/share/my_drone_pkg/hook/cmake_prefix_path.dsv'
[1.298s] INFO:colcon.colcon_core.shell:Creating environment hook '/home/claudia/ForestGuard/install/my_drone_pkg/share/my_drone_pkg/hook/cmake_prefix_path.sh'
[1.300s] Level 1:colcon.colcon_core.environment:checking '/home/claudia/ForestGuard/install/my_drone_pkg/lib'
[1.301s] Level 1:colcon.colcon_core.environment:checking '/home/claudia/ForestGuard/install/my_drone_pkg/bin'
[1.301s] Level 1:colcon.colcon_core.environment:checking '/home/claudia/ForestGuard/install/my_drone_pkg/lib/pkgconfig/my_drone_pkg.pc'
[1.301s] Level 1:colcon.colcon_core.environment:checking '/home/claudia/ForestGuard/install/my_drone_pkg/lib/python3.10/site-packages'
[1.302s] Level 1:colcon.colcon_core.environment:checking '/home/claudia/ForestGuard/install/my_drone_pkg/bin'
[1.302s] INFO:colcon.colcon_core.shell:Creating package script '/home/claudia/ForestGuard/install/my_drone_pkg/share/my_drone_pkg/package.ps1'
[1.305s] INFO:colcon.colcon_core.shell:Creating package descriptor '/home/claudia/ForestGuard/install/my_drone_pkg/share/my_drone_pkg/package.dsv'
[1.306s] INFO:colcon.colcon_core.shell:Creating package script '/home/claudia/ForestGuard/install/my_drone_pkg/share/my_drone_pkg/package.sh'
[1.308s] INFO:colcon.colcon_core.shell:Creating package script '/home/claudia/ForestGuard/install/my_drone_pkg/share/my_drone_pkg/package.bash'
[1.309s] INFO:colcon.colcon_core.shell:Creating package script '/home/claudia/ForestGuard/install/my_drone_pkg/share/my_drone_pkg/package.zsh'
[1.311s] Level 1:colcon.colcon_core.environment:create_file_with_runtime_dependencies(/home/claudia/ForestGuard/install/my_drone_pkg/share/colcon-core/packages/my_drone_pkg)
[1.312s] Level 1:colcon.colcon_core.environment:create_environment_scripts_only(my_drone_pkg)
[1.313s] Level 1:colcon.colcon_core.environment:checking '/home/claudia/ForestGuard/install/my_drone_pkg' for CMake module files
[1.314s] Level 1:colcon.colcon_core.environment:checking '/home/claudia/ForestGuard/install/my_drone_pkg' for CMake config files
[1.315s] Level 1:colcon.colcon_core.shell:create_environment_hook('my_drone_pkg', 'cmake_prefix_path')
[1.315s] INFO:colcon.colcon_core.shell:Creating environment hook '/home/claudia/ForestGuard/install/my_drone_pkg/share/my_drone_pkg/hook/cmake_prefix_path.ps1'
[1.316s] INFO:colcon.colcon_core.shell:Creating environment descriptor '/home/claudia/ForestGuard/install/my_drone_pkg/share/my_drone_pkg/hook/cmake_prefix_path.dsv'
[1.317s] INFO:colcon.colcon_core.shell:Creating environment hook '/home/claudia/ForestGuard/install/my_drone_pkg/share/my_drone_pkg/hook/cmake_prefix_path.sh'
[1.318s] Level 1:colcon.colcon_core.environment:checking '/home/claudia/ForestGuard/install/my_drone_pkg/lib'
[1.318s] Level 1:colcon.colcon_core.environment:checking '/home/claudia/ForestGuard/install/my_drone_pkg/bin'
[1.319s] Level 1:colcon.colcon_core.environment:checking '/home/claudia/ForestGuard/install/my_drone_pkg/lib/pkgconfig/my_drone_pkg.pc'
[1.319s] Level 1:colcon.colcon_core.environment:checking '/home/claudia/ForestGuard/install/my_drone_pkg/lib/python3.10/site-packages'
[1.319s] Level 1:colcon.colcon_core.environment:checking '/home/claudia/ForestGuard/install/my_drone_pkg/bin'
[1.320s] INFO:colcon.colcon_core.shell:Creating package script '/home/claudia/ForestGuard/install/my_drone_pkg/share/my_drone_pkg/package.ps1'
[1.322s] INFO:colcon.colcon_core.shell:Creating package descriptor '/home/claudia/ForestGuard/install/my_drone_pkg/share/my_drone_pkg/package.dsv'
[1.324s] INFO:colcon.colcon_core.shell:Creating package script '/home/claudia/ForestGuard/install/my_drone_pkg/share/my_drone_pkg/package.sh'
[1.325s] INFO:colcon.colcon_core.shell:Creating package script '/home/claudia/ForestGuard/install/my_drone_pkg/share/my_drone_pkg/package.bash'
[1.326s] INFO:colcon.colcon_core.shell:Creating package script '/home/claudia/ForestGuard/install/my_drone_pkg/share/my_drone_pkg/package.zsh'
[1.327s] Level 1:colcon.colcon_core.environment:create_file_with_runtime_dependencies(/home/claudia/ForestGuard/install/my_drone_pkg/share/colcon-core/packages/my_drone_pkg)
[1.330s] Level 1:colcon.colcon_core.environment:create_environment_scripts_only(sdf_to_urdf_converter)
[1.331s] Level 1:colcon.colcon_core.environment:checking '/home/claudia/ForestGuard/install/sdf_to_urdf_converter' for CMake module files
[1.332s] DEBUG:colcon.colcon_core.event_handler.log_command:Invoked command in '/home/claudia/ForestGuard/build/sdf_to_urdf_converter' returned '0': CMAKE_PREFIX_PATH=${CMAKE_PREFIX_PATH}:/home/claudia/ros2_ws/install/examples_rclcpp_minimal_publisher:/home/claudia/ros2_ws/install/a3_support:/opt/ros/humble /usr/bin/cmake --install /home/claudia/ForestGuard/build/sdf_to_urdf_converter
[1.333s] Level 1:colcon.colcon_core.environment:checking '/home/claudia/ForestGuard/install/sdf_to_urdf_converter' for CMake config files
[1.333s] Level 1:colcon.colcon_core.shell:create_environment_hook('sdf_to_urdf_converter', 'cmake_prefix_path')
[1.334s] INFO:colcon.colcon_core.shell:Creating environment hook '/home/claudia/ForestGuard/install/sdf_to_urdf_converter/share/sdf_to_urdf_converter/hook/cmake_prefix_path.ps1'
[1.335s] INFO:colcon.colcon_core.shell:Creating environment descriptor '/home/claudia/ForestGuard/install/sdf_to_urdf_converter/share/sdf_to_urdf_converter/hook/cmake_prefix_path.dsv'
[1.336s] INFO:colcon.colcon_core.shell:Creating environment hook '/home/claudia/ForestGuard/install/sdf_to_urdf_converter/share/sdf_to_urdf_converter/hook/cmake_prefix_path.sh'
[1.337s] Level 1:colcon.colcon_core.environment:checking '/home/claudia/ForestGuard/install/sdf_to_urdf_converter/lib'
[1.338s] Level 1:colcon.colcon_core.environment:checking '/home/claudia/ForestGuard/install/sdf_to_urdf_converter/bin'
[1.338s] Level 1:colcon.colcon_core.environment:checking '/home/claudia/ForestGuard/install/sdf_to_urdf_converter/lib/pkgconfig/sdf_to_urdf_converter.pc'
[1.339s] Level 1:colcon.colcon_core.environment:checking '/home/claudia/ForestGuard/install/sdf_to_urdf_converter/lib/python3.10/site-packages'
[1.339s] Level 1:colcon.colcon_core.environment:checking '/home/claudia/ForestGuard/install/sdf_to_urdf_converter/bin'
[1.340s] INFO:colcon.colcon_core.shell:Creating package script '/home/claudia/ForestGuard/install/sdf_to_urdf_converter/share/sdf_to_urdf_converter/package.ps1'
[1.341s] INFO:colcon.colcon_core.shell:Creating package descriptor '/home/claudia/ForestGuard/install/sdf_to_urdf_converter/share/sdf_to_urdf_converter/package.dsv'
[1.342s] INFO:colcon.colcon_core.shell:Creating package script '/home/claudia/ForestGuard/install/sdf_to_urdf_converter/share/sdf_to_urdf_converter/package.sh'
[1.343s] INFO:colcon.colcon_core.shell:Creating package script '/home/claudia/ForestGuard/install/sdf_to_urdf_converter/share/sdf_to_urdf_converter/package.bash'
[1.344s] INFO:colcon.colcon_core.shell:Creating package script '/home/claudia/ForestGuard/install/sdf_to_urdf_converter/share/sdf_to_urdf_converter/package.zsh'
[1.345s] Level 1:colcon.colcon_core.environment:create_file_with_runtime_dependencies(/home/claudia/ForestGuard/install/sdf_to_urdf_converter/share/colcon-core/packages/sdf_to_urdf_converter)
[1.346s] Level 1:colcon.colcon_core.environment:create_environment_scripts_only(sdf_to_urdf_converter)
[1.347s] Level 1:colcon.colcon_core.environment:checking '/home/claudia/ForestGuard/install/sdf_to_urdf_converter' for CMake module files
[1.348s] Level 1:colcon.colcon_core.environment:checking '/home/claudia/ForestGuard/install/sdf_to_urdf_converter' for CMake config files
[1.349s] Level 1:colcon.colcon_core.shell:create_environment_hook('sdf_to_urdf_converter', 'cmake_prefix_path')
[1.349s] INFO:colcon.colcon_core.shell:Creating environment hook '/home/claudia/ForestGuard/install/sdf_to_urdf_converter/share/sdf_to_urdf_converter/hook/cmake_prefix_path.ps1'
[1.350s] INFO:colcon.colcon_core.shell:Creating environment descriptor '/home/claudia/ForestGuard/install/sdf_to_urdf_converter/share/sdf_to_urdf_converter/hook/cmake_prefix_path.dsv'
[1.351s] INFO:colcon.colcon_core.shell:Creating environment hook '/home/claudia/ForestGuard/install/sdf_to_urdf_converter/share/sdf_to_urdf_converter/hook/cmake_prefix_path.sh'
[1.352s] Level 1:colcon.colcon_core.environment:checking '/home/claudia/ForestGuard/install/sdf_to_urdf_converter/lib'
[1.353s] Level 1:colcon.colcon_core.environment:checking '/home/claudia/ForestGuard/install/sdf_to_urdf_converter/bin'
[1.353s] Level 1:colcon.colcon_core.environment:checking '/home/claudia/ForestGuard/install/sdf_to_urdf_converter/lib/pkgconfig/sdf_to_urdf_converter.pc'
[1.354s] Level 1:colcon.colcon_core.environment:checking '/home/claudia/ForestGuard/install/sdf_to_urdf_converter/lib/python3.10/site-packages'
[1.354s] Level 1:colcon.colcon_core.environment:checking '/home/claudia/ForestGuard/install/sdf_to_urdf_converter/bin'
[1.355s] INFO:colcon.colcon_core.shell:Creating package script '/home/claudia/ForestGuard/install/sdf_to_urdf_converter/share/sdf_to_urdf_converter/package.ps1'
[1.357s] INFO:colcon.colcon_core.shell:Creating package descriptor '/home/claudia/ForestGuard/install/sdf_to_urdf_converter/share/sdf_to_urdf_converter/package.dsv'
[1.358s] INFO:colcon.colcon_core.shell:Creating package script '/home/claudia/ForestGuard/install/sdf_to_urdf_converter/share/sdf_to_urdf_converter/package.sh'
[1.359s] INFO:colcon.colcon_core.shell:Creating package script '/home/claudia/ForestGuard/install/sdf_to_urdf_converter/share/sdf_to_urdf_converter/package.bash'
[1.360s] INFO:colcon.colcon_core.shell:Creating package script '/home/claudia/ForestGuard/install/sdf_to_urdf_converter/share/sdf_to_urdf_converter/package.zsh'
[1.361s] Level 1:colcon.colcon_core.environment:create_file_with_runtime_dependencies(/home/claudia/ForestGuard/install/sdf_to_urdf_converter/share/colcon-core/packages/sdf_to_urdf_converter)
[5.501s] DEBUG:colcon.colcon_core.event_handler.log_command:Invoked command in '/home/claudia/ForestGuard/build/controller_pkg' returned '2': CMAKE_PREFIX_PATH=${CMAKE_PREFIX_PATH}:/home/claudia/ros2_ws/install/examples_rclcpp_minimal_publisher:/home/claudia/ros2_ws/install/a3_support:/opt/ros/humble /usr/bin/cmake --build /home/claudia/ForestGuard/build/controller_pkg -- -j16 -l16
[5.501s] Level 1:colcon.colcon_core.environment:create_environment_scripts_only(controller_pkg)
[5.502s] Level 1:colcon.colcon_core.environment:checking '/home/claudia/ForestGuard/install/controller_pkg' for CMake module files
[5.502s] Level 1:colcon.colcon_core.environment:checking '/home/claudia/ForestGuard/install/controller_pkg' for CMake config files
[5.502s] Level 1:colcon.colcon_core.shell:create_environment_hook('controller_pkg', 'cmake_prefix_path')
[5.502s] INFO:colcon.colcon_core.shell:Creating environment hook '/home/claudia/ForestGuard/install/controller_pkg/share/controller_pkg/hook/cmake_prefix_path.ps1'
[5.503s] INFO:colcon.colcon_core.shell:Creating environment descriptor '/home/claudia/ForestGuard/install/controller_pkg/share/controller_pkg/hook/cmake_prefix_path.dsv'
[5.503s] INFO:colcon.colcon_core.shell:Creating environment hook '/home/claudia/ForestGuard/install/controller_pkg/share/controller_pkg/hook/cmake_prefix_path.sh'
[5.504s] Level 1:colcon.colcon_core.environment:checking '/home/claudia/ForestGuard/install/controller_pkg/bin'
[5.504s] Level 1:colcon.colcon_core.environment:checking '/home/claudia/ForestGuard/install/controller_pkg/lib/pkgconfig/controller_pkg.pc'
[5.504s] Level 1:colcon.colcon_core.environment:checking '/home/claudia/ForestGuard/install/controller_pkg/lib/python3.10/site-packages'
[5.504s] Level 1:colcon.colcon_core.environment:checking '/home/claudia/ForestGuard/install/controller_pkg/bin'
[5.504s] INFO:colcon.colcon_core.shell:Creating package script '/home/claudia/ForestGuard/install/controller_pkg/share/controller_pkg/package.ps1'
[5.505s] INFO:colcon.colcon_core.shell:Creating package descriptor '/home/claudia/ForestGuard/install/controller_pkg/share/controller_pkg/package.dsv'
[5.505s] INFO:colcon.colcon_core.shell:Creating package script '/home/claudia/ForestGuard/install/controller_pkg/share/controller_pkg/package.sh'
[5.505s] INFO:colcon.colcon_core.shell:Creating package script '/home/claudia/ForestGuard/install/controller_pkg/share/controller_pkg/package.bash'
[5.506s] INFO:colcon.colcon_core.shell:Creating package script '/home/claudia/ForestGuard/install/controller_pkg/share/controller_pkg/package.zsh'
[5.506s] Level 1:colcon.colcon_core.environment:create_file_with_runtime_dependencies(/home/claudia/ForestGuard/install/controller_pkg/share/colcon-core/packages/controller_pkg)
[5.516s] DEBUG:colcon.colcon_parallel_executor.executor.parallel:closing loop
[5.517s] DEBUG:colcon.colcon_parallel_executor.executor.parallel:loop closed
[5.517s] DEBUG:colcon.colcon_parallel_executor.executor.parallel:run_until_complete finished with '2'
[5.517s] DEBUG:colcon.colcon_core.event_reactor:joining thread
[5.521s] INFO:colcon.colcon_core.plugin_system:Skipping extension 'colcon_notification.desktop_notification.terminal_notifier': Not used on non-Darwin systems
[5.521s] INFO:colcon.colcon_core.plugin_system:Skipping extension 'colcon_notification.desktop_notification.win32': Not used on non-Windows systems
[5.521s] INFO:colcon.colcon_notification.desktop_notification:Sending desktop notification using 'notify2'
[5.530s] DEBUG:colcon.colcon_core.event_reactor:joined thread
[5.531s] INFO:colcon.colcon_core.shell:Creating prefix script '/home/claudia/ForestGuard/install/local_setup.ps1'
[5.532s] INFO:colcon.colcon_core.shell:Creating prefix util module '/home/claudia/ForestGuard/install/_local_setup_util_ps1.py'
[5.533s] INFO:colcon.colcon_core.shell:Creating prefix chain script '/home/claudia/ForestGuard/install/setup.ps1'
[5.534s] INFO:colcon.colcon_core.shell:Creating prefix script '/home/claudia/ForestGuard/install/local_setup.sh'
[5.535s] INFO:colcon.colcon_core.shell:Creating prefix util module '/home/claudia/ForestGuard/install/_local_setup_util_sh.py'
[5.535s] INFO:colcon.colcon_core.shell:Creating prefix chain script '/home/claudia/ForestGuard/install/setup.sh'
[5.536s] INFO:colcon.colcon_core.shell:Creating prefix script '/home/claudia/ForestGuard/install/local_setup.bash'
[5.537s] INFO:colcon.colcon_core.shell:Creating prefix chain script '/home/claudia/ForestGuard/install/setup.bash'
[5.537s] INFO:colcon.colcon_core.shell:Creating prefix script '/home/claudia/ForestGuard/install/local_setup.zsh'
[5.538s] INFO:colcon.colcon_core.shell:Creating prefix chain script '/home/claudia/ForestGuard/install/setup.zsh'
