[0.025s] Invoking command in '/home/claudia/ForestGuard/build/forest_controller': CMAKE_PREFIX_PATH=${CMAKE_PREFIX_PATH}:/home/claudia/ForestGuard/install/forest_guard_sim:/home/claudia/ros2_ws/install/examples_rclcpp_minimal_publisher:/home/claudia/ros2_ws/install/a3_support:/opt/ros/humble /usr/bin/cmake --build /home/claudia/ForestGuard/build/forest_controller -- -j16 -l16
[0.077s] [100%] Built target forest_controller
[0.407s] Invoked command in '/home/claudia/ForestGuard/build/forest_controller' returned '0': CMAKE_PREFIX_PATH=${CMAKE_PREFIX_PATH}:/home/claudia/ForestGuard/install/forest_guard_sim:/home/claudia/ros2_ws/install/examples_rclcpp_minimal_publisher:/home/claudia/ros2_ws/install/a3_support:/opt/ros/humble /usr/bin/cmake --build /home/claudia/ForestGuard/build/forest_controller -- -j16 -l16
[0.415s] Invoking command in '/home/claudia/ForestGuard/build/forest_controller': CMAKE_PREFIX_PATH=${CMAKE_PREFIX_PATH}:/home/claudia/ForestGuard/install/forest_guard_sim:/home/claudia/ros2_ws/install/examples_rclcpp_minimal_publisher:/home/claudia/ros2_ws/install/a3_support:/opt/ros/humble /usr/bin/cmake --install /home/claudia/ForestGuard/build/forest_controller
[0.418s] -- Install configuration: ""
[0.419s] -- Execute custom install script
[0.419s] -- Up-to-date symlink: /home/claudia/ForestGuard/install/forest_controller/lib/forest_controller/forest_controller
[0.420s] -- Up-to-date symlink: /home/claudia/ForestGuard/install/forest_controller/include/forest_controller/controller_husky.h
[0.420s] -- Up-to-date symlink: /home/claudia/ForestGuard/install/forest_controller/share/ament_index/resource_index/package_run_dependencies/forest_controller
[0.420s] -- Up-to-date symlink: /home/claudia/ForestGuard/install/forest_controller/share/ament_index/resource_index/parent_prefix_path/forest_controller
[0.421s] -- Up-to-date symlink: /home/claudia/ForestGuard/install/forest_controller/share/forest_controller/environment/ament_prefix_path.sh
[0.421s] -- Up-to-date symlink: /home/claudia/ForestGuard/install/forest_controller/share/forest_controller/environment/ament_prefix_path.dsv
[0.421s] -- Up-to-date symlink: /home/claudia/ForestGuard/install/forest_controller/share/forest_controller/environment/path.sh
[0.421s] -- Up-to-date symlink: /home/claudia/ForestGuard/install/forest_controller/share/forest_controller/environment/path.dsv
[0.422s] -- Up-to-date symlink: /home/claudia/ForestGuard/install/forest_controller/share/forest_controller/local_setup.bash
[0.422s] -- Up-to-date symlink: /home/claudia/ForestGuard/install/forest_controller/share/forest_controller/local_setup.sh
[0.422s] -- Up-to-date symlink: /home/claudia/ForestGuard/install/forest_controller/share/forest_controller/local_setup.zsh
[0.422s] -- Up-to-date symlink: /home/claudia/ForestGuard/install/forest_controller/share/forest_controller/local_setup.dsv
[0.423s] -- Symlinking: /home/claudia/ForestGuard/install/forest_controller/share/forest_controller/package.dsv
[0.429s] -- Up-to-date symlink: /home/claudia/ForestGuard/install/forest_controller/share/ament_index/resource_index/packages/forest_controller
[0.429s] -- Up-to-date symlink: /home/claudia/ForestGuard/install/forest_controller/share/forest_controller/cmake/forest_controllerConfig.cmake
[0.429s] -- Up-to-date symlink: /home/claudia/ForestGuard/install/forest_controller/share/forest_controller/cmake/forest_controllerConfig-version.cmake
[0.429s] -- Up-to-date symlink: /home/claudia/ForestGuard/install/forest_controller/share/forest_controller/package.xml
[0.431s] Invoked command in '/home/claudia/ForestGuard/build/forest_controller' returned '0': CMAKE_PREFIX_PATH=${CMAKE_PREFIX_PATH}:/home/claudia/ForestGuard/install/forest_guard_sim:/home/claudia/ros2_ws/install/examples_rclcpp_minimal_publisher:/home/claudia/ros2_ws/install/a3_support:/opt/ros/humble /usr/bin/cmake --install /home/claudia/ForestGuard/build/forest_controller
