[0.712s] Invoking command in '/home/john/git/RS1/john_branch/build/forestguard_ui': PYTHONPATH=/home/john/git/RS1/john_branch/build/forestguard_ui/prefix_override:/usr/lib/python3/dist-packages/colcon_core/task/python/colcon_distutils_commands:/home/john/git/RS1/john_branch/install/forestguard_ui/lib/python3.10/site-packages:${PYTHONPATH} /usr/bin/python3 -W ignore:setup.py install is deprecated -W ignore:easy_install command is deprecated setup.py develop --editable --build-directory /home/john/git/RS1/john_branch/build/forestguard_ui/build --no-deps symlink_data
[0.902s] running develop
[1.007s] running egg_info
[1.008s] writing forestguard_ui.egg-info/PKG-INFO
[1.008s] writing dependency_links to forestguard_ui.egg-info/dependency_links.txt
[1.008s] writing entry points to forestguard_ui.egg-info/entry_points.txt
[1.008s] writing requirements to forestguard_ui.egg-info/requires.txt
[1.008s] writing top-level names to forestguard_ui.egg-info/top_level.txt
[1.010s] reading manifest file 'forestguard_ui.egg-info/SOURCES.txt'
[1.010s] writing manifest file 'forestguard_ui.egg-info/SOURCES.txt'
[1.012s] running build_ext
[1.012s] Creating /home/john/git/RS1/john_branch/install/forestguard_ui/lib/python3.10/site-packages/forestguard-ui.egg-link (link to .)
[1.013s] Installing battery_sim script to /home/john/git/RS1/john_branch/install/forestguard_ui/lib/forestguard_ui
[1.013s] Installing controller_bridge script to /home/john/git/RS1/john_branch/install/forestguard_ui/lib/forestguard_ui
[1.013s] Installing run_ui script to /home/john/git/RS1/john_branch/install/forestguard_ui/lib/forestguard_ui
[1.013s] Installing twist_scaler script to /home/john/git/RS1/john_branch/install/forestguard_ui/lib/forestguard_ui
[1.014s] 
[1.014s] Installed /home/john/git/RS1/john_branch/build/forestguard_ui
[1.014s] running symlink_data
[1.037s] Invoked command in '/home/john/git/RS1/john_branch/build/forestguard_ui' returned '0': PYTHONPATH=/home/john/git/RS1/john_branch/build/forestguard_ui/prefix_override:/usr/lib/python3/dist-packages/colcon_core/task/python/colcon_distutils_commands:/home/john/git/RS1/john_branch/install/forestguard_ui/lib/python3.10/site-packages:${PYTHONPATH} /usr/bin/python3 -W ignore:setup.py install is deprecated -W ignore:easy_install command is deprecated setup.py develop --editable --build-directory /home/john/git/RS1/john_branch/build/forestguard_ui/build --no-deps symlink_data
