[0.035s] Invoking command in '/home/claudia/ForestGuard/build/forest_controller': CMAKE_PREFIX_PATH=${CMAKE_PREFIX_PATH}:/home/claudia/ForestGuard/install/forest_guard_sim:/home/claudia/ros2_ws/install/examples_rclcpp_minimal_publisher:/home/claudia/ros2_ws/install/a3_support:/opt/ros/humble /usr/bin/cmake --build /home/claudia/ForestGuard/build/forest_controller -- -j16 -l16
[0.102s] [100%] Built target forest_controller
[0.532s] Invoked command in '/home/claudia/ForestGuard/build/forest_controller' returned '0': CMAKE_PREFIX_PATH=${CMAKE_PREFIX_PATH}:/home/claudia/ForestGuard/install/forest_guard_sim:/home/claudia/ros2_ws/install/examples_rclcpp_minimal_publisher:/home/claudia/ros2_ws/install/a3_support:/opt/ros/humble /usr/bin/cmake --build /home/claudia/ForestGuard/build/forest_controller -- -j16 -l16
[0.541s] Invoking command in '/home/claudia/ForestGuard/build/forest_controller': CMAKE_PREFIX_PATH=${CMAKE_PREFIX_PATH}:/home/claudia/ForestGuard/install/forest_guard_sim:/home/claudia/ros2_ws/install/examples_rclcpp_minimal_publisher:/home/claudia/ros2_ws/install/a3_support:/opt/ros/humble /usr/bin/cmake --install /home/claudia/ForestGuard/build/forest_controller
[0.548s] -- Install configuration: ""
[0.548s] -- Execute custom install script
[0.549s] -- Up-to-date symlink: /home/claudia/ForestGuard/install/forest_controller/lib/forest_controller/forest_controller
[0.549s] -- Up-to-date symlink: /home/claudia/ForestGuard/install/forest_controller/include/forest_controller/controller_husky.h
[0.550s] -- Up-to-date symlink: /home/claudia/ForestGuard/install/forest_controller/share/ament_index/resource_index/package_run_dependencies/forest_controller
[0.550s] -- Up-to-date symlink: /home/claudia/ForestGuard/install/forest_controller/share/ament_index/resource_index/parent_prefix_path/forest_controller
[0.550s] -- Up-to-date symlink: /home/claudia/ForestGuard/install/forest_controller/share/forest_controller/environment/ament_prefix_path.sh
[0.550s] -- Up-to-date symlink: /home/claudia/ForestGuard/install/forest_controller/share/forest_controller/environment/ament_prefix_path.dsv
[0.551s] -- Up-to-date symlink: /home/claudia/ForestGuard/install/forest_controller/share/forest_controller/environment/path.sh
[0.551s] -- Up-to-date symlink: /home/claudia/ForestGuard/install/forest_controller/share/forest_controller/environment/path.dsv
[0.551s] -- Up-to-date symlink: /home/claudia/ForestGuard/install/forest_controller/share/forest_controller/local_setup.bash
[0.551s] -- Up-to-date symlink: /home/claudia/ForestGuard/install/forest_controller/share/forest_controller/local_setup.sh
[0.551s] -- Up-to-date symlink: /home/claudia/ForestGuard/install/forest_controller/share/forest_controller/local_setup.zsh
[0.552s] -- Up-to-date symlink: /home/claudia/ForestGuard/install/forest_controller/share/forest_controller/local_setup.dsv
[0.552s] -- Symlinking: /home/claudia/ForestGuard/install/forest_controller/share/forest_controller/package.dsv
[0.559s] -- Up-to-date symlink: /home/claudia/ForestGuard/install/forest_controller/share/ament_index/resource_index/packages/forest_controller
[0.559s] -- Up-to-date symlink: /home/claudia/ForestGuard/install/forest_controller/share/forest_controller/cmake/forest_controllerConfig.cmake
[0.559s] -- Up-to-date symlink: /home/claudia/ForestGuard/install/forest_controller/share/forest_controller/cmake/forest_controllerConfig-version.cmake
[0.559s] -- Up-to-date symlink: /home/claudia/ForestGuard/install/forest_controller/share/forest_controller/package.xml
[0.562s] Invoked command in '/home/claudia/ForestGuard/build/forest_controller' returned '0': CMAKE_PREFIX_PATH=${CMAKE_PREFIX_PATH}:/home/claudia/ForestGuard/install/forest_guard_sim:/home/claudia/ros2_ws/install/examples_rclcpp_minimal_publisher:/home/claudia/ros2_ws/install/a3_support:/opt/ros/humble /usr/bin/cmake --install /home/claudia/ForestGuard/build/forest_controller
