[0.767s] Invoking command in '/home/claudia/ForestGuard/build/forest_guard_sim': PYTHONPATH=/home/claudia/ForestGuard/build/forest_guard_sim/prefix_override:/usr/lib/python3/dist-packages/colcon_core/task/python/colcon_distutils_commands:/home/claudia/ForestGuard/install/forest_guard_sim/lib/python3.10/site-packages:${PYTHONPATH} /usr/bin/python3 -W ignore:setup.py install is deprecated -W ignore:easy_install command is deprecated setup.py develop --editable --build-directory /home/claudia/ForestGuard/build/forest_guard_sim/build --no-deps symlink_data
[1.072s] running develop
[1.306s] running egg_info
[1.306s] creating forest_guard_sim.egg-info
[1.306s] writing forest_guard_sim.egg-info/PKG-INFO
[1.306s] writing dependency_links to forest_guard_sim.egg-info/dependency_links.txt
[1.307s] writing entry points to forest_guard_sim.egg-info/entry_points.txt
[1.307s] writing requirements to forest_guard_sim.egg-info/requires.txt
[1.307s] writing top-level names to forest_guard_sim.egg-info/top_level.txt
[1.307s] writing manifest file 'forest_guard_sim.egg-info/SOURCES.txt'
[1.309s] reading manifest file 'forest_guard_sim.egg-info/SOURCES.txt'
[1.310s] writing manifest file 'forest_guard_sim.egg-info/SOURCES.txt'
[1.311s] running build_ext
[1.312s] Creating /home/claudia/ForestGuard/install/forest_guard_sim/lib/python3.10/site-packages/forest-guard-sim.egg-link (link to .)
[1.312s] 
[1.312s] Installed /home/claudia/ForestGuard/build/forest_guard_sim
[1.313s] running symlink_data
[1.313s] creating /home/claudia/ForestGuard/install/forest_guard_sim/share/ament_index
[1.313s] creating /home/claudia/ForestGuard/install/forest_guard_sim/share/ament_index/resource_index
[1.313s] creating /home/claudia/ForestGuard/install/forest_guard_sim/share/ament_index/resource_index/packages
[1.313s] symbolically linking /home/claudia/ForestGuard/build/forest_guard_sim/resource/forest_guard_sim -> /home/claudia/ForestGuard/install/forest_guard_sim/share/ament_index/resource_index/packages
[1.313s] symbolically linking /home/claudia/ForestGuard/build/forest_guard_sim/package.xml -> /home/claudia/ForestGuard/install/forest_guard_sim/share/forest_guard_sim
[1.313s] creating /home/claudia/ForestGuard/install/forest_guard_sim/share/forest_guard_sim/launch
[1.313s] symbolically linking /home/claudia/ForestGuard/build/forest_guard_sim/launch/sample -> /home/claudia/ForestGuard/install/forest_guard_sim/share/forest_guard_sim/launch
[1.314s] symbolically linking /home/claudia/ForestGuard/build/forest_guard_sim/launch/navigation.launch.py -> /home/claudia/ForestGuard/install/forest_guard_sim/share/forest_guard_sim/launch
[1.314s] symbolically linking /home/claudia/ForestGuard/build/forest_guard_sim/launch/navigation_map.launch.py -> /home/claudia/ForestGuard/install/forest_guard_sim/share/forest_guard_sim/launch
[1.314s] symbolically linking /home/claudia/ForestGuard/build/forest_guard_sim/launch/large_forest_husky.launch.py -> /home/claudia/ForestGuard/install/forest_guard_sim/share/forest_guard_sim/launch
[1.314s] symbolically linking /home/claudia/ForestGuard/build/forest_guard_sim/launch/forest_world.launch.py -> /home/claudia/ForestGuard/install/forest_guard_sim/share/forest_guard_sim/launch
[1.314s] symbolically linking /home/claudia/ForestGuard/build/forest_guard_sim/launch/41068_ignition.launch.py -> /home/claudia/ForestGuard/install/forest_guard_sim/share/forest_guard_sim/launch
[1.314s] symbolically linking /home/claudia/ForestGuard/build/forest_guard_sim/launch/forest_random.launch.py -> /home/claudia/ForestGuard/install/forest_guard_sim/share/forest_guard_sim/launch
[1.314s] symbolically linking /home/claudia/ForestGuard/build/forest_guard_sim/launch/random_forest_husky.launch.py -> /home/claudia/ForestGuard/install/forest_guard_sim/share/forest_guard_sim/launch
[1.314s] symbolically linking /home/claudia/ForestGuard/build/forest_guard_sim/launch/forest_mapping.launch.py -> /home/claudia/ForestGuard/install/forest_guard_sim/share/forest_guard_sim/launch
[1.314s] symbolically linking /home/claudia/ForestGuard/build/forest_guard_sim/launch/autonomous_forest.launch.py -> /home/claudia/ForestGuard/install/forest_guard_sim/share/forest_guard_sim/launch
[1.314s] creating /home/claudia/ForestGuard/install/forest_guard_sim/share/forest_guard_sim/config
[1.315s] symbolically linking /home/claudia/ForestGuard/build/forest_guard_sim/config/forest.rviz -> /home/claudia/ForestGuard/install/forest_guard_sim/share/forest_guard_sim/config
[1.315s] symbolically linking /home/claudia/ForestGuard/build/forest_guard_sim/config/robot_localization.yaml -> /home/claudia/ForestGuard/install/forest_guard_sim/share/forest_guard_sim/config
[1.315s] symbolically linking /home/claudia/ForestGuard/build/forest_guard_sim/config/slam_params.yaml -> /home/claudia/ForestGuard/install/forest_guard_sim/share/forest_guard_sim/config
[1.315s] symbolically linking /home/claudia/ForestGuard/build/forest_guard_sim/config/nav2_params.yaml -> /home/claudia/ForestGuard/install/forest_guard_sim/share/forest_guard_sim/config
[1.315s] symbolically linking /home/claudia/ForestGuard/build/forest_guard_sim/config/gazebo_bridge.yaml -> /home/claudia/ForestGuard/install/forest_guard_sim/share/forest_guard_sim/config
[1.315s] creating /home/claudia/ForestGuard/install/forest_guard_sim/share/forest_guard_sim/worlds
[1.315s] symbolically linking /home/claudia/ForestGuard/build/forest_guard_sim/worlds/forest.world.sdf -> /home/claudia/ForestGuard/install/forest_guard_sim/share/forest_guard_sim/worlds
[1.315s] creating /home/claudia/ForestGuard/install/forest_guard_sim/share/forest_guard_sim/models
[1.315s] creating /home/claudia/ForestGuard/install/forest_guard_sim/share/forest_guard_sim/models/tree1
[1.315s] symbolically linking /home/claudia/ForestGuard/build/forest_guard_sim/models/tree1/model.sdf -> /home/claudia/ForestGuard/install/forest_guard_sim/share/forest_guard_sim/models/tree1
[1.315s] symbolically linking /home/claudia/ForestGuard/build/forest_guard_sim/models/tree1/model.config -> /home/claudia/ForestGuard/install/forest_guard_sim/share/forest_guard_sim/models/tree1
[1.315s] creating /home/claudia/ForestGuard/install/forest_guard_sim/share/forest_guard_sim/models/tree1/materials
[1.316s] creating /home/claudia/ForestGuard/install/forest_guard_sim/share/forest_guard_sim/models/tree1/materials/textures
[1.316s] symbolically linking /home/claudia/ForestGuard/build/forest_guard_sim/models/tree1/materials/textures/bark01.jpg -> /home/claudia/ForestGuard/install/forest_guard_sim/share/forest_guard_sim/models/tree1/materials/textures
[1.316s] creating /home/claudia/ForestGuard/install/forest_guard_sim/share/forest_guard_sim/models/tree1/meshes
[1.316s] symbolically linking /home/claudia/ForestGuard/build/forest_guard_sim/models/tree1/meshes/tree_a.dae -> /home/claudia/ForestGuard/install/forest_guard_sim/share/forest_guard_sim/models/tree1/meshes
[1.316s] creating /home/claudia/ForestGuard/install/forest_guard_sim/share/forest_guard_sim/models/forest_env
[1.316s] symbolically linking /home/claudia/ForestGuard/build/forest_guard_sim/models/forest_env/model.sdf -> /home/claudia/ForestGuard/install/forest_guard_sim/share/forest_guard_sim/models/forest_env
[1.316s] symbolically linking /home/claudia/ForestGuard/build/forest_guard_sim/models/forest_env/model.config -> /home/claudia/ForestGuard/install/forest_guard_sim/share/forest_guard_sim/models/forest_env
[1.317s] creating /home/claudia/ForestGuard/install/forest_guard_sim/share/forest_guard_sim/models/forest_env/materials
[1.317s] creating /home/claudia/ForestGuard/install/forest_guard_sim/share/forest_guard_sim/models/forest_env/materials/textures
[1.317s] symbolically linking /home/claudia/ForestGuard/build/forest_guard_sim/models/forest_env/materials/textures/empty_grass.png -> /home/claudia/ForestGuard/install/forest_guard_sim/share/forest_guard_sim/models/forest_env/materials/textures
[1.317s] creating /home/claudia/ForestGuard/install/forest_guard_sim/share/forest_guard_sim/models/forest_env/meshes
[1.317s] symbolically linking /home/claudia/ForestGuard/build/forest_guard_sim/models/forest_env/meshes/Environment1.dae -> /home/claudia/ForestGuard/install/forest_guard_sim/share/forest_guard_sim/models/forest_env/meshes
[1.317s] creating /home/claudia/ForestGuard/install/forest_guard_sim/share/forest_guard_sim/models/tree2
[1.318s] symbolically linking /home/claudia/ForestGuard/build/forest_guard_sim/models/tree2/model.sdf -> /home/claudia/ForestGuard/install/forest_guard_sim/share/forest_guard_sim/models/tree2
[1.318s] symbolically linking /home/claudia/ForestGuard/build/forest_guard_sim/models/tree2/model.config -> /home/claudia/ForestGuard/install/forest_guard_sim/share/forest_guard_sim/models/tree2
[1.318s] creating /home/claudia/ForestGuard/install/forest_guard_sim/share/forest_guard_sim/models/tree2/materials
[1.318s] creating /home/claudia/ForestGuard/install/forest_guard_sim/share/forest_guard_sim/models/tree2/materials/textures
[1.318s] symbolically linking /home/claudia/ForestGuard/build/forest_guard_sim/models/tree2/materials/textures/bark.jpeg -> /home/claudia/ForestGuard/install/forest_guard_sim/share/forest_guard_sim/models/tree2/materials/textures
[1.318s] creating /home/claudia/ForestGuard/install/forest_guard_sim/share/forest_guard_sim/models/tree2/meshes
[1.318s] symbolically linking /home/claudia/ForestGuard/build/forest_guard_sim/models/tree2/meshes/tree_b.dae -> /home/claudia/ForestGuard/install/forest_guard_sim/share/forest_guard_sim/models/tree2/meshes
[1.318s] creating /home/claudia/ForestGuard/install/forest_guard_sim/share/forest_guard_sim/urdf
[1.318s] symbolically linking /home/claudia/ForestGuard/build/forest_guard_sim/urdf/husky.urdf.xacro -> /home/claudia/ForestGuard/install/forest_guard_sim/share/forest_guard_sim/urdf
[1.319s] symbolically linking /home/claudia/ForestGuard/build/forest_guard_sim/urdf/wheel.urdf.xacro -> /home/claudia/ForestGuard/install/forest_guard_sim/share/forest_guard_sim/urdf
[1.319s] symbolically linking /home/claudia/ForestGuard/build/forest_guard_sim/urdf/common_properties.urdf.xacro -> /home/claudia/ForestGuard/install/forest_guard_sim/share/forest_guard_sim/urdf
[1.319s] symbolically linking /home/claudia/ForestGuard/build/forest_guard_sim/urdf/husky.gazebo.xacro -> /home/claudia/ForestGuard/install/forest_guard_sim/share/forest_guard_sim/urdf
[1.319s] creating /home/claudia/ForestGuard/install/forest_guard_sim/share/forest_guard_sim/urdf/meshes
[1.319s] symbolically linking /home/claudia/ForestGuard/build/forest_guard_sim/urdf/meshes/jpl04_arch_nosensor.stl -> /home/claudia/ForestGuard/install/forest_guard_sim/share/forest_guard_sim/urdf/meshes
[1.319s] symbolically linking /home/claudia/ForestGuard/build/forest_guard_sim/urdf/meshes/wheel.dae -> /home/claudia/ForestGuard/install/forest_guard_sim/share/forest_guard_sim/urdf/meshes
[1.319s] symbolically linking /home/claudia/ForestGuard/build/forest_guard_sim/urdf/meshes/base_link.dae -> /home/claudia/ForestGuard/install/forest_guard_sim/share/forest_guard_sim/urdf/meshes
[1.319s] symbolically linking /home/claudia/ForestGuard/build/forest_guard_sim/urdf/meshes/bumper.dae -> /home/claudia/ForestGuard/install/forest_guard_sim/share/forest_guard_sim/urdf/meshes
[1.319s] symbolically linking /home/claudia/ForestGuard/build/forest_guard_sim/urdf/meshes/top_plate.dae -> /home/claudia/ForestGuard/install/forest_guard_sim/share/forest_guard_sim/urdf/meshes
[1.319s] symbolically linking /home/claudia/ForestGuard/build/forest_guard_sim/urdf/meshes/top_chassis.dae -> /home/claudia/ForestGuard/install/forest_guard_sim/share/forest_guard_sim/urdf/meshes
[1.319s] creating /home/claudia/ForestGuard/install/forest_guard_sim/share/forest_guard_sim/test
[1.319s] symbolically linking /home/claudia/ForestGuard/build/forest_guard_sim/test/test_pep257.py -> /home/claudia/ForestGuard/install/forest_guard_sim/share/forest_guard_sim/test
[1.319s] symbolically linking /home/claudia/ForestGuard/build/forest_guard_sim/test/test_copyright.py -> /home/claudia/ForestGuard/install/forest_guard_sim/share/forest_guard_sim/test
[1.319s] symbolically linking /home/claudia/ForestGuard/build/forest_guard_sim/test/test_flake8.py -> /home/claudia/ForestGuard/install/forest_guard_sim/share/forest_guard_sim/test
[1.365s] Invoked command in '/home/claudia/ForestGuard/build/forest_guard_sim' returned '0': PYTHONPATH=/home/claudia/ForestGuard/build/forest_guard_sim/prefix_override:/usr/lib/python3/dist-packages/colcon_core/task/python/colcon_distutils_commands:/home/claudia/ForestGuard/install/forest_guard_sim/lib/python3.10/site-packages:${PYTHONPATH} /usr/bin/python3 -W ignore:setup.py install is deprecated -W ignore:easy_install command is deprecated setup.py develop --editable --build-directory /home/claudia/ForestGuard/build/forest_guard_sim/build --no-deps symlink_data
