[0.712s] Invoking command in '/home/claudia/ForestGuard/build/forest_localization': CMAKE_PREFIX_PATH=${CMAKE_PREFIX_PATH}:/home/claudia/ForestGuard/install/forest_guard_sim:/home/claudia/ros2_ws/install/examples_rclcpp_minimal_publisher:/home/claudia/ros2_ws/install/a3_support:/opt/ros/humble /usr/bin/cmake --build /home/claudia/ForestGuard/build/forest_localization -- -j16 -l16
[0.800s] [100%] Built target forest_localization
[0.813s] Invoked command in '/home/claudia/ForestGuard/build/forest_localization' returned '0': CMAKE_PREFIX_PATH=${CMAKE_PREFIX_PATH}:/home/claudia/ForestGuard/install/forest_guard_sim:/home/claudia/ros2_ws/install/examples_rclcpp_minimal_publisher:/home/claudia/ros2_ws/install/a3_support:/opt/ros/humble /usr/bin/cmake --build /home/claudia/ForestGuard/build/forest_localization -- -j16 -l16
[0.817s] Invoking command in '/home/claudia/ForestGuard/build/forest_localization': CMAKE_PREFIX_PATH=${CMAKE_PREFIX_PATH}:/home/claudia/ForestGuard/install/forest_guard_sim:/home/claudia/ros2_ws/install/examples_rclcpp_minimal_publisher:/home/claudia/ros2_ws/install/a3_support:/opt/ros/humble /usr/bin/cmake --install /home/claudia/ForestGuard/build/forest_localization
[0.825s] -- Install configuration: ""
[0.826s] -- Execute custom install script
[0.828s] -- Up-to-date symlink: /home/claudia/ForestGuard/install/forest_localization/lib/forest_localization/forest_localization
[0.829s] -- Up-to-date symlink: /home/claudia/ForestGuard/install/forest_localization/include/forest_localization/amcl_localization.h
[0.830s] -- Up-to-date symlink: /home/claudia/ForestGuard/install/forest_localization/share/ament_index/resource_index/package_run_dependencies/forest_localization
[0.831s] -- Up-to-date symlink: /home/claudia/ForestGuard/install/forest_localization/share/ament_index/resource_index/parent_prefix_path/forest_localization
[0.831s] -- Up-to-date symlink: /home/claudia/ForestGuard/install/forest_localization/share/forest_localization/environment/ament_prefix_path.sh
[0.832s] -- Up-to-date symlink: /home/claudia/ForestGuard/install/forest_localization/share/forest_localization/environment/ament_prefix_path.dsv
[0.832s] -- Up-to-date symlink: /home/claudia/ForestGuard/install/forest_localization/share/forest_localization/environment/path.sh
[0.833s] -- Up-to-date symlink: /home/claudia/ForestGuard/install/forest_localization/share/forest_localization/environment/path.dsv
[0.833s] -- Up-to-date symlink: /home/claudia/ForestGuard/install/forest_localization/share/forest_localization/local_setup.bash
[0.834s] -- Up-to-date symlink: /home/claudia/ForestGuard/install/forest_localization/share/forest_localization/local_setup.sh
[0.835s] -- Up-to-date symlink: /home/claudia/ForestGuard/install/forest_localization/share/forest_localization/local_setup.zsh
[0.835s] -- Up-to-date symlink: /home/claudia/ForestGuard/install/forest_localization/share/forest_localization/local_setup.dsv
[0.835s] -- Symlinking: /home/claudia/ForestGuard/install/forest_localization/share/forest_localization/package.dsv
[0.844s] -- Up-to-date symlink: /home/claudia/ForestGuard/install/forest_localization/share/ament_index/resource_index/packages/forest_localization
[0.845s] -- Up-to-date symlink: /home/claudia/ForestGuard/install/forest_localization/share/forest_localization/cmake/forest_localizationConfig.cmake
[0.846s] -- Up-to-date symlink: /home/claudia/ForestGuard/install/forest_localization/share/forest_localization/cmake/forest_localizationConfig-version.cmake
[0.846s] -- Up-to-date symlink: /home/claudia/ForestGuard/install/forest_localization/share/forest_localization/package.xml
[0.850s] Invoked command in '/home/claudia/ForestGuard/build/forest_localization' returned '0': CMAKE_PREFIX_PATH=${CMAKE_PREFIX_PATH}:/home/claudia/ForestGuard/install/forest_guard_sim:/home/claudia/ros2_ws/install/examples_rclcpp_minimal_publisher:/home/claudia/ros2_ws/install/a3_support:/opt/ros/humble /usr/bin/cmake --install /home/claudia/ForestGuard/build/forest_localization
