[0.135s] Invoking command in '/home/john/git/RS1/john_branch/build/forestguard_localisation': CMAKE_PREFIX_PATH=${CMAKE_PREFIX_PATH}:/home/john/git/RS1/john_branch/install/forestguard_ui:/home/john/git/RS1/john_branch/install/forestguard_colour:/opt/ros/humble /usr/bin/cmake /home/john/git/RS1/john_branch/src/forestguard_localisation -DAMENT_CMAKE_SYMLINK_INSTALL=1 -DCMAKE_INSTALL_PREFIX=/home/john/git/RS1/john_branch/install/forestguard_localisation
[0.264s] -- The C compiler identification is GNU 11.4.0
[0.264s] -- The CXX compiler identification is GNU 11.4.0
[0.264s] -- Detecting C compiler ABI info
[0.288s] -- Detecting C compiler ABI info - done
[0.291s] -- Check for working C compiler: /usr/bin/cc - skipped
[0.292s] -- Detecting C compile features
[0.292s] -- Detecting C compile features - done
[0.295s] -- Detecting CXX compiler ABI info
[0.350s] -- Detecting CXX compiler ABI info - done
[0.355s] -- Check for working CXX compiler: /usr/bin/c++ - skipped
[0.355s] -- Detecting CXX compile features
[0.355s] -- Detecting CXX compile features - done
[0.357s] -- Found ament_cmake: 1.3.12 (/opt/ros/humble/share/ament_cmake/cmake)
[0.453s] -- Found Python3: /usr/bin/python3 (found version "3.10.12") found components: Interpreter 
[0.488s] -- Override CMake install command with custom implementation using symlinks instead of copying resources
[0.511s] -- Found rclcpp: 16.0.15 (/opt/ros/humble/share/rclcpp/cmake)
[0.544s] -- Found rosidl_generator_c: 3.1.7 (/opt/ros/humble/share/rosidl_generator_c/cmake)
[0.548s] -- Found rosidl_adapter: 3.1.7 (/opt/ros/humble/share/rosidl_adapter/cmake)
[0.555s] -- Found rosidl_generator_cpp: 3.1.7 (/opt/ros/humble/share/rosidl_generator_cpp/cmake)
[0.564s] -- Using all available rosidl_typesupport_c: rosidl_typesupport_fastrtps_c;rosidl_typesupport_introspection_c
[0.576s] -- Using all available rosidl_typesupport_cpp: rosidl_typesupport_fastrtps_cpp;rosidl_typesupport_introspection_cpp
[0.608s] -- Found rmw_implementation_cmake: 6.1.2 (/opt/ros/humble/share/rmw_implementation_cmake/cmake)
[0.610s] -- Found rmw_fastrtps_cpp: 6.2.9 (/opt/ros/humble/share/rmw_fastrtps_cpp/cmake)
[0.677s] -- Found OpenSSL: /usr/lib/x86_64-linux-gnu/libcrypto.so (found version "3.0.2")  
[0.702s] -- Found FastRTPS: /opt/ros/humble/include  
[0.727s] -- Using RMW implementation 'rmw_fastrtps_cpp' as default
[0.736s] -- Looking for pthread.h
[0.787s] -- Looking for pthread.h - found
[0.787s] -- Performing Test CMAKE_HAVE_LIBC_PTHREAD
[0.832s] -- Performing Test CMAKE_HAVE_LIBC_PTHREAD - Success
[0.833s] -- Found Threads: TRUE  
[0.864s] -- Found geometry_msgs: 4.9.0 (/opt/ros/humble/share/geometry_msgs/cmake)
[0.871s] -- Found nav_msgs: 4.9.0 (/opt/ros/humble/share/nav_msgs/cmake)
[0.883s] -- Found tf2_ros: 0.25.16 (/opt/ros/humble/share/tf2_ros/cmake)
[0.948s] -- Found ament_cmake_ros: 0.10.0 (/opt/ros/humble/share/ament_cmake_ros/cmake)
[0.955s] -- Found rosbag2_cpp: 0.15.15 (/opt/ros/humble/share/rosbag2_cpp/cmake)
[0.976s] -- Found ament_lint_auto: 0.12.14 (/opt/ros/humble/share/ament_lint_auto/cmake)
[1.020s] -- Added test 'cppcheck' to perform static code analysis on C / C++ code
[1.020s] -- Configured cppcheck include dirs: $<BUILD_INTERFACE:/home/john/git/RS1/john_branch/src/forestguard_localisation/include>
[1.020s] -- Configured cppcheck exclude dirs and/or files: 
[1.021s] -- Added test 'lint_cmake' to check CMake code style
[1.021s] -- Added test 'uncrustify' to check C / C++ code style
[1.021s] -- Configured uncrustify additional arguments: 
[1.021s] -- Added test 'xmllint' to check XML markup files
[1.022s] -- Configuring done
[1.029s] -- Generating done
[1.031s] -- Build files have been written to: /home/john/git/RS1/john_branch/build/forestguard_localisation
[1.038s] Invoked command in '/home/john/git/RS1/john_branch/build/forestguard_localisation' returned '0': CMAKE_PREFIX_PATH=${CMAKE_PREFIX_PATH}:/home/john/git/RS1/john_branch/install/forestguard_ui:/home/john/git/RS1/john_branch/install/forestguard_colour:/opt/ros/humble /usr/bin/cmake /home/john/git/RS1/john_branch/src/forestguard_localisation -DAMENT_CMAKE_SYMLINK_INSTALL=1 -DCMAKE_INSTALL_PREFIX=/home/john/git/RS1/john_branch/install/forestguard_localisation
[1.039s] Invoking command in '/home/john/git/RS1/john_branch/build/forestguard_localisation': CMAKE_PREFIX_PATH=${CMAKE_PREFIX_PATH}:/home/john/git/RS1/john_branch/install/forestguard_ui:/home/john/git/RS1/john_branch/install/forestguard_colour:/opt/ros/humble /usr/bin/cmake --build /home/john/git/RS1/john_branch/build/forestguard_localisation -- -j20 -l20
[1.073s] [ 33%] [32mBuilding CXX object CMakeFiles/forestguard_localisation.dir/src/main_amcl.cpp.o[0m
[1.073s] [ 66%] [32mBuilding CXX object CMakeFiles/forestguard_localisation.dir/src/amcl_localisation.cpp.o[0m
[5.641s] [100%] [32m[1mLinking CXX executable forestguard_localisation[0m
[5.889s] [100%] Built target forestguard_localisation
[5.899s] Invoked command in '/home/john/git/RS1/john_branch/build/forestguard_localisation' returned '0': CMAKE_PREFIX_PATH=${CMAKE_PREFIX_PATH}:/home/john/git/RS1/john_branch/install/forestguard_ui:/home/john/git/RS1/john_branch/install/forestguard_colour:/opt/ros/humble /usr/bin/cmake --build /home/john/git/RS1/john_branch/build/forestguard_localisation -- -j20 -l20
[5.901s] Invoking command in '/home/john/git/RS1/john_branch/build/forestguard_localisation': CMAKE_PREFIX_PATH=${CMAKE_PREFIX_PATH}:/home/john/git/RS1/john_branch/install/forestguard_ui:/home/john/git/RS1/john_branch/install/forestguard_colour:/opt/ros/humble /usr/bin/cmake --install /home/john/git/RS1/john_branch/build/forestguard_localisation
[5.906s] -- Install configuration: ""
[5.906s] -- Execute custom install script
[5.906s] -- Symlinking: /home/john/git/RS1/john_branch/install/forestguard_localisation/lib/forestguard_localisation/forestguard_localisation
[5.912s] -- Symlinking: /home/john/git/RS1/john_branch/install/forestguard_localisation/include/forestguard_localisation/amcl_localisation.h
[5.918s] -- Symlinking: /home/john/git/RS1/john_branch/install/forestguard_localisation/share/ament_index/resource_index/package_run_dependencies/forestguard_localisation
[5.924s] -- Symlinking: /home/john/git/RS1/john_branch/install/forestguard_localisation/share/ament_index/resource_index/parent_prefix_path/forestguard_localisation
[5.928s] -- Symlinking: /home/john/git/RS1/john_branch/install/forestguard_localisation/share/forestguard_localisation/environment/ament_prefix_path.sh
[5.933s] -- Symlinking: /home/john/git/RS1/john_branch/install/forestguard_localisation/share/forestguard_localisation/environment/ament_prefix_path.dsv
[5.939s] -- Symlinking: /home/john/git/RS1/john_branch/install/forestguard_localisation/share/forestguard_localisation/environment/path.sh
[5.945s] -- Symlinking: /home/john/git/RS1/john_branch/install/forestguard_localisation/share/forestguard_localisation/environment/path.dsv
[5.949s] -- Symlinking: /home/john/git/RS1/john_branch/install/forestguard_localisation/share/forestguard_localisation/local_setup.bash
[5.955s] -- Symlinking: /home/john/git/RS1/john_branch/install/forestguard_localisation/share/forestguard_localisation/local_setup.sh
[5.961s] -- Symlinking: /home/john/git/RS1/john_branch/install/forestguard_localisation/share/forestguard_localisation/local_setup.zsh
[5.967s] -- Symlinking: /home/john/git/RS1/john_branch/install/forestguard_localisation/share/forestguard_localisation/local_setup.dsv
[5.972s] -- Symlinking: /home/john/git/RS1/john_branch/install/forestguard_localisation/share/forestguard_localisation/package.dsv
[5.977s] -- Symlinking: /home/john/git/RS1/john_branch/install/forestguard_localisation/share/ament_index/resource_index/packages/forestguard_localisation
[5.983s] -- Symlinking: /home/john/git/RS1/john_branch/install/forestguard_localisation/share/forestguard_localisation/cmake/forestguard_localisationConfig.cmake
[5.988s] -- Symlinking: /home/john/git/RS1/john_branch/install/forestguard_localisation/share/forestguard_localisation/cmake/forestguard_localisationConfig-version.cmake
[5.992s] -- Symlinking: /home/john/git/RS1/john_branch/install/forestguard_localisation/share/forestguard_localisation/package.xml
[5.999s] Invoked command in '/home/john/git/RS1/john_branch/build/forestguard_localisation' returned '0': CMAKE_PREFIX_PATH=${CMAKE_PREFIX_PATH}:/home/john/git/RS1/john_branch/install/forestguard_ui:/home/john/git/RS1/john_branch/install/forestguard_colour:/opt/ros/humble /usr/bin/cmake --install /home/john/git/RS1/john_branch/build/forestguard_localisation
