/home/yut/git/rs1-2025s-ytu77/john_branch/install/forestguard_colour/lib/python3.10/site-packages/forestguard_colour/lidar_tree_mapper.py
/home/yut/git/rs1-2025s-ytu77/john_branch/install/forestguard_colour/lib/python3.10/site-packages/forestguard_colour/tree_detector_node.py
/home/yut/git/rs1-2025s-ytu77/john_branch/install/forestguard_colour/lib/python3.10/site-packages/forestguard_colour/tree_detector_v2.py
/home/yut/git/rs1-2025s-ytu77/john_branch/install/forestguard_colour/lib/python3.10/site-packages/forestguard_colour/hsv_calibrator.py
/home/yut/git/rs1-2025s-ytu77/john_branch/install/forestguard_colour/lib/python3.10/site-packages/forestguard_colour/camera_tree_mapper.py
/home/yut/git/rs1-2025s-ytu77/john_branch/install/forestguard_colour/lib/python3.10/site-packages/forestguard_colour/tree_colour_confirmer.py
/home/yut/git/rs1-2025s-ytu77/john_branch/install/forestguard_colour/lib/python3.10/site-packages/forestguard_colour/__init__.py
/home/yut/git/rs1-2025s-ytu77/john_branch/install/forestguard_colour/lib/python3.10/site-packages/forestguard_colour/__pycache__/lidar_tree_mapper.cpython-310.pyc
/home/yut/git/rs1-2025s-ytu77/john_branch/install/forestguard_colour/lib/python3.10/site-packages/forestguard_colour/__pycache__/tree_detector_node.cpython-310.pyc
/home/yut/git/rs1-2025s-ytu77/john_branch/install/forestguard_colour/lib/python3.10/site-packages/forestguard_colour/__pycache__/tree_detector_v2.cpython-310.pyc
/home/yut/git/rs1-2025s-ytu77/john_branch/install/forestguard_colour/lib/python3.10/site-packages/forestguard_colour/__pycache__/hsv_calibrator.cpython-310.pyc
/home/yut/git/rs1-2025s-ytu77/john_branch/install/forestguard_colour/lib/python3.10/site-packages/forestguard_colour/__pycache__/camera_tree_mapper.cpython-310.pyc
/home/yut/git/rs1-2025s-ytu77/john_branch/install/forestguard_colour/lib/python3.10/site-packages/forestguard_colour/__pycache__/tree_colour_confirmer.cpython-310.pyc
/home/yut/git/rs1-2025s-ytu77/john_branch/install/forestguard_colour/lib/python3.10/site-packages/forestguard_colour/__pycache__/__init__.cpython-310.pyc
/home/yut/git/rs1-2025s-ytu77/john_branch/install/forestguard_colour/share/ament_index/resource_index/packages/forestguard_colour
/home/yut/git/rs1-2025s-ytu77/john_branch/install/forestguard_colour/share/forestguard_colour/package.xml
/home/yut/git/rs1-2025s-ytu77/john_branch/install/forestguard_colour/share/forestguard_colour/launch/tree_mapper.launch.py
/home/yut/git/rs1-2025s-ytu77/john_branch/install/forestguard_colour/share/forestguard_colour/launch/colour_detector.launch.py
/home/yut/git/rs1-2025s-ytu77/john_branch/install/forestguard_colour/lib/python3.10/site-packages/forestguard_colour-0.0.1-py3.10.egg-info/SOURCES.txt
/home/yut/git/rs1-2025s-ytu77/john_branch/install/forestguard_colour/lib/python3.10/site-packages/forestguard_colour-0.0.1-py3.10.egg-info/entry_points.txt
/home/yut/git/rs1-2025s-ytu77/john_branch/install/forestguard_colour/lib/python3.10/site-packages/forestguard_colour-0.0.1-py3.10.egg-info/dependency_links.txt
/home/yut/git/rs1-2025s-ytu77/john_branch/install/forestguard_colour/lib/python3.10/site-packages/forestguard_colour-0.0.1-py3.10.egg-info/PKG-INFO
/home/yut/git/rs1-2025s-ytu77/john_branch/install/forestguard_colour/lib/python3.10/site-packages/forestguard_colour-0.0.1-py3.10.egg-info/zip-safe
/home/yut/git/rs1-2025s-ytu77/john_branch/install/forestguard_colour/lib/python3.10/site-packages/forestguard_colour-0.0.1-py3.10.egg-info/top_level.txt
/home/yut/git/rs1-2025s-ytu77/john_branch/install/forestguard_colour/lib/python3.10/site-packages/forestguard_colour-0.0.1-py3.10.egg-info/requires.txt
/home/yut/git/rs1-2025s-ytu77/john_branch/install/forestguard_colour/lib/forestguard_colour/camera_tree_mapper
/home/yut/git/rs1-2025s-ytu77/john_branch/install/forestguard_colour/lib/forestguard_colour/hsv_calibrator
/home/yut/git/rs1-2025s-ytu77/john_branch/install/forestguard_colour/lib/forestguard_colour/lidar_tree_mapper
/home/yut/git/rs1-2025s-ytu77/john_branch/install/forestguard_colour/lib/forestguard_colour/tree_colour_confirmer
/home/yut/git/rs1-2025s-ytu77/john_branch/install/forestguard_colour/lib/forestguard_colour/tree_detector
/home/yut/git/rs1-2025s-ytu77/john_branch/install/forestguard_colour/lib/forestguard_colour/tree_detector_v2
