[0.138s] Invoking command in '/home/john/git/RS1/john_branch/build/forestguard_controller': CMAKE_PREFIX_PATH=${CMAKE_PREFIX_PATH}:/home/john/git/RS1/john_branch/install/forestguard_ui:/home/john/git/RS1/john_branch/install/forestguard_colour:/opt/ros/humble /usr/bin/cmake --build /home/john/git/RS1/john_branch/build/forestguard_controller -- -j20 -l20
[0.272s] [100%] Built target forestguard_controller
[0.280s] Invoked command in '/home/john/git/RS1/john_branch/build/forestguard_controller' returned '0': CMAKE_PREFIX_PATH=${CMAKE_PREFIX_PATH}:/home/john/git/RS1/john_branch/install/forestguard_ui:/home/john/git/RS1/john_branch/install/forestguard_colour:/opt/ros/humble /usr/bin/cmake --build /home/john/git/RS1/john_branch/build/forestguard_controller -- -j20 -l20
[0.281s] Invoking command in '/home/john/git/RS1/john_branch/build/forestguard_controller': CMAKE_PREFIX_PATH=${CMAKE_PREFIX_PATH}:/home/john/git/RS1/john_branch/install/forestguard_ui:/home/john/git/RS1/john_branch/install/forestguard_colour:/opt/ros/humble /usr/bin/cmake --install /home/john/git/RS1/john_branch/build/forestguard_controller
[0.287s] -- Install configuration: ""
[0.288s] -- Execute custom install script
[0.288s] -- Up-to-date symlink: /home/john/git/RS1/john_branch/install/forestguard_controller/lib/forestguard_controller/forestguard_controller
[0.289s] -- Up-to-date symlink: /home/john/git/RS1/john_branch/install/forestguard_controller/include/forestguard_controller/controller_husky.h
[0.289s] -- Up-to-date symlink: /home/john/git/RS1/john_branch/install/forestguard_controller/share/ament_index/resource_index/package_run_dependencies/forestguard_controller
[0.290s] -- Up-to-date symlink: /home/john/git/RS1/john_branch/install/forestguard_controller/share/ament_index/resource_index/parent_prefix_path/forestguard_controller
[0.290s] -- Up-to-date symlink: /home/john/git/RS1/john_branch/install/forestguard_controller/share/forestguard_controller/environment/ament_prefix_path.sh
[0.290s] -- Up-to-date symlink: /home/john/git/RS1/john_branch/install/forestguard_controller/share/forestguard_controller/environment/ament_prefix_path.dsv
[0.290s] -- Up-to-date symlink: /home/john/git/RS1/john_branch/install/forestguard_controller/share/forestguard_controller/environment/path.sh
[0.290s] -- Up-to-date symlink: /home/john/git/RS1/john_branch/install/forestguard_controller/share/forestguard_controller/environment/path.dsv
[0.290s] -- Up-to-date symlink: /home/john/git/RS1/john_branch/install/forestguard_controller/share/forestguard_controller/local_setup.bash
[0.290s] -- Up-to-date symlink: /home/john/git/RS1/john_branch/install/forestguard_controller/share/forestguard_controller/local_setup.sh
[0.290s] -- Up-to-date symlink: /home/john/git/RS1/john_branch/install/forestguard_controller/share/forestguard_controller/local_setup.zsh
[0.290s] -- Up-to-date symlink: /home/john/git/RS1/john_branch/install/forestguard_controller/share/forestguard_controller/local_setup.dsv
[0.290s] -- Symlinking: /home/john/git/RS1/john_branch/install/forestguard_controller/share/forestguard_controller/package.dsv
[0.295s] -- Up-to-date symlink: /home/john/git/RS1/john_branch/install/forestguard_controller/share/ament_index/resource_index/packages/forestguard_controller
[0.295s] -- Up-to-date symlink: /home/john/git/RS1/john_branch/install/forestguard_controller/share/forestguard_controller/cmake/forestguard_controllerConfig.cmake
[0.295s] -- Up-to-date symlink: /home/john/git/RS1/john_branch/install/forestguard_controller/share/forestguard_controller/cmake/forestguard_controllerConfig-version.cmake
[0.295s] -- Up-to-date symlink: /home/john/git/RS1/john_branch/install/forestguard_controller/share/forestguard_controller/package.xml
[0.297s] Invoked command in '/home/john/git/RS1/john_branch/build/forestguard_controller' returned '0': CMAKE_PREFIX_PATH=${CMAKE_PREFIX_PATH}:/home/john/git/RS1/john_branch/install/forestguard_ui:/home/john/git/RS1/john_branch/install/forestguard_colour:/opt/ros/humble /usr/bin/cmake --install /home/john/git/RS1/john_branch/build/forestguard_controller
