-- Install configuration: ""
-- Execute custom install script
-- Symlinking: /home/john/git/RS1/john_branch/install/john/share/john/config/forest.rviz
-- Symlinking: /home/john/git/RS1/john_branch/install/john/share/john/config/gazebo_bridge.yaml
-- Symlinking: /home/john/git/RS1/john_branch/install/john/share/john/config/john.rviz
-- Symlinking: /home/john/git/RS1/john_branch/install/john/share/john/config/nav2_params.yaml
-- Symlinking: /home/john/git/RS1/john_branch/install/john/share/john/config/robot_localization.yaml
-- Symlinking: /home/john/git/RS1/john_branch/install/john/share/john/config/slam_params.yaml
-- Symlinking: /home/john/git/RS1/john_branch/install/john/share/john/config/xbox_teleop.yaml
-- Symlinking: /home/john/git/RS1/john_branch/install/john/share/john/launch/41068_ignition.launch.py
-- Symlinking: /home/john/git/RS1/john_branch/install/john/share/john/launch/autonomous_forest.launch.py
-- Symlinking: /home/john/git/RS1/john_branch/install/john/share/john/launch/forest_mapping.launch.py
-- Symlinking: /home/john/git/RS1/john_branch/install/john/share/john/launch/forest_random.launch.py
-- Symlinking: /home/john/git/RS1/john_branch/install/john/share/john/launch/forest_world.launch.py
-- Symlinking: /home/john/git/RS1/john_branch/install/john/share/john/launch/john.launch.py
-- Symlinking: /home/john/git/RS1/john_branch/install/john/share/john/launch/johnNavigation.launch.py
-- Symlinking: /home/john/git/RS1/john_branch/install/john/share/john/launch/johnXL.py
-- Symlinking: /home/john/git/RS1/john_branch/install/john/share/john/launch/john_autonomous_forest.launch.py
-- Symlinking: /home/john/git/RS1/john_branch/install/john/share/john/launch/large_forest_husky.launch.py
-- Symlinking: /home/john/git/RS1/john_branch/install/john/share/john/launch/navigation_map.launch.py
-- Symlinking: /home/john/git/RS1/john_branch/install/john/share/john/launch/random_forest_husky.launch.py
-- Symlinking: /home/john/git/RS1/john_branch/install/john/share/john/launch/sample
-- Symlinking: /home/john/git/RS1/john_branch/install/john/share/john/maps/forest_map.pgm
-- Symlinking: /home/john/git/RS1/john_branch/install/john/share/john/maps/forest_map.yaml
-- Symlinking: /home/john/git/RS1/john_branch/install/john/share/john/models/forest_env/materials/textures/empty_grass.png
-- Symlinking: /home/john/git/RS1/john_branch/install/john/share/john/models/forest_env/meshes/Environment.dae
-- Symlinking: /home/john/git/RS1/john_branch/install/john/share/john/models/forest_env/meshes/Environment1.dae
-- Symlinking: /home/john/git/RS1/john_branch/install/john/share/john/models/forest_env/meshes/empty_grass.png
-- Symlinking: /home/john/git/RS1/john_branch/install/john/share/john/models/forest_env/model.config
-- Symlinking: /home/john/git/RS1/john_branch/install/john/share/john/models/forest_env/model.sdf
-- Symlinking: /home/john/git/RS1/john_branch/install/john/share/john/models/forest_plane/materials/textures/empty_grass.png
-- Symlinking: /home/john/git/RS1/john_branch/install/john/share/john/models/forest_plane/materials/textures/forest_overhead.png
-- Symlinking: /home/john/git/RS1/john_branch/install/john/share/john/models/forest_plane/materials/textures/leaf_litter.png
-- Symlinking: /home/john/git/RS1/john_branch/install/john/share/john/models/forest_plane/model.config
-- Symlinking: /home/john/git/RS1/john_branch/install/john/share/john/models/forest_plane/model.sdf
-- Symlinking: /home/john/git/RS1/john_branch/install/john/share/john/models/forest_wall/materials/textures/forest_wall.png
-- Symlinking: /home/john/git/RS1/john_branch/install/john/share/john/models/forest_wall/materials/textures/forest_wall_transparent.png
-- Symlinking: /home/john/git/RS1/john_branch/install/john/share/john/models/forest_wall/materials/textures/forest_wall_transparent_small.png
-- Symlinking: /home/john/git/RS1/john_branch/install/john/share/john/models/forest_wall/model.config
-- Symlinking: /home/john/git/RS1/john_branch/install/john/share/john/models/forest_wall/model.sdf
-- Symlinking: /home/john/git/RS1/john_branch/install/john/share/john/models/grass_plane/materials/textures/empty_grass.png
-- Symlinking: /home/john/git/RS1/john_branch/install/john/share/john/models/grass_plane/model.config
-- Symlinking: /home/john/git/RS1/john_branch/install/john/share/john/models/grass_plane/model.sdf
-- Symlinking: /home/john/git/RS1/john_branch/install/john/share/john/models/tree1/materials/textures/bark01.jpg
-- Symlinking: /home/john/git/RS1/john_branch/install/john/share/john/models/tree1/meshes/tree_a.dae
-- Symlinking: /home/john/git/RS1/john_branch/install/john/share/john/models/tree1/model.config
-- Symlinking: /home/john/git/RS1/john_branch/install/john/share/john/models/tree1/model.sdf
-- Symlinking: /home/john/git/RS1/john_branch/install/john/share/john/models/tree2/materials/textures/bark.jpeg
-- Symlinking: /home/john/git/RS1/john_branch/install/john/share/john/models/tree2/meshes/tree_b.dae
-- Symlinking: /home/john/git/RS1/john_branch/install/john/share/john/models/tree2/model.config
-- Symlinking: /home/john/git/RS1/john_branch/install/john/share/john/models/tree2/model.sdf
-- Symlinking: /home/john/git/RS1/john_branch/install/john/share/john/urdf/common_properties.urdf.xacro
-- Symlinking: /home/john/git/RS1/john_branch/install/john/share/john/urdf/husky.gazebo.xacro
-- Symlinking: /home/john/git/RS1/john_branch/install/john/share/john/urdf/husky.urdf.xacro
-- Symlinking: /home/john/git/RS1/john_branch/install/john/share/john/urdf/meshes/base_link.dae
-- Symlinking: /home/john/git/RS1/john_branch/install/john/share/john/urdf/meshes/bumper.dae
-- Symlinking: /home/john/git/RS1/john_branch/install/john/share/john/urdf/meshes/jpl04_arch_nosensor.stl
-- Symlinking: /home/john/git/RS1/john_branch/install/john/share/john/urdf/meshes/top_chassis.dae
-- Symlinking: /home/john/git/RS1/john_branch/install/john/share/john/urdf/meshes/top_plate.dae
-- Symlinking: /home/john/git/RS1/john_branch/install/john/share/john/urdf/meshes/wheel.dae
-- Symlinking: /home/john/git/RS1/john_branch/install/john/share/john/urdf/wheel.urdf.xacro
-- Symlinking: /home/john/git/RS1/john_branch/install/john/share/john/worlds/forest_world.sdf
-- Symlinking: /home/john/git/RS1/john_branch/install/john/share/john/worlds/large_demo.sdf
-- Symlinking: /home/john/git/RS1/john_branch/install/john/share/john/worlds/simple_trees.sdf
-- Symlinking: /home/john/git/RS1/john_branch/install/john/share/ament_index/resource_index/package_run_dependencies/john
-- Symlinking: /home/john/git/RS1/john_branch/install/john/share/ament_index/resource_index/parent_prefix_path/john
-- Symlinking: /home/john/git/RS1/john_branch/install/john/share/john/environment/ament_prefix_path.sh
-- Symlinking: /home/john/git/RS1/john_branch/install/john/share/john/environment/ament_prefix_path.dsv
-- Symlinking: /home/john/git/RS1/john_branch/install/john/share/john/environment/path.sh
-- Symlinking: /home/john/git/RS1/john_branch/install/john/share/john/environment/path.dsv
-- Symlinking: /home/john/git/RS1/john_branch/install/john/share/john/local_setup.bash
-- Symlinking: /home/john/git/RS1/john_branch/install/john/share/john/local_setup.sh
-- Symlinking: /home/john/git/RS1/john_branch/install/john/share/john/local_setup.zsh
-- Symlinking: /home/john/git/RS1/john_branch/install/john/share/john/local_setup.dsv
-- Symlinking: /home/john/git/RS1/john_branch/install/john/share/john/package.dsv
-- Symlinking: /home/john/git/RS1/john_branch/install/john/share/ament_index/resource_index/packages/john
-- Symlinking: /home/john/git/RS1/john_branch/install/john/share/john/cmake/johnConfig.cmake
-- Symlinking: /home/john/git/RS1/john_branch/install/john/share/john/cmake/johnConfig-version.cmake
-- Symlinking: /home/john/git/RS1/john_branch/install/john/share/john/package.xml
