[0.065s] Invoking command in '/home/claudia/ForestGuard/build/controller_pkg': CMAKE_PREFIX_PATH=${CMAKE_PREFIX_PATH}:/home/claudia/ros2_ws/install/examples_rclcpp_minimal_publisher:/home/claudia/ros2_ws/install/a3_support:/opt/ros/humble /usr/bin/cmake /home/claudia/ForestGuard/src/controller_pkg -DCMAKE_INSTALL_PREFIX=/home/claudia/ForestGuard/install/controller_pkg
[0.273s] -- The C compiler identification is GNU 11.4.0
[0.464s] -- The CXX compiler identification is GNU 11.4.0
[0.495s] -- Detecting C compiler ABI info
[0.661s] -- Detecting C compiler ABI info - done
[0.679s] -- Check for working C compiler: /usr/bin/cc - skipped
[0.686s] -- Detecting C compile features
[0.688s] -- Detecting C compile features - done
[0.696s] -- Detecting CXX compiler ABI info
[0.894s] -- Detecting CXX compiler ABI info - done
[0.912s] -- Check for working CXX compiler: /usr/bin/c++ - skipped
[0.913s] -- Detecting CXX compile features
[0.914s] -- Detecting CXX compile features - done
[0.939s] -- Found ament_cmake: 1.3.12 (/opt/ros/humble/share/ament_cmake/cmake)
[1.274s] -- Found Python3: /usr/bin/python3 (found version "3.10.12") found components: Interpreter 
[1.626s] -- Found rclcpp: 16.0.14 (/opt/ros/humble/share/rclcpp/cmake)
[1.815s] -- Found rosidl_generator_c: 3.1.7 (/opt/ros/humble/share/rosidl_generator_c/cmake)
[1.841s] -- Found rosidl_adapter: 3.1.7 (/opt/ros/humble/share/rosidl_adapter/cmake)
[1.897s] -- Found rosidl_generator_cpp: 3.1.7 (/opt/ros/humble/share/rosidl_generator_cpp/cmake)
[1.948s] -- Using all available rosidl_typesupport_c: rosidl_typesupport_fastrtps_c;rosidl_typesupport_introspection_c
[2.014s] -- Using all available rosidl_typesupport_cpp: rosidl_typesupport_fastrtps_cpp;rosidl_typesupport_introspection_cpp
[2.198s] -- Found rmw_implementation_cmake: 6.1.2 (/opt/ros/humble/share/rmw_implementation_cmake/cmake)
[2.213s] -- Found rmw_fastrtps_cpp: 6.2.8 (/opt/ros/humble/share/rmw_fastrtps_cpp/cmake)
[2.494s] -- Found OpenSSL: /usr/lib/x86_64-linux-gnu/libcrypto.so (found version "3.0.2")  
[2.597s] -- Found FastRTPS: /opt/ros/humble/include  
[2.738s] -- Using RMW implementation 'rmw_fastrtps_cpp' as default
[2.791s] -- Performing Test CMAKE_HAVE_LIBC_PTHREAD
[2.957s] -- Performing Test CMAKE_HAVE_LIBC_PTHREAD - Success
[2.959s] -- Found Threads: TRUE  
[3.140s] -- Found geometry_msgs: 4.9.0 (/opt/ros/humble/share/geometry_msgs/cmake)
[3.190s] -- Found nav_msgs: 4.9.0 (/opt/ros/humble/share/nav_msgs/cmake)
[3.242s] -- Found sensor_msgs: 4.9.0 (/opt/ros/humble/share/sensor_msgs/cmake)
[3.300s] -- Found std_srvs: 4.9.0 (/opt/ros/humble/share/std_srvs/cmake)
[3.339s] -- Found tf2: 0.25.16 (/opt/ros/humble/share/tf2/cmake)
[3.387s] -- Found tf2_ros: 0.25.16 (/opt/ros/humble/share/tf2_ros/cmake)
[3.701s] -- Found ament_lint_auto: 0.12.14 (/opt/ros/humble/share/ament_lint_auto/cmake)
[3.965s] -- Added test 'cppcheck' to perform static code analysis on C / C++ code
[3.965s] -- Configured cppcheck include dirs: 
[3.965s] -- Configured cppcheck exclude dirs and/or files: 
[3.968s] -- Added test 'lint_cmake' to check CMake code style
[3.972s] -- Added test 'uncrustify' to check C / C++ code style
[3.972s] -- Configured uncrustify additional arguments: 
[3.974s] -- Added test 'xmllint' to check XML markup files
[3.979s] -- Configuring done
[3.995s] -- Generating done
[4.002s] -- Build files have been written to: /home/claudia/ForestGuard/build/controller_pkg
[4.027s] Invoked command in '/home/claudia/ForestGuard/build/controller_pkg' returned '0': CMAKE_PREFIX_PATH=${CMAKE_PREFIX_PATH}:/home/claudia/ros2_ws/install/examples_rclcpp_minimal_publisher:/home/claudia/ros2_ws/install/a3_support:/opt/ros/humble /usr/bin/cmake /home/claudia/ForestGuard/src/controller_pkg -DCMAKE_INSTALL_PREFIX=/home/claudia/ForestGuard/install/controller_pkg
[4.030s] Invoking command in '/home/claudia/ForestGuard/build/controller_pkg': CMAKE_PREFIX_PATH=${CMAKE_PREFIX_PATH}:/home/claudia/ros2_ws/install/examples_rclcpp_minimal_publisher:/home/claudia/ros2_ws/install/a3_support:/opt/ros/humble /usr/bin/cmake --build /home/claudia/ForestGuard/build/controller_pkg -- -j16 -l16
[4.086s] Invoked command in '/home/claudia/ForestGuard/build/controller_pkg' returned '0': CMAKE_PREFIX_PATH=${CMAKE_PREFIX_PATH}:/home/claudia/ros2_ws/install/examples_rclcpp_minimal_publisher:/home/claudia/ros2_ws/install/a3_support:/opt/ros/humble /usr/bin/cmake --build /home/claudia/ForestGuard/build/controller_pkg -- -j16 -l16
[4.091s] Invoking command in '/home/claudia/ForestGuard/build/controller_pkg': CMAKE_PREFIX_PATH=${CMAKE_PREFIX_PATH}:/home/claudia/ros2_ws/install/examples_rclcpp_minimal_publisher:/home/claudia/ros2_ws/install/a3_support:/opt/ros/humble /usr/bin/cmake --install /home/claudia/ForestGuard/build/controller_pkg
[4.098s] -- Install configuration: ""
[4.098s] -- Installing: /home/claudia/ForestGuard/install/controller_pkg/share/ament_index/resource_index/package_run_dependencies/controller_pkg
[4.099s] -- Installing: /home/claudia/ForestGuard/install/controller_pkg/share/ament_index/resource_index/parent_prefix_path/controller_pkg
[4.100s] -- Installing: /home/claudia/ForestGuard/install/controller_pkg/share/controller_pkg/environment/ament_prefix_path.sh
[4.100s] -- Installing: /home/claudia/ForestGuard/install/controller_pkg/share/controller_pkg/environment/ament_prefix_path.dsv
[4.101s] -- Installing: /home/claudia/ForestGuard/install/controller_pkg/share/controller_pkg/environment/path.sh
[4.101s] -- Installing: /home/claudia/ForestGuard/install/controller_pkg/share/controller_pkg/environment/path.dsv
[4.101s] -- Installing: /home/claudia/ForestGuard/install/controller_pkg/share/controller_pkg/local_setup.bash
[4.102s] -- Installing: /home/claudia/ForestGuard/install/controller_pkg/share/controller_pkg/local_setup.sh
[4.102s] -- Installing: /home/claudia/ForestGuard/install/controller_pkg/share/controller_pkg/local_setup.zsh
[4.103s] -- Installing: /home/claudia/ForestGuard/install/controller_pkg/share/controller_pkg/local_setup.dsv
[4.104s] -- Installing: /home/claudia/ForestGuard/install/controller_pkg/share/controller_pkg/package.dsv
[4.104s] -- Installing: /home/claudia/ForestGuard/install/controller_pkg/share/ament_index/resource_index/packages/controller_pkg
[4.105s] -- Installing: /home/claudia/ForestGuard/install/controller_pkg/share/controller_pkg/cmake/controller_pkgConfig.cmake
[4.105s] -- Installing: /home/claudia/ForestGuard/install/controller_pkg/share/controller_pkg/cmake/controller_pkgConfig-version.cmake
[4.106s] -- Installing: /home/claudia/ForestGuard/install/controller_pkg/share/controller_pkg/package.xml
[4.111s] Invoked command in '/home/claudia/ForestGuard/build/controller_pkg' returned '0': CMAKE_PREFIX_PATH=${CMAKE_PREFIX_PATH}:/home/claudia/ros2_ws/install/examples_rclcpp_minimal_publisher:/home/claudia/ros2_ws/install/a3_support:/opt/ros/humble /usr/bin/cmake --install /home/claudia/ForestGuard/build/controller_pkg
