[0.092s] DEBUG:colcon:Command line arguments: ['/usr/bin/colcon', 'list', '-p', '--base-paths', '/home/claudia/ForestGuard']
[0.092s] DEBUG:colcon:Parsed command line arguments: Namespace(log_base=None, log_level=None, verb_name='list', build_base='build', ignore_user_meta=False, metas=['./colcon.meta'], base_paths=['/home/claudia/ForestGuard'], packages_ignore=None, packages_ignore_regex=None, paths=None, packages_up_to=None, packages_up_to_regex=None, packages_above=None, packages_above_and_dependencies=None, packages_above_depth=None, packages_select_by_dep=None, packages_skip_by_dep=None, packages_skip_up_to=None, packages_select_build_failed=False, packages_skip_build_finished=False, packages_select_test_failures=False, packages_skip_test_passed=False, packages_select=None, packages_skip=None, packages_select_regex=None, packages_skip_regex=None, packages_start=None, packages_end=None, allow_overriding=[], topological_order=False, names_only=False, paths_only=True, topological_graph=False, topological_graph_dot=False, topological_graph_density=False, topological_graph_legend=False, topological_graph_dot_cluster=False, topological_graph_dot_include_skipped=False, verb_parser=<colcon_defaults.argument_parser.defaults.DefaultArgumentsDecorator object at 0x7168e6d7e1a0>, verb_extension=<colcon_package_information.verb.list.ListVerb object at 0x7168e6d7dea0>, main=<bound method ListVerb.main of <colcon_package_information.verb.list.ListVerb object at 0x7168e6d7dea0>>)
[0.281s] Level 1:colcon.colcon_core.package_discovery:discover_packages(colcon_meta) check parameters
[0.281s] Level 1:colcon.colcon_core.package_discovery:discover_packages(recursive) check parameters
[0.281s] Level 1:colcon.colcon_core.package_discovery:discover_packages(ignore) check parameters
[0.281s] Level 1:colcon.colcon_core.package_discovery:discover_packages(path) check parameters
[0.281s] Level 1:colcon.colcon_core.package_discovery:discover_packages(recursive) discover
[0.281s] INFO:colcon.colcon_core.package_discovery:Crawling recursively for packages in '/home/claudia/ForestGuard'
[0.281s] Level 1:colcon.colcon_core.package_identification:_identify(/home/claudia/ForestGuard) by extensions ['ignore', 'ignore_ament_install']
[0.281s] Level 1:colcon.colcon_core.package_identification:_identify(/home/claudia/ForestGuard) by extension 'ignore'
[0.282s] Level 1:colcon.colcon_core.package_identification:_identify(/home/claudia/ForestGuard) by extension 'ignore_ament_install'
[0.282s] Level 1:colcon.colcon_core.package_identification:_identify(/home/claudia/ForestGuard) by extensions ['colcon_pkg']
[0.282s] Level 1:colcon.colcon_core.package_identification:_identify(/home/claudia/ForestGuard) by extension 'colcon_pkg'
[0.282s] Level 1:colcon.colcon_core.package_identification:_identify(/home/claudia/ForestGuard) by extensions ['colcon_meta']
[0.282s] Level 1:colcon.colcon_core.package_identification:_identify(/home/claudia/ForestGuard) by extension 'colcon_meta'
[0.282s] Level 1:colcon.colcon_core.package_identification:_identify(/home/claudia/ForestGuard) by extensions ['ros']
[0.282s] Level 1:colcon.colcon_core.package_identification:_identify(/home/claudia/ForestGuard) by extension 'ros'
[0.292s] Level 1:colcon.colcon_core.package_identification:_identify(/home/claudia/ForestGuard) by extensions ['cmake', 'python']
[0.292s] Level 1:colcon.colcon_core.package_identification:_identify(/home/claudia/ForestGuard) by extension 'cmake'
[0.293s] Level 1:colcon.colcon_core.package_identification:_identify(/home/claudia/ForestGuard) by extension 'python'
[0.293s] Level 1:colcon.colcon_core.package_identification:_identify(/home/claudia/ForestGuard) by extensions ['python_setup_py']
[0.293s] Level 1:colcon.colcon_core.package_identification:_identify(/home/claudia/ForestGuard) by extension 'python_setup_py'
[0.293s] Level 1:colcon.colcon_core.package_identification:_identify(/home/claudia/ForestGuard/build) by extensions ['ignore', 'ignore_ament_install']
[0.293s] Level 1:colcon.colcon_core.package_identification:_identify(/home/claudia/ForestGuard/build) by extension 'ignore'
[0.293s] Level 1:colcon.colcon_core.package_identification:_identify(/home/claudia/ForestGuard/build) ignored
[0.293s] Level 1:colcon.colcon_core.package_identification:_identify(/home/claudia/ForestGuard/install) by extensions ['ignore', 'ignore_ament_install']
[0.293s] Level 1:colcon.colcon_core.package_identification:_identify(/home/claudia/ForestGuard/install) by extension 'ignore'
[0.293s] Level 1:colcon.colcon_core.package_identification:_identify(/home/claudia/ForestGuard/install) ignored
[0.293s] Level 1:colcon.colcon_core.package_identification:_identify(/home/claudia/ForestGuard/log) by extensions ['ignore', 'ignore_ament_install']
[0.293s] Level 1:colcon.colcon_core.package_identification:_identify(/home/claudia/ForestGuard/log) by extension 'ignore'
[0.293s] Level 1:colcon.colcon_core.package_identification:_identify(/home/claudia/ForestGuard/log) ignored
[0.294s] Level 1:colcon.colcon_core.package_identification:_identify(/home/claudia/ForestGuard/src) by extensions ['ignore', 'ignore_ament_install']
[0.294s] Level 1:colcon.colcon_core.package_identification:_identify(/home/claudia/ForestGuard/src) by extension 'ignore'
[0.294s] Level 1:colcon.colcon_core.package_identification:_identify(/home/claudia/ForestGuard/src) by extension 'ignore_ament_install'
[0.294s] Level 1:colcon.colcon_core.package_identification:_identify(/home/claudia/ForestGuard/src) by extensions ['colcon_pkg']
[0.294s] Level 1:colcon.colcon_core.package_identification:_identify(/home/claudia/ForestGuard/src) by extension 'colcon_pkg'
[0.294s] Level 1:colcon.colcon_core.package_identification:_identify(/home/claudia/ForestGuard/src) by extensions ['colcon_meta']
[0.294s] Level 1:colcon.colcon_core.package_identification:_identify(/home/claudia/ForestGuard/src) by extension 'colcon_meta'
[0.294s] Level 1:colcon.colcon_core.package_identification:_identify(/home/claudia/ForestGuard/src) by extensions ['ros']
[0.294s] Level 1:colcon.colcon_core.package_identification:_identify(/home/claudia/ForestGuard/src) by extension 'ros'
[0.294s] Level 1:colcon.colcon_core.package_identification:_identify(/home/claudia/ForestGuard/src) by extensions ['cmake', 'python']
[0.294s] Level 1:colcon.colcon_core.package_identification:_identify(/home/claudia/ForestGuard/src) by extension 'cmake'
[0.294s] Level 1:colcon.colcon_core.package_identification:_identify(/home/claudia/ForestGuard/src) by extension 'python'
[0.294s] Level 1:colcon.colcon_core.package_identification:_identify(/home/claudia/ForestGuard/src) by extensions ['python_setup_py']
[0.294s] Level 1:colcon.colcon_core.package_identification:_identify(/home/claudia/ForestGuard/src) by extension 'python_setup_py'
[0.294s] Level 1:colcon.colcon_core.package_identification:_identify(/home/claudia/ForestGuard/src/build) by extensions ['ignore', 'ignore_ament_install']
[0.294s] Level 1:colcon.colcon_core.package_identification:_identify(/home/claudia/ForestGuard/src/build) by extension 'ignore'
[0.294s] Level 1:colcon.colcon_core.package_identification:_identify(/home/claudia/ForestGuard/src/build) ignored
[0.294s] Level 1:colcon.colcon_core.package_identification:_identify(/home/claudia/ForestGuard/src/forest_guard_sim) by extensions ['ignore', 'ignore_ament_install']
[0.295s] Level 1:colcon.colcon_core.package_identification:_identify(/home/claudia/ForestGuard/src/forest_guard_sim) by extension 'ignore'
[0.295s] Level 1:colcon.colcon_core.package_identification:_identify(/home/claudia/ForestGuard/src/forest_guard_sim) by extension 'ignore_ament_install'
[0.295s] Level 1:colcon.colcon_core.package_identification:_identify(/home/claudia/ForestGuard/src/forest_guard_sim) by extensions ['colcon_pkg']
[0.295s] Level 1:colcon.colcon_core.package_identification:_identify(/home/claudia/ForestGuard/src/forest_guard_sim) by extension 'colcon_pkg'
[0.295s] Level 1:colcon.colcon_core.package_identification:_identify(/home/claudia/ForestGuard/src/forest_guard_sim) by extensions ['colcon_meta']
[0.295s] Level 1:colcon.colcon_core.package_identification:_identify(/home/claudia/ForestGuard/src/forest_guard_sim) by extension 'colcon_meta'
[0.295s] Level 1:colcon.colcon_core.package_identification:_identify(/home/claudia/ForestGuard/src/forest_guard_sim) by extensions ['ros']
[0.295s] Level 1:colcon.colcon_core.package_identification:_identify(/home/claudia/ForestGuard/src/forest_guard_sim) by extension 'ros'
[0.298s] DEBUG:colcon.colcon_core.package_identification:Package '/home/claudia/ForestGuard/src/forest_guard_sim' with type 'ros.ament_python' and name 'forest_guard_sim'
[0.298s] Level 1:colcon.colcon_core.package_identification:_identify(/home/claudia/ForestGuard/src/forest_husky) by extensions ['ignore', 'ignore_ament_install']
[0.298s] Level 1:colcon.colcon_core.package_identification:_identify(/home/claudia/ForestGuard/src/forest_husky) by extension 'ignore'
[0.298s] Level 1:colcon.colcon_core.package_identification:_identify(/home/claudia/ForestGuard/src/forest_husky) by extension 'ignore_ament_install'
[0.298s] Level 1:colcon.colcon_core.package_identification:_identify(/home/claudia/ForestGuard/src/forest_husky) by extensions ['colcon_pkg']
[0.298s] Level 1:colcon.colcon_core.package_identification:_identify(/home/claudia/ForestGuard/src/forest_husky) by extension 'colcon_pkg'
[0.298s] Level 1:colcon.colcon_core.package_identification:_identify(/home/claudia/ForestGuard/src/forest_husky) by extensions ['colcon_meta']
[0.298s] Level 1:colcon.colcon_core.package_identification:_identify(/home/claudia/ForestGuard/src/forest_husky) by extension 'colcon_meta'
[0.298s] Level 1:colcon.colcon_core.package_identification:_identify(/home/claudia/ForestGuard/src/forest_husky) by extensions ['ros']
[0.298s] Level 1:colcon.colcon_core.package_identification:_identify(/home/claudia/ForestGuard/src/forest_husky) by extension 'ros'
[0.299s] DEBUG:colcon.colcon_core.package_identification:Package '/home/claudia/ForestGuard/src/forest_husky' with type 'ros.ament_cmake' and name 'forest_husky'
[0.300s] Level 1:colcon.colcon_core.package_identification:_identify(/home/claudia/ForestGuard/src/install) by extensions ['ignore', 'ignore_ament_install']
[0.300s] Level 1:colcon.colcon_core.package_identification:_identify(/home/claudia/ForestGuard/src/install) by extension 'ignore'
[0.300s] Level 1:colcon.colcon_core.package_identification:_identify(/home/claudia/ForestGuard/src/install) ignored
[0.300s] Level 1:colcon.colcon_core.package_identification:_identify(/home/claudia/ForestGuard/src/log) by extensions ['ignore', 'ignore_ament_install']
[0.300s] Level 1:colcon.colcon_core.package_identification:_identify(/home/claudia/ForestGuard/src/log) by extension 'ignore'
[0.300s] Level 1:colcon.colcon_core.package_identification:_identify(/home/claudia/ForestGuard/src/log) ignored
[0.300s] Level 1:colcon.colcon_core.package_discovery:discover_packages(recursive) using defaults
