[0.038s] Invoking command in '/home/claudia/ForestGuard/build/my_drone_pkg': CMAKE_PREFIX_PATH=${CMAKE_PREFIX_PATH}:/home/claudia/ros2_ws/install/examples_rclcpp_minimal_publisher:/home/claudia/ros2_ws/install/a3_support:/opt/ros/humble /usr/bin/cmake --build /home/claudia/ForestGuard/build/my_drone_pkg -- -j16 -l16
[0.097s] Invoked command in '/home/claudia/ForestGuard/build/my_drone_pkg' returned '0': CMAKE_PREFIX_PATH=${CMAKE_PREFIX_PATH}:/home/claudia/ros2_ws/install/examples_rclcpp_minimal_publisher:/home/claudia/ros2_ws/install/a3_support:/opt/ros/humble /usr/bin/cmake --build /home/claudia/ForestGuard/build/my_drone_pkg -- -j16 -l16
[0.113s] Invoking command in '/home/claudia/ForestGuard/build/my_drone_pkg': CMAKE_PREFIX_PATH=${CMAKE_PREFIX_PATH}:/home/claudia/ros2_ws/install/examples_rclcpp_minimal_publisher:/home/claudia/ros2_ws/install/a3_support:/opt/ros/humble /usr/bin/cmake --install /home/claudia/ForestGuard/build/my_drone_pkg
[0.121s] -- Install configuration: ""
[0.121s] -- Up-to-date: /home/claudia/ForestGuard/install/my_drone_pkg/lib/my_drone_pkg/setup_gazebo.sh
[0.121s] -- Up-to-date: /home/claudia/ForestGuard/install/my_drone_pkg/share/my_drone_pkg/launch
[0.122s] -- Up-to-date: /home/claudia/ForestGuard/install/my_drone_pkg/share/my_drone_pkg/launch/drone_launch.py
[0.122s] -- Up-to-date: /home/claudia/ForestGuard/install/my_drone_pkg/share/my_drone_pkg/worlds
[0.122s] -- Up-to-date: /home/claudia/ForestGuard/install/my_drone_pkg/share/my_drone_pkg/worlds/world_demo.sdf
[0.122s] -- Up-to-date: /home/claudia/ForestGuard/install/my_drone_pkg/share/my_drone_pkg/models
[0.123s] -- Up-to-date: /home/claudia/ForestGuard/install/my_drone_pkg/share/my_drone_pkg/models/X4_GPS_LIDAR_RGBD
[0.123s] -- Up-to-date: /home/claudia/ForestGuard/install/my_drone_pkg/share/my_drone_pkg/models/X4_GPS_LIDAR_RGBD/model.sdf
[0.123s] -- Up-to-date: /home/claudia/ForestGuard/install/my_drone_pkg/share/my_drone_pkg/models/X4_GPS_LIDAR_RGBD/materials
[0.123s] -- Up-to-date: /home/claudia/ForestGuard/install/my_drone_pkg/share/my_drone_pkg/models/X4_GPS_LIDAR_RGBD/materials/textures
[0.123s] -- Up-to-date: /home/claudia/ForestGuard/install/my_drone_pkg/share/my_drone_pkg/models/X4_GPS_LIDAR_RGBD/materials/textures/led.jpg
[0.124s] -- Up-to-date: /home/claudia/ForestGuard/install/my_drone_pkg/share/my_drone_pkg/models/X4_GPS_LIDAR_RGBD/materials/textures/spotlight.jpg
[0.124s] -- Up-to-date: /home/claudia/ForestGuard/install/my_drone_pkg/share/my_drone_pkg/models/X4_GPS_LIDAR_RGBD/model.config
[0.124s] -- Up-to-date: /home/claudia/ForestGuard/install/my_drone_pkg/share/my_drone_pkg/models/X4_GPS_LIDAR_RGBD/meshes
[0.124s] -- Up-to-date: /home/claudia/ForestGuard/install/my_drone_pkg/share/my_drone_pkg/models/X4_GPS_LIDAR_RGBD/meshes/neo11_propeller_cw.dae
[0.124s] -- Up-to-date: /home/claudia/ForestGuard/install/my_drone_pkg/share/my_drone_pkg/models/X4_GPS_LIDAR_RGBD/meshes/x4.dae
[0.125s] -- Up-to-date: /home/claudia/ForestGuard/install/my_drone_pkg/share/my_drone_pkg/models/X4_GPS_LIDAR_RGBD/meshes/led.dae
[0.125s] -- Up-to-date: /home/claudia/ForestGuard/install/my_drone_pkg/share/my_drone_pkg/models/X4_GPS_LIDAR_RGBD/meshes/x4.jpg
[0.126s] -- Up-to-date: /home/claudia/ForestGuard/install/my_drone_pkg/share/my_drone_pkg/models/X4_GPS_LIDAR_RGBD/meshes/propeller_cw.dae
[0.127s] -- Up-to-date: /home/claudia/ForestGuard/install/my_drone_pkg/share/my_drone_pkg/models/X4_GPS_LIDAR_RGBD/meshes/propeller_ccw.dae
[0.127s] -- Up-to-date: /home/claudia/ForestGuard/install/my_drone_pkg/share/my_drone_pkg/models/X4_GPS_LIDAR_RGBD/meshes/neo11_propeller_ccw.dae
[0.127s] -- Up-to-date: /home/claudia/ForestGuard/install/my_drone_pkg/share/my_drone_pkg/models/X4_GPS_LIDAR_RGBD/meshes/led_lamp.dae
[0.127s] -- Up-to-date: /home/claudia/ForestGuard/install/my_drone_pkg/share/my_drone_pkg/models/X4_GPS_LIDAR_RGBD/meshes/vi_sensor.jpg
[0.127s] -- Up-to-date: /home/claudia/ForestGuard/install/my_drone_pkg/share/my_drone_pkg/models/X4_GPS_LIDAR_RGBD/meshes/vi_sensor.dae
[0.128s] -- Up-to-date: /home/claudia/ForestGuard/install/my_drone_pkg/share/my_drone_pkg/models/X4_GPS_LIDAR_RGBD/meshes/vi_camera.jpg
[0.128s] -- Up-to-date: /home/claudia/ForestGuard/install/my_drone_pkg/share/my_drone_pkg/models/X4_GPS_LIDAR_RGBD/meshes/pelican.dae
[0.128s] -- Up-to-date: /home/claudia/ForestGuard/install/my_drone_pkg/share/my_drone_pkg/models/X4_GPS_LIDAR_RGBD/meshes/vi_camera.dae
[0.129s] -- Up-to-date: /home/claudia/ForestGuard/install/my_drone_pkg/share/my_drone_pkg/models/X4_GPS_LIDAR_RGBD/meshes/spotlight.dae
[0.129s] -- Up-to-date: /home/claudia/ForestGuard/install/my_drone_pkg/share/my_drone_pkg/models/X4_GPS_LIDAR_RGBD/thumbnails
[0.129s] -- Up-to-date: /home/claudia/ForestGuard/install/my_drone_pkg/share/my_drone_pkg/models/X4_GPS_LIDAR_RGBD/thumbnails/2.jpg
[0.131s] -- Up-to-date: /home/claudia/ForestGuard/install/my_drone_pkg/share/my_drone_pkg/models/X4_GPS_LIDAR_RGBD/thumbnails/5.jpg
[0.132s] -- Up-to-date: /home/claudia/ForestGuard/install/my_drone_pkg/share/my_drone_pkg/models/X4_GPS_LIDAR_RGBD/thumbnails/1.jpg
[0.132s] -- Up-to-date: /home/claudia/ForestGuard/install/my_drone_pkg/share/my_drone_pkg/models/X4_GPS_LIDAR_RGBD/thumbnails/3.jpg
[0.132s] -- Up-to-date: /home/claudia/ForestGuard/install/my_drone_pkg/share/my_drone_pkg/models/X4_GPS_LIDAR_RGBD/thumbnails/4.jpg
[0.133s] -- Up-to-date: /home/claudia/ForestGuard/install/my_drone_pkg/share/my_drone_pkg/urdf
[0.133s] -- Up-to-date: /home/claudia/ForestGuard/install/my_drone_pkg/share/my_drone_pkg/urdf/X4.urdf.xacro
[0.134s] -- Up-to-date: /home/claudia/ForestGuard/install/my_drone_pkg/share/my_drone_pkg/config
[0.134s] -- Up-to-date: /home/claudia/ForestGuard/install/my_drone_pkg/share/my_drone_pkg/config/ros_gz_bridge_config.yaml
[0.134s] -- Up-to-date: /home/claudia/ForestGuard/install/my_drone_pkg/share/ament_index/resource_index/package_run_dependencies/my_drone_pkg
[0.134s] -- Up-to-date: /home/claudia/ForestGuard/install/my_drone_pkg/share/ament_index/resource_index/parent_prefix_path/my_drone_pkg
[0.134s] -- Up-to-date: /home/claudia/ForestGuard/install/my_drone_pkg/share/my_drone_pkg/environment/ament_prefix_path.sh
[0.135s] -- Up-to-date: /home/claudia/ForestGuard/install/my_drone_pkg/share/my_drone_pkg/environment/ament_prefix_path.dsv
[0.135s] -- Up-to-date: /home/claudia/ForestGuard/install/my_drone_pkg/share/my_drone_pkg/environment/path.sh
[0.135s] -- Up-to-date: /home/claudia/ForestGuard/install/my_drone_pkg/share/my_drone_pkg/environment/path.dsv
[0.135s] -- Up-to-date: /home/claudia/ForestGuard/install/my_drone_pkg/share/my_drone_pkg/local_setup.bash
[0.135s] -- Up-to-date: /home/claudia/ForestGuard/install/my_drone_pkg/share/my_drone_pkg/local_setup.sh
[0.136s] -- Up-to-date: /home/claudia/ForestGuard/install/my_drone_pkg/share/my_drone_pkg/local_setup.zsh
[0.136s] -- Up-to-date: /home/claudia/ForestGuard/install/my_drone_pkg/share/my_drone_pkg/local_setup.dsv
[0.136s] -- Installing: /home/claudia/ForestGuard/install/my_drone_pkg/share/my_drone_pkg/package.dsv
[0.136s] -- Up-to-date: /home/claudia/ForestGuard/install/my_drone_pkg/share/ament_index/resource_index/packages/my_drone_pkg
[0.137s] -- Up-to-date: /home/claudia/ForestGuard/install/my_drone_pkg/share/my_drone_pkg/cmake/my_drone_pkgConfig.cmake
[0.137s] -- Up-to-date: /home/claudia/ForestGuard/install/my_drone_pkg/share/my_drone_pkg/cmake/my_drone_pkgConfig-version.cmake
[0.138s] -- Up-to-date: /home/claudia/ForestGuard/install/my_drone_pkg/share/my_drone_pkg/package.xml
[0.138s] Invoked command in '/home/claudia/ForestGuard/build/my_drone_pkg' returned '0': CMAKE_PREFIX_PATH=${CMAKE_PREFIX_PATH}:/home/claudia/ros2_ws/install/examples_rclcpp_minimal_publisher:/home/claudia/ros2_ws/install/a3_support:/opt/ros/humble /usr/bin/cmake --install /home/claudia/ForestGuard/build/my_drone_pkg
