[0.246s] DEBUG:colcon:Command line arguments: ['/usr/bin/colcon', 'build', '--symlink-install', '--packages-select', 'forest_husky', 'husky_controller']
[0.246s] DEBUG:colcon:Parsed command line arguments: Namespace(log_base=None, log_level=None, verb_name='build', build_base='build', install_base='install', merge_install=False, symlink_install=True, test_result_base=None, continue_on_error=False, executor='parallel', parallel_workers=16, event_handlers=None, ignore_user_meta=False, metas=['./colcon.meta'], base_paths=['.'], packages_ignore=None, packages_ignore_regex=None, paths=None, packages_up_to=None, packages_up_to_regex=None, packages_above=None, packages_above_and_dependencies=None, packages_above_depth=None, packages_select_by_dep=None, packages_skip_by_dep=None, packages_skip_up_to=None, packages_select_build_failed=False, packages_skip_build_finished=False, packages_select_test_failures=False, packages_skip_test_passed=False, packages_select=['forest_husky', 'husky_controller'], packages_skip=None, packages_select_regex=None, packages_skip_regex=None, packages_start=None, packages_end=None, allow_overriding=[], cmake_args=None, cmake_target=None, cmake_target_skip_unavailable=False, cmake_clean_cache=False, cmake_clean_first=False, cmake_force_configure=False, ament_cmake_args=None, catkin_cmake_args=None, catkin_skip_building_tests=False, verb_parser=<colcon_defaults.argument_parser.defaults.DefaultArgumentsDecorator object at 0x7bb0e557a320>, verb_extension=<colcon_core.verb.build.BuildVerb object at 0x7bb0e5579e10>, main=<bound method BuildVerb.main of <colcon_core.verb.build.BuildVerb object at 0x7bb0e5579e10>>)
[0.706s] Level 1:colcon.colcon_core.package_discovery:discover_packages(colcon_meta) check parameters
[0.706s] Level 1:colcon.colcon_core.package_discovery:discover_packages(recursive) check parameters
[0.706s] Level 1:colcon.colcon_core.package_discovery:discover_packages(ignore) check parameters
[0.706s] Level 1:colcon.colcon_core.package_discovery:discover_packages(path) check parameters
[0.706s] Level 1:colcon.colcon_core.package_discovery:discover_packages(colcon_meta) discover
[0.707s] Level 1:colcon.colcon_core.package_discovery:discover_packages(recursive) discover
[0.707s] INFO:colcon.colcon_core.package_discovery:Crawling recursively for packages in '/home/claudia/ForestGuard'
[0.707s] Level 1:colcon.colcon_core.package_identification:_identify(.) by extensions ['ignore', 'ignore_ament_install']
[0.707s] Level 1:colcon.colcon_core.package_identification:_identify(.) by extension 'ignore'
[0.707s] Level 1:colcon.colcon_core.package_identification:_identify(.) by extension 'ignore_ament_install'
[0.708s] Level 1:colcon.colcon_core.package_identification:_identify(.) by extensions ['colcon_pkg']
[0.708s] Level 1:colcon.colcon_core.package_identification:_identify(.) by extension 'colcon_pkg'
[0.708s] Level 1:colcon.colcon_core.package_identification:_identify(.) by extensions ['colcon_meta']
[0.708s] Level 1:colcon.colcon_core.package_identification:_identify(.) by extension 'colcon_meta'
[0.708s] Level 1:colcon.colcon_core.package_identification:_identify(.) by extensions ['ros']
[0.708s] Level 1:colcon.colcon_core.package_identification:_identify(.) by extension 'ros'
[0.737s] Level 1:colcon.colcon_core.package_identification:_identify(.) by extensions ['cmake', 'python']
[0.737s] Level 1:colcon.colcon_core.package_identification:_identify(.) by extension 'cmake'
[0.737s] Level 1:colcon.colcon_core.package_identification:_identify(.) by extension 'python'
[0.737s] Level 1:colcon.colcon_core.package_identification:_identify(.) by extensions ['python_setup_py']
[0.737s] Level 1:colcon.colcon_core.package_identification:_identify(.) by extension 'python_setup_py'
[0.738s] Level 1:colcon.colcon_core.package_identification:_identify(build) by extensions ['ignore', 'ignore_ament_install']
[0.738s] Level 1:colcon.colcon_core.package_identification:_identify(build) by extension 'ignore'
[0.738s] Level 1:colcon.colcon_core.package_identification:_identify(build) ignored
[0.739s] Level 1:colcon.colcon_core.package_identification:_identify(install) by extensions ['ignore', 'ignore_ament_install']
[0.739s] Level 1:colcon.colcon_core.package_identification:_identify(install) by extension 'ignore'
[0.739s] Level 1:colcon.colcon_core.package_identification:_identify(install) ignored
[0.739s] Level 1:colcon.colcon_core.package_identification:_identify(log) by extensions ['ignore', 'ignore_ament_install']
[0.740s] Level 1:colcon.colcon_core.package_identification:_identify(log) by extension 'ignore'
[0.740s] Level 1:colcon.colcon_core.package_identification:_identify(log) ignored
[0.740s] Level 1:colcon.colcon_core.package_identification:_identify(src) by extensions ['ignore', 'ignore_ament_install']
[0.740s] Level 1:colcon.colcon_core.package_identification:_identify(src) by extension 'ignore'
[0.740s] Level 1:colcon.colcon_core.package_identification:_identify(src) by extension 'ignore_ament_install'
[0.740s] Level 1:colcon.colcon_core.package_identification:_identify(src) by extensions ['colcon_pkg']
[0.741s] Level 1:colcon.colcon_core.package_identification:_identify(src) by extension 'colcon_pkg'
[0.741s] Level 1:colcon.colcon_core.package_identification:_identify(src) by extensions ['colcon_meta']
[0.741s] Level 1:colcon.colcon_core.package_identification:_identify(src) by extension 'colcon_meta'
[0.741s] Level 1:colcon.colcon_core.package_identification:_identify(src) by extensions ['ros']
[0.741s] Level 1:colcon.colcon_core.package_identification:_identify(src) by extension 'ros'
[0.741s] Level 1:colcon.colcon_core.package_identification:_identify(src) by extensions ['cmake', 'python']
[0.741s] Level 1:colcon.colcon_core.package_identification:_identify(src) by extension 'cmake'
[0.741s] Level 1:colcon.colcon_core.package_identification:_identify(src) by extension 'python'
[0.742s] Level 1:colcon.colcon_core.package_identification:_identify(src) by extensions ['python_setup_py']
[0.742s] Level 1:colcon.colcon_core.package_identification:_identify(src) by extension 'python_setup_py'
[0.742s] Level 1:colcon.colcon_core.package_identification:_identify(src/build) by extensions ['ignore', 'ignore_ament_install']
[0.742s] Level 1:colcon.colcon_core.package_identification:_identify(src/build) by extension 'ignore'
[0.742s] Level 1:colcon.colcon_core.package_identification:_identify(src/build) ignored
[0.743s] Level 1:colcon.colcon_core.package_identification:_identify(src/forest_guard_sim) by extensions ['ignore', 'ignore_ament_install']
[0.743s] Level 1:colcon.colcon_core.package_identification:_identify(src/forest_guard_sim) by extension 'ignore'
[0.743s] Level 1:colcon.colcon_core.package_identification:_identify(src/forest_guard_sim) by extension 'ignore_ament_install'
[0.743s] Level 1:colcon.colcon_core.package_identification:_identify(src/forest_guard_sim) by extensions ['colcon_pkg']
[0.743s] Level 1:colcon.colcon_core.package_identification:_identify(src/forest_guard_sim) by extension 'colcon_pkg'
[0.743s] Level 1:colcon.colcon_core.package_identification:_identify(src/forest_guard_sim) by extensions ['colcon_meta']
[0.743s] Level 1:colcon.colcon_core.package_identification:_identify(src/forest_guard_sim) by extension 'colcon_meta'
[0.744s] Level 1:colcon.colcon_core.package_identification:_identify(src/forest_guard_sim) by extensions ['ros']
[0.744s] Level 1:colcon.colcon_core.package_identification:_identify(src/forest_guard_sim) by extension 'ros'
[0.774s] DEBUG:colcon.colcon_core.package_identification:Package 'src/forest_guard_sim' with type 'ros.ament_python' and name 'forest_guard_sim'
[0.774s] Level 1:colcon.colcon_core.package_identification:_identify(src/forest_husky) by extensions ['ignore', 'ignore_ament_install']
[0.774s] Level 1:colcon.colcon_core.package_identification:_identify(src/forest_husky) by extension 'ignore'
[0.775s] Level 1:colcon.colcon_core.package_identification:_identify(src/forest_husky) by extension 'ignore_ament_install'
[0.775s] Level 1:colcon.colcon_core.package_identification:_identify(src/forest_husky) by extensions ['colcon_pkg']
[0.775s] Level 1:colcon.colcon_core.package_identification:_identify(src/forest_husky) by extension 'colcon_pkg'
[0.775s] Level 1:colcon.colcon_core.package_identification:_identify(src/forest_husky) by extensions ['colcon_meta']
[0.775s] Level 1:colcon.colcon_core.package_identification:_identify(src/forest_husky) by extension 'colcon_meta'
[0.775s] Level 1:colcon.colcon_core.package_identification:_identify(src/forest_husky) by extensions ['ros']
[0.776s] Level 1:colcon.colcon_core.package_identification:_identify(src/forest_husky) by extension 'ros'
[0.778s] DEBUG:colcon.colcon_core.package_identification:Package 'src/forest_husky' with type 'ros.ament_cmake' and name 'forest_husky'
[0.778s] Level 1:colcon.colcon_core.package_identification:_identify(src/husky_controller) by extensions ['ignore', 'ignore_ament_install']
[0.778s] Level 1:colcon.colcon_core.package_identification:_identify(src/husky_controller) by extension 'ignore'
[0.778s] Level 1:colcon.colcon_core.package_identification:_identify(src/husky_controller) by extension 'ignore_ament_install'
[0.779s] Level 1:colcon.colcon_core.package_identification:_identify(src/husky_controller) by extensions ['colcon_pkg']
[0.779s] Level 1:colcon.colcon_core.package_identification:_identify(src/husky_controller) by extension 'colcon_pkg'
[0.779s] Level 1:colcon.colcon_core.package_identification:_identify(src/husky_controller) by extensions ['colcon_meta']
[0.779s] Level 1:colcon.colcon_core.package_identification:_identify(src/husky_controller) by extension 'colcon_meta'
[0.779s] Level 1:colcon.colcon_core.package_identification:_identify(src/husky_controller) by extensions ['ros']
[0.779s] Level 1:colcon.colcon_core.package_identification:_identify(src/husky_controller) by extension 'ros'
[0.781s] DEBUG:colcon.colcon_core.package_identification:Package 'src/husky_controller' with type 'ros.ament_cmake' and name 'husky_controller'
[0.782s] Level 1:colcon.colcon_core.package_identification:_identify(src/install) by extensions ['ignore', 'ignore_ament_install']
[0.782s] Level 1:colcon.colcon_core.package_identification:_identify(src/install) by extension 'ignore'
[0.782s] Level 1:colcon.colcon_core.package_identification:_identify(src/install) ignored
[0.782s] Level 1:colcon.colcon_core.package_identification:_identify(src/log) by extensions ['ignore', 'ignore_ament_install']
[0.783s] Level 1:colcon.colcon_core.package_identification:_identify(src/log) by extension 'ignore'
[0.783s] Level 1:colcon.colcon_core.package_identification:_identify(src/log) ignored
[0.783s] Level 1:colcon.colcon_core.package_discovery:discover_packages(recursive) using defaults
[0.783s] Level 1:colcon.colcon_core.package_discovery:discover_packages(ignore) discover
[0.783s] Level 1:colcon.colcon_core.package_discovery:discover_packages(ignore) using defaults
[0.783s] Level 1:colcon.colcon_core.package_discovery:discover_packages(path) discover
[0.783s] Level 1:colcon.colcon_core.package_discovery:discover_packages(path) using defaults
[0.833s] INFO:colcon.colcon_core.package_selection:Skipping not selected package 'forest_guard_sim' in 'src/forest_guard_sim'
[0.834s] Level 1:colcon.colcon_core.package_discovery:discover_packages(prefix_path) check parameters
[0.834s] Level 1:colcon.colcon_core.package_discovery:discover_packages(prefix_path) discover
[0.840s] DEBUG:colcon.colcon_installed_package_information.package_discovery:Found 2 installed packages in /home/claudia/rs1_ws/install
[0.842s] DEBUG:colcon.colcon_installed_package_information.package_discovery:Found 11 installed packages in /home/claudia/ros2_ws/install
[0.847s] DEBUG:colcon.colcon_installed_package_information.package_discovery:Found 479 installed packages in /opt/ros/humble
[0.854s] Level 1:colcon.colcon_core.package_discovery:discover_packages(prefix_path) using defaults
[0.985s] Level 5:colcon.colcon_core.verb:set package 'forest_husky' build argument 'cmake_args' from command line to 'None'
[0.985s] Level 5:colcon.colcon_core.verb:set package 'forest_husky' build argument 'cmake_target' from command line to 'None'
[0.985s] Level 5:colcon.colcon_core.verb:set package 'forest_husky' build argument 'cmake_target_skip_unavailable' from command line to 'False'
[0.985s] Level 5:colcon.colcon_core.verb:set package 'forest_husky' build argument 'cmake_clean_cache' from command line to 'False'
[0.985s] Level 5:colcon.colcon_core.verb:set package 'forest_husky' build argument 'cmake_clean_first' from command line to 'False'
[0.985s] Level 5:colcon.colcon_core.verb:set package 'forest_husky' build argument 'cmake_force_configure' from command line to 'False'
[0.985s] Level 5:colcon.colcon_core.verb:set package 'forest_husky' build argument 'ament_cmake_args' from command line to 'None'
[0.985s] Level 5:colcon.colcon_core.verb:set package 'forest_husky' build argument 'catkin_cmake_args' from command line to 'None'
[0.985s] Level 5:colcon.colcon_core.verb:set package 'forest_husky' build argument 'catkin_skip_building_tests' from command line to 'False'
[0.986s] DEBUG:colcon.colcon_core.verb:Building package 'forest_husky' with the following arguments: {'ament_cmake_args': None, 'build_base': '/home/claudia/ForestGuard/build/forest_husky', 'catkin_cmake_args': None, 'catkin_skip_building_tests': False, 'cmake_args': None, 'cmake_clean_cache': False, 'cmake_clean_first': False, 'cmake_force_configure': False, 'cmake_target': None, 'cmake_target_skip_unavailable': False, 'install_base': '/home/claudia/ForestGuard/install/forest_husky', 'merge_install': False, 'path': '/home/claudia/ForestGuard/src/forest_husky', 'symlink_install': True, 'test_result_base': None}
[0.986s] Level 5:colcon.colcon_core.verb:set package 'husky_controller' build argument 'cmake_args' from command line to 'None'
[0.987s] Level 5:colcon.colcon_core.verb:set package 'husky_controller' build argument 'cmake_target' from command line to 'None'
[0.987s] Level 5:colcon.colcon_core.verb:set package 'husky_controller' build argument 'cmake_target_skip_unavailable' from command line to 'False'
[0.987s] Level 5:colcon.colcon_core.verb:set package 'husky_controller' build argument 'cmake_clean_cache' from command line to 'False'
[0.987s] Level 5:colcon.colcon_core.verb:set package 'husky_controller' build argument 'cmake_clean_first' from command line to 'False'
[0.987s] Level 5:colcon.colcon_core.verb:set package 'husky_controller' build argument 'cmake_force_configure' from command line to 'False'
[0.987s] Level 5:colcon.colcon_core.verb:set package 'husky_controller' build argument 'ament_cmake_args' from command line to 'None'
[0.987s] Level 5:colcon.colcon_core.verb:set package 'husky_controller' build argument 'catkin_cmake_args' from command line to 'None'
[0.987s] Level 5:colcon.colcon_core.verb:set package 'husky_controller' build argument 'catkin_skip_building_tests' from command line to 'False'
[0.987s] DEBUG:colcon.colcon_core.verb:Building package 'husky_controller' with the following arguments: {'ament_cmake_args': None, 'build_base': '/home/claudia/ForestGuard/build/husky_controller', 'catkin_cmake_args': None, 'catkin_skip_building_tests': False, 'cmake_args': None, 'cmake_clean_cache': False, 'cmake_clean_first': False, 'cmake_force_configure': False, 'cmake_target': None, 'cmake_target_skip_unavailable': False, 'install_base': '/home/claudia/ForestGuard/install/husky_controller', 'merge_install': False, 'path': '/home/claudia/ForestGuard/src/husky_controller', 'symlink_install': True, 'test_result_base': None}
[0.987s] INFO:colcon.colcon_core.executor:Executing jobs using 'parallel' executor
[0.990s] DEBUG:colcon.colcon_parallel_executor.executor.parallel:run_until_complete
[0.990s] INFO:colcon.colcon_ros.task.ament_cmake.build:Building ROS package in '/home/claudia/ForestGuard/src/forest_husky' with build type 'ament_cmake'
[0.991s] INFO:colcon.colcon_cmake.task.cmake.build:Building CMake package in '/home/claudia/ForestGuard/src/forest_husky'
[0.996s] INFO:colcon.colcon_core.plugin_system:Skipping extension 'colcon_core.shell.bat': Not used on non-Windows systems
[0.996s] INFO:colcon.colcon_core.shell:Skip shell extension 'powershell' for command environment: Not usable outside of PowerShell
[0.996s] DEBUG:colcon.colcon_core.shell:Skip shell extension 'dsv' for command environment
[1.010s] INFO:colcon.colcon_ros.task.ament_cmake.build:Building ROS package in '/home/claudia/ForestGuard/src/husky_controller' with build type 'ament_cmake'
[1.010s] INFO:colcon.colcon_cmake.task.cmake.build:Building CMake package in '/home/claudia/ForestGuard/src/husky_controller'
[1.011s] INFO:colcon.colcon_core.shell:Skip shell extension 'powershell' for command environment: Not usable outside of PowerShell
[1.011s] DEBUG:colcon.colcon_core.shell:Skip shell extension 'dsv' for command environment
[1.041s] DEBUG:colcon.colcon_core.event_handler.log_command:Invoking command in '/home/claudia/ForestGuard/build/forest_husky': CMAKE_PREFIX_PATH=${CMAKE_PREFIX_PATH}:/home/claudia/ros2_ws/install/examples_rclcpp_minimal_publisher:/home/claudia/ros2_ws/install/a3_support:/opt/ros/humble /usr/bin/cmake --build /home/claudia/ForestGuard/build/forest_husky -- -j16 -l16
[1.048s] DEBUG:colcon.colcon_core.event_handler.log_command:Invoking command in '/home/claudia/ForestGuard/build/husky_controller': CMAKE_PREFIX_PATH=${CMAKE_PREFIX_PATH}:/home/claudia/ros2_ws/install/examples_rclcpp_minimal_publisher:/home/claudia/ros2_ws/install/a3_support:/opt/ros/humble /usr/bin/cmake --build /home/claudia/ForestGuard/build/husky_controller -- -j16 -l16
[1.086s] DEBUG:colcon.colcon_core.event_handler.log_command:Invoked command in '/home/claudia/ForestGuard/build/forest_husky' returned '0': CMAKE_PREFIX_PATH=${CMAKE_PREFIX_PATH}:/home/claudia/ros2_ws/install/examples_rclcpp_minimal_publisher:/home/claudia/ros2_ws/install/a3_support:/opt/ros/humble /usr/bin/cmake --build /home/claudia/ForestGuard/build/forest_husky -- -j16 -l16
[1.099s] DEBUG:colcon.colcon_core.event_handler.log_command:Invoking command in '/home/claudia/ForestGuard/build/forest_husky': CMAKE_PREFIX_PATH=${CMAKE_PREFIX_PATH}:/home/claudia/ros2_ws/install/examples_rclcpp_minimal_publisher:/home/claudia/ros2_ws/install/a3_support:/opt/ros/humble /usr/bin/cmake --install /home/claudia/ForestGuard/build/forest_husky
[1.102s] DEBUG:colcon.colcon_core.event_handler.log_command:Invoked command in '/home/claudia/ForestGuard/build/husky_controller' returned '0': CMAKE_PREFIX_PATH=${CMAKE_PREFIX_PATH}:/home/claudia/ros2_ws/install/examples_rclcpp_minimal_publisher:/home/claudia/ros2_ws/install/a3_support:/opt/ros/humble /usr/bin/cmake --build /home/claudia/ForestGuard/build/husky_controller -- -j16 -l16
[1.106s] DEBUG:colcon.colcon_core.event_handler.log_command:Invoking command in '/home/claudia/ForestGuard/build/husky_controller': CMAKE_PREFIX_PATH=${CMAKE_PREFIX_PATH}:/home/claudia/ros2_ws/install/examples_rclcpp_minimal_publisher:/home/claudia/ros2_ws/install/a3_support:/opt/ros/humble /usr/bin/cmake --install /home/claudia/ForestGuard/build/husky_controller
[1.152s] Level 1:colcon.colcon_core.environment:create_environment_scripts_only(forest_husky)
[1.154s] DEBUG:colcon.colcon_core.event_handler.log_command:Invoked command in '/home/claudia/ForestGuard/build/forest_husky' returned '0': CMAKE_PREFIX_PATH=${CMAKE_PREFIX_PATH}:/home/claudia/ros2_ws/install/examples_rclcpp_minimal_publisher:/home/claudia/ros2_ws/install/a3_support:/opt/ros/humble /usr/bin/cmake --install /home/claudia/ForestGuard/build/forest_husky
[1.160s] Level 1:colcon.colcon_core.environment:checking '/home/claudia/ForestGuard/install/forest_husky' for CMake module files
[1.161s] Level 1:colcon.colcon_core.environment:checking '/home/claudia/ForestGuard/install/forest_husky' for CMake config files
[1.162s] Level 1:colcon.colcon_core.shell:create_environment_hook('forest_husky', 'cmake_prefix_path')
[1.163s] INFO:colcon.colcon_core.shell:Creating environment hook '/home/claudia/ForestGuard/install/forest_husky/share/forest_husky/hook/cmake_prefix_path.ps1'
[1.165s] INFO:colcon.colcon_core.shell:Creating environment descriptor '/home/claudia/ForestGuard/install/forest_husky/share/forest_husky/hook/cmake_prefix_path.dsv'
[1.166s] INFO:colcon.colcon_core.shell:Creating environment hook '/home/claudia/ForestGuard/install/forest_husky/share/forest_husky/hook/cmake_prefix_path.sh'
[1.169s] Level 1:colcon.colcon_core.environment:checking '/home/claudia/ForestGuard/install/forest_husky/bin'
[1.169s] Level 1:colcon.colcon_core.environment:checking '/home/claudia/ForestGuard/install/forest_husky/lib/pkgconfig/forest_husky.pc'
[1.170s] Level 1:colcon.colcon_core.environment:checking '/home/claudia/ForestGuard/install/forest_husky/lib/python3.10/site-packages'
[1.170s] Level 1:colcon.colcon_core.environment:checking '/home/claudia/ForestGuard/install/forest_husky/bin'
[1.171s] INFO:colcon.colcon_core.shell:Creating package script '/home/claudia/ForestGuard/install/forest_husky/share/forest_husky/package.ps1'
[1.173s] INFO:colcon.colcon_core.shell:Creating package descriptor '/home/claudia/ForestGuard/install/forest_husky/share/forest_husky/package.dsv'
[1.174s] INFO:colcon.colcon_core.shell:Creating package script '/home/claudia/ForestGuard/install/forest_husky/share/forest_husky/package.sh'
[1.176s] INFO:colcon.colcon_core.shell:Creating package script '/home/claudia/ForestGuard/install/forest_husky/share/forest_husky/package.bash'
[1.178s] INFO:colcon.colcon_core.shell:Creating package script '/home/claudia/ForestGuard/install/forest_husky/share/forest_husky/package.zsh'
[1.180s] Level 1:colcon.colcon_core.environment:create_file_with_runtime_dependencies(/home/claudia/ForestGuard/install/forest_husky/share/colcon-core/packages/forest_husky)
[1.181s] Level 1:colcon.colcon_core.environment:create_environment_scripts_only(forest_husky)
[1.182s] Level 1:colcon.colcon_core.environment:checking '/home/claudia/ForestGuard/install/forest_husky' for CMake module files
[1.183s] Level 1:colcon.colcon_core.environment:checking '/home/claudia/ForestGuard/install/forest_husky' for CMake config files
[1.184s] Level 1:colcon.colcon_core.shell:create_environment_hook('forest_husky', 'cmake_prefix_path')
[1.185s] INFO:colcon.colcon_core.shell:Creating environment hook '/home/claudia/ForestGuard/install/forest_husky/share/forest_husky/hook/cmake_prefix_path.ps1'
[1.186s] INFO:colcon.colcon_core.shell:Creating environment descriptor '/home/claudia/ForestGuard/install/forest_husky/share/forest_husky/hook/cmake_prefix_path.dsv'
[1.187s] INFO:colcon.colcon_core.shell:Creating environment hook '/home/claudia/ForestGuard/install/forest_husky/share/forest_husky/hook/cmake_prefix_path.sh'
[1.188s] Level 1:colcon.colcon_core.environment:checking '/home/claudia/ForestGuard/install/forest_husky/bin'
[1.188s] Level 1:colcon.colcon_core.environment:checking '/home/claudia/ForestGuard/install/forest_husky/lib/pkgconfig/forest_husky.pc'
[1.189s] Level 1:colcon.colcon_core.environment:checking '/home/claudia/ForestGuard/install/forest_husky/lib/python3.10/site-packages'
[1.189s] Level 1:colcon.colcon_core.environment:checking '/home/claudia/ForestGuard/install/forest_husky/bin'
[1.190s] INFO:colcon.colcon_core.shell:Creating package script '/home/claudia/ForestGuard/install/forest_husky/share/forest_husky/package.ps1'
[1.192s] INFO:colcon.colcon_core.shell:Creating package descriptor '/home/claudia/ForestGuard/install/forest_husky/share/forest_husky/package.dsv'
[1.193s] INFO:colcon.colcon_core.shell:Creating package script '/home/claudia/ForestGuard/install/forest_husky/share/forest_husky/package.sh'
[1.195s] INFO:colcon.colcon_core.shell:Creating package script '/home/claudia/ForestGuard/install/forest_husky/share/forest_husky/package.bash'
[1.196s] INFO:colcon.colcon_core.shell:Creating package script '/home/claudia/ForestGuard/install/forest_husky/share/forest_husky/package.zsh'
[1.197s] Level 1:colcon.colcon_core.environment:create_file_with_runtime_dependencies(/home/claudia/ForestGuard/install/forest_husky/share/colcon-core/packages/forest_husky)
[1.262s] Level 1:colcon.colcon_core.environment:create_environment_scripts_only(husky_controller)
[1.264s] Level 1:colcon.colcon_core.environment:checking '/home/claudia/ForestGuard/install/husky_controller' for CMake module files
[1.264s] DEBUG:colcon.colcon_core.event_handler.log_command:Invoked command in '/home/claudia/ForestGuard/build/husky_controller' returned '0': CMAKE_PREFIX_PATH=${CMAKE_PREFIX_PATH}:/home/claudia/ros2_ws/install/examples_rclcpp_minimal_publisher:/home/claudia/ros2_ws/install/a3_support:/opt/ros/humble /usr/bin/cmake --install /home/claudia/ForestGuard/build/husky_controller
[1.266s] Level 1:colcon.colcon_core.environment:checking '/home/claudia/ForestGuard/install/husky_controller' for CMake config files
[1.266s] Level 1:colcon.colcon_core.shell:create_environment_hook('husky_controller', 'cmake_prefix_path')
[1.267s] INFO:colcon.colcon_core.shell:Creating environment hook '/home/claudia/ForestGuard/install/husky_controller/share/husky_controller/hook/cmake_prefix_path.ps1'
[1.268s] INFO:colcon.colcon_core.shell:Creating environment descriptor '/home/claudia/ForestGuard/install/husky_controller/share/husky_controller/hook/cmake_prefix_path.dsv'
[1.269s] INFO:colcon.colcon_core.shell:Creating environment hook '/home/claudia/ForestGuard/install/husky_controller/share/husky_controller/hook/cmake_prefix_path.sh'
[1.271s] Level 1:colcon.colcon_core.environment:checking '/home/claudia/ForestGuard/install/husky_controller/bin'
[1.271s] Level 1:colcon.colcon_core.environment:checking '/home/claudia/ForestGuard/install/husky_controller/lib/pkgconfig/husky_controller.pc'
[1.271s] Level 1:colcon.colcon_core.environment:checking '/home/claudia/ForestGuard/install/husky_controller/lib/python3.10/site-packages'
[1.272s] Level 1:colcon.colcon_core.environment:checking '/home/claudia/ForestGuard/install/husky_controller/bin'
[1.273s] INFO:colcon.colcon_core.shell:Creating package script '/home/claudia/ForestGuard/install/husky_controller/share/husky_controller/package.ps1'
[1.274s] INFO:colcon.colcon_core.shell:Creating package descriptor '/home/claudia/ForestGuard/install/husky_controller/share/husky_controller/package.dsv'
[1.275s] INFO:colcon.colcon_core.shell:Creating package script '/home/claudia/ForestGuard/install/husky_controller/share/husky_controller/package.sh'
[1.275s] INFO:colcon.colcon_core.shell:Creating package script '/home/claudia/ForestGuard/install/husky_controller/share/husky_controller/package.bash'
[1.276s] INFO:colcon.colcon_core.shell:Creating package script '/home/claudia/ForestGuard/install/husky_controller/share/husky_controller/package.zsh'
[1.277s] Level 1:colcon.colcon_core.environment:create_file_with_runtime_dependencies(/home/claudia/ForestGuard/install/husky_controller/share/colcon-core/packages/husky_controller)
[1.279s] Level 1:colcon.colcon_core.environment:create_environment_scripts_only(husky_controller)
[1.279s] Level 1:colcon.colcon_core.environment:checking '/home/claudia/ForestGuard/install/husky_controller' for CMake module files
[1.280s] Level 1:colcon.colcon_core.environment:checking '/home/claudia/ForestGuard/install/husky_controller' for CMake config files
[1.281s] Level 1:colcon.colcon_core.shell:create_environment_hook('husky_controller', 'cmake_prefix_path')
[1.282s] INFO:colcon.colcon_core.shell:Creating environment hook '/home/claudia/ForestGuard/install/husky_controller/share/husky_controller/hook/cmake_prefix_path.ps1'
[1.283s] INFO:colcon.colcon_core.shell:Creating environment descriptor '/home/claudia/ForestGuard/install/husky_controller/share/husky_controller/hook/cmake_prefix_path.dsv'
[1.283s] INFO:colcon.colcon_core.shell:Creating environment hook '/home/claudia/ForestGuard/install/husky_controller/share/husky_controller/hook/cmake_prefix_path.sh'
[1.285s] Level 1:colcon.colcon_core.environment:checking '/home/claudia/ForestGuard/install/husky_controller/bin'
[1.285s] Level 1:colcon.colcon_core.environment:checking '/home/claudia/ForestGuard/install/husky_controller/lib/pkgconfig/husky_controller.pc'
[1.285s] Level 1:colcon.colcon_core.environment:checking '/home/claudia/ForestGuard/install/husky_controller/lib/python3.10/site-packages'
[1.286s] Level 1:colcon.colcon_core.environment:checking '/home/claudia/ForestGuard/install/husky_controller/bin'
[1.286s] INFO:colcon.colcon_core.shell:Creating package script '/home/claudia/ForestGuard/install/husky_controller/share/husky_controller/package.ps1'
[1.287s] INFO:colcon.colcon_core.shell:Creating package descriptor '/home/claudia/ForestGuard/install/husky_controller/share/husky_controller/package.dsv'
[1.289s] INFO:colcon.colcon_core.shell:Creating package script '/home/claudia/ForestGuard/install/husky_controller/share/husky_controller/package.sh'
[1.290s] INFO:colcon.colcon_core.shell:Creating package script '/home/claudia/ForestGuard/install/husky_controller/share/husky_controller/package.bash'
[1.291s] INFO:colcon.colcon_core.shell:Creating package script '/home/claudia/ForestGuard/install/husky_controller/share/husky_controller/package.zsh'
[1.292s] Level 1:colcon.colcon_core.environment:create_file_with_runtime_dependencies(/home/claudia/ForestGuard/install/husky_controller/share/colcon-core/packages/husky_controller)
[1.293s] DEBUG:colcon.colcon_parallel_executor.executor.parallel:closing loop
[1.294s] DEBUG:colcon.colcon_parallel_executor.executor.parallel:loop closed
[1.294s] DEBUG:colcon.colcon_parallel_executor.executor.parallel:run_until_complete finished with '0'
[1.294s] DEBUG:colcon.colcon_core.event_reactor:joining thread
[1.307s] INFO:colcon.colcon_core.plugin_system:Skipping extension 'colcon_notification.desktop_notification.terminal_notifier': Not used on non-Darwin systems
[1.307s] INFO:colcon.colcon_core.plugin_system:Skipping extension 'colcon_notification.desktop_notification.win32': Not used on non-Windows systems
[1.307s] INFO:colcon.colcon_notification.desktop_notification:Sending desktop notification using 'notify2'
[1.336s] DEBUG:colcon.colcon_core.event_reactor:joined thread
[1.337s] INFO:colcon.colcon_core.shell:Creating prefix script '/home/claudia/ForestGuard/install/local_setup.ps1'
[1.339s] INFO:colcon.colcon_core.shell:Creating prefix util module '/home/claudia/ForestGuard/install/_local_setup_util_ps1.py'
[1.343s] INFO:colcon.colcon_core.shell:Creating prefix chain script '/home/claudia/ForestGuard/install/setup.ps1'
[1.346s] INFO:colcon.colcon_core.shell:Creating prefix script '/home/claudia/ForestGuard/install/local_setup.sh'
[1.348s] INFO:colcon.colcon_core.shell:Creating prefix util module '/home/claudia/ForestGuard/install/_local_setup_util_sh.py'
[1.349s] INFO:colcon.colcon_core.shell:Creating prefix chain script '/home/claudia/ForestGuard/install/setup.sh'
[1.353s] INFO:colcon.colcon_core.shell:Creating prefix script '/home/claudia/ForestGuard/install/local_setup.bash'
[1.354s] INFO:colcon.colcon_core.shell:Creating prefix chain script '/home/claudia/ForestGuard/install/setup.bash'
[1.358s] INFO:colcon.colcon_core.shell:Creating prefix script '/home/claudia/ForestGuard/install/local_setup.zsh'
[1.359s] INFO:colcon.colcon_core.shell:Creating prefix chain script '/home/claudia/ForestGuard/install/setup.zsh'
