[0.336s] Invoking command in '/home/student/git/nathan_branch/build/forestguard_controller': CMAKE_PREFIX_PATH=${CMAKE_PREFIX_PATH}:/home/student/git/nathan_branch/install/forestguard_ui:/home/student/git/nathan_branch/install/forestguard_colour:/opt/ros/humble /usr/bin/cmake /home/student/git/nathan_branch/src/forestguard_controller -DAMENT_CMAKE_SYMLINK_INSTALL=1 -DCMAKE_INSTALL_PREFIX=/home/student/git/nathan_branch/install/forestguard_controller
[0.716s] -- The C compiler identification is GNU 11.4.0
[0.716s] -- The CXX compiler identification is GNU 11.4.0
[0.716s] -- Detecting C compiler ABI info
[0.717s] -- Detecting C compiler ABI info - done
[0.717s] -- Check for working C compiler: /usr/bin/cc - skipped
[0.717s] -- Detecting C compile features
[0.717s] -- Detecting C compile features - done
[0.717s] -- Detecting CXX compiler ABI info
[0.717s] -- Detecting CXX compiler ABI info - done
[0.717s] -- Check for working CXX compiler: /usr/bin/c++ - skipped
[0.717s] -- Detecting CXX compile features
[0.718s] -- Detecting CXX compile features - done
[0.718s] -- Found ament_cmake: 1.3.12 (/opt/ros/humble/share/ament_cmake/cmake)
[0.905s] -- Found Python3: /usr/bin/python3 (found version "3.10.12") found components: Interpreter 
[1.004s] -- Override CMake install command with custom implementation using symlinks instead of copying resources
[1.047s] -- Found rclcpp: 16.0.14 (/opt/ros/humble/share/rclcpp/cmake)
[1.102s] -- Found rosidl_generator_c: 3.1.7 (/opt/ros/humble/share/rosidl_generator_c/cmake)
[1.111s] -- Found rosidl_adapter: 3.1.7 (/opt/ros/humble/share/rosidl_adapter/cmake)
[1.128s] -- Found rosidl_generator_cpp: 3.1.7 (/opt/ros/humble/share/rosidl_generator_cpp/cmake)
[1.148s] -- Using all available rosidl_typesupport_c: rosidl_typesupport_fastrtps_c;rosidl_typesupport_introspection_c
[1.167s] -- Using all available rosidl_typesupport_cpp: rosidl_typesupport_fastrtps_cpp;rosidl_typesupport_introspection_cpp
[1.236s] -- Found rmw_implementation_cmake: 6.1.2 (/opt/ros/humble/share/rmw_implementation_cmake/cmake)
[1.241s] -- Found rmw_fastrtps_cpp: 6.2.8 (/opt/ros/humble/share/rmw_fastrtps_cpp/cmake)
[1.349s] -- Found OpenSSL: /usr/lib/x86_64-linux-gnu/libcrypto.so (found version "3.0.2")  
[1.384s] -- Found FastRTPS: /opt/ros/humble/include  
[1.441s] -- Using RMW implementation 'rmw_fastrtps_cpp' as default
[1.458s] -- Looking for pthread.h
[1.559s] -- Looking for pthread.h - found
[1.560s] -- Performing Test CMAKE_HAVE_LIBC_PTHREAD
[1.670s] -- Performing Test CMAKE_HAVE_LIBC_PTHREAD - Success
[1.672s] -- Found Threads: TRUE  
[1.778s] -- Found rclcpp_action: 16.0.14 (/opt/ros/humble/share/rclcpp_action/cmake)
[1.851s] -- Found geometry_msgs: 4.9.0 (/opt/ros/humble/share/geometry_msgs/cmake)
[1.879s] -- Found sensor_msgs: 4.9.0 (/opt/ros/humble/share/sensor_msgs/cmake)
[1.917s] -- Found nav_msgs: 4.9.0 (/opt/ros/humble/share/nav_msgs/cmake)
[1.952s] -- Found visualization_msgs: 4.9.0 (/opt/ros/humble/share/visualization_msgs/cmake)
[1.992s] -- Found nav2_msgs: 1.1.18 (/opt/ros/humble/share/nav2_msgs/cmake)
[2.043s] -- Found tf2_ros: 0.25.15 (/opt/ros/humble/share/tf2_ros/cmake)
[2.157s] -- Found tf2_geometry_msgs: 0.25.15 (/opt/ros/humble/share/tf2_geometry_msgs/cmake)
[2.180s] -- Found eigen3_cmake_module: 0.1.1 (/opt/ros/humble/share/eigen3_cmake_module/cmake)
[2.181s] -- Found Eigen3: TRUE (found version "3.4.0") 
[2.181s] -- Ensuring Eigen3 include directory is part of orocos-kdl CMake target
[2.185s] -- Found cv_bridge: 3.2.1 (/opt/ros/humble/share/cv_bridge/cmake)
[2.200s] -- Found OpenCV: /usr (found version "4.5.4") 
[2.203s] -- Found ament_cmake_ros: 0.10.0 (/opt/ros/humble/share/ament_cmake_ros/cmake)
[2.216s] -- Found rosbag2_cpp: 0.15.15 (/opt/ros/humble/share/rosbag2_cpp/cmake)
[2.267s] -- Found ament_lint_auto: 0.12.14 (/opt/ros/humble/share/ament_lint_auto/cmake)
[2.369s] -- Added test 'cppcheck' to perform static code analysis on C / C++ code
[2.369s] -- Configured cppcheck include dirs: $<BUILD_INTERFACE:/home/student/git/nathan_branch/src/forestguard_controller/include>
[2.369s] -- Configured cppcheck exclude dirs and/or files: 
[2.369s] -- Added test 'lint_cmake' to check CMake code style
[2.371s] -- Added test 'uncrustify' to check C / C++ code style
[2.371s] -- Configured uncrustify additional arguments: 
[2.371s] -- Added test 'xmllint' to check XML markup files
[2.373s] -- Configuring done
[2.393s] -- Generating done
[2.400s] -- Build files have been written to: /home/student/git/nathan_branch/build/forestguard_controller
[2.418s] Invoked command in '/home/student/git/nathan_branch/build/forestguard_controller' returned '0': CMAKE_PREFIX_PATH=${CMAKE_PREFIX_PATH}:/home/student/git/nathan_branch/install/forestguard_ui:/home/student/git/nathan_branch/install/forestguard_colour:/opt/ros/humble /usr/bin/cmake /home/student/git/nathan_branch/src/forestguard_controller -DAMENT_CMAKE_SYMLINK_INSTALL=1 -DCMAKE_INSTALL_PREFIX=/home/student/git/nathan_branch/install/forestguard_controller
[2.420s] Invoking command in '/home/student/git/nathan_branch/build/forestguard_controller': CMAKE_PREFIX_PATH=${CMAKE_PREFIX_PATH}:/home/student/git/nathan_branch/install/forestguard_ui:/home/student/git/nathan_branch/install/forestguard_colour:/opt/ros/humble /usr/bin/cmake --build /home/student/git/nathan_branch/build/forestguard_controller -- -j8 -l8
[2.479s] [ 33%] [32mBuilding CXX object CMakeFiles/forestguard_controller.dir/src/main_husky.cpp.o[0m
[2.481s] [ 66%] [32mBuilding CXX object CMakeFiles/forestguard_controller.dir/src/controller_husky.cpp.o[0m
[22.460s] [100%] [32m[1mLinking CXX executable forestguard_controller[0m
[23.879s] [100%] Built target forestguard_controller
[23.891s] Invoked command in '/home/student/git/nathan_branch/build/forestguard_controller' returned '0': CMAKE_PREFIX_PATH=${CMAKE_PREFIX_PATH}:/home/student/git/nathan_branch/install/forestguard_ui:/home/student/git/nathan_branch/install/forestguard_colour:/opt/ros/humble /usr/bin/cmake --build /home/student/git/nathan_branch/build/forestguard_controller -- -j8 -l8
[23.894s] Invoking command in '/home/student/git/nathan_branch/build/forestguard_controller': CMAKE_PREFIX_PATH=${CMAKE_PREFIX_PATH}:/home/student/git/nathan_branch/install/forestguard_ui:/home/student/git/nathan_branch/install/forestguard_colour:/opt/ros/humble /usr/bin/cmake --install /home/student/git/nathan_branch/build/forestguard_controller
[23.901s] -- Install configuration: ""
[23.901s] -- Execute custom install script
[23.902s] -- Symlinking: /home/student/git/nathan_branch/install/forestguard_controller/lib/forestguard_controller/forestguard_controller
[23.911s] -- Symlinking: /home/student/git/nathan_branch/install/forestguard_controller/include/forestguard_controller/controller_husky.h
[23.921s] -- Symlinking: /home/student/git/nathan_branch/install/forestguard_controller/share/ament_index/resource_index/package_run_dependencies/forestguard_controller
[23.931s] -- Symlinking: /home/student/git/nathan_branch/install/forestguard_controller/share/ament_index/resource_index/parent_prefix_path/forestguard_controller
[23.941s] -- Symlinking: /home/student/git/nathan_branch/install/forestguard_controller/share/forestguard_controller/environment/ament_prefix_path.sh
[23.949s] -- Symlinking: /home/student/git/nathan_branch/install/forestguard_controller/share/forestguard_controller/environment/ament_prefix_path.dsv
[23.958s] -- Symlinking: /home/student/git/nathan_branch/install/forestguard_controller/share/forestguard_controller/environment/path.sh
[23.967s] -- Symlinking: /home/student/git/nathan_branch/install/forestguard_controller/share/forestguard_controller/environment/path.dsv
[23.976s] -- Symlinking: /home/student/git/nathan_branch/install/forestguard_controller/share/forestguard_controller/local_setup.bash
[23.985s] -- Symlinking: /home/student/git/nathan_branch/install/forestguard_controller/share/forestguard_controller/local_setup.sh
[23.995s] -- Symlinking: /home/student/git/nathan_branch/install/forestguard_controller/share/forestguard_controller/local_setup.zsh
[24.003s] -- Symlinking: /home/student/git/nathan_branch/install/forestguard_controller/share/forestguard_controller/local_setup.dsv
[24.012s] -- Symlinking: /home/student/git/nathan_branch/install/forestguard_controller/share/forestguard_controller/package.dsv
[24.022s] -- Symlinking: /home/student/git/nathan_branch/install/forestguard_controller/share/ament_index/resource_index/packages/forestguard_controller
[24.031s] -- Symlinking: /home/student/git/nathan_branch/install/forestguard_controller/share/forestguard_controller/cmake/forestguard_controllerConfig.cmake
[24.041s] -- Symlinking: /home/student/git/nathan_branch/install/forestguard_controller/share/forestguard_controller/cmake/forestguard_controllerConfig-version.cmake
[24.050s] -- Symlinking: /home/student/git/nathan_branch/install/forestguard_controller/share/forestguard_controller/package.xml
[24.061s] Invoked command in '/home/student/git/nathan_branch/build/forestguard_controller' returned '0': CMAKE_PREFIX_PATH=${CMAKE_PREFIX_PATH}:/home/student/git/nathan_branch/install/forestguard_ui:/home/student/git/nathan_branch/install/forestguard_colour:/opt/ros/humble /usr/bin/cmake --install /home/student/git/nathan_branch/build/forestguard_controller
