[ 33%] Built target vismarker
[ 44%] [32mBuilding CXX object CMakeFiles/laserprocessing.dir/src/laserprocessing.cpp.o[0m
[01m[K/home/claudia/ForestGuard/src/controller_pkg/src/laserprocessing.cpp:[m[K In member function ‘[01m[Kbool LaserProcessing::checkObstruction(double&, double&)[m[K’:
[01m[K/home/claudia/ForestGuard/src/controller_pkg/src/laserprocessing.cpp:211:23:[m[K [01;35m[Kwarning: [m[Kcomparison of integer expressions of different signedness: ‘[01m[Kint[m[K’ and ‘[01m[Kstd::vector<float, std::allocator<float> >::size_type[m[K’ {aka ‘[01m[Klong unsigned int[m[K’} [[01;35m[K]8;;https://gcc.gnu.org/onlinedocs/gcc/Warning-Options.html#index-Wsign-compare-Wsign-compare]8;;[m[K]
  211 |     for (int i = 0; [01;35m[Ki < laserScan_.ranges.size()[m[K; i++) {
      |                     [01;35m[K~~^~~~~~~~~~~~~~~~~~~~~~~~~~[m[K
[ 55%] [32m[1mLinking CXX shared library liblaserprocessing.so[0m
[ 55%] Built target laserprocessing
[ 66%] [32m[1mLinking CXX executable quadcopter[0m
[100%] Built target quadcopter
-- Install configuration: ""
-- Installing: /home/claudia/ForestGuard/install/controller_pkg/lib/controller_pkg/quadcopter
-- Set runtime path of "/home/claudia/ForestGuard/install/controller_pkg/lib/controller_pkg/quadcopter" to ""
-- Installing: /home/claudia/ForestGuard/install/controller_pkg/lib/controller_pkg/liblaserprocessing.so
-- Set runtime path of "/home/claudia/ForestGuard/install/controller_pkg/lib/controller_pkg/liblaserprocessing.so" to ""
-- Up-to-date: /home/claudia/ForestGuard/install/controller_pkg/lib/controller_pkg/vismarker
-- Up-to-date: /home/claudia/ForestGuard/install/controller_pkg/include
-- Up-to-date: /home/claudia/ForestGuard/install/controller_pkg/include/controller_pkg
-- Up-to-date: /home/claudia/ForestGuard/install/controller_pkg/include/controller_pkg/vis_marker.h
-- Up-to-date: /home/claudia/ForestGuard/install/controller_pkg/include/controller_pkg/laserprocessing.h
-- Up-to-date: /home/claudia/ForestGuard/install/controller_pkg/include/controller_pkg/quadcopter.h
[31mCMake Error at cmake_install.cmake:113 (file):
  file INSTALL cannot find
  "/home/claudia/ForestGuard/src/controller_pkg/data": No such file or
  directory.

[0m
-- Up-to-date: /home/claudia/ForestGuard/install/controller_pkg/include/controller_pkg/controller.h
