[0.201s] Invoking command in '/home/yut/git/rs1-2025s-ytu77/yuto_branch/build/forestguard_controller': CMAKE_PREFIX_PATH=${CMAKE_PREFIX_PATH}:/home/yut/git/rs1-2025s-ytu77/yuto_branch/install/forestguard_ui:/home/yut/git/rs1-2025s-ytu77/yuto_branch/install/forestguard_colour:/opt/ros/humble /usr/bin/cmake /home/yut/git/rs1-2025s-ytu77/yuto_branch/src/forestguard_controller -DCMAKE_INSTALL_PREFIX=/home/yut/git/rs1-2025s-ytu77/yuto_branch/install/forestguard_controller
[0.455s] -- The C compiler identification is GNU 11.4.0
[0.455s] -- The CXX compiler identification is GNU 11.4.0
[0.455s] -- Detecting C compiler ABI info
[0.456s] -- Detecting C compiler ABI info - done
[0.456s] -- Check for working C compiler: /usr/bin/cc - skipped
[0.456s] -- Detecting C compile features
[0.456s] -- Detecting C compile features - done
[0.456s] -- Detecting CXX compiler ABI info
[0.482s] -- Detecting CXX compiler ABI info - done
[0.490s] -- Check for working CXX compiler: /usr/bin/c++ - skipped
[0.490s] -- Detecting CXX compile features
[0.490s] -- Detecting CXX compile features - done
[0.494s] -- Found ament_cmake: 1.3.11 (/opt/ros/humble/share/ament_cmake/cmake)
[0.937s] -- Found Python3: /usr/bin/python3 (found version "3.10.12") found components: Interpreter 
[1.042s] -- Found rclcpp: 16.0.11 (/opt/ros/humble/share/rclcpp/cmake)
[1.089s] -- Found rosidl_generator_c: 3.1.6 (/opt/ros/humble/share/rosidl_generator_c/cmake)
[1.097s] -- Found rosidl_adapter: 3.1.6 (/opt/ros/humble/share/rosidl_adapter/cmake)
[1.107s] -- Found rosidl_generator_cpp: 3.1.6 (/opt/ros/humble/share/rosidl_generator_cpp/cmake)
[1.121s] -- Using all available rosidl_typesupport_c: rosidl_typesupport_fastrtps_c;rosidl_typesupport_introspection_c
[1.139s] -- Using all available rosidl_typesupport_cpp: rosidl_typesupport_fastrtps_cpp;rosidl_typesupport_introspection_cpp
[1.185s] -- Found rmw_implementation_cmake: 6.1.2 (/opt/ros/humble/share/rmw_implementation_cmake/cmake)
[1.187s] -- Found rmw_fastrtps_cpp: 6.2.7 (/opt/ros/humble/share/rmw_fastrtps_cpp/cmake)
[1.271s] -- Found OpenSSL: /usr/lib/x86_64-linux-gnu/libcrypto.so (found version "3.0.2")  
[1.299s] -- Found FastRTPS: /opt/ros/humble/include  
[1.346s] -- Using RMW implementation 'rmw_fastrtps_cpp' as default
[1.355s] -- Looking for pthread.h
[1.435s] -- Looking for pthread.h - found
[1.436s] -- Performing Test CMAKE_HAVE_LIBC_PTHREAD
[1.516s] -- Performing Test CMAKE_HAVE_LIBC_PTHREAD - Success
[1.517s] -- Found Threads: TRUE  
[1.561s] -- Found rclcpp_action: 16.0.11 (/opt/ros/humble/share/rclcpp_action/cmake)
[1.591s] -- Found geometry_msgs: 4.2.4 (/opt/ros/humble/share/geometry_msgs/cmake)
[1.603s] -- Found sensor_msgs: 4.2.4 (/opt/ros/humble/share/sensor_msgs/cmake)
[1.619s] -- Found nav_msgs: 4.2.4 (/opt/ros/humble/share/nav_msgs/cmake)
[1.635s] -- Found visualization_msgs: 4.2.4 (/opt/ros/humble/share/visualization_msgs/cmake)
[1.651s] -- Found nav2_msgs: 1.1.18 (/opt/ros/humble/share/nav2_msgs/cmake)
[1.671s] -- Found tf2_ros: 0.25.12 (/opt/ros/humble/share/tf2_ros/cmake)
[1.730s] -- Found tf2_geometry_msgs: 0.25.12 (/opt/ros/humble/share/tf2_geometry_msgs/cmake)
[1.745s] -- Found eigen3_cmake_module: 0.1.1 (/opt/ros/humble/share/eigen3_cmake_module/cmake)
[1.746s] -- Found Eigen3: TRUE (found version "3.4.0") 
[1.746s] -- Ensuring Eigen3 include directory is part of orocos-kdl CMake target
[1.749s] -- Found cv_bridge: 3.2.1 (/opt/ros/humble/share/cv_bridge/cmake)
[1.760s] -- Found OpenCV: /usr (found version "4.5.4") 
[1.762s] -- Found ament_cmake_ros: 0.10.0 (/opt/ros/humble/share/ament_cmake_ros/cmake)
[1.770s] -- Found rosbag2_cpp: 0.15.13 (/opt/ros/humble/share/rosbag2_cpp/cmake)
[1.806s] -- Found ament_lint_auto: 0.12.11 (/opt/ros/humble/share/ament_lint_auto/cmake)
[1.881s] -- Added test 'cppcheck' to perform static code analysis on C / C++ code
[1.881s] -- Configured cppcheck include dirs: $<BUILD_INTERFACE:/home/yut/git/rs1-2025s-ytu77/yuto_branch/src/forestguard_controller/include>
[1.881s] -- Configured cppcheck exclude dirs and/or files: 
[1.881s] -- Added test 'lint_cmake' to check CMake code style
[1.882s] -- Added test 'uncrustify' to check C / C++ code style
[1.882s] -- Configured uncrustify additional arguments: 
[1.883s] -- Added test 'xmllint' to check XML markup files
[1.884s] -- Configuring done
[1.898s] -- Generating done
[1.903s] -- Build files have been written to: /home/yut/git/rs1-2025s-ytu77/yuto_branch/build/forestguard_controller
[1.913s] Invoked command in '/home/yut/git/rs1-2025s-ytu77/yuto_branch/build/forestguard_controller' returned '0': CMAKE_PREFIX_PATH=${CMAKE_PREFIX_PATH}:/home/yut/git/rs1-2025s-ytu77/yuto_branch/install/forestguard_ui:/home/yut/git/rs1-2025s-ytu77/yuto_branch/install/forestguard_colour:/opt/ros/humble /usr/bin/cmake /home/yut/git/rs1-2025s-ytu77/yuto_branch/src/forestguard_controller -DCMAKE_INSTALL_PREFIX=/home/yut/git/rs1-2025s-ytu77/yuto_branch/install/forestguard_controller
[1.914s] Invoking command in '/home/yut/git/rs1-2025s-ytu77/yuto_branch/build/forestguard_controller': CMAKE_PREFIX_PATH=${CMAKE_PREFIX_PATH}:/home/yut/git/rs1-2025s-ytu77/yuto_branch/install/forestguard_ui:/home/yut/git/rs1-2025s-ytu77/yuto_branch/install/forestguard_colour:/opt/ros/humble /usr/bin/cmake --build /home/yut/git/rs1-2025s-ytu77/yuto_branch/build/forestguard_controller -- -j12 -l12
[1.963s] [ 66%] [32mBuilding CXX object CMakeFiles/forestguard_controller.dir/src/main_husky.cpp.o[0m
[1.963s] [ 66%] [32mBuilding CXX object CMakeFiles/forestguard_controller.dir/src/controller_husky.cpp.o[0m
[17.236s] [100%] [32m[1mLinking CXX executable forestguard_controller[0m
[18.280s] [100%] Built target forestguard_controller
[18.291s] Invoked command in '/home/yut/git/rs1-2025s-ytu77/yuto_branch/build/forestguard_controller' returned '0': CMAKE_PREFIX_PATH=${CMAKE_PREFIX_PATH}:/home/yut/git/rs1-2025s-ytu77/yuto_branch/install/forestguard_ui:/home/yut/git/rs1-2025s-ytu77/yuto_branch/install/forestguard_colour:/opt/ros/humble /usr/bin/cmake --build /home/yut/git/rs1-2025s-ytu77/yuto_branch/build/forestguard_controller -- -j12 -l12
[18.292s] Invoking command in '/home/yut/git/rs1-2025s-ytu77/yuto_branch/build/forestguard_controller': CMAKE_PREFIX_PATH=${CMAKE_PREFIX_PATH}:/home/yut/git/rs1-2025s-ytu77/yuto_branch/install/forestguard_ui:/home/yut/git/rs1-2025s-ytu77/yuto_branch/install/forestguard_colour:/opt/ros/humble /usr/bin/cmake --install /home/yut/git/rs1-2025s-ytu77/yuto_branch/build/forestguard_controller
[18.298s] -- Install configuration: ""
[18.298s] -- Installing: /home/yut/git/rs1-2025s-ytu77/yuto_branch/install/forestguard_controller/lib/forestguard_controller/forestguard_controller
[18.308s] -- Set runtime path of "/home/yut/git/rs1-2025s-ytu77/yuto_branch/install/forestguard_controller/lib/forestguard_controller/forestguard_controller" to ""
[18.308s] -- Installing: /home/yut/git/rs1-2025s-ytu77/yuto_branch/install/forestguard_controller/include
[18.308s] -- Installing: /home/yut/git/rs1-2025s-ytu77/yuto_branch/install/forestguard_controller/include/forestguard_controller
[18.308s] -- Installing: /home/yut/git/rs1-2025s-ytu77/yuto_branch/install/forestguard_controller/include/forestguard_controller/controller_husky.h
[18.308s] -- Installing: /home/yut/git/rs1-2025s-ytu77/yuto_branch/install/forestguard_controller/share/ament_index/resource_index/package_run_dependencies/forestguard_controller
[18.308s] -- Installing: /home/yut/git/rs1-2025s-ytu77/yuto_branch/install/forestguard_controller/share/ament_index/resource_index/parent_prefix_path/forestguard_controller
[18.308s] -- Installing: /home/yut/git/rs1-2025s-ytu77/yuto_branch/install/forestguard_controller/share/forestguard_controller/environment/ament_prefix_path.sh
[18.309s] -- Installing: /home/yut/git/rs1-2025s-ytu77/yuto_branch/install/forestguard_controller/share/forestguard_controller/environment/ament_prefix_path.dsv
[18.309s] -- Installing: /home/yut/git/rs1-2025s-ytu77/yuto_branch/install/forestguard_controller/share/forestguard_controller/environment/path.sh
[18.309s] -- Installing: /home/yut/git/rs1-2025s-ytu77/yuto_branch/install/forestguard_controller/share/forestguard_controller/environment/path.dsv
[18.309s] -- Installing: /home/yut/git/rs1-2025s-ytu77/yuto_branch/install/forestguard_controller/share/forestguard_controller/local_setup.bash
[18.309s] -- Installing: /home/yut/git/rs1-2025s-ytu77/yuto_branch/install/forestguard_controller/share/forestguard_controller/local_setup.sh
[18.309s] -- Installing: /home/yut/git/rs1-2025s-ytu77/yuto_branch/install/forestguard_controller/share/forestguard_controller/local_setup.zsh
[18.309s] -- Installing: /home/yut/git/rs1-2025s-ytu77/yuto_branch/install/forestguard_controller/share/forestguard_controller/local_setup.dsv
[18.309s] -- Installing: /home/yut/git/rs1-2025s-ytu77/yuto_branch/install/forestguard_controller/share/forestguard_controller/package.dsv
[18.310s] -- Installing: /home/yut/git/rs1-2025s-ytu77/yuto_branch/install/forestguard_controller/share/ament_index/resource_index/packages/forestguard_controller
[18.310s] -- Installing: /home/yut/git/rs1-2025s-ytu77/yuto_branch/install/forestguard_controller/share/forestguard_controller/cmake/forestguard_controllerConfig.cmake
[18.310s] -- Installing: /home/yut/git/rs1-2025s-ytu77/yuto_branch/install/forestguard_controller/share/forestguard_controller/cmake/forestguard_controllerConfig-version.cmake
[18.310s] -- Installing: /home/yut/git/rs1-2025s-ytu77/yuto_branch/install/forestguard_controller/share/forestguard_controller/package.xml
[18.312s] Invoked command in '/home/yut/git/rs1-2025s-ytu77/yuto_branch/build/forestguard_controller' returned '0': CMAKE_PREFIX_PATH=${CMAKE_PREFIX_PATH}:/home/yut/git/rs1-2025s-ytu77/yuto_branch/install/forestguard_ui:/home/yut/git/rs1-2025s-ytu77/yuto_branch/install/forestguard_colour:/opt/ros/humble /usr/bin/cmake --install /home/yut/git/rs1-2025s-ytu77/yuto_branch/build/forestguard_controller
