[0.131s] DEBUG:colcon:Command line arguments: ['/usr/bin/colcon', 'list', '-p', '--base-paths', '/home/yut/git/rs1-2025s-ytu77/yuto_branch']
[0.131s] DEBUG:colcon:Parsed command line arguments: Namespace(log_base=None, log_level=None, verb_name='list', build_base='build', ignore_user_meta=False, metas=['./colcon.meta'], base_paths=['/home/yut/git/rs1-2025s-ytu77/yuto_branch'], packages_ignore=None, packages_ignore_regex=None, paths=None, packages_up_to=None, packages_up_to_regex=None, packages_above=None, packages_above_and_dependencies=None, packages_above_depth=None, packages_select_by_dep=None, packages_skip_by_dep=None, packages_skip_up_to=None, packages_select_build_failed=False, packages_skip_build_finished=False, packages_select_test_failures=False, packages_skip_test_passed=False, packages_select=None, packages_skip=None, packages_select_regex=None, packages_skip_regex=None, packages_start=None, packages_end=None, allow_overriding=[], topological_order=False, names_only=False, paths_only=True, topological_graph=False, topological_graph_dot=False, topological_graph_density=False, topological_graph_legend=False, topological_graph_dot_cluster=False, topological_graph_dot_include_skipped=False, mixin_files=None, mixin=None, verb_parser=<colcon_mixin.mixin.mixin_argument.MixinArgumentDecorator object at 0x7f2b9b790cd0>, verb_extension=<colcon_package_information.verb.list.ListVerb object at 0x7f2b9b757be0>, main=<bound method ListVerb.main of <colcon_package_information.verb.list.ListVerb object at 0x7f2b9b757be0>>, mixin_verb=('list',))
[0.184s] Level 1:colcon.colcon_core.package_discovery:discover_packages(colcon_meta) check parameters
[0.184s] Level 1:colcon.colcon_core.package_discovery:discover_packages(recursive) check parameters
[0.184s] Level 1:colcon.colcon_core.package_discovery:discover_packages(ignore) check parameters
[0.184s] Level 1:colcon.colcon_core.package_discovery:discover_packages(path) check parameters
[0.184s] Level 1:colcon.colcon_core.package_discovery:discover_packages(recursive) discover
[0.185s] INFO:colcon.colcon_core.package_discovery:Crawling recursively for packages in '/home/yut/git/rs1-2025s-ytu77/yuto_branch'
[0.185s] Level 1:colcon.colcon_core.package_identification:_identify(/home/yut/git/rs1-2025s-ytu77/yuto_branch) by extensions ['ignore', 'ignore_ament_install']
[0.185s] Level 1:colcon.colcon_core.package_identification:_identify(/home/yut/git/rs1-2025s-ytu77/yuto_branch) by extension 'ignore'
[0.185s] Level 1:colcon.colcon_core.package_identification:_identify(/home/yut/git/rs1-2025s-ytu77/yuto_branch) by extension 'ignore_ament_install'
[0.185s] Level 1:colcon.colcon_core.package_identification:_identify(/home/yut/git/rs1-2025s-ytu77/yuto_branch) by extensions ['colcon_pkg']
[0.185s] Level 1:colcon.colcon_core.package_identification:_identify(/home/yut/git/rs1-2025s-ytu77/yuto_branch) by extension 'colcon_pkg'
[0.185s] Level 1:colcon.colcon_core.package_identification:_identify(/home/yut/git/rs1-2025s-ytu77/yuto_branch) by extensions ['colcon_meta']
[0.185s] Level 1:colcon.colcon_core.package_identification:_identify(/home/yut/git/rs1-2025s-ytu77/yuto_branch) by extension 'colcon_meta'
[0.185s] Level 1:colcon.colcon_core.package_identification:_identify(/home/yut/git/rs1-2025s-ytu77/yuto_branch) by extensions ['ros']
[0.185s] Level 1:colcon.colcon_core.package_identification:_identify(/home/yut/git/rs1-2025s-ytu77/yuto_branch) by extension 'ros'
[0.195s] Level 1:colcon.colcon_core.package_identification:_identify(/home/yut/git/rs1-2025s-ytu77/yuto_branch) by extensions ['cmake', 'python']
[0.196s] Level 1:colcon.colcon_core.package_identification:_identify(/home/yut/git/rs1-2025s-ytu77/yuto_branch) by extension 'cmake'
[0.196s] Level 1:colcon.colcon_core.package_identification:_identify(/home/yut/git/rs1-2025s-ytu77/yuto_branch) by extension 'python'
[0.196s] Level 1:colcon.colcon_core.package_identification:_identify(/home/yut/git/rs1-2025s-ytu77/yuto_branch) by extensions ['python_setup_py']
[0.196s] Level 1:colcon.colcon_core.package_identification:_identify(/home/yut/git/rs1-2025s-ytu77/yuto_branch) by extension 'python_setup_py'
[0.196s] Level 1:colcon.colcon_core.package_identification:_identify(/home/yut/git/rs1-2025s-ytu77/yuto_branch/41068_ignition_bringup) by extensions ['ignore', 'ignore_ament_install']
[0.196s] Level 1:colcon.colcon_core.package_identification:_identify(/home/yut/git/rs1-2025s-ytu77/yuto_branch/41068_ignition_bringup) by extension 'ignore'
[0.196s] Level 1:colcon.colcon_core.package_identification:_identify(/home/yut/git/rs1-2025s-ytu77/yuto_branch/41068_ignition_bringup) by extension 'ignore_ament_install'
[0.196s] Level 1:colcon.colcon_core.package_identification:_identify(/home/yut/git/rs1-2025s-ytu77/yuto_branch/41068_ignition_bringup) by extensions ['colcon_pkg']
[0.196s] Level 1:colcon.colcon_core.package_identification:_identify(/home/yut/git/rs1-2025s-ytu77/yuto_branch/41068_ignition_bringup) by extension 'colcon_pkg'
[0.196s] Level 1:colcon.colcon_core.package_identification:_identify(/home/yut/git/rs1-2025s-ytu77/yuto_branch/41068_ignition_bringup) by extensions ['colcon_meta']
[0.196s] Level 1:colcon.colcon_core.package_identification:_identify(/home/yut/git/rs1-2025s-ytu77/yuto_branch/41068_ignition_bringup) by extension 'colcon_meta'
[0.196s] Level 1:colcon.colcon_core.package_identification:_identify(/home/yut/git/rs1-2025s-ytu77/yuto_branch/41068_ignition_bringup) by extensions ['ros']
[0.196s] Level 1:colcon.colcon_core.package_identification:_identify(/home/yut/git/rs1-2025s-ytu77/yuto_branch/41068_ignition_bringup) by extension 'ros'
[0.200s] DEBUG:colcon.colcon_core.package_identification:Package '/home/yut/git/rs1-2025s-ytu77/yuto_branch/41068_ignition_bringup' with type 'ros.ament_cmake' and name '41068_ignition_bringup'
[0.200s] Level 1:colcon.colcon_core.package_identification:_identify(/home/yut/git/rs1-2025s-ytu77/yuto_branch/build) by extensions ['ignore', 'ignore_ament_install']
[0.200s] Level 1:colcon.colcon_core.package_identification:_identify(/home/yut/git/rs1-2025s-ytu77/yuto_branch/build) by extension 'ignore'
[0.200s] Level 1:colcon.colcon_core.package_identification:_identify(/home/yut/git/rs1-2025s-ytu77/yuto_branch/build) ignored
[0.201s] Level 1:colcon.colcon_core.package_identification:_identify(/home/yut/git/rs1-2025s-ytu77/yuto_branch/forest_guard_sim) by extensions ['ignore', 'ignore_ament_install']
[0.201s] Level 1:colcon.colcon_core.package_identification:_identify(/home/yut/git/rs1-2025s-ytu77/yuto_branch/forest_guard_sim) by extension 'ignore'
[0.201s] Level 1:colcon.colcon_core.package_identification:_identify(/home/yut/git/rs1-2025s-ytu77/yuto_branch/forest_guard_sim) by extension 'ignore_ament_install'
[0.201s] Level 1:colcon.colcon_core.package_identification:_identify(/home/yut/git/rs1-2025s-ytu77/yuto_branch/forest_guard_sim) by extensions ['colcon_pkg']
[0.201s] Level 1:colcon.colcon_core.package_identification:_identify(/home/yut/git/rs1-2025s-ytu77/yuto_branch/forest_guard_sim) by extension 'colcon_pkg'
[0.201s] Level 1:colcon.colcon_core.package_identification:_identify(/home/yut/git/rs1-2025s-ytu77/yuto_branch/forest_guard_sim) by extensions ['colcon_meta']
[0.201s] Level 1:colcon.colcon_core.package_identification:_identify(/home/yut/git/rs1-2025s-ytu77/yuto_branch/forest_guard_sim) by extension 'colcon_meta'
[0.201s] Level 1:colcon.colcon_core.package_identification:_identify(/home/yut/git/rs1-2025s-ytu77/yuto_branch/forest_guard_sim) by extensions ['ros']
[0.201s] Level 1:colcon.colcon_core.package_identification:_identify(/home/yut/git/rs1-2025s-ytu77/yuto_branch/forest_guard_sim) by extension 'ros'
[0.202s] DEBUG:colcon.colcon_core.package_identification:Package '/home/yut/git/rs1-2025s-ytu77/yuto_branch/forest_guard_sim' with type 'ros.ament_python' and name 'forest_guard_sim'
[0.202s] Level 1:colcon.colcon_core.package_identification:_identify(/home/yut/git/rs1-2025s-ytu77/yuto_branch/install) by extensions ['ignore', 'ignore_ament_install']
[0.202s] Level 1:colcon.colcon_core.package_identification:_identify(/home/yut/git/rs1-2025s-ytu77/yuto_branch/install) by extension 'ignore'
[0.202s] Level 1:colcon.colcon_core.package_identification:_identify(/home/yut/git/rs1-2025s-ytu77/yuto_branch/install) ignored
[0.202s] Level 1:colcon.colcon_core.package_identification:_identify(/home/yut/git/rs1-2025s-ytu77/yuto_branch/log) by extensions ['ignore', 'ignore_ament_install']
[0.202s] Level 1:colcon.colcon_core.package_identification:_identify(/home/yut/git/rs1-2025s-ytu77/yuto_branch/log) by extension 'ignore'
[0.202s] Level 1:colcon.colcon_core.package_identification:_identify(/home/yut/git/rs1-2025s-ytu77/yuto_branch/log) ignored
[0.203s] Level 1:colcon.colcon_core.package_identification:_identify(/home/yut/git/rs1-2025s-ytu77/yuto_branch/src) by extensions ['ignore', 'ignore_ament_install']
[0.203s] Level 1:colcon.colcon_core.package_identification:_identify(/home/yut/git/rs1-2025s-ytu77/yuto_branch/src) by extension 'ignore'
[0.203s] Level 1:colcon.colcon_core.package_identification:_identify(/home/yut/git/rs1-2025s-ytu77/yuto_branch/src) by extension 'ignore_ament_install'
[0.203s] Level 1:colcon.colcon_core.package_identification:_identify(/home/yut/git/rs1-2025s-ytu77/yuto_branch/src) by extensions ['colcon_pkg']
[0.203s] Level 1:colcon.colcon_core.package_identification:_identify(/home/yut/git/rs1-2025s-ytu77/yuto_branch/src) by extension 'colcon_pkg'
[0.203s] Level 1:colcon.colcon_core.package_identification:_identify(/home/yut/git/rs1-2025s-ytu77/yuto_branch/src) by extensions ['colcon_meta']
[0.203s] Level 1:colcon.colcon_core.package_identification:_identify(/home/yut/git/rs1-2025s-ytu77/yuto_branch/src) by extension 'colcon_meta'
[0.203s] Level 1:colcon.colcon_core.package_identification:_identify(/home/yut/git/rs1-2025s-ytu77/yuto_branch/src) by extensions ['ros']
[0.203s] Level 1:colcon.colcon_core.package_identification:_identify(/home/yut/git/rs1-2025s-ytu77/yuto_branch/src) by extension 'ros'
[0.203s] Level 1:colcon.colcon_core.package_identification:_identify(/home/yut/git/rs1-2025s-ytu77/yuto_branch/src) by extensions ['cmake', 'python']
[0.203s] Level 1:colcon.colcon_core.package_identification:_identify(/home/yut/git/rs1-2025s-ytu77/yuto_branch/src) by extension 'cmake'
[0.203s] Level 1:colcon.colcon_core.package_identification:_identify(/home/yut/git/rs1-2025s-ytu77/yuto_branch/src) by extension 'python'
[0.203s] Level 1:colcon.colcon_core.package_identification:_identify(/home/yut/git/rs1-2025s-ytu77/yuto_branch/src) by extensions ['python_setup_py']
[0.203s] Level 1:colcon.colcon_core.package_identification:_identify(/home/yut/git/rs1-2025s-ytu77/yuto_branch/src) by extension 'python_setup_py'
[0.203s] Level 1:colcon.colcon_core.package_identification:_identify(/home/yut/git/rs1-2025s-ytu77/yuto_branch/src/forestguard_colour) by extensions ['ignore', 'ignore_ament_install']
[0.203s] Level 1:colcon.colcon_core.package_identification:_identify(/home/yut/git/rs1-2025s-ytu77/yuto_branch/src/forestguard_colour) by extension 'ignore'
[0.203s] Level 1:colcon.colcon_core.package_identification:_identify(/home/yut/git/rs1-2025s-ytu77/yuto_branch/src/forestguard_colour) by extension 'ignore_ament_install'
[0.203s] Level 1:colcon.colcon_core.package_identification:_identify(/home/yut/git/rs1-2025s-ytu77/yuto_branch/src/forestguard_colour) by extensions ['colcon_pkg']
[0.203s] Level 1:colcon.colcon_core.package_identification:_identify(/home/yut/git/rs1-2025s-ytu77/yuto_branch/src/forestguard_colour) by extension 'colcon_pkg'
[0.203s] Level 1:colcon.colcon_core.package_identification:_identify(/home/yut/git/rs1-2025s-ytu77/yuto_branch/src/forestguard_colour) by extensions ['colcon_meta']
[0.204s] Level 1:colcon.colcon_core.package_identification:_identify(/home/yut/git/rs1-2025s-ytu77/yuto_branch/src/forestguard_colour) by extension 'colcon_meta'
[0.204s] Level 1:colcon.colcon_core.package_identification:_identify(/home/yut/git/rs1-2025s-ytu77/yuto_branch/src/forestguard_colour) by extensions ['ros']
[0.204s] Level 1:colcon.colcon_core.package_identification:_identify(/home/yut/git/rs1-2025s-ytu77/yuto_branch/src/forestguard_colour) by extension 'ros'
[0.204s] DEBUG:colcon.colcon_core.package_identification:Package '/home/yut/git/rs1-2025s-ytu77/yuto_branch/src/forestguard_colour' with type 'ros.ament_python' and name 'forestguard_colour'
[0.204s] Level 1:colcon.colcon_core.package_identification:_identify(/home/yut/git/rs1-2025s-ytu77/yuto_branch/src/forestguard_controller) by extensions ['ignore', 'ignore_ament_install']
[0.204s] Level 1:colcon.colcon_core.package_identification:_identify(/home/yut/git/rs1-2025s-ytu77/yuto_branch/src/forestguard_controller) by extension 'ignore'
[0.204s] Level 1:colcon.colcon_core.package_identification:_identify(/home/yut/git/rs1-2025s-ytu77/yuto_branch/src/forestguard_controller) by extension 'ignore_ament_install'
[0.205s] Level 1:colcon.colcon_core.package_identification:_identify(/home/yut/git/rs1-2025s-ytu77/yuto_branch/src/forestguard_controller) by extensions ['colcon_pkg']
[0.205s] Level 1:colcon.colcon_core.package_identification:_identify(/home/yut/git/rs1-2025s-ytu77/yuto_branch/src/forestguard_controller) by extension 'colcon_pkg'
[0.205s] Level 1:colcon.colcon_core.package_identification:_identify(/home/yut/git/rs1-2025s-ytu77/yuto_branch/src/forestguard_controller) by extensions ['colcon_meta']
[0.205s] Level 1:colcon.colcon_core.package_identification:_identify(/home/yut/git/rs1-2025s-ytu77/yuto_branch/src/forestguard_controller) by extension 'colcon_meta'
[0.205s] Level 1:colcon.colcon_core.package_identification:_identify(/home/yut/git/rs1-2025s-ytu77/yuto_branch/src/forestguard_controller) by extensions ['ros']
[0.205s] Level 1:colcon.colcon_core.package_identification:_identify(/home/yut/git/rs1-2025s-ytu77/yuto_branch/src/forestguard_controller) by extension 'ros'
[0.206s] DEBUG:colcon.colcon_core.package_identification:Package '/home/yut/git/rs1-2025s-ytu77/yuto_branch/src/forestguard_controller' with type 'ros.ament_cmake' and name 'forestguard_controller'
[0.206s] Level 1:colcon.colcon_core.package_identification:_identify(/home/yut/git/rs1-2025s-ytu77/yuto_branch/src/forestguard_localisation) by extensions ['ignore', 'ignore_ament_install']
[0.206s] Level 1:colcon.colcon_core.package_identification:_identify(/home/yut/git/rs1-2025s-ytu77/yuto_branch/src/forestguard_localisation) by extension 'ignore'
[0.206s] Level 1:colcon.colcon_core.package_identification:_identify(/home/yut/git/rs1-2025s-ytu77/yuto_branch/src/forestguard_localisation) by extension 'ignore_ament_install'
[0.206s] Level 1:colcon.colcon_core.package_identification:_identify(/home/yut/git/rs1-2025s-ytu77/yuto_branch/src/forestguard_localisation) by extensions ['colcon_pkg']
[0.206s] Level 1:colcon.colcon_core.package_identification:_identify(/home/yut/git/rs1-2025s-ytu77/yuto_branch/src/forestguard_localisation) by extension 'colcon_pkg'
[0.206s] Level 1:colcon.colcon_core.package_identification:_identify(/home/yut/git/rs1-2025s-ytu77/yuto_branch/src/forestguard_localisation) by extensions ['colcon_meta']
[0.206s] Level 1:colcon.colcon_core.package_identification:_identify(/home/yut/git/rs1-2025s-ytu77/yuto_branch/src/forestguard_localisation) by extension 'colcon_meta'
[0.206s] Level 1:colcon.colcon_core.package_identification:_identify(/home/yut/git/rs1-2025s-ytu77/yuto_branch/src/forestguard_localisation) by extensions ['ros']
[0.206s] Level 1:colcon.colcon_core.package_identification:_identify(/home/yut/git/rs1-2025s-ytu77/yuto_branch/src/forestguard_localisation) by extension 'ros'
[0.207s] DEBUG:colcon.colcon_core.package_identification:Package '/home/yut/git/rs1-2025s-ytu77/yuto_branch/src/forestguard_localisation' with type 'ros.ament_cmake' and name 'forestguard_localisation'
[0.207s] Level 1:colcon.colcon_core.package_identification:_identify(/home/yut/git/rs1-2025s-ytu77/yuto_branch/src/forestguard_sim) by extensions ['ignore', 'ignore_ament_install']
[0.207s] Level 1:colcon.colcon_core.package_identification:_identify(/home/yut/git/rs1-2025s-ytu77/yuto_branch/src/forestguard_sim) by extension 'ignore'
[0.207s] Level 1:colcon.colcon_core.package_identification:_identify(/home/yut/git/rs1-2025s-ytu77/yuto_branch/src/forestguard_sim) by extension 'ignore_ament_install'
[0.207s] Level 1:colcon.colcon_core.package_identification:_identify(/home/yut/git/rs1-2025s-ytu77/yuto_branch/src/forestguard_sim) by extensions ['colcon_pkg']
[0.207s] Level 1:colcon.colcon_core.package_identification:_identify(/home/yut/git/rs1-2025s-ytu77/yuto_branch/src/forestguard_sim) by extension 'colcon_pkg'
[0.207s] Level 1:colcon.colcon_core.package_identification:_identify(/home/yut/git/rs1-2025s-ytu77/yuto_branch/src/forestguard_sim) by extensions ['colcon_meta']
[0.207s] Level 1:colcon.colcon_core.package_identification:_identify(/home/yut/git/rs1-2025s-ytu77/yuto_branch/src/forestguard_sim) by extension 'colcon_meta'
[0.208s] Level 1:colcon.colcon_core.package_identification:_identify(/home/yut/git/rs1-2025s-ytu77/yuto_branch/src/forestguard_sim) by extensions ['ros']
[0.208s] Level 1:colcon.colcon_core.package_identification:_identify(/home/yut/git/rs1-2025s-ytu77/yuto_branch/src/forestguard_sim) by extension 'ros'
[0.208s] DEBUG:colcon.colcon_core.package_identification:Package '/home/yut/git/rs1-2025s-ytu77/yuto_branch/src/forestguard_sim' with type 'ros.ament_cmake' and name 'john'
[0.208s] Level 1:colcon.colcon_core.package_identification:_identify(/home/yut/git/rs1-2025s-ytu77/yuto_branch/src/forestguard_ui) by extensions ['ignore', 'ignore_ament_install']
[0.208s] Level 1:colcon.colcon_core.package_identification:_identify(/home/yut/git/rs1-2025s-ytu77/yuto_branch/src/forestguard_ui) by extension 'ignore'
[0.208s] Level 1:colcon.colcon_core.package_identification:_identify(/home/yut/git/rs1-2025s-ytu77/yuto_branch/src/forestguard_ui) by extension 'ignore_ament_install'
[0.208s] Level 1:colcon.colcon_core.package_identification:_identify(/home/yut/git/rs1-2025s-ytu77/yuto_branch/src/forestguard_ui) by extensions ['colcon_pkg']
[0.208s] Level 1:colcon.colcon_core.package_identification:_identify(/home/yut/git/rs1-2025s-ytu77/yuto_branch/src/forestguard_ui) by extension 'colcon_pkg'
[0.209s] Level 1:colcon.colcon_core.package_identification:_identify(/home/yut/git/rs1-2025s-ytu77/yuto_branch/src/forestguard_ui) by extensions ['colcon_meta']
[0.209s] Level 1:colcon.colcon_core.package_identification:_identify(/home/yut/git/rs1-2025s-ytu77/yuto_branch/src/forestguard_ui) by extension 'colcon_meta'
[0.209s] Level 1:colcon.colcon_core.package_identification:_identify(/home/yut/git/rs1-2025s-ytu77/yuto_branch/src/forestguard_ui) by extensions ['ros']
[0.209s] Level 1:colcon.colcon_core.package_identification:_identify(/home/yut/git/rs1-2025s-ytu77/yuto_branch/src/forestguard_ui) by extension 'ros'
[0.209s] DEBUG:colcon.colcon_core.package_identification:Package '/home/yut/git/rs1-2025s-ytu77/yuto_branch/src/forestguard_ui' with type 'ros.ament_python' and name 'forestguard_ui'
[0.209s] Level 1:colcon.colcon_core.package_discovery:discover_packages(recursive) using defaults
