[0.251s] DEBUG:colcon:Command line arguments: ['/usr/bin/colcon', 'build']
[0.251s] DEBUG:colcon:Parsed command line arguments: Namespace(log_base=None, log_level=None, verb_name='build', build_base='build', install_base='install', merge_install=False, symlink_install=False, test_result_base=None, continue_on_error=False, executor='parallel', parallel_workers=16, event_handlers=None, ignore_user_meta=False, metas=['./colcon.meta'], base_paths=['.'], packages_ignore=None, packages_ignore_regex=None, paths=None, packages_up_to=None, packages_up_to_regex=None, packages_above=None, packages_above_and_dependencies=None, packages_above_depth=None, packages_select_by_dep=None, packages_skip_by_dep=None, packages_skip_up_to=None, packages_select_build_failed=False, packages_skip_build_finished=False, packages_select_test_failures=False, packages_skip_test_passed=False, packages_select=None, packages_skip=None, packages_select_regex=None, packages_skip_regex=None, packages_start=None, packages_end=None, allow_overriding=[], cmake_args=None, cmake_target=None, cmake_target_skip_unavailable=False, cmake_clean_cache=False, cmake_clean_first=False, cmake_force_configure=False, ament_cmake_args=None, catkin_cmake_args=None, catkin_skip_building_tests=False, verb_parser=<colcon_defaults.argument_parser.defaults.DefaultArgumentsDecorator object at 0x7837f3f6a290>, verb_extension=<colcon_core.verb.build.BuildVerb object at 0x7837f3f69d80>, main=<bound method BuildVerb.main of <colcon_core.verb.build.BuildVerb object at 0x7837f3f69d80>>)
[0.694s] Level 1:colcon.colcon_core.package_discovery:discover_packages(colcon_meta) check parameters
[0.694s] Level 1:colcon.colcon_core.package_discovery:discover_packages(recursive) check parameters
[0.694s] Level 1:colcon.colcon_core.package_discovery:discover_packages(ignore) check parameters
[0.695s] Level 1:colcon.colcon_core.package_discovery:discover_packages(path) check parameters
[0.695s] Level 1:colcon.colcon_core.package_discovery:discover_packages(colcon_meta) discover
[0.695s] Level 1:colcon.colcon_core.package_discovery:discover_packages(recursive) discover
[0.695s] INFO:colcon.colcon_core.package_discovery:Crawling recursively for packages in '/home/claudia/ForestGuard'
[0.695s] Level 1:colcon.colcon_core.package_identification:_identify(.) by extensions ['ignore', 'ignore_ament_install']
[0.695s] Level 1:colcon.colcon_core.package_identification:_identify(.) by extension 'ignore'
[0.696s] Level 1:colcon.colcon_core.package_identification:_identify(.) by extension 'ignore_ament_install'
[0.696s] Level 1:colcon.colcon_core.package_identification:_identify(.) by extensions ['colcon_pkg']
[0.696s] Level 1:colcon.colcon_core.package_identification:_identify(.) by extension 'colcon_pkg'
[0.696s] Level 1:colcon.colcon_core.package_identification:_identify(.) by extensions ['colcon_meta']
[0.696s] Level 1:colcon.colcon_core.package_identification:_identify(.) by extension 'colcon_meta'
[0.696s] Level 1:colcon.colcon_core.package_identification:_identify(.) by extensions ['ros']
[0.696s] Level 1:colcon.colcon_core.package_identification:_identify(.) by extension 'ros'
[0.722s] Level 1:colcon.colcon_core.package_identification:_identify(.) by extensions ['cmake', 'python']
[0.722s] Level 1:colcon.colcon_core.package_identification:_identify(.) by extension 'cmake'
[0.722s] Level 1:colcon.colcon_core.package_identification:_identify(.) by extension 'python'
[0.723s] Level 1:colcon.colcon_core.package_identification:_identify(.) by extensions ['python_setup_py']
[0.723s] Level 1:colcon.colcon_core.package_identification:_identify(.) by extension 'python_setup_py'
[0.723s] Level 1:colcon.colcon_core.package_identification:_identify(build) by extensions ['ignore', 'ignore_ament_install']
[0.723s] Level 1:colcon.colcon_core.package_identification:_identify(build) by extension 'ignore'
[0.723s] Level 1:colcon.colcon_core.package_identification:_identify(build) ignored
[0.724s] Level 1:colcon.colcon_core.package_identification:_identify(install) by extensions ['ignore', 'ignore_ament_install']
[0.724s] Level 1:colcon.colcon_core.package_identification:_identify(install) by extension 'ignore'
[0.724s] Level 1:colcon.colcon_core.package_identification:_identify(install) ignored
[0.725s] Level 1:colcon.colcon_core.package_identification:_identify(log) by extensions ['ignore', 'ignore_ament_install']
[0.725s] Level 1:colcon.colcon_core.package_identification:_identify(log) by extension 'ignore'
[0.725s] Level 1:colcon.colcon_core.package_identification:_identify(log) ignored
[0.725s] Level 1:colcon.colcon_core.package_identification:_identify(src) by extensions ['ignore', 'ignore_ament_install']
[0.725s] Level 1:colcon.colcon_core.package_identification:_identify(src) by extension 'ignore'
[0.725s] Level 1:colcon.colcon_core.package_identification:_identify(src) by extension 'ignore_ament_install'
[0.726s] Level 1:colcon.colcon_core.package_identification:_identify(src) by extensions ['colcon_pkg']
[0.726s] Level 1:colcon.colcon_core.package_identification:_identify(src) by extension 'colcon_pkg'
[0.726s] Level 1:colcon.colcon_core.package_identification:_identify(src) by extensions ['colcon_meta']
[0.726s] Level 1:colcon.colcon_core.package_identification:_identify(src) by extension 'colcon_meta'
[0.726s] Level 1:colcon.colcon_core.package_identification:_identify(src) by extensions ['ros']
[0.726s] Level 1:colcon.colcon_core.package_identification:_identify(src) by extension 'ros'
[0.726s] Level 1:colcon.colcon_core.package_identification:_identify(src) by extensions ['cmake', 'python']
[0.726s] Level 1:colcon.colcon_core.package_identification:_identify(src) by extension 'cmake'
[0.726s] Level 1:colcon.colcon_core.package_identification:_identify(src) by extension 'python'
[0.726s] Level 1:colcon.colcon_core.package_identification:_identify(src) by extensions ['python_setup_py']
[0.727s] Level 1:colcon.colcon_core.package_identification:_identify(src) by extension 'python_setup_py'
[0.727s] Level 1:colcon.colcon_core.package_identification:_identify(src/build) by extensions ['ignore', 'ignore_ament_install']
[0.727s] Level 1:colcon.colcon_core.package_identification:_identify(src/build) by extension 'ignore'
[0.727s] Level 1:colcon.colcon_core.package_identification:_identify(src/build) ignored
[0.727s] Level 1:colcon.colcon_core.package_identification:_identify(src/install) by extensions ['ignore', 'ignore_ament_install']
[0.728s] Level 1:colcon.colcon_core.package_identification:_identify(src/install) by extension 'ignore'
[0.728s] Level 1:colcon.colcon_core.package_identification:_identify(src/install) ignored
[0.728s] Level 1:colcon.colcon_core.package_identification:_identify(src/log) by extensions ['ignore', 'ignore_ament_install']
[0.728s] Level 1:colcon.colcon_core.package_identification:_identify(src/log) by extension 'ignore'
[0.728s] Level 1:colcon.colcon_core.package_identification:_identify(src/log) ignored
[0.728s] Level 1:colcon.colcon_core.package_identification:_identify(src/my_drone_pkg) by extensions ['ignore', 'ignore_ament_install']
[0.729s] Level 1:colcon.colcon_core.package_identification:_identify(src/my_drone_pkg) by extension 'ignore'
[0.729s] Level 1:colcon.colcon_core.package_identification:_identify(src/my_drone_pkg) by extension 'ignore_ament_install'
[0.729s] Level 1:colcon.colcon_core.package_identification:_identify(src/my_drone_pkg) by extensions ['colcon_pkg']
[0.729s] Level 1:colcon.colcon_core.package_identification:_identify(src/my_drone_pkg) by extension 'colcon_pkg'
[0.729s] Level 1:colcon.colcon_core.package_identification:_identify(src/my_drone_pkg) by extensions ['colcon_meta']
[0.729s] Level 1:colcon.colcon_core.package_identification:_identify(src/my_drone_pkg) by extension 'colcon_meta'
[0.729s] Level 1:colcon.colcon_core.package_identification:_identify(src/my_drone_pkg) by extensions ['ros']
[0.729s] Level 1:colcon.colcon_core.package_identification:_identify(src/my_drone_pkg) by extension 'ros'
[0.734s] DEBUG:colcon.colcon_core.package_identification:Package 'src/my_drone_pkg' with type 'ros.ament_cmake' and name 'my_drone_pkg'
[0.735s] Level 1:colcon.colcon_core.package_identification:_identify(src/sdf_to_urdf_converter) by extensions ['ignore', 'ignore_ament_install']
[0.735s] Level 1:colcon.colcon_core.package_identification:_identify(src/sdf_to_urdf_converter) by extension 'ignore'
[0.735s] Level 1:colcon.colcon_core.package_identification:_identify(src/sdf_to_urdf_converter) by extension 'ignore_ament_install'
[0.735s] Level 1:colcon.colcon_core.package_identification:_identify(src/sdf_to_urdf_converter) by extensions ['colcon_pkg']
[0.735s] Level 1:colcon.colcon_core.package_identification:_identify(src/sdf_to_urdf_converter) by extension 'colcon_pkg'
[0.736s] Level 1:colcon.colcon_core.package_identification:_identify(src/sdf_to_urdf_converter) by extensions ['colcon_meta']
[0.736s] Level 1:colcon.colcon_core.package_identification:_identify(src/sdf_to_urdf_converter) by extension 'colcon_meta'
[0.736s] Level 1:colcon.colcon_core.package_identification:_identify(src/sdf_to_urdf_converter) by extensions ['ros']
[0.736s] Level 1:colcon.colcon_core.package_identification:_identify(src/sdf_to_urdf_converter) by extension 'ros'
[0.738s] DEBUG:colcon.colcon_core.package_identification:Package 'src/sdf_to_urdf_converter' with type 'ros.ament_cmake' and name 'sdf_to_urdf_converter'
[0.738s] Level 1:colcon.colcon_core.package_discovery:discover_packages(recursive) using defaults
[0.738s] Level 1:colcon.colcon_core.package_discovery:discover_packages(ignore) discover
[0.738s] Level 1:colcon.colcon_core.package_discovery:discover_packages(ignore) using defaults
[0.738s] Level 1:colcon.colcon_core.package_discovery:discover_packages(path) discover
[0.738s] Level 1:colcon.colcon_core.package_discovery:discover_packages(path) using defaults
[0.804s] Level 1:colcon.colcon_core.package_discovery:discover_packages(prefix_path) check parameters
[0.804s] Level 1:colcon.colcon_core.package_discovery:discover_packages(prefix_path) discover
[0.809s] DEBUG:colcon.colcon_installed_package_information.package_discovery:Found 2 installed packages in /home/claudia/ForestGuard/install
[0.810s] DEBUG:colcon.colcon_installed_package_information.package_discovery:Found 2 installed packages in /home/claudia/rs1_ws/install
[0.811s] DEBUG:colcon.colcon_installed_package_information.package_discovery:Found 11 installed packages in /home/claudia/ros2_ws/install
[0.816s] DEBUG:colcon.colcon_installed_package_information.package_discovery:Found 460 installed packages in /opt/ros/humble
[0.822s] Level 1:colcon.colcon_core.package_discovery:discover_packages(prefix_path) using defaults
[0.955s] Level 5:colcon.colcon_core.verb:set package 'my_drone_pkg' build argument 'cmake_args' from command line to 'None'
[0.955s] Level 5:colcon.colcon_core.verb:set package 'my_drone_pkg' build argument 'cmake_target' from command line to 'None'
[0.955s] Level 5:colcon.colcon_core.verb:set package 'my_drone_pkg' build argument 'cmake_target_skip_unavailable' from command line to 'False'
[0.955s] Level 5:colcon.colcon_core.verb:set package 'my_drone_pkg' build argument 'cmake_clean_cache' from command line to 'False'
[0.955s] Level 5:colcon.colcon_core.verb:set package 'my_drone_pkg' build argument 'cmake_clean_first' from command line to 'False'
[0.955s] Level 5:colcon.colcon_core.verb:set package 'my_drone_pkg' build argument 'cmake_force_configure' from command line to 'False'
[0.955s] Level 5:colcon.colcon_core.verb:set package 'my_drone_pkg' build argument 'ament_cmake_args' from command line to 'None'
[0.955s] Level 5:colcon.colcon_core.verb:set package 'my_drone_pkg' build argument 'catkin_cmake_args' from command line to 'None'
[0.955s] Level 5:colcon.colcon_core.verb:set package 'my_drone_pkg' build argument 'catkin_skip_building_tests' from command line to 'False'
[0.956s] DEBUG:colcon.colcon_core.verb:Building package 'my_drone_pkg' with the following arguments: {'ament_cmake_args': None, 'build_base': '/home/claudia/ForestGuard/build/my_drone_pkg', 'catkin_cmake_args': None, 'catkin_skip_building_tests': False, 'cmake_args': None, 'cmake_clean_cache': False, 'cmake_clean_first': False, 'cmake_force_configure': False, 'cmake_target': None, 'cmake_target_skip_unavailable': False, 'install_base': '/home/claudia/ForestGuard/install/my_drone_pkg', 'merge_install': False, 'path': '/home/claudia/ForestGuard/src/my_drone_pkg', 'symlink_install': False, 'test_result_base': None}
[0.956s] Level 5:colcon.colcon_core.verb:set package 'sdf_to_urdf_converter' build argument 'cmake_args' from command line to 'None'
[0.956s] Level 5:colcon.colcon_core.verb:set package 'sdf_to_urdf_converter' build argument 'cmake_target' from command line to 'None'
[0.957s] Level 5:colcon.colcon_core.verb:set package 'sdf_to_urdf_converter' build argument 'cmake_target_skip_unavailable' from command line to 'False'
[0.957s] Level 5:colcon.colcon_core.verb:set package 'sdf_to_urdf_converter' build argument 'cmake_clean_cache' from command line to 'False'
[0.957s] Level 5:colcon.colcon_core.verb:set package 'sdf_to_urdf_converter' build argument 'cmake_clean_first' from command line to 'False'
[0.957s] Level 5:colcon.colcon_core.verb:set package 'sdf_to_urdf_converter' build argument 'cmake_force_configure' from command line to 'False'
[0.957s] Level 5:colcon.colcon_core.verb:set package 'sdf_to_urdf_converter' build argument 'ament_cmake_args' from command line to 'None'
[0.957s] Level 5:colcon.colcon_core.verb:set package 'sdf_to_urdf_converter' build argument 'catkin_cmake_args' from command line to 'None'
[0.957s] Level 5:colcon.colcon_core.verb:set package 'sdf_to_urdf_converter' build argument 'catkin_skip_building_tests' from command line to 'False'
[0.957s] DEBUG:colcon.colcon_core.verb:Building package 'sdf_to_urdf_converter' with the following arguments: {'ament_cmake_args': None, 'build_base': '/home/claudia/ForestGuard/build/sdf_to_urdf_converter', 'catkin_cmake_args': None, 'catkin_skip_building_tests': False, 'cmake_args': None, 'cmake_clean_cache': False, 'cmake_clean_first': False, 'cmake_force_configure': False, 'cmake_target': None, 'cmake_target_skip_unavailable': False, 'install_base': '/home/claudia/ForestGuard/install/sdf_to_urdf_converter', 'merge_install': False, 'path': '/home/claudia/ForestGuard/src/sdf_to_urdf_converter', 'symlink_install': False, 'test_result_base': None}
[0.957s] INFO:colcon.colcon_core.executor:Executing jobs using 'parallel' executor
[0.961s] DEBUG:colcon.colcon_parallel_executor.executor.parallel:run_until_complete
[0.961s] INFO:colcon.colcon_ros.task.ament_cmake.build:Building ROS package in '/home/claudia/ForestGuard/src/my_drone_pkg' with build type 'ament_cmake'
[0.961s] INFO:colcon.colcon_cmake.task.cmake.build:Building CMake package in '/home/claudia/ForestGuard/src/my_drone_pkg'
[0.966s] INFO:colcon.colcon_core.plugin_system:Skipping extension 'colcon_core.shell.bat': Not used on non-Windows systems
[0.967s] INFO:colcon.colcon_core.shell:Skip shell extension 'powershell' for command environment: Not usable outside of PowerShell
[0.967s] DEBUG:colcon.colcon_core.shell:Skip shell extension 'dsv' for command environment
[0.980s] INFO:colcon.colcon_ros.task.ament_cmake.build:Building ROS package in '/home/claudia/ForestGuard/src/sdf_to_urdf_converter' with build type 'ament_cmake'
[0.981s] INFO:colcon.colcon_cmake.task.cmake.build:Building CMake package in '/home/claudia/ForestGuard/src/sdf_to_urdf_converter'
[0.981s] INFO:colcon.colcon_core.shell:Skip shell extension 'powershell' for command environment: Not usable outside of PowerShell
[0.981s] DEBUG:colcon.colcon_core.shell:Skip shell extension 'dsv' for command environment
[1.009s] DEBUG:colcon.colcon_core.event_handler.log_command:Invoking command in '/home/claudia/ForestGuard/build/my_drone_pkg': CMAKE_PREFIX_PATH=${CMAKE_PREFIX_PATH}:/home/claudia/ros2_ws/install/examples_rclcpp_minimal_publisher:/home/claudia/ros2_ws/install/a3_support:/opt/ros/humble /usr/bin/cmake --build /home/claudia/ForestGuard/build/my_drone_pkg -- -j16 -l16
[1.018s] DEBUG:colcon.colcon_core.event_handler.log_command:Invoking command in '/home/claudia/ForestGuard/build/sdf_to_urdf_converter': CMAKE_PREFIX_PATH=${CMAKE_PREFIX_PATH}:/home/claudia/ros2_ws/install/examples_rclcpp_minimal_publisher:/home/claudia/ros2_ws/install/a3_support:/opt/ros/humble /usr/bin/cmake --build /home/claudia/ForestGuard/build/sdf_to_urdf_converter -- -j16 -l16
[1.136s] DEBUG:colcon.colcon_core.event_handler.log_command:Invoked command in '/home/claudia/ForestGuard/build/sdf_to_urdf_converter' returned '0': CMAKE_PREFIX_PATH=${CMAKE_PREFIX_PATH}:/home/claudia/ros2_ws/install/examples_rclcpp_minimal_publisher:/home/claudia/ros2_ws/install/a3_support:/opt/ros/humble /usr/bin/cmake --build /home/claudia/ForestGuard/build/sdf_to_urdf_converter -- -j16 -l16
[1.149s] DEBUG:colcon.colcon_core.event_handler.log_command:Invoking command in '/home/claudia/ForestGuard/build/sdf_to_urdf_converter': CMAKE_PREFIX_PATH=${CMAKE_PREFIX_PATH}:/home/claudia/ros2_ws/install/examples_rclcpp_minimal_publisher:/home/claudia/ros2_ws/install/a3_support:/opt/ros/humble /usr/bin/cmake --install /home/claudia/ForestGuard/build/sdf_to_urdf_converter
[1.163s] Level 1:colcon.colcon_core.environment:create_environment_scripts_only(sdf_to_urdf_converter)
[1.164s] DEBUG:colcon.colcon_core.event_handler.log_command:Invoked command in '/home/claudia/ForestGuard/build/sdf_to_urdf_converter' returned '0': CMAKE_PREFIX_PATH=${CMAKE_PREFIX_PATH}:/home/claudia/ros2_ws/install/examples_rclcpp_minimal_publisher:/home/claudia/ros2_ws/install/a3_support:/opt/ros/humble /usr/bin/cmake --install /home/claudia/ForestGuard/build/sdf_to_urdf_converter
[1.169s] Level 1:colcon.colcon_core.environment:checking '/home/claudia/ForestGuard/install/sdf_to_urdf_converter' for CMake module files
[1.170s] Level 1:colcon.colcon_core.environment:checking '/home/claudia/ForestGuard/install/sdf_to_urdf_converter' for CMake config files
[1.171s] Level 1:colcon.colcon_core.shell:create_environment_hook('sdf_to_urdf_converter', 'cmake_prefix_path')
[1.172s] INFO:colcon.colcon_core.shell:Creating environment hook '/home/claudia/ForestGuard/install/sdf_to_urdf_converter/share/sdf_to_urdf_converter/hook/cmake_prefix_path.ps1'
[1.173s] INFO:colcon.colcon_core.shell:Creating environment descriptor '/home/claudia/ForestGuard/install/sdf_to_urdf_converter/share/sdf_to_urdf_converter/hook/cmake_prefix_path.dsv'
[1.174s] INFO:colcon.colcon_core.shell:Creating environment hook '/home/claudia/ForestGuard/install/sdf_to_urdf_converter/share/sdf_to_urdf_converter/hook/cmake_prefix_path.sh'
[1.176s] Level 1:colcon.colcon_core.environment:checking '/home/claudia/ForestGuard/install/sdf_to_urdf_converter/lib'
[1.176s] Level 1:colcon.colcon_core.environment:checking '/home/claudia/ForestGuard/install/sdf_to_urdf_converter/bin'
[1.176s] Level 1:colcon.colcon_core.environment:checking '/home/claudia/ForestGuard/install/sdf_to_urdf_converter/lib/pkgconfig/sdf_to_urdf_converter.pc'
[1.177s] Level 1:colcon.colcon_core.environment:checking '/home/claudia/ForestGuard/install/sdf_to_urdf_converter/lib/python3.10/site-packages'
[1.177s] Level 1:colcon.colcon_core.environment:checking '/home/claudia/ForestGuard/install/sdf_to_urdf_converter/bin'
[1.178s] INFO:colcon.colcon_core.shell:Creating package script '/home/claudia/ForestGuard/install/sdf_to_urdf_converter/share/sdf_to_urdf_converter/package.ps1'
[1.180s] INFO:colcon.colcon_core.shell:Creating package descriptor '/home/claudia/ForestGuard/install/sdf_to_urdf_converter/share/sdf_to_urdf_converter/package.dsv'
[1.181s] INFO:colcon.colcon_core.shell:Creating package script '/home/claudia/ForestGuard/install/sdf_to_urdf_converter/share/sdf_to_urdf_converter/package.sh'
[1.183s] INFO:colcon.colcon_core.shell:Creating package script '/home/claudia/ForestGuard/install/sdf_to_urdf_converter/share/sdf_to_urdf_converter/package.bash'
[1.185s] INFO:colcon.colcon_core.shell:Creating package script '/home/claudia/ForestGuard/install/sdf_to_urdf_converter/share/sdf_to_urdf_converter/package.zsh'
[1.186s] Level 1:colcon.colcon_core.environment:create_file_with_runtime_dependencies(/home/claudia/ForestGuard/install/sdf_to_urdf_converter/share/colcon-core/packages/sdf_to_urdf_converter)
[1.188s] Level 1:colcon.colcon_core.environment:create_environment_scripts_only(sdf_to_urdf_converter)
[1.188s] Level 1:colcon.colcon_core.environment:checking '/home/claudia/ForestGuard/install/sdf_to_urdf_converter' for CMake module files
[1.189s] Level 1:colcon.colcon_core.environment:checking '/home/claudia/ForestGuard/install/sdf_to_urdf_converter' for CMake config files
[1.190s] Level 1:colcon.colcon_core.shell:create_environment_hook('sdf_to_urdf_converter', 'cmake_prefix_path')
[1.191s] INFO:colcon.colcon_core.shell:Creating environment hook '/home/claudia/ForestGuard/install/sdf_to_urdf_converter/share/sdf_to_urdf_converter/hook/cmake_prefix_path.ps1'
[1.192s] INFO:colcon.colcon_core.shell:Creating environment descriptor '/home/claudia/ForestGuard/install/sdf_to_urdf_converter/share/sdf_to_urdf_converter/hook/cmake_prefix_path.dsv'
[1.193s] INFO:colcon.colcon_core.shell:Creating environment hook '/home/claudia/ForestGuard/install/sdf_to_urdf_converter/share/sdf_to_urdf_converter/hook/cmake_prefix_path.sh'
[1.195s] Level 1:colcon.colcon_core.environment:checking '/home/claudia/ForestGuard/install/sdf_to_urdf_converter/lib'
[1.195s] Level 1:colcon.colcon_core.environment:checking '/home/claudia/ForestGuard/install/sdf_to_urdf_converter/bin'
[1.195s] Level 1:colcon.colcon_core.environment:checking '/home/claudia/ForestGuard/install/sdf_to_urdf_converter/lib/pkgconfig/sdf_to_urdf_converter.pc'
[1.196s] Level 1:colcon.colcon_core.environment:checking '/home/claudia/ForestGuard/install/sdf_to_urdf_converter/lib/python3.10/site-packages'
[1.196s] Level 1:colcon.colcon_core.environment:checking '/home/claudia/ForestGuard/install/sdf_to_urdf_converter/bin'
[1.197s] INFO:colcon.colcon_core.shell:Creating package script '/home/claudia/ForestGuard/install/sdf_to_urdf_converter/share/sdf_to_urdf_converter/package.ps1'
[1.198s] INFO:colcon.colcon_core.shell:Creating package descriptor '/home/claudia/ForestGuard/install/sdf_to_urdf_converter/share/sdf_to_urdf_converter/package.dsv'
[1.199s] INFO:colcon.colcon_core.shell:Creating package script '/home/claudia/ForestGuard/install/sdf_to_urdf_converter/share/sdf_to_urdf_converter/package.sh'
[1.200s] INFO:colcon.colcon_core.shell:Creating package script '/home/claudia/ForestGuard/install/sdf_to_urdf_converter/share/sdf_to_urdf_converter/package.bash'
[1.201s] INFO:colcon.colcon_core.shell:Creating package script '/home/claudia/ForestGuard/install/sdf_to_urdf_converter/share/sdf_to_urdf_converter/package.zsh'
[1.202s] Level 1:colcon.colcon_core.environment:create_file_with_runtime_dependencies(/home/claudia/ForestGuard/install/sdf_to_urdf_converter/share/colcon-core/packages/sdf_to_urdf_converter)
[1.526s] DEBUG:colcon.colcon_core.event_handler.log_command:Invoked command in '/home/claudia/ForestGuard/build/my_drone_pkg' returned '0': CMAKE_PREFIX_PATH=${CMAKE_PREFIX_PATH}:/home/claudia/ros2_ws/install/examples_rclcpp_minimal_publisher:/home/claudia/ros2_ws/install/a3_support:/opt/ros/humble /usr/bin/cmake --build /home/claudia/ForestGuard/build/my_drone_pkg -- -j16 -l16
[1.530s] DEBUG:colcon.colcon_core.event_handler.log_command:Invoking command in '/home/claudia/ForestGuard/build/my_drone_pkg': CMAKE_PREFIX_PATH=${CMAKE_PREFIX_PATH}:/home/claudia/ros2_ws/install/examples_rclcpp_minimal_publisher:/home/claudia/ros2_ws/install/a3_support:/opt/ros/humble /usr/bin/cmake --install /home/claudia/ForestGuard/build/my_drone_pkg
[1.549s] Level 1:colcon.colcon_core.environment:create_environment_scripts_only(my_drone_pkg)
[1.549s] DEBUG:colcon.colcon_core.event_handler.log_command:Invoked command in '/home/claudia/ForestGuard/build/my_drone_pkg' returned '0': CMAKE_PREFIX_PATH=${CMAKE_PREFIX_PATH}:/home/claudia/ros2_ws/install/examples_rclcpp_minimal_publisher:/home/claudia/ros2_ws/install/a3_support:/opt/ros/humble /usr/bin/cmake --install /home/claudia/ForestGuard/build/my_drone_pkg
[1.550s] Level 1:colcon.colcon_core.environment:checking '/home/claudia/ForestGuard/install/my_drone_pkg' for CMake module files
[1.551s] Level 1:colcon.colcon_core.environment:checking '/home/claudia/ForestGuard/install/my_drone_pkg' for CMake config files
[1.552s] Level 1:colcon.colcon_core.shell:create_environment_hook('my_drone_pkg', 'cmake_prefix_path')
[1.553s] INFO:colcon.colcon_core.shell:Creating environment hook '/home/claudia/ForestGuard/install/my_drone_pkg/share/my_drone_pkg/hook/cmake_prefix_path.ps1'
[1.554s] INFO:colcon.colcon_core.shell:Creating environment descriptor '/home/claudia/ForestGuard/install/my_drone_pkg/share/my_drone_pkg/hook/cmake_prefix_path.dsv'
[1.555s] INFO:colcon.colcon_core.shell:Creating environment hook '/home/claudia/ForestGuard/install/my_drone_pkg/share/my_drone_pkg/hook/cmake_prefix_path.sh'
[1.556s] Level 1:colcon.colcon_core.environment:checking '/home/claudia/ForestGuard/install/my_drone_pkg/bin'
[1.556s] Level 1:colcon.colcon_core.environment:checking '/home/claudia/ForestGuard/install/my_drone_pkg/lib/pkgconfig/my_drone_pkg.pc'
[1.557s] Level 1:colcon.colcon_core.environment:checking '/home/claudia/ForestGuard/install/my_drone_pkg/lib/python3.10/site-packages'
[1.557s] Level 1:colcon.colcon_core.environment:checking '/home/claudia/ForestGuard/install/my_drone_pkg/bin'
[1.558s] INFO:colcon.colcon_core.shell:Creating package script '/home/claudia/ForestGuard/install/my_drone_pkg/share/my_drone_pkg/package.ps1'
[1.559s] INFO:colcon.colcon_core.shell:Creating package descriptor '/home/claudia/ForestGuard/install/my_drone_pkg/share/my_drone_pkg/package.dsv'
[1.560s] INFO:colcon.colcon_core.shell:Creating package script '/home/claudia/ForestGuard/install/my_drone_pkg/share/my_drone_pkg/package.sh'
[1.561s] INFO:colcon.colcon_core.shell:Creating package script '/home/claudia/ForestGuard/install/my_drone_pkg/share/my_drone_pkg/package.bash'
[1.563s] INFO:colcon.colcon_core.shell:Creating package script '/home/claudia/ForestGuard/install/my_drone_pkg/share/my_drone_pkg/package.zsh'
[1.564s] Level 1:colcon.colcon_core.environment:create_file_with_runtime_dependencies(/home/claudia/ForestGuard/install/my_drone_pkg/share/colcon-core/packages/my_drone_pkg)
[1.565s] Level 1:colcon.colcon_core.environment:create_environment_scripts_only(my_drone_pkg)
[1.565s] Level 1:colcon.colcon_core.environment:checking '/home/claudia/ForestGuard/install/my_drone_pkg' for CMake module files
[1.566s] Level 1:colcon.colcon_core.environment:checking '/home/claudia/ForestGuard/install/my_drone_pkg' for CMake config files
[1.567s] Level 1:colcon.colcon_core.shell:create_environment_hook('my_drone_pkg', 'cmake_prefix_path')
[1.567s] INFO:colcon.colcon_core.shell:Creating environment hook '/home/claudia/ForestGuard/install/my_drone_pkg/share/my_drone_pkg/hook/cmake_prefix_path.ps1'
[1.568s] INFO:colcon.colcon_core.shell:Creating environment descriptor '/home/claudia/ForestGuard/install/my_drone_pkg/share/my_drone_pkg/hook/cmake_prefix_path.dsv'
[1.569s] INFO:colcon.colcon_core.shell:Creating environment hook '/home/claudia/ForestGuard/install/my_drone_pkg/share/my_drone_pkg/hook/cmake_prefix_path.sh'
[1.570s] Level 1:colcon.colcon_core.environment:checking '/home/claudia/ForestGuard/install/my_drone_pkg/bin'
[1.570s] Level 1:colcon.colcon_core.environment:checking '/home/claudia/ForestGuard/install/my_drone_pkg/lib/pkgconfig/my_drone_pkg.pc'
[1.571s] Level 1:colcon.colcon_core.environment:checking '/home/claudia/ForestGuard/install/my_drone_pkg/lib/python3.10/site-packages'
[1.571s] Level 1:colcon.colcon_core.environment:checking '/home/claudia/ForestGuard/install/my_drone_pkg/bin'
[1.572s] INFO:colcon.colcon_core.shell:Creating package script '/home/claudia/ForestGuard/install/my_drone_pkg/share/my_drone_pkg/package.ps1'
[1.573s] INFO:colcon.colcon_core.shell:Creating package descriptor '/home/claudia/ForestGuard/install/my_drone_pkg/share/my_drone_pkg/package.dsv'
[1.574s] INFO:colcon.colcon_core.shell:Creating package script '/home/claudia/ForestGuard/install/my_drone_pkg/share/my_drone_pkg/package.sh'
[1.575s] INFO:colcon.colcon_core.shell:Creating package script '/home/claudia/ForestGuard/install/my_drone_pkg/share/my_drone_pkg/package.bash'
[1.576s] INFO:colcon.colcon_core.shell:Creating package script '/home/claudia/ForestGuard/install/my_drone_pkg/share/my_drone_pkg/package.zsh'
[1.577s] Level 1:colcon.colcon_core.environment:create_file_with_runtime_dependencies(/home/claudia/ForestGuard/install/my_drone_pkg/share/colcon-core/packages/my_drone_pkg)
[1.577s] DEBUG:colcon.colcon_parallel_executor.executor.parallel:closing loop
[1.578s] DEBUG:colcon.colcon_parallel_executor.executor.parallel:loop closed
[1.578s] DEBUG:colcon.colcon_parallel_executor.executor.parallel:run_until_complete finished with '0'
[1.579s] DEBUG:colcon.colcon_core.event_reactor:joining thread
[1.591s] INFO:colcon.colcon_core.plugin_system:Skipping extension 'colcon_notification.desktop_notification.terminal_notifier': Not used on non-Darwin systems
[1.591s] INFO:colcon.colcon_core.plugin_system:Skipping extension 'colcon_notification.desktop_notification.win32': Not used on non-Windows systems
[1.591s] INFO:colcon.colcon_notification.desktop_notification:Sending desktop notification using 'notify2'
[1.625s] DEBUG:colcon.colcon_core.event_reactor:joined thread
[1.626s] INFO:colcon.colcon_core.shell:Creating prefix script '/home/claudia/ForestGuard/install/local_setup.ps1'
[1.629s] INFO:colcon.colcon_core.shell:Creating prefix util module '/home/claudia/ForestGuard/install/_local_setup_util_ps1.py'
[1.632s] INFO:colcon.colcon_core.shell:Creating prefix chain script '/home/claudia/ForestGuard/install/setup.ps1'
[1.636s] INFO:colcon.colcon_core.shell:Creating prefix script '/home/claudia/ForestGuard/install/local_setup.sh'
[1.638s] INFO:colcon.colcon_core.shell:Creating prefix util module '/home/claudia/ForestGuard/install/_local_setup_util_sh.py'
[1.639s] INFO:colcon.colcon_core.shell:Creating prefix chain script '/home/claudia/ForestGuard/install/setup.sh'
[1.643s] INFO:colcon.colcon_core.shell:Creating prefix script '/home/claudia/ForestGuard/install/local_setup.bash'
[1.644s] INFO:colcon.colcon_core.shell:Creating prefix chain script '/home/claudia/ForestGuard/install/setup.bash'
[1.648s] INFO:colcon.colcon_core.shell:Creating prefix script '/home/claudia/ForestGuard/install/local_setup.zsh'
[1.649s] INFO:colcon.colcon_core.shell:Creating prefix chain script '/home/claudia/ForestGuard/install/setup.zsh'
