running develop
running egg_info
creating forest_drone.egg-info
writing forest_drone.egg-info/PKG-INFO
writing dependency_links to forest_drone.egg-info/dependency_links.txt
writing entry points to forest_drone.egg-info/entry_points.txt
writing requirements to forest_drone.egg-info/requires.txt
writing top-level names to forest_drone.egg-info/top_level.txt
writing manifest file 'forest_drone.egg-info/SOURCES.txt'
reading manifest file 'forest_drone.egg-info/SOURCES.txt'
writing manifest file 'forest_drone.egg-info/SOURCES.txt'
running build_ext
Creating /home/claudia/ForestGuard/install/forest_drone/lib/python3.10/site-packages/forest-drone.egg-link (link to .)

Installed /home/claudia/ForestGuard/build/forest_drone
running symlink_data
creating /home/claudia/ForestGuard/install/forest_drone/share/ament_index
creating /home/claudia/ForestGuard/install/forest_drone/share/ament_index/resource_index
creating /home/claudia/ForestGuard/install/forest_drone/share/ament_index/resource_index/packages
symbolically linking /home/claudia/ForestGuard/build/forest_drone/resource/forest_drone -> /home/claudia/ForestGuard/install/forest_drone/share/ament_index/resource_index/packages
symbolically linking /home/claudia/ForestGuard/build/forest_drone/package.xml -> /home/claudia/ForestGuard/install/forest_drone/share/forest_drone
creating /home/claudia/ForestGuard/install/forest_drone/share/forest_drone/launch
symbolically linking /home/claudia/ForestGuard/build/forest_drone/launch/forest_drone.launch.py -> /home/claudia/ForestGuard/install/forest_drone/share/forest_drone/launch
