[0.012s] Invoking command in '/home/john/git/RS1/john_branch/build/forestguard_controller': CMAKE_PREFIX_PATH=${CMAKE_PREFIX_PATH}:/home/john/git/RS1/john_branch/install/forestguard_ui:/home/john/git/RS1/john_branch/install/forestguard_colour:/opt/ros/humble /usr/bin/cmake /home/john/git/RS1/john_branch/src/forestguard_controller -DAMENT_CMAKE_SYMLINK_INSTALL=1 -DCMAKE_INSTALL_PREFIX=/home/john/git/RS1/john_branch/install/forestguard_controller
[0.143s] -- The C compiler identification is GNU 11.4.0
[0.143s] -- The CXX compiler identification is GNU 11.4.0
[0.143s] -- Detecting C compiler ABI info
[0.143s] -- Detecting C compiler ABI info - done
[0.143s] -- Check for working C compiler: /usr/bin/cc - skipped
[0.143s] -- Detecting C compile features
[0.143s] -- Detecting C compile features - done
[0.144s] -- Detecting CXX compiler ABI info
[0.202s] -- Detecting CXX compiler ABI info - done
[0.208s] -- Check for working CXX compiler: /usr/bin/c++ - skipped
[0.208s] -- Detecting CXX compile features
[0.209s] -- Detecting CXX compile features - done
[0.210s] -- Found ament_cmake: 1.3.12 (/opt/ros/humble/share/ament_cmake/cmake)
[0.309s] -- Found Python3: /usr/bin/python3 (found version "3.10.12") found components: Interpreter 
[0.345s] -- Override CMake install command with custom implementation using symlinks instead of copying resources
[0.360s] -- Found rclcpp: 16.0.15 (/opt/ros/humble/share/rclcpp/cmake)
[0.384s] -- Found rosidl_generator_c: 3.1.7 (/opt/ros/humble/share/rosidl_generator_c/cmake)
[0.386s] -- Found rosidl_adapter: 3.1.7 (/opt/ros/humble/share/rosidl_adapter/cmake)
[0.390s] -- Found rosidl_generator_cpp: 3.1.7 (/opt/ros/humble/share/rosidl_generator_cpp/cmake)
[0.397s] -- Using all available rosidl_typesupport_c: rosidl_typesupport_fastrtps_c;rosidl_typesupport_introspection_c
[0.406s] -- Using all available rosidl_typesupport_cpp: rosidl_typesupport_fastrtps_cpp;rosidl_typesupport_introspection_cpp
[0.430s] -- Found rmw_implementation_cmake: 6.1.2 (/opt/ros/humble/share/rmw_implementation_cmake/cmake)
[0.431s] -- Found rmw_fastrtps_cpp: 6.2.9 (/opt/ros/humble/share/rmw_fastrtps_cpp/cmake)
[0.486s] -- Found OpenSSL: /usr/lib/x86_64-linux-gnu/libcrypto.so (found version "3.0.2")  
[0.505s] -- Found FastRTPS: /opt/ros/humble/include  
[0.531s] -- Using RMW implementation 'rmw_fastrtps_cpp' as default
[0.536s] -- Looking for pthread.h
[0.584s] -- Looking for pthread.h - found
[0.584s] -- Performing Test CMAKE_HAVE_LIBC_PTHREAD
[0.632s] -- Performing Test CMAKE_HAVE_LIBC_PTHREAD - Success
[0.633s] -- Found Threads: TRUE  
[0.664s] -- Found rclcpp_action: 16.0.15 (/opt/ros/humble/share/rclcpp_action/cmake)
[0.685s] -- Found geometry_msgs: 4.9.0 (/opt/ros/humble/share/geometry_msgs/cmake)
[0.693s] -- Found sensor_msgs: 4.9.0 (/opt/ros/humble/share/sensor_msgs/cmake)
[0.704s] -- Found nav_msgs: 4.9.0 (/opt/ros/humble/share/nav_msgs/cmake)
[0.715s] -- Found visualization_msgs: 4.9.0 (/opt/ros/humble/share/visualization_msgs/cmake)
[0.727s] -- Found nav2_msgs: 1.1.19 (/opt/ros/humble/share/nav2_msgs/cmake)
[0.742s] -- Found tf2_ros: 0.25.16 (/opt/ros/humble/share/tf2_ros/cmake)
[0.776s] -- Found tf2_geometry_msgs: 0.25.16 (/opt/ros/humble/share/tf2_geometry_msgs/cmake)
[0.784s] -- Found eigen3_cmake_module: 0.1.1 (/opt/ros/humble/share/eigen3_cmake_module/cmake)
[0.785s] -- Found Eigen3: TRUE (found version "3.4.0") 
[0.785s] -- Ensuring Eigen3 include directory is part of orocos-kdl CMake target
[0.786s] -- Found cv_bridge: 3.2.1 (/opt/ros/humble/share/cv_bridge/cmake)
[0.794s] -- Found OpenCV: /usr (found version "4.5.4") 
[0.794s] -- Found ament_cmake_ros: 0.10.0 (/opt/ros/humble/share/ament_cmake_ros/cmake)
[0.798s] -- Found rosbag2_cpp: 0.15.15 (/opt/ros/humble/share/rosbag2_cpp/cmake)
[0.817s] -- Found ament_lint_auto: 0.12.14 (/opt/ros/humble/share/ament_lint_auto/cmake)
[0.860s] -- Added test 'cppcheck' to perform static code analysis on C / C++ code
[0.860s] -- Configured cppcheck include dirs: $<BUILD_INTERFACE:/home/john/git/RS1/john_branch/src/forestguard_controller/include>
[0.860s] -- Configured cppcheck exclude dirs and/or files: 
[0.861s] -- Added test 'lint_cmake' to check CMake code style
[0.861s] -- Added test 'uncrustify' to check C / C++ code style
[0.861s] -- Configured uncrustify additional arguments: 
[0.861s] -- Added test 'xmllint' to check XML markup files
[0.862s] -- Configuring done
[0.870s] -- Generating done
[0.873s] -- Build files have been written to: /home/john/git/RS1/john_branch/build/forestguard_controller
[0.880s] Invoked command in '/home/john/git/RS1/john_branch/build/forestguard_controller' returned '0': CMAKE_PREFIX_PATH=${CMAKE_PREFIX_PATH}:/home/john/git/RS1/john_branch/install/forestguard_ui:/home/john/git/RS1/john_branch/install/forestguard_colour:/opt/ros/humble /usr/bin/cmake /home/john/git/RS1/john_branch/src/forestguard_controller -DAMENT_CMAKE_SYMLINK_INSTALL=1 -DCMAKE_INSTALL_PREFIX=/home/john/git/RS1/john_branch/install/forestguard_controller
[0.881s] Invoking command in '/home/john/git/RS1/john_branch/build/forestguard_controller': CMAKE_PREFIX_PATH=${CMAKE_PREFIX_PATH}:/home/john/git/RS1/john_branch/install/forestguard_ui:/home/john/git/RS1/john_branch/install/forestguard_colour:/opt/ros/humble /usr/bin/cmake --build /home/john/git/RS1/john_branch/build/forestguard_controller -- -j20 -l20
[0.916s] [ 33%] [32mBuilding CXX object CMakeFiles/forestguard_controller.dir/src/main_husky.cpp.o[0m
[0.916s] [ 66%] [32mBuilding CXX object CMakeFiles/forestguard_controller.dir/src/controller_husky.cpp.o[0m
[10.600s] [100%] [32m[1mLinking CXX executable forestguard_controller[0m
[11.337s] [100%] Built target forestguard_controller
[11.342s] Invoked command in '/home/john/git/RS1/john_branch/build/forestguard_controller' returned '0': CMAKE_PREFIX_PATH=${CMAKE_PREFIX_PATH}:/home/john/git/RS1/john_branch/install/forestguard_ui:/home/john/git/RS1/john_branch/install/forestguard_colour:/opt/ros/humble /usr/bin/cmake --build /home/john/git/RS1/john_branch/build/forestguard_controller -- -j20 -l20
[11.344s] Invoking command in '/home/john/git/RS1/john_branch/build/forestguard_controller': CMAKE_PREFIX_PATH=${CMAKE_PREFIX_PATH}:/home/john/git/RS1/john_branch/install/forestguard_ui:/home/john/git/RS1/john_branch/install/forestguard_colour:/opt/ros/humble /usr/bin/cmake --install /home/john/git/RS1/john_branch/build/forestguard_controller
[11.347s] -- Install configuration: ""
[11.348s] -- Execute custom install script
[11.348s] -- Symlinking: /home/john/git/RS1/john_branch/install/forestguard_controller/lib/forestguard_controller/forestguard_controller
[11.354s] -- Symlinking: /home/john/git/RS1/john_branch/install/forestguard_controller/include/forestguard_controller/controller_husky.h
[11.360s] -- Symlinking: /home/john/git/RS1/john_branch/install/forestguard_controller/share/ament_index/resource_index/package_run_dependencies/forestguard_controller
[11.365s] -- Symlinking: /home/john/git/RS1/john_branch/install/forestguard_controller/share/ament_index/resource_index/parent_prefix_path/forestguard_controller
[11.371s] -- Symlinking: /home/john/git/RS1/john_branch/install/forestguard_controller/share/forestguard_controller/environment/ament_prefix_path.sh
[11.378s] -- Symlinking: /home/john/git/RS1/john_branch/install/forestguard_controller/share/forestguard_controller/environment/ament_prefix_path.dsv
[11.384s] -- Symlinking: /home/john/git/RS1/john_branch/install/forestguard_controller/share/forestguard_controller/environment/path.sh
[11.389s] -- Symlinking: /home/john/git/RS1/john_branch/install/forestguard_controller/share/forestguard_controller/environment/path.dsv
[11.394s] -- Symlinking: /home/john/git/RS1/john_branch/install/forestguard_controller/share/forestguard_controller/local_setup.bash
[11.400s] -- Symlinking: /home/john/git/RS1/john_branch/install/forestguard_controller/share/forestguard_controller/local_setup.sh
[11.405s] -- Symlinking: /home/john/git/RS1/john_branch/install/forestguard_controller/share/forestguard_controller/local_setup.zsh
[11.409s] -- Symlinking: /home/john/git/RS1/john_branch/install/forestguard_controller/share/forestguard_controller/local_setup.dsv
[11.413s] -- Symlinking: /home/john/git/RS1/john_branch/install/forestguard_controller/share/forestguard_controller/package.dsv
[11.418s] -- Symlinking: /home/john/git/RS1/john_branch/install/forestguard_controller/share/ament_index/resource_index/packages/forestguard_controller
[11.422s] -- Symlinking: /home/john/git/RS1/john_branch/install/forestguard_controller/share/forestguard_controller/cmake/forestguard_controllerConfig.cmake
[11.427s] -- Symlinking: /home/john/git/RS1/john_branch/install/forestguard_controller/share/forestguard_controller/cmake/forestguard_controllerConfig-version.cmake
[11.432s] -- Symlinking: /home/john/git/RS1/john_branch/install/forestguard_controller/share/forestguard_controller/package.xml
[11.439s] Invoked command in '/home/john/git/RS1/john_branch/build/forestguard_controller' returned '0': CMAKE_PREFIX_PATH=${CMAKE_PREFIX_PATH}:/home/john/git/RS1/john_branch/install/forestguard_ui:/home/john/git/RS1/john_branch/install/forestguard_colour:/opt/ros/humble /usr/bin/cmake --install /home/john/git/RS1/john_branch/build/forestguard_controller
