[0.560s] Invoking command in '/home/john/git/RS1/john_branch/build/forestguard_perception': PYTHONPATH=/home/john/git/RS1/john_branch/build/forestguard_perception/prefix_override:/usr/lib/python3/dist-packages/colcon_core/task/python/colcon_distutils_commands:/home/john/git/RS1/john_branch/install/forestguard_perception/lib/python3.10/site-packages:${PYTHONPATH} /usr/bin/python3 -W ignore:setup.py install is deprecated -W ignore:easy_install command is deprecated setup.py develop --editable --build-directory /home/john/git/RS1/john_branch/build/forestguard_perception/build --no-deps symlink_data
[0.726s] running develop
[0.826s] running egg_info
[0.826s] writing forestguard_perception.egg-info/PKG-INFO
[0.826s] writing dependency_links to forestguard_perception.egg-info/dependency_links.txt
[0.826s] writing entry points to forestguard_perception.egg-info/entry_points.txt
[0.826s] writing requirements to forestguard_perception.egg-info/requires.txt
[0.826s] writing top-level names to forestguard_perception.egg-info/top_level.txt
[0.828s] reading manifest file 'forestguard_perception.egg-info/SOURCES.txt'
[0.828s] writing manifest file 'forestguard_perception.egg-info/SOURCES.txt'
[0.829s] running build_ext
[0.829s] Creating /home/john/git/RS1/john_branch/install/forestguard_perception/lib/python3.10/site-packages/forestguard-perception.egg-link (link to .)
[0.829s] Installing camera_tree_mapper script to /home/john/git/RS1/john_branch/install/forestguard_perception/lib/forestguard_perception
[0.829s] Installing hsv_calibrator script to /home/john/git/RS1/john_branch/install/forestguard_perception/lib/forestguard_perception
[0.829s] Installing lidar_tree_mapper script to /home/john/git/RS1/john_branch/install/forestguard_perception/lib/forestguard_perception
[0.830s] Installing tree_colour_confirmer script to /home/john/git/RS1/john_branch/install/forestguard_perception/lib/forestguard_perception
[0.830s] Installing tree_detector script to /home/john/git/RS1/john_branch/install/forestguard_perception/lib/forestguard_perception
[0.830s] Installing tree_detector_v2 script to /home/john/git/RS1/john_branch/install/forestguard_perception/lib/forestguard_perception
[0.830s] 
[0.830s] Installed /home/john/git/RS1/john_branch/build/forestguard_perception
[0.830s] running symlink_data
[0.847s] Invoked command in '/home/john/git/RS1/john_branch/build/forestguard_perception' returned '0': PYTHONPATH=/home/john/git/RS1/john_branch/build/forestguard_perception/prefix_override:/usr/lib/python3/dist-packages/colcon_core/task/python/colcon_distutils_commands:/home/john/git/RS1/john_branch/install/forestguard_perception/lib/python3.10/site-packages:${PYTHONPATH} /usr/bin/python3 -W ignore:setup.py install is deprecated -W ignore:easy_install command is deprecated setup.py develop --editable --build-directory /home/john/git/RS1/john_branch/build/forestguard_perception/build --no-deps symlink_data
