[1.022s] Invoking command in '/home/yut/git/rs1-2025s-ytu77/yuto_branch/src/forestguard_ui': PYTHONPATH=/home/yut/git/rs1-2025s-ytu77/yuto_branch/build/forestguard_ui/prefix_override:/usr/lib/python3/dist-packages/colcon_core/task/python/colcon_distutils_commands:/home/yut/git/rs1-2025s-ytu77/yuto_branch/install/forestguard_ui/lib/python3.10/site-packages:${PYTHONPATH} /usr/bin/python3 -W ignore:setup.py install is deprecated -W ignore:easy_install command is deprecated setup.py egg_info --egg-base ../../build/forestguard_ui build --build-base /home/yut/git/rs1-2025s-ytu77/yuto_branch/build/forestguard_ui/build install --record /home/yut/git/rs1-2025s-ytu77/yuto_branch/build/forestguard_ui/install.log --single-version-externally-managed install_data
[1.182s] /home/yut/.local/lib/python3.10/site-packages/setuptools/_distutils/dist.py:289: UserWarning: Unknown distribution option: 'tests_require'
[1.182s]   warnings.warn(msg)
[1.299s] running egg_info
[1.317s] creating ../../build/forestguard_ui/forestguard_ui.egg-info
[1.318s] writing ../../build/forestguard_ui/forestguard_ui.egg-info/PKG-INFO
[1.318s] writing dependency_links to ../../build/forestguard_ui/forestguard_ui.egg-info/dependency_links.txt
[1.318s] writing entry points to ../../build/forestguard_ui/forestguard_ui.egg-info/entry_points.txt
[1.319s] writing requirements to ../../build/forestguard_ui/forestguard_ui.egg-info/requires.txt
[1.319s] writing top-level names to ../../build/forestguard_ui/forestguard_ui.egg-info/top_level.txt
[1.319s] writing manifest file '../../build/forestguard_ui/forestguard_ui.egg-info/SOURCES.txt'
[1.364s] reading manifest file '../../build/forestguard_ui/forestguard_ui.egg-info/SOURCES.txt'
[1.365s] writing manifest file '../../build/forestguard_ui/forestguard_ui.egg-info/SOURCES.txt'
[1.365s] running build
[1.365s] running build_py
[1.365s] creating /home/yut/git/rs1-2025s-ytu77/yuto_branch/build/forestguard_ui/build/lib/forestguard_ui
[1.365s] copying forestguard_ui/twist_scaler.py -> /home/yut/git/rs1-2025s-ytu77/yuto_branch/build/forestguard_ui/build/lib/forestguard_ui
[1.366s] copying forestguard_ui/controller_bridge.py -> /home/yut/git/rs1-2025s-ytu77/yuto_branch/build/forestguard_ui/build/lib/forestguard_ui
[1.366s] copying forestguard_ui/app.py -> /home/yut/git/rs1-2025s-ytu77/yuto_branch/build/forestguard_ui/build/lib/forestguard_ui
[1.366s] copying forestguard_ui/__init__.py -> /home/yut/git/rs1-2025s-ytu77/yuto_branch/build/forestguard_ui/build/lib/forestguard_ui
[1.366s] running install
[1.369s] running install_lib
[1.388s] creating /home/yut/git/rs1-2025s-ytu77/yuto_branch/install/forestguard_ui/lib/python3.10/site-packages/forestguard_ui
[1.388s] copying /home/yut/git/rs1-2025s-ytu77/yuto_branch/build/forestguard_ui/build/lib/forestguard_ui/twist_scaler.py -> /home/yut/git/rs1-2025s-ytu77/yuto_branch/install/forestguard_ui/lib/python3.10/site-packages/forestguard_ui
[1.388s] copying /home/yut/git/rs1-2025s-ytu77/yuto_branch/build/forestguard_ui/build/lib/forestguard_ui/controller_bridge.py -> /home/yut/git/rs1-2025s-ytu77/yuto_branch/install/forestguard_ui/lib/python3.10/site-packages/forestguard_ui
[1.389s] copying /home/yut/git/rs1-2025s-ytu77/yuto_branch/build/forestguard_ui/build/lib/forestguard_ui/app.py -> /home/yut/git/rs1-2025s-ytu77/yuto_branch/install/forestguard_ui/lib/python3.10/site-packages/forestguard_ui
[1.389s] copying /home/yut/git/rs1-2025s-ytu77/yuto_branch/build/forestguard_ui/build/lib/forestguard_ui/__init__.py -> /home/yut/git/rs1-2025s-ytu77/yuto_branch/install/forestguard_ui/lib/python3.10/site-packages/forestguard_ui
[1.389s] byte-compiling /home/yut/git/rs1-2025s-ytu77/yuto_branch/install/forestguard_ui/lib/python3.10/site-packages/forestguard_ui/twist_scaler.py to twist_scaler.cpython-310.pyc
[1.391s] byte-compiling /home/yut/git/rs1-2025s-ytu77/yuto_branch/install/forestguard_ui/lib/python3.10/site-packages/forestguard_ui/controller_bridge.py to controller_bridge.cpython-310.pyc
[1.392s] byte-compiling /home/yut/git/rs1-2025s-ytu77/yuto_branch/install/forestguard_ui/lib/python3.10/site-packages/forestguard_ui/app.py to app.cpython-310.pyc
[1.396s] byte-compiling /home/yut/git/rs1-2025s-ytu77/yuto_branch/install/forestguard_ui/lib/python3.10/site-packages/forestguard_ui/__init__.py to __init__.cpython-310.pyc
[1.396s] running install_data
[1.396s] creating /home/yut/git/rs1-2025s-ytu77/yuto_branch/install/forestguard_ui/share/ament_index/resource_index/packages
[1.396s] copying resource/forestguard_ui -> /home/yut/git/rs1-2025s-ytu77/yuto_branch/install/forestguard_ui/share/ament_index/resource_index/packages
[1.397s] copying package.xml -> /home/yut/git/rs1-2025s-ytu77/yuto_branch/install/forestguard_ui/share/forestguard_ui
[1.397s] running install_egg_info
[1.415s] Copying ../../build/forestguard_ui/forestguard_ui.egg-info to /home/yut/git/rs1-2025s-ytu77/yuto_branch/install/forestguard_ui/lib/python3.10/site-packages/forestguard_ui-0.0.0-py3.10.egg-info
[1.416s] running install_scripts
[1.453s] Installing controller_bridge script to /home/yut/git/rs1-2025s-ytu77/yuto_branch/install/forestguard_ui/lib/forestguard_ui
[1.453s] Installing run_ui script to /home/yut/git/rs1-2025s-ytu77/yuto_branch/install/forestguard_ui/lib/forestguard_ui
[1.453s] Installing twist_scaler script to /home/yut/git/rs1-2025s-ytu77/yuto_branch/install/forestguard_ui/lib/forestguard_ui
[1.454s] writing list of installed files to '/home/yut/git/rs1-2025s-ytu77/yuto_branch/build/forestguard_ui/install.log'
[1.480s] Invoked command in '/home/yut/git/rs1-2025s-ytu77/yuto_branch/src/forestguard_ui' returned '0': PYTHONPATH=/home/yut/git/rs1-2025s-ytu77/yuto_branch/build/forestguard_ui/prefix_override:/usr/lib/python3/dist-packages/colcon_core/task/python/colcon_distutils_commands:/home/yut/git/rs1-2025s-ytu77/yuto_branch/install/forestguard_ui/lib/python3.10/site-packages:${PYTHONPATH} /usr/bin/python3 -W ignore:setup.py install is deprecated -W ignore:easy_install command is deprecated setup.py egg_info --egg-base ../../build/forestguard_ui build --build-base /home/yut/git/rs1-2025s-ytu77/yuto_branch/build/forestguard_ui/build install --record /home/yut/git/rs1-2025s-ytu77/yuto_branch/build/forestguard_ui/install.log --single-version-externally-managed install_data
