[ 33%] [32mBuilding CXX object CMakeFiles/vismarker.dir/src/vis_marker.cpp.o[0m
[ 33%] Built target laserprocessing
[ 44%] [32mBuilding CXX object CMakeFiles/quadcopter.dir/src/controller.cpp.o[0m
[32m[1mLinking CXX executable vismarker[0m
Built target vismarker
[32m[1mLinking CXX executable quadcopter[0m
Built target quadcopter
-- Install configuration: ""
-- Installing: /home/claudia/ForestGuard/install/controller_pkg/lib/controller_pkg/quadcopter
-- Set runtime path of "/home/claudia/ForestGuard/install/controller_pkg/lib/controller_pkg/quadcopter" to ""
-- Up-to-date: /home/claudia/ForestGuard/install/controller_pkg/lib/controller_pkg/liblaserprocessing.so
-- Installing: /home/claudia/ForestGuard/install/controller_pkg/lib/controller_pkg/vismarker
-- Set runtime path of "/home/claudia/ForestGuard/install/controller_pkg/lib/controller_pkg/vismarker" to ""
-- Up-to-date: /home/claudia/ForestGuard/install/controller_pkg/include
-- Up-to-date: /home/claudia/ForestGuard/install/controller_pkg/include/controller_pkg
-- Up-to-date: /home/claudia/ForestGuard/install/controller_pkg/include/controller_pkg/vis_marker.h
-- Up-to-date: /home/claudia/ForestGuard/install/controller_pkg/include/controller_pkg/laserprocessing.h
-- Up-to-date: /home/claudia/ForestGuard/install/controller_pkg/include/controller_pkg/quadcopter.h
-- Up-to-date: /home/claudia/ForestGuard/install/controller_pkg/include/controller_pkg/controller.h
-- Up-to-date: /home/claudia/ForestGuard/install/controller_pkg/share/ament_index/resource_index/package_run_dependencies/controller_pkg
-- Up-to-date: /home/claudia/ForestGuard/install/controller_pkg/share/ament_index/resource_index/parent_prefix_path/controller_pkg
-- Up-to-date: /home/claudia/ForestGuard/install/controller_pkg/share/controller_pkg/environment/ament_prefix_path.sh
-- Up-to-date: /home/claudia/ForestGuard/install/controller_pkg/share/controller_pkg/environment/ament_prefix_path.dsv
-- Up-to-date: /home/claudia/ForestGuard/install/controller_pkg/share/controller_pkg/environment/path.sh
-- Up-to-date: /home/claudia/ForestGuard/install/controller_pkg/share/controller_pkg/environment/path.dsv
-- Up-to-date: /home/claudia/ForestGuard/install/controller_pkg/share/controller_pkg/local_setup.bash
-- Up-to-date: /home/claudia/ForestGuard/install/controller_pkg/share/controller_pkg/local_setup.sh
-- Up-to-date: /home/claudia/ForestGuard/install/controller_pkg/share/controller_pkg/local_setup.zsh
-- Up-to-date: /home/claudia/ForestGuard/install/controller_pkg/share/controller_pkg/local_setup.dsv
-- Installing: /home/claudia/ForestGuard/install/controller_pkg/share/controller_pkg/package.dsv
-- Up-to-date: /home/claudia/ForestGuard/install/controller_pkg/share/ament_index/resource_index/packages/controller_pkg
-- Up-to-date: /home/claudia/ForestGuard/install/controller_pkg/share/controller_pkg/cmake/controller_pkgConfig.cmake
-- Up-to-date: /home/claudia/ForestGuard/install/controller_pkg/share/controller_pkg/cmake/controller_pkgConfig-version.cmake
-- Up-to-date: /home/claudia/ForestGuard/install/controller_pkg/share/controller_pkg/package.xml
