-- Install configuration: ""
-- Installing: /home/claudia/ForestGuard/src/install/my_drone_pkg/share/my_drone_pkg/launch
-- Installing: /home/claudia/ForestGuard/src/install/my_drone_pkg/share/my_drone_pkg/launch/display.launch.py
-- Installing: /home/claudia/ForestGuard/src/install/my_drone_pkg/share/my_drone_pkg/worlds
-- Installing: /home/claudia/ForestGuard/src/install/my_drone_pkg/share/my_drone_pkg/worlds/world_demo.sdf
-- Installing: /home/claudia/ForestGuard/src/install/my_drone_pkg/share/my_drone_pkg/models
-- Installing: /home/claudia/ForestGuard/src/install/my_drone_pkg/share/my_drone_pkg/models/X4_GPS_LIDAR_RGBD
-- Installing: /home/claudia/ForestGuard/src/install/my_drone_pkg/share/my_drone_pkg/models/X4_GPS_LIDAR_RGBD/model.sdf
-- Installing: /home/claudia/ForestGuard/src/install/my_drone_pkg/share/my_drone_pkg/models/X4_GPS_LIDAR_RGBD/materials
-- Installing: /home/claudia/ForestGuard/src/install/my_drone_pkg/share/my_drone_pkg/models/X4_GPS_LIDAR_RGBD/materials/textures
-- Installing: /home/claudia/ForestGuard/src/install/my_drone_pkg/share/my_drone_pkg/models/X4_GPS_LIDAR_RGBD/materials/textures/led.jpg
-- Installing: /home/claudia/ForestGuard/src/install/my_drone_pkg/share/my_drone_pkg/models/X4_GPS_LIDAR_RGBD/materials/textures/spotlight.jpg
-- Installing: /home/claudia/ForestGuard/src/install/my_drone_pkg/share/my_drone_pkg/models/X4_GPS_LIDAR_RGBD/model.config
-- Installing: /home/claudia/ForestGuard/src/install/my_drone_pkg/share/my_drone_pkg/models/X4_GPS_LIDAR_RGBD/meshes
-- Installing: /home/claudia/ForestGuard/src/install/my_drone_pkg/share/my_drone_pkg/models/X4_GPS_LIDAR_RGBD/meshes/neo11_propeller_cw.dae
-- Installing: /home/claudia/ForestGuard/src/install/my_drone_pkg/share/my_drone_pkg/models/X4_GPS_LIDAR_RGBD/meshes/x4.dae
-- Installing: /home/claudia/ForestGuard/src/install/my_drone_pkg/share/my_drone_pkg/models/X4_GPS_LIDAR_RGBD/meshes/led.dae
-- Installing: /home/claudia/ForestGuard/src/install/my_drone_pkg/share/my_drone_pkg/models/X4_GPS_LIDAR_RGBD/meshes/x4.jpg
-- Installing: /home/claudia/ForestGuard/src/install/my_drone_pkg/share/my_drone_pkg/models/X4_GPS_LIDAR_RGBD/meshes/propeller_cw.dae
-- Installing: /home/claudia/ForestGuard/src/install/my_drone_pkg/share/my_drone_pkg/models/X4_GPS_LIDAR_RGBD/meshes/propeller_ccw.dae
-- Installing: /home/claudia/ForestGuard/src/install/my_drone_pkg/share/my_drone_pkg/models/X4_GPS_LIDAR_RGBD/meshes/neo11_propeller_ccw.dae
-- Installing: /home/claudia/ForestGuard/src/install/my_drone_pkg/share/my_drone_pkg/models/X4_GPS_LIDAR_RGBD/meshes/led_lamp.dae
-- Installing: /home/claudia/ForestGuard/src/install/my_drone_pkg/share/my_drone_pkg/models/X4_GPS_LIDAR_RGBD/meshes/vi_sensor.jpg
-- Installing: /home/claudia/ForestGuard/src/install/my_drone_pkg/share/my_drone_pkg/models/X4_GPS_LIDAR_RGBD/meshes/vi_sensor.dae
-- Installing: /home/claudia/ForestGuard/src/install/my_drone_pkg/share/my_drone_pkg/models/X4_GPS_LIDAR_RGBD/meshes/vi_camera.jpg
-- Installing: /home/claudia/ForestGuard/src/install/my_drone_pkg/share/my_drone_pkg/models/X4_GPS_LIDAR_RGBD/meshes/pelican.dae
-- Installing: /home/claudia/ForestGuard/src/install/my_drone_pkg/share/my_drone_pkg/models/X4_GPS_LIDAR_RGBD/meshes/vi_camera.dae
-- Installing: /home/claudia/ForestGuard/src/install/my_drone_pkg/share/my_drone_pkg/models/X4_GPS_LIDAR_RGBD/meshes/spotlight.dae
-- Installing: /home/claudia/ForestGuard/src/install/my_drone_pkg/share/my_drone_pkg/models/X4_GPS_LIDAR_RGBD/thumbnails
-- Installing: /home/claudia/ForestGuard/src/install/my_drone_pkg/share/my_drone_pkg/models/X4_GPS_LIDAR_RGBD/thumbnails/2.jpg
-- Installing: /home/claudia/ForestGuard/src/install/my_drone_pkg/share/my_drone_pkg/models/X4_GPS_LIDAR_RGBD/thumbnails/5.jpg
-- Installing: /home/claudia/ForestGuard/src/install/my_drone_pkg/share/my_drone_pkg/models/X4_GPS_LIDAR_RGBD/thumbnails/1.jpg
-- Installing: /home/claudia/ForestGuard/src/install/my_drone_pkg/share/my_drone_pkg/models/X4_GPS_LIDAR_RGBD/thumbnails/3.jpg
-- Installing: /home/claudia/ForestGuard/src/install/my_drone_pkg/share/my_drone_pkg/models/X4_GPS_LIDAR_RGBD/thumbnails/4.jpg
-- Installing: /home/claudia/ForestGuard/src/install/my_drone_pkg/share/ament_index/resource_index/package_run_dependencies/my_drone_pkg
-- Installing: /home/claudia/ForestGuard/src/install/my_drone_pkg/share/ament_index/resource_index/parent_prefix_path/my_drone_pkg
-- Installing: /home/claudia/ForestGuard/src/install/my_drone_pkg/share/my_drone_pkg/environment/ament_prefix_path.sh
-- Installing: /home/claudia/ForestGuard/src/install/my_drone_pkg/share/my_drone_pkg/environment/ament_prefix_path.dsv
-- Installing: /home/claudia/ForestGuard/src/install/my_drone_pkg/share/my_drone_pkg/environment/path.sh
-- Installing: /home/claudia/ForestGuard/src/install/my_drone_pkg/share/my_drone_pkg/environment/path.dsv
-- Installing: /home/claudia/ForestGuard/src/install/my_drone_pkg/share/my_drone_pkg/local_setup.bash
-- Installing: /home/claudia/ForestGuard/src/install/my_drone_pkg/share/my_drone_pkg/local_setup.sh
-- Installing: /home/claudia/ForestGuard/src/install/my_drone_pkg/share/my_drone_pkg/local_setup.zsh
-- Installing: /home/claudia/ForestGuard/src/install/my_drone_pkg/share/my_drone_pkg/local_setup.dsv
-- Installing: /home/claudia/ForestGuard/src/install/my_drone_pkg/share/my_drone_pkg/package.dsv
-- Installing: /home/claudia/ForestGuard/src/install/my_drone_pkg/share/ament_index/resource_index/packages/my_drone_pkg
-- Installing: /home/claudia/ForestGuard/src/install/my_drone_pkg/share/my_drone_pkg/cmake/my_drone_pkgConfig.cmake
-- Installing: /home/claudia/ForestGuard/src/install/my_drone_pkg/share/my_drone_pkg/cmake/my_drone_pkgConfig-version.cmake
-- Installing: /home/claudia/ForestGuard/src/install/my_drone_pkg/share/my_drone_pkg/package.xml
