[0.017s] Invoking command in '/home/john/git/RS1/john_branch/build/forest_controller': CMAKE_PREFIX_PATH=${CMAKE_PREFIX_PATH}:/home/john/git/RS1/john_branch/install/turtlebot_ui:/home/john/git/RS1/john_branch/install/forestguard_ui:/home/john/git/RS1/john_branch/install/forestguard_colour:/opt/ros/humble /usr/bin/cmake --build /home/john/git/RS1/john_branch/build/forest_controller -- -j20 -l20
[0.289s] [35m[1mConsolidate compiler generated dependencies of target forest_controller[0m
[0.289s] [100%] Built target forest_controller
[0.415s] Invoked command in '/home/john/git/RS1/john_branch/build/forest_controller' returned '0': CMAKE_PREFIX_PATH=${CMAKE_PREFIX_PATH}:/home/john/git/RS1/john_branch/install/turtlebot_ui:/home/john/git/RS1/john_branch/install/forestguard_ui:/home/john/git/RS1/john_branch/install/forestguard_colour:/opt/ros/humble /usr/bin/cmake --build /home/john/git/RS1/john_branch/build/forest_controller -- -j20 -l20
[0.422s] Invoking command in '/home/john/git/RS1/john_branch/build/forest_controller': CMAKE_PREFIX_PATH=${CMAKE_PREFIX_PATH}:/home/john/git/RS1/john_branch/install/turtlebot_ui:/home/john/git/RS1/john_branch/install/forestguard_ui:/home/john/git/RS1/john_branch/install/forestguard_colour:/opt/ros/humble /usr/bin/cmake --install /home/john/git/RS1/john_branch/build/forest_controller
[0.428s] -- Install configuration: ""
[0.428s] -- Execute custom install script
[0.428s] -- Up-to-date symlink: /home/john/git/RS1/john_branch/install/forest_controller/lib/forest_controller/forest_controller
[0.428s] -- Up-to-date symlink: /home/john/git/RS1/john_branch/install/forest_controller/include/forest_controller/controller_husky.h
[0.428s] -- Up-to-date symlink: /home/john/git/RS1/john_branch/install/forest_controller/share/ament_index/resource_index/package_run_dependencies/forest_controller
[0.428s] -- Up-to-date symlink: /home/john/git/RS1/john_branch/install/forest_controller/share/ament_index/resource_index/parent_prefix_path/forest_controller
[0.428s] -- Up-to-date symlink: /home/john/git/RS1/john_branch/install/forest_controller/share/forest_controller/environment/ament_prefix_path.sh
[0.428s] -- Up-to-date symlink: /home/john/git/RS1/john_branch/install/forest_controller/share/forest_controller/environment/ament_prefix_path.dsv
[0.428s] -- Up-to-date symlink: /home/john/git/RS1/john_branch/install/forest_controller/share/forest_controller/environment/path.sh
[0.428s] -- Up-to-date symlink: /home/john/git/RS1/john_branch/install/forest_controller/share/forest_controller/environment/path.dsv
[0.429s] -- Up-to-date symlink: /home/john/git/RS1/john_branch/install/forest_controller/share/forest_controller/local_setup.bash
[0.429s] -- Up-to-date symlink: /home/john/git/RS1/john_branch/install/forest_controller/share/forest_controller/local_setup.sh
[0.429s] -- Up-to-date symlink: /home/john/git/RS1/john_branch/install/forest_controller/share/forest_controller/local_setup.zsh
[0.429s] -- Up-to-date symlink: /home/john/git/RS1/john_branch/install/forest_controller/share/forest_controller/local_setup.dsv
[0.429s] -- Symlinking: /home/john/git/RS1/john_branch/install/forest_controller/share/forest_controller/package.dsv
[0.434s] -- Up-to-date symlink: /home/john/git/RS1/john_branch/install/forest_controller/share/ament_index/resource_index/packages/forest_controller
[0.434s] -- Up-to-date symlink: /home/john/git/RS1/john_branch/install/forest_controller/share/forest_controller/cmake/forest_controllerConfig.cmake
[0.434s] -- Up-to-date symlink: /home/john/git/RS1/john_branch/install/forest_controller/share/forest_controller/cmake/forest_controllerConfig-version.cmake
[0.435s] -- Up-to-date symlink: /home/john/git/RS1/john_branch/install/forest_controller/share/forest_controller/package.xml
[0.436s] Invoked command in '/home/john/git/RS1/john_branch/build/forest_controller' returned '0': CMAKE_PREFIX_PATH=${CMAKE_PREFIX_PATH}:/home/john/git/RS1/john_branch/install/turtlebot_ui:/home/john/git/RS1/john_branch/install/forestguard_ui:/home/john/git/RS1/john_branch/install/forestguard_colour:/opt/ros/humble /usr/bin/cmake --install /home/john/git/RS1/john_branch/build/forest_controller
