[0.022s] Invoking command in '/home/claudia/ForestGuard/build/controller_pkg': CMAKE_PREFIX_PATH=${CMAKE_PREFIX_PATH}:/home/claudia/ros2_ws/install/examples_rclcpp_minimal_publisher:/home/claudia/ros2_ws/install/a3_support:/opt/ros/humble /usr/bin/cmake --build /home/claudia/ForestGuard/build/controller_pkg -- -j16 -l16
[0.048s] [ 42%] [32mBuilding CXX object CMakeFiles/quadcopter.dir/src/main_quadcopter.cpp.o[0m
[0.049s] [ 42%] [32mBuilding CXX object CMakeFiles/quadcopter.dir/src/controller.cpp.o[0m
[0.049s] [ 42%] [32mBuilding CXX object CMakeFiles/vismarker.dir/src/main_vismarker.cpp.o[0m
[0.049s] [ 57%] [32mBuilding CXX object CMakeFiles/quadcopter.dir/src/quadcopter.cpp.o[0m
[0.049s] [ 71%] [32mBuilding CXX object CMakeFiles/vismarker.dir/src/vis_marker.cpp.o[0m
[0.172s] In file included from [01m[K/home/claudia/ForestGuard/src/controller_pkg/src/quadcopter.cpp:15[m[K:
[0.172s] [01m[K/home/claudia/ForestGuard/src/controller_pkg/include/controller_pkg/controller.h:20:10:[m[K [01;31m[Kfatal error: [m[Kpfms_types.h: No such file or directory
[0.172s]    20 | #include [01;31m[K<pfms_types.h>[m[K
[0.172s]       |          [01;31m[K^~~~~~~~~~~~~~[m[K
[0.172s] compilation terminated.
[0.175s] In file included from [01m[K/home/claudia/ForestGuard/src/controller_pkg/src/controller.cpp:12[m[K:
[0.175s] [01m[K/home/claudia/ForestGuard/src/controller_pkg/include/controller_pkg/controller.h:20:10:[m[K [01;31m[Kfatal error: [m[Kpfms_types.h: No such file or directory
[0.175s]    20 | #include [01;31m[K<pfms_types.h>[m[K
[0.175s]       |          [01;31m[K^~~~~~~~~~~~~~[m[K
[0.175s] compilation terminated.
[0.175s] gmake[2]: *** [CMakeFiles/quadcopter.dir/build.make:104: CMakeFiles/quadcopter.dir/src/quadcopter.cpp.o] Error 1
[0.175s] gmake[2]: *** Waiting for unfinished jobs....
[0.177s] gmake[2]: *** [CMakeFiles/quadcopter.dir/build.make:90: CMakeFiles/quadcopter.dir/src/controller.cpp.o] Error 1
[0.198s] In file included from [01m[K/home/claudia/ForestGuard/src/controller_pkg/include/controller_pkg/quadcopter.h:18[m[K,
[0.199s]                  from [01m[K/home/claudia/ForestGuard/src/controller_pkg/src/main_quadcopter.cpp:6[m[K:
[0.199s] [01m[K/home/claudia/ForestGuard/src/controller_pkg/include/controller_pkg/controller.h:20:10:[m[K [01;31m[Kfatal error: [m[Kpfms_types.h: No such file or directory
[0.199s]    20 | #include [01;31m[K<pfms_types.h>[m[K
[0.199s]       |          [01;31m[K^~~~~~~~~~~~~~[m[K
[0.199s] compilation terminated.
[0.201s] gmake[2]: *** [CMakeFiles/quadcopter.dir/build.make:76: CMakeFiles/quadcopter.dir/src/main_quadcopter.cpp.o] Error 1
[0.201s] gmake[1]: *** [CMakeFiles/Makefile2:139: CMakeFiles/quadcopter.dir/all] Error 2
[0.201s] gmake[1]: *** Waiting for unfinished jobs....
[7.248s] [ 85%] [32m[1mLinking CXX executable vismarker[0m
[7.641s] [ 85%] Built target vismarker
[7.642s] gmake: *** [Makefile:146: all] Error 2
[7.643s] Invoked command in '/home/claudia/ForestGuard/build/controller_pkg' returned '2': CMAKE_PREFIX_PATH=${CMAKE_PREFIX_PATH}:/home/claudia/ros2_ws/install/examples_rclcpp_minimal_publisher:/home/claudia/ros2_ws/install/a3_support:/opt/ros/humble /usr/bin/cmake --build /home/claudia/ForestGuard/build/controller_pkg -- -j16 -l16
