[0.009s] Invoking command in '/home/john/git/RS1/john_branch/build/forestguard_localisation': /usr/bin/cmake --build /home/john/git/RS1/john_branch/build/forestguard_localisation -- -j20 -l20
[0.138s] [35m[1mConsolidate compiler generated dependencies of target forestguard_localisation[0m
[0.138s] [100%] Built target forestguard_localisation
[0.138s] Invoked command in '/home/john/git/RS1/john_branch/build/forestguard_localisation' returned '0': /usr/bin/cmake --build /home/john/git/RS1/john_branch/build/forestguard_localisation -- -j20 -l20
[0.144s] Invoking command in '/home/john/git/RS1/john_branch/build/forestguard_localisation': /usr/bin/cmake --install /home/john/git/RS1/john_branch/build/forestguard_localisation
[0.266s] -- Install configuration: ""
[0.266s] -- Execute custom install script
[0.266s] -- Up-to-date symlink: /home/john/git/RS1/john_branch/install/forestguard_localisation/lib/forestguard_localisation/forestguard_localisation
[0.266s] -- Up-to-date symlink: /home/john/git/RS1/john_branch/install/forestguard_localisation/include/forestguard_localisation/amcl_localisation.h
[0.266s] -- Up-to-date symlink: /home/john/git/RS1/john_branch/install/forestguard_localisation/share/ament_index/resource_index/package_run_dependencies/forestguard_localisation
[0.266s] -- Up-to-date symlink: /home/john/git/RS1/john_branch/install/forestguard_localisation/share/ament_index/resource_index/parent_prefix_path/forestguard_localisation
[0.266s] -- Up-to-date symlink: /home/john/git/RS1/john_branch/install/forestguard_localisation/share/forestguard_localisation/environment/ament_prefix_path.sh
[0.266s] -- Up-to-date symlink: /home/john/git/RS1/john_branch/install/forestguard_localisation/share/forestguard_localisation/environment/ament_prefix_path.dsv
[0.266s] -- Up-to-date symlink: /home/john/git/RS1/john_branch/install/forestguard_localisation/share/forestguard_localisation/environment/path.sh
[0.266s] -- Up-to-date symlink: /home/john/git/RS1/john_branch/install/forestguard_localisation/share/forestguard_localisation/environment/path.dsv
[0.266s] -- Up-to-date symlink: /home/john/git/RS1/john_branch/install/forestguard_localisation/share/forestguard_localisation/local_setup.bash
[0.266s] -- Up-to-date symlink: /home/john/git/RS1/john_branch/install/forestguard_localisation/share/forestguard_localisation/local_setup.sh
[0.266s] -- Up-to-date symlink: /home/john/git/RS1/john_branch/install/forestguard_localisation/share/forestguard_localisation/local_setup.zsh
[0.266s] -- Up-to-date symlink: /home/john/git/RS1/john_branch/install/forestguard_localisation/share/forestguard_localisation/local_setup.dsv
[0.266s] -- Symlinking: /home/john/git/RS1/john_branch/install/forestguard_localisation/share/forestguard_localisation/package.dsv
[0.267s] -- Up-to-date symlink: /home/john/git/RS1/john_branch/install/forestguard_localisation/share/ament_index/resource_index/packages/forestguard_localisation
[0.267s] -- Up-to-date symlink: /home/john/git/RS1/john_branch/install/forestguard_localisation/share/forestguard_localisation/cmake/forestguard_localisationConfig.cmake
[0.267s] -- Up-to-date symlink: /home/john/git/RS1/john_branch/install/forestguard_localisation/share/forestguard_localisation/cmake/forestguard_localisationConfig-version.cmake
[0.267s] -- Up-to-date symlink: /home/john/git/RS1/john_branch/install/forestguard_localisation/share/forestguard_localisation/package.xml
[0.272s] Invoked command in '/home/john/git/RS1/john_branch/build/forestguard_localisation' returned '0': /usr/bin/cmake --install /home/john/git/RS1/john_branch/build/forestguard_localisation
