running egg_info
creating build/forest_guard_sim/forest_guard_sim.egg-info
writing build/forest_guard_sim/forest_guard_sim.egg-info/PKG-INFO
writing dependency_links to build/forest_guard_sim/forest_guard_sim.egg-info/dependency_links.txt
writing entry points to build/forest_guard_sim/forest_guard_sim.egg-info/entry_points.txt
writing requirements to build/forest_guard_sim/forest_guard_sim.egg-info/requires.txt
writing top-level names to build/forest_guard_sim/forest_guard_sim.egg-info/top_level.txt
writing manifest file 'build/forest_guard_sim/forest_guard_sim.egg-info/SOURCES.txt'
reading manifest file 'build/forest_guard_sim/forest_guard_sim.egg-info/SOURCES.txt'
writing manifest file 'build/forest_guard_sim/forest_guard_sim.egg-info/SOURCES.txt'
running build
running build_py
creating /home/yut/git/ForestGuard/forest_guard_sim/build/forest_guard_sim/build
creating /home/yut/git/ForestGuard/forest_guard_sim/build/forest_guard_sim/build/lib
creating /home/yut/git/ForestGuard/forest_guard_sim/build/forest_guard_sim/build/lib/forest_guard_sim
copying forest_guard_sim/__init__.py -> /home/yut/git/ForestGuard/forest_guard_sim/build/forest_guard_sim/build/lib/forest_guard_sim
running install
running install_lib
creating /home/yut/git/ForestGuard/forest_guard_sim/install/forest_guard_sim/lib/python3.10/site-packages/forest_guard_sim
copying /home/yut/git/ForestGuard/forest_guard_sim/build/forest_guard_sim/build/lib/forest_guard_sim/__init__.py -> /home/yut/git/ForestGuard/forest_guard_sim/install/forest_guard_sim/lib/python3.10/site-packages/forest_guard_sim
byte-compiling /home/yut/git/ForestGuard/forest_guard_sim/install/forest_guard_sim/lib/python3.10/site-packages/forest_guard_sim/__init__.py to __init__.cpython-310.pyc
running install_data
creating /home/yut/git/ForestGuard/forest_guard_sim/install/forest_guard_sim/share/ament_index
creating /home/yut/git/ForestGuard/forest_guard_sim/install/forest_guard_sim/share/ament_index/resource_index
creating /home/yut/git/ForestGuard/forest_guard_sim/install/forest_guard_sim/share/ament_index/resource_index/packages
copying resource/forest_guard_sim -> /home/yut/git/ForestGuard/forest_guard_sim/install/forest_guard_sim/share/ament_index/resource_index/packages
copying package.xml -> /home/yut/git/ForestGuard/forest_guard_sim/install/forest_guard_sim/share/forest_guard_sim
creating /home/yut/git/ForestGuard/forest_guard_sim/install/forest_guard_sim/share/forest_guard_sim/launch
copying launch/forest_random.launch.py -> /home/yut/git/ForestGuard/forest_guard_sim/install/forest_guard_sim/share/forest_guard_sim/launch
copying launch/forest_world.launch.py -> /home/yut/git/ForestGuard/forest_guard_sim/install/forest_guard_sim/share/forest_guard_sim/launch
creating /home/yut/git/ForestGuard/forest_guard_sim/install/forest_guard_sim/share/forest_guard_sim/worlds
copying worlds/forest.world.sdf -> /home/yut/git/ForestGuard/forest_guard_sim/install/forest_guard_sim/share/forest_guard_sim/worlds
creating /home/yut/git/ForestGuard/forest_guard_sim/install/forest_guard_sim/share/forest_guard_sim/models
creating /home/yut/git/ForestGuard/forest_guard_sim/install/forest_guard_sim/share/forest_guard_sim/models/forest_env
copying models/forest_env/model.sdf -> /home/yut/git/ForestGuard/forest_guard_sim/install/forest_guard_sim/share/forest_guard_sim/models/forest_env
copying models/forest_env/model.config -> /home/yut/git/ForestGuard/forest_guard_sim/install/forest_guard_sim/share/forest_guard_sim/models/forest_env
creating /home/yut/git/ForestGuard/forest_guard_sim/install/forest_guard_sim/share/forest_guard_sim/models/forest_env/meshes
copying models/forest_env/meshes/empty_grass.png.001.png -> /home/yut/git/ForestGuard/forest_guard_sim/install/forest_guard_sim/share/forest_guard_sim/models/forest_env/meshes
copying models/forest_env/meshes/Environment1.dae -> /home/yut/git/ForestGuard/forest_guard_sim/install/forest_guard_sim/share/forest_guard_sim/models/forest_env/meshes
copying models/forest_env/meshes/Environment.dae -> /home/yut/git/ForestGuard/forest_guard_sim/install/forest_guard_sim/share/forest_guard_sim/models/forest_env/meshes
creating /home/yut/git/ForestGuard/forest_guard_sim/install/forest_guard_sim/share/forest_guard_sim/models/forest_env/materials
creating /home/yut/git/ForestGuard/forest_guard_sim/install/forest_guard_sim/share/forest_guard_sim/models/forest_env/materials/textures
copying models/forest_env/materials/textures/empty_grass.png -> /home/yut/git/ForestGuard/forest_guard_sim/install/forest_guard_sim/share/forest_guard_sim/models/forest_env/materials/textures
creating /home/yut/git/ForestGuard/forest_guard_sim/install/forest_guard_sim/share/forest_guard_sim/models/tree1
copying models/tree1/model.sdf -> /home/yut/git/ForestGuard/forest_guard_sim/install/forest_guard_sim/share/forest_guard_sim/models/tree1
copying models/tree1/model.config -> /home/yut/git/ForestGuard/forest_guard_sim/install/forest_guard_sim/share/forest_guard_sim/models/tree1
creating /home/yut/git/ForestGuard/forest_guard_sim/install/forest_guard_sim/share/forest_guard_sim/models/tree1/meshes
copying models/tree1/meshes/tree_a.dae -> /home/yut/git/ForestGuard/forest_guard_sim/install/forest_guard_sim/share/forest_guard_sim/models/tree1/meshes
creating /home/yut/git/ForestGuard/forest_guard_sim/install/forest_guard_sim/share/forest_guard_sim/models/tree1/materials
creating /home/yut/git/ForestGuard/forest_guard_sim/install/forest_guard_sim/share/forest_guard_sim/models/tree1/materials/textures
copying models/tree1/materials/textures/bark01.jpg -> /home/yut/git/ForestGuard/forest_guard_sim/install/forest_guard_sim/share/forest_guard_sim/models/tree1/materials/textures
creating /home/yut/git/ForestGuard/forest_guard_sim/install/forest_guard_sim/share/forest_guard_sim/models/tree2
copying models/tree2/model.sdf -> /home/yut/git/ForestGuard/forest_guard_sim/install/forest_guard_sim/share/forest_guard_sim/models/tree2
copying models/tree2/model.config -> /home/yut/git/ForestGuard/forest_guard_sim/install/forest_guard_sim/share/forest_guard_sim/models/tree2
creating /home/yut/git/ForestGuard/forest_guard_sim/install/forest_guard_sim/share/forest_guard_sim/models/tree2/meshes
copying models/tree2/meshes/tree_b.dae -> /home/yut/git/ForestGuard/forest_guard_sim/install/forest_guard_sim/share/forest_guard_sim/models/tree2/meshes
creating /home/yut/git/ForestGuard/forest_guard_sim/install/forest_guard_sim/share/forest_guard_sim/models/tree2/materials
creating /home/yut/git/ForestGuard/forest_guard_sim/install/forest_guard_sim/share/forest_guard_sim/models/tree2/materials/textures
copying models/tree2/materials/textures/bark.jpeg -> /home/yut/git/ForestGuard/forest_guard_sim/install/forest_guard_sim/share/forest_guard_sim/models/tree2/materials/textures
running install_egg_info
Copying build/forest_guard_sim/forest_guard_sim.egg-info to /home/yut/git/ForestGuard/forest_guard_sim/install/forest_guard_sim/lib/python3.10/site-packages/forest_guard_sim-0.0.1-py3.10.egg-info
running install_scripts
writing list of installed files to '/home/yut/git/ForestGuard/forest_guard_sim/build/forest_guard_sim/install.log'
