[0.849s] Invoking command in '/home/yut/git/ForestGuard/forest_guard_sim': PYTHONPATH=/home/yut/git/ForestGuard/forest_guard_sim/build/forest_guard_sim/prefix_override:/usr/lib/python3/dist-packages/colcon_core/task/python/colcon_distutils_commands:/home/yut/git/ForestGuard/forest_guard_sim/install/forest_guard_sim/lib/python3.10/site-packages:${PYTHONPATH} /usr/bin/python3 -W ignore:setup.py install is deprecated -W ignore:easy_install command is deprecated setup.py egg_info --egg-base build/forest_guard_sim build --build-base /home/yut/git/ForestGuard/forest_guard_sim/build/forest_guard_sim/build install --record /home/yut/git/ForestGuard/forest_guard_sim/build/forest_guard_sim/install.log --single-version-externally-managed install_data
[1.155s] running egg_info
[1.156s] creating build/forest_guard_sim/forest_guard_sim.egg-info
[1.156s] writing build/forest_guard_sim/forest_guard_sim.egg-info/PKG-INFO
[1.156s] writing dependency_links to build/forest_guard_sim/forest_guard_sim.egg-info/dependency_links.txt
[1.157s] writing entry points to build/forest_guard_sim/forest_guard_sim.egg-info/entry_points.txt
[1.157s] writing requirements to build/forest_guard_sim/forest_guard_sim.egg-info/requires.txt
[1.157s] writing top-level names to build/forest_guard_sim/forest_guard_sim.egg-info/top_level.txt
[1.157s] writing manifest file 'build/forest_guard_sim/forest_guard_sim.egg-info/SOURCES.txt'
[1.159s] reading manifest file 'build/forest_guard_sim/forest_guard_sim.egg-info/SOURCES.txt'
[1.160s] writing manifest file 'build/forest_guard_sim/forest_guard_sim.egg-info/SOURCES.txt'
[1.160s] running build
[1.160s] running build_py
[1.161s] creating /home/yut/git/ForestGuard/forest_guard_sim/build/forest_guard_sim/build
[1.161s] creating /home/yut/git/ForestGuard/forest_guard_sim/build/forest_guard_sim/build/lib
[1.161s] creating /home/yut/git/ForestGuard/forest_guard_sim/build/forest_guard_sim/build/lib/forest_guard_sim
[1.161s] copying forest_guard_sim/__init__.py -> /home/yut/git/ForestGuard/forest_guard_sim/build/forest_guard_sim/build/lib/forest_guard_sim
[1.161s] running install
[1.161s] running install_lib
[1.162s] creating /home/yut/git/ForestGuard/forest_guard_sim/install/forest_guard_sim/lib/python3.10/site-packages/forest_guard_sim
[1.162s] copying /home/yut/git/ForestGuard/forest_guard_sim/build/forest_guard_sim/build/lib/forest_guard_sim/__init__.py -> /home/yut/git/ForestGuard/forest_guard_sim/install/forest_guard_sim/lib/python3.10/site-packages/forest_guard_sim
[1.163s] byte-compiling /home/yut/git/ForestGuard/forest_guard_sim/install/forest_guard_sim/lib/python3.10/site-packages/forest_guard_sim/__init__.py to __init__.cpython-310.pyc
[1.163s] running install_data
[1.163s] creating /home/yut/git/ForestGuard/forest_guard_sim/install/forest_guard_sim/share/ament_index
[1.163s] creating /home/yut/git/ForestGuard/forest_guard_sim/install/forest_guard_sim/share/ament_index/resource_index
[1.163s] creating /home/yut/git/ForestGuard/forest_guard_sim/install/forest_guard_sim/share/ament_index/resource_index/packages
[1.163s] copying resource/forest_guard_sim -> /home/yut/git/ForestGuard/forest_guard_sim/install/forest_guard_sim/share/ament_index/resource_index/packages
[1.164s] copying package.xml -> /home/yut/git/ForestGuard/forest_guard_sim/install/forest_guard_sim/share/forest_guard_sim
[1.164s] creating /home/yut/git/ForestGuard/forest_guard_sim/install/forest_guard_sim/share/forest_guard_sim/launch
[1.164s] copying launch/forest_random.launch.py -> /home/yut/git/ForestGuard/forest_guard_sim/install/forest_guard_sim/share/forest_guard_sim/launch
[1.164s] copying launch/forest_world.launch.py -> /home/yut/git/ForestGuard/forest_guard_sim/install/forest_guard_sim/share/forest_guard_sim/launch
[1.164s] creating /home/yut/git/ForestGuard/forest_guard_sim/install/forest_guard_sim/share/forest_guard_sim/worlds
[1.164s] copying worlds/forest.world.sdf -> /home/yut/git/ForestGuard/forest_guard_sim/install/forest_guard_sim/share/forest_guard_sim/worlds
[1.168s] creating /home/yut/git/ForestGuard/forest_guard_sim/install/forest_guard_sim/share/forest_guard_sim/models
[1.168s] creating /home/yut/git/ForestGuard/forest_guard_sim/install/forest_guard_sim/share/forest_guard_sim/models/forest_env
[1.169s] copying models/forest_env/model.sdf -> /home/yut/git/ForestGuard/forest_guard_sim/install/forest_guard_sim/share/forest_guard_sim/models/forest_env
[1.169s] copying models/forest_env/model.config -> /home/yut/git/ForestGuard/forest_guard_sim/install/forest_guard_sim/share/forest_guard_sim/models/forest_env
[1.169s] creating /home/yut/git/ForestGuard/forest_guard_sim/install/forest_guard_sim/share/forest_guard_sim/models/forest_env/meshes
[1.169s] copying models/forest_env/meshes/empty_grass.png.001.png -> /home/yut/git/ForestGuard/forest_guard_sim/install/forest_guard_sim/share/forest_guard_sim/models/forest_env/meshes
[1.172s] copying models/forest_env/meshes/Environment1.dae -> /home/yut/git/ForestGuard/forest_guard_sim/install/forest_guard_sim/share/forest_guard_sim/models/forest_env/meshes
[1.178s] copying models/forest_env/meshes/Environment.dae -> /home/yut/git/ForestGuard/forest_guard_sim/install/forest_guard_sim/share/forest_guard_sim/models/forest_env/meshes
[1.183s] creating /home/yut/git/ForestGuard/forest_guard_sim/install/forest_guard_sim/share/forest_guard_sim/models/forest_env/materials
[1.183s] creating /home/yut/git/ForestGuard/forest_guard_sim/install/forest_guard_sim/share/forest_guard_sim/models/forest_env/materials/textures
[1.183s] copying models/forest_env/materials/textures/empty_grass.png -> /home/yut/git/ForestGuard/forest_guard_sim/install/forest_guard_sim/share/forest_guard_sim/models/forest_env/materials/textures
[1.186s] creating /home/yut/git/ForestGuard/forest_guard_sim/install/forest_guard_sim/share/forest_guard_sim/models/tree1
[1.186s] copying models/tree1/model.sdf -> /home/yut/git/ForestGuard/forest_guard_sim/install/forest_guard_sim/share/forest_guard_sim/models/tree1
[1.186s] copying models/tree1/model.config -> /home/yut/git/ForestGuard/forest_guard_sim/install/forest_guard_sim/share/forest_guard_sim/models/tree1
[1.187s] creating /home/yut/git/ForestGuard/forest_guard_sim/install/forest_guard_sim/share/forest_guard_sim/models/tree1/meshes
[1.187s] copying models/tree1/meshes/tree_a.dae -> /home/yut/git/ForestGuard/forest_guard_sim/install/forest_guard_sim/share/forest_guard_sim/models/tree1/meshes
[1.190s] creating /home/yut/git/ForestGuard/forest_guard_sim/install/forest_guard_sim/share/forest_guard_sim/models/tree1/materials
[1.190s] creating /home/yut/git/ForestGuard/forest_guard_sim/install/forest_guard_sim/share/forest_guard_sim/models/tree1/materials/textures
[1.190s] copying models/tree1/materials/textures/bark01.jpg -> /home/yut/git/ForestGuard/forest_guard_sim/install/forest_guard_sim/share/forest_guard_sim/models/tree1/materials/textures
[1.190s] creating /home/yut/git/ForestGuard/forest_guard_sim/install/forest_guard_sim/share/forest_guard_sim/models/tree2
[1.191s] copying models/tree2/model.sdf -> /home/yut/git/ForestGuard/forest_guard_sim/install/forest_guard_sim/share/forest_guard_sim/models/tree2
[1.191s] copying models/tree2/model.config -> /home/yut/git/ForestGuard/forest_guard_sim/install/forest_guard_sim/share/forest_guard_sim/models/tree2
[1.191s] creating /home/yut/git/ForestGuard/forest_guard_sim/install/forest_guard_sim/share/forest_guard_sim/models/tree2/meshes
[1.191s] copying models/tree2/meshes/tree_b.dae -> /home/yut/git/ForestGuard/forest_guard_sim/install/forest_guard_sim/share/forest_guard_sim/models/tree2/meshes
[1.201s] creating /home/yut/git/ForestGuard/forest_guard_sim/install/forest_guard_sim/share/forest_guard_sim/models/tree2/materials
[1.202s] creating /home/yut/git/ForestGuard/forest_guard_sim/install/forest_guard_sim/share/forest_guard_sim/models/tree2/materials/textures
[1.202s] copying models/tree2/materials/textures/bark.jpeg -> /home/yut/git/ForestGuard/forest_guard_sim/install/forest_guard_sim/share/forest_guard_sim/models/tree2/materials/textures
[1.202s] running install_egg_info
[1.204s] Copying build/forest_guard_sim/forest_guard_sim.egg-info to /home/yut/git/ForestGuard/forest_guard_sim/install/forest_guard_sim/lib/python3.10/site-packages/forest_guard_sim-0.0.1-py3.10.egg-info
[1.205s] running install_scripts
[1.227s] writing list of installed files to '/home/yut/git/ForestGuard/forest_guard_sim/build/forest_guard_sim/install.log'
[1.253s] Invoked command in '/home/yut/git/ForestGuard/forest_guard_sim' returned '0': PYTHONPATH=/home/yut/git/ForestGuard/forest_guard_sim/build/forest_guard_sim/prefix_override:/usr/lib/python3/dist-packages/colcon_core/task/python/colcon_distutils_commands:/home/yut/git/ForestGuard/forest_guard_sim/install/forest_guard_sim/lib/python3.10/site-packages:${PYTHONPATH} /usr/bin/python3 -W ignore:setup.py install is deprecated -W ignore:easy_install command is deprecated setup.py egg_info --egg-base build/forest_guard_sim build --build-base /home/yut/git/ForestGuard/forest_guard_sim/build/forest_guard_sim/build install --record /home/yut/git/ForestGuard/forest_guard_sim/build/forest_guard_sim/install.log --single-version-externally-managed install_data
