-- The C compiler identification is GNU 11.4.0
-- The CXX compiler identification is GNU 11.4.0
-- Detecting C compiler ABI info
-- Detecting C compiler ABI info - done
-- Check for working C compiler: /usr/bin/cc - skipped
-- Detecting C compile features
-- Detecting C compile features - done
-- Detecting CXX compiler ABI info
-- Detecting CXX compiler ABI info - done
-- Check for working CXX compiler: /usr/bin/c++ - skipped
-- Detecting CXX compile features
-- Detecting CXX compile features - done
-- Found ament_cmake: 1.3.11 (/opt/ros/humble/share/ament_cmake/cmake)
-- Found Python3: /usr/bin/python3 (found version "3.10.12") found components: Interpreter 
-- Found rclcpp: 16.0.11 (/opt/ros/humble/share/rclcpp/cmake)
-- Found rosidl_generator_c: 3.1.6 (/opt/ros/humble/share/rosidl_generator_c/cmake)
-- Found rosidl_adapter: 3.1.6 (/opt/ros/humble/share/rosidl_adapter/cmake)
-- Found rosidl_generator_cpp: 3.1.6 (/opt/ros/humble/share/rosidl_generator_cpp/cmake)
-- Using all available rosidl_typesupport_c: rosidl_typesupport_fastrtps_c;rosidl_typesupport_introspection_c
-- Using all available rosidl_typesupport_cpp: rosidl_typesupport_fastrtps_cpp;rosidl_typesupport_introspection_cpp
-- Found rmw_implementation_cmake: 6.1.2 (/opt/ros/humble/share/rmw_implementation_cmake/cmake)
-- Found rmw_fastrtps_cpp: 6.2.7 (/opt/ros/humble/share/rmw_fastrtps_cpp/cmake)
-- Found OpenSSL: /usr/lib/x86_64-linux-gnu/libcrypto.so (found version "3.0.2")  
-- Found FastRTPS: /opt/ros/humble/include  
-- Using RMW implementation 'rmw_fastrtps_cpp' as default
-- Looking for pthread.h
-- Looking for pthread.h - found
-- Performing Test CMAKE_HAVE_LIBC_PTHREAD
-- Performing Test CMAKE_HAVE_LIBC_PTHREAD - Success
-- Found Threads: TRUE  
-- Found geometry_msgs: 4.2.4 (/opt/ros/humble/share/geometry_msgs/cmake)
-- Found nav_msgs: 4.2.4 (/opt/ros/humble/share/nav_msgs/cmake)
-- Found tf2_ros: 0.25.12 (/opt/ros/humble/share/tf2_ros/cmake)
-- Found ament_cmake_ros: 0.10.0 (/opt/ros/humble/share/ament_cmake_ros/cmake)
-- Found rosbag2_cpp: 0.15.13 (/opt/ros/humble/share/rosbag2_cpp/cmake)
-- Found ament_lint_auto: 0.12.11 (/opt/ros/humble/share/ament_lint_auto/cmake)
-- Added test 'cppcheck' to perform static code analysis on C / C++ code
-- Configured cppcheck include dirs: $<BUILD_INTERFACE:/home/yut/git/rs1-2025s-ytu77/john_branch/src/forestguard_localisation/include>
-- Configured cppcheck exclude dirs and/or files: 
-- Added test 'lint_cmake' to check CMake code style
-- Added test 'uncrustify' to check C / C++ code style
-- Configured uncrustify additional arguments: 
-- Added test 'xmllint' to check XML markup files
-- Configuring done
-- Generating done
-- Build files have been written to: /home/yut/git/rs1-2025s-ytu77/john_branch/build/forestguard_localisation
[ 66%] [32mBuilding CXX object CMakeFiles/forestguard_localisation.dir/src/amcl_localisation.cpp.o[0m
[ 66%] [32mBuilding CXX object CMakeFiles/forestguard_localisation.dir/src/main_amcl.cpp.o[0m
[100%] [32m[1mLinking CXX executable forestguard_localisation[0m
[100%] Built target forestguard_localisation
-- Install configuration: ""
-- Installing: /home/yut/git/rs1-2025s-ytu77/john_branch/install/forestguard_localisation/lib/forestguard_localisation/forestguard_localisation
-- Set runtime path of "/home/yut/git/rs1-2025s-ytu77/john_branch/install/forestguard_localisation/lib/forestguard_localisation/forestguard_localisation" to ""
-- Installing: /home/yut/git/rs1-2025s-ytu77/john_branch/install/forestguard_localisation/include
-- Installing: /home/yut/git/rs1-2025s-ytu77/john_branch/install/forestguard_localisation/include/forestguard_localisation
-- Installing: /home/yut/git/rs1-2025s-ytu77/john_branch/install/forestguard_localisation/include/forestguard_localisation/amcl_localisation.h
-- Installing: /home/yut/git/rs1-2025s-ytu77/john_branch/install/forestguard_localisation/share/ament_index/resource_index/package_run_dependencies/forestguard_localisation
-- Installing: /home/yut/git/rs1-2025s-ytu77/john_branch/install/forestguard_localisation/share/ament_index/resource_index/parent_prefix_path/forestguard_localisation
-- Installing: /home/yut/git/rs1-2025s-ytu77/john_branch/install/forestguard_localisation/share/forestguard_localisation/environment/ament_prefix_path.sh
-- Installing: /home/yut/git/rs1-2025s-ytu77/john_branch/install/forestguard_localisation/share/forestguard_localisation/environment/ament_prefix_path.dsv
-- Installing: /home/yut/git/rs1-2025s-ytu77/john_branch/install/forestguard_localisation/share/forestguard_localisation/environment/path.sh
-- Installing: /home/yut/git/rs1-2025s-ytu77/john_branch/install/forestguard_localisation/share/forestguard_localisation/environment/path.dsv
-- Installing: /home/yut/git/rs1-2025s-ytu77/john_branch/install/forestguard_localisation/share/forestguard_localisation/local_setup.bash
-- Installing: /home/yut/git/rs1-2025s-ytu77/john_branch/install/forestguard_localisation/share/forestguard_localisation/local_setup.sh
-- Installing: /home/yut/git/rs1-2025s-ytu77/john_branch/install/forestguard_localisation/share/forestguard_localisation/local_setup.zsh
-- Installing: /home/yut/git/rs1-2025s-ytu77/john_branch/install/forestguard_localisation/share/forestguard_localisation/local_setup.dsv
-- Installing: /home/yut/git/rs1-2025s-ytu77/john_branch/install/forestguard_localisation/share/forestguard_localisation/package.dsv
-- Installing: /home/yut/git/rs1-2025s-ytu77/john_branch/install/forestguard_localisation/share/ament_index/resource_index/packages/forestguard_localisation
-- Installing: /home/yut/git/rs1-2025s-ytu77/john_branch/install/forestguard_localisation/share/forestguard_localisation/cmake/forestguard_localisationConfig.cmake
-- Installing: /home/yut/git/rs1-2025s-ytu77/john_branch/install/forestguard_localisation/share/forestguard_localisation/cmake/forestguard_localisationConfig-version.cmake
-- Installing: /home/yut/git/rs1-2025s-ytu77/john_branch/install/forestguard_localisation/share/forestguard_localisation/package.xml
