[0.438s] Invoking command in '/home/john/git/RS1/john_branch/build/forestguard_colour': PYTHONPATH=/home/john/git/RS1/john_branch/build/forestguard_colour/prefix_override:/usr/lib/python3/dist-packages/colcon_core/task/python/colcon_distutils_commands:/home/john/git/RS1/john_branch/install/forestguard_colour/lib/python3.10/site-packages:${PYTHONPATH} /usr/bin/python3 -W ignore:setup.py install is deprecated -W ignore:easy_install command is deprecated setup.py develop --uninstall --editable --build-directory /home/john/git/RS1/john_branch/build/forestguard_colour/build
[0.634s] running develop
[0.733s] Removing /home/john/git/RS1/john_branch/install/forestguard_colour/lib/python3.10/site-packages/forestguard-colour.egg-link (link to .)
[0.751s] Invoked command in '/home/john/git/RS1/john_branch/build/forestguard_colour' returned '0': PYTHONPATH=/home/john/git/RS1/john_branch/build/forestguard_colour/prefix_override:/usr/lib/python3/dist-packages/colcon_core/task/python/colcon_distutils_commands:/home/john/git/RS1/john_branch/install/forestguard_colour/lib/python3.10/site-packages:${PYTHONPATH} /usr/bin/python3 -W ignore:setup.py install is deprecated -W ignore:easy_install command is deprecated setup.py develop --uninstall --editable --build-directory /home/john/git/RS1/john_branch/build/forestguard_colour/build
[0.753s] Invoking command in '/home/john/git/RS1/john_branch/src/forestguard_colour': PYTHONPATH=/home/john/git/RS1/john_branch/build/forestguard_colour/prefix_override:/usr/lib/python3/dist-packages/colcon_core/task/python/colcon_distutils_commands:/home/john/git/RS1/john_branch/install/forestguard_colour/lib/python3.10/site-packages:${PYTHONPATH} /usr/bin/python3 -W ignore:setup.py install is deprecated -W ignore:easy_install command is deprecated setup.py egg_info --egg-base ../../build/forestguard_colour build --build-base /home/john/git/RS1/john_branch/build/forestguard_colour/build install --record /home/john/git/RS1/john_branch/build/forestguard_colour/install.log --single-version-externally-managed install_data --force
[0.911s] running egg_info
[0.911s] writing ../../build/forestguard_colour/forestguard_colour.egg-info/PKG-INFO
[0.911s] writing dependency_links to ../../build/forestguard_colour/forestguard_colour.egg-info/dependency_links.txt
[0.911s] writing entry points to ../../build/forestguard_colour/forestguard_colour.egg-info/entry_points.txt
[0.911s] writing requirements to ../../build/forestguard_colour/forestguard_colour.egg-info/requires.txt
[0.911s] writing top-level names to ../../build/forestguard_colour/forestguard_colour.egg-info/top_level.txt
[0.913s] reading manifest file '../../build/forestguard_colour/forestguard_colour.egg-info/SOURCES.txt'
[0.913s] writing manifest file '../../build/forestguard_colour/forestguard_colour.egg-info/SOURCES.txt'
[0.913s] running build
[0.914s] running build_py
[0.914s] creating /home/john/git/RS1/john_branch/build/forestguard_colour/build
[0.914s] creating /home/john/git/RS1/john_branch/build/forestguard_colour/build/lib
[0.914s] creating /home/john/git/RS1/john_branch/build/forestguard_colour/build/lib/forestguard_colour
[0.914s] copying forestguard_colour/tree_detector_node.py -> /home/john/git/RS1/john_branch/build/forestguard_colour/build/lib/forestguard_colour
[0.914s] copying forestguard_colour/hsv_calibrator.py -> /home/john/git/RS1/john_branch/build/forestguard_colour/build/lib/forestguard_colour
[0.914s] copying forestguard_colour/tree_detector_v2.py -> /home/john/git/RS1/john_branch/build/forestguard_colour/build/lib/forestguard_colour
[0.914s] copying forestguard_colour/__init__.py -> /home/john/git/RS1/john_branch/build/forestguard_colour/build/lib/forestguard_colour
[0.914s] running install
[0.915s] running install_lib
[0.915s] creating /home/john/git/RS1/john_branch/install/forestguard_colour/lib/python3.10/site-packages/forestguard_colour
[0.915s] copying /home/john/git/RS1/john_branch/build/forestguard_colour/build/lib/forestguard_colour/tree_detector_node.py -> /home/john/git/RS1/john_branch/install/forestguard_colour/lib/python3.10/site-packages/forestguard_colour
[0.915s] copying /home/john/git/RS1/john_branch/build/forestguard_colour/build/lib/forestguard_colour/hsv_calibrator.py -> /home/john/git/RS1/john_branch/install/forestguard_colour/lib/python3.10/site-packages/forestguard_colour
[0.915s] copying /home/john/git/RS1/john_branch/build/forestguard_colour/build/lib/forestguard_colour/tree_detector_v2.py -> /home/john/git/RS1/john_branch/install/forestguard_colour/lib/python3.10/site-packages/forestguard_colour
[0.915s] copying /home/john/git/RS1/john_branch/build/forestguard_colour/build/lib/forestguard_colour/__init__.py -> /home/john/git/RS1/john_branch/install/forestguard_colour/lib/python3.10/site-packages/forestguard_colour
[0.915s] byte-compiling /home/john/git/RS1/john_branch/install/forestguard_colour/lib/python3.10/site-packages/forestguard_colour/tree_detector_node.py to tree_detector_node.cpython-310.pyc
[0.917s] byte-compiling /home/john/git/RS1/john_branch/install/forestguard_colour/lib/python3.10/site-packages/forestguard_colour/hsv_calibrator.py to hsv_calibrator.cpython-310.pyc
[0.917s] byte-compiling /home/john/git/RS1/john_branch/install/forestguard_colour/lib/python3.10/site-packages/forestguard_colour/tree_detector_v2.py to tree_detector_v2.cpython-310.pyc
[0.919s] byte-compiling /home/john/git/RS1/john_branch/install/forestguard_colour/lib/python3.10/site-packages/forestguard_colour/__init__.py to __init__.cpython-310.pyc
[0.919s] running install_data
[0.919s] copying resource/forestguard_colour -> /home/john/git/RS1/john_branch/install/forestguard_colour/share/ament_index/resource_index/packages
[0.919s] copying package.xml -> /home/john/git/RS1/john_branch/install/forestguard_colour/share/forestguard_colour
[0.919s] copying launch/colour_detector.launch.py -> /home/john/git/RS1/john_branch/install/forestguard_colour/share/forestguard_colour/launch
[0.919s] running install_egg_info
[0.920s] Copying ../../build/forestguard_colour/forestguard_colour.egg-info to /home/john/git/RS1/john_branch/install/forestguard_colour/lib/python3.10/site-packages/forestguard_colour-0.0.1-py3.10.egg-info
[0.921s] running install_scripts
[0.936s] Installing hsv_calibrator script to /home/john/git/RS1/john_branch/install/forestguard_colour/lib/forestguard_colour
[0.936s] Installing tree_detector script to /home/john/git/RS1/john_branch/install/forestguard_colour/lib/forestguard_colour
[0.936s] Installing tree_detector_v2 script to /home/john/git/RS1/john_branch/install/forestguard_colour/lib/forestguard_colour
[0.936s] writing list of installed files to '/home/john/git/RS1/john_branch/build/forestguard_colour/install.log'
[0.953s] Invoked command in '/home/john/git/RS1/john_branch/src/forestguard_colour' returned '0': PYTHONPATH=/home/john/git/RS1/john_branch/build/forestguard_colour/prefix_override:/usr/lib/python3/dist-packages/colcon_core/task/python/colcon_distutils_commands:/home/john/git/RS1/john_branch/install/forestguard_colour/lib/python3.10/site-packages:${PYTHONPATH} /usr/bin/python3 -W ignore:setup.py install is deprecated -W ignore:easy_install command is deprecated setup.py egg_info --egg-base ../../build/forestguard_colour build --build-base /home/john/git/RS1/john_branch/build/forestguard_colour/build install --record /home/john/git/RS1/john_branch/build/forestguard_colour/install.log --single-version-externally-managed install_data --force
