[0.013s] Invoking command in '/home/yut/ForestGuard/build/41068_ignition_bringup': CMAKE_PREFIX_PATH=/opt/ros/humble /usr/bin/cmake /home/yut/ForestGuard/YUTO igitionbringup -DAMENT_CMAKE_SYMLINK_INSTALL=1 -DCMAKE_INSTALL_PREFIX=/home/yut/ForestGuard/install/41068_ignition_bringup
[0.029s] -- Found ament_cmake: 1.3.11 (/opt/ros/humble/share/ament_cmake/cmake)
[0.163s] -- Override CMake install command with custom implementation using symlinks instead of copying resources
[0.187s] [31mCMake Error at CMakeLists.txt:11 (find_package):
[0.187s]   By not providing "Findros_ign_interfaces.cmake" in CMAKE_MODULE_PATH this
[0.187s]   project has asked CMake to find a package configuration file provided by
[0.187s]   "ros_ign_interfaces", but CMake did not find one.
[0.187s] 
[0.188s]   Could not find a package configuration file provided by
[0.188s]   "ros_ign_interfaces" with any of the following names:
[0.188s] 
[0.188s]     ros_ign_interfacesConfig.cmake
[0.188s]     ros_ign_interfaces-config.cmake
[0.188s] 
[0.188s]   Add the installation prefix of "ros_ign_interfaces" to CMAKE_PREFIX_PATH or
[0.188s]   set "ros_ign_interfaces_DIR" to a directory containing one of the above
[0.188s]   files.  If "ros_ign_interfaces" provides a separate development package or
[0.188s]   SDK, be sure it has been installed.
[0.188s] 
[0.188s] [0m
[0.188s] -- Configuring incomplete, errors occurred!
[0.188s] See also "/home/yut/ForestGuard/build/41068_ignition_bringup/CMakeFiles/CMakeOutput.log".
[0.191s] Invoked command in '/home/yut/ForestGuard/build/41068_ignition_bringup' returned '1': CMAKE_PREFIX_PATH=/opt/ros/humble /usr/bin/cmake /home/yut/ForestGuard/YUTO igitionbringup -DAMENT_CMAKE_SYMLINK_INSTALL=1 -DCMAKE_INSTALL_PREFIX=/home/yut/ForestGuard/install/41068_ignition_bringup
