[0.755s] Invoking command in '/home/yut/git/rs1-2025s-ytu77/john_branch/src/forestguard_ui': PYTHONPATH=/home/yut/git/rs1-2025s-ytu77/john_branch/build/forestguard_ui/prefix_override:/usr/lib/python3/dist-packages/colcon_core/task/python/colcon_distutils_commands:/home/yut/git/rs1-2025s-ytu77/john_branch/install/forestguard_ui/lib/python3.10/site-packages:${PYTHONPATH} /usr/bin/python3 -W ignore:setup.py install is deprecated -W ignore:easy_install command is deprecated setup.py egg_info --egg-base ../../build/forestguard_ui build --build-base /home/yut/git/rs1-2025s-ytu77/john_branch/build/forestguard_ui/build install --record /home/yut/git/rs1-2025s-ytu77/john_branch/build/forestguard_ui/install.log --single-version-externally-managed install_data
[0.883s] /home/yut/.local/lib/python3.10/site-packages/setuptools/_distutils/dist.py:289: UserWarning: Unknown distribution option: 'tests_require'
[0.883s]   warnings.warn(msg)
[0.979s] running egg_info
[0.994s] writing ../../build/forestguard_ui/forestguard_ui.egg-info/PKG-INFO
[0.995s] writing dependency_links to ../../build/forestguard_ui/forestguard_ui.egg-info/dependency_links.txt
[0.995s] writing entry points to ../../build/forestguard_ui/forestguard_ui.egg-info/entry_points.txt
[0.995s] writing requirements to ../../build/forestguard_ui/forestguard_ui.egg-info/requires.txt
[0.995s] writing top-level names to ../../build/forestguard_ui/forestguard_ui.egg-info/top_level.txt
[1.028s] reading manifest file '../../build/forestguard_ui/forestguard_ui.egg-info/SOURCES.txt'
[1.029s] writing manifest file '../../build/forestguard_ui/forestguard_ui.egg-info/SOURCES.txt'
[1.029s] running build
[1.029s] running build_py
[1.029s] copying forestguard_ui/twist_scaler.py -> /home/yut/git/rs1-2025s-ytu77/john_branch/build/forestguard_ui/build/lib/forestguard_ui
[1.030s] copying forestguard_ui/controller_bridge.py -> /home/yut/git/rs1-2025s-ytu77/john_branch/build/forestguard_ui/build/lib/forestguard_ui
[1.030s] copying forestguard_ui/app.py -> /home/yut/git/rs1-2025s-ytu77/john_branch/build/forestguard_ui/build/lib/forestguard_ui
[1.030s] copying forestguard_ui/__init__.py -> /home/yut/git/rs1-2025s-ytu77/john_branch/build/forestguard_ui/build/lib/forestguard_ui
[1.030s] running install
[1.034s] running install_lib
[1.050s] running install_data
[1.051s] copying resource/forestguard_ui -> /home/yut/git/rs1-2025s-ytu77/john_branch/install/forestguard_ui/share/ament_index/resource_index/packages
[1.051s] copying package.xml -> /home/yut/git/rs1-2025s-ytu77/john_branch/install/forestguard_ui/share/forestguard_ui
[1.051s] running install_egg_info
[1.068s] removing '/home/yut/git/rs1-2025s-ytu77/john_branch/install/forestguard_ui/lib/python3.10/site-packages/forestguard_ui-0.0.0-py3.10.egg-info' (and everything under it)
[1.069s] Copying ../../build/forestguard_ui/forestguard_ui.egg-info to /home/yut/git/rs1-2025s-ytu77/john_branch/install/forestguard_ui/lib/python3.10/site-packages/forestguard_ui-0.0.0-py3.10.egg-info
[1.069s] running install_scripts
[1.102s] Installing controller_bridge script to /home/yut/git/rs1-2025s-ytu77/john_branch/install/forestguard_ui/lib/forestguard_ui
[1.102s] Installing run_ui script to /home/yut/git/rs1-2025s-ytu77/john_branch/install/forestguard_ui/lib/forestguard_ui
[1.102s] Installing twist_scaler script to /home/yut/git/rs1-2025s-ytu77/john_branch/install/forestguard_ui/lib/forestguard_ui
[1.102s] writing list of installed files to '/home/yut/git/rs1-2025s-ytu77/john_branch/build/forestguard_ui/install.log'
[1.126s] Invoked command in '/home/yut/git/rs1-2025s-ytu77/john_branch/src/forestguard_ui' returned '0': PYTHONPATH=/home/yut/git/rs1-2025s-ytu77/john_branch/build/forestguard_ui/prefix_override:/usr/lib/python3/dist-packages/colcon_core/task/python/colcon_distutils_commands:/home/yut/git/rs1-2025s-ytu77/john_branch/install/forestguard_ui/lib/python3.10/site-packages:${PYTHONPATH} /usr/bin/python3 -W ignore:setup.py install is deprecated -W ignore:easy_install command is deprecated setup.py egg_info --egg-base ../../build/forestguard_ui build --build-base /home/yut/git/rs1-2025s-ytu77/john_branch/build/forestguard_ui/build install --record /home/yut/git/rs1-2025s-ytu77/john_branch/build/forestguard_ui/install.log --single-version-externally-managed install_data
