[0.141s] Invoking command in '/home/john/git/RS1/john_branch/build/forestguard_controller': CMAKE_PREFIX_PATH=${CMAKE_PREFIX_PATH}:/home/john/git/RS1/john_branch/install/forestguard_ui:/home/john/git/RS1/john_branch/install/forestguard_colour:/opt/ros/humble /usr/bin/cmake --build /home/john/git/RS1/john_branch/build/forestguard_controller -- -j20 -l20
[0.285s] [100%] Built target forestguard_controller
[0.292s] Invoked command in '/home/john/git/RS1/john_branch/build/forestguard_controller' returned '0': CMAKE_PREFIX_PATH=${CMAKE_PREFIX_PATH}:/home/john/git/RS1/john_branch/install/forestguard_ui:/home/john/git/RS1/john_branch/install/forestguard_colour:/opt/ros/humble /usr/bin/cmake --build /home/john/git/RS1/john_branch/build/forestguard_controller -- -j20 -l20
[0.293s] Invoking command in '/home/john/git/RS1/john_branch/build/forestguard_controller': CMAKE_PREFIX_PATH=${CMAKE_PREFIX_PATH}:/home/john/git/RS1/john_branch/install/forestguard_ui:/home/john/git/RS1/john_branch/install/forestguard_colour:/opt/ros/humble /usr/bin/cmake --install /home/john/git/RS1/john_branch/build/forestguard_controller
[0.298s] -- Install configuration: ""
[0.298s] -- Execute custom install script
[0.298s] -- Up-to-date symlink: /home/john/git/RS1/john_branch/install/forestguard_controller/lib/forestguard_controller/forestguard_controller
[0.298s] -- Up-to-date symlink: /home/john/git/RS1/john_branch/install/forestguard_controller/include/forestguard_controller/controller_husky.h
[0.299s] -- Up-to-date symlink: /home/john/git/RS1/john_branch/install/forestguard_controller/share/ament_index/resource_index/package_run_dependencies/forestguard_controller
[0.299s] -- Up-to-date symlink: /home/john/git/RS1/john_branch/install/forestguard_controller/share/ament_index/resource_index/parent_prefix_path/forestguard_controller
[0.299s] -- Up-to-date symlink: /home/john/git/RS1/john_branch/install/forestguard_controller/share/forestguard_controller/environment/ament_prefix_path.sh
[0.299s] -- Up-to-date symlink: /home/john/git/RS1/john_branch/install/forestguard_controller/share/forestguard_controller/environment/ament_prefix_path.dsv
[0.299s] -- Up-to-date symlink: /home/john/git/RS1/john_branch/install/forestguard_controller/share/forestguard_controller/environment/path.sh
[0.299s] -- Up-to-date symlink: /home/john/git/RS1/john_branch/install/forestguard_controller/share/forestguard_controller/environment/path.dsv
[0.299s] -- Up-to-date symlink: /home/john/git/RS1/john_branch/install/forestguard_controller/share/forestguard_controller/local_setup.bash
[0.299s] -- Up-to-date symlink: /home/john/git/RS1/john_branch/install/forestguard_controller/share/forestguard_controller/local_setup.sh
[0.299s] -- Up-to-date symlink: /home/john/git/RS1/john_branch/install/forestguard_controller/share/forestguard_controller/local_setup.zsh
[0.299s] -- Up-to-date symlink: /home/john/git/RS1/john_branch/install/forestguard_controller/share/forestguard_controller/local_setup.dsv
[0.299s] -- Symlinking: /home/john/git/RS1/john_branch/install/forestguard_controller/share/forestguard_controller/package.dsv
[0.305s] -- Up-to-date symlink: /home/john/git/RS1/john_branch/install/forestguard_controller/share/ament_index/resource_index/packages/forestguard_controller
[0.305s] -- Up-to-date symlink: /home/john/git/RS1/john_branch/install/forestguard_controller/share/forestguard_controller/cmake/forestguard_controllerConfig.cmake
[0.305s] -- Up-to-date symlink: /home/john/git/RS1/john_branch/install/forestguard_controller/share/forestguard_controller/cmake/forestguard_controllerConfig-version.cmake
[0.305s] -- Up-to-date symlink: /home/john/git/RS1/john_branch/install/forestguard_controller/share/forestguard_controller/package.xml
[0.306s] Invoked command in '/home/john/git/RS1/john_branch/build/forestguard_controller' returned '0': CMAKE_PREFIX_PATH=${CMAKE_PREFIX_PATH}:/home/john/git/RS1/john_branch/install/forestguard_ui:/home/john/git/RS1/john_branch/install/forestguard_colour:/opt/ros/humble /usr/bin/cmake --install /home/john/git/RS1/john_branch/build/forestguard_controller
