[1.114s] Invoking command in '/home/student/git/nathan_branch/build/forestguard_colour': PYTHONPATH=/home/student/git/nathan_branch/build/forestguard_colour/prefix_override:/usr/lib/python3/dist-packages/colcon_core/task/python/colcon_distutils_commands:/home/student/git/nathan_branch/install/forestguard_colour/lib/python3.10/site-packages:${PYTHONPATH} /usr/bin/python3 -W ignore:setup.py install is deprecated -W ignore:easy_install command is deprecated setup.py develop --editable --build-directory /home/student/git/nathan_branch/build/forestguard_colour/build --no-deps symlink_data
[1.412s] running develop
[1.625s] running egg_info
[1.626s] writing forestguard_colour.egg-info/PKG-INFO
[1.626s] writing dependency_links to forestguard_colour.egg-info/dependency_links.txt
[1.626s] writing entry points to forestguard_colour.egg-info/entry_points.txt
[1.626s] writing requirements to forestguard_colour.egg-info/requires.txt
[1.626s] writing top-level names to forestguard_colour.egg-info/top_level.txt
[1.629s] reading manifest file 'forestguard_colour.egg-info/SOURCES.txt'
[1.630s] writing manifest file 'forestguard_colour.egg-info/SOURCES.txt'
[1.631s] running build_ext
[1.631s] Creating /home/student/git/nathan_branch/install/forestguard_colour/lib/python3.10/site-packages/forestguard-colour.egg-link (link to .)
[1.632s] Installing camera_tree_mapper script to /home/student/git/nathan_branch/install/forestguard_colour/lib/forestguard_colour
[1.633s] Installing hsv_calibrator script to /home/student/git/nathan_branch/install/forestguard_colour/lib/forestguard_colour
[1.633s] Installing lidar_tree_mapper script to /home/student/git/nathan_branch/install/forestguard_colour/lib/forestguard_colour
[1.634s] Installing tree_colour_confirmer script to /home/student/git/nathan_branch/install/forestguard_colour/lib/forestguard_colour
[1.634s] Installing tree_detector script to /home/student/git/nathan_branch/install/forestguard_colour/lib/forestguard_colour
[1.634s] Installing tree_detector_v2 script to /home/student/git/nathan_branch/install/forestguard_colour/lib/forestguard_colour
[1.634s] 
[1.634s] Installed /home/student/git/nathan_branch/build/forestguard_colour
[1.634s] running symlink_data
[1.671s] Invoked command in '/home/student/git/nathan_branch/build/forestguard_colour' returned '0': PYTHONPATH=/home/student/git/nathan_branch/build/forestguard_colour/prefix_override:/usr/lib/python3/dist-packages/colcon_core/task/python/colcon_distutils_commands:/home/student/git/nathan_branch/install/forestguard_colour/lib/python3.10/site-packages:${PYTHONPATH} /usr/bin/python3 -W ignore:setup.py install is deprecated -W ignore:easy_install command is deprecated setup.py develop --editable --build-directory /home/student/git/nathan_branch/build/forestguard_colour/build --no-deps symlink_data
