[0.384s] Invoking command in '/home/yut/git/rs1-2025s-ytu77/john_branch/build/john': CMAKE_PREFIX_PATH=${CMAKE_PREFIX_PATH}:/home/yut/git/rs1-2025s-ytu77/john_branch/install/forestguard_ui:/home/yut/git/rs1-2025s-ytu77/john_branch/install/forestguard_colour:/opt/ros/humble /usr/bin/cmake --build /home/yut/git/rs1-2025s-ytu77/john_branch/build/john -- -j12 -l12
[0.429s] Invoked command in '/home/yut/git/rs1-2025s-ytu77/john_branch/build/john' returned '0': CMAKE_PREFIX_PATH=${CMAKE_PREFIX_PATH}:/home/yut/git/rs1-2025s-ytu77/john_branch/install/forestguard_ui:/home/yut/git/rs1-2025s-ytu77/john_branch/install/forestguard_colour:/opt/ros/humble /usr/bin/cmake --build /home/yut/git/rs1-2025s-ytu77/john_branch/build/john -- -j12 -l12
[0.430s] Invoking command in '/home/yut/git/rs1-2025s-ytu77/john_branch/build/john': CMAKE_PREFIX_PATH=${CMAKE_PREFIX_PATH}:/home/yut/git/rs1-2025s-ytu77/john_branch/install/forestguard_ui:/home/yut/git/rs1-2025s-ytu77/john_branch/install/forestguard_colour:/opt/ros/humble /usr/bin/cmake --install /home/yut/git/rs1-2025s-ytu77/john_branch/build/john
[0.436s] -- Install configuration: ""
[0.437s] -- Up-to-date: /home/yut/git/rs1-2025s-ytu77/john_branch/install/john/share/john/config
[0.437s] -- Up-to-date: /home/yut/git/rs1-2025s-ytu77/john_branch/install/john/share/john/config/xbox_teleop.yaml
[0.437s] -- Up-to-date: /home/yut/git/rs1-2025s-ytu77/john_branch/install/john/share/john/config/robot_localization.yaml
[0.437s] -- Up-to-date: /home/yut/git/rs1-2025s-ytu77/john_branch/install/john/share/john/config/gazebo_bridge.yaml
[0.437s] -- Up-to-date: /home/yut/git/rs1-2025s-ytu77/john_branch/install/john/share/john/config/slam_params.yaml
[0.437s] -- Up-to-date: /home/yut/git/rs1-2025s-ytu77/john_branch/install/john/share/john/config/john.rviz
[0.437s] -- Up-to-date: /home/yut/git/rs1-2025s-ytu77/john_branch/install/john/share/john/config/nav2_params.yaml
[0.437s] -- Up-to-date: /home/yut/git/rs1-2025s-ytu77/john_branch/install/john/share/john/config/forest.rviz
[0.437s] -- Up-to-date: /home/yut/git/rs1-2025s-ytu77/john_branch/install/john/share/john/launch
[0.437s] -- Up-to-date: /home/yut/git/rs1-2025s-ytu77/john_branch/install/john/share/john/launch/forest_mapping.launch.py
[0.437s] -- Up-to-date: /home/yut/git/rs1-2025s-ytu77/john_branch/install/john/share/john/launch/forest_random.launch.py
[0.437s] -- Up-to-date: /home/yut/git/rs1-2025s-ytu77/john_branch/install/john/share/john/launch/random_forest_husky.launch.py
[0.438s] -- Up-to-date: /home/yut/git/rs1-2025s-ytu77/john_branch/install/john/share/john/launch/autonomous_forest.launch.py
[0.438s] -- Up-to-date: /home/yut/git/rs1-2025s-ytu77/john_branch/install/john/share/john/launch/JOHNAUTO.launch.py
[0.438s] -- Up-to-date: /home/yut/git/rs1-2025s-ytu77/john_branch/install/john/share/john/launch/john.launch.py
[0.438s] -- Up-to-date: /home/yut/git/rs1-2025s-ytu77/john_branch/install/john/share/john/launch/johnNavigation.launch.py
[0.438s] -- Up-to-date: /home/yut/git/rs1-2025s-ytu77/john_branch/install/john/share/john/launch/navigation_map.launch.py
[0.438s] -- Up-to-date: /home/yut/git/rs1-2025s-ytu77/john_branch/install/john/share/john/launch/large_forest_husky.launch.py
[0.438s] -- Up-to-date: /home/yut/git/rs1-2025s-ytu77/john_branch/install/john/share/john/launch/john_autonomous_forest.launch.py
[0.438s] -- Up-to-date: /home/yut/git/rs1-2025s-ytu77/john_branch/install/john/share/john/launch/forest_world.launch.py
[0.438s] -- Up-to-date: /home/yut/git/rs1-2025s-ytu77/john_branch/install/john/share/john/launch/41068_ignition.launch.py
[0.438s] -- Up-to-date: /home/yut/git/rs1-2025s-ytu77/john_branch/install/john/share/john/launch/sample
[0.438s] -- Up-to-date: /home/yut/git/rs1-2025s-ytu77/john_branch/install/john/share/john/launch/johnXL.py
[0.438s] -- Up-to-date: /home/yut/git/rs1-2025s-ytu77/john_branch/install/john/share/john/maps
[0.438s] -- Up-to-date: /home/yut/git/rs1-2025s-ytu77/john_branch/install/john/share/john/maps/forest_map.pgm
[0.438s] -- Up-to-date: /home/yut/git/rs1-2025s-ytu77/john_branch/install/john/share/john/maps/forest_map.yaml
[0.438s] -- Up-to-date: /home/yut/git/rs1-2025s-ytu77/john_branch/install/john/share/john/models
[0.439s] -- Up-to-date: /home/yut/git/rs1-2025s-ytu77/john_branch/install/john/share/john/models/tree2
[0.439s] -- Up-to-date: /home/yut/git/rs1-2025s-ytu77/john_branch/install/john/share/john/models/tree2/meshes
[0.439s] -- Up-to-date: /home/yut/git/rs1-2025s-ytu77/john_branch/install/john/share/john/models/tree2/meshes/tree_b.dae
[0.439s] -- Up-to-date: /home/yut/git/rs1-2025s-ytu77/john_branch/install/john/share/john/models/tree2/materials
[0.439s] -- Up-to-date: /home/yut/git/rs1-2025s-ytu77/john_branch/install/john/share/john/models/tree2/materials/textures
[0.439s] -- Up-to-date: /home/yut/git/rs1-2025s-ytu77/john_branch/install/john/share/john/models/tree2/materials/textures/bark.jpeg
[0.439s] -- Up-to-date: /home/yut/git/rs1-2025s-ytu77/john_branch/install/john/share/john/models/tree2/model.sdf
[0.439s] -- Up-to-date: /home/yut/git/rs1-2025s-ytu77/john_branch/install/john/share/john/models/tree2/model.config
[0.439s] -- Up-to-date: /home/yut/git/rs1-2025s-ytu77/john_branch/install/john/share/john/models/forest_env1
[0.439s] -- Up-to-date: /home/yut/git/rs1-2025s-ytu77/john_branch/install/john/share/john/models/forest_env1/meshes
[0.440s] -- Up-to-date: /home/yut/git/rs1-2025s-ytu77/john_branch/install/john/share/john/models/forest_env1/meshes/Environment2.dae
[0.440s] -- Up-to-date: /home/yut/git/rs1-2025s-ytu77/john_branch/install/john/share/john/models/forest_env1/meshes/seamless-rocky-forest-ground-texture-2.jpg
[0.440s] -- Up-to-date: /home/yut/git/rs1-2025s-ytu77/john_branch/install/john/share/john/models/forest_env1/meshes/pack_3530346_thumb.jpg
[0.440s] -- Up-to-date: /home/yut/git/rs1-2025s-ytu77/john_branch/install/john/share/john/models/forest_env1/meshes/grass-5efe540a8d596-1250.jpg
[0.440s] -- Up-to-date: /home/yut/git/rs1-2025s-ytu77/john_branch/install/john/share/john/models/forest_env1/materials
[0.440s] -- Up-to-date: /home/yut/git/rs1-2025s-ytu77/john_branch/install/john/share/john/models/forest_env1/materials/textures
[0.440s] -- Up-to-date: /home/yut/git/rs1-2025s-ytu77/john_branch/install/john/share/john/models/forest_env1/materials/textures/seamless-rocky-forest-ground-texture-2.jpg
[0.440s] -- Up-to-date: /home/yut/git/rs1-2025s-ytu77/john_branch/install/john/share/john/models/forest_env1/materials/textures/pack_3530346_thumb.jpg
[0.440s] -- Up-to-date: /home/yut/git/rs1-2025s-ytu77/john_branch/install/john/share/john/models/forest_env1/materials/textures/grass-5efe540a8d596-1250.jpg
[0.440s] -- Up-to-date: /home/yut/git/rs1-2025s-ytu77/john_branch/install/john/share/john/models/forest_env1/model.sdf
[0.441s] -- Up-to-date: /home/yut/git/rs1-2025s-ytu77/john_branch/install/john/share/john/models/forest_env1/model.config
[0.441s] -- Up-to-date: /home/yut/git/rs1-2025s-ytu77/john_branch/install/john/share/john/models/grass_plane
[0.441s] -- Up-to-date: /home/yut/git/rs1-2025s-ytu77/john_branch/install/john/share/john/models/grass_plane/materials
[0.441s] -- Up-to-date: /home/yut/git/rs1-2025s-ytu77/john_branch/install/john/share/john/models/grass_plane/materials/textures
[0.441s] -- Up-to-date: /home/yut/git/rs1-2025s-ytu77/john_branch/install/john/share/john/models/grass_plane/materials/textures/empty_grass.png
[0.441s] -- Up-to-date: /home/yut/git/rs1-2025s-ytu77/john_branch/install/john/share/john/models/grass_plane/model.sdf
[0.441s] -- Up-to-date: /home/yut/git/rs1-2025s-ytu77/john_branch/install/john/share/john/models/grass_plane/model.config
[0.441s] -- Up-to-date: /home/yut/git/rs1-2025s-ytu77/john_branch/install/john/share/john/models/forest_plane
[0.441s] -- Up-to-date: /home/yut/git/rs1-2025s-ytu77/john_branch/install/john/share/john/models/forest_plane/materials
[0.441s] -- Up-to-date: /home/yut/git/rs1-2025s-ytu77/john_branch/install/john/share/john/models/forest_plane/materials/textures
[0.441s] -- Up-to-date: /home/yut/git/rs1-2025s-ytu77/john_branch/install/john/share/john/models/forest_plane/materials/textures/leaf_litter.png
[0.441s] -- Up-to-date: /home/yut/git/rs1-2025s-ytu77/john_branch/install/john/share/john/models/forest_plane/materials/textures/forest_overhead.png
[0.441s] -- Up-to-date: /home/yut/git/rs1-2025s-ytu77/john_branch/install/john/share/john/models/forest_plane/materials/textures/empty_grass.png
[0.441s] -- Up-to-date: /home/yut/git/rs1-2025s-ytu77/john_branch/install/john/share/john/models/forest_plane/model.sdf
[0.441s] -- Up-to-date: /home/yut/git/rs1-2025s-ytu77/john_branch/install/john/share/john/models/forest_plane/model.config
[0.441s] -- Up-to-date: /home/yut/git/rs1-2025s-ytu77/john_branch/install/john/share/john/models/forest_env
[0.441s] -- Up-to-date: /home/yut/git/rs1-2025s-ytu77/john_branch/install/john/share/john/models/forest_env/meshes
[0.441s] -- Up-to-date: /home/yut/git/rs1-2025s-ytu77/john_branch/install/john/share/john/models/forest_env/meshes/Environment1.dae
[0.442s] -- Up-to-date: /home/yut/git/rs1-2025s-ytu77/john_branch/install/john/share/john/models/forest_env/meshes/rock.jpeg
[0.442s] -- Up-to-date: /home/yut/git/rs1-2025s-ytu77/john_branch/install/john/share/john/models/forest_env/meshes/Environment2.dae
[0.442s] -- Up-to-date: /home/yut/git/rs1-2025s-ytu77/john_branch/install/john/share/john/models/forest_env/meshes/Environment.dae
[0.442s] -- Up-to-date: /home/yut/git/rs1-2025s-ytu77/john_branch/install/john/share/john/models/forest_env/meshes/images.jpeg
[0.442s] -- Up-to-date: /home/yut/git/rs1-2025s-ytu77/john_branch/install/john/share/john/models/forest_env/meshes/grass-5efe540a8d596-1250.jpg
[0.442s] -- Up-to-date: /home/yut/git/rs1-2025s-ytu77/john_branch/install/john/share/john/models/forest_env/meshes/empty_grass.png
[0.442s] -- Up-to-date: /home/yut/git/rs1-2025s-ytu77/john_branch/install/john/share/john/models/forest_env/materials
[0.442s] -- Up-to-date: /home/yut/git/rs1-2025s-ytu77/john_branch/install/john/share/john/models/forest_env/materials/textures
[0.442s] -- Up-to-date: /home/yut/git/rs1-2025s-ytu77/john_branch/install/john/share/john/models/forest_env/materials/textures/empty_grass.png
[0.442s] -- Up-to-date: /home/yut/git/rs1-2025s-ytu77/john_branch/install/john/share/john/models/forest_env/model.sdf
[0.442s] -- Up-to-date: /home/yut/git/rs1-2025s-ytu77/john_branch/install/john/share/john/models/forest_env/model.config
[0.442s] -- Up-to-date: /home/yut/git/rs1-2025s-ytu77/john_branch/install/john/share/john/models/forest_wall
[0.442s] -- Up-to-date: /home/yut/git/rs1-2025s-ytu77/john_branch/install/john/share/john/models/forest_wall/materials
[0.442s] -- Up-to-date: /home/yut/git/rs1-2025s-ytu77/john_branch/install/john/share/john/models/forest_wall/materials/textures
[0.442s] -- Up-to-date: /home/yut/git/rs1-2025s-ytu77/john_branch/install/john/share/john/models/forest_wall/materials/textures/forest_wall_transparent_small.png
[0.442s] -- Up-to-date: /home/yut/git/rs1-2025s-ytu77/john_branch/install/john/share/john/models/forest_wall/materials/textures/forest_wall.png
[0.442s] -- Up-to-date: /home/yut/git/rs1-2025s-ytu77/john_branch/install/john/share/john/models/forest_wall/materials/textures/forest_wall_transparent.png
[0.442s] -- Up-to-date: /home/yut/git/rs1-2025s-ytu77/john_branch/install/john/share/john/models/forest_wall/model.sdf
[0.442s] -- Up-to-date: /home/yut/git/rs1-2025s-ytu77/john_branch/install/john/share/john/models/forest_wall/model.config
[0.442s] -- Up-to-date: /home/yut/git/rs1-2025s-ytu77/john_branch/install/john/share/john/models/tree1
[0.442s] -- Up-to-date: /home/yut/git/rs1-2025s-ytu77/john_branch/install/john/share/john/models/tree1/meshes
[0.443s] -- Up-to-date: /home/yut/git/rs1-2025s-ytu77/john_branch/install/john/share/john/models/tree1/meshes/tree_a.dae
[0.443s] -- Up-to-date: /home/yut/git/rs1-2025s-ytu77/john_branch/install/john/share/john/models/tree1/materials
[0.443s] -- Up-to-date: /home/yut/git/rs1-2025s-ytu77/john_branch/install/john/share/john/models/tree1/materials/textures
[0.443s] -- Up-to-date: /home/yut/git/rs1-2025s-ytu77/john_branch/install/john/share/john/models/tree1/materials/textures/bark01.jpg
[0.443s] -- Up-to-date: /home/yut/git/rs1-2025s-ytu77/john_branch/install/john/share/john/models/tree1/model.sdf
[0.443s] -- Up-to-date: /home/yut/git/rs1-2025s-ytu77/john_branch/install/john/share/john/models/tree1/model.config
[0.443s] -- Up-to-date: /home/yut/git/rs1-2025s-ytu77/john_branch/install/john/share/john/urdf
[0.443s] -- Up-to-date: /home/yut/git/rs1-2025s-ytu77/john_branch/install/john/share/john/urdf/meshes
[0.443s] -- Up-to-date: /home/yut/git/rs1-2025s-ytu77/john_branch/install/john/share/john/urdf/meshes/top_chassis.dae
[0.443s] -- Up-to-date: /home/yut/git/rs1-2025s-ytu77/john_branch/install/john/share/john/urdf/meshes/bumper.dae
[0.443s] -- Up-to-date: /home/yut/git/rs1-2025s-ytu77/john_branch/install/john/share/john/urdf/meshes/top_plate.dae
[0.444s] -- Up-to-date: /home/yut/git/rs1-2025s-ytu77/john_branch/install/john/share/john/urdf/meshes/wheel.dae
[0.445s] -- Up-to-date: /home/yut/git/rs1-2025s-ytu77/john_branch/install/john/share/john/urdf/meshes/jpl04_arch_nosensor.stl
[0.445s] -- Up-to-date: /home/yut/git/rs1-2025s-ytu77/john_branch/install/john/share/john/urdf/meshes/base_link.dae
[0.445s] -- Up-to-date: /home/yut/git/rs1-2025s-ytu77/john_branch/install/john/share/john/urdf/husky.urdf.xacro
[0.445s] -- Up-to-date: /home/yut/git/rs1-2025s-ytu77/john_branch/install/john/share/john/urdf/common_properties.urdf.xacro
[0.445s] -- Up-to-date: /home/yut/git/rs1-2025s-ytu77/john_branch/install/john/share/john/urdf/wheel.urdf.xacro
[0.445s] -- Up-to-date: /home/yut/git/rs1-2025s-ytu77/john_branch/install/john/share/john/urdf/husky.gazebo.xacro
[0.445s] -- Up-to-date: /home/yut/git/rs1-2025s-ytu77/john_branch/install/john/share/john/worlds
[0.445s] -- Up-to-date: /home/yut/git/rs1-2025s-ytu77/john_branch/install/john/share/john/worlds/simple_trees.sdf
[0.445s] -- Up-to-date: /home/yut/git/rs1-2025s-ytu77/john_branch/install/john/share/john/worlds/forest_world.sdf
[0.445s] -- Up-to-date: /home/yut/git/rs1-2025s-ytu77/john_branch/install/john/share/john/worlds/large_demo.sdf
[0.445s] -- Up-to-date: /home/yut/git/rs1-2025s-ytu77/john_branch/install/john/share/john/worlds/forest_trees.sdf
[0.445s] -- Installing: /home/yut/git/rs1-2025s-ytu77/john_branch/install/john/share/john/worlds/forest_trees_flat.sdf
[0.445s] -- Up-to-date: /home/yut/git/rs1-2025s-ytu77/john_branch/install/john/share/ament_index/resource_index/package_run_dependencies/john
[0.445s] -- Up-to-date: /home/yut/git/rs1-2025s-ytu77/john_branch/install/john/share/ament_index/resource_index/parent_prefix_path/john
[0.446s] -- Up-to-date: /home/yut/git/rs1-2025s-ytu77/john_branch/install/john/share/john/environment/ament_prefix_path.sh
[0.446s] -- Up-to-date: /home/yut/git/rs1-2025s-ytu77/john_branch/install/john/share/john/environment/ament_prefix_path.dsv
[0.446s] -- Up-to-date: /home/yut/git/rs1-2025s-ytu77/john_branch/install/john/share/john/environment/path.sh
[0.446s] -- Up-to-date: /home/yut/git/rs1-2025s-ytu77/john_branch/install/john/share/john/environment/path.dsv
[0.446s] -- Up-to-date: /home/yut/git/rs1-2025s-ytu77/john_branch/install/john/share/john/local_setup.bash
[0.446s] -- Up-to-date: /home/yut/git/rs1-2025s-ytu77/john_branch/install/john/share/john/local_setup.sh
[0.446s] -- Up-to-date: /home/yut/git/rs1-2025s-ytu77/john_branch/install/john/share/john/local_setup.zsh
[0.446s] -- Up-to-date: /home/yut/git/rs1-2025s-ytu77/john_branch/install/john/share/john/local_setup.dsv
[0.446s] -- Installing: /home/yut/git/rs1-2025s-ytu77/john_branch/install/john/share/john/package.dsv
[0.446s] -- Up-to-date: /home/yut/git/rs1-2025s-ytu77/john_branch/install/john/share/ament_index/resource_index/packages/john
[0.446s] -- Up-to-date: /home/yut/git/rs1-2025s-ytu77/john_branch/install/john/share/john/cmake/johnConfig.cmake
[0.446s] -- Up-to-date: /home/yut/git/rs1-2025s-ytu77/john_branch/install/john/share/john/cmake/johnConfig-version.cmake
[0.446s] -- Up-to-date: /home/yut/git/rs1-2025s-ytu77/john_branch/install/john/share/john/package.xml
[0.446s] Invoked command in '/home/yut/git/rs1-2025s-ytu77/john_branch/build/john' returned '0': CMAKE_PREFIX_PATH=${CMAKE_PREFIX_PATH}:/home/yut/git/rs1-2025s-ytu77/john_branch/install/forestguard_ui:/home/yut/git/rs1-2025s-ytu77/john_branch/install/forestguard_colour:/opt/ros/humble /usr/bin/cmake --install /home/yut/git/rs1-2025s-ytu77/john_branch/build/john
