[0.024s] Invoking command in '/home/student/ForestGuard/ws_slam/build/uav_slam_demo': CMAKE_PREFIX_PATH=${CMAKE_PREFIX_PATH}:/opt/ros/humble /usr/bin/cmake /home/student/ForestGuard/ws_slam/src/uav_slam_demo -DAMENT_CMAKE_SYMLINK_INSTALL=1 -DCMAKE_INSTALL_PREFIX=/home/student/ForestGuard/ws_slam/install/uav_slam_demo
[1.282s] -- The C compiler identification is GNU 11.4.0
[1.990s] -- The CXX compiler identification is GNU 11.4.0
[2.117s] -- Detecting C compiler ABI info
[2.305s] -- Detecting C compiler ABI info - done
[2.313s] -- Check for working C compiler: /usr/bin/cc - skipped
[2.318s] -- Detecting C compile features
[2.327s] -- Detecting C compile features - done
[2.349s] -- Detecting CXX compiler ABI info
[2.466s] -- Detecting CXX compiler ABI info - done
[2.475s] -- Check for working CXX compiler: /usr/bin/c++ - skipped
[2.475s] -- Detecting CXX compile features
[2.476s] -- Detecting CXX compile features - done
[2.568s] -- Found ament_cmake: 1.3.12 (/opt/ros/humble/share/ament_cmake/cmake)
[2.846s] -- Found Python3: /usr/bin/python3 (found version "3.10.12") found components: Interpreter 
[3.068s] -- Override CMake install command with custom implementation using symlinks instead of copying resources
[3.410s] -- Configuring done
[3.413s] -- Generating done
[3.415s] -- Build files have been written to: /home/student/ForestGuard/ws_slam/build/uav_slam_demo
[3.420s] Invoked command in '/home/student/ForestGuard/ws_slam/build/uav_slam_demo' returned '0': CMAKE_PREFIX_PATH=${CMAKE_PREFIX_PATH}:/opt/ros/humble /usr/bin/cmake /home/student/ForestGuard/ws_slam/src/uav_slam_demo -DAMENT_CMAKE_SYMLINK_INSTALL=1 -DCMAKE_INSTALL_PREFIX=/home/student/ForestGuard/ws_slam/install/uav_slam_demo
[3.422s] Invoking command in '/home/student/ForestGuard/ws_slam/build/uav_slam_demo': CMAKE_PREFIX_PATH=${CMAKE_PREFIX_PATH}:/opt/ros/humble /usr/bin/cmake --build /home/student/ForestGuard/ws_slam/build/uav_slam_demo -- -j8 -l8
[3.466s] Invoked command in '/home/student/ForestGuard/ws_slam/build/uav_slam_demo' returned '0': CMAKE_PREFIX_PATH=${CMAKE_PREFIX_PATH}:/opt/ros/humble /usr/bin/cmake --build /home/student/ForestGuard/ws_slam/build/uav_slam_demo -- -j8 -l8
[3.478s] Invoking command in '/home/student/ForestGuard/ws_slam/build/uav_slam_demo': CMAKE_PREFIX_PATH=${CMAKE_PREFIX_PATH}:/opt/ros/humble /usr/bin/cmake --install /home/student/ForestGuard/ws_slam/build/uav_slam_demo
[3.485s] -- Install configuration: ""
[3.486s] -- Execute custom install script
[3.486s] -- Symlinking: /home/student/ForestGuard/ws_slam/install/uav_slam_demo/share/uav_slam_demo/launch/slam_demo.launch.py
[3.497s] -- Symlinking: /home/student/ForestGuard/ws_slam/install/uav_slam_demo/share/uav_slam_demo/worlds/uav_rgbd_world.sdf
[3.506s] -- Symlinking: /home/student/ForestGuard/ws_slam/install/uav_slam_demo/share/uav_slam_demo/rviz/uav_slam_demo.rviz
[3.514s] -- Symlinking: /home/student/ForestGuard/ws_slam/install/uav_slam_demo/share/uav_slam_demo/package.xml
[3.523s] -- Symlinking: /home/student/ForestGuard/ws_slam/install/uav_slam_demo/share/ament_index/resource_index/package_run_dependencies/uav_slam_demo
[3.531s] -- Symlinking: /home/student/ForestGuard/ws_slam/install/uav_slam_demo/share/ament_index/resource_index/parent_prefix_path/uav_slam_demo
[3.541s] -- Symlinking: /home/student/ForestGuard/ws_slam/install/uav_slam_demo/share/uav_slam_demo/environment/ament_prefix_path.sh
[3.551s] -- Symlinking: /home/student/ForestGuard/ws_slam/install/uav_slam_demo/share/uav_slam_demo/environment/ament_prefix_path.dsv
[3.560s] -- Symlinking: /home/student/ForestGuard/ws_slam/install/uav_slam_demo/share/uav_slam_demo/environment/path.sh
[3.569s] -- Symlinking: /home/student/ForestGuard/ws_slam/install/uav_slam_demo/share/uav_slam_demo/environment/path.dsv
[3.578s] -- Symlinking: /home/student/ForestGuard/ws_slam/install/uav_slam_demo/share/uav_slam_demo/local_setup.bash
[3.588s] -- Symlinking: /home/student/ForestGuard/ws_slam/install/uav_slam_demo/share/uav_slam_demo/local_setup.sh
[3.597s] -- Symlinking: /home/student/ForestGuard/ws_slam/install/uav_slam_demo/share/uav_slam_demo/local_setup.zsh
[3.607s] -- Symlinking: /home/student/ForestGuard/ws_slam/install/uav_slam_demo/share/uav_slam_demo/local_setup.dsv
[3.616s] -- Symlinking: /home/student/ForestGuard/ws_slam/install/uav_slam_demo/share/uav_slam_demo/package.dsv
[3.625s] -- Symlinking: /home/student/ForestGuard/ws_slam/install/uav_slam_demo/share/ament_index/resource_index/packages/uav_slam_demo
[3.634s] -- Symlinking: /home/student/ForestGuard/ws_slam/install/uav_slam_demo/share/uav_slam_demo/cmake/uav_slam_demoConfig.cmake
[3.645s] -- Symlinking: /home/student/ForestGuard/ws_slam/install/uav_slam_demo/share/uav_slam_demo/cmake/uav_slam_demoConfig-version.cmake
[3.656s] -- Up-to-date symlink: /home/student/ForestGuard/ws_slam/install/uav_slam_demo/share/uav_slam_demo/package.xml
[3.658s] Invoked command in '/home/student/ForestGuard/ws_slam/build/uav_slam_demo' returned '0': CMAKE_PREFIX_PATH=${CMAKE_PREFIX_PATH}:/opt/ros/humble /usr/bin/cmake --install /home/student/ForestGuard/ws_slam/build/uav_slam_demo
