[0.251s] Invoking command in '/home/claudia/ForestGuard/build/forest_localization': CMAKE_PREFIX_PATH=${CMAKE_PREFIX_PATH}:/home/claudia/ForestGuard/install/forest_guard_sim:/home/claudia/ros2_ws/install/examples_rclcpp_minimal_publisher:/home/claudia/ros2_ws/install/a3_support:/opt/ros/humble /usr/bin/cmake /home/claudia/ForestGuard/src/forest_localization -DAMENT_CMAKE_SYMLINK_INSTALL=1 -DCMAKE_INSTALL_PREFIX=/home/claudia/ForestGuard/install/forest_localization
[0.297s] -- The C compiler identification is GNU 11.4.0
[0.350s] -- The CXX compiler identification is GNU 11.4.0
[0.358s] -- Detecting C compiler ABI info
[0.417s] -- Detecting C compiler ABI info - done
[0.422s] -- Check for working C compiler: /usr/bin/cc - skipped
[0.422s] -- Detecting C compile features
[0.423s] -- Detecting C compile features - done
[0.425s] -- Detecting CXX compiler ABI info
[0.493s] -- Detecting CXX compiler ABI info - done
[0.501s] -- Check for working CXX compiler: /usr/bin/c++ - skipped
[0.501s] -- Detecting CXX compile features
[0.501s] -- Detecting CXX compile features - done
[0.505s] -- Found ament_cmake: 1.3.12 (/opt/ros/humble/share/ament_cmake/cmake)
[0.616s] -- Found Python3: /usr/bin/python3 (found version "3.10.12") found components: Interpreter 
[0.679s] -- Override CMake install command with custom implementation using symlinks instead of copying resources
[0.726s] -- Found rclcpp: 16.0.15 (/opt/ros/humble/share/rclcpp/cmake)
[0.782s] -- Found rosidl_generator_c: 3.1.7 (/opt/ros/humble/share/rosidl_generator_c/cmake)
[0.789s] -- Found rosidl_adapter: 3.1.7 (/opt/ros/humble/share/rosidl_adapter/cmake)
[0.800s] -- Found rosidl_generator_cpp: 3.1.7 (/opt/ros/humble/share/rosidl_generator_cpp/cmake)
[0.814s] -- Using all available rosidl_typesupport_c: rosidl_typesupport_fastrtps_c;rosidl_typesupport_introspection_c
[0.832s] -- Using all available rosidl_typesupport_cpp: rosidl_typesupport_fastrtps_cpp;rosidl_typesupport_introspection_cpp
[0.888s] -- Found rmw_implementation_cmake: 6.1.2 (/opt/ros/humble/share/rmw_implementation_cmake/cmake)
[0.892s] -- Found rmw_fastrtps_cpp: 6.2.8 (/opt/ros/humble/share/rmw_fastrtps_cpp/cmake)
[0.981s] -- Found OpenSSL: /usr/lib/x86_64-linux-gnu/libcrypto.so (found version "3.0.2")  
[1.016s] -- Found FastRTPS: /opt/ros/humble/include  
[1.068s] -- Using RMW implementation 'rmw_fastrtps_cpp' as default
[1.081s] -- Performing Test CMAKE_HAVE_LIBC_PTHREAD
[1.139s] -- Performing Test CMAKE_HAVE_LIBC_PTHREAD - Success
[1.140s] -- Found Threads: TRUE  
[1.189s] -- Found geometry_msgs: 4.9.0 (/opt/ros/humble/share/geometry_msgs/cmake)
[1.201s] -- Found nav_msgs: 4.9.0 (/opt/ros/humble/share/nav_msgs/cmake)
[1.217s] -- Found tf2_ros: 0.25.16 (/opt/ros/humble/share/tf2_ros/cmake)
[1.319s] -- Found ament_cmake_ros: 0.10.0 (/opt/ros/humble/share/ament_cmake_ros/cmake)
[1.332s] -- Found rosbag2_cpp: 0.15.15 (/opt/ros/humble/share/rosbag2_cpp/cmake)
[1.377s] -- Found ament_lint_auto: 0.12.14 (/opt/ros/humble/share/ament_lint_auto/cmake)
[1.452s] -- Added test 'cppcheck' to perform static code analysis on C / C++ code
[1.452s] -- Configured cppcheck include dirs: $<BUILD_INTERFACE:/home/claudia/ForestGuard/src/forest_localization/include>
[1.452s] -- Configured cppcheck exclude dirs and/or files: 
[1.453s] -- Added test 'lint_cmake' to check CMake code style
[1.454s] -- Added test 'uncrustify' to check C / C++ code style
[1.454s] -- Configured uncrustify additional arguments: 
[1.454s] -- Added test 'xmllint' to check XML markup files
[1.456s] -- Configuring done
[1.467s] -- Generating done
[1.471s] -- Build files have been written to: /home/claudia/ForestGuard/build/forest_localization
[1.483s] Invoked command in '/home/claudia/ForestGuard/build/forest_localization' returned '0': CMAKE_PREFIX_PATH=${CMAKE_PREFIX_PATH}:/home/claudia/ForestGuard/install/forest_guard_sim:/home/claudia/ros2_ws/install/examples_rclcpp_minimal_publisher:/home/claudia/ros2_ws/install/a3_support:/opt/ros/humble /usr/bin/cmake /home/claudia/ForestGuard/src/forest_localization -DAMENT_CMAKE_SYMLINK_INSTALL=1 -DCMAKE_INSTALL_PREFIX=/home/claudia/ForestGuard/install/forest_localization
[1.484s] Invoking command in '/home/claudia/ForestGuard/build/forest_localization': CMAKE_PREFIX_PATH=${CMAKE_PREFIX_PATH}:/home/claudia/ForestGuard/install/forest_guard_sim:/home/claudia/ros2_ws/install/examples_rclcpp_minimal_publisher:/home/claudia/ros2_ws/install/a3_support:/opt/ros/humble /usr/bin/cmake --build /home/claudia/ForestGuard/build/forest_localization -- -j16 -l16
[1.510s] [ 66%] [32mBuilding CXX object CMakeFiles/forest_localization.dir/src/amcl_localization.cpp.o[0m
[1.510s] [ 66%] [32mBuilding CXX object CMakeFiles/forest_localization.dir/src/main_amcl.cpp.o[0m
[9.851s] [ 66%] [32m[1mLinking CXX executable forest_localization[0m
[10.286s] [100%] Built target forest_localization
[10.293s] Invoked command in '/home/claudia/ForestGuard/build/forest_localization' returned '0': CMAKE_PREFIX_PATH=${CMAKE_PREFIX_PATH}:/home/claudia/ForestGuard/install/forest_guard_sim:/home/claudia/ros2_ws/install/examples_rclcpp_minimal_publisher:/home/claudia/ros2_ws/install/a3_support:/opt/ros/humble /usr/bin/cmake --build /home/claudia/ForestGuard/build/forest_localization -- -j16 -l16
[10.294s] Invoking command in '/home/claudia/ForestGuard/build/forest_localization': CMAKE_PREFIX_PATH=${CMAKE_PREFIX_PATH}:/home/claudia/ForestGuard/install/forest_guard_sim:/home/claudia/ros2_ws/install/examples_rclcpp_minimal_publisher:/home/claudia/ros2_ws/install/a3_support:/opt/ros/humble /usr/bin/cmake --install /home/claudia/ForestGuard/build/forest_localization
[10.298s] -- Install configuration: ""
[10.298s] -- Execute custom install script
[10.299s] -- Symlinking: /home/claudia/ForestGuard/install/forest_localization/lib/forest_localization/forest_localization
[10.305s] -- Symlinking: /home/claudia/ForestGuard/install/forest_localization/include/forest_localization/amcl_localization.h
[10.309s] -- Symlinking: /home/claudia/ForestGuard/install/forest_localization/share/ament_index/resource_index/package_run_dependencies/forest_localization
[10.316s] -- Symlinking: /home/claudia/ForestGuard/install/forest_localization/share/ament_index/resource_index/parent_prefix_path/forest_localization
[10.320s] -- Symlinking: /home/claudia/ForestGuard/install/forest_localization/share/forest_localization/environment/ament_prefix_path.sh
[10.323s] -- Symlinking: /home/claudia/ForestGuard/install/forest_localization/share/forest_localization/environment/ament_prefix_path.dsv
[10.327s] -- Symlinking: /home/claudia/ForestGuard/install/forest_localization/share/forest_localization/environment/path.sh
[10.334s] -- Symlinking: /home/claudia/ForestGuard/install/forest_localization/share/forest_localization/environment/path.dsv
[10.337s] -- Symlinking: /home/claudia/ForestGuard/install/forest_localization/share/forest_localization/local_setup.bash
[10.341s] -- Symlinking: /home/claudia/ForestGuard/install/forest_localization/share/forest_localization/local_setup.sh
[10.346s] -- Symlinking: /home/claudia/ForestGuard/install/forest_localization/share/forest_localization/local_setup.zsh
[10.351s] -- Symlinking: /home/claudia/ForestGuard/install/forest_localization/share/forest_localization/local_setup.dsv
[10.354s] -- Symlinking: /home/claudia/ForestGuard/install/forest_localization/share/forest_localization/package.dsv
[10.358s] -- Symlinking: /home/claudia/ForestGuard/install/forest_localization/share/ament_index/resource_index/packages/forest_localization
[10.364s] -- Symlinking: /home/claudia/ForestGuard/install/forest_localization/share/forest_localization/cmake/forest_localizationConfig.cmake
[10.367s] -- Symlinking: /home/claudia/ForestGuard/install/forest_localization/share/forest_localization/cmake/forest_localizationConfig-version.cmake
[10.371s] -- Symlinking: /home/claudia/ForestGuard/install/forest_localization/share/forest_localization/package.xml
[10.376s] Invoked command in '/home/claudia/ForestGuard/build/forest_localization' returned '0': CMAKE_PREFIX_PATH=${CMAKE_PREFIX_PATH}:/home/claudia/ForestGuard/install/forest_guard_sim:/home/claudia/ros2_ws/install/examples_rclcpp_minimal_publisher:/home/claudia/ros2_ws/install/a3_support:/opt/ros/humble /usr/bin/cmake --install /home/claudia/ForestGuard/build/forest_localization
