-- Install configuration: ""
-- Up-to-date: /home/yut/git/rs1-2025s-ytu77/yuto_branch/install/yuto/share/yuto/config
-- Up-to-date: /home/yut/git/rs1-2025s-ytu77/yuto_branch/install/yuto/share/yuto/config/xbox_teleop.yaml
-- Up-to-date: /home/yut/git/rs1-2025s-ytu77/yuto_branch/install/yuto/share/yuto/config/robot_localization.yaml
-- Up-to-date: /home/yut/git/rs1-2025s-ytu77/yuto_branch/install/yuto/share/yuto/config/gazebo_bridge.yaml
-- Up-to-date: /home/yut/git/rs1-2025s-ytu77/yuto_branch/install/yuto/share/yuto/config/slam_params.yaml
-- Up-to-date: /home/yut/git/rs1-2025s-ytu77/yuto_branch/install/yuto/share/yuto/config/john.rviz
-- Up-to-date: /home/yut/git/rs1-2025s-ytu77/yuto_branch/install/yuto/share/yuto/config/nav2_params.yaml
-- Up-to-date: /home/yut/git/rs1-2025s-ytu77/yuto_branch/install/yuto/share/yuto/config/forest.rviz
-- Up-to-date: /home/yut/git/rs1-2025s-ytu77/yuto_branch/install/yuto/share/yuto/launch
-- Up-to-date: /home/yut/git/rs1-2025s-ytu77/yuto_branch/install/yuto/share/yuto/launch/forest_mapping.launch.py
-- Up-to-date: /home/yut/git/rs1-2025s-ytu77/yuto_branch/install/yuto/share/yuto/launch/forest_random.launch.py
-- Up-to-date: /home/yut/git/rs1-2025s-ytu77/yuto_branch/install/yuto/share/yuto/launch/random_forest_husky.launch.py
-- Up-to-date: /home/yut/git/rs1-2025s-ytu77/yuto_branch/install/yuto/share/yuto/launch/autonomous_forest.launch.py
-- Up-to-date: /home/yut/git/rs1-2025s-ytu77/yuto_branch/install/yuto/share/yuto/launch/john.launch.py
-- Up-to-date: /home/yut/git/rs1-2025s-ytu77/yuto_branch/install/yuto/share/yuto/launch/johnNavigation.launch.py
-- Up-to-date: /home/yut/git/rs1-2025s-ytu77/yuto_branch/install/yuto/share/yuto/launch/navigation_map.launch.py
-- Up-to-date: /home/yut/git/rs1-2025s-ytu77/yuto_branch/install/yuto/share/yuto/launch/large_forest_husky.launch.py
-- Up-to-date: /home/yut/git/rs1-2025s-ytu77/yuto_branch/install/yuto/share/yuto/launch/john_autonomous_forest.launch.py
-- Up-to-date: /home/yut/git/rs1-2025s-ytu77/yuto_branch/install/yuto/share/yuto/launch/forest_world.launch.py
-- Up-to-date: /home/yut/git/rs1-2025s-ytu77/yuto_branch/install/yuto/share/yuto/launch/41068_ignition.launch.py
-- Up-to-date: /home/yut/git/rs1-2025s-ytu77/yuto_branch/install/yuto/share/yuto/launch/sample
-- Up-to-date: /home/yut/git/rs1-2025s-ytu77/yuto_branch/install/yuto/share/yuto/launch/johnXL.py
-- Up-to-date: /home/yut/git/rs1-2025s-ytu77/yuto_branch/install/yuto/share/yuto/maps
-- Up-to-date: /home/yut/git/rs1-2025s-ytu77/yuto_branch/install/yuto/share/yuto/maps/forest_map.pgm
-- Up-to-date: /home/yut/git/rs1-2025s-ytu77/yuto_branch/install/yuto/share/yuto/maps/forest_map.yaml
-- Up-to-date: /home/yut/git/rs1-2025s-ytu77/yuto_branch/install/yuto/share/yuto/models
-- Up-to-date: /home/yut/git/rs1-2025s-ytu77/yuto_branch/install/yuto/share/yuto/models/tree2
-- Up-to-date: /home/yut/git/rs1-2025s-ytu77/yuto_branch/install/yuto/share/yuto/models/tree2/meshes
-- Up-to-date: /home/yut/git/rs1-2025s-ytu77/yuto_branch/install/yuto/share/yuto/models/tree2/meshes/tree_b.dae
-- Up-to-date: /home/yut/git/rs1-2025s-ytu77/yuto_branch/install/yuto/share/yuto/models/tree2/materials
-- Up-to-date: /home/yut/git/rs1-2025s-ytu77/yuto_branch/install/yuto/share/yuto/models/tree2/materials/textures
-- Up-to-date: /home/yut/git/rs1-2025s-ytu77/yuto_branch/install/yuto/share/yuto/models/tree2/materials/textures/bark.jpeg
-- Up-to-date: /home/yut/git/rs1-2025s-ytu77/yuto_branch/install/yuto/share/yuto/models/tree2/model.sdf
-- Up-to-date: /home/yut/git/rs1-2025s-ytu77/yuto_branch/install/yuto/share/yuto/models/tree2/model.config
-- Up-to-date: /home/yut/git/rs1-2025s-ytu77/yuto_branch/install/yuto/share/yuto/models/grass_plane
-- Up-to-date: /home/yut/git/rs1-2025s-ytu77/yuto_branch/install/yuto/share/yuto/models/grass_plane/materials
-- Up-to-date: /home/yut/git/rs1-2025s-ytu77/yuto_branch/install/yuto/share/yuto/models/grass_plane/materials/textures
-- Up-to-date: /home/yut/git/rs1-2025s-ytu77/yuto_branch/install/yuto/share/yuto/models/grass_plane/materials/textures/empty_grass.png
-- Up-to-date: /home/yut/git/rs1-2025s-ytu77/yuto_branch/install/yuto/share/yuto/models/grass_plane/model.sdf
-- Up-to-date: /home/yut/git/rs1-2025s-ytu77/yuto_branch/install/yuto/share/yuto/models/grass_plane/model.config
-- Up-to-date: /home/yut/git/rs1-2025s-ytu77/yuto_branch/install/yuto/share/yuto/models/forest_plane
-- Up-to-date: /home/yut/git/rs1-2025s-ytu77/yuto_branch/install/yuto/share/yuto/models/forest_plane/materials
-- Up-to-date: /home/yut/git/rs1-2025s-ytu77/yuto_branch/install/yuto/share/yuto/models/forest_plane/materials/textures
-- Up-to-date: /home/yut/git/rs1-2025s-ytu77/yuto_branch/install/yuto/share/yuto/models/forest_plane/materials/textures/leaf_litter.png
-- Up-to-date: /home/yut/git/rs1-2025s-ytu77/yuto_branch/install/yuto/share/yuto/models/forest_plane/materials/textures/forest_overhead.png
-- Up-to-date: /home/yut/git/rs1-2025s-ytu77/yuto_branch/install/yuto/share/yuto/models/forest_plane/materials/textures/empty_grass.png
-- Up-to-date: /home/yut/git/rs1-2025s-ytu77/yuto_branch/install/yuto/share/yuto/models/forest_plane/model.sdf
-- Up-to-date: /home/yut/git/rs1-2025s-ytu77/yuto_branch/install/yuto/share/yuto/models/forest_plane/model.config
-- Up-to-date: /home/yut/git/rs1-2025s-ytu77/yuto_branch/install/yuto/share/yuto/models/forest_env
-- Up-to-date: /home/yut/git/rs1-2025s-ytu77/yuto_branch/install/yuto/share/yuto/models/forest_env/meshes
-- Up-to-date: /home/yut/git/rs1-2025s-ytu77/yuto_branch/install/yuto/share/yuto/models/forest_env/meshes/Environment1.dae
-- Up-to-date: /home/yut/git/rs1-2025s-ytu77/yuto_branch/install/yuto/share/yuto/models/forest_env/meshes/Environment.dae
-- Up-to-date: /home/yut/git/rs1-2025s-ytu77/yuto_branch/install/yuto/share/yuto/models/forest_env/meshes/empty_grass.png
-- Up-to-date: /home/yut/git/rs1-2025s-ytu77/yuto_branch/install/yuto/share/yuto/models/forest_env/materials
-- Up-to-date: /home/yut/git/rs1-2025s-ytu77/yuto_branch/install/yuto/share/yuto/models/forest_env/materials/textures
-- Up-to-date: /home/yut/git/rs1-2025s-ytu77/yuto_branch/install/yuto/share/yuto/models/forest_env/materials/textures/empty_grass.png
-- Up-to-date: /home/yut/git/rs1-2025s-ytu77/yuto_branch/install/yuto/share/yuto/models/forest_env/model.sdf
-- Up-to-date: /home/yut/git/rs1-2025s-ytu77/yuto_branch/install/yuto/share/yuto/models/forest_env/model.config
-- Up-to-date: /home/yut/git/rs1-2025s-ytu77/yuto_branch/install/yuto/share/yuto/models/forest_wall
-- Up-to-date: /home/yut/git/rs1-2025s-ytu77/yuto_branch/install/yuto/share/yuto/models/forest_wall/materials
-- Up-to-date: /home/yut/git/rs1-2025s-ytu77/yuto_branch/install/yuto/share/yuto/models/forest_wall/materials/textures
-- Up-to-date: /home/yut/git/rs1-2025s-ytu77/yuto_branch/install/yuto/share/yuto/models/forest_wall/materials/textures/forest_wall_transparent_small.png
-- Up-to-date: /home/yut/git/rs1-2025s-ytu77/yuto_branch/install/yuto/share/yuto/models/forest_wall/materials/textures/forest_wall.png
-- Up-to-date: /home/yut/git/rs1-2025s-ytu77/yuto_branch/install/yuto/share/yuto/models/forest_wall/materials/textures/forest_wall_transparent.png
-- Up-to-date: /home/yut/git/rs1-2025s-ytu77/yuto_branch/install/yuto/share/yuto/models/forest_wall/model.sdf
-- Up-to-date: /home/yut/git/rs1-2025s-ytu77/yuto_branch/install/yuto/share/yuto/models/forest_wall/model.config
-- Up-to-date: /home/yut/git/rs1-2025s-ytu77/yuto_branch/install/yuto/share/yuto/models/tree1
-- Up-to-date: /home/yut/git/rs1-2025s-ytu77/yuto_branch/install/yuto/share/yuto/models/tree1/meshes
-- Up-to-date: /home/yut/git/rs1-2025s-ytu77/yuto_branch/install/yuto/share/yuto/models/tree1/meshes/tree_a.dae
-- Up-to-date: /home/yut/git/rs1-2025s-ytu77/yuto_branch/install/yuto/share/yuto/models/tree1/materials
-- Up-to-date: /home/yut/git/rs1-2025s-ytu77/yuto_branch/install/yuto/share/yuto/models/tree1/materials/textures
-- Up-to-date: /home/yut/git/rs1-2025s-ytu77/yuto_branch/install/yuto/share/yuto/models/tree1/materials/textures/bark01.jpg
-- Up-to-date: /home/yut/git/rs1-2025s-ytu77/yuto_branch/install/yuto/share/yuto/models/tree1/model.sdf
-- Up-to-date: /home/yut/git/rs1-2025s-ytu77/yuto_branch/install/yuto/share/yuto/models/tree1/model.config
-- Up-to-date: /home/yut/git/rs1-2025s-ytu77/yuto_branch/install/yuto/share/yuto/urdf
-- Up-to-date: /home/yut/git/rs1-2025s-ytu77/yuto_branch/install/yuto/share/yuto/urdf/meshes
-- Up-to-date: /home/yut/git/rs1-2025s-ytu77/yuto_branch/install/yuto/share/yuto/urdf/meshes/top_chassis.dae
-- Up-to-date: /home/yut/git/rs1-2025s-ytu77/yuto_branch/install/yuto/share/yuto/urdf/meshes/bumper.dae
-- Up-to-date: /home/yut/git/rs1-2025s-ytu77/yuto_branch/install/yuto/share/yuto/urdf/meshes/top_plate.dae
-- Up-to-date: /home/yut/git/rs1-2025s-ytu77/yuto_branch/install/yuto/share/yuto/urdf/meshes/wheel.dae
-- Up-to-date: /home/yut/git/rs1-2025s-ytu77/yuto_branch/install/yuto/share/yuto/urdf/meshes/jpl04_arch_nosensor.stl
-- Up-to-date: /home/yut/git/rs1-2025s-ytu77/yuto_branch/install/yuto/share/yuto/urdf/meshes/base_link.dae
-- Installing: /home/yut/git/rs1-2025s-ytu77/yuto_branch/install/yuto/share/yuto/urdf/husky.urdf.xacro
-- Up-to-date: /home/yut/git/rs1-2025s-ytu77/yuto_branch/install/yuto/share/yuto/urdf/common_properties.urdf.xacro
-- Installing: /home/yut/git/rs1-2025s-ytu77/yuto_branch/install/yuto/share/yuto/urdf/wheel.urdf.xacro
-- Installing: /home/yut/git/rs1-2025s-ytu77/yuto_branch/install/yuto/share/yuto/urdf/husky.gazebo.xacro
-- Up-to-date: /home/yut/git/rs1-2025s-ytu77/yuto_branch/install/yuto/share/yuto/worlds
-- Up-to-date: /home/yut/git/rs1-2025s-ytu77/yuto_branch/install/yuto/share/yuto/worlds/simple_trees.sdf
-- Up-to-date: /home/yut/git/rs1-2025s-ytu77/yuto_branch/install/yuto/share/yuto/worlds/forest_world.sdf
-- Up-to-date: /home/yut/git/rs1-2025s-ytu77/yuto_branch/install/yuto/share/yuto/worlds/large_demo.sdf
-- Up-to-date: /home/yut/git/rs1-2025s-ytu77/yuto_branch/install/yuto/share/ament_index/resource_index/package_run_dependencies/yuto
-- Up-to-date: /home/yut/git/rs1-2025s-ytu77/yuto_branch/install/yuto/share/ament_index/resource_index/parent_prefix_path/yuto
-- Up-to-date: /home/yut/git/rs1-2025s-ytu77/yuto_branch/install/yuto/share/yuto/environment/ament_prefix_path.sh
-- Up-to-date: /home/yut/git/rs1-2025s-ytu77/yuto_branch/install/yuto/share/yuto/environment/ament_prefix_path.dsv
-- Up-to-date: /home/yut/git/rs1-2025s-ytu77/yuto_branch/install/yuto/share/yuto/environment/path.sh
-- Up-to-date: /home/yut/git/rs1-2025s-ytu77/yuto_branch/install/yuto/share/yuto/environment/path.dsv
-- Up-to-date: /home/yut/git/rs1-2025s-ytu77/yuto_branch/install/yuto/share/yuto/local_setup.bash
-- Up-to-date: /home/yut/git/rs1-2025s-ytu77/yuto_branch/install/yuto/share/yuto/local_setup.sh
-- Up-to-date: /home/yut/git/rs1-2025s-ytu77/yuto_branch/install/yuto/share/yuto/local_setup.zsh
-- Up-to-date: /home/yut/git/rs1-2025s-ytu77/yuto_branch/install/yuto/share/yuto/local_setup.dsv
-- Installing: /home/yut/git/rs1-2025s-ytu77/yuto_branch/install/yuto/share/yuto/package.dsv
-- Up-to-date: /home/yut/git/rs1-2025s-ytu77/yuto_branch/install/yuto/share/ament_index/resource_index/packages/yuto
-- Up-to-date: /home/yut/git/rs1-2025s-ytu77/yuto_branch/install/yuto/share/yuto/cmake/yutoConfig.cmake
-- Up-to-date: /home/yut/git/rs1-2025s-ytu77/yuto_branch/install/yuto/share/yuto/cmake/yutoConfig-version.cmake
-- Up-to-date: /home/yut/git/rs1-2025s-ytu77/yuto_branch/install/yuto/share/yuto/package.xml
