[1.022s] Invoking command in '/home/claudia/ForestGuard/src/drone_control': PYTHONPATH=/home/claudia/ForestGuard/build/drone_control/prefix_override:/usr/lib/python3/dist-packages/colcon_core/task/python/colcon_distutils_commands:/home/claudia/ForestGuard/install/drone_control/lib/python3.10/site-packages:${PYTHONPATH} /usr/bin/python3 -W ignore:setup.py install is deprecated -W ignore:easy_install command is deprecated setup.py egg_info --egg-base ../../build/drone_control build --build-base /home/claudia/ForestGuard/build/drone_control/build install --record /home/claudia/ForestGuard/build/drone_control/install.log --single-version-externally-managed install_data
[1.370s] running egg_info
[1.371s] writing ../../build/drone_control/drone_control.egg-info/PKG-INFO
[1.371s] writing dependency_links to ../../build/drone_control/drone_control.egg-info/dependency_links.txt
[1.372s] writing entry points to ../../build/drone_control/drone_control.egg-info/entry_points.txt
[1.372s] writing requirements to ../../build/drone_control/drone_control.egg-info/requires.txt
[1.372s] writing top-level names to ../../build/drone_control/drone_control.egg-info/top_level.txt
[1.374s] reading manifest file '../../build/drone_control/drone_control.egg-info/SOURCES.txt'
[1.379s] writing manifest file '../../build/drone_control/drone_control.egg-info/SOURCES.txt'
[1.379s] running build
[1.379s] running build_py
[1.379s] running install
[1.380s] running install_lib
[1.381s] running install_data
[1.382s] running install_egg_info
[1.384s] removing '/home/claudia/ForestGuard/install/drone_control/lib/python3.10/site-packages/drone_control-0.0.0-py3.10.egg-info' (and everything under it)
[1.384s] Copying ../../build/drone_control/drone_control.egg-info to /home/claudia/ForestGuard/install/drone_control/lib/python3.10/site-packages/drone_control-0.0.0-py3.10.egg-info
[1.386s] running install_scripts
[1.413s] Installing drone_position_control script to /home/claudia/ForestGuard/install/drone_control/lib/drone_control
[1.413s] Installing open_loop_control script to /home/claudia/ForestGuard/install/drone_control/lib/drone_control
[1.413s] Installing teleop script to /home/claudia/ForestGuard/install/drone_control/lib/drone_control
[1.413s] Installing teleop_joystick script to /home/claudia/ForestGuard/install/drone_control/lib/drone_control
[1.414s] writing list of installed files to '/home/claudia/ForestGuard/build/drone_control/install.log'
[1.450s] Invoked command in '/home/claudia/ForestGuard/src/drone_control' returned '0': PYTHONPATH=/home/claudia/ForestGuard/build/drone_control/prefix_override:/usr/lib/python3/dist-packages/colcon_core/task/python/colcon_distutils_commands:/home/claudia/ForestGuard/install/drone_control/lib/python3.10/site-packages:${PYTHONPATH} /usr/bin/python3 -W ignore:setup.py install is deprecated -W ignore:easy_install command is deprecated setup.py egg_info --egg-base ../../build/drone_control build --build-base /home/claudia/ForestGuard/build/drone_control/build install --record /home/claudia/ForestGuard/build/drone_control/install.log --single-version-externally-managed install_data
