-- Found ament_cmake: 1.3.12 (/opt/ros/humble/share/ament_cmake/cmake)
-- Found rclcpp: 16.0.14 (/opt/ros/humble/share/rclcpp/cmake)
-- Found rosidl_generator_c: 3.1.7 (/opt/ros/humble/share/rosidl_generator_c/cmake)
-- Found rosidl_adapter: 3.1.7 (/opt/ros/humble/share/rosidl_adapter/cmake)
-- Found rosidl_generator_cpp: 3.1.7 (/opt/ros/humble/share/rosidl_generator_cpp/cmake)
-- Using all available rosidl_typesupport_c: rosidl_typesupport_fastrtps_c;rosidl_typesupport_introspection_c
-- Using all available rosidl_typesupport_cpp: rosidl_typesupport_fastrtps_cpp;rosidl_typesupport_introspection_cpp
-- Found rmw_implementation_cmake: 6.1.2 (/opt/ros/humble/share/rmw_implementation_cmake/cmake)
-- Found rmw_fastrtps_cpp: 6.2.8 (/opt/ros/humble/share/rmw_fastrtps_cpp/cmake)
-- Using RMW implementation 'rmw_fastrtps_cpp' as default
-- Found nav_msgs: 4.9.0 (/opt/ros/humble/share/nav_msgs/cmake)
-- Found sensor_msgs: 4.9.0 (/opt/ros/humble/share/sensor_msgs/cmake)
-- Found tf2: 0.25.16 (/opt/ros/humble/share/tf2/cmake)
-- Found tf2_ros: 0.25.16 (/opt/ros/humble/share/tf2_ros/cmake)
-- Found tf2_geometry_msgs: 0.25.16 (/opt/ros/humble/share/tf2_geometry_msgs/cmake)
-- Found eigen3_cmake_module: 0.1.1 (/opt/ros/humble/share/eigen3_cmake_module/cmake)
-- Ensuring Eigen3 include directory is part of orocos-kdl CMake target
-- Found std_srvs: 4.9.0 (/opt/ros/humble/share/std_srvs/cmake)
-- Found visualization_msgs: 4.9.0 (/opt/ros/humble/share/visualization_msgs/cmake)
-- Found ament_cmake_ros: 0.10.0 (/opt/ros/humble/share/ament_cmake_ros/cmake)
-- Found rosbag2_cpp: 0.15.15 (/opt/ros/humble/share/rosbag2_cpp/cmake)
-- Configuring done
-- Generating done
-- Build files have been written to: /home/claudia/ForestGuard/build/controller_pkg
[ 11%] [32mBuilding CXX object CMakeFiles/laserprocessing.dir/src/laserprocessing.cpp.o[0m
[ 44%] Built target vismarker
[01m[K/home/claudia/ForestGuard/src/controller_pkg/src/laserprocessing.cpp:[m[K In member function ‘[01m[Kstd::vector<geometry_msgs::msg::Pose_<std::allocator<void> > > LaserProcessing::detectHumans()[m[K’:
[01m[K/home/claudia/ForestGuard/src/controller_pkg/src/laserprocessing.cpp:49:48:[m[K [01;31m[Kerror: [m[Kcannot convert ‘[01m[KLaserProcessing::SegmentResult[m[K’ to ‘[01m[Kunsigned int[m[K’ in initialization
   49 |       unsigned int countSegment = [01;31m[KcountSegments()[m[K;
      |                                   [01;31m[K~~~~~~~~~~~~~^~[m[K
      |                                                [01;31m[K|[m[K
      |                                                [01;31m[KLaserProcessing::SegmentResult[m[K
[01m[K/home/claudia/ForestGuard/src/controller_pkg/src/laserprocessing.cpp:109:18:[m[K [01;31m[Kerror: [m[Kno post-increment operator for type
  109 |             count[01;31m[K++[m[K;
      |                  [01;31m[K^~[m[K
[01m[K/home/claudia/ForestGuard/src/controller_pkg/src/laserprocessing.cpp:110:46:[m[K [01;31m[Kerror: [m[Kno match for ‘[01m[Koperator<<[m[K’ (operand types are ‘[01m[Kstd::basic_ostream<char>[m[K’ and ‘[01m[K<unresolved overloaded function type>[m[K’)
  110 |             [01;31m[Kstd::cout << "count++: adding: " << count[m[K << std::endl;
      |             [01;31m[K~~~~~~~~~~~~~~~~~~~~~~~~~~~~~~~~~^~~~~~~~[m[K
In file included from [01m[K/usr/include/c++/11/istream:39[m[K,
                 from [01m[K/usr/include/c++/11/sstream:38[m[K,
                 from [01m[K/opt/ros/humble/include/sensor_msgs/sensor_msgs/msg/detail/laser_scan__traits.hpp:10[m[K,
                 from [01m[K/opt/ros/humble/include/sensor_msgs/sensor_msgs/msg/laser_scan.hpp:9[m[K,
                 from [01m[K/home/claudia/ForestGuard/src/controller_pkg/include/controller_pkg/laserprocessing.h:14[m[K,
                 from [01m[K/home/claudia/ForestGuard/src/controller_pkg/src/laserprocessing.cpp:11[m[K:
[01m[K/usr/include/c++/11/ostream:108:7:[m[K [01;36m[Knote: [m[Kcandidate: ‘[01m[Kstd::basic_ostream<_CharT, _Traits>::__ostream_type& std::basic_ostream<_CharT, _Traits>::operator<<(std::basic_ostream<_CharT, _Traits>::__ostream_type& (*)(std::basic_ostream<_CharT, _Traits>::__ostream_type&)) [with _CharT = char; _Traits = std::char_traits<char>; std::basic_ostream<_CharT, _Traits>::__ostream_type = std::basic_ostream<char>][m[K’
  108 |       [01;36m[Koperator[m[K<<(__ostream_type& (*__pf)(__ostream_type&))
      |       [01;36m[K^~~~~~~~[m[K
[01m[K/usr/include/c++/11/ostream:108:36:[m[K [01;36m[Knote: [m[K  no known conversion for argument 1 from ‘[01m[K<unresolved overloaded function type>[m[K’ to ‘[01m[Kstd::basic_ostream<char>::__ostream_type& (*)(std::basic_ostream<char>::__ostream_type&)[m[K’ {aka ‘[01m[Kstd::basic_ostream<char>& (*)(std::basic_ostream<char>&)[m[K’}
  108 |       operator<<([01;36m[K__ostream_type& (*__pf)(__ostream_type&)[m[K)
      |                  [01;36m[K~~~~~~~~~~~~~~~~~~^~~~~~~~~~~~~~~~~~~~~~[m[K
[01m[K/usr/include/c++/11/ostream:117:7:[m[K [01;36m[Knote: [m[Kcandidate: ‘[01m[Kstd::basic_ostream<_CharT, _Traits>::__ostream_type& std::basic_ostream<_CharT, _Traits>::operator<<(std::basic_ostream<_CharT, _Traits>::__ios_type& (*)(std::basic_ostream<_CharT, _Traits>::__ios_type&)) [with _CharT = char; _Traits = std::char_traits<char>; std::basic_ostream<_CharT, _Traits>::__ostream_type = std::basic_ostream<char>; std::basic_ostream<_CharT, _Traits>::__ios_type = std::basic_ios<char>][m[K’
  117 |       [01;36m[Koperator[m[K<<(__ios_type& (*__pf)(__ios_type&))
      |       [01;36m[K^~~~~~~~[m[K
[01m[K/usr/include/c++/11/ostream:117:32:[m[K [01;36m[Knote: [m[K  no known conversion for argument 1 from ‘[01m[K<unresolved overloaded function type>[m[K’ to ‘[01m[Kstd::basic_ostream<char>::__ios_type& (*)(std::basic_ostream<char>::__ios_type&)[m[K’ {aka ‘[01m[Kstd::basic_ios<char>& (*)(std::basic_ios<char>&)[m[K’}
  117 |       operator<<([01;36m[K__ios_type& (*__pf)(__ios_type&)[m[K)
      |                  [01;36m[K~~~~~~~~~~~~~~^~~~~~~~~~~~~~~~~~[m[K
[01m[K/usr/include/c++/11/ostream:127:7:[m[K [01;36m[Knote: [m[Kcandidate: ‘[01m[Kstd::basic_ostream<_CharT, _Traits>::__ostream_type& std::basic_ostream<_CharT, _Traits>::operator<<(std::ios_base& (*)(std::ios_base&)) [with _CharT = char; _Traits = std::char_traits<char>; std::basic_ostream<_CharT, _Traits>::__ostream_type = std::basic_ostream<char>][m[K’
  127 |       [01;36m[Koperator[m[K<<(ios_base& (*__pf) (ios_base&))
      |       [01;36m[K^~~~~~~~[m[K
[01m[K/usr/include/c++/11/ostream:127:30:[m[K [01;36m[Knote: [m[K  no known conversion for argument 1 from ‘[01m[K<unresolved overloaded function type>[m[K’ to ‘[01m[Kstd::ios_base& (*)(std::ios_base&)[m[K’
  127 |       operator<<([01;36m[Kios_base& (*__pf) (ios_base&)[m[K)
      |                  [01;36m[K~~~~~~~~~~~~^~~~~~~~~~~~~~~~~[m[K
[01m[K/usr/include/c++/11/ostream:166:7:[m[K [01;36m[Knote: [m[Kcandidate: ‘[01m[Kstd::basic_ostream<_CharT, _Traits>::__ostream_type& std::basic_ostream<_CharT, _Traits>::operator<<(long int) [with _CharT = char; _Traits = std::char_traits<char>; std::basic_ostream<_CharT, _Traits>::__ostream_type = std::basic_ostream<char>][m[K’
  166 |       [01;36m[Koperator[m[K<<(long __n)
      |       [01;36m[K^~~~~~~~[m[K
[01m[K/usr/include/c++/11/ostream:166:23:[m[K [01;36m[Knote: [m[K  no known conversion for argument 1 from ‘[01m[K<unresolved overloaded function type>[m[K’ to ‘[01m[Klong int[m[K’
  166 |       operator<<([01;36m[Klong __n[m[K)
      |                  [01;36m[K~~~~~^~~[m[K
[01m[K/usr/include/c++/11/ostream:170:7:[m[K [01;36m[Knote: [m[Kcandidate: ‘[01m[Kstd::basic_ostream<_CharT, _Traits>::__ostream_type& std::basic_ostream<_CharT, _Traits>::operator<<(long unsigned int) [with _CharT = char; _Traits = std::char_traits<char>; std::basic_ostream<_CharT, _Traits>::__ostream_type = std::basic_ostream<char>][m[K’
  170 |       [01;36m[Koperator[m[K<<(unsigned long __n)
      |       [01;36m[K^~~~~~~~[m[K
[01m[K/usr/include/c++/11/ostream:170:32:[m[K [01;36m[Knote: [m[K  no known conversion for argument 1 from ‘[01m[K<unresolved overloaded function type>[m[K’ to ‘[01m[Klong unsigned int[m[K’
  170 |       operator<<([01;36m[Kunsigned long __n[m[K)
      |                  [01;36m[K~~~~~~~~~~~~~~^~~[m[K
[01m[K/usr/include/c++/11/ostream:174:7:[m[K [01;36m[Knote: [m[Kcandidate: ‘[01m[Kstd::basic_ostream<_CharT, _Traits>::__ostream_type& std::basic_ostream<_CharT, _Traits>::operator<<(bool) [with _CharT = char; _Traits = std::char_traits<char>; std::basic_ostream<_CharT, _Traits>::__ostream_type = std::basic_ostream<char>][m[K’
  174 |       [01;36m[Koperator[m[K<<(bool __n)
      |       [01;36m[K^~~~~~~~[m[K
[01m[K/usr/include/c++/11/ostream:174:23:[m[K [01;36m[Knote: [m[K  no known conversion for argument 1 from ‘[01m[K<unresolved overloaded function type>[m[K’ to ‘[01m[Kbool[m[K’
  174 |       operator<<([01;36m[Kbool __n[m[K)
      |                  [01;36m[K~~~~~^~~[m[K
In file included from [01m[K/usr/include/c++/11/ostream:829[m[K,
                 from [01m[K/usr/include/c++/11/istream:39[m[K,
                 from [01m[K/usr/include/c++/11/sstream:38[m[K,
                 from [01m[K/opt/ros/humble/include/sensor_msgs/sensor_msgs/msg/detail/laser_scan__traits.hpp:10[m[K,
                 from [01m[K/opt/ros/humble/include/sensor_msgs/sensor_msgs/msg/laser_scan.hpp:9[m[K,
                 from [01m[K/home/claudia/ForestGuard/src/controller_pkg/include/controller_pkg/laserprocessing.h:14[m[K,
                 from [01m[K/home/claudia/ForestGuard/src/controller_pkg/src/laserprocessing.cpp:11[m[K:
[01m[K/usr/include/c++/11/bits/ostream.tcc:91:5:[m[K [01;36m[Knote: [m[Kcandidate: ‘[01m[Kstd::basic_ostream<_Ch, _Tr>& std::basic_ostream<_CharT, _Traits>::operator<<(short int) [with _CharT = char; _Traits = std::char_traits<char>][m[K’
   91 |     [01;36m[Kbasic_ostream<_CharT, _Traits>[m[K::
      |     [01;36m[K^~~~~~~~~~~~~~~~~~~~~~~~~~~~~~[m[K
[01m[K/usr/include/c++/11/bits/ostream.tcc:92:22:[m[K [01;36m[Knote: [m[K  no known conversion for argument 1 from ‘[01m[K<unresolved overloaded function type>[m[K’ to ‘[01m[Kshort int[m[K’
   92 |     operator<<([01;36m[Kshort __n[m[K)
      |                [01;36m[K~~~~~~^~~[m[K
In file included from [01m[K/usr/include/c++/11/istream:39[m[K,
                 from [01m[K/usr/include/c++/11/sstream:38[m[K,
                 from [01m[K/opt/ros/humble/include/sensor_msgs/sensor_msgs/msg/detail/laser_scan__traits.hpp:10[m[K,
                 from [01m[K/opt/ros/humble/include/sensor_msgs/sensor_msgs/msg/laser_scan.hpp:9[m[K,
                 from [01m[K/home/claudia/ForestGuard/src/controller_pkg/include/controller_pkg/laserprocessing.h:14[m[K,
                 from [01m[K/home/claudia/ForestGuard/src/controller_pkg/src/laserprocessing.cpp:11[m[K:
[01m[K/usr/include/c++/11/ostream:181:7:[m[K [01;36m[Knote: [m[Kcandidate: ‘[01m[Kstd::basic_ostream<_CharT, _Traits>::__ostream_type& std::basic_ostream<_CharT, _Traits>::operator<<(short unsigned int) [with _CharT = char; _Traits = std::char_traits<char>; std::basic_ostream<_CharT, _Traits>::__ostream_type = std::basic_ostream<char>][m[K’
  181 |       [01;36m[Koperator[m[K<<(unsigned short __n)
      |       [01;36m[K^~~~~~~~[m[K
[01m[K/usr/include/c++/11/ostream:181:33:[m[K [01;36m[Knote: [m[K  no known conversion for argument 1 from ‘[01m[K<unresolved overloaded function type>[m[K’ to ‘[01m[Kshort unsigned int[m[K’
  181 |       operator<<([01;36m[Kunsigned short __n[m[K)
      |                  [01;36m[K~~~~~~~~~~~~~~~^~~[m[K
In file included from [01m[K/usr/include/c++/11/ostream:829[m[K,
                 from [01m[K/usr/include/c++/11/istream:39[m[K,
                 from [01m[K/usr/include/c++/11/sstream:38[m[K,
                 from [01m[K/opt/ros/humble/include/sensor_msgs/sensor_msgs/msg/detail/laser_scan__traits.hpp:10[m[K,
                 from [01m[K/opt/ros/humble/include/sensor_msgs/sensor_msgs/msg/laser_scan.hpp:9[m[K,
                 from [01m[K/home/claudia/ForestGuard/src/controller_pkg/include/controller_pkg/laserprocessing.h:14[m[K,
                 from [01m[K/home/claudia/ForestGuard/src/controller_pkg/src/laserprocessing.cpp:11[m[K:
[01m[K/usr/include/c++/11/bits/ostream.tcc:105:5:[m[K [01;36m[Knote: [m[Kcandidate: ‘[01m[Kstd::basic_ostream<_Ch, _Tr>& std::basic_ostream<_CharT, _Traits>::operator<<(int) [with _CharT = char; _Traits = std::char_traits<char>][m[K’
  105 |     [01;36m[Kbasic_ostream<_CharT, _Traits>[m[K::
      |     [01;36m[K^~~~~~~~~~~~~~~~~~~~~~~~~~~~~~[m[K
[01m[K/usr/include/c++/11/bits/ostream.tcc:106:20:[m[K [01;36m[Knote: [m[K  no known conversion for argument 1 from ‘[01m[K<unresolved overloaded function type>[m[K’ to ‘[01m[Kint[m[K’
  106 |     operator<<([01;36m[Kint __n[m[K)
      |                [01;36m[K~~~~^~~[m[K
In file included from [01m[K/usr/include/c++/11/istream:39[m[K,
                 from [01m[K/usr/include/c++/11/sstream:38[m[K,
                 from [01m[K/opt/ros/humble/include/sensor_msgs/sensor_msgs/msg/detail/laser_scan__traits.hpp:10[m[K,
                 from [01m[K/opt/ros/humble/include/sensor_msgs/sensor_msgs/msg/laser_scan.hpp:9[m[K,
                 from [01m[K/home/claudia/ForestGuard/src/controller_pkg/include/controller_pkg/laserprocessing.h:14[m[K,
                 from [01m[K/home/claudia/ForestGuard/src/controller_pkg/src/laserprocessing.cpp:11[m[K:
[01m[K/usr/include/c++/11/ostream:192:7:[m[K [01;36m[Knote: [m[Kcandidate: ‘[01m[Kstd::basic_ostream<_CharT, _Traits>::__ostream_type& std::basic_ostream<_CharT, _Traits>::operator<<(unsigned int) [with _CharT = char; _Traits = std::char_traits<char>; std::basic_ostream<_CharT, _Traits>::__ostream_type = std::basic_ostream<char>][m[K’
  192 |       [01;36m[Koperator[m[K<<(unsigned int __n)
      |       [01;36m[K^~~~~~~~[m[K
[01m[K/usr/include/c++/11/ostream:192:31:[m[K [01;36m[Knote: [m[K  no known conversion for argument 1 from ‘[01m[K<unresolved overloaded function type>[m[K’ to ‘[01m[Kunsigned int[m[K’
  192 |       operator<<([01;36m[Kunsigned int __n[m[K)
      |                  [01;36m[K~~~~~~~~~~~~~^~~[m[K
[01m[K/usr/include/c++/11/ostream:201:7:[m[K [01;36m[Knote: [m[Kcandidate: ‘[01m[Kstd::basic_ostream<_CharT, _Traits>::__ostream_type& std::basic_ostream<_CharT, _Traits>::operator<<(long long int) [with _CharT = char; _Traits = std::char_traits<char>; std::basic_ostream<_CharT, _Traits>::__ostream_type = std::basic_ostream<char>][m[K’
  201 |       [01;36m[Koperator[m[K<<(long long __n)
      |       [01;36m[K^~~~~~~~[m[K
[01m[K/usr/include/c++/11/ostream:201:28:[m[K [01;36m[Knote: [m[K  no known conversion for argument 1 from ‘[01m[K<unresolved overloaded function type>[m[K’ to ‘[01m[Klong long int[m[K’
  201 |       operator<<([01;36m[Klong long __n[m[K)
      |                  [01;36m[K~~~~~~~~~~^~~[m[K
[01m[K/usr/include/c++/11/ostream:205:7:[m[K [01;36m[Knote: [m[Kcandidate: ‘[01m[Kstd::basic_ostream<_CharT, _Traits>::__ostream_type& std::basic_ostream<_CharT, _Traits>::operator<<(long long unsigned int) [with _CharT = char; _Traits = std::char_traits<char>; std::basic_ostream<_CharT, _Traits>::__ostream_type = std::basic_ostream<char>][m[K’
  205 |       [01;36m[Koperator[m[K<<(unsigned long long __n)
      |       [01;36m[K^~~~~~~~[m[K
[01m[K/usr/include/c++/11/ostream:205:37:[m[K [01;36m[Knote: [m[K  no known conversion for argument 1 from ‘[01m[K<unresolved overloaded function type>[m[K’ to ‘[01m[Klong long unsigned int[m[K’
  205 |       operator<<([01;36m[Kunsigned long long __n[m[K)
      |                  [01;36m[K~~~~~~~~~~~~~~~~~~~^~~[m[K
[01m[K/usr/include/c++/11/ostream:220:7:[m[K [01;36m[Knote: [m[Kcandidate: ‘[01m[Kstd::basic_ostream<_CharT, _Traits>::__ostream_type& std::basic_ostream<_CharT, _Traits>::operator<<(double) [with _CharT = char; _Traits = std::char_traits<char>; std::basic_ostream<_CharT, _Traits>::__ostream_type = std::basic_ostream<char>][m[K’
  220 |       [01;36m[Koperator[m[K<<(double __f)
      |       [01;36m[K^~~~~~~~[m[K
[01m[K/usr/include/c++/11/ostream:220:25:[m[K [01;36m[Knote: [m[K  no known conversion for argument 1 from ‘[01m[K<unresolved overloaded function type>[m[K’ to ‘[01m[Kdouble[m[K’
  220 |       operator<<([01;36m[Kdouble __f[m[K)
      |                  [01;36m[K~~~~~~~^~~[m[K
[01m[K/usr/include/c++/11/ostream:224:7:[m[K [01;36m[Knote: [m[Kcandidate: ‘[01m[Kstd::basic_ostream<_CharT, _Traits>::__ostream_type& std::basic_ostream<_CharT, _Traits>::operator<<(float) [with _CharT = char; _Traits = std::char_traits<char>; std::basic_ostream<_CharT, _Traits>::__ostream_type = std::basic_ostream<char>][m[K’
  224 |       [01;36m[Koperator[m[K<<(float __f)
      |       [01;36m[K^~~~~~~~[m[K
[01m[K/usr/include/c++/11/ostream:224:24:[m[K [01;36m[Knote: [m[K  no known conversion for argument 1 from ‘[01m[K<unresolved overloaded function type>[m[K’ to ‘[01m[Kfloat[m[K’
  224 |       operator<<([01;36m[Kfloat __f[m[K)
      |                  [01;36m[K~~~~~~^~~[m[K
[01m[K/usr/include/c++/11/ostream:232:7:[m[K [01;36m[Knote: [m[Kcandidate: ‘[01m[Kstd::basic_ostream<_CharT, _Traits>::__ostream_type& std::basic_ostream<_CharT, _Traits>::operator<<(long double) [with _CharT = char; _Traits = std::char_traits<char>; std::basic_ostream<_CharT, _Traits>::__ostream_type = std::basic_ostream<char>][m[K’
  232 |       [01;36m[Koperator[m[K<<(long double __f)
      |       [01;36m[K^~~~~~~~[m[K
[01m[K/usr/include/c++/11/ostream:232:30:[m[K [01;36m[Knote: [m[K  no known conversion for argument 1 from ‘[01m[K<unresolved overloaded function type>[m[K’ to ‘[01m[Klong double[m[K’
  232 |       operator<<([01;36m[Klong double __f[m[K)
      |                  [01;36m[K~~~~~~~~~~~~^~~[m[K
[01m[K/usr/include/c++/11/ostream:245:7:[m[K [01;36m[Knote: [m[Kcandidate: ‘[01m[Kstd::basic_ostream<_CharT, _Traits>::__ostream_type& std::basic_ostream<_CharT, _Traits>::operator<<(const void*) [with _CharT = char; _Traits = std::char_traits<char>; std::basic_ostream<_CharT, _Traits>::__ostream_type = std::basic_ostream<char>][m[K’
  245 |       [01;36m[Koperator[m[K<<(const void* __p)
      |       [01;36m[K^~~~~~~~[m[K
[01m[K/usr/include/c++/11/ostream:245:30:[m[K [01;36m[Knote: [m[K  no known conversion for argument 1 from ‘[01m[K<unresolved overloaded function type>[m[K’ to ‘[01m[Kconst void*[m[K’
  245 |       operator<<([01;36m[Kconst void* __p[m[K)
      |                  [01;36m[K~~~~~~~~~~~~^~~[m[K
[01m[K/usr/include/c++/11/ostream:250:7:[m[K [01;36m[Knote: [m[Kcandidate: ‘[01m[Kstd::basic_ostream<_CharT, _Traits>::__ostream_type& std::basic_ostream<_CharT, _Traits>::operator<<(std::nullptr_t) [with _CharT = char; _Traits = std::char_traits<char>; std::basic_ostream<_CharT, _Traits>::__ostream_type = std::basic_ostream<char>; std::nullptr_t = std::nullptr_t][m[K’
  250 |       [01;36m[Koperator[m[K<<(nullptr_t)
      |       [01;36m[K^~~~~~~~[m[K
[01m[K/usr/include/c++/11/ostream:250:18:[m[K [01;36m[Knote: [m[K  no known conversion for argument 1 from ‘[01m[K<unresolved overloaded function type>[m[K’ to ‘[01m[Kstd::nullptr_t[m[K’
  250 |       operator<<([01;36m[Knullptr_t[m[K)
      |                  [01;36m[K^~~~~~~~~[m[K
In file included from [01m[K/usr/include/c++/11/ostream:829[m[K,
                 from [01m[K/usr/include/c++/11/istream:39[m[K,
                 from [01m[K/usr/include/c++/11/sstream:38[m[K,
                 from [01m[K/opt/ros/humble/include/sensor_msgs/sensor_msgs/msg/detail/laser_scan__traits.hpp:10[m[K,
                 from [01m[K/opt/ros/humble/include/sensor_msgs/sensor_msgs/msg/laser_scan.hpp:9[m[K,
                 from [01m[K/home/claudia/ForestGuard/src/controller_pkg/include/controller_pkg/laserprocessing.h:14[m[K,
                 from [01m[K/home/claudia/ForestGuard/src/controller_pkg/src/laserprocessing.cpp:11[m[K:
[01m[K/usr/include/c++/11/bits/ostream.tcc:119:5:[m[K [01;36m[Knote: [m[Kcandidate: ‘[01m[Kstd::basic_ostream<_Ch, _Tr>& std::basic_ostream<_CharT, _Traits>::operator<<(std::basic_ostream<_CharT, _Traits>::__streambuf_type*) [with _CharT = char; _Traits = std::char_traits<char>; std::basic_ostream<_CharT, _Traits>::__streambuf_type = std::basic_streambuf<char>][m[K’
  119 |     [01;36m[Kbasic_ostream<_CharT, _Traits>[m[K::
      |     [01;36m[K^~~~~~~~~~~~~~~~~~~~~~~~~~~~~~[m[K
[01m[K/usr/include/c++/11/bits/ostream.tcc:120:34:[m[K [01;36m[Knote: [m[K  no known conversion for argument 1 from ‘[01m[K<unresolved overloaded function type>[m[K’ to ‘[01m[Kstd::basic_ostream<char>::__streambuf_type*[m[K’ {aka ‘[01m[Kstd::basic_streambuf<char>*[m[K’}
  120 |     operator<<([01;36m[K__streambuf_type* __sbin[m[K)
      |                [01;36m[K~~~~~~~~~~~~~~~~~~^~~~~~[m[K
In file included from [01m[K/usr/include/c++/11/memory:77[m[K,
                 from [01m[K/opt/ros/humble/include/sensor_msgs/sensor_msgs/msg/detail/laser_scan__struct.hpp:10[m[K,
                 from [01m[K/opt/ros/humble/include/sensor_msgs/sensor_msgs/msg/laser_scan.hpp:7[m[K,
                 from [01m[K/home/claudia/ForestGuard/src/controller_pkg/include/controller_pkg/laserprocessing.h:14[m[K,
                 from [01m[K/home/claudia/ForestGuard/src/controller_pkg/src/laserprocessing.cpp:11[m[K:
[01m[K/usr/include/c++/11/bits/shared_ptr.h:70:5:[m[K [01;36m[Knote: [m[Kcandidate: ‘[01m[Ktemplate<class _Ch, class _Tr, class _Tp, __gnu_cxx::_Lock_policy _Lp> std::basic_ostream<_Ch, _Tr>& std::operator<<(std::basic_ostream<_Ch, _Tr>&, const std::__shared_ptr<_Tp, _Lp>&)[m[K’
   70 |     [01;36m[Koperator[m[K<<(std::basic_ostream<_Ch, _Tr>& __os,
      |     [01;36m[K^~~~~~~~[m[K
[01m[K/usr/include/c++/11/bits/shared_ptr.h:70:5:[m[K [01;36m[Knote: [m[K  template argument deduction/substitution failed:
[01m[K/home/claudia/ForestGuard/src/controller_pkg/src/laserprocessing.cpp:110:49:[m[K [01;36m[Knote: [m[K  couldn’t deduce template parameter ‘[01m[K_Tp[m[K’
  110 |             std::cout << "count++: adding: " << [01;36m[Kcount[m[K << std::endl;
      |                                                 [01;36m[K^~~~~[m[K
In file included from [01m[K/usr/include/c++/11/bits/basic_string.h:48[m[K,
                 from [01m[K/usr/include/c++/11/string:55[m[K,
                 from [01m[K/opt/ros/humble/include/sensor_msgs/sensor_msgs/msg/detail/laser_scan__struct.hpp:11[m[K,
                 from [01m[K/opt/ros/humble/include/sensor_msgs/sensor_msgs/msg/laser_scan.hpp:7[m[K,
                 from [01m[K/home/claudia/ForestGuard/src/controller_pkg/include/controller_pkg/laserprocessing.h:14[m[K,
                 from [01m[K/home/claudia/ForestGuard/src/controller_pkg/src/laserprocessing.cpp:11[m[K:
[01m[K/usr/include/c++/11/string_view:667:5:[m[K [01;36m[Knote: [m[Kcandidate: ‘[01m[Kstd::basic_ostream<_Ch, _Tr>& std::operator<<(std::basic_ostream<_Ch, _Tr>&, std::basic_string_view<_CharT, _Traits>) [with _CharT = char; _Traits = std::char_traits<char>][m[K’
  667 |     [01;36m[Koperator[m[K<<(basic_ostream<_CharT, _Traits>& __os,
      |     [01;36m[K^~~~~~~~[m[K
[01m[K/usr/include/c++/11/string_view:668:50:[m[K [01;36m[Knote: [m[K  no known conversion for argument 2 from ‘[01m[K<unresolved overloaded function type>[m[K’ to ‘[01m[Kstd::basic_string_view<char>[m[K’
  668 |                [01;36m[Kbasic_string_view<_CharT,_Traits> __str[m[K)
      |                [01;36m[K~~~~~~~~~~~~~~~~~~~~~~~~~~~~~~~~~~^~~~~[m[K
In file included from [01m[K/usr/include/c++/11/string:55[m[K,
                 from [01m[K/opt/ros/humble/include/sensor_msgs/sensor_msgs/msg/detail/laser_scan__struct.hpp:11[m[K,
                 from [01m[K/opt/ros/humble/include/sensor_msgs/sensor_msgs/msg/laser_scan.hpp:7[m[K,
                 from [01m[K/home/claudia/ForestGuard/src/controller_pkg/include/controller_pkg/laserprocessing.h:14[m[K,
                 from [01m[K/home/claudia/ForestGuard/src/controller_pkg/src/laserprocessing.cpp:11[m[K:
[01m[K/usr/include/c++/11/bits/basic_string.h:6531:5:[m[K [01;36m[Knote: [m[Kcandidate: ‘[01m[Ktemplate<class _CharT, class _Traits, class _Alloc> std::basic_ostream<_Ch, _Tr>& std::operator<<(std::basic_ostream<_Ch, _Tr>&, const std::__cxx11::basic_string<_CharT, _Traits, _Allocator>&)[m[K’
 6531 |     [01;36m[Koperator[m[K<<(basic_ostream<_CharT, _Traits>& __os,
      |     [01;36m[K^~~~~~~~[m[K
[01m[K/usr/include/c++/11/bits/basic_string.h:6531:5:[m[K [01;36m[Knote: [m[K  template argument deduction/substitution failed:
[01m[K/home/claudia/ForestGuard/src/controller_pkg/src/laserprocessing.cpp:110:49:[m[K [01;36m[Knote: [m[K  couldn’t deduce template parameter ‘[01m[K_Alloc[m[K’
  110 |             std::cout << "count++: adding: " << [01;36m[Kcount[m[K << std::endl;
      |                                                 [01;36m[K^~~~~[m[K
In file included from [01m[K/usr/include/c++/11/bits/ios_base.h:46[m[K,
                 from [01m[K/usr/include/c++/11/ios:42[m[K,
                 from [01m[K/usr/include/c++/11/istream:38[m[K,
                 from [01m[K/usr/include/c++/11/sstream:38[m[K,
                 from [01m[K/opt/ros/humble/include/sensor_msgs/sensor_msgs/msg/detail/laser_scan__traits.hpp:10[m[K,
                 from [01m[K/opt/ros/humble/include/sensor_msgs/sensor_msgs/msg/laser_scan.hpp:9[m[K,
                 from [01m[K/home/claudia/ForestGuard/src/controller_pkg/include/controller_pkg/laserprocessing.h:14[m[K,
                 from [01m[K/home/claudia/ForestGuard/src/controller_pkg/src/laserprocessing.cpp:11[m[K:
[01m[K/usr/include/c++/11/system_error:279:5:[m[K [01;36m[Knote: [m[Kcandidate: ‘[01m[Ktemplate<class _CharT, class _Traits> std::basic_ostream<_Ch, _Tr>& std::operator<<(std::basic_ostream<_Ch, _Tr>&, const std::error_code&)[m[K’
  279 |     [01;36m[Koperator[m[K<<(basic_ostream<_CharT, _Traits>& __os, const error_code& __e)
      |     [01;36m[K^~~~~~~~[m[K
[01m[K/usr/include/c++/11/system_error:279:5:[m[K [01;36m[Knote: [m[K  template argument deduction/substitution failed:
[01m[K/home/claudia/ForestGuard/src/controller_pkg/src/laserprocessing.cpp:110:49:[m[K [01;36m[Knote: [m[K  cannot convert ‘[01m[Kstd::count[m[K’ (type ‘[01m[K<unresolved overloaded function type>[m[K’) to type ‘[01m[Kconst std::error_code&[m[K’
  110 |             std::cout << "count++: adding: " << [01;36m[Kcount[m[K << std::endl;
      |                                                 [01;36m[K^~~~~[m[K
In file included from [01m[K/usr/include/c++/11/istream:39[m[K,
                 from [01m[K/usr/include/c++/11/sstream:38[m[K,
                 from [01m[K/opt/ros/humble/include/sensor_msgs/sensor_msgs/msg/detail/laser_scan__traits.hpp:10[m[K,
                 from [01m[K/opt/ros/humble/include/sensor_msgs/sensor_msgs/msg/laser_scan.hpp:9[m[K,
                 from [01m[K/home/claudia/ForestGuard/src/controller_pkg/include/controller_pkg/laserprocessing.h:14[m[K,
                 from [01m[K/home/claudia/ForestGuard/src/controller_pkg/src/laserprocessing.cpp:11[m[K:
[01m[K/usr/include/c++/11/ostream:513:5:[m[K [01;36m[Knote: [m[Kcandidate: ‘[01m[Kstd::basic_ostream<_Ch, _Tr>& std::operator<<(std::basic_ostream<_Ch, _Tr>&, _CharT) [with _CharT = char; _Traits = std::char_traits<char>][m[K’
  513 |     [01;36m[Koperator[m[K<<(basic_ostream<_CharT, _Traits>& __out, _CharT __c)
      |     [01;36m[K^~~~~~~~[m[K
[01m[K/usr/include/c++/11/ostream:513:62:[m[K [01;36m[Knote: [m[K  no known conversion for argument 2 from ‘[01m[K<unresolved overloaded function type>[m[K’ to ‘[01m[Kchar[m[K’
  513 |     operator<<(basic_ostream<_CharT, _Traits>& __out, [01;36m[K_CharT __c[m[K)
      |                                                       [01;36m[K~~~~~~~^~~[m[K
[01m[K/usr/include/c++/11/ostream:518:5:[m[K [01;36m[Knote: [m[Kcandidate: ‘[01m[Ktemplate<class _CharT, class _Traits> std::basic_ostream<_Ch, _Tr>& std::operator<<(std::basic_ostream<_Ch, _Tr>&, char)[m[K’
  518 |     [01;36m[Koperator[m[K<<(basic_ostream<_CharT, _Traits>& __out, char __c)
      |     [01;36m[K^~~~~~~~[m[K
[01m[K/usr/include/c++/11/ostream:518:5:[m[K [01;36m[Knote: [m[K  template argument deduction/substitution failed:
[01m[K/home/claudia/ForestGuard/src/controller_pkg/src/laserprocessing.cpp:110:49:[m[K [01;36m[Knote: [m[K  cannot convert ‘[01m[Kstd::count[m[K’ (type ‘[01m[K<unresolved overloaded function type>[m[K’) to type ‘[01m[Kchar[m[K’
  110 |             std::cout << "count++: adding: " << [01;36m[Kcount[m[K << std::endl;
      |                                                 [01;36m[K^~~~~[m[K
In file included from [01m[K/usr/include/c++/11/istream:39[m[K,
                 from [01m[K/usr/include/c++/11/sstream:38[m[K,
                 from [01m[K/opt/ros/humble/include/sensor_msgs/sensor_msgs/msg/detail/laser_scan__traits.hpp:10[m[K,
                 from [01m[K/opt/ros/humble/include/sensor_msgs/sensor_msgs/msg/laser_scan.hpp:9[m[K,
                 from [01m[K/home/claudia/ForestGuard/src/controller_pkg/include/controller_pkg/laserprocessing.h:14[m[K,
                 from [01m[K/home/claudia/ForestGuard/src/controller_pkg/src/laserprocessing.cpp:11[m[K:
[01m[K/usr/include/c++/11/ostream:524:5:[m[K [01;36m[Knote: [m[Kcandidate: ‘[01m[Ktemplate<class _Traits> std::basic_ostream<char, _Traits>& std::operator<<(std::basic_ostream<char, _Traits>&, char)[m[K’
  524 |     [01;36m[Koperator[m[K<<(basic_ostream<char, _Traits>& __out, char __c)
      |     [01;36m[K^~~~~~~~[m[K
[01m[K/usr/include/c++/11/ostream:524:5:[m[K [01;36m[Knote: [m[K  template argument deduction/substitution failed:
[01m[K/home/claudia/ForestGuard/src/controller_pkg/src/laserprocessing.cpp:110:49:[m[K [01;36m[Knote: [m[K  cannot convert ‘[01m[Kstd::count[m[K’ (type ‘[01m[K<unresolved overloaded function type>[m[K’) to type ‘[01m[Kchar[m[K’
  110 |             std::cout << "count++: adding: " << [01;36m[Kcount[m[K << std::endl;
      |                                                 [01;36m[K^~~~~[m[K
In file included from [01m[K/usr/include/c++/11/istream:39[m[K,
                 from [01m[K/usr/include/c++/11/sstream:38[m[K,
                 from [01m[K/opt/ros/humble/include/sensor_msgs/sensor_msgs/msg/detail/laser_scan__traits.hpp:10[m[K,
                 from [01m[K/opt/ros/humble/include/sensor_msgs/sensor_msgs/msg/laser_scan.hpp:9[m[K,
                 from [01m[K/home/claudia/ForestGuard/src/controller_pkg/include/controller_pkg/laserprocessing.h:14[m[K,
                 from [01m[K/home/claudia/ForestGuard/src/controller_pkg/src/laserprocessing.cpp:11[m[K:
[01m[K/usr/include/c++/11/ostream:530:5:[m[K [01;36m[Knote: [m[Kcandidate: ‘[01m[Ktemplate<class _Traits> std::basic_ostream<char, _Traits>& std::operator<<(std::basic_ostream<char, _Traits>&, signed char)[m[K’
  530 |     [01;36m[Koperator[m[K<<(basic_ostream<char, _Traits>& __out, signed char __c)
      |     [01;36m[K^~~~~~~~[m[K
[01m[K/usr/include/c++/11/ostream:530:5:[m[K [01;36m[Knote: [m[K  template argument deduction/substitution failed:
[01m[K/home/claudia/ForestGuard/src/controller_pkg/src/laserprocessing.cpp:110:49:[m[K [01;36m[Knote: [m[K  cannot convert ‘[01m[Kstd::count[m[K’ (type ‘[01m[K<unresolved overloaded function type>[m[K’) to type ‘[01m[Ksigned char[m[K’
  110 |             std::cout << "count++: adding: " << [01;36m[Kcount[m[K << std::endl;
      |                                                 [01;36m[K^~~~~[m[K
In file included from [01m[K/usr/include/c++/11/istream:39[m[K,
                 from [01m[K/usr/include/c++/11/sstream:38[m[K,
                 from [01m[K/opt/ros/humble/include/sensor_msgs/sensor_msgs/msg/detail/laser_scan__traits.hpp:10[m[K,
                 from [01m[K/opt/ros/humble/include/sensor_msgs/sensor_msgs/msg/laser_scan.hpp:9[m[K,
                 from [01m[K/home/claudia/ForestGuard/src/controller_pkg/include/controller_pkg/laserprocessing.h:14[m[K,
                 from [01m[K/home/claudia/ForestGuard/src/controller_pkg/src/laserprocessing.cpp:11[m[K:
[01m[K/usr/include/c++/11/ostream:535:5:[m[K [01;36m[Knote: [m[Kcandidate: ‘[01m[Ktemplate<class _Traits> std::basic_ostream<char, _Traits>& std::operator<<(std::basic_ostream<char, _Traits>&, unsigned char)[m[K’
  535 |     [01;36m[Koperator[m[K<<(basic_ostream<char, _Traits>& __out, unsigned char __c)
      |     [01;36m[K^~~~~~~~[m[K
[01m[K/usr/include/c++/11/ostream:535:5:[m[K [01;36m[Knote: [m[K  template argument deduction/substitution failed:
[01m[K/home/claudia/ForestGuard/src/controller_pkg/src/laserprocessing.cpp:110:49:[m[K [01;36m[Knote: [m[K  cannot convert ‘[01m[Kstd::count[m[K’ (type ‘[01m[K<unresolved overloaded function type>[m[K’) to type ‘[01m[Kunsigned char[m[K’
  110 |             std::cout << "count++: adding: " << [01;36m[Kcount[m[K << std::endl;
      |                                                 [01;36m[K^~~~~[m[K
In file included from [01m[K/usr/include/c++/11/istream:39[m[K,
                 from [01m[K/usr/include/c++/11/sstream:38[m[K,
                 from [01m[K/opt/ros/humble/include/sensor_msgs/sensor_msgs/msg/detail/laser_scan__traits.hpp:10[m[K,
                 from [01m[K/opt/ros/humble/include/sensor_msgs/sensor_msgs/msg/laser_scan.hpp:9[m[K,
                 from [01m[K/home/claudia/ForestGuard/src/controller_pkg/include/controller_pkg/laserprocessing.h:14[m[K,
                 from [01m[K/home/claudia/ForestGuard/src/controller_pkg/src/laserprocessing.cpp:11[m[K:
[01m[K/usr/include/c++/11/ostream:594:5:[m[K [01;36m[Knote: [m[Kcandidate: ‘[01m[Kstd::basic_ostream<_Ch, _Tr>& std::operator<<(std::basic_ostream<_Ch, _Tr>&, const _CharT*) [with _CharT = char; _Traits = std::char_traits<char>][m[K’
  594 |     [01;36m[Koperator[m[K<<(basic_ostream<_CharT, _Traits>& __out, const _CharT* __s)
      |     [01;36m[K^~~~~~~~[m[K
[01m[K/usr/include/c++/11/ostream:594:69:[m[K [01;36m[Knote: [m[K  no known conversion for argument 2 from ‘[01m[K<unresolved overloaded function type>[m[K’ to ‘[01m[Kconst char*[m[K’
  594 |     operator<<(basic_ostream<_CharT, _Traits>& __out, [01;36m[Kconst _CharT* __s[m[K)
      |                                                       [01;36m[K~~~~~~~~~~~~~~^~~[m[K
In file included from [01m[K/usr/include/c++/11/ostream:829[m[K,
                 from [01m[K/usr/include/c++/11/istream:39[m[K,
                 from [01m[K/usr/include/c++/11/sstream:38[m[K,
                 from [01m[K/opt/ros/humble/include/sensor_msgs/sensor_msgs/msg/detail/laser_scan__traits.hpp:10[m[K,
                 from [01m[K/opt/ros/humble/include/sensor_msgs/sensor_msgs/msg/laser_scan.hpp:9[m[K,
                 from [01m[K/home/claudia/ForestGuard/src/controller_pkg/include/controller_pkg/laserprocessing.h:14[m[K,
                 from [01m[K/home/claudia/ForestGuard/src/controller_pkg/src/laserprocessing.cpp:11[m[K:
[01m[K/usr/include/c++/11/bits/ostream.tcc:321:5:[m[K [01;36m[Knote: [m[Kcandidate: ‘[01m[Ktemplate<class _CharT, class _Traits> std::basic_ostream<_Ch, _Tr>& std::operator<<(std::basic_ostream<_Ch, _Tr>&, const char*)[m[K’
  321 |     [01;36m[Koperator[m[K<<(basic_ostream<_CharT, _Traits>& __out, const char* __s)
      |     [01;36m[K^~~~~~~~[m[K
[01m[K/usr/include/c++/11/bits/ostream.tcc:321:5:[m[K [01;36m[Knote: [m[K  template argument deduction/substitution failed:
[01m[K/home/claudia/ForestGuard/src/controller_pkg/src/laserprocessing.cpp:110:49:[m[K [01;36m[Knote: [m[K  cannot convert ‘[01m[Kstd::count[m[K’ (type ‘[01m[K<unresolved overloaded function type>[m[K’) to type ‘[01m[Kconst char*[m[K’
  110 |             std::cout << "count++: adding: " << [01;36m[Kcount[m[K << std::endl;
      |                                                 [01;36m[K^~~~~[m[K
In file included from [01m[K/usr/include/c++/11/istream:39[m[K,
                 from [01m[K/usr/include/c++/11/sstream:38[m[K,
                 from [01m[K/opt/ros/humble/include/sensor_msgs/sensor_msgs/msg/detail/laser_scan__traits.hpp:10[m[K,
                 from [01m[K/opt/ros/humble/include/sensor_msgs/sensor_msgs/msg/laser_scan.hpp:9[m[K,
                 from [01m[K/home/claudia/ForestGuard/src/controller_pkg/include/controller_pkg/laserprocessing.h:14[m[K,
                 from [01m[K/home/claudia/ForestGuard/src/controller_pkg/src/laserprocessing.cpp:11[m[K:
[01m[K/usr/include/c++/11/ostream:611:5:[m[K [01;36m[Knote: [m[Kcandidate: ‘[01m[Ktemplate<class _Traits> std::basic_ostream<char, _Traits>& std::operator<<(std::basic_ostream<char, _Traits>&, const char*)[m[K’
  611 |     [01;36m[Koperator[m[K<<(basic_ostream<char, _Traits>& __out, const char* __s)
      |     [01;36m[K^~~~~~~~[m[K
[01m[K/usr/include/c++/11/ostream:611:5:[m[K [01;36m[Knote: [m[K  template argument deduction/substitution failed:
[01m[K/home/claudia/ForestGuard/src/controller_pkg/src/laserprocessing.cpp:110:49:[m[K [01;36m[Knote: [m[K  cannot convert ‘[01m[Kstd::count[m[K’ (type ‘[01m[K<unresolved overloaded function type>[m[K’) to type ‘[01m[Kconst char*[m[K’
  110 |             std::cout << "count++: adding: " << [01;36m[Kcount[m[K << std::endl;
      |                                                 [01;36m[K^~~~~[m[K
In file included from [01m[K/usr/include/c++/11/istream:39[m[K,
                 from [01m[K/usr/include/c++/11/sstream:38[m[K,
                 from [01m[K/opt/ros/humble/include/sensor_msgs/sensor_msgs/msg/detail/laser_scan__traits.hpp:10[m[K,
                 from [01m[K/opt/ros/humble/include/sensor_msgs/sensor_msgs/msg/laser_scan.hpp:9[m[K,
                 from [01m[K/home/claudia/ForestGuard/src/controller_pkg/include/controller_pkg/laserprocessing.h:14[m[K,
                 from [01m[K/home/claudia/ForestGuard/src/controller_pkg/src/laserprocessing.cpp:11[m[K:
[01m[K/usr/include/c++/11/ostream:624:5:[m[K [01;36m[Knote: [m[Kcandidate: ‘[01m[Ktemplate<class _Traits> std::basic_ostream<char, _Traits>& std::operator<<(std::basic_ostream<char, _Traits>&, const signed char*)[m[K’
  624 |     [01;36m[Koperator[m[K<<(basic_ostream<char, _Traits>& __out, const signed char* __s)
      |     [01;36m[K^~~~~~~~[m[K
[01m[K/usr/include/c++/11/ostream:624:5:[m[K [01;36m[Knote: [m[K  template argument deduction/substitution failed:
[01m[K/home/claudia/ForestGuard/src/controller_pkg/src/laserprocessing.cpp:110:49:[m[K [01;36m[Knote: [m[K  cannot convert ‘[01m[Kstd::count[m[K’ (type ‘[01m[K<unresolved overloaded function type>[m[K’) to type ‘[01m[Kconst signed char*[m[K’
  110 |             std::cout << "count++: adding: " << [01;36m[Kcount[m[K << std::endl;
      |                                                 [01;36m[K^~~~~[m[K
In file included from [01m[K/usr/include/c++/11/istream:39[m[K,
                 from [01m[K/usr/include/c++/11/sstream:38[m[K,
                 from [01m[K/opt/ros/humble/include/sensor_msgs/sensor_msgs/msg/detail/laser_scan__traits.hpp:10[m[K,
                 from [01m[K/opt/ros/humble/include/sensor_msgs/sensor_msgs/msg/laser_scan.hpp:9[m[K,
                 from [01m[K/home/claudia/ForestGuard/src/controller_pkg/include/controller_pkg/laserprocessing.h:14[m[K,
                 from [01m[K/home/claudia/ForestGuard/src/controller_pkg/src/laserprocessing.cpp:11[m[K:
[01m[K/usr/include/c++/11/ostream:629:5:[m[K [01;36m[Knote: [m[Kcandidate: ‘[01m[Ktemplate<class _Traits> std::basic_ostream<char, _Traits>& std::operator<<(std::basic_ostream<char, _Traits>&, const unsigned char*)[m[K’
  629 |     [01;36m[Koperator[m[K<<(basic_ostream<char, _Traits>& __out, const unsigned char* __s)
      |     [01;36m[K^~~~~~~~[m[K
[01m[K/usr/include/c++/11/ostream:629:5:[m[K [01;36m[Knote: [m[K  template argument deduction/substitution failed:
[01m[K/home/claudia/ForestGuard/src/controller_pkg/src/laserprocessing.cpp:110:49:[m[K [01;36m[Knote: [m[K  cannot convert ‘[01m[Kstd::count[m[K’ (type ‘[01m[K<unresolved overloaded function type>[m[K’) to type ‘[01m[Kconst unsigned char*[m[K’
  110 |             std::cout << "count++: adding: " << [01;36m[Kcount[m[K << std::endl;
      |                                                 [01;36m[K^~~~~[m[K
In file included from [01m[K/usr/include/c++/11/istream:39[m[K,
                 from [01m[K/usr/include/c++/11/sstream:38[m[K,
                 from [01m[K/opt/ros/humble/include/sensor_msgs/sensor_msgs/msg/detail/laser_scan__traits.hpp:10[m[K,
                 from [01m[K/opt/ros/humble/include/sensor_msgs/sensor_msgs/msg/laser_scan.hpp:9[m[K,
                 from [01m[K/home/claudia/ForestGuard/src/controller_pkg/include/controller_pkg/laserprocessing.h:14[m[K,
                 from [01m[K/home/claudia/ForestGuard/src/controller_pkg/src/laserprocessing.cpp:11[m[K:
[01m[K/usr/include/c++/11/ostream:750:5:[m[K [01;36m[Knote: [m[Kcandidate: ‘[01m[Ktemplate<class _Ostream, class _Tp> _Ostream&& std::operator<<(_Ostream&&, const _Tp&)[m[K’
  750 |     [01;36m[Koperator[m[K<<(_Ostream&& __os, const _Tp& __x)
      |     [01;36m[K^~~~~~~~[m[K
[01m[K/usr/include/c++/11/ostream:750:5:[m[K [01;36m[Knote: [m[K  template argument deduction/substitution failed:
[01m[K/home/claudia/ForestGuard/src/controller_pkg/src/laserprocessing.cpp:110:49:[m[K [01;36m[Knote: [m[K  couldn’t deduce template parameter ‘[01m[K_Tp[m[K’
  110 |             std::cout << "count++: adding: " << [01;36m[Kcount[m[K << std::endl;
      |                                                 [01;36m[K^~~~~[m[K
In file included from [01m[K/opt/ros/humble/include/rosidl_runtime_cpp/rosidl_runtime_cpp/traits.hpp:19[m[K,
                 from [01m[K/opt/ros/humble/include/sensor_msgs/sensor_msgs/msg/detail/laser_scan__traits.hpp:15[m[K,
                 from [01m[K/opt/ros/humble/include/sensor_msgs/sensor_msgs/msg/laser_scan.hpp:9[m[K,
                 from [01m[K/home/claudia/ForestGuard/src/controller_pkg/include/controller_pkg/laserprocessing.h:14[m[K,
                 from [01m[K/home/claudia/ForestGuard/src/controller_pkg/src/laserprocessing.cpp:11[m[K:
[01m[K/usr/include/c++/11/iomanip:79:5:[m[K [01;36m[Knote: [m[Kcandidate: ‘[01m[Ktemplate<class _CharT, class _Traits> std::basic_ostream<_Ch, _Tr>& std::operator<<(std::basic_ostream<_Ch, _Tr>&, std::_Resetiosflags)[m[K’
   79 |     [01;36m[Koperator[m[K<<(basic_ostream<_CharT, _Traits>& __os, _Resetiosflags __f)
      |     [01;36m[K^~~~~~~~[m[K
[01m[K/usr/include/c++/11/iomanip:79:5:[m[K [01;36m[Knote: [m[K  template argument deduction/substitution failed:
[01m[K/home/claudia/ForestGuard/src/controller_pkg/src/laserprocessing.cpp:110:49:[m[K [01;36m[Knote: [m[K  cannot convert ‘[01m[Kstd::count[m[K’ (type ‘[01m[K<unresolved overloaded function type>[m[K’) to type ‘[01m[Kstd::_Resetiosflags[m[K’
  110 |             std::cout << "count++: adding: " << [01;36m[Kcount[m[K << std::endl;
      |                                                 [01;36m[K^~~~~[m[K
In file included from [01m[K/opt/ros/humble/include/rosidl_runtime_cpp/rosidl_runtime_cpp/traits.hpp:19[m[K,
                 from [01m[K/opt/ros/humble/include/sensor_msgs/sensor_msgs/msg/detail/laser_scan__traits.hpp:15[m[K,
                 from [01m[K/opt/ros/humble/include/sensor_msgs/sensor_msgs/msg/laser_scan.hpp:9[m[K,
                 from [01m[K/home/claudia/ForestGuard/src/controller_pkg/include/controller_pkg/laserprocessing.h:14[m[K,
                 from [01m[K/home/claudia/ForestGuard/src/controller_pkg/src/laserprocessing.cpp:11[m[K:
[01m[K/usr/include/c++/11/iomanip:109:5:[m[K [01;36m[Knote: [m[Kcandidate: ‘[01m[Ktemplate<class _CharT, class _Traits> std::basic_ostream<_Ch, _Tr>& std::operator<<(std::basic_ostream<_Ch, _Tr>&, std::_Setiosflags)[m[K’
  109 |     [01;36m[Koperator[m[K<<(basic_ostream<_CharT, _Traits>& __os, _Setiosflags __f)
      |     [01;36m[K^~~~~~~~[m[K
[01m[K/usr/include/c++/11/iomanip:109:5:[m[K [01;36m[Knote: [m[K  template argument deduction/substitution failed:
[01m[K/home/claudia/ForestGuard/src/controller_pkg/src/laserprocessing.cpp:110:49:[m[K [01;36m[Knote: [m[K  cannot convert ‘[01m[Kstd::count[m[K’ (type ‘[01m[K<unresolved overloaded function type>[m[K’) to type ‘[01m[Kstd::_Setiosflags[m[K’
  110 |             std::cout << "count++: adding: " << [01;36m[Kcount[m[K << std::endl;
      |                                                 [01;36m[K^~~~~[m[K
In file included from [01m[K/opt/ros/humble/include/rosidl_runtime_cpp/rosidl_runtime_cpp/traits.hpp:19[m[K,
                 from [01m[K/opt/ros/humble/include/sensor_msgs/sensor_msgs/msg/detail/laser_scan__traits.hpp:15[m[K,
                 from [01m[K/opt/ros/humble/include/sensor_msgs/sensor_msgs/msg/laser_scan.hpp:9[m[K,
                 from [01m[K/home/claudia/ForestGuard/src/controller_pkg/include/controller_pkg/laserprocessing.h:14[m[K,
                 from [01m[K/home/claudia/ForestGuard/src/controller_pkg/src/laserprocessing.cpp:11[m[K:
[01m[K/usr/include/c++/11/iomanip:143:5:[m[K [01;36m[Knote: [m[Kcandidate: ‘[01m[Ktemplate<class _CharT, class _Traits> std::basic_ostream<_Ch, _Tr>& std::operator<<(std::basic_ostream<_Ch, _Tr>&, std::_Setbase)[m[K’
  143 |     [01;36m[Koperator[m[K<<(basic_ostream<_CharT, _Traits>& __os, _Setbase __f)
      |     [01;36m[K^~~~~~~~[m[K
[01m[K/usr/include/c++/11/iomanip:143:5:[m[K [01;36m[Knote: [m[K  template argument deduction/substitution failed:
[01m[K/home/claudia/ForestGuard/src/controller_pkg/src/laserprocessing.cpp:110:49:[m[K [01;36m[Knote: [m[K  cannot convert ‘[01m[Kstd::count[m[K’ (type ‘[01m[K<unresolved overloaded function type>[m[K’) to type ‘[01m[Kstd::_Setbase[m[K’
  110 |             std::cout << "count++: adding: " << [01;36m[Kcount[m[K << std::endl;
      |                                                 [01;36m[K^~~~~[m[K
In file included from [01m[K/opt/ros/humble/include/rosidl_runtime_cpp/rosidl_runtime_cpp/traits.hpp:19[m[K,
                 from [01m[K/opt/ros/humble/include/sensor_msgs/sensor_msgs/msg/detail/laser_scan__traits.hpp:15[m[K,
                 from [01m[K/opt/ros/humble/include/sensor_msgs/sensor_msgs/msg/laser_scan.hpp:9[m[K,
                 from [01m[K/home/claudia/ForestGuard/src/controller_pkg/include/controller_pkg/laserprocessing.h:14[m[K,
                 from [01m[K/home/claudia/ForestGuard/src/controller_pkg/src/laserprocessing.cpp:11[m[K:
[01m[K/usr/include/c++/11/iomanip:178:5:[m[K [01;36m[Knote: [m[Kcandidate: ‘[01m[Kstd::basic_ostream<_Ch, _Tr>& std::operator<<(std::basic_ostream<_Ch, _Tr>&, std::_Setfill<_CharT>) [with _CharT = char; _Traits = std::char_traits<char>][m[K’
  178 |     [01;36m[Koperator[m[K<<(basic_ostream<_CharT, _Traits>& __os, _Setfill<_CharT> __f)
      |     [01;36m[K^~~~~~~~[m[K
[01m[K/usr/include/c++/11/iomanip:178:71:[m[K [01;36m[Knote: [m[K  no known conversion for argument 2 from ‘[01m[K<unresolved overloaded function type>[m[K’ to ‘[01m[Kstd::_Setfill<char>[m[K’
  178 |     operator<<(basic_ostream<_CharT, _Traits>& __os, [01;36m[K_Setfill<_CharT> __f[m[K)
      |                                                      [01;36m[K~~~~~~~~~~~~~~~~~^~~[m[K
[01m[K/usr/include/c++/11/iomanip:208:5:[m[K [01;36m[Knote: [m[Kcandidate: ‘[01m[Ktemplate<class _CharT, class _Traits> std::basic_ostream<_Ch, _Tr>& std::operator<<(std::basic_ostream<_Ch, _Tr>&, std::_Setprecision)[m[K’
  208 |     [01;36m[Koperator[m[K<<(basic_ostream<_CharT, _Traits>& __os, _Setprecision __f)
      |     [01;36m[K^~~~~~~~[m[K
[01m[K/usr/include/c++/11/iomanip:208:5:[m[K [01;36m[Knote: [m[K  template argument deduction/substitution failed:
[01m[K/home/claudia/ForestGuard/src/controller_pkg/src/laserprocessing.cpp:110:49:[m[K [01;36m[Knote: [m[K  cannot convert ‘[01m[Kstd::count[m[K’ (type ‘[01m[K<unresolved overloaded function type>[m[K’) to type ‘[01m[Kstd::_Setprecision[m[K’
  110 |             std::cout << "count++: adding: " << [01;36m[Kcount[m[K << std::endl;
      |                                                 [01;36m[K^~~~~[m[K
In file included from [01m[K/opt/ros/humble/include/rosidl_runtime_cpp/rosidl_runtime_cpp/traits.hpp:19[m[K,
                 from [01m[K/opt/ros/humble/include/sensor_msgs/sensor_msgs/msg/detail/laser_scan__traits.hpp:15[m[K,
                 from [01m[K/opt/ros/humble/include/sensor_msgs/sensor_msgs/msg/laser_scan.hpp:9[m[K,
                 from [01m[K/home/claudia/ForestGuard/src/controller_pkg/include/controller_pkg/laserprocessing.h:14[m[K,
                 from [01m[K/home/claudia/ForestGuard/src/controller_pkg/src/laserprocessing.cpp:11[m[K:
[01m[K/usr/include/c++/11/iomanip:238:5:[m[K [01;36m[Knote: [m[Kcandidate: ‘[01m[Ktemplate<class _CharT, class _Traits> std::basic_ostream<_Ch, _Tr>& std::operator<<(std::basic_ostream<_Ch, _Tr>&, std::_Setw)[m[K’
  238 |     [01;36m[Koperator[m[K<<(basic_ostream<_CharT, _Traits>& __os, _Setw __f)
      |     [01;36m[K^~~~~~~~[m[K
[01m[K/usr/include/c++/11/iomanip:238:5:[m[K [01;36m[Knote: [m[K  template argument deduction/substitution failed:
[01m[K/home/claudia/ForestGuard/src/controller_pkg/src/laserprocessing.cpp:110:49:[m[K [01;36m[Knote: [m[K  cannot convert ‘[01m[Kstd::count[m[K’ (type ‘[01m[K<unresolved overloaded function type>[m[K’) to type ‘[01m[Kstd::_Setw[m[K’
  110 |             std::cout << "count++: adding: " << [01;36m[Kcount[m[K << std::endl;
      |                                                 [01;36m[K^~~~~[m[K
In file included from [01m[K/opt/ros/humble/include/rosidl_runtime_cpp/rosidl_runtime_cpp/traits.hpp:19[m[K,
                 from [01m[K/opt/ros/humble/include/sensor_msgs/sensor_msgs/msg/detail/laser_scan__traits.hpp:15[m[K,
                 from [01m[K/opt/ros/humble/include/sensor_msgs/sensor_msgs/msg/laser_scan.hpp:9[m[K,
                 from [01m[K/home/claudia/ForestGuard/src/controller_pkg/include/controller_pkg/laserprocessing.h:14[m[K,
                 from [01m[K/home/claudia/ForestGuard/src/controller_pkg/src/laserprocessing.cpp:11[m[K:
[01m[K/usr/include/c++/11/iomanip:311:5:[m[K [01;36m[Knote: [m[Kcandidate: ‘[01m[Ktemplate<class _CharT, class _Traits, class _MoneyT> std::basic_ostream<_Ch, _Tr>& std::operator<<(std::basic_ostream<_Ch, _Tr>&, std::_Put_money<_MoneyT>)[m[K’
  311 |     [01;36m[Koperator[m[K<<(basic_ostream<_CharT, _Traits>& __os, _Put_money<_MoneyT> __f)
      |     [01;36m[K^~~~~~~~[m[K
[01m[K/usr/include/c++/11/iomanip:311:5:[m[K [01;36m[Knote: [m[K  template argument deduction/substitution failed:
[01m[K/home/claudia/ForestGuard/src/controller_pkg/src/laserprocessing.cpp:110:49:[m[K [01;36m[Knote: [m[K  couldn’t deduce template parameter ‘[01m[K_MoneyT[m[K’
  110 |             std::cout << "count++: adding: " << [01;36m[Kcount[m[K << std::endl;
      |                                                 [01;36m[K^~~~~[m[K
In file included from [01m[K/opt/ros/humble/include/rosidl_runtime_cpp/rosidl_runtime_cpp/traits.hpp:19[m[K,
                 from [01m[K/opt/ros/humble/include/sensor_msgs/sensor_msgs/msg/detail/laser_scan__traits.hpp:15[m[K,
                 from [01m[K/opt/ros/humble/include/sensor_msgs/sensor_msgs/msg/laser_scan.hpp:9[m[K,
                 from [01m[K/home/claudia/ForestGuard/src/controller_pkg/include/controller_pkg/laserprocessing.h:14[m[K,
                 from [01m[K/home/claudia/ForestGuard/src/controller_pkg/src/laserprocessing.cpp:11[m[K:
[01m[K/usr/include/c++/11/iomanip:363:5:[m[K [01;36m[Knote: [m[Kcandidate: ‘[01m[Kstd::basic_ostream<_Ch, _Tr>& std::operator<<(std::basic_ostream<_Ch, _Tr>&, std::_Put_time<_CharT>) [with _CharT = char; _Traits = std::char_traits<char>][m[K’
  363 |     [01;36m[Koperator[m[K<<(basic_ostream<_CharT, _Traits>& __os, _Put_time<_CharT> __f)
      |     [01;36m[K^~~~~~~~[m[K
[01m[K/usr/include/c++/11/iomanip:363:72:[m[K [01;36m[Knote: [m[K  no known conversion for argument 2 from ‘[01m[K<unresolved overloaded function type>[m[K’ to ‘[01m[Kstd::_Put_time<char>[m[K’
  363 |     operator<<(basic_ostream<_CharT, _Traits>& __os, [01;36m[K_Put_time<_CharT> __f[m[K)
      |                                                      [01;36m[K~~~~~~~~~~~~~~~~~~^~~[m[K
In file included from [01m[K/opt/ros/humble/include/rclcpp/rclcpp/executors/multi_threaded_executor.hpp:22[m[K,
                 from [01m[K/opt/ros/humble/include/rclcpp/rclcpp/executors.hpp:21[m[K,
                 from [01m[K/opt/ros/humble/include/rclcpp/rclcpp/rclcpp.hpp:155[m[K,
                 from [01m[K/opt/ros/humble/include/tf2_ros/tf2_ros/buffer_interface.hpp:48[m[K,
                 from [01m[K/opt/ros/humble/include/tf2_geometry_msgs/tf2_geometry_msgs/tf2_geometry_msgs.hpp:60[m[K,
                 from [01m[K/home/claudia/ForestGuard/src/controller_pkg/src/laserprocessing.cpp:17[m[K:
[01m[K/usr/include/c++/11/thread:92:5:[m[K [01;36m[Knote: [m[Kcandidate: ‘[01m[Ktemplate<class _CharT, class _Traits> std::basic_ostream<_Ch, _Tr>& std::operator<<(std::basic_ostream<_Ch, _Tr>&, std::thread::id)[m[K’
   92 |     [01;36m[Koperator[m[K<<(basic_ostream<_CharT, _Traits>& __out, thread::id __id)
      |     [01;36m[K^~~~~~~~[m[K
[01m[K/usr/include/c++/11/thread:92:5:[m[K [01;36m[Knote: [m[K  template argument deduction/substitution failed:
[01m[K/home/claudia/ForestGuard/src/controller_pkg/src/laserprocessing.cpp:110:49:[m[K [01;36m[Knote: [m[K  cannot convert ‘[01m[Kstd::count[m[K’ (type ‘[01m[K<unresolved overloaded function type>[m[K’) to type ‘[01m[Kstd::thread::id[m[K’
  110 |             std::cout << "count++: adding: " << [01;36m[Kcount[m[K << std::endl;
      |                                                 [01;36m[K^~~~~[m[K
[01m[K/home/claudia/ForestGuard/src/controller_pkg/src/laserprocessing.cpp:[m[K In member function ‘[01m[Kbool LaserProcessing::checkObstruction(double&, double&)[m[K’:
[01m[K/home/claudia/ForestGuard/src/controller_pkg/src/laserprocessing.cpp:211:23:[m[K [01;35m[Kwarning: [m[Kcomparison of integer expressions of different signedness: ‘[01m[Kint[m[K’ and ‘[01m[Kstd::vector<float, std::allocator<float> >::size_type[m[K’ {aka ‘[01m[Klong unsigned int[m[K’} [[01;35m[K]8;;https://gcc.gnu.org/onlinedocs/gcc/Warning-Options.html#index-Wsign-compare-Wsign-compare]8;;[m[K]
  211 |     for (int i = 0; [01;35m[Ki < laserScan_.ranges.size()[m[K; i++) {
      |                     [01;35m[K~~^~~~~~~~~~~~~~~~~~~~~~~~~~[m[K
gmake[2]: *** [CMakeFiles/laserprocessing.dir/build.make:76: CMakeFiles/laserprocessing.dir/src/laserprocessing.cpp.o] Error 1
gmake[1]: *** [CMakeFiles/Makefile2:141: CMakeFiles/laserprocessing.dir/all] Error 2
gmake: *** [Makefile:146: all] Error 2
