[ 33%] Built target vismarker
[ 44%] [32mBuilding CXX object CMakeFiles/laserprocessing.dir/src/laserprocessing.cpp.o[0m
[01m[K/home/claudia/ForestGuard/src/controller_pkg/src/laserprocessing.cpp:[m[K In member function ‘[01m[Kbool LaserProcessing::checkObstruction(double&, double&)[m[K’:
[01m[K/home/claudia/ForestGuard/src/controller_pkg/src/laserprocessing.cpp:213:23:[m[K [01;35m[Kwarning: [m[Kcomparison of integer expressions of different signedness: ‘[01m[Kint[m[K’ and ‘[01m[Kstd::vector<float, std::allocator<float> >::size_type[m[K’ {aka ‘[01m[Klong unsigned int[m[K’} [[01;35m[K]8;;https://gcc.gnu.org/onlinedocs/gcc/Warning-Options.html#index-Wsign-compare-Wsign-compare]8;;[m[K]
  213 |     for (int i = 0; [01;35m[Ki < laserScan_.ranges.size()[m[K; i++) {
      |                     [01;35m[K~~^~~~~~~~~~~~~~~~~~~~~~~~~~[m[K
[ 55%] [32m[1mLinking CXX shared library liblaserprocessing.so[0m
[ 55%] Built target laserprocessing
[ 66%] [32m[1mLinking CXX executable quadcopter[0m
[100%] Built target quadcopter
-- Install configuration: ""
-- Installing: /home/claudia/ForestGuard/install/controller_pkg/lib/controller_pkg/quadcopter
-- Set runtime path of "/home/claudia/ForestGuard/install/controller_pkg/lib/controller_pkg/quadcopter" to ""
-- Installing: /home/claudia/ForestGuard/install/controller_pkg/lib/controller_pkg/liblaserprocessing.so
-- Set runtime path of "/home/claudia/ForestGuard/install/controller_pkg/lib/controller_pkg/liblaserprocessing.so" to ""
-- Up-to-date: /home/claudia/ForestGuard/install/controller_pkg/lib/controller_pkg/vismarker
-- Up-to-date: /home/claudia/ForestGuard/install/controller_pkg/include
-- Up-to-date: /home/claudia/ForestGuard/install/controller_pkg/include/controller_pkg
-- Up-to-date: /home/claudia/ForestGuard/install/controller_pkg/include/controller_pkg/vis_marker.h
-- Installing: /home/claudia/ForestGuard/install/controller_pkg/include/controller_pkg/laserprocessing.h
-- Installing: /home/claudia/ForestGuard/install/controller_pkg/include/controller_pkg/quadcopter.h
-- Installing: /home/claudia/ForestGuard/install/controller_pkg/include/controller_pkg/controller.h
-- Up-to-date: /home/claudia/ForestGuard/install/controller_pkg/share/ament_index/resource_index/package_run_dependencies/controller_pkg
-- Up-to-date: /home/claudia/ForestGuard/install/controller_pkg/share/ament_index/resource_index/parent_prefix_path/controller_pkg
-- Up-to-date: /home/claudia/ForestGuard/install/controller_pkg/share/controller_pkg/environment/ament_prefix_path.sh
-- Up-to-date: /home/claudia/ForestGuard/install/controller_pkg/share/controller_pkg/environment/ament_prefix_path.dsv
-- Up-to-date: /home/claudia/ForestGuard/install/controller_pkg/share/controller_pkg/environment/path.sh
-- Up-to-date: /home/claudia/ForestGuard/install/controller_pkg/share/controller_pkg/environment/path.dsv
-- Up-to-date: /home/claudia/ForestGuard/install/controller_pkg/share/controller_pkg/local_setup.bash
-- Up-to-date: /home/claudia/ForestGuard/install/controller_pkg/share/controller_pkg/local_setup.sh
-- Up-to-date: /home/claudia/ForestGuard/install/controller_pkg/share/controller_pkg/local_setup.zsh
-- Up-to-date: /home/claudia/ForestGuard/install/controller_pkg/share/controller_pkg/local_setup.dsv
-- Installing: /home/claudia/ForestGuard/install/controller_pkg/share/controller_pkg/package.dsv
-- Up-to-date: /home/claudia/ForestGuard/install/controller_pkg/share/ament_index/resource_index/packages/controller_pkg
-- Up-to-date: /home/claudia/ForestGuard/install/controller_pkg/share/controller_pkg/cmake/controller_pkgConfig.cmake
-- Up-to-date: /home/claudia/ForestGuard/install/controller_pkg/share/controller_pkg/cmake/controller_pkgConfig-version.cmake
-- Up-to-date: /home/claudia/ForestGuard/install/controller_pkg/share/controller_pkg/package.xml
