[0.033s] Invoking command in '/home/claudia/ForestGuard/build/my_drone_pkg': CMAKE_PREFIX_PATH=${CMAKE_PREFIX_PATH}:/home/claudia/ros2_ws/install/examples_rclcpp_minimal_publisher:/home/claudia/ros2_ws/install/a3_support:/opt/ros/humble /usr/bin/cmake --build /home/claudia/ForestGuard/build/my_drone_pkg -- -j16 -l16
[0.106s] -- Found ament_cmake: 1.3.12 (/opt/ros/humble/share/ament_cmake/cmake)
[0.362s] -- Found ament_lint_auto: 0.12.14 (/opt/ros/humble/share/ament_lint_auto/cmake)
[0.542s] -- Added test 'flake8' to check Python code syntax and style conventions
[0.543s] -- Added test 'lint_cmake' to check CMake code style
[0.544s] -- Added test 'pep257' to check Python code against some of the docstring style conventions in PEP 257
[0.547s] -- Added test 'xmllint' to check XML markup files
[0.550s] -- Configuring done
[0.564s] -- Generating done
[0.569s] -- Build files have been written to: /home/claudia/ForestGuard/build/my_drone_pkg
[0.596s] Invoked command in '/home/claudia/ForestGuard/build/my_drone_pkg' returned '0': CMAKE_PREFIX_PATH=${CMAKE_PREFIX_PATH}:/home/claudia/ros2_ws/install/examples_rclcpp_minimal_publisher:/home/claudia/ros2_ws/install/a3_support:/opt/ros/humble /usr/bin/cmake --build /home/claudia/ForestGuard/build/my_drone_pkg -- -j16 -l16
[0.610s] Invoking command in '/home/claudia/ForestGuard/build/my_drone_pkg': CMAKE_PREFIX_PATH=${CMAKE_PREFIX_PATH}:/home/claudia/ros2_ws/install/examples_rclcpp_minimal_publisher:/home/claudia/ros2_ws/install/a3_support:/opt/ros/humble /usr/bin/cmake --install /home/claudia/ForestGuard/build/my_drone_pkg
[0.616s] -- Install configuration: ""
[0.616s] -- Up-to-date: /home/claudia/ForestGuard/install/my_drone_pkg/share/my_drone_pkg/launch
[0.616s] -- Installing: /home/claudia/ForestGuard/install/my_drone_pkg/share/my_drone_pkg/launch/display.launch.py
[0.617s] -- Up-to-date: /home/claudia/ForestGuard/install/my_drone_pkg/share/my_drone_pkg/urdf
[0.617s] -- Up-to-date: /home/claudia/ForestGuard/install/my_drone_pkg/share/my_drone_pkg/urdf/my_drone.xacro
[0.617s] -- Installing: /home/claudia/ForestGuard/install/my_drone_pkg/share/my_drone_pkg/urdf/my_drone.urdf
[0.617s] -- Up-to-date: /home/claudia/ForestGuard/install/my_drone_pkg/share/ament_index/resource_index/package_run_dependencies/my_drone_pkg
[0.618s] -- Installing: /home/claudia/ForestGuard/install/my_drone_pkg/share/ament_index/resource_index/parent_prefix_path/my_drone_pkg
[0.618s] -- Up-to-date: /home/claudia/ForestGuard/install/my_drone_pkg/share/my_drone_pkg/environment/ament_prefix_path.sh
[0.618s] -- Installing: /home/claudia/ForestGuard/install/my_drone_pkg/share/my_drone_pkg/environment/ament_prefix_path.dsv
[0.619s] -- Up-to-date: /home/claudia/ForestGuard/install/my_drone_pkg/share/my_drone_pkg/environment/path.sh
[0.619s] -- Installing: /home/claudia/ForestGuard/install/my_drone_pkg/share/my_drone_pkg/environment/path.dsv
[0.619s] -- Up-to-date: /home/claudia/ForestGuard/install/my_drone_pkg/share/my_drone_pkg/local_setup.bash
[0.620s] -- Up-to-date: /home/claudia/ForestGuard/install/my_drone_pkg/share/my_drone_pkg/local_setup.sh
[0.620s] -- Up-to-date: /home/claudia/ForestGuard/install/my_drone_pkg/share/my_drone_pkg/local_setup.zsh
[0.620s] -- Installing: /home/claudia/ForestGuard/install/my_drone_pkg/share/my_drone_pkg/local_setup.dsv
[0.620s] -- Installing: /home/claudia/ForestGuard/install/my_drone_pkg/share/my_drone_pkg/package.dsv
[0.621s] -- Up-to-date: /home/claudia/ForestGuard/install/my_drone_pkg/share/ament_index/resource_index/packages/my_drone_pkg
[0.621s] -- Up-to-date: /home/claudia/ForestGuard/install/my_drone_pkg/share/my_drone_pkg/cmake/my_drone_pkgConfig.cmake
[0.621s] -- Up-to-date: /home/claudia/ForestGuard/install/my_drone_pkg/share/my_drone_pkg/cmake/my_drone_pkgConfig-version.cmake
[0.621s] -- Up-to-date: /home/claudia/ForestGuard/install/my_drone_pkg/share/my_drone_pkg/package.xml
[0.625s] Invoked command in '/home/claudia/ForestGuard/build/my_drone_pkg' returned '0': CMAKE_PREFIX_PATH=${CMAKE_PREFIX_PATH}:/home/claudia/ros2_ws/install/examples_rclcpp_minimal_publisher:/home/claudia/ros2_ws/install/a3_support:/opt/ros/humble /usr/bin/cmake --install /home/claudia/ForestGuard/build/my_drone_pkg
