[0.073s] DEBUG:colcon:Command line arguments: ['/usr/bin/colcon', 'build', '--symlink-install']
[0.074s] DEBUG:colcon:Parsed command line arguments: Namespace(log_base=None, log_level=None, verb_name='build', build_base='build', install_base='install', merge_install=False, symlink_install=True, test_result_base=None, continue_on_error=False, executor='parallel', parallel_workers=20, event_handlers=None, ignore_user_meta=False, metas=['./colcon.meta'], base_paths=['.'], packages_ignore=None, packages_ignore_regex=None, paths=None, packages_up_to=None, packages_up_to_regex=None, packages_above=None, packages_above_and_dependencies=None, packages_above_depth=None, packages_select_by_dep=None, packages_skip_by_dep=None, packages_skip_up_to=None, packages_select_build_failed=False, packages_skip_build_finished=False, packages_select_test_failures=False, packages_skip_test_passed=False, packages_select=None, packages_skip=None, packages_select_regex=None, packages_skip_regex=None, packages_start=None, packages_end=None, allow_overriding=[], cmake_args=None, cmake_target=None, cmake_target_skip_unavailable=False, cmake_clean_cache=False, cmake_clean_first=False, cmake_force_configure=False, ament_cmake_args=None, catkin_cmake_args=None, catkin_skip_building_tests=False, mixin_files=None, mixin=None, verb_parser=<colcon_mixin.mixin.mixin_argument.MixinArgumentDecorator object at 0x7cf022039780>, verb_extension=<colcon_core.verb.build.BuildVerb object at 0x7cf0221ab160>, main=<bound method BuildVerb.main of <colcon_core.verb.build.BuildVerb object at 0x7cf0221ab160>>, mixin_verb=('build',))
[0.176s] Level 1:colcon.colcon_core.package_discovery:discover_packages(colcon_meta) check parameters
[0.176s] Level 1:colcon.colcon_core.package_discovery:discover_packages(recursive) check parameters
[0.176s] Level 1:colcon.colcon_core.package_discovery:discover_packages(ignore) check parameters
[0.176s] Level 1:colcon.colcon_core.package_discovery:discover_packages(path) check parameters
[0.176s] Level 1:colcon.colcon_core.package_discovery:discover_packages(colcon_meta) discover
[0.176s] Level 1:colcon.colcon_core.package_discovery:discover_packages(recursive) discover
[0.176s] INFO:colcon.colcon_core.package_discovery:Crawling recursively for packages in '/home/john/git/RS1/john_branch'
[0.176s] Level 1:colcon.colcon_core.package_identification:_identify(.) by extensions ['ignore', 'ignore_ament_install']
[0.176s] Level 1:colcon.colcon_core.package_identification:_identify(.) by extension 'ignore'
[0.176s] Level 1:colcon.colcon_core.package_identification:_identify(.) by extension 'ignore_ament_install'
[0.176s] Level 1:colcon.colcon_core.package_identification:_identify(.) by extensions ['colcon_pkg']
[0.176s] Level 1:colcon.colcon_core.package_identification:_identify(.) by extension 'colcon_pkg'
[0.176s] Level 1:colcon.colcon_core.package_identification:_identify(.) by extensions ['colcon_meta']
[0.176s] Level 1:colcon.colcon_core.package_identification:_identify(.) by extension 'colcon_meta'
[0.176s] Level 1:colcon.colcon_core.package_identification:_identify(.) by extensions ['ros']
[0.176s] Level 1:colcon.colcon_core.package_identification:_identify(.) by extension 'ros'
[0.184s] Level 1:colcon.colcon_core.package_identification:_identify(.) by extensions ['cmake', 'python']
[0.184s] Level 1:colcon.colcon_core.package_identification:_identify(.) by extension 'cmake'
[0.184s] Level 1:colcon.colcon_core.package_identification:_identify(.) by extension 'python'
[0.184s] Level 1:colcon.colcon_core.package_identification:_identify(.) by extensions ['python_setup_py']
[0.184s] Level 1:colcon.colcon_core.package_identification:_identify(.) by extension 'python_setup_py'
[0.184s] Level 1:colcon.colcon_core.package_identification:_identify(build) by extensions ['ignore', 'ignore_ament_install']
[0.184s] Level 1:colcon.colcon_core.package_identification:_identify(build) by extension 'ignore'
[0.184s] Level 1:colcon.colcon_core.package_identification:_identify(build) ignored
[0.184s] Level 1:colcon.colcon_core.package_identification:_identify(install) by extensions ['ignore', 'ignore_ament_install']
[0.184s] Level 1:colcon.colcon_core.package_identification:_identify(install) by extension 'ignore'
[0.184s] Level 1:colcon.colcon_core.package_identification:_identify(install) ignored
[0.184s] Level 1:colcon.colcon_core.package_identification:_identify(log) by extensions ['ignore', 'ignore_ament_install']
[0.184s] Level 1:colcon.colcon_core.package_identification:_identify(log) by extension 'ignore'
[0.184s] Level 1:colcon.colcon_core.package_identification:_identify(log) ignored
[0.184s] Level 1:colcon.colcon_core.package_identification:_identify(src) by extensions ['ignore', 'ignore_ament_install']
[0.184s] Level 1:colcon.colcon_core.package_identification:_identify(src) by extension 'ignore'
[0.184s] Level 1:colcon.colcon_core.package_identification:_identify(src) by extension 'ignore_ament_install'
[0.184s] Level 1:colcon.colcon_core.package_identification:_identify(src) by extensions ['colcon_pkg']
[0.184s] Level 1:colcon.colcon_core.package_identification:_identify(src) by extension 'colcon_pkg'
[0.185s] Level 1:colcon.colcon_core.package_identification:_identify(src) by extensions ['colcon_meta']
[0.185s] Level 1:colcon.colcon_core.package_identification:_identify(src) by extension 'colcon_meta'
[0.185s] Level 1:colcon.colcon_core.package_identification:_identify(src) by extensions ['ros']
[0.185s] Level 1:colcon.colcon_core.package_identification:_identify(src) by extension 'ros'
[0.185s] Level 1:colcon.colcon_core.package_identification:_identify(src) by extensions ['cmake', 'python']
[0.185s] Level 1:colcon.colcon_core.package_identification:_identify(src) by extension 'cmake'
[0.185s] Level 1:colcon.colcon_core.package_identification:_identify(src) by extension 'python'
[0.185s] Level 1:colcon.colcon_core.package_identification:_identify(src) by extensions ['python_setup_py']
[0.185s] Level 1:colcon.colcon_core.package_identification:_identify(src) by extension 'python_setup_py'
[0.185s] Level 1:colcon.colcon_core.package_identification:_identify(src/build) by extensions ['ignore', 'ignore_ament_install']
[0.185s] Level 1:colcon.colcon_core.package_identification:_identify(src/build) by extension 'ignore'
[0.185s] Level 1:colcon.colcon_core.package_identification:_identify(src/build) ignored
[0.185s] Level 1:colcon.colcon_core.package_identification:_identify(src/forest_guard_sim) by extensions ['ignore', 'ignore_ament_install']
[0.185s] Level 1:colcon.colcon_core.package_identification:_identify(src/forest_guard_sim) by extension 'ignore'
[0.185s] Level 1:colcon.colcon_core.package_identification:_identify(src/forest_guard_sim) by extension 'ignore_ament_install'
[0.185s] Level 1:colcon.colcon_core.package_identification:_identify(src/forest_guard_sim) by extensions ['colcon_pkg']
[0.185s] Level 1:colcon.colcon_core.package_identification:_identify(src/forest_guard_sim) by extension 'colcon_pkg'
[0.185s] Level 1:colcon.colcon_core.package_identification:_identify(src/forest_guard_sim) by extensions ['colcon_meta']
[0.185s] Level 1:colcon.colcon_core.package_identification:_identify(src/forest_guard_sim) by extension 'colcon_meta'
[0.185s] Level 1:colcon.colcon_core.package_identification:_identify(src/forest_guard_sim) by extensions ['ros']
[0.185s] Level 1:colcon.colcon_core.package_identification:_identify(src/forest_guard_sim) by extension 'ros'
[0.187s] DEBUG:colcon.colcon_core.package_identification:Package 'src/forest_guard_sim' with type 'ros.ament_cmake' and name 'john'
[0.187s] Level 1:colcon.colcon_core.package_identification:_identify(src/forestguard_colour) by extensions ['ignore', 'ignore_ament_install']
[0.187s] Level 1:colcon.colcon_core.package_identification:_identify(src/forestguard_colour) by extension 'ignore'
[0.187s] Level 1:colcon.colcon_core.package_identification:_identify(src/forestguard_colour) by extension 'ignore_ament_install'
[0.187s] Level 1:colcon.colcon_core.package_identification:_identify(src/forestguard_colour) by extensions ['colcon_pkg']
[0.187s] Level 1:colcon.colcon_core.package_identification:_identify(src/forestguard_colour) by extension 'colcon_pkg'
[0.187s] Level 1:colcon.colcon_core.package_identification:_identify(src/forestguard_colour) by extensions ['colcon_meta']
[0.187s] Level 1:colcon.colcon_core.package_identification:_identify(src/forestguard_colour) by extension 'colcon_meta'
[0.187s] Level 1:colcon.colcon_core.package_identification:_identify(src/forestguard_colour) by extensions ['ros']
[0.188s] Level 1:colcon.colcon_core.package_identification:_identify(src/forestguard_colour) by extension 'ros'
[0.188s] DEBUG:colcon.colcon_core.package_identification:Package 'src/forestguard_colour' with type 'ros.ament_python' and name 'forestguard_colour'
[0.188s] Level 1:colcon.colcon_core.package_identification:_identify(src/install) by extensions ['ignore', 'ignore_ament_install']
[0.188s] Level 1:colcon.colcon_core.package_identification:_identify(src/install) by extension 'ignore'
[0.188s] Level 1:colcon.colcon_core.package_identification:_identify(src/install) ignored
[0.188s] Level 1:colcon.colcon_core.package_identification:_identify(src/john) by extensions ['ignore', 'ignore_ament_install']
[0.188s] Level 1:colcon.colcon_core.package_identification:_identify(src/john) by extension 'ignore'
[0.188s] Level 1:colcon.colcon_core.package_identification:_identify(src/john) by extension 'ignore_ament_install'
[0.188s] Level 1:colcon.colcon_core.package_identification:_identify(src/john) by extensions ['colcon_pkg']
[0.188s] Level 1:colcon.colcon_core.package_identification:_identify(src/john) by extension 'colcon_pkg'
[0.188s] Level 1:colcon.colcon_core.package_identification:_identify(src/john) by extensions ['colcon_meta']
[0.188s] Level 1:colcon.colcon_core.package_identification:_identify(src/john) by extension 'colcon_meta'
[0.188s] Level 1:colcon.colcon_core.package_identification:_identify(src/john) by extensions ['ros']
[0.188s] Level 1:colcon.colcon_core.package_identification:_identify(src/john) by extension 'ros'
[0.188s] Level 1:colcon.colcon_core.package_identification:_identify(src/john) by extensions ['cmake', 'python']
[0.188s] Level 1:colcon.colcon_core.package_identification:_identify(src/john) by extension 'cmake'
[0.188s] Level 1:colcon.colcon_core.package_identification:_identify(src/john) by extension 'python'
[0.188s] Level 1:colcon.colcon_core.package_identification:_identify(src/john) by extensions ['python_setup_py']
[0.188s] Level 1:colcon.colcon_core.package_identification:_identify(src/john) by extension 'python_setup_py'
[0.189s] Level 1:colcon.colcon_core.package_identification:_identify(src/john/config) by extensions ['ignore', 'ignore_ament_install']
[0.189s] Level 1:colcon.colcon_core.package_identification:_identify(src/john/config) by extension 'ignore'
[0.189s] Level 1:colcon.colcon_core.package_identification:_identify(src/john/config) by extension 'ignore_ament_install'
[0.189s] Level 1:colcon.colcon_core.package_identification:_identify(src/john/config) by extensions ['colcon_pkg']
[0.189s] Level 1:colcon.colcon_core.package_identification:_identify(src/john/config) by extension 'colcon_pkg'
[0.189s] Level 1:colcon.colcon_core.package_identification:_identify(src/john/config) by extensions ['colcon_meta']
[0.189s] Level 1:colcon.colcon_core.package_identification:_identify(src/john/config) by extension 'colcon_meta'
[0.189s] Level 1:colcon.colcon_core.package_identification:_identify(src/john/config) by extensions ['ros']
[0.189s] Level 1:colcon.colcon_core.package_identification:_identify(src/john/config) by extension 'ros'
[0.189s] Level 1:colcon.colcon_core.package_identification:_identify(src/john/config) by extensions ['cmake', 'python']
[0.189s] Level 1:colcon.colcon_core.package_identification:_identify(src/john/config) by extension 'cmake'
[0.189s] Level 1:colcon.colcon_core.package_identification:_identify(src/john/config) by extension 'python'
[0.189s] Level 1:colcon.colcon_core.package_identification:_identify(src/john/config) by extensions ['python_setup_py']
[0.189s] Level 1:colcon.colcon_core.package_identification:_identify(src/john/config) by extension 'python_setup_py'
[0.189s] Level 1:colcon.colcon_core.package_identification:_identify(src/john/config/build) by extensions ['ignore', 'ignore_ament_install']
[0.189s] Level 1:colcon.colcon_core.package_identification:_identify(src/john/config/build) by extension 'ignore'
[0.189s] Level 1:colcon.colcon_core.package_identification:_identify(src/john/config/build) ignored
[0.189s] Level 1:colcon.colcon_core.package_identification:_identify(src/john/config/install) by extensions ['ignore', 'ignore_ament_install']
[0.189s] Level 1:colcon.colcon_core.package_identification:_identify(src/john/config/install) by extension 'ignore'
[0.189s] Level 1:colcon.colcon_core.package_identification:_identify(src/john/config/install) ignored
[0.189s] Level 1:colcon.colcon_core.package_identification:_identify(src/john/config/log) by extensions ['ignore', 'ignore_ament_install']
[0.189s] Level 1:colcon.colcon_core.package_identification:_identify(src/john/config/log) by extension 'ignore'
[0.189s] Level 1:colcon.colcon_core.package_identification:_identify(src/john/config/log) ignored
[0.189s] Level 1:colcon.colcon_core.package_identification:_identify(src/log) by extensions ['ignore', 'ignore_ament_install']
[0.189s] Level 1:colcon.colcon_core.package_identification:_identify(src/log) by extension 'ignore'
[0.189s] Level 1:colcon.colcon_core.package_identification:_identify(src/log) ignored
[0.189s] Level 1:colcon.colcon_core.package_discovery:discover_packages(recursive) using defaults
[0.189s] Level 1:colcon.colcon_core.package_discovery:discover_packages(ignore) discover
[0.190s] Level 1:colcon.colcon_core.package_discovery:discover_packages(ignore) using defaults
[0.190s] Level 1:colcon.colcon_core.package_discovery:discover_packages(path) discover
[0.190s] Level 1:colcon.colcon_core.package_discovery:discover_packages(path) using defaults
[0.208s] Level 1:colcon.colcon_core.package_discovery:discover_packages(prefix_path) check parameters
[0.209s] Level 1:colcon.colcon_core.package_discovery:discover_packages(prefix_path) discover
[0.209s] Level 1:colcon.colcon_core.package_discovery:discover_packages(prefix_path) using defaults
[0.210s] Level 5:colcon.colcon_core.verb:set package 'forestguard_colour' build argument 'cmake_args' from command line to 'None'
[0.210s] Level 5:colcon.colcon_core.verb:set package 'forestguard_colour' build argument 'cmake_target' from command line to 'None'
[0.210s] Level 5:colcon.colcon_core.verb:set package 'forestguard_colour' build argument 'cmake_target_skip_unavailable' from command line to 'False'
[0.210s] Level 5:colcon.colcon_core.verb:set package 'forestguard_colour' build argument 'cmake_clean_cache' from command line to 'False'
[0.210s] Level 5:colcon.colcon_core.verb:set package 'forestguard_colour' build argument 'cmake_clean_first' from command line to 'False'
[0.210s] Level 5:colcon.colcon_core.verb:set package 'forestguard_colour' build argument 'cmake_force_configure' from command line to 'False'
[0.210s] Level 5:colcon.colcon_core.verb:set package 'forestguard_colour' build argument 'ament_cmake_args' from command line to 'None'
[0.210s] Level 5:colcon.colcon_core.verb:set package 'forestguard_colour' build argument 'catkin_cmake_args' from command line to 'None'
[0.210s] Level 5:colcon.colcon_core.verb:set package 'forestguard_colour' build argument 'catkin_skip_building_tests' from command line to 'False'
[0.210s] DEBUG:colcon.colcon_core.verb:Building package 'forestguard_colour' with the following arguments: {'ament_cmake_args': None, 'build_base': '/home/john/git/RS1/john_branch/build/forestguard_colour', 'catkin_cmake_args': None, 'catkin_skip_building_tests': False, 'cmake_args': None, 'cmake_clean_cache': False, 'cmake_clean_first': False, 'cmake_force_configure': False, 'cmake_target': None, 'cmake_target_skip_unavailable': False, 'install_base': '/home/john/git/RS1/john_branch/install/forestguard_colour', 'merge_install': False, 'path': '/home/john/git/RS1/john_branch/src/forestguard_colour', 'symlink_install': True, 'test_result_base': None}
[0.210s] Level 5:colcon.colcon_core.verb:set package 'john' build argument 'cmake_args' from command line to 'None'
[0.210s] Level 5:colcon.colcon_core.verb:set package 'john' build argument 'cmake_target' from command line to 'None'
[0.210s] Level 5:colcon.colcon_core.verb:set package 'john' build argument 'cmake_target_skip_unavailable' from command line to 'False'
[0.210s] Level 5:colcon.colcon_core.verb:set package 'john' build argument 'cmake_clean_cache' from command line to 'False'
[0.210s] Level 5:colcon.colcon_core.verb:set package 'john' build argument 'cmake_clean_first' from command line to 'False'
[0.210s] Level 5:colcon.colcon_core.verb:set package 'john' build argument 'cmake_force_configure' from command line to 'False'
[0.210s] Level 5:colcon.colcon_core.verb:set package 'john' build argument 'ament_cmake_args' from command line to 'None'
[0.210s] Level 5:colcon.colcon_core.verb:set package 'john' build argument 'catkin_cmake_args' from command line to 'None'
[0.210s] Level 5:colcon.colcon_core.verb:set package 'john' build argument 'catkin_skip_building_tests' from command line to 'False'
[0.210s] DEBUG:colcon.colcon_core.verb:Building package 'john' with the following arguments: {'ament_cmake_args': None, 'build_base': '/home/john/git/RS1/john_branch/build/john', 'catkin_cmake_args': None, 'catkin_skip_building_tests': False, 'cmake_args': None, 'cmake_clean_cache': False, 'cmake_clean_first': False, 'cmake_force_configure': False, 'cmake_target': None, 'cmake_target_skip_unavailable': False, 'install_base': '/home/john/git/RS1/john_branch/install/john', 'merge_install': False, 'path': '/home/john/git/RS1/john_branch/src/forest_guard_sim', 'symlink_install': True, 'test_result_base': None}
[0.210s] INFO:colcon.colcon_core.executor:Executing jobs using 'parallel' executor
[0.211s] DEBUG:colcon.colcon_parallel_executor.executor.parallel:run_until_complete
[0.212s] INFO:colcon.colcon_ros.task.ament_python.build:Building ROS package in '/home/john/git/RS1/john_branch/src/forestguard_colour' with build type 'ament_python'
[0.212s] Level 1:colcon.colcon_core.shell:create_environment_hook('forestguard_colour', 'ament_prefix_path')
[0.213s] INFO:colcon.colcon_core.plugin_system:Skipping extension 'colcon_core.shell.bat': Not used on non-Windows systems
[0.213s] INFO:colcon.colcon_core.shell:Creating environment hook '/home/john/git/RS1/john_branch/install/forestguard_colour/share/forestguard_colour/hook/ament_prefix_path.ps1'
[0.214s] INFO:colcon.colcon_core.shell:Creating environment descriptor '/home/john/git/RS1/john_branch/install/forestguard_colour/share/forestguard_colour/hook/ament_prefix_path.dsv'
[0.214s] INFO:colcon.colcon_core.shell:Creating environment hook '/home/john/git/RS1/john_branch/install/forestguard_colour/share/forestguard_colour/hook/ament_prefix_path.sh'
[0.215s] INFO:colcon.colcon_core.shell:Skip shell extension 'powershell' for command environment: Not usable outside of PowerShell
[0.215s] DEBUG:colcon.colcon_core.shell:Skip shell extension 'dsv' for command environment
[0.216s] INFO:colcon.colcon_ros.task.ament_cmake.build:Building ROS package in '/home/john/git/RS1/john_branch/src/forest_guard_sim' with build type 'ament_cmake'
[0.216s] INFO:colcon.colcon_cmake.task.cmake.build:Building CMake package in '/home/john/git/RS1/john_branch/src/forest_guard_sim'
[0.216s] INFO:colcon.colcon_core.shell:Skip shell extension 'powershell' for command environment: Not usable outside of PowerShell
[0.216s] DEBUG:colcon.colcon_core.shell:Skip shell extension 'dsv' for command environment
[0.391s] INFO:colcon.colcon_core.task.python.build:Building Python package in '/home/john/git/RS1/john_branch/src/forestguard_colour'
[0.392s] INFO:colcon.colcon_core.shell:Skip shell extension 'powershell' for command environment: Not usable outside of PowerShell
[0.392s] DEBUG:colcon.colcon_core.shell:Skip shell extension 'dsv' for command environment
[0.396s] DEBUG:colcon.colcon_core.event_handler.log_command:Invoking command in '/home/john/git/RS1/john_branch/build/john': /usr/bin/cmake --build /home/john/git/RS1/john_branch/build/john -- -j20 -l20
[0.440s] DEBUG:colcon.colcon_core.event_handler.log_command:Invoked command in '/home/john/git/RS1/john_branch/build/john' returned '0': /usr/bin/cmake --build /home/john/git/RS1/john_branch/build/john -- -j20 -l20
[0.449s] DEBUG:colcon.colcon_core.event_handler.log_command:Invoking command in '/home/john/git/RS1/john_branch/build/john': /usr/bin/cmake --install /home/john/git/RS1/john_branch/build/john
[0.477s] Level 1:colcon.colcon_core.environment:create_environment_scripts_only(john)
[0.477s] DEBUG:colcon.colcon_core.event_handler.log_command:Invoked command in '/home/john/git/RS1/john_branch/build/john' returned '0': /usr/bin/cmake --install /home/john/git/RS1/john_branch/build/john
[0.479s] Level 1:colcon.colcon_core.environment:checking '/home/john/git/RS1/john_branch/install/john' for CMake module files
[0.479s] Level 1:colcon.colcon_core.environment:checking '/home/john/git/RS1/john_branch/install/john' for CMake config files
[0.480s] Level 1:colcon.colcon_core.shell:create_environment_hook('john', 'cmake_prefix_path')
[0.480s] INFO:colcon.colcon_core.shell:Creating environment hook '/home/john/git/RS1/john_branch/install/john/share/john/hook/cmake_prefix_path.ps1'
[0.480s] INFO:colcon.colcon_core.shell:Creating environment descriptor '/home/john/git/RS1/john_branch/install/john/share/john/hook/cmake_prefix_path.dsv'
[0.480s] INFO:colcon.colcon_core.shell:Creating environment hook '/home/john/git/RS1/john_branch/install/john/share/john/hook/cmake_prefix_path.sh'
[0.481s] Level 1:colcon.colcon_core.environment:checking '/home/john/git/RS1/john_branch/install/john/bin'
[0.481s] Level 1:colcon.colcon_core.environment:checking '/home/john/git/RS1/john_branch/install/john/lib/pkgconfig/john.pc'
[0.481s] Level 1:colcon.colcon_core.environment:checking '/home/john/git/RS1/john_branch/install/john/lib/python3.10/site-packages'
[0.482s] Level 1:colcon.colcon_core.environment:checking '/home/john/git/RS1/john_branch/install/john/bin'
[0.482s] INFO:colcon.colcon_core.shell:Creating package script '/home/john/git/RS1/john_branch/install/john/share/john/package.ps1'
[0.483s] INFO:colcon.colcon_core.shell:Creating package descriptor '/home/john/git/RS1/john_branch/install/john/share/john/package.dsv'
[0.483s] INFO:colcon.colcon_core.shell:Creating package script '/home/john/git/RS1/john_branch/install/john/share/john/package.sh'
[0.484s] INFO:colcon.colcon_core.shell:Creating package script '/home/john/git/RS1/john_branch/install/john/share/john/package.bash'
[0.484s] INFO:colcon.colcon_core.shell:Creating package script '/home/john/git/RS1/john_branch/install/john/share/john/package.zsh'
[0.485s] Level 1:colcon.colcon_core.environment:create_file_with_runtime_dependencies(/home/john/git/RS1/john_branch/install/john/share/colcon-core/packages/john)
[0.485s] Level 1:colcon.colcon_core.environment:create_environment_scripts_only(john)
[0.485s] Level 1:colcon.colcon_core.environment:checking '/home/john/git/RS1/john_branch/install/john' for CMake module files
[0.486s] Level 1:colcon.colcon_core.environment:checking '/home/john/git/RS1/john_branch/install/john' for CMake config files
[0.486s] Level 1:colcon.colcon_core.shell:create_environment_hook('john', 'cmake_prefix_path')
[0.486s] INFO:colcon.colcon_core.shell:Creating environment hook '/home/john/git/RS1/john_branch/install/john/share/john/hook/cmake_prefix_path.ps1'
[0.487s] INFO:colcon.colcon_core.shell:Creating environment descriptor '/home/john/git/RS1/john_branch/install/john/share/john/hook/cmake_prefix_path.dsv'
[0.487s] INFO:colcon.colcon_core.shell:Creating environment hook '/home/john/git/RS1/john_branch/install/john/share/john/hook/cmake_prefix_path.sh'
[0.487s] Level 1:colcon.colcon_core.environment:checking '/home/john/git/RS1/john_branch/install/john/bin'
[0.487s] Level 1:colcon.colcon_core.environment:checking '/home/john/git/RS1/john_branch/install/john/lib/pkgconfig/john.pc'
[0.488s] Level 1:colcon.colcon_core.environment:checking '/home/john/git/RS1/john_branch/install/john/lib/python3.10/site-packages'
[0.488s] Level 1:colcon.colcon_core.environment:checking '/home/john/git/RS1/john_branch/install/john/bin'
[0.488s] INFO:colcon.colcon_core.shell:Creating package script '/home/john/git/RS1/john_branch/install/john/share/john/package.ps1'
[0.488s] INFO:colcon.colcon_core.shell:Creating package descriptor '/home/john/git/RS1/john_branch/install/john/share/john/package.dsv'
[0.489s] INFO:colcon.colcon_core.shell:Creating package script '/home/john/git/RS1/john_branch/install/john/share/john/package.sh'
[0.489s] INFO:colcon.colcon_core.shell:Creating package script '/home/john/git/RS1/john_branch/install/john/share/john/package.bash'
[0.489s] INFO:colcon.colcon_core.shell:Creating package script '/home/john/git/RS1/john_branch/install/john/share/john/package.zsh'
[0.490s] Level 1:colcon.colcon_core.environment:create_file_with_runtime_dependencies(/home/john/git/RS1/john_branch/install/john/share/colcon-core/packages/john)
[0.663s] DEBUG:colcon.colcon_core.event_handler.log_command:Invoking command in '/home/john/git/RS1/john_branch/build/forestguard_colour': PYTHONPATH=/home/john/git/RS1/john_branch/build/forestguard_colour/prefix_override:/usr/lib/python3/dist-packages/colcon_core/task/python/colcon_distutils_commands:/home/john/git/RS1/john_branch/install/forestguard_colour/lib/python3.10/site-packages:${PYTHONPATH} /usr/bin/python3 -W ignore:setup.py install is deprecated -W ignore:easy_install command is deprecated setup.py develop --editable --build-directory /home/john/git/RS1/john_branch/build/forestguard_colour/build --no-deps symlink_data
[0.948s] Level 1:colcon.colcon_core.shell:create_environment_hook('forestguard_colour', 'pythonpath_develop')
[0.948s] DEBUG:colcon.colcon_core.event_handler.log_command:Invoked command in '/home/john/git/RS1/john_branch/build/forestguard_colour' returned '0': PYTHONPATH=/home/john/git/RS1/john_branch/build/forestguard_colour/prefix_override:/usr/lib/python3/dist-packages/colcon_core/task/python/colcon_distutils_commands:/home/john/git/RS1/john_branch/install/forestguard_colour/lib/python3.10/site-packages:${PYTHONPATH} /usr/bin/python3 -W ignore:setup.py install is deprecated -W ignore:easy_install command is deprecated setup.py develop --editable --build-directory /home/john/git/RS1/john_branch/build/forestguard_colour/build --no-deps symlink_data
[0.949s] INFO:colcon.colcon_core.shell:Creating environment hook '/home/john/git/RS1/john_branch/build/forestguard_colour/share/forestguard_colour/hook/pythonpath_develop.ps1'
[0.949s] INFO:colcon.colcon_core.shell:Creating environment descriptor '/home/john/git/RS1/john_branch/build/forestguard_colour/share/forestguard_colour/hook/pythonpath_develop.dsv'
[0.950s] INFO:colcon.colcon_core.shell:Creating environment hook '/home/john/git/RS1/john_branch/build/forestguard_colour/share/forestguard_colour/hook/pythonpath_develop.sh'
[0.950s] Level 1:colcon.colcon_core.environment:checking '/home/john/git/RS1/john_branch/install/forestguard_colour' for CMake module files
[0.950s] Level 1:colcon.colcon_core.environment:checking '/home/john/git/RS1/john_branch/install/forestguard_colour' for CMake config files
[0.951s] Level 1:colcon.colcon_core.environment:checking '/home/john/git/RS1/john_branch/install/forestguard_colour/lib'
[0.951s] Level 1:colcon.colcon_core.environment:checking '/home/john/git/RS1/john_branch/install/forestguard_colour/bin'
[0.951s] Level 1:colcon.colcon_core.environment:checking '/home/john/git/RS1/john_branch/install/forestguard_colour/lib/pkgconfig/forestguard_colour.pc'
[0.951s] Level 1:colcon.colcon_core.environment:checking '/home/john/git/RS1/john_branch/install/forestguard_colour/lib/python3.10/site-packages'
[0.951s] Level 1:colcon.colcon_core.shell:create_environment_hook('forestguard_colour', 'pythonpath')
[0.951s] INFO:colcon.colcon_core.shell:Creating environment hook '/home/john/git/RS1/john_branch/install/forestguard_colour/share/forestguard_colour/hook/pythonpath.ps1'
[0.951s] INFO:colcon.colcon_core.shell:Creating environment descriptor '/home/john/git/RS1/john_branch/install/forestguard_colour/share/forestguard_colour/hook/pythonpath.dsv'
[0.952s] INFO:colcon.colcon_core.shell:Creating environment hook '/home/john/git/RS1/john_branch/install/forestguard_colour/share/forestguard_colour/hook/pythonpath.sh'
[0.952s] Level 1:colcon.colcon_core.environment:checking '/home/john/git/RS1/john_branch/install/forestguard_colour/bin'
[0.952s] Level 1:colcon.colcon_core.environment:create_environment_scripts_only(forestguard_colour)
[0.952s] INFO:colcon.colcon_core.shell:Creating package script '/home/john/git/RS1/john_branch/install/forestguard_colour/share/forestguard_colour/package.ps1'
[0.953s] INFO:colcon.colcon_core.shell:Creating package descriptor '/home/john/git/RS1/john_branch/install/forestguard_colour/share/forestguard_colour/package.dsv'
[0.953s] INFO:colcon.colcon_core.shell:Creating package script '/home/john/git/RS1/john_branch/install/forestguard_colour/share/forestguard_colour/package.sh'
[0.953s] INFO:colcon.colcon_core.shell:Creating package script '/home/john/git/RS1/john_branch/install/forestguard_colour/share/forestguard_colour/package.bash'
[0.954s] INFO:colcon.colcon_core.shell:Creating package script '/home/john/git/RS1/john_branch/install/forestguard_colour/share/forestguard_colour/package.zsh'
[0.954s] Level 1:colcon.colcon_core.environment:create_file_with_runtime_dependencies(/home/john/git/RS1/john_branch/install/forestguard_colour/share/colcon-core/packages/forestguard_colour)
[0.954s] DEBUG:colcon.colcon_parallel_executor.executor.parallel:closing loop
[0.955s] DEBUG:colcon.colcon_parallel_executor.executor.parallel:loop closed
[0.955s] DEBUG:colcon.colcon_parallel_executor.executor.parallel:run_until_complete finished with '0'
[0.955s] DEBUG:colcon.colcon_core.event_reactor:joining thread
[0.959s] INFO:colcon.colcon_core.plugin_system:Skipping extension 'colcon_notification.desktop_notification.terminal_notifier': Not used on non-Darwin systems
[0.959s] INFO:colcon.colcon_core.plugin_system:Skipping extension 'colcon_notification.desktop_notification.win32': Not used on non-Windows systems
[0.959s] INFO:colcon.colcon_notification.desktop_notification:Sending desktop notification using 'notify2'
[0.968s] DEBUG:colcon.colcon_core.event_reactor:joined thread
[0.969s] INFO:colcon.colcon_core.shell:Creating prefix script '/home/john/git/RS1/john_branch/install/local_setup.ps1'
[0.970s] INFO:colcon.colcon_core.shell:Creating prefix util module '/home/john/git/RS1/john_branch/install/_local_setup_util_ps1.py'
[0.972s] INFO:colcon.colcon_core.shell:Creating prefix chain script '/home/john/git/RS1/john_branch/install/setup.ps1'
[0.973s] INFO:colcon.colcon_core.shell:Creating prefix script '/home/john/git/RS1/john_branch/install/local_setup.sh'
[0.973s] INFO:colcon.colcon_core.shell:Creating prefix util module '/home/john/git/RS1/john_branch/install/_local_setup_util_sh.py'
[0.974s] INFO:colcon.colcon_core.shell:Creating prefix chain script '/home/john/git/RS1/john_branch/install/setup.sh'
[0.975s] INFO:colcon.colcon_core.shell:Creating prefix script '/home/john/git/RS1/john_branch/install/local_setup.bash'
[0.976s] INFO:colcon.colcon_core.shell:Creating prefix chain script '/home/john/git/RS1/john_branch/install/setup.bash'
[0.976s] INFO:colcon.colcon_core.shell:Creating prefix script '/home/john/git/RS1/john_branch/install/local_setup.zsh'
[0.977s] INFO:colcon.colcon_core.shell:Creating prefix chain script '/home/john/git/RS1/john_branch/install/setup.zsh'
