[0.014s] Invoking command in '/home/claudia/ForestGuard/build/my_drone_pkg': CMAKE_PREFIX_PATH=${CMAKE_PREFIX_PATH}:/home/claudia/ros2_ws/install/examples_rclcpp_minimal_publisher:/home/claudia/ros2_ws/install/a3_support:/opt/ros/humble /usr/bin/cmake --build /home/claudia/ForestGuard/build/my_drone_pkg -- -j16 -l16
[0.046s] -- Found ament_cmake: 1.3.12 (/opt/ros/humble/share/ament_cmake/cmake)
[0.153s] -- Found rclcpp: 16.0.14 (/opt/ros/humble/share/rclcpp/cmake)
[0.185s] -- Found rosidl_generator_c: 3.1.7 (/opt/ros/humble/share/rosidl_generator_c/cmake)
[0.188s] -- Found rosidl_adapter: 3.1.7 (/opt/ros/humble/share/rosidl_adapter/cmake)
[0.217s] -- Found rosidl_generator_cpp: 3.1.7 (/opt/ros/humble/share/rosidl_generator_cpp/cmake)
[0.230s] -- Using all available rosidl_typesupport_c: rosidl_typesupport_fastrtps_c;rosidl_typesupport_introspection_c
[0.242s] -- Using all available rosidl_typesupport_cpp: rosidl_typesupport_fastrtps_cpp;rosidl_typesupport_introspection_cpp
[0.273s] -- Found rmw_implementation_cmake: 6.1.2 (/opt/ros/humble/share/rmw_implementation_cmake/cmake)
[0.275s] -- Found rmw_fastrtps_cpp: 6.2.8 (/opt/ros/humble/share/rmw_fastrtps_cpp/cmake)
[0.384s] -- Using RMW implementation 'rmw_fastrtps_cpp' as default
[0.429s] -- Found gazebo_ros_pkgs: 3.9.0 (/opt/ros/humble/share/gazebo_ros_pkgs/cmake)
[0.429s] -- Found gazebo_plugins: 3.9.0 (/opt/ros/humble/share/gazebo_plugins/cmake)
[0.460s] -- Found DART: /usr/include (Required is at least version "6.6") found components: dart 
[0.487s] -- Found Protobuf: /usr/lib/x86_64-linux-gnu/libprotobuf.so (found version "3.12.4") 
[0.488s] -- Looking for ignition-math6 -- found version 6.15.1
[0.493s] -- Searching for dependencies of ignition-math6
[0.495s] -- Looking for OGRE...
[0.500s] -- Found Ogre Ghadamon (1.9.0)
[0.500s] -- Found OGRE: optimized;/usr/lib/x86_64-linux-gnu/libOgreMain.so;debug;/usr/lib/x86_64-linux-gnu/libOgreMain.so
[0.507s] -- Looking for OGRE_Paging...
[0.507s] -- Found OGRE_Paging: optimized;/usr/lib/x86_64-linux-gnu/libOgrePaging.so;debug;/usr/lib/x86_64-linux-gnu/libOgrePaging.so
[0.507s] -- Looking for OGRE_Terrain...
[0.508s] -- Found OGRE_Terrain: optimized;/usr/lib/x86_64-linux-gnu/libOgreTerrain.so;debug;/usr/lib/x86_64-linux-gnu/libOgreTerrain.so
[0.508s] -- Looking for OGRE_Property...
[0.508s] -- Found OGRE_Property: optimized;/usr/lib/x86_64-linux-gnu/libOgreProperty.so;debug;/usr/lib/x86_64-linux-gnu/libOgreProperty.so
[0.508s] -- Looking for OGRE_RTShaderSystem...
[0.508s] -- Found OGRE_RTShaderSystem: optimized;/usr/lib/x86_64-linux-gnu/libOgreRTShaderSystem.so;debug;/usr/lib/x86_64-linux-gnu/libOgreRTShaderSystem.so
[0.508s] -- Looking for OGRE_Volume...
[0.508s] -- Found OGRE_Volume: optimized;/usr/lib/x86_64-linux-gnu/libOgreVolume.so;debug;/usr/lib/x86_64-linux-gnu/libOgreVolume.so
[0.508s] -- Looking for OGRE_Overlay...
[0.508s] -- Found OGRE_Overlay: optimized;/usr/lib/x86_64-linux-gnu/libOgreOverlay.so;debug;/usr/lib/x86_64-linux-gnu/libOgreOverlay.so
[0.647s] -- Looking for ignition-math6 -- found version 6.15.1
[0.654s] -- Looking for ignition-transport8 -- found version 8.2.1
[0.655s] -- Searching for dependencies of ignition-transport8
[0.675s] -- Found Protobuf: /usr/lib/x86_64-linux-gnu/libprotobuf.so (found suitable version "3.12.4", minimum required is "3") 
[0.688s] -- Config-file not installed for ZeroMQ -- checking for pkg-config
[0.692s] -- Checking for module 'libzmq >= 4'
[0.703s] --   Found libzmq , version 4.3.4
[0.734s] -- Checking for module 'uuid'
[0.744s] --   Found uuid, version 2.37.2
[0.768s] -- Looking for ignition-msgs5 -- found version 5.8.1
[0.768s] -- Searching for dependencies of ignition-msgs5
[0.788s] -- Looking for ignition-math6 -- found version 6.15.1
[0.792s] -- Checking for module 'tinyxml2'
[0.802s] --   Found tinyxml2, version 9.0.0
[0.827s] -- Looking for ignition-msgs5 -- found version 5.8.1
[0.827s] -- Looking for ignition-common3 -- found version 3.14.0
[0.828s] -- Searching for dependencies of ignition-common3
[0.828s] -- Looking for dlfcn.h - found
[0.828s] -- Looking for libdl - found
[0.839s] -- Searching for <ignition-common3> component [graphics]
[0.840s] -- Looking for ignition-common3-graphics -- found version 3.14.0
[0.840s] -- Searching for dependencies of ignition-common3-graphics
[0.841s] -- Looking for ignition-math6 -- found version 6.15.1
[0.842s] -- Looking for ignition-fuel_tools4 -- found version 4.4.0
[0.842s] -- Searching for dependencies of ignition-fuel_tools4
[0.881s] -- Checking for module 'jsoncpp'
[0.890s] --   Found jsoncpp, version 1.9.5
[0.919s] -- Checking for module 'libzip'
[0.930s] --   Found libzip, version 1.7.3
[0.953s] -- Looking for ignition-common3 -- found version 3.14.0
[0.953s] -- Looking for ignition-math6 -- found version 6.15.1
[0.954s] -- Looking for ignition-msgs5 -- found version 5.8.1
[0.956s] -- Gazebo version: 11.14
[1.001s] -- Found ament_lint_auto: 0.12.14 (/opt/ros/humble/share/ament_lint_auto/cmake)
[1.082s] -- Added test 'cppcheck' to perform static code analysis on C / C++ code
[1.082s] -- Configured cppcheck include dirs: 
[1.082s] -- Configured cppcheck exclude dirs and/or files: 
[1.082s] -- Added test 'flake8' to check Python code syntax and style conventions
[1.083s] -- Added test 'lint_cmake' to check CMake code style
[1.084s] -- Added test 'pep257' to check Python code against some of the docstring style conventions in PEP 257
[1.086s] -- Added test 'uncrustify' to check C / C++ code style
[1.086s] -- Configured uncrustify additional arguments: 
[1.087s] -- Added test 'xmllint' to check XML markup files
[1.088s] -- Configuring done
[1.098s] -- Generating done
[1.102s] -- Build files have been written to: /home/claudia/ForestGuard/build/my_drone_pkg
[1.131s] [100%] Built target drone_controller
[1.136s] Invoked command in '/home/claudia/ForestGuard/build/my_drone_pkg' returned '0': CMAKE_PREFIX_PATH=${CMAKE_PREFIX_PATH}:/home/claudia/ros2_ws/install/examples_rclcpp_minimal_publisher:/home/claudia/ros2_ws/install/a3_support:/opt/ros/humble /usr/bin/cmake --build /home/claudia/ForestGuard/build/my_drone_pkg -- -j16 -l16
[1.138s] Invoking command in '/home/claudia/ForestGuard/build/my_drone_pkg': CMAKE_PREFIX_PATH=${CMAKE_PREFIX_PATH}:/home/claudia/ros2_ws/install/examples_rclcpp_minimal_publisher:/home/claudia/ros2_ws/install/a3_support:/opt/ros/humble /usr/bin/cmake --install /home/claudia/ForestGuard/build/my_drone_pkg
[1.140s] -- Install configuration: ""
[1.141s] -- Up-to-date: /home/claudia/ForestGuard/install/my_drone_pkg/lib/my_drone_pkg/drone_controller
[1.141s] -- Up-to-date: /home/claudia/ForestGuard/install/my_drone_pkg/lib/my_drone_pkg/setup_gazebo.sh
[1.141s] -- Up-to-date: /home/claudia/ForestGuard/install/my_drone_pkg/share/my_drone_pkg/launch
[1.141s] -- Up-to-date: /home/claudia/ForestGuard/install/my_drone_pkg/share/my_drone_pkg/launch/drone_launch.py
[1.142s] -- Up-to-date: /home/claudia/ForestGuard/install/my_drone_pkg/share/my_drone_pkg/launch/display.launch.py
[1.142s] -- Up-to-date: /home/claudia/ForestGuard/install/my_drone_pkg/share/my_drone_pkg/worlds
[1.142s] -- Up-to-date: /home/claudia/ForestGuard/install/my_drone_pkg/share/my_drone_pkg/worlds/world_demo.sdf
[1.142s] -- Up-to-date: /home/claudia/ForestGuard/install/my_drone_pkg/share/my_drone_pkg/models
[1.142s] -- Up-to-date: /home/claudia/ForestGuard/install/my_drone_pkg/share/my_drone_pkg/models/X4_GPS_LIDAR_RGBD
[1.142s] -- Up-to-date: /home/claudia/ForestGuard/install/my_drone_pkg/share/my_drone_pkg/models/X4_GPS_LIDAR_RGBD/model.sdf
[1.142s] -- Up-to-date: /home/claudia/ForestGuard/install/my_drone_pkg/share/my_drone_pkg/models/X4_GPS_LIDAR_RGBD/materials
[1.142s] -- Up-to-date: /home/claudia/ForestGuard/install/my_drone_pkg/share/my_drone_pkg/models/X4_GPS_LIDAR_RGBD/materials/textures
[1.142s] -- Up-to-date: /home/claudia/ForestGuard/install/my_drone_pkg/share/my_drone_pkg/models/X4_GPS_LIDAR_RGBD/materials/textures/led.jpg
[1.142s] -- Up-to-date: /home/claudia/ForestGuard/install/my_drone_pkg/share/my_drone_pkg/models/X4_GPS_LIDAR_RGBD/materials/textures/spotlight.jpg
[1.142s] -- Up-to-date: /home/claudia/ForestGuard/install/my_drone_pkg/share/my_drone_pkg/models/X4_GPS_LIDAR_RGBD/model.config
[1.142s] -- Up-to-date: /home/claudia/ForestGuard/install/my_drone_pkg/share/my_drone_pkg/models/X4_GPS_LIDAR_RGBD/meshes
[1.142s] -- Up-to-date: /home/claudia/ForestGuard/install/my_drone_pkg/share/my_drone_pkg/models/X4_GPS_LIDAR_RGBD/meshes/neo11_propeller_cw.dae
[1.142s] -- Up-to-date: /home/claudia/ForestGuard/install/my_drone_pkg/share/my_drone_pkg/models/X4_GPS_LIDAR_RGBD/meshes/x4.dae
[1.143s] -- Up-to-date: /home/claudia/ForestGuard/install/my_drone_pkg/share/my_drone_pkg/models/X4_GPS_LIDAR_RGBD/meshes/led.dae
[1.143s] -- Up-to-date: /home/claudia/ForestGuard/install/my_drone_pkg/share/my_drone_pkg/models/X4_GPS_LIDAR_RGBD/meshes/x4.jpg
[1.143s] -- Up-to-date: /home/claudia/ForestGuard/install/my_drone_pkg/share/my_drone_pkg/models/X4_GPS_LIDAR_RGBD/meshes/propeller_cw.dae
[1.143s] -- Up-to-date: /home/claudia/ForestGuard/install/my_drone_pkg/share/my_drone_pkg/models/X4_GPS_LIDAR_RGBD/meshes/propeller_ccw.dae
[1.143s] -- Up-to-date: /home/claudia/ForestGuard/install/my_drone_pkg/share/my_drone_pkg/models/X4_GPS_LIDAR_RGBD/meshes/neo11_propeller_ccw.dae
[1.143s] -- Up-to-date: /home/claudia/ForestGuard/install/my_drone_pkg/share/my_drone_pkg/models/X4_GPS_LIDAR_RGBD/meshes/led_lamp.dae
[1.143s] -- Up-to-date: /home/claudia/ForestGuard/install/my_drone_pkg/share/my_drone_pkg/models/X4_GPS_LIDAR_RGBD/meshes/vi_sensor.jpg
[1.143s] -- Up-to-date: /home/claudia/ForestGuard/install/my_drone_pkg/share/my_drone_pkg/models/X4_GPS_LIDAR_RGBD/meshes/vi_sensor.dae
[1.143s] -- Up-to-date: /home/claudia/ForestGuard/install/my_drone_pkg/share/my_drone_pkg/models/X4_GPS_LIDAR_RGBD/meshes/vi_camera.jpg
[1.143s] -- Up-to-date: /home/claudia/ForestGuard/install/my_drone_pkg/share/my_drone_pkg/models/X4_GPS_LIDAR_RGBD/meshes/pelican.dae
[1.143s] -- Up-to-date: /home/claudia/ForestGuard/install/my_drone_pkg/share/my_drone_pkg/models/X4_GPS_LIDAR_RGBD/meshes/vi_camera.dae
[1.143s] -- Up-to-date: /home/claudia/ForestGuard/install/my_drone_pkg/share/my_drone_pkg/models/X4_GPS_LIDAR_RGBD/meshes/spotlight.dae
[1.143s] -- Up-to-date: /home/claudia/ForestGuard/install/my_drone_pkg/share/my_drone_pkg/models/X4_GPS_LIDAR_RGBD/thumbnails
[1.143s] -- Up-to-date: /home/claudia/ForestGuard/install/my_drone_pkg/share/my_drone_pkg/models/X4_GPS_LIDAR_RGBD/thumbnails/2.jpg
[1.144s] -- Up-to-date: /home/claudia/ForestGuard/install/my_drone_pkg/share/my_drone_pkg/models/X4_GPS_LIDAR_RGBD/thumbnails/5.jpg
[1.144s] -- Up-to-date: /home/claudia/ForestGuard/install/my_drone_pkg/share/my_drone_pkg/models/X4_GPS_LIDAR_RGBD/thumbnails/1.jpg
[1.144s] -- Up-to-date: /home/claudia/ForestGuard/install/my_drone_pkg/share/my_drone_pkg/models/X4_GPS_LIDAR_RGBD/thumbnails/3.jpg
[1.144s] -- Up-to-date: /home/claudia/ForestGuard/install/my_drone_pkg/share/my_drone_pkg/models/X4_GPS_LIDAR_RGBD/thumbnails/4.jpg
[1.144s] -- Up-to-date: /home/claudia/ForestGuard/install/my_drone_pkg/share/my_drone_pkg/urdf
[1.144s] -- Up-to-date: /home/claudia/ForestGuard/install/my_drone_pkg/share/my_drone_pkg/urdf/X4.urdf.xacro
[1.144s] -- Up-to-date: /home/claudia/ForestGuard/install/my_drone_pkg/share/my_drone_pkg/config
[1.144s] -- Installing: /home/claudia/ForestGuard/install/my_drone_pkg/share/my_drone_pkg/config/ros_gz_bridge_config.yaml
[1.144s] -- Installing: /home/claudia/ForestGuard/install/my_drone_pkg/share/ament_index/resource_index/package_run_dependencies/my_drone_pkg
[1.144s] -- Up-to-date: /home/claudia/ForestGuard/install/my_drone_pkg/share/ament_index/resource_index/parent_prefix_path/my_drone_pkg
[1.144s] -- Up-to-date: /home/claudia/ForestGuard/install/my_drone_pkg/share/my_drone_pkg/environment/ament_prefix_path.sh
[1.144s] -- Installing: /home/claudia/ForestGuard/install/my_drone_pkg/share/my_drone_pkg/environment/ament_prefix_path.dsv
[1.144s] -- Up-to-date: /home/claudia/ForestGuard/install/my_drone_pkg/share/my_drone_pkg/environment/path.sh
[1.144s] -- Installing: /home/claudia/ForestGuard/install/my_drone_pkg/share/my_drone_pkg/environment/path.dsv
[1.144s] -- Up-to-date: /home/claudia/ForestGuard/install/my_drone_pkg/share/my_drone_pkg/local_setup.bash
[1.144s] -- Up-to-date: /home/claudia/ForestGuard/install/my_drone_pkg/share/my_drone_pkg/local_setup.sh
[1.144s] -- Up-to-date: /home/claudia/ForestGuard/install/my_drone_pkg/share/my_drone_pkg/local_setup.zsh
[1.144s] -- Installing: /home/claudia/ForestGuard/install/my_drone_pkg/share/my_drone_pkg/local_setup.dsv
[1.145s] -- Installing: /home/claudia/ForestGuard/install/my_drone_pkg/share/my_drone_pkg/package.dsv
[1.145s] -- Up-to-date: /home/claudia/ForestGuard/install/my_drone_pkg/share/ament_index/resource_index/packages/my_drone_pkg
[1.145s] -- Up-to-date: /home/claudia/ForestGuard/install/my_drone_pkg/share/my_drone_pkg/cmake/my_drone_pkgConfig.cmake
[1.145s] -- Up-to-date: /home/claudia/ForestGuard/install/my_drone_pkg/share/my_drone_pkg/cmake/my_drone_pkgConfig-version.cmake
[1.145s] -- Installing: /home/claudia/ForestGuard/install/my_drone_pkg/share/my_drone_pkg/package.xml
[1.145s] Invoked command in '/home/claudia/ForestGuard/build/my_drone_pkg' returned '0': CMAKE_PREFIX_PATH=${CMAKE_PREFIX_PATH}:/home/claudia/ros2_ws/install/examples_rclcpp_minimal_publisher:/home/claudia/ros2_ws/install/a3_support:/opt/ros/humble /usr/bin/cmake --install /home/claudia/ForestGuard/build/my_drone_pkg
