[01m[K/home/claudia/ForestGuard/src/controller_pkg/src/controller.cpp:12:10:[m[K [01;31m[Kfatal error: [m[Kcontroller.h: No such file or directory
   12 | #include [01;31m[K"controller.h"[m[K
      |          [01;31m[K^~~~~~~~~~~~~~[m[K
compilation terminated.
[01m[K/home/claudia/ForestGuard/src/controller_pkg/src/quadcopter.cpp:15:10:[m[K [01;31m[Kfatal error: [m[Kcontroller.h: No such file or directory
   15 | #include [01;31m[K"controller.h"[m[K
      |          [01;31m[K^~~~~~~~~~~~~~[m[K
compilation terminated.
gmake[2]: *** [CMakeFiles/quadcopter.dir/build.make:90: CMakeFiles/quadcopter.dir/src/controller.cpp.o] Error 1
gmake[2]: *** Waiting for unfinished jobs....
gmake[2]: *** [CMakeFiles/quadcopter.dir/build.make:104: CMakeFiles/quadcopter.dir/src/quadcopter.cpp.o] Error 1
[01m[K/home/claudia/ForestGuard/src/controller_pkg/src/main_vismarker.cpp:6:10:[m[K [01;31m[Kfatal error: [m[Kvis_marker.h: No such file or directory
    6 | #include [01;31m[K"vis_marker.h"[m[K
      |          [01;31m[K^~~~~~~~~~~~~~[m[K
compilation terminated.
gmake[2]: *** [CMakeFiles/vismarker.dir/build.make:76: CMakeFiles/vismarker.dir/src/main_vismarker.cpp.o] Error 1
gmake[2]: *** Waiting for unfinished jobs....
[01m[K/home/claudia/ForestGuard/src/controller_pkg/src/main_quadcopter.cpp:6:10:[m[K [01;31m[Kfatal error: [m[Kquadcopter.h: No such file or directory
    6 | #include [01;31m[K"quadcopter.h"[m[K
      |          [01;31m[K^~~~~~~~~~~~~~[m[K
compilation terminated.
gmake[2]: *** [CMakeFiles/quadcopter.dir/build.make:76: CMakeFiles/quadcopter.dir/src/main_quadcopter.cpp.o] Error 1
gmake[1]: *** [CMakeFiles/Makefile2:139: CMakeFiles/quadcopter.dir/all] Error 2
gmake[1]: *** Waiting for unfinished jobs....
[01m[K/home/claudia/ForestGuard/src/controller_pkg/src/vis_marker.cpp:21:10:[m[K [01;31m[Kfatal error: [m[Kvis_marker.h: No such file or directory
   21 | #include [01;31m[K"vis_marker.h"[m[K
      |          [01;31m[K^~~~~~~~~~~~~~[m[K
compilation terminated.
gmake[2]: *** [CMakeFiles/vismarker.dir/build.make:90: CMakeFiles/vismarker.dir/src/vis_marker.cpp.o] Error 1
gmake[1]: *** [CMakeFiles/Makefile2:165: CMakeFiles/vismarker.dir/all] Error 2
gmake: *** [Makefile:146: all] Error 2
