[0.471s] Invoking command in '/home/john/git/RS1/john_branch/build/forestguard_colour': PYTHONPATH=/home/john/git/RS1/john_branch/build/forestguard_colour/prefix_override:/usr/lib/python3/dist-packages/colcon_core/task/python/colcon_distutils_commands:/home/john/git/RS1/john_branch/install/forestguard_colour/lib/python3.10/site-packages:${PYTHONPATH} /usr/bin/python3 -W ignore:setup.py install is deprecated -W ignore:easy_install command is deprecated setup.py develop --editable --build-directory /home/john/git/RS1/john_branch/build/forestguard_colour/build --no-deps symlink_data
[0.617s] running develop
[0.704s] running egg_info
[0.704s] writing forestguard_colour.egg-info/PKG-INFO
[0.704s] writing dependency_links to forestguard_colour.egg-info/dependency_links.txt
[0.705s] writing entry points to forestguard_colour.egg-info/entry_points.txt
[0.705s] writing requirements to forestguard_colour.egg-info/requires.txt
[0.705s] writing top-level names to forestguard_colour.egg-info/top_level.txt
[0.706s] reading manifest file 'forestguard_colour.egg-info/SOURCES.txt'
[0.706s] writing manifest file 'forestguard_colour.egg-info/SOURCES.txt'
[0.707s] running build_ext
[0.707s] Creating /home/john/git/RS1/john_branch/install/forestguard_colour/lib/python3.10/site-packages/forestguard-colour.egg-link (link to .)
[0.708s] Installing camera_tree_mapper script to /home/john/git/RS1/john_branch/install/forestguard_colour/lib/forestguard_perception
[0.708s] Installing hsv_calibrator script to /home/john/git/RS1/john_branch/install/forestguard_colour/lib/forestguard_perception
[0.708s] Installing lidar_tree_mapper script to /home/john/git/RS1/john_branch/install/forestguard_colour/lib/forestguard_perception
[0.708s] Installing tree_colour_confirmer script to /home/john/git/RS1/john_branch/install/forestguard_colour/lib/forestguard_perception
[0.708s] Installing tree_detector script to /home/john/git/RS1/john_branch/install/forestguard_colour/lib/forestguard_perception
[0.708s] Installing tree_detector_v2 script to /home/john/git/RS1/john_branch/install/forestguard_colour/lib/forestguard_perception
[0.708s] 
[0.708s] Installed /home/john/git/RS1/john_branch/build/forestguard_colour
[0.708s] running symlink_data
[0.708s] error: can't copy '/home/john/git/RS1/john_branch/build/forestguard_colour/resource/forestguard_colour': doesn't exist or not a regular file
[0.726s] Invoked command in '/home/john/git/RS1/john_branch/build/forestguard_colour' returned '1': PYTHONPATH=/home/john/git/RS1/john_branch/build/forestguard_colour/prefix_override:/usr/lib/python3/dist-packages/colcon_core/task/python/colcon_distutils_commands:/home/john/git/RS1/john_branch/install/forestguard_colour/lib/python3.10/site-packages:${PYTHONPATH} /usr/bin/python3 -W ignore:setup.py install is deprecated -W ignore:easy_install command is deprecated setup.py develop --editable --build-directory /home/john/git/RS1/john_branch/build/forestguard_colour/build --no-deps symlink_data
