running develop
running egg_info
creating forest_guard_sim.egg-info
writing forest_guard_sim.egg-info/PKG-INFO
writing dependency_links to forest_guard_sim.egg-info/dependency_links.txt
writing entry points to forest_guard_sim.egg-info/entry_points.txt
writing requirements to forest_guard_sim.egg-info/requires.txt
writing top-level names to forest_guard_sim.egg-info/top_level.txt
writing manifest file 'forest_guard_sim.egg-info/SOURCES.txt'
reading manifest file 'forest_guard_sim.egg-info/SOURCES.txt'
writing manifest file 'forest_guard_sim.egg-info/SOURCES.txt'
running build_ext
Creating /home/claudia/ForestGuard/install/forest_guard_sim/lib/python3.10/site-packages/forest-guard-sim.egg-link (link to .)

Installed /home/claudia/ForestGuard/build/forest_guard_sim
running symlink_data
creating /home/claudia/ForestGuard/install/forest_guard_sim/share/ament_index
creating /home/claudia/ForestGuard/install/forest_guard_sim/share/ament_index/resource_index
creating /home/claudia/ForestGuard/install/forest_guard_sim/share/ament_index/resource_index/packages
symbolically linking /home/claudia/ForestGuard/build/forest_guard_sim/resource/forest_guard_sim -> /home/claudia/ForestGuard/install/forest_guard_sim/share/ament_index/resource_index/packages
symbolically linking /home/claudia/ForestGuard/build/forest_guard_sim/package.xml -> /home/claudia/ForestGuard/install/forest_guard_sim/share/forest_guard_sim
creating /home/claudia/ForestGuard/install/forest_guard_sim/share/forest_guard_sim/launch
symbolically linking /home/claudia/ForestGuard/build/forest_guard_sim/launch/forest_world.launch.py -> /home/claudia/ForestGuard/install/forest_guard_sim/share/forest_guard_sim/launch
symbolically linking /home/claudia/ForestGuard/build/forest_guard_sim/launch/forest_random.launch.py -> /home/claudia/ForestGuard/install/forest_guard_sim/share/forest_guard_sim/launch
creating /home/claudia/ForestGuard/install/forest_guard_sim/share/forest_guard_sim/worlds
symbolically linking /home/claudia/ForestGuard/build/forest_guard_sim/worlds/forest.world.sdf -> /home/claudia/ForestGuard/install/forest_guard_sim/share/forest_guard_sim/worlds
creating /home/claudia/ForestGuard/install/forest_guard_sim/share/forest_guard_sim/models
creating /home/claudia/ForestGuard/install/forest_guard_sim/share/forest_guard_sim/models/forest_env
symbolically linking /home/claudia/ForestGuard/build/forest_guard_sim/models/forest_env/model.sdf -> /home/claudia/ForestGuard/install/forest_guard_sim/share/forest_guard_sim/models/forest_env
symbolically linking /home/claudia/ForestGuard/build/forest_guard_sim/models/forest_env/model.config -> /home/claudia/ForestGuard/install/forest_guard_sim/share/forest_guard_sim/models/forest_env
creating /home/claudia/ForestGuard/install/forest_guard_sim/share/forest_guard_sim/models/forest_env/meshes
symbolically linking /home/claudia/ForestGuard/build/forest_guard_sim/models/forest_env/meshes/Environment1.dae -> /home/claudia/ForestGuard/install/forest_guard_sim/share/forest_guard_sim/models/forest_env/meshes
creating /home/claudia/ForestGuard/install/forest_guard_sim/share/forest_guard_sim/models/forest_env/materials
creating /home/claudia/ForestGuard/install/forest_guard_sim/share/forest_guard_sim/models/forest_env/materials/textures
symbolically linking /home/claudia/ForestGuard/build/forest_guard_sim/models/forest_env/materials/textures/empty_grass.png -> /home/claudia/ForestGuard/install/forest_guard_sim/share/forest_guard_sim/models/forest_env/materials/textures
creating /home/claudia/ForestGuard/install/forest_guard_sim/share/forest_guard_sim/models/tree1
symbolically linking /home/claudia/ForestGuard/build/forest_guard_sim/models/tree1/model.sdf -> /home/claudia/ForestGuard/install/forest_guard_sim/share/forest_guard_sim/models/tree1
symbolically linking /home/claudia/ForestGuard/build/forest_guard_sim/models/tree1/model.config -> /home/claudia/ForestGuard/install/forest_guard_sim/share/forest_guard_sim/models/tree1
creating /home/claudia/ForestGuard/install/forest_guard_sim/share/forest_guard_sim/models/tree1/meshes
symbolically linking /home/claudia/ForestGuard/build/forest_guard_sim/models/tree1/meshes/tree_a.dae -> /home/claudia/ForestGuard/install/forest_guard_sim/share/forest_guard_sim/models/tree1/meshes
creating /home/claudia/ForestGuard/install/forest_guard_sim/share/forest_guard_sim/models/tree1/materials
creating /home/claudia/ForestGuard/install/forest_guard_sim/share/forest_guard_sim/models/tree1/materials/textures
symbolically linking /home/claudia/ForestGuard/build/forest_guard_sim/models/tree1/materials/textures/bark01.jpg -> /home/claudia/ForestGuard/install/forest_guard_sim/share/forest_guard_sim/models/tree1/materials/textures
creating /home/claudia/ForestGuard/install/forest_guard_sim/share/forest_guard_sim/models/tree2
symbolically linking /home/claudia/ForestGuard/build/forest_guard_sim/models/tree2/model.sdf -> /home/claudia/ForestGuard/install/forest_guard_sim/share/forest_guard_sim/models/tree2
symbolically linking /home/claudia/ForestGuard/build/forest_guard_sim/models/tree2/model.config -> /home/claudia/ForestGuard/install/forest_guard_sim/share/forest_guard_sim/models/tree2
creating /home/claudia/ForestGuard/install/forest_guard_sim/share/forest_guard_sim/models/tree2/meshes
symbolically linking /home/claudia/ForestGuard/build/forest_guard_sim/models/tree2/meshes/tree_b.dae -> /home/claudia/ForestGuard/install/forest_guard_sim/share/forest_guard_sim/models/tree2/meshes
creating /home/claudia/ForestGuard/install/forest_guard_sim/share/forest_guard_sim/models/tree2/materials
creating /home/claudia/ForestGuard/install/forest_guard_sim/share/forest_guard_sim/models/tree2/materials/textures
symbolically linking /home/claudia/ForestGuard/build/forest_guard_sim/models/tree2/materials/textures/bark.jpeg -> /home/claudia/ForestGuard/install/forest_guard_sim/share/forest_guard_sim/models/tree2/materials/textures
