[0.388s] Invoking command in '/home/yut/git/rs1-2025s-ytu77/yuto_branch/build/yuto': CMAKE_PREFIX_PATH=${CMAKE_PREFIX_PATH}:/home/yut/git/rs1-2025s-ytu77/yuto_branch/install/forestguard_ui:/home/yut/git/rs1-2025s-ytu77/yuto_branch/install/forestguard_colour:/opt/ros/humble /usr/bin/cmake --build /home/yut/git/rs1-2025s-ytu77/yuto_branch/build/yuto -- -j12 -l12
[0.426s] Invoked command in '/home/yut/git/rs1-2025s-ytu77/yuto_branch/build/yuto' returned '0': CMAKE_PREFIX_PATH=${CMAKE_PREFIX_PATH}:/home/yut/git/rs1-2025s-ytu77/yuto_branch/install/forestguard_ui:/home/yut/git/rs1-2025s-ytu77/yuto_branch/install/forestguard_colour:/opt/ros/humble /usr/bin/cmake --build /home/yut/git/rs1-2025s-ytu77/yuto_branch/build/yuto -- -j12 -l12
[0.427s] Invoking command in '/home/yut/git/rs1-2025s-ytu77/yuto_branch/build/yuto': CMAKE_PREFIX_PATH=${CMAKE_PREFIX_PATH}:/home/yut/git/rs1-2025s-ytu77/yuto_branch/install/forestguard_ui:/home/yut/git/rs1-2025s-ytu77/yuto_branch/install/forestguard_colour:/opt/ros/humble /usr/bin/cmake --install /home/yut/git/rs1-2025s-ytu77/yuto_branch/build/yuto
[0.434s] -- Install configuration: ""
[0.434s] -- Up-to-date: /home/yut/git/rs1-2025s-ytu77/yuto_branch/install/yuto/share/yuto/config
[0.435s] -- Up-to-date: /home/yut/git/rs1-2025s-ytu77/yuto_branch/install/yuto/share/yuto/config/xbox_teleop.yaml
[0.435s] -- Up-to-date: /home/yut/git/rs1-2025s-ytu77/yuto_branch/install/yuto/share/yuto/config/robot_localization.yaml
[0.435s] -- Up-to-date: /home/yut/git/rs1-2025s-ytu77/yuto_branch/install/yuto/share/yuto/config/gazebo_bridge.yaml
[0.435s] -- Up-to-date: /home/yut/git/rs1-2025s-ytu77/yuto_branch/install/yuto/share/yuto/config/slam_params.yaml
[0.435s] -- Up-to-date: /home/yut/git/rs1-2025s-ytu77/yuto_branch/install/yuto/share/yuto/config/john.rviz
[0.435s] -- Up-to-date: /home/yut/git/rs1-2025s-ytu77/yuto_branch/install/yuto/share/yuto/config/nav2_params.yaml
[0.435s] -- Up-to-date: /home/yut/git/rs1-2025s-ytu77/yuto_branch/install/yuto/share/yuto/config/forest.rviz
[0.435s] -- Up-to-date: /home/yut/git/rs1-2025s-ytu77/yuto_branch/install/yuto/share/yuto/launch
[0.436s] -- Up-to-date: /home/yut/git/rs1-2025s-ytu77/yuto_branch/install/yuto/share/yuto/launch/forest_mapping.launch.py
[0.436s] -- Up-to-date: /home/yut/git/rs1-2025s-ytu77/yuto_branch/install/yuto/share/yuto/launch/forest_random.launch.py
[0.436s] -- Up-to-date: /home/yut/git/rs1-2025s-ytu77/yuto_branch/install/yuto/share/yuto/launch/random_forest_husky.launch.py
[0.436s] -- Up-to-date: /home/yut/git/rs1-2025s-ytu77/yuto_branch/install/yuto/share/yuto/launch/autonomous_forest.launch.py
[0.436s] -- Up-to-date: /home/yut/git/rs1-2025s-ytu77/yuto_branch/install/yuto/share/yuto/launch/john.launch.py
[0.436s] -- Up-to-date: /home/yut/git/rs1-2025s-ytu77/yuto_branch/install/yuto/share/yuto/launch/johnNavigation.launch.py
[0.436s] -- Up-to-date: /home/yut/git/rs1-2025s-ytu77/yuto_branch/install/yuto/share/yuto/launch/navigation_map.launch.py
[0.436s] -- Up-to-date: /home/yut/git/rs1-2025s-ytu77/yuto_branch/install/yuto/share/yuto/launch/large_forest_husky.launch.py
[0.436s] -- Up-to-date: /home/yut/git/rs1-2025s-ytu77/yuto_branch/install/yuto/share/yuto/launch/john_autonomous_forest.launch.py
[0.437s] -- Up-to-date: /home/yut/git/rs1-2025s-ytu77/yuto_branch/install/yuto/share/yuto/launch/forest_world.launch.py
[0.437s] -- Up-to-date: /home/yut/git/rs1-2025s-ytu77/yuto_branch/install/yuto/share/yuto/launch/41068_ignition.launch.py
[0.437s] -- Up-to-date: /home/yut/git/rs1-2025s-ytu77/yuto_branch/install/yuto/share/yuto/launch/sample
[0.437s] -- Up-to-date: /home/yut/git/rs1-2025s-ytu77/yuto_branch/install/yuto/share/yuto/launch/johnXL.py
[0.437s] -- Up-to-date: /home/yut/git/rs1-2025s-ytu77/yuto_branch/install/yuto/share/yuto/maps
[0.437s] -- Up-to-date: /home/yut/git/rs1-2025s-ytu77/yuto_branch/install/yuto/share/yuto/maps/forest_map.pgm
[0.437s] -- Up-to-date: /home/yut/git/rs1-2025s-ytu77/yuto_branch/install/yuto/share/yuto/maps/forest_map.yaml
[0.437s] -- Up-to-date: /home/yut/git/rs1-2025s-ytu77/yuto_branch/install/yuto/share/yuto/models
[0.437s] -- Up-to-date: /home/yut/git/rs1-2025s-ytu77/yuto_branch/install/yuto/share/yuto/models/tree2
[0.437s] -- Up-to-date: /home/yut/git/rs1-2025s-ytu77/yuto_branch/install/yuto/share/yuto/models/tree2/meshes
[0.437s] -- Up-to-date: /home/yut/git/rs1-2025s-ytu77/yuto_branch/install/yuto/share/yuto/models/tree2/meshes/tree_b.dae
[0.438s] -- Up-to-date: /home/yut/git/rs1-2025s-ytu77/yuto_branch/install/yuto/share/yuto/models/tree2/materials
[0.438s] -- Up-to-date: /home/yut/git/rs1-2025s-ytu77/yuto_branch/install/yuto/share/yuto/models/tree2/materials/textures
[0.438s] -- Up-to-date: /home/yut/git/rs1-2025s-ytu77/yuto_branch/install/yuto/share/yuto/models/tree2/materials/textures/bark.jpeg
[0.438s] -- Up-to-date: /home/yut/git/rs1-2025s-ytu77/yuto_branch/install/yuto/share/yuto/models/tree2/model.sdf
[0.438s] -- Up-to-date: /home/yut/git/rs1-2025s-ytu77/yuto_branch/install/yuto/share/yuto/models/tree2/model.config
[0.438s] -- Up-to-date: /home/yut/git/rs1-2025s-ytu77/yuto_branch/install/yuto/share/yuto/models/grass_plane
[0.438s] -- Up-to-date: /home/yut/git/rs1-2025s-ytu77/yuto_branch/install/yuto/share/yuto/models/grass_plane/materials
[0.438s] -- Up-to-date: /home/yut/git/rs1-2025s-ytu77/yuto_branch/install/yuto/share/yuto/models/grass_plane/materials/textures
[0.439s] -- Up-to-date: /home/yut/git/rs1-2025s-ytu77/yuto_branch/install/yuto/share/yuto/models/grass_plane/materials/textures/empty_grass.png
[0.440s] -- Up-to-date: /home/yut/git/rs1-2025s-ytu77/yuto_branch/install/yuto/share/yuto/models/grass_plane/model.sdf
[0.440s] -- Up-to-date: /home/yut/git/rs1-2025s-ytu77/yuto_branch/install/yuto/share/yuto/models/grass_plane/model.config
[0.440s] -- Up-to-date: /home/yut/git/rs1-2025s-ytu77/yuto_branch/install/yuto/share/yuto/models/forest_plane
[0.440s] -- Up-to-date: /home/yut/git/rs1-2025s-ytu77/yuto_branch/install/yuto/share/yuto/models/forest_plane/materials
[0.440s] -- Up-to-date: /home/yut/git/rs1-2025s-ytu77/yuto_branch/install/yuto/share/yuto/models/forest_plane/materials/textures
[0.440s] -- Up-to-date: /home/yut/git/rs1-2025s-ytu77/yuto_branch/install/yuto/share/yuto/models/forest_plane/materials/textures/leaf_litter.png
[0.440s] -- Up-to-date: /home/yut/git/rs1-2025s-ytu77/yuto_branch/install/yuto/share/yuto/models/forest_plane/materials/textures/forest_overhead.png
[0.440s] -- Up-to-date: /home/yut/git/rs1-2025s-ytu77/yuto_branch/install/yuto/share/yuto/models/forest_plane/materials/textures/empty_grass.png
[0.440s] -- Up-to-date: /home/yut/git/rs1-2025s-ytu77/yuto_branch/install/yuto/share/yuto/models/forest_plane/model.sdf
[0.440s] -- Up-to-date: /home/yut/git/rs1-2025s-ytu77/yuto_branch/install/yuto/share/yuto/models/forest_plane/model.config
[0.441s] -- Up-to-date: /home/yut/git/rs1-2025s-ytu77/yuto_branch/install/yuto/share/yuto/models/forest_env
[0.441s] -- Up-to-date: /home/yut/git/rs1-2025s-ytu77/yuto_branch/install/yuto/share/yuto/models/forest_env/meshes
[0.441s] -- Up-to-date: /home/yut/git/rs1-2025s-ytu77/yuto_branch/install/yuto/share/yuto/models/forest_env/meshes/Environment1.dae
[0.441s] -- Up-to-date: /home/yut/git/rs1-2025s-ytu77/yuto_branch/install/yuto/share/yuto/models/forest_env/meshes/Environment.dae
[0.441s] -- Up-to-date: /home/yut/git/rs1-2025s-ytu77/yuto_branch/install/yuto/share/yuto/models/forest_env/meshes/empty_grass.png
[0.441s] -- Up-to-date: /home/yut/git/rs1-2025s-ytu77/yuto_branch/install/yuto/share/yuto/models/forest_env/materials
[0.441s] -- Up-to-date: /home/yut/git/rs1-2025s-ytu77/yuto_branch/install/yuto/share/yuto/models/forest_env/materials/textures
[0.441s] -- Up-to-date: /home/yut/git/rs1-2025s-ytu77/yuto_branch/install/yuto/share/yuto/models/forest_env/materials/textures/empty_grass.png
[0.441s] -- Up-to-date: /home/yut/git/rs1-2025s-ytu77/yuto_branch/install/yuto/share/yuto/models/forest_env/model.sdf
[0.441s] -- Up-to-date: /home/yut/git/rs1-2025s-ytu77/yuto_branch/install/yuto/share/yuto/models/forest_env/model.config
[0.441s] -- Up-to-date: /home/yut/git/rs1-2025s-ytu77/yuto_branch/install/yuto/share/yuto/models/forest_wall
[0.441s] -- Up-to-date: /home/yut/git/rs1-2025s-ytu77/yuto_branch/install/yuto/share/yuto/models/forest_wall/materials
[0.441s] -- Up-to-date: /home/yut/git/rs1-2025s-ytu77/yuto_branch/install/yuto/share/yuto/models/forest_wall/materials/textures
[0.441s] -- Up-to-date: /home/yut/git/rs1-2025s-ytu77/yuto_branch/install/yuto/share/yuto/models/forest_wall/materials/textures/forest_wall_transparent_small.png
[0.441s] -- Up-to-date: /home/yut/git/rs1-2025s-ytu77/yuto_branch/install/yuto/share/yuto/models/forest_wall/materials/textures/forest_wall.png
[0.442s] -- Up-to-date: /home/yut/git/rs1-2025s-ytu77/yuto_branch/install/yuto/share/yuto/models/forest_wall/materials/textures/forest_wall_transparent.png
[0.442s] -- Up-to-date: /home/yut/git/rs1-2025s-ytu77/yuto_branch/install/yuto/share/yuto/models/forest_wall/model.sdf
[0.442s] -- Up-to-date: /home/yut/git/rs1-2025s-ytu77/yuto_branch/install/yuto/share/yuto/models/forest_wall/model.config
[0.442s] -- Up-to-date: /home/yut/git/rs1-2025s-ytu77/yuto_branch/install/yuto/share/yuto/models/tree1
[0.442s] -- Up-to-date: /home/yut/git/rs1-2025s-ytu77/yuto_branch/install/yuto/share/yuto/models/tree1/meshes
[0.442s] -- Up-to-date: /home/yut/git/rs1-2025s-ytu77/yuto_branch/install/yuto/share/yuto/models/tree1/meshes/tree_a.dae
[0.442s] -- Up-to-date: /home/yut/git/rs1-2025s-ytu77/yuto_branch/install/yuto/share/yuto/models/tree1/materials
[0.442s] -- Up-to-date: /home/yut/git/rs1-2025s-ytu77/yuto_branch/install/yuto/share/yuto/models/tree1/materials/textures
[0.442s] -- Up-to-date: /home/yut/git/rs1-2025s-ytu77/yuto_branch/install/yuto/share/yuto/models/tree1/materials/textures/bark01.jpg
[0.442s] -- Up-to-date: /home/yut/git/rs1-2025s-ytu77/yuto_branch/install/yuto/share/yuto/models/tree1/model.sdf
[0.442s] -- Up-to-date: /home/yut/git/rs1-2025s-ytu77/yuto_branch/install/yuto/share/yuto/models/tree1/model.config
[0.442s] -- Up-to-date: /home/yut/git/rs1-2025s-ytu77/yuto_branch/install/yuto/share/yuto/urdf
[0.443s] -- Up-to-date: /home/yut/git/rs1-2025s-ytu77/yuto_branch/install/yuto/share/yuto/urdf/meshes
[0.443s] -- Up-to-date: /home/yut/git/rs1-2025s-ytu77/yuto_branch/install/yuto/share/yuto/urdf/meshes/top_chassis.dae
[0.443s] -- Up-to-date: /home/yut/git/rs1-2025s-ytu77/yuto_branch/install/yuto/share/yuto/urdf/meshes/bumper.dae
[0.443s] -- Up-to-date: /home/yut/git/rs1-2025s-ytu77/yuto_branch/install/yuto/share/yuto/urdf/meshes/top_plate.dae
[0.443s] -- Up-to-date: /home/yut/git/rs1-2025s-ytu77/yuto_branch/install/yuto/share/yuto/urdf/meshes/wheel.dae
[0.443s] -- Up-to-date: /home/yut/git/rs1-2025s-ytu77/yuto_branch/install/yuto/share/yuto/urdf/meshes/jpl04_arch_nosensor.stl
[0.443s] -- Up-to-date: /home/yut/git/rs1-2025s-ytu77/yuto_branch/install/yuto/share/yuto/urdf/meshes/base_link.dae
[0.443s] -- Up-to-date: /home/yut/git/rs1-2025s-ytu77/yuto_branch/install/yuto/share/yuto/urdf/husky.urdf.xacro
[0.443s] -- Up-to-date: /home/yut/git/rs1-2025s-ytu77/yuto_branch/install/yuto/share/yuto/urdf/common_properties.urdf.xacro
[0.443s] -- Up-to-date: /home/yut/git/rs1-2025s-ytu77/yuto_branch/install/yuto/share/yuto/urdf/wheel.urdf.xacro
[0.443s] -- Up-to-date: /home/yut/git/rs1-2025s-ytu77/yuto_branch/install/yuto/share/yuto/urdf/husky.gazebo.xacro
[0.443s] -- Up-to-date: /home/yut/git/rs1-2025s-ytu77/yuto_branch/install/yuto/share/yuto/worlds
[0.443s] -- Up-to-date: /home/yut/git/rs1-2025s-ytu77/yuto_branch/install/yuto/share/yuto/worlds/simple_trees.sdf
[0.443s] -- Up-to-date: /home/yut/git/rs1-2025s-ytu77/yuto_branch/install/yuto/share/yuto/worlds/forest_world.sdf
[0.443s] -- Up-to-date: /home/yut/git/rs1-2025s-ytu77/yuto_branch/install/yuto/share/yuto/worlds/large_demo.sdf
[0.444s] -- Up-to-date: /home/yut/git/rs1-2025s-ytu77/yuto_branch/install/yuto/share/ament_index/resource_index/package_run_dependencies/yuto
[0.444s] -- Up-to-date: /home/yut/git/rs1-2025s-ytu77/yuto_branch/install/yuto/share/ament_index/resource_index/parent_prefix_path/yuto
[0.444s] -- Up-to-date: /home/yut/git/rs1-2025s-ytu77/yuto_branch/install/yuto/share/yuto/environment/ament_prefix_path.sh
[0.444s] -- Up-to-date: /home/yut/git/rs1-2025s-ytu77/yuto_branch/install/yuto/share/yuto/environment/ament_prefix_path.dsv
[0.444s] -- Up-to-date: /home/yut/git/rs1-2025s-ytu77/yuto_branch/install/yuto/share/yuto/environment/path.sh
[0.444s] -- Up-to-date: /home/yut/git/rs1-2025s-ytu77/yuto_branch/install/yuto/share/yuto/environment/path.dsv
[0.444s] -- Up-to-date: /home/yut/git/rs1-2025s-ytu77/yuto_branch/install/yuto/share/yuto/local_setup.bash
[0.444s] -- Up-to-date: /home/yut/git/rs1-2025s-ytu77/yuto_branch/install/yuto/share/yuto/local_setup.sh
[0.444s] -- Up-to-date: /home/yut/git/rs1-2025s-ytu77/yuto_branch/install/yuto/share/yuto/local_setup.zsh
[0.444s] -- Up-to-date: /home/yut/git/rs1-2025s-ytu77/yuto_branch/install/yuto/share/yuto/local_setup.dsv
[0.444s] -- Up-to-date: /home/yut/git/rs1-2025s-ytu77/yuto_branch/install/yuto/share/yuto/package.dsv
[0.444s] -- Up-to-date: /home/yut/git/rs1-2025s-ytu77/yuto_branch/install/yuto/share/ament_index/resource_index/packages/yuto
[0.444s] -- Up-to-date: /home/yut/git/rs1-2025s-ytu77/yuto_branch/install/yuto/share/yuto/cmake/yutoConfig.cmake
[0.444s] -- Up-to-date: /home/yut/git/rs1-2025s-ytu77/yuto_branch/install/yuto/share/yuto/cmake/yutoConfig-version.cmake
[0.444s] -- Up-to-date: /home/yut/git/rs1-2025s-ytu77/yuto_branch/install/yuto/share/yuto/package.xml
[0.445s] Invoked command in '/home/yut/git/rs1-2025s-ytu77/yuto_branch/build/yuto' returned '0': CMAKE_PREFIX_PATH=${CMAKE_PREFIX_PATH}:/home/yut/git/rs1-2025s-ytu77/yuto_branch/install/forestguard_ui:/home/yut/git/rs1-2025s-ytu77/yuto_branch/install/forestguard_colour:/opt/ros/humble /usr/bin/cmake --install /home/yut/git/rs1-2025s-ytu77/yuto_branch/build/yuto
