[0.011s] Invoking command in '/home/john/git/RS1/john_branch/build/forestguard_localisation': CMAKE_PREFIX_PATH=${CMAKE_PREFIX_PATH}:/home/john/git/RS1/john_branch/install/forestguard_ui:/home/john/git/RS1/john_branch/install/forestguard_colour:/opt/ros/humble /usr/bin/cmake /home/john/git/RS1/john_branch/src/forestguard_localisation -DAMENT_CMAKE_SYMLINK_INSTALL=1 -DCMAKE_INSTALL_PREFIX=/home/john/git/RS1/john_branch/install/forestguard_localisation
[0.140s] -- The C compiler identification is GNU 11.4.0
[0.140s] -- The CXX compiler identification is GNU 11.4.0
[0.141s] -- Detecting C compiler ABI info
[0.141s] -- Detecting C compiler ABI info - done
[0.141s] -- Check for working C compiler: /usr/bin/cc - skipped
[0.141s] -- Detecting C compile features
[0.141s] -- Detecting C compile features - done
[0.141s] -- Detecting CXX compiler ABI info
[0.186s] -- Detecting CXX compiler ABI info - done
[0.190s] -- Check for working CXX compiler: /usr/bin/c++ - skipped
[0.190s] -- Detecting CXX compile features
[0.190s] -- Detecting CXX compile features - done
[0.191s] -- Found ament_cmake: 1.3.12 (/opt/ros/humble/share/ament_cmake/cmake)
[0.289s] -- Found Python3: /usr/bin/python3 (found version "3.10.12") found components: Interpreter 
[0.335s] -- Override CMake install command with custom implementation using symlinks instead of copying resources
[0.352s] -- Found rclcpp: 16.0.15 (/opt/ros/humble/share/rclcpp/cmake)
[0.381s] -- Found rosidl_generator_c: 3.1.7 (/opt/ros/humble/share/rosidl_generator_c/cmake)
[0.384s] -- Found rosidl_adapter: 3.1.7 (/opt/ros/humble/share/rosidl_adapter/cmake)
[0.388s] -- Found rosidl_generator_cpp: 3.1.7 (/opt/ros/humble/share/rosidl_generator_cpp/cmake)
[0.395s] -- Using all available rosidl_typesupport_c: rosidl_typesupport_fastrtps_c;rosidl_typesupport_introspection_c
[0.403s] -- Using all available rosidl_typesupport_cpp: rosidl_typesupport_fastrtps_cpp;rosidl_typesupport_introspection_cpp
[0.427s] -- Found rmw_implementation_cmake: 6.1.2 (/opt/ros/humble/share/rmw_implementation_cmake/cmake)
[0.428s] -- Found rmw_fastrtps_cpp: 6.2.9 (/opt/ros/humble/share/rmw_fastrtps_cpp/cmake)
[0.484s] -- Found OpenSSL: /usr/lib/x86_64-linux-gnu/libcrypto.so (found version "3.0.2")  
[0.508s] -- Found FastRTPS: /opt/ros/humble/include  
[0.534s] -- Using RMW implementation 'rmw_fastrtps_cpp' as default
[0.539s] -- Looking for pthread.h
[0.587s] -- Looking for pthread.h - found
[0.587s] -- Performing Test CMAKE_HAVE_LIBC_PTHREAD
[0.639s] -- Performing Test CMAKE_HAVE_LIBC_PTHREAD - Success
[0.640s] -- Found Threads: TRUE  
[0.671s] -- Found geometry_msgs: 4.9.0 (/opt/ros/humble/share/geometry_msgs/cmake)
[0.679s] -- Found nav_msgs: 4.9.0 (/opt/ros/humble/share/nav_msgs/cmake)
[0.691s] -- Found tf2_ros: 0.25.16 (/opt/ros/humble/share/tf2_ros/cmake)
[0.751s] -- Found ament_cmake_ros: 0.10.0 (/opt/ros/humble/share/ament_cmake_ros/cmake)
[0.755s] -- Found rosbag2_cpp: 0.15.15 (/opt/ros/humble/share/rosbag2_cpp/cmake)
[0.773s] -- Found ament_lint_auto: 0.12.14 (/opt/ros/humble/share/ament_lint_auto/cmake)
[0.815s] -- Added test 'cppcheck' to perform static code analysis on C / C++ code
[0.815s] -- Configured cppcheck include dirs: $<BUILD_INTERFACE:/home/john/git/RS1/john_branch/src/forestguard_localisation/include>
[0.815s] -- Configured cppcheck exclude dirs and/or files: 
[0.815s] -- Added test 'lint_cmake' to check CMake code style
[0.816s] -- Added test 'uncrustify' to check C / C++ code style
[0.816s] -- Configured uncrustify additional arguments: 
[0.816s] -- Added test 'xmllint' to check XML markup files
[0.817s] -- Configuring done
[0.822s] -- Generating done
[0.824s] -- Build files have been written to: /home/john/git/RS1/john_branch/build/forestguard_localisation
[0.831s] Invoked command in '/home/john/git/RS1/john_branch/build/forestguard_localisation' returned '0': CMAKE_PREFIX_PATH=${CMAKE_PREFIX_PATH}:/home/john/git/RS1/john_branch/install/forestguard_ui:/home/john/git/RS1/john_branch/install/forestguard_colour:/opt/ros/humble /usr/bin/cmake /home/john/git/RS1/john_branch/src/forestguard_localisation -DAMENT_CMAKE_SYMLINK_INSTALL=1 -DCMAKE_INSTALL_PREFIX=/home/john/git/RS1/john_branch/install/forestguard_localisation
[0.832s] Invoking command in '/home/john/git/RS1/john_branch/build/forestguard_localisation': CMAKE_PREFIX_PATH=${CMAKE_PREFIX_PATH}:/home/john/git/RS1/john_branch/install/forestguard_ui:/home/john/git/RS1/john_branch/install/forestguard_colour:/opt/ros/humble /usr/bin/cmake --build /home/john/git/RS1/john_branch/build/forestguard_localisation -- -j20 -l20
[0.865s] [ 33%] [32mBuilding CXX object CMakeFiles/forestguard_localisation.dir/src/amcl_localisation.cpp.o[0m
[0.865s] [ 66%] [32mBuilding CXX object CMakeFiles/forestguard_localisation.dir/src/main_amcl.cpp.o[0m
[5.383s] [100%] [32m[1mLinking CXX executable forestguard_localisation[0m
[5.627s] [100%] Built target forestguard_localisation
[5.638s] Invoked command in '/home/john/git/RS1/john_branch/build/forestguard_localisation' returned '0': CMAKE_PREFIX_PATH=${CMAKE_PREFIX_PATH}:/home/john/git/RS1/john_branch/install/forestguard_ui:/home/john/git/RS1/john_branch/install/forestguard_colour:/opt/ros/humble /usr/bin/cmake --build /home/john/git/RS1/john_branch/build/forestguard_localisation -- -j20 -l20
[5.639s] Invoking command in '/home/john/git/RS1/john_branch/build/forestguard_localisation': CMAKE_PREFIX_PATH=${CMAKE_PREFIX_PATH}:/home/john/git/RS1/john_branch/install/forestguard_ui:/home/john/git/RS1/john_branch/install/forestguard_colour:/opt/ros/humble /usr/bin/cmake --install /home/john/git/RS1/john_branch/build/forestguard_localisation
[5.643s] -- Install configuration: ""
[5.643s] -- Execute custom install script
[5.643s] -- Symlinking: /home/john/git/RS1/john_branch/install/forestguard_localisation/lib/forestguard_localisation/forestguard_localisation
[5.648s] -- Symlinking: /home/john/git/RS1/john_branch/install/forestguard_localisation/include/forestguard_localisation/amcl_localisation.h
[5.655s] -- Symlinking: /home/john/git/RS1/john_branch/install/forestguard_localisation/share/ament_index/resource_index/package_run_dependencies/forestguard_localisation
[5.659s] -- Symlinking: /home/john/git/RS1/john_branch/install/forestguard_localisation/share/ament_index/resource_index/parent_prefix_path/forestguard_localisation
[5.664s] -- Symlinking: /home/john/git/RS1/john_branch/install/forestguard_localisation/share/forestguard_localisation/environment/ament_prefix_path.sh
[5.668s] -- Symlinking: /home/john/git/RS1/john_branch/install/forestguard_localisation/share/forestguard_localisation/environment/ament_prefix_path.dsv
[5.674s] -- Symlinking: /home/john/git/RS1/john_branch/install/forestguard_localisation/share/forestguard_localisation/environment/path.sh
[5.679s] -- Symlinking: /home/john/git/RS1/john_branch/install/forestguard_localisation/share/forestguard_localisation/environment/path.dsv
[5.684s] -- Symlinking: /home/john/git/RS1/john_branch/install/forestguard_localisation/share/forestguard_localisation/local_setup.bash
[5.689s] -- Symlinking: /home/john/git/RS1/john_branch/install/forestguard_localisation/share/forestguard_localisation/local_setup.sh
[5.695s] -- Symlinking: /home/john/git/RS1/john_branch/install/forestguard_localisation/share/forestguard_localisation/local_setup.zsh
[5.701s] -- Symlinking: /home/john/git/RS1/john_branch/install/forestguard_localisation/share/forestguard_localisation/local_setup.dsv
[5.706s] -- Symlinking: /home/john/git/RS1/john_branch/install/forestguard_localisation/share/forestguard_localisation/package.dsv
[5.712s] -- Symlinking: /home/john/git/RS1/john_branch/install/forestguard_localisation/share/ament_index/resource_index/packages/forestguard_localisation
[5.718s] -- Symlinking: /home/john/git/RS1/john_branch/install/forestguard_localisation/share/forestguard_localisation/cmake/forestguard_localisationConfig.cmake
[5.723s] -- Symlinking: /home/john/git/RS1/john_branch/install/forestguard_localisation/share/forestguard_localisation/cmake/forestguard_localisationConfig-version.cmake
[5.728s] -- Symlinking: /home/john/git/RS1/john_branch/install/forestguard_localisation/share/forestguard_localisation/package.xml
[5.734s] Invoked command in '/home/john/git/RS1/john_branch/build/forestguard_localisation' returned '0': CMAKE_PREFIX_PATH=${CMAKE_PREFIX_PATH}:/home/john/git/RS1/john_branch/install/forestguard_ui:/home/john/git/RS1/john_branch/install/forestguard_colour:/opt/ros/humble /usr/bin/cmake --install /home/john/git/RS1/john_branch/build/forestguard_localisation
