running develop
running egg_info
creating forestguard_gui.egg-info
writing forestguard_gui.egg-info/PKG-INFO
writing dependency_links to forestguard_gui.egg-info/dependency_links.txt
writing entry points to forestguard_gui.egg-info/entry_points.txt
writing requirements to forestguard_gui.egg-info/requires.txt
writing top-level names to forestguard_gui.egg-info/top_level.txt
writing manifest file 'forestguard_gui.egg-info/SOURCES.txt'
reading manifest file 'forestguard_gui.egg-info/SOURCES.txt'
writing manifest file 'forestguard_gui.egg-info/SOURCES.txt'
running build_ext
Creating /home/john/git/RS1/john_branch/install/forestguard_gui/lib/python3.10/site-packages/forestguard-gui.egg-link (link to .)
Installing controller_bridge script to /home/john/git/RS1/john_branch/install/forestguard_gui/lib/forestguard_gui
Installing run_ui script to /home/john/git/RS1/john_branch/install/forestguard_gui/lib/forestguard_gui
Installing twist_scaler script to /home/john/git/RS1/john_branch/install/forestguard_gui/lib/forestguard_gui

Installed /home/john/git/RS1/john_branch/build/forestguard_gui
running symlink_data
creating /home/john/git/RS1/john_branch/install/forestguard_gui/share/ament_index
creating /home/john/git/RS1/john_branch/install/forestguard_gui/share/ament_index/resource_index
creating /home/john/git/RS1/john_branch/install/forestguard_gui/share/ament_index/resource_index/packages
