[0.463s] Invoking command in '/home/john/git/RS1/john_branch/build/forestguard_gui': PYTHONPATH=/home/john/git/RS1/john_branch/build/forestguard_gui/prefix_override:/usr/lib/python3/dist-packages/colcon_core/task/python/colcon_distutils_commands:/home/john/git/RS1/john_branch/install/forestguard_gui/lib/python3.10/site-packages:${PYTHONPATH} /usr/bin/python3 -W ignore:setup.py install is deprecated -W ignore:easy_install command is deprecated setup.py develop --editable --build-directory /home/john/git/RS1/john_branch/build/forestguard_gui/build --no-deps symlink_data
[0.601s] running develop
[0.690s] running egg_info
[0.690s] creating forestguard_gui.egg-info
[0.690s] writing forestguard_gui.egg-info/PKG-INFO
[0.690s] writing dependency_links to forestguard_gui.egg-info/dependency_links.txt
[0.690s] writing entry points to forestguard_gui.egg-info/entry_points.txt
[0.690s] writing requirements to forestguard_gui.egg-info/requires.txt
[0.690s] writing top-level names to forestguard_gui.egg-info/top_level.txt
[0.690s] writing manifest file 'forestguard_gui.egg-info/SOURCES.txt'
[0.691s] reading manifest file 'forestguard_gui.egg-info/SOURCES.txt'
[0.692s] writing manifest file 'forestguard_gui.egg-info/SOURCES.txt'
[0.693s] running build_ext
[0.693s] Creating /home/john/git/RS1/john_branch/install/forestguard_gui/lib/python3.10/site-packages/forestguard-gui.egg-link (link to .)
[0.693s] Installing controller_bridge script to /home/john/git/RS1/john_branch/install/forestguard_gui/lib/forestguard_gui
[0.693s] Installing run_ui script to /home/john/git/RS1/john_branch/install/forestguard_gui/lib/forestguard_gui
[0.693s] Installing twist_scaler script to /home/john/git/RS1/john_branch/install/forestguard_gui/lib/forestguard_gui
[0.693s] 
[0.693s] Installed /home/john/git/RS1/john_branch/build/forestguard_gui
[0.693s] running symlink_data
[0.693s] creating /home/john/git/RS1/john_branch/install/forestguard_gui/share/ament_index
[0.693s] creating /home/john/git/RS1/john_branch/install/forestguard_gui/share/ament_index/resource_index
[0.693s] error: can't copy '/home/john/git/RS1/john_branch/build/forestguard_gui/resource/forestguard_gui': doesn't exist or not a regular file
[0.693s] creating /home/john/git/RS1/john_branch/install/forestguard_gui/share/ament_index/resource_index/packages
[0.710s] Invoked command in '/home/john/git/RS1/john_branch/build/forestguard_gui' returned '1': PYTHONPATH=/home/john/git/RS1/john_branch/build/forestguard_gui/prefix_override:/usr/lib/python3/dist-packages/colcon_core/task/python/colcon_distutils_commands:/home/john/git/RS1/john_branch/install/forestguard_gui/lib/python3.10/site-packages:${PYTHONPATH} /usr/bin/python3 -W ignore:setup.py install is deprecated -W ignore:easy_install command is deprecated setup.py develop --editable --build-directory /home/john/git/RS1/john_branch/build/forestguard_gui/build --no-deps symlink_data
