[0.039s] Invoking command in '/home/claudia/ForestGuard/build/husky_controller': CMAKE_PREFIX_PATH=${CMAKE_PREFIX_PATH}:/home/claudia/ros2_ws/install/examples_rclcpp_minimal_publisher:/home/claudia/ros2_ws/install/a3_support:/opt/ros/humble /usr/bin/cmake --build /home/claudia/ForestGuard/build/husky_controller -- -j16 -l16
[0.079s] -- Found ament_cmake: 1.3.12 (/opt/ros/humble/share/ament_cmake/cmake)
[0.289s] -- Override CMake install command with custom implementation using symlinks instead of copying resources
[0.307s] -- Found rclcpp: 16.0.15 (/opt/ros/humble/share/rclcpp/cmake)
[0.388s] -- Found rosidl_generator_c: 3.1.7 (/opt/ros/humble/share/rosidl_generator_c/cmake)
[0.395s] -- Found rosidl_adapter: 3.1.7 (/opt/ros/humble/share/rosidl_adapter/cmake)
[0.409s] -- Found rosidl_generator_cpp: 3.1.7 (/opt/ros/humble/share/rosidl_generator_cpp/cmake)
[0.432s] -- Using all available rosidl_typesupport_c: rosidl_typesupport_fastrtps_c;rosidl_typesupport_introspection_c
[0.464s] -- Using all available rosidl_typesupport_cpp: rosidl_typesupport_fastrtps_cpp;rosidl_typesupport_introspection_cpp
[0.540s] -- Found rmw_implementation_cmake: 6.1.2 (/opt/ros/humble/share/rmw_implementation_cmake/cmake)
[0.544s] -- Found rmw_fastrtps_cpp: 6.2.8 (/opt/ros/humble/share/rmw_fastrtps_cpp/cmake)
[0.867s] -- Using RMW implementation 'rmw_fastrtps_cpp' as default
[0.983s] -- Found nav_msgs: 4.9.0 (/opt/ros/humble/share/nav_msgs/cmake)
[1.066s] -- Found sensor_msgs: 4.9.0 (/opt/ros/humble/share/sensor_msgs/cmake)
[1.109s] -- Found tf2: 0.25.16 (/opt/ros/humble/share/tf2/cmake)
[1.118s] -- Found tf2_ros: 0.25.16 (/opt/ros/humble/share/tf2_ros/cmake)
[1.313s] -- Found tf2_geometry_msgs: 0.25.16 (/opt/ros/humble/share/tf2_geometry_msgs/cmake)
[1.386s] -- Found eigen3_cmake_module: 0.1.1 (/opt/ros/humble/share/eigen3_cmake_module/cmake)
[1.390s] -- Found Eigen3: TRUE (found version "3.4.0") 
[1.390s] -- Ensuring Eigen3 include directory is part of orocos-kdl CMake target
[1.403s] -- Found std_srvs: 4.9.0 (/opt/ros/humble/share/std_srvs/cmake)
[1.438s] -- Found visualization_msgs: 4.9.0 (/opt/ros/humble/share/visualization_msgs/cmake)
[1.493s] -- Found ament_cmake_ros: 0.10.0 (/opt/ros/humble/share/ament_cmake_ros/cmake)
[1.540s] -- Found rosbag2_cpp: 0.15.15 (/opt/ros/humble/share/rosbag2_cpp/cmake)
[1.848s] -- Configuring done
[1.858s] [31mCMake Error at CMakeLists.txt:29 (add_library):
[1.859s]   Cannot find source file:
[1.859s] 
[1.859s]     src/laserprocessing.cpp
[1.859s] 
[1.859s]   Tried extensions .c .C .c++ .cc .cpp .cxx .cu .mpp .m .M .mm .ixx .cppm .h
[1.859s]   .hh .h++ .hm .hpp .hxx .in .txx .f .F .for .f77 .f90 .f95 .f03 .hip .ispc
[1.859s] 
[1.859s] [0m
[1.862s] [31mCMake Error at CMakeLists.txt:34 (add_executable):
[1.862s]   Cannot find source file:
[1.862s] 
[1.862s]     src/main_husky.cpp
[1.863s] 
[1.863s]   Tried extensions .c .C .c++ .cc .cpp .cxx .cu .mpp .m .M .mm .ixx .cppm .h
[1.863s]   .hh .h++ .hm .hpp .hxx .in .txx .f .F .for .f77 .f90 .f95 .f03 .hip .ispc
[1.863s] 
[1.864s] [0m
[1.864s] [31mCMake Error at CMakeLists.txt:64 (add_executable):
[1.864s]   Cannot find source file:
[1.864s] 
[1.864s]     src/main_vismarker.cpp
[1.864s] 
[1.864s]   Tried extensions .c .C .c++ .cc .cpp .cxx .cu .mpp .m .M .mm .ixx .cppm .h
[1.865s]   .hh .h++ .hm .hpp .hxx .in .txx .f .F .for .f77 .f90 .f95 .f03 .hip .ispc
[1.865s] 
[1.865s] [0m
[1.866s] [31mCMake Error at CMakeLists.txt:29 (add_library):
[1.866s]   No SOURCES given to target: laserprocessing
[1.866s] 
[1.866s] [0m
[1.866s] [31mCMake Error at CMakeLists.txt:34 (add_executable):
[1.866s]   No SOURCES given to target: husky
[1.866s] 
[1.867s] [0m
[1.867s] [31mCMake Error at CMakeLists.txt:64 (add_executable):
[1.867s]   No SOURCES given to target: vismarker
[1.867s] 
[1.867s] [0m
[1.868s] [0mCMake Generate step failed.  Build files cannot be regenerated correctly.[0m
[1.883s] gmake: *** [Makefile:226: cmake_check_build_system] Error 1
[1.887s] Invoked command in '/home/claudia/ForestGuard/build/husky_controller' returned '2': CMAKE_PREFIX_PATH=${CMAKE_PREFIX_PATH}:/home/claudia/ros2_ws/install/examples_rclcpp_minimal_publisher:/home/claudia/ros2_ws/install/a3_support:/opt/ros/humble /usr/bin/cmake --build /home/claudia/ForestGuard/build/husky_controller -- -j16 -l16
