[0.139s] Invoking command in '/home/john/git/RS1/john_branch/build/forestguard_controller': CMAKE_PREFIX_PATH=${CMAKE_PREFIX_PATH}:/home/john/git/RS1/john_branch/install/forestguard_ui:/home/john/git/RS1/john_branch/install/forestguard_colour:/opt/ros/humble /usr/bin/cmake --build /home/john/git/RS1/john_branch/build/forestguard_controller -- -j20 -l20
[0.276s] [ 33%] [32m[1mLinking CXX executable forestguard_controller[0m
[0.985s] [100%] Built target forestguard_controller
[0.996s] Invoked command in '/home/john/git/RS1/john_branch/build/forestguard_controller' returned '0': CMAKE_PREFIX_PATH=${CMAKE_PREFIX_PATH}:/home/john/git/RS1/john_branch/install/forestguard_ui:/home/john/git/RS1/john_branch/install/forestguard_colour:/opt/ros/humble /usr/bin/cmake --build /home/john/git/RS1/john_branch/build/forestguard_controller -- -j20 -l20
[0.997s] Invoking command in '/home/john/git/RS1/john_branch/build/forestguard_controller': CMAKE_PREFIX_PATH=${CMAKE_PREFIX_PATH}:/home/john/git/RS1/john_branch/install/forestguard_ui:/home/john/git/RS1/john_branch/install/forestguard_colour:/opt/ros/humble /usr/bin/cmake --install /home/john/git/RS1/john_branch/build/forestguard_controller
[1.001s] -- Install configuration: ""
[1.001s] -- Execute custom install script
[1.002s] -- Up-to-date symlink: /home/john/git/RS1/john_branch/install/forestguard_controller/lib/forestguard_controller/forestguard_controller
[1.002s] -- Up-to-date symlink: /home/john/git/RS1/john_branch/install/forestguard_controller/include/forestguard_controller/controller_husky.h
[1.002s] -- Up-to-date symlink: /home/john/git/RS1/john_branch/install/forestguard_controller/share/ament_index/resource_index/package_run_dependencies/forestguard_controller
[1.002s] -- Up-to-date symlink: /home/john/git/RS1/john_branch/install/forestguard_controller/share/ament_index/resource_index/parent_prefix_path/forestguard_controller
[1.002s] -- Up-to-date symlink: /home/john/git/RS1/john_branch/install/forestguard_controller/share/forestguard_controller/environment/ament_prefix_path.sh
[1.002s] -- Up-to-date symlink: /home/john/git/RS1/john_branch/install/forestguard_controller/share/forestguard_controller/environment/ament_prefix_path.dsv
[1.002s] -- Up-to-date symlink: /home/john/git/RS1/john_branch/install/forestguard_controller/share/forestguard_controller/environment/path.sh
[1.002s] -- Up-to-date symlink: /home/john/git/RS1/john_branch/install/forestguard_controller/share/forestguard_controller/environment/path.dsv
[1.002s] -- Up-to-date symlink: /home/john/git/RS1/john_branch/install/forestguard_controller/share/forestguard_controller/local_setup.bash
[1.002s] -- Up-to-date symlink: /home/john/git/RS1/john_branch/install/forestguard_controller/share/forestguard_controller/local_setup.sh
[1.002s] -- Up-to-date symlink: /home/john/git/RS1/john_branch/install/forestguard_controller/share/forestguard_controller/local_setup.zsh
[1.002s] -- Up-to-date symlink: /home/john/git/RS1/john_branch/install/forestguard_controller/share/forestguard_controller/local_setup.dsv
[1.002s] -- Symlinking: /home/john/git/RS1/john_branch/install/forestguard_controller/share/forestguard_controller/package.dsv
[1.009s] -- Up-to-date symlink: /home/john/git/RS1/john_branch/install/forestguard_controller/share/ament_index/resource_index/packages/forestguard_controller
[1.009s] -- Up-to-date symlink: /home/john/git/RS1/john_branch/install/forestguard_controller/share/forestguard_controller/cmake/forestguard_controllerConfig.cmake
[1.009s] -- Up-to-date symlink: /home/john/git/RS1/john_branch/install/forestguard_controller/share/forestguard_controller/cmake/forestguard_controllerConfig-version.cmake
[1.009s] -- Up-to-date symlink: /home/john/git/RS1/john_branch/install/forestguard_controller/share/forestguard_controller/package.xml
[1.010s] Invoked command in '/home/john/git/RS1/john_branch/build/forestguard_controller' returned '0': CMAKE_PREFIX_PATH=${CMAKE_PREFIX_PATH}:/home/john/git/RS1/john_branch/install/forestguard_ui:/home/john/git/RS1/john_branch/install/forestguard_colour:/opt/ros/humble /usr/bin/cmake --install /home/john/git/RS1/john_branch/build/forestguard_controller
