[0.019s] Invoking command in '/home/john/git/RS1/john_branch/build/forest_controller': CMAKE_PREFIX_PATH=${CMAKE_PREFIX_PATH}:/home/john/git/RS1/john_branch/install/turtlebot_ui:/home/john/git/RS1/john_branch/install/forestguard_ui:/home/john/git/RS1/john_branch/install/forestguard_colour:/opt/ros/humble /usr/bin/cmake /home/john/git/RS1/john_branch/src/forest_controller -DAMENT_CMAKE_SYMLINK_INSTALL=1 -DCMAKE_INSTALL_PREFIX=/home/john/git/RS1/john_branch/install/forest_controller
[0.284s] -- The C compiler identification is GNU 11.4.0
[0.284s] -- The CXX compiler identification is GNU 11.4.0
[0.284s] -- Detecting C compiler ABI info
[0.284s] -- Detecting C compiler ABI info - done
[0.284s] -- Check for working C compiler: /usr/bin/cc - skipped
[0.284s] -- Detecting C compile features
[0.284s] -- Detecting C compile features - done
[0.284s] -- Detecting CXX compiler ABI info
[0.285s] -- Detecting CXX compiler ABI info - done
[0.285s] -- Check for working CXX compiler: /usr/bin/c++ - skipped
[0.285s] -- Detecting CXX compile features
[0.285s] -- Detecting CXX compile features - done
[0.285s] -- Found ament_cmake: 1.3.12 (/opt/ros/humble/share/ament_cmake/cmake)
[0.317s] -- Found Python3: /usr/bin/python3 (found version "3.10.12") found components: Interpreter 
[0.356s] -- Override CMake install command with custom implementation using symlinks instead of copying resources
[0.377s] -- Found rclcpp: 16.0.15 (/opt/ros/humble/share/rclcpp/cmake)
[0.410s] -- Found rosidl_generator_c: 3.1.7 (/opt/ros/humble/share/rosidl_generator_c/cmake)
[0.414s] -- Found rosidl_adapter: 3.1.7 (/opt/ros/humble/share/rosidl_adapter/cmake)
[0.420s] -- Found rosidl_generator_cpp: 3.1.7 (/opt/ros/humble/share/rosidl_generator_cpp/cmake)
[0.430s] -- Using all available rosidl_typesupport_c: rosidl_typesupport_fastrtps_c;rosidl_typesupport_introspection_c
[0.441s] -- Using all available rosidl_typesupport_cpp: rosidl_typesupport_fastrtps_cpp;rosidl_typesupport_introspection_cpp
[0.476s] -- Found rmw_implementation_cmake: 6.1.2 (/opt/ros/humble/share/rmw_implementation_cmake/cmake)
[0.478s] -- Found rmw_fastrtps_cpp: 6.2.9 (/opt/ros/humble/share/rmw_fastrtps_cpp/cmake)
[0.549s] -- Found OpenSSL: /usr/lib/x86_64-linux-gnu/libcrypto.so (found version "3.0.2")  
[0.566s] -- Found FastRTPS: /opt/ros/humble/include  
[0.594s] -- Using RMW implementation 'rmw_fastrtps_cpp' as default
[0.601s] -- Looking for pthread.h
[0.654s] -- Looking for pthread.h - found
[0.655s] -- Performing Test CMAKE_HAVE_LIBC_PTHREAD
[0.706s] -- Performing Test CMAKE_HAVE_LIBC_PTHREAD - Success
[0.706s] -- Found Threads: TRUE  
[0.745s] -- Found rclcpp_action: 16.0.15 (/opt/ros/humble/share/rclcpp_action/cmake)
[0.774s] -- Found geometry_msgs: 4.9.0 (/opt/ros/humble/share/geometry_msgs/cmake)
[0.786s] -- Found sensor_msgs: 4.9.0 (/opt/ros/humble/share/sensor_msgs/cmake)
[0.801s] -- Found nav_msgs: 4.9.0 (/opt/ros/humble/share/nav_msgs/cmake)
[0.812s] -- Found visualization_msgs: 4.9.0 (/opt/ros/humble/share/visualization_msgs/cmake)
[0.826s] -- Found nav2_msgs: 1.1.19 (/opt/ros/humble/share/nav2_msgs/cmake)
[0.843s] -- Found tf2_ros: 0.25.16 (/opt/ros/humble/share/tf2_ros/cmake)
[0.884s] -- Found tf2_geometry_msgs: 0.25.16 (/opt/ros/humble/share/tf2_geometry_msgs/cmake)
[0.895s] -- Found eigen3_cmake_module: 0.1.1 (/opt/ros/humble/share/eigen3_cmake_module/cmake)
[0.896s] -- Found Eigen3: TRUE (found version "3.4.0") 
[0.896s] -- Ensuring Eigen3 include directory is part of orocos-kdl CMake target
[0.898s] -- Found cv_bridge: 3.2.1 (/opt/ros/humble/share/cv_bridge/cmake)
[0.907s] -- Found OpenCV: /usr (found version "4.5.4") 
[0.908s] -- Found ament_cmake_ros: 0.10.0 (/opt/ros/humble/share/ament_cmake_ros/cmake)
[0.912s] -- Found rosbag2_cpp: 0.15.15 (/opt/ros/humble/share/rosbag2_cpp/cmake)
[0.931s] -- Found ament_lint_auto: 0.12.14 (/opt/ros/humble/share/ament_lint_auto/cmake)
[0.975s] -- Added test 'cppcheck' to perform static code analysis on C / C++ code
[0.975s] -- Configured cppcheck include dirs: $<BUILD_INTERFACE:/home/john/git/RS1/john_branch/src/forest_controller/include>
[0.975s] -- Configured cppcheck exclude dirs and/or files: 
[0.975s] -- Added test 'lint_cmake' to check CMake code style
[0.976s] -- Added test 'uncrustify' to check C / C++ code style
[0.976s] -- Configured uncrustify additional arguments: 
[0.976s] -- Added test 'xmllint' to check XML markup files
[0.977s] -- Configuring done
[0.985s] -- Generating done
[0.988s] -- Build files have been written to: /home/john/git/RS1/john_branch/build/forest_controller
[0.995s] Invoked command in '/home/john/git/RS1/john_branch/build/forest_controller' returned '0': CMAKE_PREFIX_PATH=${CMAKE_PREFIX_PATH}:/home/john/git/RS1/john_branch/install/turtlebot_ui:/home/john/git/RS1/john_branch/install/forestguard_ui:/home/john/git/RS1/john_branch/install/forestguard_colour:/opt/ros/humble /usr/bin/cmake /home/john/git/RS1/john_branch/src/forest_controller -DAMENT_CMAKE_SYMLINK_INSTALL=1 -DCMAKE_INSTALL_PREFIX=/home/john/git/RS1/john_branch/install/forest_controller
[0.996s] Invoking command in '/home/john/git/RS1/john_branch/build/forest_controller': CMAKE_PREFIX_PATH=${CMAKE_PREFIX_PATH}:/home/john/git/RS1/john_branch/install/turtlebot_ui:/home/john/git/RS1/john_branch/install/forestguard_ui:/home/john/git/RS1/john_branch/install/forestguard_colour:/opt/ros/humble /usr/bin/cmake --build /home/john/git/RS1/john_branch/build/forest_controller -- -j20 -l20
[1.025s] [ 66%] [32mBuilding CXX object CMakeFiles/forest_controller.dir/src/main_husky.cpp.o[0m
[1.025s] [ 66%] [32mBuilding CXX object CMakeFiles/forest_controller.dir/src/controller_husky.cpp.o[0m
[10.455s] [100%] [32m[1mLinking CXX executable forest_controller[0m
[11.188s] [100%] Built target forest_controller
[11.199s] Invoked command in '/home/john/git/RS1/john_branch/build/forest_controller' returned '0': CMAKE_PREFIX_PATH=${CMAKE_PREFIX_PATH}:/home/john/git/RS1/john_branch/install/turtlebot_ui:/home/john/git/RS1/john_branch/install/forestguard_ui:/home/john/git/RS1/john_branch/install/forestguard_colour:/opt/ros/humble /usr/bin/cmake --build /home/john/git/RS1/john_branch/build/forest_controller -- -j20 -l20
[11.200s] Invoking command in '/home/john/git/RS1/john_branch/build/forest_controller': CMAKE_PREFIX_PATH=${CMAKE_PREFIX_PATH}:/home/john/git/RS1/john_branch/install/turtlebot_ui:/home/john/git/RS1/john_branch/install/forestguard_ui:/home/john/git/RS1/john_branch/install/forestguard_colour:/opt/ros/humble /usr/bin/cmake --install /home/john/git/RS1/john_branch/build/forest_controller
[11.205s] -- Install configuration: ""
[11.206s] -- Execute custom install script
[11.206s] -- Symlinking: /home/john/git/RS1/john_branch/install/forest_controller/lib/forest_controller/forest_controller
[11.212s] -- Symlinking: /home/john/git/RS1/john_branch/install/forest_controller/include/forest_controller/controller_husky.h
[11.218s] -- Symlinking: /home/john/git/RS1/john_branch/install/forest_controller/share/ament_index/resource_index/package_run_dependencies/forest_controller
[11.225s] -- Symlinking: /home/john/git/RS1/john_branch/install/forest_controller/share/ament_index/resource_index/parent_prefix_path/forest_controller
[11.230s] -- Symlinking: /home/john/git/RS1/john_branch/install/forest_controller/share/forest_controller/environment/ament_prefix_path.sh
[11.235s] -- Symlinking: /home/john/git/RS1/john_branch/install/forest_controller/share/forest_controller/environment/ament_prefix_path.dsv
[11.240s] -- Symlinking: /home/john/git/RS1/john_branch/install/forest_controller/share/forest_controller/environment/path.sh
[11.244s] -- Symlinking: /home/john/git/RS1/john_branch/install/forest_controller/share/forest_controller/environment/path.dsv
[11.250s] -- Symlinking: /home/john/git/RS1/john_branch/install/forest_controller/share/forest_controller/local_setup.bash
[11.256s] -- Symlinking: /home/john/git/RS1/john_branch/install/forest_controller/share/forest_controller/local_setup.sh
[11.262s] -- Symlinking: /home/john/git/RS1/john_branch/install/forest_controller/share/forest_controller/local_setup.zsh
[11.268s] -- Symlinking: /home/john/git/RS1/john_branch/install/forest_controller/share/forest_controller/local_setup.dsv
[11.274s] -- Symlinking: /home/john/git/RS1/john_branch/install/forest_controller/share/forest_controller/package.dsv
[11.279s] -- Symlinking: /home/john/git/RS1/john_branch/install/forest_controller/share/ament_index/resource_index/packages/forest_controller
[11.284s] -- Symlinking: /home/john/git/RS1/john_branch/install/forest_controller/share/forest_controller/cmake/forest_controllerConfig.cmake
[11.289s] -- Symlinking: /home/john/git/RS1/john_branch/install/forest_controller/share/forest_controller/cmake/forest_controllerConfig-version.cmake
[11.293s] -- Symlinking: /home/john/git/RS1/john_branch/install/forest_controller/share/forest_controller/package.xml
[11.301s] Invoked command in '/home/john/git/RS1/john_branch/build/forest_controller' returned '0': CMAKE_PREFIX_PATH=${CMAKE_PREFIX_PATH}:/home/john/git/RS1/john_branch/install/turtlebot_ui:/home/john/git/RS1/john_branch/install/forestguard_ui:/home/john/git/RS1/john_branch/install/forestguard_colour:/opt/ros/humble /usr/bin/cmake --install /home/john/git/RS1/john_branch/build/forest_controller
