[0.221s] Invoking command in '/home/claudia/ForestGuard/src/build/forest_localization': CMAKE_PREFIX_PATH=${CMAKE_PREFIX_PATH}:/home/claudia/ForestGuard/install/forest_guard_sim:/home/claudia/ros2_ws/install/examples_rclcpp_minimal_publisher:/home/claudia/ros2_ws/install/a3_support:/opt/ros/humble /usr/bin/cmake --build /home/claudia/ForestGuard/src/build/forest_localization -- -j16 -l16
[0.235s] -- Found ament_cmake: 1.3.12 (/opt/ros/humble/share/ament_cmake/cmake)
[0.312s] -- Override CMake install command with custom implementation using symlinks instead of copying resources
[0.319s] -- Found rclcpp: 16.0.15 (/opt/ros/humble/share/rclcpp/cmake)
[0.347s] -- Found rosidl_generator_c: 3.1.7 (/opt/ros/humble/share/rosidl_generator_c/cmake)
[0.350s] -- Found rosidl_adapter: 3.1.7 (/opt/ros/humble/share/rosidl_adapter/cmake)
[0.355s] -- Found rosidl_generator_cpp: 3.1.7 (/opt/ros/humble/share/rosidl_generator_cpp/cmake)
[0.363s] -- Using all available rosidl_typesupport_c: rosidl_typesupport_fastrtps_c;rosidl_typesupport_introspection_c
[0.374s] -- Using all available rosidl_typesupport_cpp: rosidl_typesupport_fastrtps_cpp;rosidl_typesupport_introspection_cpp
[0.402s] -- Found rmw_implementation_cmake: 6.1.2 (/opt/ros/humble/share/rmw_implementation_cmake/cmake)
[0.404s] -- Found rmw_fastrtps_cpp: 6.2.8 (/opt/ros/humble/share/rmw_fastrtps_cpp/cmake)
[0.517s] -- Using RMW implementation 'rmw_fastrtps_cpp' as default
[0.558s] -- Found geometry_msgs: 4.9.0 (/opt/ros/humble/share/geometry_msgs/cmake)
[0.567s] -- Found nav_msgs: 4.9.0 (/opt/ros/humble/share/nav_msgs/cmake)
[0.579s] -- Found tf2_ros: 0.25.16 (/opt/ros/humble/share/tf2_ros/cmake)
[0.641s] -- Found ament_lint_auto: 0.12.14 (/opt/ros/humble/share/ament_lint_auto/cmake)
[0.694s] -- Added test 'cppcheck' to perform static code analysis on C / C++ code
[0.694s] -- Configured cppcheck include dirs: 
[0.694s] -- Configured cppcheck exclude dirs and/or files: 
[0.695s] -- Added test 'lint_cmake' to check CMake code style
[0.695s] -- Added test 'uncrustify' to check C / C++ code style
[0.695s] -- Configured uncrustify additional arguments: 
[0.696s] -- Added test 'xmllint' to check XML markup files
[0.696s] -- Configuring done
[0.707s] -- Generating done
[0.711s] -- Build files have been written to: /home/claudia/ForestGuard/src/build/forest_localization
[0.737s] [ 33%] [32mBuilding CXX object CMakeFiles/forest_localization.dir/src/amcl_localization.cpp.o[0m
[0.737s] [ 66%] [32mBuilding CXX object CMakeFiles/forest_localization.dir/src/main_amcl.cpp.o[0m
[0.744s] [01m[K/home/claudia/ForestGuard/src/forest_localization/src/main_amcl.cpp:1:10:[m[K [01;31m[Kfatal error: [m[Kforest_localization/amcl_localization.h: No such file or directory
[0.744s]     1 | #include [01;31m[K"forest_localization/amcl_localization.h"[m[K
[0.744s]       |          [01;31m[K^~~~~~~~~~~~~~~~~~~~~~~~~~~~~~~~~~~~~~~~~[m[K
[0.744s] [01m[K/home/claudia/ForestGuard/src/forest_localization/src/amcl_localization.cpp:13:10:[m[K [01;31m[Kfatal error: [m[Kforest_localization/amcl_localization.h: No such file or directory
[0.744s]    13 | #include [01;31m[K"forest_localization/amcl_localization.h"[m[K
[0.745s]       |          [01;31m[K^~~~~~~~~~~~~~~~~~~~~~~~~~~~~~~~~~~~~~~~~[m[K
[0.745s] compilation terminated.
[0.745s] compilation terminated.
[0.745s] gmake[2]: *** [CMakeFiles/forest_localization.dir/build.make:76: CMakeFiles/forest_localization.dir/src/amcl_localization.cpp.o] Error 1
[0.745s] gmake[2]: *** Waiting for unfinished jobs....
[0.745s] gmake[2]: *** [CMakeFiles/forest_localization.dir/build.make:90: CMakeFiles/forest_localization.dir/src/main_amcl.cpp.o] Error 1
[0.745s] gmake[1]: *** [CMakeFiles/Makefile2:137: CMakeFiles/forest_localization.dir/all] Error 2
[0.745s] gmake: *** [Makefile:146: all] Error 2
[0.747s] Invoked command in '/home/claudia/ForestGuard/src/build/forest_localization' returned '2': CMAKE_PREFIX_PATH=${CMAKE_PREFIX_PATH}:/home/claudia/ForestGuard/install/forest_guard_sim:/home/claudia/ros2_ws/install/examples_rclcpp_minimal_publisher:/home/claudia/ros2_ws/install/a3_support:/opt/ros/humble /usr/bin/cmake --build /home/claudia/ForestGuard/src/build/forest_localization -- -j16 -l16
