[0.097s] DEBUG:colcon:Command line arguments: ['/usr/bin/colcon', 'list', '-p', '--base-paths', '/home/claudia/ForestGuard']
[0.097s] DEBUG:colcon:Parsed command line arguments: Namespace(log_base=None, log_level=None, verb_name='list', build_base='build', ignore_user_meta=False, metas=['./colcon.meta'], base_paths=['/home/claudia/ForestGuard'], packages_ignore=None, packages_ignore_regex=None, paths=None, packages_up_to=None, packages_up_to_regex=None, packages_above=None, packages_above_and_dependencies=None, packages_above_depth=None, packages_select_by_dep=None, packages_skip_by_dep=None, packages_skip_up_to=None, packages_select_build_failed=False, packages_skip_build_finished=False, packages_select_test_failures=False, packages_skip_test_passed=False, packages_select=None, packages_skip=None, packages_select_regex=None, packages_skip_regex=None, packages_start=None, packages_end=None, allow_overriding=[], topological_order=False, names_only=False, paths_only=True, topological_graph=False, topological_graph_dot=False, topological_graph_density=False, topological_graph_legend=False, topological_graph_dot_cluster=False, topological_graph_dot_include_skipped=False, verb_parser=<colcon_defaults.argument_parser.defaults.DefaultArgumentsDecorator object at 0x7a09126125f0>, verb_extension=<colcon_package_information.verb.list.ListVerb object at 0x7a09126122f0>, main=<bound method ListVerb.main of <colcon_package_information.verb.list.ListVerb object at 0x7a09126122f0>>)
[0.276s] Level 1:colcon.colcon_core.package_discovery:discover_packages(colcon_meta) check parameters
[0.276s] Level 1:colcon.colcon_core.package_discovery:discover_packages(recursive) check parameters
[0.276s] Level 1:colcon.colcon_core.package_discovery:discover_packages(ignore) check parameters
[0.276s] Level 1:colcon.colcon_core.package_discovery:discover_packages(path) check parameters
[0.276s] Level 1:colcon.colcon_core.package_discovery:discover_packages(recursive) discover
[0.276s] INFO:colcon.colcon_core.package_discovery:Crawling recursively for packages in '/home/claudia/ForestGuard'
[0.276s] Level 1:colcon.colcon_core.package_identification:_identify(/home/claudia/ForestGuard) by extensions ['ignore', 'ignore_ament_install']
[0.276s] Level 1:colcon.colcon_core.package_identification:_identify(/home/claudia/ForestGuard) by extension 'ignore'
[0.276s] Level 1:colcon.colcon_core.package_identification:_identify(/home/claudia/ForestGuard) by extension 'ignore_ament_install'
[0.276s] Level 1:colcon.colcon_core.package_identification:_identify(/home/claudia/ForestGuard) by extensions ['colcon_pkg']
[0.276s] Level 1:colcon.colcon_core.package_identification:_identify(/home/claudia/ForestGuard) by extension 'colcon_pkg'
[0.276s] Level 1:colcon.colcon_core.package_identification:_identify(/home/claudia/ForestGuard) by extensions ['colcon_meta']
[0.277s] Level 1:colcon.colcon_core.package_identification:_identify(/home/claudia/ForestGuard) by extension 'colcon_meta'
[0.277s] Level 1:colcon.colcon_core.package_identification:_identify(/home/claudia/ForestGuard) by extensions ['ros']
[0.277s] Level 1:colcon.colcon_core.package_identification:_identify(/home/claudia/ForestGuard) by extension 'ros'
[0.286s] Level 1:colcon.colcon_core.package_identification:_identify(/home/claudia/ForestGuard) by extensions ['cmake', 'python']
[0.286s] Level 1:colcon.colcon_core.package_identification:_identify(/home/claudia/ForestGuard) by extension 'cmake'
[0.286s] Level 1:colcon.colcon_core.package_identification:_identify(/home/claudia/ForestGuard) by extension 'python'
[0.286s] Level 1:colcon.colcon_core.package_identification:_identify(/home/claudia/ForestGuard) by extensions ['python_setup_py']
[0.286s] Level 1:colcon.colcon_core.package_identification:_identify(/home/claudia/ForestGuard) by extension 'python_setup_py'
[0.286s] Level 1:colcon.colcon_core.package_identification:_identify(/home/claudia/ForestGuard/build) by extensions ['ignore', 'ignore_ament_install']
[0.286s] Level 1:colcon.colcon_core.package_identification:_identify(/home/claudia/ForestGuard/build) by extension 'ignore'
[0.286s] Level 1:colcon.colcon_core.package_identification:_identify(/home/claudia/ForestGuard/build) ignored
[0.287s] Level 1:colcon.colcon_core.package_identification:_identify(/home/claudia/ForestGuard/install) by extensions ['ignore', 'ignore_ament_install']
[0.287s] Level 1:colcon.colcon_core.package_identification:_identify(/home/claudia/ForestGuard/install) by extension 'ignore'
[0.287s] Level 1:colcon.colcon_core.package_identification:_identify(/home/claudia/ForestGuard/install) ignored
[0.287s] Level 1:colcon.colcon_core.package_identification:_identify(/home/claudia/ForestGuard/log) by extensions ['ignore', 'ignore_ament_install']
[0.287s] Level 1:colcon.colcon_core.package_identification:_identify(/home/claudia/ForestGuard/log) by extension 'ignore'
[0.287s] Level 1:colcon.colcon_core.package_identification:_identify(/home/claudia/ForestGuard/log) ignored
[0.287s] Level 1:colcon.colcon_core.package_identification:_identify(/home/claudia/ForestGuard/src) by extensions ['ignore', 'ignore_ament_install']
[0.287s] Level 1:colcon.colcon_core.package_identification:_identify(/home/claudia/ForestGuard/src) by extension 'ignore'
[0.287s] Level 1:colcon.colcon_core.package_identification:_identify(/home/claudia/ForestGuard/src) by extension 'ignore_ament_install'
[0.287s] Level 1:colcon.colcon_core.package_identification:_identify(/home/claudia/ForestGuard/src) by extensions ['colcon_pkg']
[0.287s] Level 1:colcon.colcon_core.package_identification:_identify(/home/claudia/ForestGuard/src) by extension 'colcon_pkg'
[0.287s] Level 1:colcon.colcon_core.package_identification:_identify(/home/claudia/ForestGuard/src) by extensions ['colcon_meta']
[0.287s] Level 1:colcon.colcon_core.package_identification:_identify(/home/claudia/ForestGuard/src) by extension 'colcon_meta'
[0.287s] Level 1:colcon.colcon_core.package_identification:_identify(/home/claudia/ForestGuard/src) by extensions ['ros']
[0.287s] Level 1:colcon.colcon_core.package_identification:_identify(/home/claudia/ForestGuard/src) by extension 'ros'
[0.290s] DEBUG:colcon.colcon_core.package_identification:Package '/home/claudia/ForestGuard/src' with type 'ros.ament_python' and name 'forest_guard_sim'
[0.290s] Level 1:colcon.colcon_core.package_discovery:discover_packages(recursive) using defaults
