[0.018s] Invoking command in '/home/yut/ForestGuard/build/41068_ignition_bringup': CMAKE_PREFIX_PATH=/opt/ros/humble /usr/bin/cmake /home/yut/ForestGuard/YUTO igitionbringup -DAMENT_CMAKE_SYMLINK_INSTALL=1 -DCMAKE_INSTALL_PREFIX=/home/yut/ForestGuard/install/41068_ignition_bringup
[0.150s] -- The C compiler identification is GNU 11.4.0
[0.275s] -- The CXX compiler identification is GNU 11.4.0
[0.289s] -- Detecting C compiler ABI info
[0.389s] -- Detecting C compiler ABI info - done
[0.397s] -- Check for working C compiler: /usr/bin/cc - skipped
[0.398s] -- Detecting C compile features
[0.398s] -- Detecting C compile features - done
[0.402s] -- Detecting CXX compiler ABI info
[0.507s] -- Detecting CXX compiler ABI info - done
[0.515s] -- Check for working CXX compiler: /usr/bin/c++ - skipped
[0.516s] -- Detecting CXX compile features
[0.516s] -- Detecting CXX compile features - done
[0.524s] -- Found ament_cmake: 1.3.11 (/opt/ros/humble/share/ament_cmake/cmake)
[0.699s] -- Found Python3: /usr/bin/python3 (found version "3.10.12") found components: Interpreter 
[0.775s] -- Override CMake install command with custom implementation using symlinks instead of copying resources
[0.834s] [31mCMake Error at CMakeLists.txt:11 (find_package):
[0.834s]   By not providing "Findros_ign_interfaces.cmake" in CMAKE_MODULE_PATH this
[0.834s]   project has asked CMake to find a package configuration file provided by
[0.834s]   "ros_ign_interfaces", but CMake did not find one.
[0.834s] 
[0.834s]   Could not find a package configuration file provided by
[0.834s]   "ros_ign_interfaces" with any of the following names:
[0.834s] 
[0.834s]     ros_ign_interfacesConfig.cmake
[0.834s]     ros_ign_interfaces-config.cmake
[0.834s] 
[0.834s]   Add the installation prefix of "ros_ign_interfaces" to CMAKE_PREFIX_PATH or
[0.834s]   set "ros_ign_interfaces_DIR" to a directory containing one of the above
[0.834s]   files.  If "ros_ign_interfaces" provides a separate development package or
[0.834s]   SDK, be sure it has been installed.
[0.834s] 
[0.834s] [0m
[0.834s] -- Configuring incomplete, errors occurred!
[0.834s] See also "/home/yut/ForestGuard/build/41068_ignition_bringup/CMakeFiles/CMakeOutput.log".
[0.840s] Invoked command in '/home/yut/ForestGuard/build/41068_ignition_bringup' returned '1': CMAKE_PREFIX_PATH=/opt/ros/humble /usr/bin/cmake /home/yut/ForestGuard/YUTO igitionbringup -DAMENT_CMAKE_SYMLINK_INSTALL=1 -DCMAKE_INSTALL_PREFIX=/home/yut/ForestGuard/install/41068_ignition_bringup
