[0.575s] Invoking command in '/home/john/git/RS1/john_branch/build/forestguard_colour': PYTHONPATH=/home/john/git/RS1/john_branch/build/forestguard_colour/prefix_override:/usr/lib/python3/dist-packages/colcon_core/task/python/colcon_distutils_commands:/home/john/git/RS1/john_branch/install/forestguard_colour/lib/python3.10/site-packages:${PYTHONPATH} /usr/bin/python3 -W ignore:setup.py install is deprecated -W ignore:easy_install command is deprecated setup.py develop --editable --build-directory /home/john/git/RS1/john_branch/build/forestguard_colour/build --no-deps symlink_data
[0.724s] running develop
[0.807s] running egg_info
[0.807s] writing forestguard_colour.egg-info/PKG-INFO
[0.807s] writing dependency_links to forestguard_colour.egg-info/dependency_links.txt
[0.807s] writing entry points to forestguard_colour.egg-info/entry_points.txt
[0.807s] writing requirements to forestguard_colour.egg-info/requires.txt
[0.807s] writing top-level names to forestguard_colour.egg-info/top_level.txt
[0.808s] reading manifest file 'forestguard_colour.egg-info/SOURCES.txt'
[0.809s] writing manifest file 'forestguard_colour.egg-info/SOURCES.txt'
[0.810s] running build_ext
[0.810s] Creating /home/john/git/RS1/john_branch/install/forestguard_colour/lib/python3.10/site-packages/forestguard-colour.egg-link (link to .)
[0.810s] Installing hsv_calibrator script to /home/john/git/RS1/john_branch/install/forestguard_colour/lib/forestguard_colour
[0.811s] Installing tree_detector script to /home/john/git/RS1/john_branch/install/forestguard_colour/lib/forestguard_colour
[0.811s] Installing tree_detector_v2 script to /home/john/git/RS1/john_branch/install/forestguard_colour/lib/forestguard_colour
[0.811s] Installing tree_mapper script to /home/john/git/RS1/john_branch/install/forestguard_colour/lib/forestguard_colour
[0.811s] 
[0.811s] Installed /home/john/git/RS1/john_branch/build/forestguard_colour
[0.811s] running symlink_data
[0.829s] Invoked command in '/home/john/git/RS1/john_branch/build/forestguard_colour' returned '0': PYTHONPATH=/home/john/git/RS1/john_branch/build/forestguard_colour/prefix_override:/usr/lib/python3/dist-packages/colcon_core/task/python/colcon_distutils_commands:/home/john/git/RS1/john_branch/install/forestguard_colour/lib/python3.10/site-packages:${PYTHONPATH} /usr/bin/python3 -W ignore:setup.py install is deprecated -W ignore:easy_install command is deprecated setup.py develop --editable --build-directory /home/john/git/RS1/john_branch/build/forestguard_colour/build --no-deps symlink_data
