[0.158s] Invoking command in '/home/john/git/RS1/John_branch/build/john': CMAKE_PREFIX_PATH=${CMAKE_PREFIX_PATH}:/home/john/git/RS1/John_branch/install/forestguard_colour:/opt/ros/humble PS1=(yolo_env) \[\e]0;\u@\h: \w\a\]${debian_chroot:+($debian_chroot)}\[\033[01;32m\]\u@\h\[\033[00m\]:\[\033[01;34m\]\w\[\033[00m\]\$ VIRTUAL_ENV_PROMPT=(yolo_env) /usr/bin/cmake /home/john/git/RS1/John_branch/src/forest_guard_sim -DAMENT_CMAKE_SYMLINK_INSTALL=1 -DCMAKE_INSTALL_PREFIX=/home/john/git/RS1/John_branch/install/john
[0.221s] -- The C compiler identification is GNU 11.4.0
[0.277s] -- The CXX compiler identification is GNU 11.4.0
[0.284s] -- Detecting C compiler ABI info
[0.339s] -- Detecting C compiler ABI info - done
[0.344s] -- Check for working C compiler: /usr/bin/cc - skipped
[0.344s] -- Detecting C compile features
[0.344s] -- Detecting C compile features - done
[0.347s] -- Detecting CXX compiler ABI info
[0.410s] -- Detecting CXX compiler ABI info - done
[0.415s] -- Check for working CXX compiler: /usr/bin/c++ - skipped
[0.415s] -- Detecting CXX compile features
[0.416s] -- Detecting CXX compile features - done
[0.419s] -- Found ament_cmake: 1.3.12 (/opt/ros/humble/share/ament_cmake/cmake)
[0.559s] -- Found Python3: /usr/bin/python3 (found version "3.10.12") found components: Interpreter 
[0.611s] -- Override CMake install command with custom implementation using symlinks instead of copying resources
[0.642s] -- Found ros_ign_interfaces: 0.244.20 (/opt/ros/humble/share/ros_ign_interfaces/cmake)
[0.671s] -- Found rosidl_generator_c: 3.1.7 (/opt/ros/humble/share/rosidl_generator_c/cmake)
[0.676s] -- Found rosidl_adapter: 3.1.7 (/opt/ros/humble/share/rosidl_adapter/cmake)
[0.689s] -- Found rosidl_generator_cpp: 3.1.7 (/opt/ros/humble/share/rosidl_generator_cpp/cmake)
[0.701s] -- Using all available rosidl_typesupport_c: rosidl_typesupport_fastrtps_c;rosidl_typesupport_introspection_c
[0.716s] -- Using all available rosidl_typesupport_cpp: rosidl_typesupport_fastrtps_cpp;rosidl_typesupport_introspection_cpp
[0.795s] -- Found ament_lint_auto: 0.12.14 (/opt/ros/humble/share/ament_lint_auto/cmake)
[0.857s] -- Added test 'copyright' to check source files copyright and LICENSE
[0.862s] -- Added test 'flake8' to check Python code syntax and style conventions
[0.862s] -- Added test 'lint_cmake' to check CMake code style
[0.863s] -- Added test 'pep257' to check Python code against some of the docstring style conventions in PEP 257
[0.865s] -- Added test 'xmllint' to check XML markup files
[0.866s] -- Configuring done
[0.868s] -- Generating done
[0.869s] -- Build files have been written to: /home/john/git/RS1/John_branch/build/john
[0.874s] Invoked command in '/home/john/git/RS1/John_branch/build/john' returned '0': CMAKE_PREFIX_PATH=${CMAKE_PREFIX_PATH}:/home/john/git/RS1/John_branch/install/forestguard_colour:/opt/ros/humble PS1=(yolo_env) \[\e]0;\u@\h: \w\a\]${debian_chroot:+($debian_chroot)}\[\033[01;32m\]\u@\h\[\033[00m\]:\[\033[01;34m\]\w\[\033[00m\]\$ VIRTUAL_ENV_PROMPT=(yolo_env) /usr/bin/cmake /home/john/git/RS1/John_branch/src/forest_guard_sim -DAMENT_CMAKE_SYMLINK_INSTALL=1 -DCMAKE_INSTALL_PREFIX=/home/john/git/RS1/John_branch/install/john
[0.876s] Invoking command in '/home/john/git/RS1/John_branch/build/john': CMAKE_PREFIX_PATH=${CMAKE_PREFIX_PATH}:/home/john/git/RS1/John_branch/install/forestguard_colour:/opt/ros/humble PS1=(yolo_env) \[\e]0;\u@\h: \w\a\]${debian_chroot:+($debian_chroot)}\[\033[01;32m\]\u@\h\[\033[00m\]:\[\033[01;34m\]\w\[\033[00m\]\$ VIRTUAL_ENV_PROMPT=(yolo_env) /usr/bin/cmake --build /home/john/git/RS1/John_branch/build/john -- -j20 -l20
[0.903s] Invoked command in '/home/john/git/RS1/John_branch/build/john' returned '0': CMAKE_PREFIX_PATH=${CMAKE_PREFIX_PATH}:/home/john/git/RS1/John_branch/install/forestguard_colour:/opt/ros/humble PS1=(yolo_env) \[\e]0;\u@\h: \w\a\]${debian_chroot:+($debian_chroot)}\[\033[01;32m\]\u@\h\[\033[00m\]:\[\033[01;34m\]\w\[\033[00m\]\$ VIRTUAL_ENV_PROMPT=(yolo_env) /usr/bin/cmake --build /home/john/git/RS1/John_branch/build/john -- -j20 -l20
[0.911s] Invoking command in '/home/john/git/RS1/John_branch/build/john': CMAKE_PREFIX_PATH=${CMAKE_PREFIX_PATH}:/home/john/git/RS1/John_branch/install/forestguard_colour:/opt/ros/humble PS1=(yolo_env) \[\e]0;\u@\h: \w\a\]${debian_chroot:+($debian_chroot)}\[\033[01;32m\]\u@\h\[\033[00m\]:\[\033[01;34m\]\w\[\033[00m\]\$ VIRTUAL_ENV_PROMPT=(yolo_env) /usr/bin/cmake --install /home/john/git/RS1/John_branch/build/john
[0.915s] -- Install configuration: ""
[0.916s] -- Execute custom install script
[0.916s] -- Symlinking: /home/john/git/RS1/John_branch/install/john/share/john/config/gazebo_bridge.yaml
[0.924s] -- Symlinking: /home/john/git/RS1/John_branch/install/john/share/john/config/john.rviz
[0.931s] -- Symlinking: /home/john/git/RS1/John_branch/install/john/share/john/config/nav2_params.yaml
[0.938s] -- Symlinking: /home/john/git/RS1/John_branch/install/john/share/john/config/robot_localization.yaml
[0.944s] -- Symlinking: /home/john/git/RS1/John_branch/install/john/share/john/config/slam_params.yaml
[0.954s] -- Symlinking: /home/john/git/RS1/John_branch/install/john/share/john/launch/john.launch.py
[0.962s] -- Symlinking: /home/john/git/RS1/John_branch/install/john/share/john/launch/johnGreenTreeTraining.launch.py
[0.969s] -- Symlinking: /home/john/git/RS1/John_branch/install/john/share/john/launch/johnNavigation.launch.py
[0.976s] -- Symlinking: /home/john/git/RS1/John_branch/install/john/share/john/launch/johnRedTreeTraining.launch.py
[0.983s] -- Symlinking: /home/john/git/RS1/John_branch/install/john/share/john/launch/random_forest_husky.launch.py
[0.994s] -- Symlinking: /home/john/git/RS1/John_branch/install/john/share/john/models/forest_env/materials/textures/empty_grass.png
[1.008s] -- Symlinking: /home/john/git/RS1/John_branch/install/john/share/john/models/forest_env/meshes/Environment.dae
[1.020s] -- Symlinking: /home/john/git/RS1/John_branch/install/john/share/john/models/forest_env/meshes/Environment1.dae
[1.027s] -- Symlinking: /home/john/git/RS1/John_branch/install/john/share/john/models/forest_env/meshes/empty_grass.png
[1.034s] -- Symlinking: /home/john/git/RS1/John_branch/install/john/share/john/models/forest_env/model.config
[1.049s] -- Symlinking: /home/john/git/RS1/John_branch/install/john/share/john/models/forest_env/model.sdf
[1.061s] -- Symlinking: /home/john/git/RS1/John_branch/install/john/share/john/models/forest_plane/materials/textures/empty_grass.png
[1.070s] -- Symlinking: /home/john/git/RS1/John_branch/install/john/share/john/models/forest_plane/materials/textures/forest_overhead.png
[1.077s] -- Symlinking: /home/john/git/RS1/John_branch/install/john/share/john/models/forest_plane/materials/textures/leaf_litter.png
[1.086s] -- Symlinking: /home/john/git/RS1/John_branch/install/john/share/john/models/forest_plane/model.config
[1.092s] -- Symlinking: /home/john/git/RS1/John_branch/install/john/share/john/models/forest_plane/model.sdf
[1.099s] -- Symlinking: /home/john/git/RS1/John_branch/install/john/share/john/models/forest_wall/materials/textures/forest_wall.png
[1.104s] -- Symlinking: /home/john/git/RS1/John_branch/install/john/share/john/models/forest_wall/materials/textures/forest_wall_transparent.png
[1.111s] -- Symlinking: /home/john/git/RS1/John_branch/install/john/share/john/models/forest_wall/materials/textures/forest_wall_transparent_small.png
[1.117s] -- Symlinking: /home/john/git/RS1/John_branch/install/john/share/john/models/forest_wall/model.config
[1.125s] -- Symlinking: /home/john/git/RS1/John_branch/install/john/share/john/models/forest_wall/model.sdf
[1.134s] -- Symlinking: /home/john/git/RS1/John_branch/install/john/share/john/models/grass_plane/materials/textures/empty_grass.png
[1.143s] -- Symlinking: /home/john/git/RS1/John_branch/install/john/share/john/models/grass_plane/model.config
[1.153s] -- Symlinking: /home/john/git/RS1/John_branch/install/john/share/john/models/grass_plane/model.sdf
[1.159s] -- Symlinking: /home/john/git/RS1/John_branch/install/john/share/john/models/tree1/materials/textures/bark01.jpg
[1.165s] -- Symlinking: /home/john/git/RS1/John_branch/install/john/share/john/models/tree1/meshes/tree_a.dae
[1.172s] -- Symlinking: /home/john/git/RS1/John_branch/install/john/share/john/models/tree1/model.config
[1.181s] -- Symlinking: /home/john/git/RS1/John_branch/install/john/share/john/models/tree1/model.sdf
[1.190s] -- Symlinking: /home/john/git/RS1/John_branch/install/john/share/john/models/tree2/materials/textures/bark.jpeg
[1.200s] -- Symlinking: /home/john/git/RS1/John_branch/install/john/share/john/models/tree2/meshes/tree_b.dae
[1.207s] -- Symlinking: /home/john/git/RS1/John_branch/install/john/share/john/models/tree2/model.config
[1.213s] -- Symlinking: /home/john/git/RS1/John_branch/install/john/share/john/models/tree2/model.sdf
[1.223s] -- Symlinking: /home/john/git/RS1/John_branch/install/john/share/john/urdf/common_properties.urdf.xacro
[1.231s] -- Symlinking: /home/john/git/RS1/John_branch/install/john/share/john/urdf/husky.gazebo.xacro
[1.238s] -- Symlinking: /home/john/git/RS1/John_branch/install/john/share/john/urdf/husky.urdf.xacro
[1.246s] -- Symlinking: /home/john/git/RS1/John_branch/install/john/share/john/urdf/meshes/base_link.dae
[1.252s] -- Symlinking: /home/john/git/RS1/John_branch/install/john/share/john/urdf/meshes/bumper.dae
[1.258s] -- Symlinking: /home/john/git/RS1/John_branch/install/john/share/john/urdf/meshes/jpl04_arch_nosensor.stl
[1.266s] -- Symlinking: /home/john/git/RS1/John_branch/install/john/share/john/urdf/meshes/top_chassis.dae
[1.272s] -- Symlinking: /home/john/git/RS1/John_branch/install/john/share/john/urdf/meshes/top_plate.dae
[1.279s] -- Symlinking: /home/john/git/RS1/John_branch/install/john/share/john/urdf/meshes/wheel.dae
[1.284s] -- Symlinking: /home/john/git/RS1/John_branch/install/john/share/john/urdf/wheel.urdf.xacro
[1.290s] -- Symlinking: /home/john/git/RS1/John_branch/install/john/share/john/worlds/forest_world.sdf
[1.295s] -- Symlinking: /home/john/git/RS1/John_branch/install/john/share/john/worlds/forest_world_green.sdf
[1.305s] -- Symlinking: /home/john/git/RS1/John_branch/install/john/share/john/worlds/forest_world_red.sdf
[1.313s] -- Symlinking: /home/john/git/RS1/John_branch/install/john/share/john/worlds/large_demo.sdf
[1.320s] -- Symlinking: /home/john/git/RS1/John_branch/install/john/share/john/worlds/simple_trees.sdf
[1.327s] -- Symlinking: /home/john/git/RS1/John_branch/install/john/share/ament_index/resource_index/package_run_dependencies/john
[1.333s] -- Symlinking: /home/john/git/RS1/John_branch/install/john/share/ament_index/resource_index/parent_prefix_path/john
[1.339s] -- Symlinking: /home/john/git/RS1/John_branch/install/john/share/john/environment/ament_prefix_path.sh
[1.347s] -- Symlinking: /home/john/git/RS1/John_branch/install/john/share/john/environment/ament_prefix_path.dsv
[1.354s] -- Symlinking: /home/john/git/RS1/John_branch/install/john/share/john/environment/path.sh
[1.361s] -- Symlinking: /home/john/git/RS1/John_branch/install/john/share/john/environment/path.dsv
[1.368s] -- Symlinking: /home/john/git/RS1/John_branch/install/john/share/john/local_setup.bash
[1.374s] -- Symlinking: /home/john/git/RS1/John_branch/install/john/share/john/local_setup.sh
[1.382s] -- Symlinking: /home/john/git/RS1/John_branch/install/john/share/john/local_setup.zsh
[1.392s] -- Symlinking: /home/john/git/RS1/John_branch/install/john/share/john/local_setup.dsv
[1.398s] -- Symlinking: /home/john/git/RS1/John_branch/install/john/share/john/package.dsv
[1.405s] -- Symlinking: /home/john/git/RS1/John_branch/install/john/share/ament_index/resource_index/packages/john
[1.412s] -- Symlinking: /home/john/git/RS1/John_branch/install/john/share/john/cmake/johnConfig.cmake
[1.421s] -- Symlinking: /home/john/git/RS1/John_branch/install/john/share/john/cmake/johnConfig-version.cmake
[1.430s] -- Symlinking: /home/john/git/RS1/John_branch/install/john/share/john/package.xml
[1.439s] Invoked command in '/home/john/git/RS1/John_branch/build/john' returned '0': CMAKE_PREFIX_PATH=${CMAKE_PREFIX_PATH}:/home/john/git/RS1/John_branch/install/forestguard_colour:/opt/ros/humble PS1=(yolo_env) \[\e]0;\u@\h: \w\a\]${debian_chroot:+($debian_chroot)}\[\033[01;32m\]\u@\h\[\033[00m\]:\[\033[01;34m\]\w\[\033[00m\]\$ VIRTUAL_ENV_PROMPT=(yolo_env) /usr/bin/cmake --install /home/john/git/RS1/John_branch/build/john
