[0.861s] Invoking command in '/home/claudia/ForestGuard/build/forest_localization': CMAKE_PREFIX_PATH=${CMAKE_PREFIX_PATH}:/home/claudia/ForestGuard/install/forest_guard_sim:/home/claudia/ros2_ws/install/examples_rclcpp_minimal_publisher:/home/claudia/ros2_ws/install/a3_support:/opt/ros/humble /usr/bin/cmake --build /home/claudia/ForestGuard/build/forest_localization -- -j16 -l16
[0.962s] [100%] Built target forest_localization
[0.977s] Invoked command in '/home/claudia/ForestGuard/build/forest_localization' returned '0': CMAKE_PREFIX_PATH=${CMAKE_PREFIX_PATH}:/home/claudia/ForestGuard/install/forest_guard_sim:/home/claudia/ros2_ws/install/examples_rclcpp_minimal_publisher:/home/claudia/ros2_ws/install/a3_support:/opt/ros/humble /usr/bin/cmake --build /home/claudia/ForestGuard/build/forest_localization -- -j16 -l16
[0.982s] Invoking command in '/home/claudia/ForestGuard/build/forest_localization': CMAKE_PREFIX_PATH=${CMAKE_PREFIX_PATH}:/home/claudia/ForestGuard/install/forest_guard_sim:/home/claudia/ros2_ws/install/examples_rclcpp_minimal_publisher:/home/claudia/ros2_ws/install/a3_support:/opt/ros/humble /usr/bin/cmake --install /home/claudia/ForestGuard/build/forest_localization
[0.991s] -- Install configuration: ""
[0.993s] -- Execute custom install script
[0.994s] -- Up-to-date symlink: /home/claudia/ForestGuard/install/forest_localization/lib/forest_localization/forest_localization
[0.995s] -- Up-to-date symlink: /home/claudia/ForestGuard/install/forest_localization/include/forest_localization/amcl_localization.h
[0.995s] -- Up-to-date symlink: /home/claudia/ForestGuard/install/forest_localization/share/ament_index/resource_index/package_run_dependencies/forest_localization
[0.996s] -- Up-to-date symlink: /home/claudia/ForestGuard/install/forest_localization/share/ament_index/resource_index/parent_prefix_path/forest_localization
[0.997s] -- Up-to-date symlink: /home/claudia/ForestGuard/install/forest_localization/share/forest_localization/environment/ament_prefix_path.sh
[0.997s] -- Up-to-date symlink: /home/claudia/ForestGuard/install/forest_localization/share/forest_localization/environment/ament_prefix_path.dsv
[0.998s] -- Up-to-date symlink: /home/claudia/ForestGuard/install/forest_localization/share/forest_localization/environment/path.sh
[0.998s] -- Up-to-date symlink: /home/claudia/ForestGuard/install/forest_localization/share/forest_localization/environment/path.dsv
[0.999s] -- Up-to-date symlink: /home/claudia/ForestGuard/install/forest_localization/share/forest_localization/local_setup.bash
[1.000s] -- Up-to-date symlink: /home/claudia/ForestGuard/install/forest_localization/share/forest_localization/local_setup.sh
[1.000s] -- Up-to-date symlink: /home/claudia/ForestGuard/install/forest_localization/share/forest_localization/local_setup.zsh
[1.000s] -- Up-to-date symlink: /home/claudia/ForestGuard/install/forest_localization/share/forest_localization/local_setup.dsv
[1.001s] -- Symlinking: /home/claudia/ForestGuard/install/forest_localization/share/forest_localization/package.dsv
[1.012s] -- Up-to-date symlink: /home/claudia/ForestGuard/install/forest_localization/share/ament_index/resource_index/packages/forest_localization
[1.012s] -- Up-to-date symlink: /home/claudia/ForestGuard/install/forest_localization/share/forest_localization/cmake/forest_localizationConfig.cmake
[1.013s] -- Up-to-date symlink: /home/claudia/ForestGuard/install/forest_localization/share/forest_localization/cmake/forest_localizationConfig-version.cmake
[1.013s] -- Up-to-date symlink: /home/claudia/ForestGuard/install/forest_localization/share/forest_localization/package.xml
[1.019s] Invoked command in '/home/claudia/ForestGuard/build/forest_localization' returned '0': CMAKE_PREFIX_PATH=${CMAKE_PREFIX_PATH}:/home/claudia/ForestGuard/install/forest_guard_sim:/home/claudia/ros2_ws/install/examples_rclcpp_minimal_publisher:/home/claudia/ros2_ws/install/a3_support:/opt/ros/humble /usr/bin/cmake --install /home/claudia/ForestGuard/build/forest_localization
