[0.130s] DEBUG:colcon:Command line arguments: ['/usr/bin/colcon', 'build']
[0.130s] DEBUG:colcon:Parsed command line arguments: Namespace(log_base=None, log_level=None, verb_name='build', build_base='build', install_base='install', merge_install=False, symlink_install=False, test_result_base=None, continue_on_error=False, executor='parallel', parallel_workers=12, event_handlers=None, ignore_user_meta=False, metas=['./colcon.meta'], base_paths=['.'], packages_ignore=None, packages_ignore_regex=None, paths=None, packages_up_to=None, packages_up_to_regex=None, packages_above=None, packages_above_and_dependencies=None, packages_above_depth=None, packages_select_by_dep=None, packages_skip_by_dep=None, packages_skip_up_to=None, packages_select_build_failed=False, packages_skip_build_finished=False, packages_select_test_failures=False, packages_skip_test_passed=False, packages_select=None, packages_skip=None, packages_select_regex=None, packages_skip_regex=None, packages_start=None, packages_end=None, allow_overriding=[], cmake_args=None, cmake_target=None, cmake_target_skip_unavailable=False, cmake_clean_cache=False, cmake_clean_first=False, cmake_force_configure=False, ament_cmake_args=None, catkin_cmake_args=None, catkin_skip_building_tests=False, mixin_files=None, mixin=None, verb_parser=<colcon_mixin.mixin.mixin_argument.MixinArgumentDecorator object at 0x727ba85664d0>, verb_extension=<colcon_core.verb.build.BuildVerb object at 0x727ba8528280>, main=<bound method BuildVerb.main of <colcon_core.verb.build.BuildVerb object at 0x727ba8528280>>, mixin_verb=('build',))
[0.355s] Level 1:colcon.colcon_core.package_discovery:discover_packages(colcon_meta) check parameters
[0.355s] Level 1:colcon.colcon_core.package_discovery:discover_packages(recursive) check parameters
[0.355s] Level 1:colcon.colcon_core.package_discovery:discover_packages(ignore) check parameters
[0.355s] Level 1:colcon.colcon_core.package_discovery:discover_packages(path) check parameters
[0.355s] Level 1:colcon.colcon_core.package_discovery:discover_packages(colcon_meta) discover
[0.355s] Level 1:colcon.colcon_core.package_discovery:discover_packages(recursive) discover
[0.355s] INFO:colcon.colcon_core.package_discovery:Crawling recursively for packages in '/home/yut/git/ForestGuard/forest_guard_sim'
[0.355s] Level 1:colcon.colcon_core.package_identification:_identify(.) by extensions ['ignore', 'ignore_ament_install']
[0.356s] Level 1:colcon.colcon_core.package_identification:_identify(.) by extension 'ignore'
[0.356s] Level 1:colcon.colcon_core.package_identification:_identify(.) by extension 'ignore_ament_install'
[0.356s] Level 1:colcon.colcon_core.package_identification:_identify(.) by extensions ['colcon_pkg']
[0.356s] Level 1:colcon.colcon_core.package_identification:_identify(.) by extension 'colcon_pkg'
[0.356s] Level 1:colcon.colcon_core.package_identification:_identify(.) by extensions ['colcon_meta']
[0.356s] Level 1:colcon.colcon_core.package_identification:_identify(.) by extension 'colcon_meta'
[0.356s] Level 1:colcon.colcon_core.package_identification:_identify(.) by extensions ['ros']
[0.356s] Level 1:colcon.colcon_core.package_identification:_identify(.) by extension 'ros'
[0.379s] DEBUG:colcon.colcon_core.package_identification:Package '.' with type 'ros.ament_python' and name 'forest_guard_sim'
[0.379s] Level 1:colcon.colcon_core.package_discovery:discover_packages(recursive) using defaults
[0.380s] Level 1:colcon.colcon_core.package_discovery:discover_packages(ignore) discover
[0.380s] Level 1:colcon.colcon_core.package_discovery:discover_packages(ignore) using defaults
[0.380s] Level 1:colcon.colcon_core.package_discovery:discover_packages(path) discover
[0.380s] Level 1:colcon.colcon_core.package_discovery:discover_packages(path) using defaults
[0.421s] Level 1:colcon.colcon_core.package_discovery:discover_packages(prefix_path) check parameters
[0.422s] Level 1:colcon.colcon_core.package_discovery:discover_packages(prefix_path) discover
[0.423s] DEBUG:colcon.colcon_installed_package_information.package_discovery:Found 1 installed packages in /home/yut/ros2_ws/install
[0.425s] DEBUG:colcon.colcon_installed_package_information.package_discovery:Found 328 installed packages in /opt/ros/humble
[0.427s] Level 1:colcon.colcon_core.package_discovery:discover_packages(prefix_path) using defaults
[0.473s] Level 5:colcon.colcon_core.verb:set package 'forest_guard_sim' build argument 'cmake_args' from command line to 'None'
[0.473s] Level 5:colcon.colcon_core.verb:set package 'forest_guard_sim' build argument 'cmake_target' from command line to 'None'
[0.473s] Level 5:colcon.colcon_core.verb:set package 'forest_guard_sim' build argument 'cmake_target_skip_unavailable' from command line to 'False'
[0.473s] Level 5:colcon.colcon_core.verb:set package 'forest_guard_sim' build argument 'cmake_clean_cache' from command line to 'False'
[0.473s] Level 5:colcon.colcon_core.verb:set package 'forest_guard_sim' build argument 'cmake_clean_first' from command line to 'False'
[0.473s] Level 5:colcon.colcon_core.verb:set package 'forest_guard_sim' build argument 'cmake_force_configure' from command line to 'False'
[0.473s] Level 5:colcon.colcon_core.verb:set package 'forest_guard_sim' build argument 'ament_cmake_args' from command line to 'None'
[0.473s] Level 5:colcon.colcon_core.verb:set package 'forest_guard_sim' build argument 'catkin_cmake_args' from command line to 'None'
[0.473s] Level 5:colcon.colcon_core.verb:set package 'forest_guard_sim' build argument 'catkin_skip_building_tests' from command line to 'False'
[0.473s] DEBUG:colcon.colcon_core.verb:Building package 'forest_guard_sim' with the following arguments: {'ament_cmake_args': None, 'build_base': '/home/yut/git/ForestGuard/forest_guard_sim/build/forest_guard_sim', 'catkin_cmake_args': None, 'catkin_skip_building_tests': False, 'cmake_args': None, 'cmake_clean_cache': False, 'cmake_clean_first': False, 'cmake_force_configure': False, 'cmake_target': None, 'cmake_target_skip_unavailable': False, 'install_base': '/home/yut/git/ForestGuard/forest_guard_sim/install/forest_guard_sim', 'merge_install': False, 'path': '/home/yut/git/ForestGuard/forest_guard_sim', 'symlink_install': False, 'test_result_base': None}
[0.474s] INFO:colcon.colcon_core.executor:Executing jobs using 'parallel' executor
[0.475s] DEBUG:colcon.colcon_parallel_executor.executor.parallel:run_until_complete
[0.475s] INFO:colcon.colcon_ros.task.ament_python.build:Building ROS package in '/home/yut/git/ForestGuard/forest_guard_sim' with build type 'ament_python'
[0.475s] Level 1:colcon.colcon_core.shell:create_environment_hook('forest_guard_sim', 'ament_prefix_path')
[0.478s] INFO:colcon.colcon_core.plugin_system:Skipping extension 'colcon_core.shell.bat': Not used on non-Windows systems
[0.478s] INFO:colcon.colcon_core.shell:Creating environment hook '/home/yut/git/ForestGuard/forest_guard_sim/install/forest_guard_sim/share/forest_guard_sim/hook/ament_prefix_path.ps1'
[0.479s] INFO:colcon.colcon_core.shell:Creating environment descriptor '/home/yut/git/ForestGuard/forest_guard_sim/install/forest_guard_sim/share/forest_guard_sim/hook/ament_prefix_path.dsv'
[0.479s] INFO:colcon.colcon_core.shell:Creating environment hook '/home/yut/git/ForestGuard/forest_guard_sim/install/forest_guard_sim/share/forest_guard_sim/hook/ament_prefix_path.sh'
[0.480s] INFO:colcon.colcon_core.shell:Skip shell extension 'powershell' for command environment: Not usable outside of PowerShell
[0.480s] DEBUG:colcon.colcon_core.shell:Skip shell extension 'dsv' for command environment
[0.841s] INFO:colcon.colcon_core.task.python.build:Building Python package in '/home/yut/git/ForestGuard/forest_guard_sim'
[0.841s] INFO:colcon.colcon_core.shell:Skip shell extension 'powershell' for command environment: Not usable outside of PowerShell
[0.841s] DEBUG:colcon.colcon_core.shell:Skip shell extension 'dsv' for command environment
[1.325s] DEBUG:colcon.colcon_core.event_handler.log_command:Invoking command in '/home/yut/git/ForestGuard/forest_guard_sim': PYTHONPATH=/home/yut/git/ForestGuard/forest_guard_sim/build/forest_guard_sim/prefix_override:/usr/lib/python3/dist-packages/colcon_core/task/python/colcon_distutils_commands:/home/yut/git/ForestGuard/forest_guard_sim/install/forest_guard_sim/lib/python3.10/site-packages:${PYTHONPATH} /usr/bin/python3 -W ignore:setup.py install is deprecated -W ignore:easy_install command is deprecated setup.py egg_info --egg-base build/forest_guard_sim build --build-base /home/yut/git/ForestGuard/forest_guard_sim/build/forest_guard_sim/build install --record /home/yut/git/ForestGuard/forest_guard_sim/build/forest_guard_sim/install.log --single-version-externally-managed install_data
[1.729s] DEBUG:colcon.colcon_core.event_handler.log_command:Invoked command in '/home/yut/git/ForestGuard/forest_guard_sim' returned '0': PYTHONPATH=/home/yut/git/ForestGuard/forest_guard_sim/build/forest_guard_sim/prefix_override:/usr/lib/python3/dist-packages/colcon_core/task/python/colcon_distutils_commands:/home/yut/git/ForestGuard/forest_guard_sim/install/forest_guard_sim/lib/python3.10/site-packages:${PYTHONPATH} /usr/bin/python3 -W ignore:setup.py install is deprecated -W ignore:easy_install command is deprecated setup.py egg_info --egg-base build/forest_guard_sim build --build-base /home/yut/git/ForestGuard/forest_guard_sim/build/forest_guard_sim/build install --record /home/yut/git/ForestGuard/forest_guard_sim/build/forest_guard_sim/install.log --single-version-externally-managed install_data
[1.732s] Level 1:colcon.colcon_core.environment:checking '/home/yut/git/ForestGuard/forest_guard_sim/install/forest_guard_sim' for CMake module files
[1.732s] Level 1:colcon.colcon_core.environment:checking '/home/yut/git/ForestGuard/forest_guard_sim/install/forest_guard_sim' for CMake config files
[1.733s] Level 1:colcon.colcon_core.environment:checking '/home/yut/git/ForestGuard/forest_guard_sim/install/forest_guard_sim/lib'
[1.733s] Level 1:colcon.colcon_core.environment:checking '/home/yut/git/ForestGuard/forest_guard_sim/install/forest_guard_sim/bin'
[1.733s] Level 1:colcon.colcon_core.environment:checking '/home/yut/git/ForestGuard/forest_guard_sim/install/forest_guard_sim/lib/pkgconfig/forest_guard_sim.pc'
[1.734s] Level 1:colcon.colcon_core.environment:checking '/home/yut/git/ForestGuard/forest_guard_sim/install/forest_guard_sim/lib/python3.10/site-packages'
[1.734s] Level 1:colcon.colcon_core.shell:create_environment_hook('forest_guard_sim', 'pythonpath')
[1.734s] INFO:colcon.colcon_core.shell:Creating environment hook '/home/yut/git/ForestGuard/forest_guard_sim/install/forest_guard_sim/share/forest_guard_sim/hook/pythonpath.ps1'
[1.734s] INFO:colcon.colcon_core.shell:Creating environment descriptor '/home/yut/git/ForestGuard/forest_guard_sim/install/forest_guard_sim/share/forest_guard_sim/hook/pythonpath.dsv'
[1.735s] INFO:colcon.colcon_core.shell:Creating environment hook '/home/yut/git/ForestGuard/forest_guard_sim/install/forest_guard_sim/share/forest_guard_sim/hook/pythonpath.sh'
[1.735s] Level 1:colcon.colcon_core.environment:checking '/home/yut/git/ForestGuard/forest_guard_sim/install/forest_guard_sim/bin'
[1.735s] Level 1:colcon.colcon_core.environment:create_environment_scripts_only(forest_guard_sim)
[1.736s] INFO:colcon.colcon_core.shell:Creating package script '/home/yut/git/ForestGuard/forest_guard_sim/install/forest_guard_sim/share/forest_guard_sim/package.ps1'
[1.736s] INFO:colcon.colcon_core.shell:Creating package descriptor '/home/yut/git/ForestGuard/forest_guard_sim/install/forest_guard_sim/share/forest_guard_sim/package.dsv'
[1.737s] INFO:colcon.colcon_core.shell:Creating package script '/home/yut/git/ForestGuard/forest_guard_sim/install/forest_guard_sim/share/forest_guard_sim/package.sh'
[1.738s] INFO:colcon.colcon_core.shell:Creating package script '/home/yut/git/ForestGuard/forest_guard_sim/install/forest_guard_sim/share/forest_guard_sim/package.bash'
[1.738s] INFO:colcon.colcon_core.shell:Creating package script '/home/yut/git/ForestGuard/forest_guard_sim/install/forest_guard_sim/share/forest_guard_sim/package.zsh'
[1.739s] Level 1:colcon.colcon_core.environment:create_file_with_runtime_dependencies(/home/yut/git/ForestGuard/forest_guard_sim/install/forest_guard_sim/share/colcon-core/packages/forest_guard_sim)
[1.739s] DEBUG:colcon.colcon_parallel_executor.executor.parallel:closing loop
[1.740s] DEBUG:colcon.colcon_parallel_executor.executor.parallel:loop closed
[1.740s] DEBUG:colcon.colcon_parallel_executor.executor.parallel:run_until_complete finished with '0'
[1.740s] DEBUG:colcon.colcon_core.event_reactor:joining thread
[1.746s] INFO:colcon.colcon_core.plugin_system:Skipping extension 'colcon_notification.desktop_notification.terminal_notifier': Not used on non-Darwin systems
[1.746s] INFO:colcon.colcon_core.plugin_system:Skipping extension 'colcon_notification.desktop_notification.win32': Not used on non-Windows systems
[1.746s] INFO:colcon.colcon_notification.desktop_notification:Sending desktop notification using 'notify2'
[1.758s] DEBUG:colcon.colcon_core.event_reactor:joined thread
[1.758s] INFO:colcon.colcon_core.shell:Creating prefix script '/home/yut/git/ForestGuard/forest_guard_sim/install/local_setup.ps1'
[1.760s] INFO:colcon.colcon_core.shell:Creating prefix util module '/home/yut/git/ForestGuard/forest_guard_sim/install/_local_setup_util_ps1.py'
[1.761s] INFO:colcon.colcon_core.shell:Creating prefix chain script '/home/yut/git/ForestGuard/forest_guard_sim/install/setup.ps1'
[1.762s] INFO:colcon.colcon_core.shell:Creating prefix script '/home/yut/git/ForestGuard/forest_guard_sim/install/local_setup.sh'
[1.763s] INFO:colcon.colcon_core.shell:Creating prefix util module '/home/yut/git/ForestGuard/forest_guard_sim/install/_local_setup_util_sh.py'
[1.763s] INFO:colcon.colcon_core.shell:Creating prefix chain script '/home/yut/git/ForestGuard/forest_guard_sim/install/setup.sh'
[1.764s] INFO:colcon.colcon_core.shell:Creating prefix script '/home/yut/git/ForestGuard/forest_guard_sim/install/local_setup.bash'
[1.765s] INFO:colcon.colcon_core.shell:Creating prefix chain script '/home/yut/git/ForestGuard/forest_guard_sim/install/setup.bash'
[1.766s] INFO:colcon.colcon_core.shell:Creating prefix script '/home/yut/git/ForestGuard/forest_guard_sim/install/local_setup.zsh'
[1.766s] INFO:colcon.colcon_core.shell:Creating prefix chain script '/home/yut/git/ForestGuard/forest_guard_sim/install/setup.zsh'
