[0.244s] DEBUG:colcon:Command line arguments: ['/usr/bin/colcon', 'build', '--symlink-install', '--packages-select', 'forest_husky', 'husky_controller']
[0.244s] DEBUG:colcon:Parsed command line arguments: Namespace(log_base=None, log_level=None, verb_name='build', build_base='build', install_base='install', merge_install=False, symlink_install=True, test_result_base=None, continue_on_error=False, executor='parallel', parallel_workers=16, event_handlers=None, ignore_user_meta=False, metas=['./colcon.meta'], base_paths=['.'], packages_ignore=None, packages_ignore_regex=None, paths=None, packages_up_to=None, packages_up_to_regex=None, packages_above=None, packages_above_and_dependencies=None, packages_above_depth=None, packages_select_by_dep=None, packages_skip_by_dep=None, packages_skip_up_to=None, packages_select_build_failed=False, packages_skip_build_finished=False, packages_select_test_failures=False, packages_skip_test_passed=False, packages_select=['forest_husky', 'husky_controller'], packages_skip=None, packages_select_regex=None, packages_skip_regex=None, packages_start=None, packages_end=None, allow_overriding=[], cmake_args=None, cmake_target=None, cmake_target_skip_unavailable=False, cmake_clean_cache=False, cmake_clean_first=False, cmake_force_configure=False, ament_cmake_args=None, catkin_cmake_args=None, catkin_skip_building_tests=False, verb_parser=<colcon_defaults.argument_parser.defaults.DefaultArgumentsDecorator object at 0x7fc0d751a2f0>, verb_extension=<colcon_core.verb.build.BuildVerb object at 0x7fc0d7519de0>, main=<bound method BuildVerb.main of <colcon_core.verb.build.BuildVerb object at 0x7fc0d7519de0>>)
[0.758s] Level 1:colcon.colcon_core.package_discovery:discover_packages(colcon_meta) check parameters
[0.759s] Level 1:colcon.colcon_core.package_discovery:discover_packages(recursive) check parameters
[0.759s] Level 1:colcon.colcon_core.package_discovery:discover_packages(ignore) check parameters
[0.759s] Level 1:colcon.colcon_core.package_discovery:discover_packages(path) check parameters
[0.759s] Level 1:colcon.colcon_core.package_discovery:discover_packages(colcon_meta) discover
[0.759s] Level 1:colcon.colcon_core.package_discovery:discover_packages(recursive) discover
[0.759s] INFO:colcon.colcon_core.package_discovery:Crawling recursively for packages in '/home/claudia/ForestGuard/src'
[0.759s] Level 1:colcon.colcon_core.package_identification:_identify(.) by extensions ['ignore', 'ignore_ament_install']
[0.760s] Level 1:colcon.colcon_core.package_identification:_identify(.) by extension 'ignore'
[0.760s] Level 1:colcon.colcon_core.package_identification:_identify(.) by extension 'ignore_ament_install'
[0.760s] Level 1:colcon.colcon_core.package_identification:_identify(.) by extensions ['colcon_pkg']
[0.760s] Level 1:colcon.colcon_core.package_identification:_identify(.) by extension 'colcon_pkg'
[0.760s] Level 1:colcon.colcon_core.package_identification:_identify(.) by extensions ['colcon_meta']
[0.760s] Level 1:colcon.colcon_core.package_identification:_identify(.) by extension 'colcon_meta'
[0.760s] Level 1:colcon.colcon_core.package_identification:_identify(.) by extensions ['ros']
[0.760s] Level 1:colcon.colcon_core.package_identification:_identify(.) by extension 'ros'
[0.800s] Level 1:colcon.colcon_core.package_identification:_identify(.) by extensions ['cmake', 'python']
[0.800s] Level 1:colcon.colcon_core.package_identification:_identify(.) by extension 'cmake'
[0.800s] Level 1:colcon.colcon_core.package_identification:_identify(.) by extension 'python'
[0.801s] Level 1:colcon.colcon_core.package_identification:_identify(.) by extensions ['python_setup_py']
[0.801s] Level 1:colcon.colcon_core.package_identification:_identify(.) by extension 'python_setup_py'
[0.801s] Level 1:colcon.colcon_core.package_identification:_identify(build) by extensions ['ignore', 'ignore_ament_install']
[0.801s] Level 1:colcon.colcon_core.package_identification:_identify(build) by extension 'ignore'
[0.801s] Level 1:colcon.colcon_core.package_identification:_identify(build) ignored
[0.802s] Level 1:colcon.colcon_core.package_identification:_identify(forest_guard_sim) by extensions ['ignore', 'ignore_ament_install']
[0.802s] Level 1:colcon.colcon_core.package_identification:_identify(forest_guard_sim) by extension 'ignore'
[0.802s] Level 1:colcon.colcon_core.package_identification:_identify(forest_guard_sim) by extension 'ignore_ament_install'
[0.802s] Level 1:colcon.colcon_core.package_identification:_identify(forest_guard_sim) by extensions ['colcon_pkg']
[0.803s] Level 1:colcon.colcon_core.package_identification:_identify(forest_guard_sim) by extension 'colcon_pkg'
[0.803s] Level 1:colcon.colcon_core.package_identification:_identify(forest_guard_sim) by extensions ['colcon_meta']
[0.803s] Level 1:colcon.colcon_core.package_identification:_identify(forest_guard_sim) by extension 'colcon_meta'
[0.803s] Level 1:colcon.colcon_core.package_identification:_identify(forest_guard_sim) by extensions ['ros']
[0.803s] Level 1:colcon.colcon_core.package_identification:_identify(forest_guard_sim) by extension 'ros'
[0.861s] DEBUG:colcon.colcon_core.package_identification:Package 'forest_guard_sim' with type 'ros.ament_python' and name 'forest_guard_sim'
[0.861s] Level 1:colcon.colcon_core.package_identification:_identify(forest_husky) by extensions ['ignore', 'ignore_ament_install']
[0.861s] Level 1:colcon.colcon_core.package_identification:_identify(forest_husky) by extension 'ignore'
[0.862s] Level 1:colcon.colcon_core.package_identification:_identify(forest_husky) by extension 'ignore_ament_install'
[0.862s] Level 1:colcon.colcon_core.package_identification:_identify(forest_husky) by extensions ['colcon_pkg']
[0.862s] Level 1:colcon.colcon_core.package_identification:_identify(forest_husky) by extension 'colcon_pkg'
[0.862s] Level 1:colcon.colcon_core.package_identification:_identify(forest_husky) by extensions ['colcon_meta']
[0.862s] Level 1:colcon.colcon_core.package_identification:_identify(forest_husky) by extension 'colcon_meta'
[0.862s] Level 1:colcon.colcon_core.package_identification:_identify(forest_husky) by extensions ['ros']
[0.863s] Level 1:colcon.colcon_core.package_identification:_identify(forest_husky) by extension 'ros'
[0.865s] DEBUG:colcon.colcon_core.package_identification:Package 'forest_husky' with type 'ros.ament_cmake' and name 'forest_husky'
[0.866s] Level 1:colcon.colcon_core.package_identification:_identify(husky_controller) by extensions ['ignore', 'ignore_ament_install']
[0.866s] Level 1:colcon.colcon_core.package_identification:_identify(husky_controller) by extension 'ignore'
[0.866s] Level 1:colcon.colcon_core.package_identification:_identify(husky_controller) by extension 'ignore_ament_install'
[0.866s] Level 1:colcon.colcon_core.package_identification:_identify(husky_controller) by extensions ['colcon_pkg']
[0.866s] Level 1:colcon.colcon_core.package_identification:_identify(husky_controller) by extension 'colcon_pkg'
[0.867s] Level 1:colcon.colcon_core.package_identification:_identify(husky_controller) by extensions ['colcon_meta']
[0.867s] Level 1:colcon.colcon_core.package_identification:_identify(husky_controller) by extension 'colcon_meta'
[0.867s] Level 1:colcon.colcon_core.package_identification:_identify(husky_controller) by extensions ['ros']
[0.867s] Level 1:colcon.colcon_core.package_identification:_identify(husky_controller) by extension 'ros'
[0.869s] DEBUG:colcon.colcon_core.package_identification:Package 'husky_controller' with type 'ros.ament_cmake' and name 'husky_controller'
[0.869s] Level 1:colcon.colcon_core.package_identification:_identify(install) by extensions ['ignore', 'ignore_ament_install']
[0.870s] Level 1:colcon.colcon_core.package_identification:_identify(install) by extension 'ignore'
[0.870s] Level 1:colcon.colcon_core.package_identification:_identify(install) ignored
[0.870s] Level 1:colcon.colcon_core.package_identification:_identify(log) by extensions ['ignore', 'ignore_ament_install']
[0.870s] Level 1:colcon.colcon_core.package_identification:_identify(log) by extension 'ignore'
[0.870s] Level 1:colcon.colcon_core.package_identification:_identify(log) ignored
[0.871s] Level 1:colcon.colcon_core.package_discovery:discover_packages(recursive) using defaults
[0.871s] Level 1:colcon.colcon_core.package_discovery:discover_packages(ignore) discover
[0.871s] Level 1:colcon.colcon_core.package_discovery:discover_packages(ignore) using defaults
[0.871s] Level 1:colcon.colcon_core.package_discovery:discover_packages(path) discover
[0.871s] Level 1:colcon.colcon_core.package_discovery:discover_packages(path) using defaults
[0.926s] INFO:colcon.colcon_core.package_selection:Skipping not selected package 'forest_guard_sim' in 'forest_guard_sim'
[0.927s] Level 1:colcon.colcon_core.package_discovery:discover_packages(prefix_path) check parameters
[0.927s] Level 1:colcon.colcon_core.package_discovery:discover_packages(prefix_path) discover
[0.934s] DEBUG:colcon.colcon_installed_package_information.package_discovery:Found 2 installed packages in /home/claudia/ForestGuard/install
[0.935s] DEBUG:colcon.colcon_installed_package_information.package_discovery:Found 2 installed packages in /home/claudia/rs1_ws/install
[0.937s] DEBUG:colcon.colcon_installed_package_information.package_discovery:Found 11 installed packages in /home/claudia/ros2_ws/install
[0.942s] DEBUG:colcon.colcon_installed_package_information.package_discovery:Found 479 installed packages in /opt/ros/humble
[0.952s] Level 1:colcon.colcon_core.package_discovery:discover_packages(prefix_path) using defaults
[1.112s] Level 5:colcon.colcon_core.verb:set package 'forest_husky' build argument 'cmake_args' from command line to 'None'
[1.113s] Level 5:colcon.colcon_core.verb:set package 'forest_husky' build argument 'cmake_target' from command line to 'None'
[1.113s] Level 5:colcon.colcon_core.verb:set package 'forest_husky' build argument 'cmake_target_skip_unavailable' from command line to 'False'
[1.113s] Level 5:colcon.colcon_core.verb:set package 'forest_husky' build argument 'cmake_clean_cache' from command line to 'False'
[1.113s] Level 5:colcon.colcon_core.verb:set package 'forest_husky' build argument 'cmake_clean_first' from command line to 'False'
[1.113s] Level 5:colcon.colcon_core.verb:set package 'forest_husky' build argument 'cmake_force_configure' from command line to 'False'
[1.113s] Level 5:colcon.colcon_core.verb:set package 'forest_husky' build argument 'ament_cmake_args' from command line to 'None'
[1.113s] Level 5:colcon.colcon_core.verb:set package 'forest_husky' build argument 'catkin_cmake_args' from command line to 'None'
[1.113s] Level 5:colcon.colcon_core.verb:set package 'forest_husky' build argument 'catkin_skip_building_tests' from command line to 'False'
[1.113s] DEBUG:colcon.colcon_core.verb:Building package 'forest_husky' with the following arguments: {'ament_cmake_args': None, 'build_base': '/home/claudia/ForestGuard/src/build/forest_husky', 'catkin_cmake_args': None, 'catkin_skip_building_tests': False, 'cmake_args': None, 'cmake_clean_cache': False, 'cmake_clean_first': False, 'cmake_force_configure': False, 'cmake_target': None, 'cmake_target_skip_unavailable': False, 'install_base': '/home/claudia/ForestGuard/src/install/forest_husky', 'merge_install': False, 'path': '/home/claudia/ForestGuard/src/forest_husky', 'symlink_install': True, 'test_result_base': None}
[1.115s] Level 5:colcon.colcon_core.verb:set package 'husky_controller' build argument 'cmake_args' from command line to 'None'
[1.115s] Level 5:colcon.colcon_core.verb:set package 'husky_controller' build argument 'cmake_target' from command line to 'None'
[1.115s] Level 5:colcon.colcon_core.verb:set package 'husky_controller' build argument 'cmake_target_skip_unavailable' from command line to 'False'
[1.115s] Level 5:colcon.colcon_core.verb:set package 'husky_controller' build argument 'cmake_clean_cache' from command line to 'False'
[1.115s] Level 5:colcon.colcon_core.verb:set package 'husky_controller' build argument 'cmake_clean_first' from command line to 'False'
[1.115s] Level 5:colcon.colcon_core.verb:set package 'husky_controller' build argument 'cmake_force_configure' from command line to 'False'
[1.115s] Level 5:colcon.colcon_core.verb:set package 'husky_controller' build argument 'ament_cmake_args' from command line to 'None'
[1.115s] Level 5:colcon.colcon_core.verb:set package 'husky_controller' build argument 'catkin_cmake_args' from command line to 'None'
[1.115s] Level 5:colcon.colcon_core.verb:set package 'husky_controller' build argument 'catkin_skip_building_tests' from command line to 'False'
[1.116s] DEBUG:colcon.colcon_core.verb:Building package 'husky_controller' with the following arguments: {'ament_cmake_args': None, 'build_base': '/home/claudia/ForestGuard/src/build/husky_controller', 'catkin_cmake_args': None, 'catkin_skip_building_tests': False, 'cmake_args': None, 'cmake_clean_cache': False, 'cmake_clean_first': False, 'cmake_force_configure': False, 'cmake_target': None, 'cmake_target_skip_unavailable': False, 'install_base': '/home/claudia/ForestGuard/src/install/husky_controller', 'merge_install': False, 'path': '/home/claudia/ForestGuard/src/husky_controller', 'symlink_install': True, 'test_result_base': None}
[1.116s] INFO:colcon.colcon_core.executor:Executing jobs using 'parallel' executor
[1.119s] DEBUG:colcon.colcon_parallel_executor.executor.parallel:run_until_complete
[1.119s] INFO:colcon.colcon_ros.task.ament_cmake.build:Building ROS package in '/home/claudia/ForestGuard/src/forest_husky' with build type 'ament_cmake'
[1.120s] INFO:colcon.colcon_cmake.task.cmake.build:Building CMake package in '/home/claudia/ForestGuard/src/forest_husky'
[1.125s] INFO:colcon.colcon_core.plugin_system:Skipping extension 'colcon_core.shell.bat': Not used on non-Windows systems
[1.125s] INFO:colcon.colcon_core.shell:Skip shell extension 'powershell' for command environment: Not usable outside of PowerShell
[1.125s] DEBUG:colcon.colcon_core.shell:Skip shell extension 'dsv' for command environment
[1.141s] INFO:colcon.colcon_ros.task.ament_cmake.build:Building ROS package in '/home/claudia/ForestGuard/src/husky_controller' with build type 'ament_cmake'
[1.141s] INFO:colcon.colcon_cmake.task.cmake.build:Building CMake package in '/home/claudia/ForestGuard/src/husky_controller'
[1.141s] INFO:colcon.colcon_core.shell:Skip shell extension 'powershell' for command environment: Not usable outside of PowerShell
[1.141s] DEBUG:colcon.colcon_core.shell:Skip shell extension 'dsv' for command environment
[1.168s] DEBUG:colcon.colcon_core.event_handler.log_command:Invoking command in '/home/claudia/ForestGuard/src/build/forest_husky': CMAKE_PREFIX_PATH=${CMAKE_PREFIX_PATH}:/home/claudia/ros2_ws/install/examples_rclcpp_minimal_publisher:/home/claudia/ros2_ws/install/a3_support:/opt/ros/humble /usr/bin/cmake /home/claudia/ForestGuard/src/forest_husky -DAMENT_CMAKE_SYMLINK_INSTALL=1 -DCMAKE_INSTALL_PREFIX=/home/claudia/ForestGuard/src/install/forest_husky
[1.176s] DEBUG:colcon.colcon_core.event_handler.log_command:Invoking command in '/home/claudia/ForestGuard/src/build/husky_controller': CMAKE_PREFIX_PATH=${CMAKE_PREFIX_PATH}:/home/claudia/ros2_ws/install/examples_rclcpp_minimal_publisher:/home/claudia/ros2_ws/install/a3_support:/opt/ros/humble /usr/bin/cmake /home/claudia/ForestGuard/src/husky_controller -DAMENT_CMAKE_SYMLINK_INSTALL=1 -DCMAKE_INSTALL_PREFIX=/home/claudia/ForestGuard/src/install/husky_controller
[3.961s] DEBUG:colcon.colcon_core.event_handler.log_command:Invoked command in '/home/claudia/ForestGuard/src/build/forest_husky' returned '0': CMAKE_PREFIX_PATH=${CMAKE_PREFIX_PATH}:/home/claudia/ros2_ws/install/examples_rclcpp_minimal_publisher:/home/claudia/ros2_ws/install/a3_support:/opt/ros/humble /usr/bin/cmake /home/claudia/ForestGuard/src/forest_husky -DAMENT_CMAKE_SYMLINK_INSTALL=1 -DCMAKE_INSTALL_PREFIX=/home/claudia/ForestGuard/src/install/forest_husky
[3.967s] DEBUG:colcon.colcon_core.event_handler.log_command:Invoking command in '/home/claudia/ForestGuard/src/build/forest_husky': CMAKE_PREFIX_PATH=${CMAKE_PREFIX_PATH}:/home/claudia/ros2_ws/install/examples_rclcpp_minimal_publisher:/home/claudia/ros2_ws/install/a3_support:/opt/ros/humble /usr/bin/cmake --build /home/claudia/ForestGuard/src/build/forest_husky -- -j16 -l16
[4.020s] DEBUG:colcon.colcon_core.event_handler.log_command:Invoked command in '/home/claudia/ForestGuard/src/build/forest_husky' returned '0': CMAKE_PREFIX_PATH=${CMAKE_PREFIX_PATH}:/home/claudia/ros2_ws/install/examples_rclcpp_minimal_publisher:/home/claudia/ros2_ws/install/a3_support:/opt/ros/humble /usr/bin/cmake --build /home/claudia/ForestGuard/src/build/forest_husky -- -j16 -l16
[4.034s] DEBUG:colcon.colcon_core.event_handler.log_command:Invoking command in '/home/claudia/ForestGuard/src/build/forest_husky': CMAKE_PREFIX_PATH=${CMAKE_PREFIX_PATH}:/home/claudia/ros2_ws/install/examples_rclcpp_minimal_publisher:/home/claudia/ros2_ws/install/a3_support:/opt/ros/humble /usr/bin/cmake --install /home/claudia/ForestGuard/src/build/forest_husky
[4.810s] Level 1:colcon.colcon_core.environment:create_environment_scripts_only(forest_husky)
[4.813s] DEBUG:colcon.colcon_core.event_handler.log_command:Invoked command in '/home/claudia/ForestGuard/src/build/forest_husky' returned '0': CMAKE_PREFIX_PATH=${CMAKE_PREFIX_PATH}:/home/claudia/ros2_ws/install/examples_rclcpp_minimal_publisher:/home/claudia/ros2_ws/install/a3_support:/opt/ros/humble /usr/bin/cmake --install /home/claudia/ForestGuard/src/build/forest_husky
[4.819s] Level 1:colcon.colcon_core.environment:checking '/home/claudia/ForestGuard/src/install/forest_husky' for CMake module files
[4.820s] Level 1:colcon.colcon_core.environment:checking '/home/claudia/ForestGuard/src/install/forest_husky' for CMake config files
[4.821s] Level 1:colcon.colcon_core.shell:create_environment_hook('forest_husky', 'cmake_prefix_path')
[4.822s] INFO:colcon.colcon_core.shell:Creating environment hook '/home/claudia/ForestGuard/src/install/forest_husky/share/forest_husky/hook/cmake_prefix_path.ps1'
[4.823s] INFO:colcon.colcon_core.shell:Creating environment descriptor '/home/claudia/ForestGuard/src/install/forest_husky/share/forest_husky/hook/cmake_prefix_path.dsv'
[4.825s] INFO:colcon.colcon_core.shell:Creating environment hook '/home/claudia/ForestGuard/src/install/forest_husky/share/forest_husky/hook/cmake_prefix_path.sh'
[4.827s] Level 1:colcon.colcon_core.environment:checking '/home/claudia/ForestGuard/src/install/forest_husky/bin'
[4.827s] Level 1:colcon.colcon_core.environment:checking '/home/claudia/ForestGuard/src/install/forest_husky/lib/pkgconfig/forest_husky.pc'
[4.827s] Level 1:colcon.colcon_core.environment:checking '/home/claudia/ForestGuard/src/install/forest_husky/lib/python3.10/site-packages'
[4.828s] Level 1:colcon.colcon_core.environment:checking '/home/claudia/ForestGuard/src/install/forest_husky/bin'
[4.829s] INFO:colcon.colcon_core.shell:Creating package script '/home/claudia/ForestGuard/src/install/forest_husky/share/forest_husky/package.ps1'
[4.833s] INFO:colcon.colcon_core.shell:Creating package descriptor '/home/claudia/ForestGuard/src/install/forest_husky/share/forest_husky/package.dsv'
[4.835s] INFO:colcon.colcon_core.shell:Creating package script '/home/claudia/ForestGuard/src/install/forest_husky/share/forest_husky/package.sh'
[4.837s] INFO:colcon.colcon_core.shell:Creating package script '/home/claudia/ForestGuard/src/install/forest_husky/share/forest_husky/package.bash'
[4.839s] INFO:colcon.colcon_core.shell:Creating package script '/home/claudia/ForestGuard/src/install/forest_husky/share/forest_husky/package.zsh'
[4.840s] Level 1:colcon.colcon_core.environment:create_file_with_runtime_dependencies(/home/claudia/ForestGuard/src/install/forest_husky/share/colcon-core/packages/forest_husky)
[4.842s] Level 1:colcon.colcon_core.environment:create_environment_scripts_only(forest_husky)
[4.843s] Level 1:colcon.colcon_core.environment:checking '/home/claudia/ForestGuard/src/install/forest_husky' for CMake module files
[4.844s] Level 1:colcon.colcon_core.environment:checking '/home/claudia/ForestGuard/src/install/forest_husky' for CMake config files
[4.845s] Level 1:colcon.colcon_core.shell:create_environment_hook('forest_husky', 'cmake_prefix_path')
[4.845s] INFO:colcon.colcon_core.shell:Creating environment hook '/home/claudia/ForestGuard/src/install/forest_husky/share/forest_husky/hook/cmake_prefix_path.ps1'
[4.846s] INFO:colcon.colcon_core.shell:Creating environment descriptor '/home/claudia/ForestGuard/src/install/forest_husky/share/forest_husky/hook/cmake_prefix_path.dsv'
[4.847s] INFO:colcon.colcon_core.shell:Creating environment hook '/home/claudia/ForestGuard/src/install/forest_husky/share/forest_husky/hook/cmake_prefix_path.sh'
[4.849s] Level 1:colcon.colcon_core.environment:checking '/home/claudia/ForestGuard/src/install/forest_husky/bin'
[4.849s] Level 1:colcon.colcon_core.environment:checking '/home/claudia/ForestGuard/src/install/forest_husky/lib/pkgconfig/forest_husky.pc'
[4.849s] Level 1:colcon.colcon_core.environment:checking '/home/claudia/ForestGuard/src/install/forest_husky/lib/python3.10/site-packages'
[4.850s] Level 1:colcon.colcon_core.environment:checking '/home/claudia/ForestGuard/src/install/forest_husky/bin'
[4.851s] INFO:colcon.colcon_core.shell:Creating package script '/home/claudia/ForestGuard/src/install/forest_husky/share/forest_husky/package.ps1'
[4.852s] INFO:colcon.colcon_core.shell:Creating package descriptor '/home/claudia/ForestGuard/src/install/forest_husky/share/forest_husky/package.dsv'
[4.853s] INFO:colcon.colcon_core.shell:Creating package script '/home/claudia/ForestGuard/src/install/forest_husky/share/forest_husky/package.sh'
[4.854s] INFO:colcon.colcon_core.shell:Creating package script '/home/claudia/ForestGuard/src/install/forest_husky/share/forest_husky/package.bash'
[4.855s] INFO:colcon.colcon_core.shell:Creating package script '/home/claudia/ForestGuard/src/install/forest_husky/share/forest_husky/package.zsh'
[4.856s] Level 1:colcon.colcon_core.environment:create_file_with_runtime_dependencies(/home/claudia/ForestGuard/src/install/forest_husky/share/colcon-core/packages/forest_husky)
[5.377s] DEBUG:colcon.colcon_core.event_handler.log_command:Invoked command in '/home/claudia/ForestGuard/src/build/husky_controller' returned '0': CMAKE_PREFIX_PATH=${CMAKE_PREFIX_PATH}:/home/claudia/ros2_ws/install/examples_rclcpp_minimal_publisher:/home/claudia/ros2_ws/install/a3_support:/opt/ros/humble /usr/bin/cmake /home/claudia/ForestGuard/src/husky_controller -DAMENT_CMAKE_SYMLINK_INSTALL=1 -DCMAKE_INSTALL_PREFIX=/home/claudia/ForestGuard/src/install/husky_controller
[5.382s] DEBUG:colcon.colcon_core.event_handler.log_command:Invoking command in '/home/claudia/ForestGuard/src/build/husky_controller': CMAKE_PREFIX_PATH=${CMAKE_PREFIX_PATH}:/home/claudia/ros2_ws/install/examples_rclcpp_minimal_publisher:/home/claudia/ros2_ws/install/a3_support:/opt/ros/humble /usr/bin/cmake --build /home/claudia/ForestGuard/src/build/husky_controller -- -j16 -l16
[25.024s] DEBUG:colcon.colcon_core.event_handler.log_command:Invoked command in '/home/claudia/ForestGuard/src/build/husky_controller' returned '0': CMAKE_PREFIX_PATH=${CMAKE_PREFIX_PATH}:/home/claudia/ros2_ws/install/examples_rclcpp_minimal_publisher:/home/claudia/ros2_ws/install/a3_support:/opt/ros/humble /usr/bin/cmake --build /home/claudia/ForestGuard/src/build/husky_controller -- -j16 -l16
[25.026s] DEBUG:colcon.colcon_core.event_handler.log_command:Invoking command in '/home/claudia/ForestGuard/src/build/husky_controller': CMAKE_PREFIX_PATH=${CMAKE_PREFIX_PATH}:/home/claudia/ros2_ws/install/examples_rclcpp_minimal_publisher:/home/claudia/ros2_ws/install/a3_support:/opt/ros/humble /usr/bin/cmake --install /home/claudia/ForestGuard/src/build/husky_controller
[25.114s] Level 1:colcon.colcon_core.environment:create_environment_scripts_only(husky_controller)
[25.115s] Level 1:colcon.colcon_core.environment:checking '/home/claudia/ForestGuard/src/install/husky_controller' for CMake module files
[25.115s] DEBUG:colcon.colcon_core.event_handler.log_command:Invoked command in '/home/claudia/ForestGuard/src/build/husky_controller' returned '0': CMAKE_PREFIX_PATH=${CMAKE_PREFIX_PATH}:/home/claudia/ros2_ws/install/examples_rclcpp_minimal_publisher:/home/claudia/ros2_ws/install/a3_support:/opt/ros/humble /usr/bin/cmake --install /home/claudia/ForestGuard/src/build/husky_controller
[25.116s] Level 1:colcon.colcon_core.environment:checking '/home/claudia/ForestGuard/src/install/husky_controller' for CMake config files
[25.116s] Level 1:colcon.colcon_core.shell:create_environment_hook('husky_controller', 'cmake_prefix_path')
[25.116s] INFO:colcon.colcon_core.shell:Creating environment hook '/home/claudia/ForestGuard/src/install/husky_controller/share/husky_controller/hook/cmake_prefix_path.ps1'
[25.117s] INFO:colcon.colcon_core.shell:Creating environment descriptor '/home/claudia/ForestGuard/src/install/husky_controller/share/husky_controller/hook/cmake_prefix_path.dsv'
[25.117s] INFO:colcon.colcon_core.shell:Creating environment hook '/home/claudia/ForestGuard/src/install/husky_controller/share/husky_controller/hook/cmake_prefix_path.sh'
[25.118s] Level 1:colcon.colcon_core.environment:checking '/home/claudia/ForestGuard/src/install/husky_controller/lib'
[25.118s] Level 1:colcon.colcon_core.environment:checking '/home/claudia/ForestGuard/src/install/husky_controller/bin'
[25.118s] Level 1:colcon.colcon_core.environment:checking '/home/claudia/ForestGuard/src/install/husky_controller/lib/pkgconfig/husky_controller.pc'
[25.118s] Level 1:colcon.colcon_core.environment:checking '/home/claudia/ForestGuard/src/install/husky_controller/lib/python3.10/site-packages'
[25.118s] Level 1:colcon.colcon_core.environment:checking '/home/claudia/ForestGuard/src/install/husky_controller/bin'
[25.118s] INFO:colcon.colcon_core.shell:Creating package script '/home/claudia/ForestGuard/src/install/husky_controller/share/husky_controller/package.ps1'
[25.119s] INFO:colcon.colcon_core.shell:Creating package descriptor '/home/claudia/ForestGuard/src/install/husky_controller/share/husky_controller/package.dsv'
[25.119s] INFO:colcon.colcon_core.shell:Creating package script '/home/claudia/ForestGuard/src/install/husky_controller/share/husky_controller/package.sh'
[25.119s] INFO:colcon.colcon_core.shell:Creating package script '/home/claudia/ForestGuard/src/install/husky_controller/share/husky_controller/package.bash'
[25.120s] INFO:colcon.colcon_core.shell:Creating package script '/home/claudia/ForestGuard/src/install/husky_controller/share/husky_controller/package.zsh'
[25.120s] Level 1:colcon.colcon_core.environment:create_file_with_runtime_dependencies(/home/claudia/ForestGuard/src/install/husky_controller/share/colcon-core/packages/husky_controller)
[25.120s] Level 1:colcon.colcon_core.environment:create_environment_scripts_only(husky_controller)
[25.120s] Level 1:colcon.colcon_core.environment:checking '/home/claudia/ForestGuard/src/install/husky_controller' for CMake module files
[25.121s] Level 1:colcon.colcon_core.environment:checking '/home/claudia/ForestGuard/src/install/husky_controller' for CMake config files
[25.121s] Level 1:colcon.colcon_core.shell:create_environment_hook('husky_controller', 'cmake_prefix_path')
[25.121s] INFO:colcon.colcon_core.shell:Creating environment hook '/home/claudia/ForestGuard/src/install/husky_controller/share/husky_controller/hook/cmake_prefix_path.ps1'
[25.122s] INFO:colcon.colcon_core.shell:Creating environment descriptor '/home/claudia/ForestGuard/src/install/husky_controller/share/husky_controller/hook/cmake_prefix_path.dsv'
[25.122s] INFO:colcon.colcon_core.shell:Creating environment hook '/home/claudia/ForestGuard/src/install/husky_controller/share/husky_controller/hook/cmake_prefix_path.sh'
[25.122s] Level 1:colcon.colcon_core.environment:checking '/home/claudia/ForestGuard/src/install/husky_controller/lib'
[25.122s] Level 1:colcon.colcon_core.environment:checking '/home/claudia/ForestGuard/src/install/husky_controller/bin'
[25.122s] Level 1:colcon.colcon_core.environment:checking '/home/claudia/ForestGuard/src/install/husky_controller/lib/pkgconfig/husky_controller.pc'
[25.123s] Level 1:colcon.colcon_core.environment:checking '/home/claudia/ForestGuard/src/install/husky_controller/lib/python3.10/site-packages'
[25.123s] Level 1:colcon.colcon_core.environment:checking '/home/claudia/ForestGuard/src/install/husky_controller/bin'
[25.123s] INFO:colcon.colcon_core.shell:Creating package script '/home/claudia/ForestGuard/src/install/husky_controller/share/husky_controller/package.ps1'
[25.123s] INFO:colcon.colcon_core.shell:Creating package descriptor '/home/claudia/ForestGuard/src/install/husky_controller/share/husky_controller/package.dsv'
[25.124s] INFO:colcon.colcon_core.shell:Creating package script '/home/claudia/ForestGuard/src/install/husky_controller/share/husky_controller/package.sh'
[25.124s] INFO:colcon.colcon_core.shell:Creating package script '/home/claudia/ForestGuard/src/install/husky_controller/share/husky_controller/package.bash'
[25.124s] INFO:colcon.colcon_core.shell:Creating package script '/home/claudia/ForestGuard/src/install/husky_controller/share/husky_controller/package.zsh'
[25.125s] Level 1:colcon.colcon_core.environment:create_file_with_runtime_dependencies(/home/claudia/ForestGuard/src/install/husky_controller/share/colcon-core/packages/husky_controller)
[25.125s] DEBUG:colcon.colcon_parallel_executor.executor.parallel:closing loop
[25.125s] DEBUG:colcon.colcon_parallel_executor.executor.parallel:loop closed
[25.125s] DEBUG:colcon.colcon_parallel_executor.executor.parallel:run_until_complete finished with '0'
[25.125s] DEBUG:colcon.colcon_core.event_reactor:joining thread
[25.131s] INFO:colcon.colcon_core.plugin_system:Skipping extension 'colcon_notification.desktop_notification.terminal_notifier': Not used on non-Darwin systems
[25.131s] INFO:colcon.colcon_core.plugin_system:Skipping extension 'colcon_notification.desktop_notification.win32': Not used on non-Windows systems
[25.131s] INFO:colcon.colcon_notification.desktop_notification:Sending desktop notification using 'notify2'
[25.144s] DEBUG:colcon.colcon_core.event_reactor:joined thread
[25.144s] INFO:colcon.colcon_core.shell:Creating prefix script '/home/claudia/ForestGuard/src/install/local_setup.ps1'
[25.145s] INFO:colcon.colcon_core.shell:Creating prefix util module '/home/claudia/ForestGuard/src/install/_local_setup_util_ps1.py'
[25.146s] INFO:colcon.colcon_core.shell:Creating prefix chain script '/home/claudia/ForestGuard/src/install/setup.ps1'
[25.149s] INFO:colcon.colcon_core.shell:Creating prefix script '/home/claudia/ForestGuard/src/install/local_setup.sh'
[25.149s] INFO:colcon.colcon_core.shell:Creating prefix util module '/home/claudia/ForestGuard/src/install/_local_setup_util_sh.py'
[25.150s] INFO:colcon.colcon_core.shell:Creating prefix chain script '/home/claudia/ForestGuard/src/install/setup.sh'
[25.151s] INFO:colcon.colcon_core.shell:Creating prefix script '/home/claudia/ForestGuard/src/install/local_setup.bash'
[25.152s] INFO:colcon.colcon_core.shell:Creating prefix chain script '/home/claudia/ForestGuard/src/install/setup.bash'
[25.153s] INFO:colcon.colcon_core.shell:Creating prefix script '/home/claudia/ForestGuard/src/install/local_setup.zsh'
[25.153s] INFO:colcon.colcon_core.shell:Creating prefix chain script '/home/claudia/ForestGuard/src/install/setup.zsh'
