[0.245s] DEBUG:colcon:Command line arguments: ['/usr/bin/colcon', 'build']
[0.245s] DEBUG:colcon:Parsed command line arguments: Namespace(log_base=None, log_level=None, verb_name='build', build_base='build', install_base='install', merge_install=False, symlink_install=False, test_result_base=None, continue_on_error=False, executor='parallel', parallel_workers=16, event_handlers=None, ignore_user_meta=False, metas=['./colcon.meta'], base_paths=['.'], packages_ignore=None, packages_ignore_regex=None, paths=None, packages_up_to=None, packages_up_to_regex=None, packages_above=None, packages_above_and_dependencies=None, packages_above_depth=None, packages_select_by_dep=None, packages_skip_by_dep=None, packages_skip_up_to=None, packages_select_build_failed=False, packages_skip_build_finished=False, packages_select_test_failures=False, packages_skip_test_passed=False, packages_select=None, packages_skip=None, packages_select_regex=None, packages_skip_regex=None, packages_start=None, packages_end=None, allow_overriding=[], cmake_args=None, cmake_target=None, cmake_target_skip_unavailable=False, cmake_clean_cache=False, cmake_clean_first=False, cmake_force_configure=False, ament_cmake_args=None, catkin_cmake_args=None, catkin_skip_building_tests=False, verb_parser=<colcon_defaults.argument_parser.defaults.DefaultArgumentsDecorator object at 0x71c0c6c262f0>, verb_extension=<colcon_core.verb.build.BuildVerb object at 0x71c0c6c25de0>, main=<bound method BuildVerb.main of <colcon_core.verb.build.BuildVerb object at 0x71c0c6c25de0>>)
[0.689s] Level 1:colcon.colcon_core.package_discovery:discover_packages(colcon_meta) check parameters
[0.689s] Level 1:colcon.colcon_core.package_discovery:discover_packages(recursive) check parameters
[0.689s] Level 1:colcon.colcon_core.package_discovery:discover_packages(ignore) check parameters
[0.689s] Level 1:colcon.colcon_core.package_discovery:discover_packages(path) check parameters
[0.689s] Level 1:colcon.colcon_core.package_discovery:discover_packages(colcon_meta) discover
[0.690s] Level 1:colcon.colcon_core.package_discovery:discover_packages(recursive) discover
[0.690s] INFO:colcon.colcon_core.package_discovery:Crawling recursively for packages in '/home/claudia/ForestGuard'
[0.690s] Level 1:colcon.colcon_core.package_identification:_identify(.) by extensions ['ignore', 'ignore_ament_install']
[0.690s] Level 1:colcon.colcon_core.package_identification:_identify(.) by extension 'ignore'
[0.690s] Level 1:colcon.colcon_core.package_identification:_identify(.) by extension 'ignore_ament_install'
[0.691s] Level 1:colcon.colcon_core.package_identification:_identify(.) by extensions ['colcon_pkg']
[0.691s] Level 1:colcon.colcon_core.package_identification:_identify(.) by extension 'colcon_pkg'
[0.691s] Level 1:colcon.colcon_core.package_identification:_identify(.) by extensions ['colcon_meta']
[0.691s] Level 1:colcon.colcon_core.package_identification:_identify(.) by extension 'colcon_meta'
[0.691s] Level 1:colcon.colcon_core.package_identification:_identify(.) by extensions ['ros']
[0.691s] Level 1:colcon.colcon_core.package_identification:_identify(.) by extension 'ros'
[0.716s] Level 1:colcon.colcon_core.package_identification:_identify(.) by extensions ['cmake', 'python']
[0.716s] Level 1:colcon.colcon_core.package_identification:_identify(.) by extension 'cmake'
[0.716s] Level 1:colcon.colcon_core.package_identification:_identify(.) by extension 'python'
[0.717s] Level 1:colcon.colcon_core.package_identification:_identify(.) by extensions ['python_setup_py']
[0.717s] Level 1:colcon.colcon_core.package_identification:_identify(.) by extension 'python_setup_py'
[0.717s] Level 1:colcon.colcon_core.package_identification:_identify(build) by extensions ['ignore', 'ignore_ament_install']
[0.717s] Level 1:colcon.colcon_core.package_identification:_identify(build) by extension 'ignore'
[0.717s] Level 1:colcon.colcon_core.package_identification:_identify(build) ignored
[0.718s] Level 1:colcon.colcon_core.package_identification:_identify(install) by extensions ['ignore', 'ignore_ament_install']
[0.718s] Level 1:colcon.colcon_core.package_identification:_identify(install) by extension 'ignore'
[0.718s] Level 1:colcon.colcon_core.package_identification:_identify(install) ignored
[0.719s] Level 1:colcon.colcon_core.package_identification:_identify(log) by extensions ['ignore', 'ignore_ament_install']
[0.719s] Level 1:colcon.colcon_core.package_identification:_identify(log) by extension 'ignore'
[0.719s] Level 1:colcon.colcon_core.package_identification:_identify(log) ignored
[0.719s] Level 1:colcon.colcon_core.package_identification:_identify(src) by extensions ['ignore', 'ignore_ament_install']
[0.719s] Level 1:colcon.colcon_core.package_identification:_identify(src) by extension 'ignore'
[0.719s] Level 1:colcon.colcon_core.package_identification:_identify(src) by extension 'ignore_ament_install'
[0.720s] Level 1:colcon.colcon_core.package_identification:_identify(src) by extensions ['colcon_pkg']
[0.720s] Level 1:colcon.colcon_core.package_identification:_identify(src) by extension 'colcon_pkg'
[0.720s] Level 1:colcon.colcon_core.package_identification:_identify(src) by extensions ['colcon_meta']
[0.720s] Level 1:colcon.colcon_core.package_identification:_identify(src) by extension 'colcon_meta'
[0.720s] Level 1:colcon.colcon_core.package_identification:_identify(src) by extensions ['ros']
[0.720s] Level 1:colcon.colcon_core.package_identification:_identify(src) by extension 'ros'
[0.720s] Level 1:colcon.colcon_core.package_identification:_identify(src) by extensions ['cmake', 'python']
[0.720s] Level 1:colcon.colcon_core.package_identification:_identify(src) by extension 'cmake'
[0.720s] Level 1:colcon.colcon_core.package_identification:_identify(src) by extension 'python'
[0.721s] Level 1:colcon.colcon_core.package_identification:_identify(src) by extensions ['python_setup_py']
[0.721s] Level 1:colcon.colcon_core.package_identification:_identify(src) by extension 'python_setup_py'
[0.721s] Level 1:colcon.colcon_core.package_identification:_identify(src/build) by extensions ['ignore', 'ignore_ament_install']
[0.721s] Level 1:colcon.colcon_core.package_identification:_identify(src/build) by extension 'ignore'
[0.721s] Level 1:colcon.colcon_core.package_identification:_identify(src/build) ignored
[0.721s] Level 1:colcon.colcon_core.package_identification:_identify(src/controller_pkg) by extensions ['ignore', 'ignore_ament_install']
[0.722s] Level 1:colcon.colcon_core.package_identification:_identify(src/controller_pkg) by extension 'ignore'
[0.722s] Level 1:colcon.colcon_core.package_identification:_identify(src/controller_pkg) by extension 'ignore_ament_install'
[0.722s] Level 1:colcon.colcon_core.package_identification:_identify(src/controller_pkg) by extensions ['colcon_pkg']
[0.722s] Level 1:colcon.colcon_core.package_identification:_identify(src/controller_pkg) by extension 'colcon_pkg'
[0.722s] Level 1:colcon.colcon_core.package_identification:_identify(src/controller_pkg) by extensions ['colcon_meta']
[0.722s] Level 1:colcon.colcon_core.package_identification:_identify(src/controller_pkg) by extension 'colcon_meta'
[0.722s] Level 1:colcon.colcon_core.package_identification:_identify(src/controller_pkg) by extensions ['ros']
[0.722s] Level 1:colcon.colcon_core.package_identification:_identify(src/controller_pkg) by extension 'ros'
[0.745s] DEBUG:colcon.colcon_core.package_identification:Package 'src/controller_pkg' with type 'ros.ament_cmake' and name 'controller_pkg'
[0.745s] Level 1:colcon.colcon_core.package_identification:_identify(src/install) by extensions ['ignore', 'ignore_ament_install']
[0.746s] Level 1:colcon.colcon_core.package_identification:_identify(src/install) by extension 'ignore'
[0.746s] Level 1:colcon.colcon_core.package_identification:_identify(src/install) ignored
[0.746s] Level 1:colcon.colcon_core.package_identification:_identify(src/log) by extensions ['ignore', 'ignore_ament_install']
[0.746s] Level 1:colcon.colcon_core.package_identification:_identify(src/log) by extension 'ignore'
[0.746s] Level 1:colcon.colcon_core.package_identification:_identify(src/log) ignored
[0.747s] Level 1:colcon.colcon_core.package_identification:_identify(src/my_drone_pkg) by extensions ['ignore', 'ignore_ament_install']
[0.747s] Level 1:colcon.colcon_core.package_identification:_identify(src/my_drone_pkg) by extension 'ignore'
[0.747s] Level 1:colcon.colcon_core.package_identification:_identify(src/my_drone_pkg) by extension 'ignore_ament_install'
[0.747s] Level 1:colcon.colcon_core.package_identification:_identify(src/my_drone_pkg) by extensions ['colcon_pkg']
[0.747s] Level 1:colcon.colcon_core.package_identification:_identify(src/my_drone_pkg) by extension 'colcon_pkg'
[0.747s] Level 1:colcon.colcon_core.package_identification:_identify(src/my_drone_pkg) by extensions ['colcon_meta']
[0.748s] Level 1:colcon.colcon_core.package_identification:_identify(src/my_drone_pkg) by extension 'colcon_meta'
[0.748s] Level 1:colcon.colcon_core.package_identification:_identify(src/my_drone_pkg) by extensions ['ros']
[0.748s] Level 1:colcon.colcon_core.package_identification:_identify(src/my_drone_pkg) by extension 'ros'
[0.749s] DEBUG:colcon.colcon_core.package_identification:Package 'src/my_drone_pkg' with type 'ros.ament_cmake' and name 'my_drone_pkg'
[0.749s] Level 1:colcon.colcon_core.package_identification:_identify(src/sdf_to_urdf_converter) by extensions ['ignore', 'ignore_ament_install']
[0.750s] Level 1:colcon.colcon_core.package_identification:_identify(src/sdf_to_urdf_converter) by extension 'ignore'
[0.750s] Level 1:colcon.colcon_core.package_identification:_identify(src/sdf_to_urdf_converter) by extension 'ignore_ament_install'
[0.750s] Level 1:colcon.colcon_core.package_identification:_identify(src/sdf_to_urdf_converter) by extensions ['colcon_pkg']
[0.750s] Level 1:colcon.colcon_core.package_identification:_identify(src/sdf_to_urdf_converter) by extension 'colcon_pkg'
[0.750s] Level 1:colcon.colcon_core.package_identification:_identify(src/sdf_to_urdf_converter) by extensions ['colcon_meta']
[0.750s] Level 1:colcon.colcon_core.package_identification:_identify(src/sdf_to_urdf_converter) by extension 'colcon_meta'
[0.750s] Level 1:colcon.colcon_core.package_identification:_identify(src/sdf_to_urdf_converter) by extensions ['ros']
[0.750s] Level 1:colcon.colcon_core.package_identification:_identify(src/sdf_to_urdf_converter) by extension 'ros'
[0.752s] DEBUG:colcon.colcon_core.package_identification:Package 'src/sdf_to_urdf_converter' with type 'ros.ament_cmake' and name 'sdf_to_urdf_converter'
[0.752s] Level 1:colcon.colcon_core.package_discovery:discover_packages(recursive) using defaults
[0.752s] Level 1:colcon.colcon_core.package_discovery:discover_packages(ignore) discover
[0.753s] Level 1:colcon.colcon_core.package_discovery:discover_packages(ignore) using defaults
[0.753s] Level 1:colcon.colcon_core.package_discovery:discover_packages(path) discover
[0.753s] Level 1:colcon.colcon_core.package_discovery:discover_packages(path) using defaults
[0.796s] Level 1:colcon.colcon_core.package_discovery:discover_packages(prefix_path) check parameters
[0.796s] Level 1:colcon.colcon_core.package_discovery:discover_packages(prefix_path) discover
[0.801s] DEBUG:colcon.colcon_installed_package_information.package_discovery:Found 2 installed packages in /home/claudia/rs1_ws/install
[0.803s] DEBUG:colcon.colcon_installed_package_information.package_discovery:Found 11 installed packages in /home/claudia/ros2_ws/install
[0.808s] DEBUG:colcon.colcon_installed_package_information.package_discovery:Found 476 installed packages in /opt/ros/humble
[0.814s] Level 1:colcon.colcon_core.package_discovery:discover_packages(prefix_path) using defaults
[0.961s] Level 5:colcon.colcon_core.verb:set package 'controller_pkg' build argument 'cmake_args' from command line to 'None'
[0.961s] Level 5:colcon.colcon_core.verb:set package 'controller_pkg' build argument 'cmake_target' from command line to 'None'
[0.961s] Level 5:colcon.colcon_core.verb:set package 'controller_pkg' build argument 'cmake_target_skip_unavailable' from command line to 'False'
[0.961s] Level 5:colcon.colcon_core.verb:set package 'controller_pkg' build argument 'cmake_clean_cache' from command line to 'False'
[0.961s] Level 5:colcon.colcon_core.verb:set package 'controller_pkg' build argument 'cmake_clean_first' from command line to 'False'
[0.961s] Level 5:colcon.colcon_core.verb:set package 'controller_pkg' build argument 'cmake_force_configure' from command line to 'False'
[0.962s] Level 5:colcon.colcon_core.verb:set package 'controller_pkg' build argument 'ament_cmake_args' from command line to 'None'
[0.962s] Level 5:colcon.colcon_core.verb:set package 'controller_pkg' build argument 'catkin_cmake_args' from command line to 'None'
[0.962s] Level 5:colcon.colcon_core.verb:set package 'controller_pkg' build argument 'catkin_skip_building_tests' from command line to 'False'
[0.962s] DEBUG:colcon.colcon_core.verb:Building package 'controller_pkg' with the following arguments: {'ament_cmake_args': None, 'build_base': '/home/claudia/ForestGuard/build/controller_pkg', 'catkin_cmake_args': None, 'catkin_skip_building_tests': False, 'cmake_args': None, 'cmake_clean_cache': False, 'cmake_clean_first': False, 'cmake_force_configure': False, 'cmake_target': None, 'cmake_target_skip_unavailable': False, 'install_base': '/home/claudia/ForestGuard/install/controller_pkg', 'merge_install': False, 'path': '/home/claudia/ForestGuard/src/controller_pkg', 'symlink_install': False, 'test_result_base': None}
[0.963s] Level 5:colcon.colcon_core.verb:set package 'my_drone_pkg' build argument 'cmake_args' from command line to 'None'
[0.963s] Level 5:colcon.colcon_core.verb:set package 'my_drone_pkg' build argument 'cmake_target' from command line to 'None'
[0.963s] Level 5:colcon.colcon_core.verb:set package 'my_drone_pkg' build argument 'cmake_target_skip_unavailable' from command line to 'False'
[0.963s] Level 5:colcon.colcon_core.verb:set package 'my_drone_pkg' build argument 'cmake_clean_cache' from command line to 'False'
[0.963s] Level 5:colcon.colcon_core.verb:set package 'my_drone_pkg' build argument 'cmake_clean_first' from command line to 'False'
[0.963s] Level 5:colcon.colcon_core.verb:set package 'my_drone_pkg' build argument 'cmake_force_configure' from command line to 'False'
[0.963s] Level 5:colcon.colcon_core.verb:set package 'my_drone_pkg' build argument 'ament_cmake_args' from command line to 'None'
[0.963s] Level 5:colcon.colcon_core.verb:set package 'my_drone_pkg' build argument 'catkin_cmake_args' from command line to 'None'
[0.963s] Level 5:colcon.colcon_core.verb:set package 'my_drone_pkg' build argument 'catkin_skip_building_tests' from command line to 'False'
[0.963s] DEBUG:colcon.colcon_core.verb:Building package 'my_drone_pkg' with the following arguments: {'ament_cmake_args': None, 'build_base': '/home/claudia/ForestGuard/build/my_drone_pkg', 'catkin_cmake_args': None, 'catkin_skip_building_tests': False, 'cmake_args': None, 'cmake_clean_cache': False, 'cmake_clean_first': False, 'cmake_force_configure': False, 'cmake_target': None, 'cmake_target_skip_unavailable': False, 'install_base': '/home/claudia/ForestGuard/install/my_drone_pkg', 'merge_install': False, 'path': '/home/claudia/ForestGuard/src/my_drone_pkg', 'symlink_install': False, 'test_result_base': None}
[0.964s] Level 5:colcon.colcon_core.verb:set package 'sdf_to_urdf_converter' build argument 'cmake_args' from command line to 'None'
[0.964s] Level 5:colcon.colcon_core.verb:set package 'sdf_to_urdf_converter' build argument 'cmake_target' from command line to 'None'
[0.964s] Level 5:colcon.colcon_core.verb:set package 'sdf_to_urdf_converter' build argument 'cmake_target_skip_unavailable' from command line to 'False'
[0.964s] Level 5:colcon.colcon_core.verb:set package 'sdf_to_urdf_converter' build argument 'cmake_clean_cache' from command line to 'False'
[0.964s] Level 5:colcon.colcon_core.verb:set package 'sdf_to_urdf_converter' build argument 'cmake_clean_first' from command line to 'False'
[0.964s] Level 5:colcon.colcon_core.verb:set package 'sdf_to_urdf_converter' build argument 'cmake_force_configure' from command line to 'False'
[0.964s] Level 5:colcon.colcon_core.verb:set package 'sdf_to_urdf_converter' build argument 'ament_cmake_args' from command line to 'None'
[0.964s] Level 5:colcon.colcon_core.verb:set package 'sdf_to_urdf_converter' build argument 'catkin_cmake_args' from command line to 'None'
[0.964s] Level 5:colcon.colcon_core.verb:set package 'sdf_to_urdf_converter' build argument 'catkin_skip_building_tests' from command line to 'False'
[0.965s] DEBUG:colcon.colcon_core.verb:Building package 'sdf_to_urdf_converter' with the following arguments: {'ament_cmake_args': None, 'build_base': '/home/claudia/ForestGuard/build/sdf_to_urdf_converter', 'catkin_cmake_args': None, 'catkin_skip_building_tests': False, 'cmake_args': None, 'cmake_clean_cache': False, 'cmake_clean_first': False, 'cmake_force_configure': False, 'cmake_target': None, 'cmake_target_skip_unavailable': False, 'install_base': '/home/claudia/ForestGuard/install/sdf_to_urdf_converter', 'merge_install': False, 'path': '/home/claudia/ForestGuard/src/sdf_to_urdf_converter', 'symlink_install': False, 'test_result_base': None}
[0.965s] INFO:colcon.colcon_core.executor:Executing jobs using 'parallel' executor
[0.967s] DEBUG:colcon.colcon_parallel_executor.executor.parallel:run_until_complete
[0.968s] INFO:colcon.colcon_ros.task.ament_cmake.build:Building ROS package in '/home/claudia/ForestGuard/src/controller_pkg' with build type 'ament_cmake'
[0.968s] INFO:colcon.colcon_cmake.task.cmake.build:Building CMake package in '/home/claudia/ForestGuard/src/controller_pkg'
[0.973s] INFO:colcon.colcon_core.plugin_system:Skipping extension 'colcon_core.shell.bat': Not used on non-Windows systems
[0.973s] INFO:colcon.colcon_core.shell:Skip shell extension 'powershell' for command environment: Not usable outside of PowerShell
[0.974s] DEBUG:colcon.colcon_core.shell:Skip shell extension 'dsv' for command environment
[0.986s] INFO:colcon.colcon_ros.task.ament_cmake.build:Building ROS package in '/home/claudia/ForestGuard/src/my_drone_pkg' with build type 'ament_cmake'
[0.987s] INFO:colcon.colcon_cmake.task.cmake.build:Building CMake package in '/home/claudia/ForestGuard/src/my_drone_pkg'
[0.987s] INFO:colcon.colcon_core.shell:Skip shell extension 'powershell' for command environment: Not usable outside of PowerShell
[0.987s] DEBUG:colcon.colcon_core.shell:Skip shell extension 'dsv' for command environment
[1.000s] INFO:colcon.colcon_ros.task.ament_cmake.build:Building ROS package in '/home/claudia/ForestGuard/src/sdf_to_urdf_converter' with build type 'ament_cmake'
[1.000s] INFO:colcon.colcon_cmake.task.cmake.build:Building CMake package in '/home/claudia/ForestGuard/src/sdf_to_urdf_converter'
[1.001s] INFO:colcon.colcon_core.shell:Skip shell extension 'powershell' for command environment: Not usable outside of PowerShell
[1.001s] DEBUG:colcon.colcon_core.shell:Skip shell extension 'dsv' for command environment
[1.026s] DEBUG:colcon.colcon_core.event_handler.log_command:Invoking command in '/home/claudia/ForestGuard/build/controller_pkg': CMAKE_PREFIX_PATH=${CMAKE_PREFIX_PATH}:/home/claudia/ros2_ws/install/examples_rclcpp_minimal_publisher:/home/claudia/ros2_ws/install/a3_support:/opt/ros/humble /usr/bin/cmake --build /home/claudia/ForestGuard/build/controller_pkg -- -j16 -l16
[1.037s] DEBUG:colcon.colcon_core.event_handler.log_command:Invoking command in '/home/claudia/ForestGuard/build/my_drone_pkg': CMAKE_PREFIX_PATH=${CMAKE_PREFIX_PATH}:/home/claudia/ros2_ws/install/examples_rclcpp_minimal_publisher:/home/claudia/ros2_ws/install/a3_support:/opt/ros/humble /usr/bin/cmake --build /home/claudia/ForestGuard/build/my_drone_pkg -- -j16 -l16
[1.045s] DEBUG:colcon.colcon_core.event_handler.log_command:Invoking command in '/home/claudia/ForestGuard/build/sdf_to_urdf_converter': CMAKE_PREFIX_PATH=${CMAKE_PREFIX_PATH}:/home/claudia/ros2_ws/install/examples_rclcpp_minimal_publisher:/home/claudia/ros2_ws/install/a3_support:/opt/ros/humble /usr/bin/cmake --build /home/claudia/ForestGuard/build/sdf_to_urdf_converter -- -j16 -l16
[1.129s] DEBUG:colcon.colcon_core.event_handler.log_command:Invoked command in '/home/claudia/ForestGuard/build/my_drone_pkg' returned '0': CMAKE_PREFIX_PATH=${CMAKE_PREFIX_PATH}:/home/claudia/ros2_ws/install/examples_rclcpp_minimal_publisher:/home/claudia/ros2_ws/install/a3_support:/opt/ros/humble /usr/bin/cmake --build /home/claudia/ForestGuard/build/my_drone_pkg -- -j16 -l16
[1.144s] DEBUG:colcon.colcon_core.event_handler.log_command:Invoking command in '/home/claudia/ForestGuard/build/my_drone_pkg': CMAKE_PREFIX_PATH=${CMAKE_PREFIX_PATH}:/home/claudia/ros2_ws/install/examples_rclcpp_minimal_publisher:/home/claudia/ros2_ws/install/a3_support:/opt/ros/humble /usr/bin/cmake --install /home/claudia/ForestGuard/build/my_drone_pkg
[1.168s] Level 1:colcon.colcon_core.environment:create_environment_scripts_only(my_drone_pkg)
[1.172s] DEBUG:colcon.colcon_core.event_handler.log_command:Invoked command in '/home/claudia/ForestGuard/build/sdf_to_urdf_converter' returned '0': CMAKE_PREFIX_PATH=${CMAKE_PREFIX_PATH}:/home/claudia/ros2_ws/install/examples_rclcpp_minimal_publisher:/home/claudia/ros2_ws/install/a3_support:/opt/ros/humble /usr/bin/cmake --build /home/claudia/ForestGuard/build/sdf_to_urdf_converter -- -j16 -l16
[1.173s] DEBUG:colcon.colcon_core.event_handler.log_command:Invoking command in '/home/claudia/ForestGuard/build/sdf_to_urdf_converter': CMAKE_PREFIX_PATH=${CMAKE_PREFIX_PATH}:/home/claudia/ros2_ws/install/examples_rclcpp_minimal_publisher:/home/claudia/ros2_ws/install/a3_support:/opt/ros/humble /usr/bin/cmake --install /home/claudia/ForestGuard/build/sdf_to_urdf_converter
[1.174s] DEBUG:colcon.colcon_core.event_handler.log_command:Invoked command in '/home/claudia/ForestGuard/build/my_drone_pkg' returned '0': CMAKE_PREFIX_PATH=${CMAKE_PREFIX_PATH}:/home/claudia/ros2_ws/install/examples_rclcpp_minimal_publisher:/home/claudia/ros2_ws/install/a3_support:/opt/ros/humble /usr/bin/cmake --install /home/claudia/ForestGuard/build/my_drone_pkg
[1.186s] Level 1:colcon.colcon_core.environment:checking '/home/claudia/ForestGuard/install/my_drone_pkg' for CMake module files
[1.187s] Level 1:colcon.colcon_core.environment:checking '/home/claudia/ForestGuard/install/my_drone_pkg' for CMake config files
[1.188s] Level 1:colcon.colcon_core.shell:create_environment_hook('my_drone_pkg', 'cmake_prefix_path')
[1.188s] INFO:colcon.colcon_core.shell:Creating environment hook '/home/claudia/ForestGuard/install/my_drone_pkg/share/my_drone_pkg/hook/cmake_prefix_path.ps1'
[1.190s] INFO:colcon.colcon_core.shell:Creating environment descriptor '/home/claudia/ForestGuard/install/my_drone_pkg/share/my_drone_pkg/hook/cmake_prefix_path.dsv'
[1.191s] INFO:colcon.colcon_core.shell:Creating environment hook '/home/claudia/ForestGuard/install/my_drone_pkg/share/my_drone_pkg/hook/cmake_prefix_path.sh'
[1.193s] Level 1:colcon.colcon_core.environment:checking '/home/claudia/ForestGuard/install/my_drone_pkg/lib'
[1.193s] Level 1:colcon.colcon_core.environment:checking '/home/claudia/ForestGuard/install/my_drone_pkg/bin'
[1.193s] Level 1:colcon.colcon_core.environment:checking '/home/claudia/ForestGuard/install/my_drone_pkg/lib/pkgconfig/my_drone_pkg.pc'
[1.194s] Level 1:colcon.colcon_core.environment:checking '/home/claudia/ForestGuard/install/my_drone_pkg/lib/python3.10/site-packages'
[1.194s] Level 1:colcon.colcon_core.environment:checking '/home/claudia/ForestGuard/install/my_drone_pkg/bin'
[1.195s] INFO:colcon.colcon_core.shell:Creating package script '/home/claudia/ForestGuard/install/my_drone_pkg/share/my_drone_pkg/package.ps1'
[1.196s] INFO:colcon.colcon_core.shell:Creating package descriptor '/home/claudia/ForestGuard/install/my_drone_pkg/share/my_drone_pkg/package.dsv'
[1.198s] INFO:colcon.colcon_core.shell:Creating package script '/home/claudia/ForestGuard/install/my_drone_pkg/share/my_drone_pkg/package.sh'
[1.199s] INFO:colcon.colcon_core.shell:Creating package script '/home/claudia/ForestGuard/install/my_drone_pkg/share/my_drone_pkg/package.bash'
[1.201s] INFO:colcon.colcon_core.shell:Creating package script '/home/claudia/ForestGuard/install/my_drone_pkg/share/my_drone_pkg/package.zsh'
[1.203s] Level 1:colcon.colcon_core.environment:create_file_with_runtime_dependencies(/home/claudia/ForestGuard/install/my_drone_pkg/share/colcon-core/packages/my_drone_pkg)
[1.204s] Level 1:colcon.colcon_core.environment:create_environment_scripts_only(my_drone_pkg)
[1.205s] Level 1:colcon.colcon_core.environment:checking '/home/claudia/ForestGuard/install/my_drone_pkg' for CMake module files
[1.206s] Level 1:colcon.colcon_core.environment:checking '/home/claudia/ForestGuard/install/my_drone_pkg' for CMake config files
[1.207s] Level 1:colcon.colcon_core.shell:create_environment_hook('my_drone_pkg', 'cmake_prefix_path')
[1.207s] INFO:colcon.colcon_core.shell:Creating environment hook '/home/claudia/ForestGuard/install/my_drone_pkg/share/my_drone_pkg/hook/cmake_prefix_path.ps1'
[1.208s] INFO:colcon.colcon_core.shell:Creating environment descriptor '/home/claudia/ForestGuard/install/my_drone_pkg/share/my_drone_pkg/hook/cmake_prefix_path.dsv'
[1.209s] INFO:colcon.colcon_core.shell:Creating environment hook '/home/claudia/ForestGuard/install/my_drone_pkg/share/my_drone_pkg/hook/cmake_prefix_path.sh'
[1.210s] Level 1:colcon.colcon_core.environment:checking '/home/claudia/ForestGuard/install/my_drone_pkg/lib'
[1.210s] Level 1:colcon.colcon_core.environment:checking '/home/claudia/ForestGuard/install/my_drone_pkg/bin'
[1.211s] Level 1:colcon.colcon_core.environment:checking '/home/claudia/ForestGuard/install/my_drone_pkg/lib/pkgconfig/my_drone_pkg.pc'
[1.211s] Level 1:colcon.colcon_core.environment:checking '/home/claudia/ForestGuard/install/my_drone_pkg/lib/python3.10/site-packages'
[1.212s] Level 1:colcon.colcon_core.environment:checking '/home/claudia/ForestGuard/install/my_drone_pkg/bin'
[1.212s] INFO:colcon.colcon_core.shell:Creating package script '/home/claudia/ForestGuard/install/my_drone_pkg/share/my_drone_pkg/package.ps1'
[1.213s] INFO:colcon.colcon_core.shell:Creating package descriptor '/home/claudia/ForestGuard/install/my_drone_pkg/share/my_drone_pkg/package.dsv'
[1.215s] INFO:colcon.colcon_core.shell:Creating package script '/home/claudia/ForestGuard/install/my_drone_pkg/share/my_drone_pkg/package.sh'
[1.216s] INFO:colcon.colcon_core.shell:Creating package script '/home/claudia/ForestGuard/install/my_drone_pkg/share/my_drone_pkg/package.bash'
[1.217s] INFO:colcon.colcon_core.shell:Creating package script '/home/claudia/ForestGuard/install/my_drone_pkg/share/my_drone_pkg/package.zsh'
[1.218s] Level 1:colcon.colcon_core.environment:create_file_with_runtime_dependencies(/home/claudia/ForestGuard/install/my_drone_pkg/share/colcon-core/packages/my_drone_pkg)
[1.221s] Level 1:colcon.colcon_core.environment:create_environment_scripts_only(sdf_to_urdf_converter)
[1.222s] Level 1:colcon.colcon_core.environment:checking '/home/claudia/ForestGuard/install/sdf_to_urdf_converter' for CMake module files
[1.222s] DEBUG:colcon.colcon_core.event_handler.log_command:Invoked command in '/home/claudia/ForestGuard/build/sdf_to_urdf_converter' returned '0': CMAKE_PREFIX_PATH=${CMAKE_PREFIX_PATH}:/home/claudia/ros2_ws/install/examples_rclcpp_minimal_publisher:/home/claudia/ros2_ws/install/a3_support:/opt/ros/humble /usr/bin/cmake --install /home/claudia/ForestGuard/build/sdf_to_urdf_converter
[1.224s] Level 1:colcon.colcon_core.environment:checking '/home/claudia/ForestGuard/install/sdf_to_urdf_converter' for CMake config files
[1.225s] Level 1:colcon.colcon_core.shell:create_environment_hook('sdf_to_urdf_converter', 'cmake_prefix_path')
[1.225s] INFO:colcon.colcon_core.shell:Creating environment hook '/home/claudia/ForestGuard/install/sdf_to_urdf_converter/share/sdf_to_urdf_converter/hook/cmake_prefix_path.ps1'
[1.226s] INFO:colcon.colcon_core.shell:Creating environment descriptor '/home/claudia/ForestGuard/install/sdf_to_urdf_converter/share/sdf_to_urdf_converter/hook/cmake_prefix_path.dsv'
[1.227s] INFO:colcon.colcon_core.shell:Creating environment hook '/home/claudia/ForestGuard/install/sdf_to_urdf_converter/share/sdf_to_urdf_converter/hook/cmake_prefix_path.sh'
[1.228s] Level 1:colcon.colcon_core.environment:checking '/home/claudia/ForestGuard/install/sdf_to_urdf_converter/lib'
[1.229s] Level 1:colcon.colcon_core.environment:checking '/home/claudia/ForestGuard/install/sdf_to_urdf_converter/bin'
[1.229s] Level 1:colcon.colcon_core.environment:checking '/home/claudia/ForestGuard/install/sdf_to_urdf_converter/lib/pkgconfig/sdf_to_urdf_converter.pc'
[1.230s] Level 1:colcon.colcon_core.environment:checking '/home/claudia/ForestGuard/install/sdf_to_urdf_converter/lib/python3.10/site-packages'
[1.230s] Level 1:colcon.colcon_core.environment:checking '/home/claudia/ForestGuard/install/sdf_to_urdf_converter/bin'
[1.231s] INFO:colcon.colcon_core.shell:Creating package script '/home/claudia/ForestGuard/install/sdf_to_urdf_converter/share/sdf_to_urdf_converter/package.ps1'
[1.232s] INFO:colcon.colcon_core.shell:Creating package descriptor '/home/claudia/ForestGuard/install/sdf_to_urdf_converter/share/sdf_to_urdf_converter/package.dsv'
[1.233s] INFO:colcon.colcon_core.shell:Creating package script '/home/claudia/ForestGuard/install/sdf_to_urdf_converter/share/sdf_to_urdf_converter/package.sh'
[1.234s] INFO:colcon.colcon_core.shell:Creating package script '/home/claudia/ForestGuard/install/sdf_to_urdf_converter/share/sdf_to_urdf_converter/package.bash'
[1.235s] INFO:colcon.colcon_core.shell:Creating package script '/home/claudia/ForestGuard/install/sdf_to_urdf_converter/share/sdf_to_urdf_converter/package.zsh'
[1.236s] Level 1:colcon.colcon_core.environment:create_file_with_runtime_dependencies(/home/claudia/ForestGuard/install/sdf_to_urdf_converter/share/colcon-core/packages/sdf_to_urdf_converter)
[1.238s] Level 1:colcon.colcon_core.environment:create_environment_scripts_only(sdf_to_urdf_converter)
[1.238s] Level 1:colcon.colcon_core.environment:checking '/home/claudia/ForestGuard/install/sdf_to_urdf_converter' for CMake module files
[1.239s] Level 1:colcon.colcon_core.environment:checking '/home/claudia/ForestGuard/install/sdf_to_urdf_converter' for CMake config files
[1.240s] Level 1:colcon.colcon_core.shell:create_environment_hook('sdf_to_urdf_converter', 'cmake_prefix_path')
[1.240s] INFO:colcon.colcon_core.shell:Creating environment hook '/home/claudia/ForestGuard/install/sdf_to_urdf_converter/share/sdf_to_urdf_converter/hook/cmake_prefix_path.ps1'
[1.241s] INFO:colcon.colcon_core.shell:Creating environment descriptor '/home/claudia/ForestGuard/install/sdf_to_urdf_converter/share/sdf_to_urdf_converter/hook/cmake_prefix_path.dsv'
[1.242s] INFO:colcon.colcon_core.shell:Creating environment hook '/home/claudia/ForestGuard/install/sdf_to_urdf_converter/share/sdf_to_urdf_converter/hook/cmake_prefix_path.sh'
[1.244s] Level 1:colcon.colcon_core.environment:checking '/home/claudia/ForestGuard/install/sdf_to_urdf_converter/lib'
[1.244s] Level 1:colcon.colcon_core.environment:checking '/home/claudia/ForestGuard/install/sdf_to_urdf_converter/bin'
[1.244s] Level 1:colcon.colcon_core.environment:checking '/home/claudia/ForestGuard/install/sdf_to_urdf_converter/lib/pkgconfig/sdf_to_urdf_converter.pc'
[1.245s] Level 1:colcon.colcon_core.environment:checking '/home/claudia/ForestGuard/install/sdf_to_urdf_converter/lib/python3.10/site-packages'
[1.245s] Level 1:colcon.colcon_core.environment:checking '/home/claudia/ForestGuard/install/sdf_to_urdf_converter/bin'
[1.246s] INFO:colcon.colcon_core.shell:Creating package script '/home/claudia/ForestGuard/install/sdf_to_urdf_converter/share/sdf_to_urdf_converter/package.ps1'
[1.247s] INFO:colcon.colcon_core.shell:Creating package descriptor '/home/claudia/ForestGuard/install/sdf_to_urdf_converter/share/sdf_to_urdf_converter/package.dsv'
[1.248s] INFO:colcon.colcon_core.shell:Creating package script '/home/claudia/ForestGuard/install/sdf_to_urdf_converter/share/sdf_to_urdf_converter/package.sh'
[1.249s] INFO:colcon.colcon_core.shell:Creating package script '/home/claudia/ForestGuard/install/sdf_to_urdf_converter/share/sdf_to_urdf_converter/package.bash'
[1.250s] INFO:colcon.colcon_core.shell:Creating package script '/home/claudia/ForestGuard/install/sdf_to_urdf_converter/share/sdf_to_urdf_converter/package.zsh'
[1.251s] Level 1:colcon.colcon_core.environment:create_file_with_runtime_dependencies(/home/claudia/ForestGuard/install/sdf_to_urdf_converter/share/colcon-core/packages/sdf_to_urdf_converter)
[2.626s] DEBUG:colcon.colcon_core.event_handler.log_command:Invoked command in '/home/claudia/ForestGuard/build/controller_pkg' returned '2': CMAKE_PREFIX_PATH=${CMAKE_PREFIX_PATH}:/home/claudia/ros2_ws/install/examples_rclcpp_minimal_publisher:/home/claudia/ros2_ws/install/a3_support:/opt/ros/humble /usr/bin/cmake --build /home/claudia/ForestGuard/build/controller_pkg -- -j16 -l16
[2.627s] Level 1:colcon.colcon_core.environment:create_environment_scripts_only(controller_pkg)
[2.628s] Level 1:colcon.colcon_core.environment:checking '/home/claudia/ForestGuard/install/controller_pkg' for CMake module files
[2.629s] Level 1:colcon.colcon_core.environment:checking '/home/claudia/ForestGuard/install/controller_pkg' for CMake config files
[2.629s] Level 1:colcon.colcon_core.shell:create_environment_hook('controller_pkg', 'cmake_prefix_path')
[2.630s] INFO:colcon.colcon_core.shell:Creating environment hook '/home/claudia/ForestGuard/install/controller_pkg/share/controller_pkg/hook/cmake_prefix_path.ps1'
[2.631s] INFO:colcon.colcon_core.shell:Creating environment descriptor '/home/claudia/ForestGuard/install/controller_pkg/share/controller_pkg/hook/cmake_prefix_path.dsv'
[2.632s] INFO:colcon.colcon_core.shell:Creating environment hook '/home/claudia/ForestGuard/install/controller_pkg/share/controller_pkg/hook/cmake_prefix_path.sh'
[2.633s] Level 1:colcon.colcon_core.environment:checking '/home/claudia/ForestGuard/install/controller_pkg/bin'
[2.633s] Level 1:colcon.colcon_core.environment:checking '/home/claudia/ForestGuard/install/controller_pkg/lib/pkgconfig/controller_pkg.pc'
[2.634s] Level 1:colcon.colcon_core.environment:checking '/home/claudia/ForestGuard/install/controller_pkg/lib/python3.10/site-packages'
[2.634s] Level 1:colcon.colcon_core.environment:checking '/home/claudia/ForestGuard/install/controller_pkg/bin'
[2.635s] INFO:colcon.colcon_core.shell:Creating package script '/home/claudia/ForestGuard/install/controller_pkg/share/controller_pkg/package.ps1'
[2.636s] INFO:colcon.colcon_core.shell:Creating package descriptor '/home/claudia/ForestGuard/install/controller_pkg/share/controller_pkg/package.dsv'
[2.637s] INFO:colcon.colcon_core.shell:Creating package script '/home/claudia/ForestGuard/install/controller_pkg/share/controller_pkg/package.sh'
[2.638s] INFO:colcon.colcon_core.shell:Creating package script '/home/claudia/ForestGuard/install/controller_pkg/share/controller_pkg/package.bash'
[2.639s] INFO:colcon.colcon_core.shell:Creating package script '/home/claudia/ForestGuard/install/controller_pkg/share/controller_pkg/package.zsh'
[2.640s] Level 1:colcon.colcon_core.environment:create_file_with_runtime_dependencies(/home/claudia/ForestGuard/install/controller_pkg/share/colcon-core/packages/controller_pkg)
[2.651s] DEBUG:colcon.colcon_parallel_executor.executor.parallel:closing loop
[2.651s] DEBUG:colcon.colcon_parallel_executor.executor.parallel:loop closed
[2.651s] DEBUG:colcon.colcon_parallel_executor.executor.parallel:run_until_complete finished with '2'
[2.651s] DEBUG:colcon.colcon_core.event_reactor:joining thread
[2.663s] INFO:colcon.colcon_core.plugin_system:Skipping extension 'colcon_notification.desktop_notification.terminal_notifier': Not used on non-Darwin systems
[2.663s] INFO:colcon.colcon_core.plugin_system:Skipping extension 'colcon_notification.desktop_notification.win32': Not used on non-Windows systems
[2.663s] INFO:colcon.colcon_notification.desktop_notification:Sending desktop notification using 'notify2'
[2.688s] DEBUG:colcon.colcon_core.event_reactor:joined thread
[2.689s] INFO:colcon.colcon_core.shell:Creating prefix script '/home/claudia/ForestGuard/install/local_setup.ps1'
[2.691s] INFO:colcon.colcon_core.shell:Creating prefix util module '/home/claudia/ForestGuard/install/_local_setup_util_ps1.py'
[2.694s] INFO:colcon.colcon_core.shell:Creating prefix chain script '/home/claudia/ForestGuard/install/setup.ps1'
[2.698s] INFO:colcon.colcon_core.shell:Creating prefix script '/home/claudia/ForestGuard/install/local_setup.sh'
[2.699s] INFO:colcon.colcon_core.shell:Creating prefix util module '/home/claudia/ForestGuard/install/_local_setup_util_sh.py'
[2.700s] INFO:colcon.colcon_core.shell:Creating prefix chain script '/home/claudia/ForestGuard/install/setup.sh'
[2.704s] INFO:colcon.colcon_core.shell:Creating prefix script '/home/claudia/ForestGuard/install/local_setup.bash'
[2.705s] INFO:colcon.colcon_core.shell:Creating prefix chain script '/home/claudia/ForestGuard/install/setup.bash'
[2.709s] INFO:colcon.colcon_core.shell:Creating prefix script '/home/claudia/ForestGuard/install/local_setup.zsh'
[2.710s] INFO:colcon.colcon_core.shell:Creating prefix chain script '/home/claudia/ForestGuard/install/setup.zsh'
