[0.134s] Invoking command in '/home/john/git/RS1/john_branch/build/forestguard_localisation': CMAKE_PREFIX_PATH=${CMAKE_PREFIX_PATH}:/home/john/git/RS1/john_branch/install/forestguard_ui:/home/john/git/RS1/john_branch/install/forestguard_colour:/opt/ros/humble /usr/bin/cmake /home/john/git/RS1/john_branch/src/forestguard_localisation -DAMENT_CMAKE_SYMLINK_INSTALL=1 -DCMAKE_INSTALL_PREFIX=/home/john/git/RS1/john_branch/install/forestguard_localisation
[0.262s] -- The C compiler identification is GNU 11.4.0
[0.262s] -- The CXX compiler identification is GNU 11.4.0
[0.262s] -- Detecting C compiler ABI info
[0.262s] -- Detecting C compiler ABI info - done
[0.262s] -- Check for working C compiler: /usr/bin/cc - skipped
[0.262s] -- Detecting C compile features
[0.262s] -- Detecting C compile features - done
[0.262s] -- Detecting CXX compiler ABI info
[0.300s] -- Detecting CXX compiler ABI info - done
[0.304s] -- Check for working CXX compiler: /usr/bin/c++ - skipped
[0.304s] -- Detecting CXX compile features
[0.304s] -- Detecting CXX compile features - done
[0.305s] -- Found ament_cmake: 1.3.12 (/opt/ros/humble/share/ament_cmake/cmake)
[0.430s] -- Found Python3: /usr/bin/python3 (found version "3.10.12") found components: Interpreter 
[0.469s] -- Override CMake install command with custom implementation using symlinks instead of copying resources
[0.492s] -- Found rclcpp: 16.0.15 (/opt/ros/humble/share/rclcpp/cmake)
[0.514s] -- Found rosidl_generator_c: 3.1.7 (/opt/ros/humble/share/rosidl_generator_c/cmake)
[0.517s] -- Found rosidl_adapter: 3.1.7 (/opt/ros/humble/share/rosidl_adapter/cmake)
[0.521s] -- Found rosidl_generator_cpp: 3.1.7 (/opt/ros/humble/share/rosidl_generator_cpp/cmake)
[0.528s] -- Using all available rosidl_typesupport_c: rosidl_typesupport_fastrtps_c;rosidl_typesupport_introspection_c
[0.536s] -- Using all available rosidl_typesupport_cpp: rosidl_typesupport_fastrtps_cpp;rosidl_typesupport_introspection_cpp
[0.560s] -- Found rmw_implementation_cmake: 6.1.2 (/opt/ros/humble/share/rmw_implementation_cmake/cmake)
[0.561s] -- Found rmw_fastrtps_cpp: 6.2.9 (/opt/ros/humble/share/rmw_fastrtps_cpp/cmake)
[0.616s] -- Found OpenSSL: /usr/lib/x86_64-linux-gnu/libcrypto.so (found version "3.0.2")  
[0.634s] -- Found FastRTPS: /opt/ros/humble/include  
[0.661s] -- Using RMW implementation 'rmw_fastrtps_cpp' as default
[0.669s] -- Looking for pthread.h
[0.715s] -- Looking for pthread.h - found
[0.715s] -- Performing Test CMAKE_HAVE_LIBC_PTHREAD
[0.767s] -- Performing Test CMAKE_HAVE_LIBC_PTHREAD - Success
[0.768s] -- Found Threads: TRUE  
[0.795s] -- Found geometry_msgs: 4.9.0 (/opt/ros/humble/share/geometry_msgs/cmake)
[0.803s] -- Found nav_msgs: 4.9.0 (/opt/ros/humble/share/nav_msgs/cmake)
[0.813s] -- Found tf2_ros: 0.25.16 (/opt/ros/humble/share/tf2_ros/cmake)
[0.869s] -- Found ament_cmake_ros: 0.10.0 (/opt/ros/humble/share/ament_cmake_ros/cmake)
[0.873s] -- Found rosbag2_cpp: 0.15.15 (/opt/ros/humble/share/rosbag2_cpp/cmake)
[0.891s] -- Found ament_lint_auto: 0.12.14 (/opt/ros/humble/share/ament_lint_auto/cmake)
[0.938s] -- Added test 'cppcheck' to perform static code analysis on C / C++ code
[0.938s] -- Configured cppcheck include dirs: $<BUILD_INTERFACE:/home/john/git/RS1/john_branch/src/forestguard_localisation/include>
[0.938s] -- Configured cppcheck exclude dirs and/or files: 
[0.938s] -- Added test 'lint_cmake' to check CMake code style
[0.938s] -- Added test 'uncrustify' to check C / C++ code style
[0.938s] -- Configured uncrustify additional arguments: 
[0.939s] -- Added test 'xmllint' to check XML markup files
[0.939s] -- Configuring done
[0.945s] -- Generating done
[0.947s] -- Build files have been written to: /home/john/git/RS1/john_branch/build/forestguard_localisation
[0.953s] Invoked command in '/home/john/git/RS1/john_branch/build/forestguard_localisation' returned '0': CMAKE_PREFIX_PATH=${CMAKE_PREFIX_PATH}:/home/john/git/RS1/john_branch/install/forestguard_ui:/home/john/git/RS1/john_branch/install/forestguard_colour:/opt/ros/humble /usr/bin/cmake /home/john/git/RS1/john_branch/src/forestguard_localisation -DAMENT_CMAKE_SYMLINK_INSTALL=1 -DCMAKE_INSTALL_PREFIX=/home/john/git/RS1/john_branch/install/forestguard_localisation
[0.954s] Invoking command in '/home/john/git/RS1/john_branch/build/forestguard_localisation': CMAKE_PREFIX_PATH=${CMAKE_PREFIX_PATH}:/home/john/git/RS1/john_branch/install/forestguard_ui:/home/john/git/RS1/john_branch/install/forestguard_colour:/opt/ros/humble /usr/bin/cmake --build /home/john/git/RS1/john_branch/build/forestguard_localisation -- -j20 -l20
[0.989s] [ 33%] [32mBuilding CXX object CMakeFiles/forestguard_localisation.dir/src/main_amcl.cpp.o[0m
[0.990s] [ 66%] [32mBuilding CXX object CMakeFiles/forestguard_localisation.dir/src/amcl_localisation.cpp.o[0m
[0.993s] [01m[K/home/john/git/RS1/john_branch/src/forestguard_localisation/src/main_amcl.cpp:1:10:[m[K [01;31m[Kfatal error: [m[Kforestguard_localisation/amcl_localisation.h: No such file or directory
[0.993s]     1 | #include [01;31m[K"forestguard_localisation/amcl_localisation.h"[m[K
[0.993s]       |          [01;31m[K^~~~~~~~~~~~~~~~~~~~~~~~~~~~~~~~~~~~~~~~~~~~~~[m[K
[0.993s] compilation terminated.
[0.994s] gmake[2]: *** [CMakeFiles/forestguard_localisation.dir/build.make:90: CMakeFiles/forestguard_localisation.dir/src/main_amcl.cpp.o] Error 1
[0.994s] gmake[2]: *** Waiting for unfinished jobs....
[0.996s] [01m[K/home/john/git/RS1/john_branch/src/forestguard_localisation/src/amcl_localisation.cpp:13:10:[m[K [01;31m[Kfatal error: [m[Kforestguard_localisation/amcl_localisation.h: No such file or directory
[0.996s]    13 | #include [01;31m[K"forestguard_localisation/amcl_localisation.h"[m[K
[0.996s]       |          [01;31m[K^~~~~~~~~~~~~~~~~~~~~~~~~~~~~~~~~~~~~~~~~~~~~~[m[K
[0.996s] compilation terminated.
[0.997s] gmake[2]: *** [CMakeFiles/forestguard_localisation.dir/build.make:76: CMakeFiles/forestguard_localisation.dir/src/amcl_localisation.cpp.o] Error 1
[0.997s] gmake[1]: *** [CMakeFiles/Makefile2:137: CMakeFiles/forestguard_localisation.dir/all] Error 2
[0.997s] gmake: *** [Makefile:146: all] Error 2
[0.998s] Invoked command in '/home/john/git/RS1/john_branch/build/forestguard_localisation' returned '2': CMAKE_PREFIX_PATH=${CMAKE_PREFIX_PATH}:/home/john/git/RS1/john_branch/install/forestguard_ui:/home/john/git/RS1/john_branch/install/forestguard_colour:/opt/ros/humble /usr/bin/cmake --build /home/john/git/RS1/john_branch/build/forestguard_localisation -- -j20 -l20
