[0.070s] Invoking command in '/home/claudia/ForestGuard/build/controller_pkg': CMAKE_PREFIX_PATH=${CMAKE_PREFIX_PATH}:/home/claudia/ros2_ws/install/examples_rclcpp_minimal_publisher:/home/claudia/ros2_ws/install/a3_support:/opt/ros/humble /usr/bin/cmake --build /home/claudia/ForestGuard/build/controller_pkg -- -j16 -l16
[0.134s] Invoked command in '/home/claudia/ForestGuard/build/controller_pkg' returned '0': CMAKE_PREFIX_PATH=${CMAKE_PREFIX_PATH}:/home/claudia/ros2_ws/install/examples_rclcpp_minimal_publisher:/home/claudia/ros2_ws/install/a3_support:/opt/ros/humble /usr/bin/cmake --build /home/claudia/ForestGuard/build/controller_pkg -- -j16 -l16
[0.151s] Invoking command in '/home/claudia/ForestGuard/build/controller_pkg': CMAKE_PREFIX_PATH=${CMAKE_PREFIX_PATH}:/home/claudia/ros2_ws/install/examples_rclcpp_minimal_publisher:/home/claudia/ros2_ws/install/a3_support:/opt/ros/humble /usr/bin/cmake --install /home/claudia/ForestGuard/build/controller_pkg
[0.160s] -- Install configuration: ""
[0.160s] -- Up-to-date: /home/claudia/ForestGuard/install/controller_pkg/share/ament_index/resource_index/package_run_dependencies/controller_pkg
[0.160s] -- Up-to-date: /home/claudia/ForestGuard/install/controller_pkg/share/ament_index/resource_index/parent_prefix_path/controller_pkg
[0.161s] -- Up-to-date: /home/claudia/ForestGuard/install/controller_pkg/share/controller_pkg/environment/ament_prefix_path.sh
[0.161s] -- Up-to-date: /home/claudia/ForestGuard/install/controller_pkg/share/controller_pkg/environment/ament_prefix_path.dsv
[0.161s] -- Up-to-date: /home/claudia/ForestGuard/install/controller_pkg/share/controller_pkg/environment/path.sh
[0.162s] -- Up-to-date: /home/claudia/ForestGuard/install/controller_pkg/share/controller_pkg/environment/path.dsv
[0.162s] -- Up-to-date: /home/claudia/ForestGuard/install/controller_pkg/share/controller_pkg/local_setup.bash
[0.162s] -- Up-to-date: /home/claudia/ForestGuard/install/controller_pkg/share/controller_pkg/local_setup.sh
[0.162s] -- Up-to-date: /home/claudia/ForestGuard/install/controller_pkg/share/controller_pkg/local_setup.zsh
[0.163s] -- Up-to-date: /home/claudia/ForestGuard/install/controller_pkg/share/controller_pkg/local_setup.dsv
[0.163s] -- Up-to-date: /home/claudia/ForestGuard/install/controller_pkg/share/controller_pkg/package.dsv
[0.164s] -- Up-to-date: /home/claudia/ForestGuard/install/controller_pkg/share/ament_index/resource_index/packages/controller_pkg
[0.165s] -- Up-to-date: /home/claudia/ForestGuard/install/controller_pkg/share/controller_pkg/cmake/controller_pkgConfig.cmake
[0.165s] -- Up-to-date: /home/claudia/ForestGuard/install/controller_pkg/share/controller_pkg/cmake/controller_pkgConfig-version.cmake
[0.166s] -- Up-to-date: /home/claudia/ForestGuard/install/controller_pkg/share/controller_pkg/package.xml
[0.166s] Invoked command in '/home/claudia/ForestGuard/build/controller_pkg' returned '0': CMAKE_PREFIX_PATH=${CMAKE_PREFIX_PATH}:/home/claudia/ros2_ws/install/examples_rclcpp_minimal_publisher:/home/claudia/ros2_ws/install/a3_support:/opt/ros/humble /usr/bin/cmake --install /home/claudia/ForestGuard/build/controller_pkg
