[0.048s] Invoking command in '/home/claudia/ForestGuard/build/sdf_to_urdf_converter': CMAKE_PREFIX_PATH=${CMAKE_PREFIX_PATH}:/home/claudia/ros2_ws/install/examples_rclcpp_minimal_publisher:/home/claudia/ros2_ws/install/a3_support:/opt/ros/humble /usr/bin/cmake --build /home/claudia/ForestGuard/build/sdf_to_urdf_converter -- -j16 -l16
[0.119s] [ 60%] Built target sdformat_urdf
[0.152s] [100%] Built target convert_sdf_to_urdf
[0.175s] Invoked command in '/home/claudia/ForestGuard/build/sdf_to_urdf_converter' returned '0': CMAKE_PREFIX_PATH=${CMAKE_PREFIX_PATH}:/home/claudia/ros2_ws/install/examples_rclcpp_minimal_publisher:/home/claudia/ros2_ws/install/a3_support:/opt/ros/humble /usr/bin/cmake --build /home/claudia/ForestGuard/build/sdf_to_urdf_converter -- -j16 -l16
[0.176s] Invoking command in '/home/claudia/ForestGuard/build/sdf_to_urdf_converter': CMAKE_PREFIX_PATH=${CMAKE_PREFIX_PATH}:/home/claudia/ros2_ws/install/examples_rclcpp_minimal_publisher:/home/claudia/ros2_ws/install/a3_support:/opt/ros/humble /usr/bin/cmake --install /home/claudia/ForestGuard/build/sdf_to_urdf_converter
[0.186s] -- Install configuration: ""
[0.189s] -- Up-to-date: /home/claudia/ForestGuard/install/sdf_to_urdf_converter/lib/sdf_to_urdf_converter/libsdformat_urdf.so
[0.190s] -- Up-to-date: /home/claudia/ForestGuard/install/sdf_to_urdf_converter/lib/sdf_to_urdf_converter/convert_sdf_to_urdf
[0.191s] -- Up-to-date: /home/claudia/ForestGuard/install/sdf_to_urdf_converter/include
[0.191s] -- Up-to-date: /home/claudia/ForestGuard/install/sdf_to_urdf_converter/include/sdformat_urdf
[0.192s] -- Up-to-date: /home/claudia/ForestGuard/install/sdf_to_urdf_converter/include/sdformat_urdf/sdformat_urdf.hpp
[0.192s] -- Up-to-date: /home/claudia/ForestGuard/install/sdf_to_urdf_converter/share/ament_index/resource_index/package_run_dependencies/sdf_to_urdf_converter
[0.193s] -- Up-to-date: /home/claudia/ForestGuard/install/sdf_to_urdf_converter/share/ament_index/resource_index/parent_prefix_path/sdf_to_urdf_converter
[0.193s] -- Up-to-date: /home/claudia/ForestGuard/install/sdf_to_urdf_converter/share/sdf_to_urdf_converter/environment/ament_prefix_path.sh
[0.194s] -- Up-to-date: /home/claudia/ForestGuard/install/sdf_to_urdf_converter/share/sdf_to_urdf_converter/environment/ament_prefix_path.dsv
[0.194s] -- Up-to-date: /home/claudia/ForestGuard/install/sdf_to_urdf_converter/share/sdf_to_urdf_converter/environment/path.sh
[0.195s] -- Up-to-date: /home/claudia/ForestGuard/install/sdf_to_urdf_converter/share/sdf_to_urdf_converter/environment/path.dsv
[0.195s] -- Up-to-date: /home/claudia/ForestGuard/install/sdf_to_urdf_converter/share/sdf_to_urdf_converter/local_setup.bash
[0.196s] -- Up-to-date: /home/claudia/ForestGuard/install/sdf_to_urdf_converter/share/sdf_to_urdf_converter/local_setup.sh
[0.196s] -- Up-to-date: /home/claudia/ForestGuard/install/sdf_to_urdf_converter/share/sdf_to_urdf_converter/local_setup.zsh
[0.197s] -- Up-to-date: /home/claudia/ForestGuard/install/sdf_to_urdf_converter/share/sdf_to_urdf_converter/local_setup.dsv
[0.197s] -- Installing: /home/claudia/ForestGuard/install/sdf_to_urdf_converter/share/sdf_to_urdf_converter/package.dsv
[0.197s] -- Up-to-date: /home/claudia/ForestGuard/install/sdf_to_urdf_converter/share/ament_index/resource_index/packages/sdf_to_urdf_converter
[0.197s] -- Up-to-date: /home/claudia/ForestGuard/install/sdf_to_urdf_converter/share/sdf_to_urdf_converter/cmake/sdf_to_urdf_converterConfig.cmake
[0.197s] -- Up-to-date: /home/claudia/ForestGuard/install/sdf_to_urdf_converter/share/sdf_to_urdf_converter/cmake/sdf_to_urdf_converterConfig-version.cmake
[0.198s] -- Up-to-date: /home/claudia/ForestGuard/install/sdf_to_urdf_converter/share/sdf_to_urdf_converter/package.xml
[0.234s] Invoked command in '/home/claudia/ForestGuard/build/sdf_to_urdf_converter' returned '0': CMAKE_PREFIX_PATH=${CMAKE_PREFIX_PATH}:/home/claudia/ros2_ws/install/examples_rclcpp_minimal_publisher:/home/claudia/ros2_ws/install/a3_support:/opt/ros/humble /usr/bin/cmake --install /home/claudia/ForestGuard/build/sdf_to_urdf_converter
