[0.062s] Invoking command in '/home/claudia/ForestGuard/build/controller_pkg': CMAKE_PREFIX_PATH=${CMAKE_PREFIX_PATH}:/home/claudia/ros2_ws/install/examples_rclcpp_minimal_publisher:/home/claudia/ros2_ws/install/a3_support:/opt/ros/humble /usr/bin/cmake --build /home/claudia/ForestGuard/build/controller_pkg -- -j16 -l16
[0.106s] -- Found ament_cmake: 1.3.12 (/opt/ros/humble/share/ament_cmake/cmake)
[0.340s] -- Found rclcpp: 16.0.14 (/opt/ros/humble/share/rclcpp/cmake)
[0.414s] -- Found rosidl_generator_c: 3.1.7 (/opt/ros/humble/share/rosidl_generator_c/cmake)
[0.420s] -- Found rosidl_adapter: 3.1.7 (/opt/ros/humble/share/rosidl_adapter/cmake)
[0.434s] -- Found rosidl_generator_cpp: 3.1.7 (/opt/ros/humble/share/rosidl_generator_cpp/cmake)
[0.457s] -- Using all available rosidl_typesupport_c: rosidl_typesupport_fastrtps_c;rosidl_typesupport_introspection_c
[0.487s] -- Using all available rosidl_typesupport_cpp: rosidl_typesupport_fastrtps_cpp;rosidl_typesupport_introspection_cpp
[0.568s] -- Found rmw_implementation_cmake: 6.1.2 (/opt/ros/humble/share/rmw_implementation_cmake/cmake)
[0.572s] -- Found rmw_fastrtps_cpp: 6.2.8 (/opt/ros/humble/share/rmw_fastrtps_cpp/cmake)
[0.894s] -- Using RMW implementation 'rmw_fastrtps_cpp' as default
[1.007s] -- Found nav_msgs: 4.9.0 (/opt/ros/humble/share/nav_msgs/cmake)
[1.071s] -- Found sensor_msgs: 4.9.0 (/opt/ros/humble/share/sensor_msgs/cmake)
[1.108s] -- Found tf2: 0.25.16 (/opt/ros/humble/share/tf2/cmake)
[1.116s] -- Found tf2_ros: 0.25.16 (/opt/ros/humble/share/tf2_ros/cmake)
[1.294s] -- Found tf2_geometry_msgs: 0.25.16 (/opt/ros/humble/share/tf2_geometry_msgs/cmake)
[1.302s] -- Found eigen3_cmake_module: 0.1.1 (/opt/ros/humble/share/eigen3_cmake_module/cmake)
[1.305s] -- Ensuring Eigen3 include directory is part of orocos-kdl CMake target
[1.308s] -- Found std_srvs: 4.9.0 (/opt/ros/humble/share/std_srvs/cmake)
[1.329s] -- Found visualization_msgs: 4.9.0 (/opt/ros/humble/share/visualization_msgs/cmake)
[1.373s] -- Found ament_cmake_ros: 0.10.0 (/opt/ros/humble/share/ament_cmake_ros/cmake)
[1.379s] -- Found rosbag2_cpp: 0.15.15 (/opt/ros/humble/share/rosbag2_cpp/cmake)
[1.615s] -- Configuring done
[1.674s] -- Generating done
[1.697s] -- Build files have been written to: /home/claudia/ForestGuard/build/controller_pkg
[1.779s] [ 22%] Built target laserprocessing
[1.784s] [ 55%] Built target vismarker
[1.852s] [100%] Built target quadcopter
[1.865s] Invoked command in '/home/claudia/ForestGuard/build/controller_pkg' returned '0': CMAKE_PREFIX_PATH=${CMAKE_PREFIX_PATH}:/home/claudia/ros2_ws/install/examples_rclcpp_minimal_publisher:/home/claudia/ros2_ws/install/a3_support:/opt/ros/humble /usr/bin/cmake --build /home/claudia/ForestGuard/build/controller_pkg -- -j16 -l16
[1.869s] Invoking command in '/home/claudia/ForestGuard/build/controller_pkg': CMAKE_PREFIX_PATH=${CMAKE_PREFIX_PATH}:/home/claudia/ros2_ws/install/examples_rclcpp_minimal_publisher:/home/claudia/ros2_ws/install/a3_support:/opt/ros/humble /usr/bin/cmake --install /home/claudia/ForestGuard/build/controller_pkg
[1.876s] -- Install configuration: ""
[1.877s] -- Up-to-date: /home/claudia/ForestGuard/install/controller_pkg/lib/controller_pkg/quadcopter
[1.878s] -- Up-to-date: /home/claudia/ForestGuard/install/controller_pkg/lib/controller_pkg/liblaserprocessing.so
[1.879s] -- Up-to-date: /home/claudia/ForestGuard/install/controller_pkg/lib/controller_pkg/vismarker
[1.879s] -- Installing: /home/claudia/ForestGuard/install/controller_pkg/share/controller_pkg/environment/library_path.sh
[1.880s] -- Installing: /home/claudia/ForestGuard/install/controller_pkg/share/controller_pkg/environment/library_path.dsv
[1.880s] -- Up-to-date: /home/claudia/ForestGuard/install/controller_pkg/include
[1.881s] -- Up-to-date: /home/claudia/ForestGuard/install/controller_pkg/include/controller_pkg
[1.881s] -- Up-to-date: /home/claudia/ForestGuard/install/controller_pkg/include/controller_pkg/vis_marker.h
[1.881s] -- Up-to-date: /home/claudia/ForestGuard/install/controller_pkg/include/controller_pkg/laserprocessing.h
[1.881s] -- Up-to-date: /home/claudia/ForestGuard/install/controller_pkg/include/controller_pkg/quadcopter.h
[1.881s] -- Up-to-date: /home/claudia/ForestGuard/install/controller_pkg/include/controller_pkg/controller.h
[1.882s] -- Up-to-date: /home/claudia/ForestGuard/install/controller_pkg/share/ament_index/resource_index/package_run_dependencies/controller_pkg
[1.882s] -- Installing: /home/claudia/ForestGuard/install/controller_pkg/share/ament_index/resource_index/parent_prefix_path/controller_pkg
[1.882s] -- Up-to-date: /home/claudia/ForestGuard/install/controller_pkg/share/controller_pkg/environment/ament_prefix_path.sh
[1.882s] -- Installing: /home/claudia/ForestGuard/install/controller_pkg/share/controller_pkg/environment/ament_prefix_path.dsv
[1.882s] -- Up-to-date: /home/claudia/ForestGuard/install/controller_pkg/share/controller_pkg/environment/path.sh
[1.883s] -- Installing: /home/claudia/ForestGuard/install/controller_pkg/share/controller_pkg/environment/path.dsv
[1.883s] -- Up-to-date: /home/claudia/ForestGuard/install/controller_pkg/share/controller_pkg/local_setup.bash
[1.884s] -- Installing: /home/claudia/ForestGuard/install/controller_pkg/share/controller_pkg/local_setup.sh
[1.884s] -- Up-to-date: /home/claudia/ForestGuard/install/controller_pkg/share/controller_pkg/local_setup.zsh
[1.884s] -- Installing: /home/claudia/ForestGuard/install/controller_pkg/share/controller_pkg/local_setup.dsv
[1.884s] -- Installing: /home/claudia/ForestGuard/install/controller_pkg/share/controller_pkg/package.dsv
[1.885s] -- Up-to-date: /home/claudia/ForestGuard/install/controller_pkg/share/ament_index/resource_index/packages/controller_pkg
[1.885s] -- Installing: /home/claudia/ForestGuard/install/controller_pkg/share/controller_pkg/cmake/export_controller_pkgExport.cmake
[1.885s] -- Installing: /home/claudia/ForestGuard/install/controller_pkg/share/controller_pkg/cmake/export_controller_pkgExport-noconfig.cmake
[1.886s] -- Installing: /home/claudia/ForestGuard/install/controller_pkg/share/controller_pkg/cmake/ament_cmake_export_targets-extras.cmake
[1.886s] -- Installing: /home/claudia/ForestGuard/install/controller_pkg/share/controller_pkg/cmake/ament_cmake_export_dependencies-extras.cmake
[1.887s] -- Installing: /home/claudia/ForestGuard/install/controller_pkg/share/controller_pkg/cmake/controller_pkgConfig.cmake
[1.887s] -- Up-to-date: /home/claudia/ForestGuard/install/controller_pkg/share/controller_pkg/cmake/controller_pkgConfig-version.cmake
[1.887s] -- Up-to-date: /home/claudia/ForestGuard/install/controller_pkg/share/controller_pkg/package.xml
[1.892s] Invoked command in '/home/claudia/ForestGuard/build/controller_pkg' returned '0': CMAKE_PREFIX_PATH=${CMAKE_PREFIX_PATH}:/home/claudia/ros2_ws/install/examples_rclcpp_minimal_publisher:/home/claudia/ros2_ws/install/a3_support:/opt/ros/humble /usr/bin/cmake --install /home/claudia/ForestGuard/build/controller_pkg
