[0.198s] Invoking command in '/home/john/git/RS1/john_branch/build/john': CMAKE_PREFIX_PATH=${CMAKE_PREFIX_PATH}:/home/john/git/RS1/john_branch/install/forestguard_colour:/opt/ros/humble /usr/bin/cmake /home/john/git/RS1/john_branch/src/forest_guard_sim -DAMENT_CMAKE_SYMLINK_INSTALL=1 -DCMAKE_INSTALL_PREFIX=/home/john/git/RS1/john_branch/install/john
[0.274s] -- The C compiler identification is GNU 11.4.0
[0.339s] -- The CXX compiler identification is GNU 11.4.0
[0.348s] -- Detecting C compiler ABI info
[0.418s] -- Detecting C compiler ABI info - done
[0.427s] -- Check for working C compiler: /usr/bin/cc - skipped
[0.427s] -- Detecting C compile features
[0.428s] -- Detecting C compile features - done
[0.431s] -- Detecting CXX compiler ABI info
[0.509s] -- Detecting CXX compiler ABI info - done
[0.517s] -- Check for working CXX compiler: /usr/bin/c++ - skipped
[0.517s] -- Detecting CXX compile features
[0.518s] -- Detecting CXX compile features - done
[0.521s] -- Found ament_cmake: 1.3.12 (/opt/ros/humble/share/ament_cmake/cmake)
[0.685s] -- Found Python3: /usr/bin/python3 (found version "3.10.12") found components: Interpreter 
[0.761s] -- Override CMake install command with custom implementation using symlinks instead of copying resources
[0.792s] -- Found ros_ign_interfaces: 0.244.20 (/opt/ros/humble/share/ros_ign_interfaces/cmake)
[0.826s] -- Found rosidl_generator_c: 3.1.7 (/opt/ros/humble/share/rosidl_generator_c/cmake)
[0.831s] -- Found rosidl_adapter: 3.1.7 (/opt/ros/humble/share/rosidl_adapter/cmake)
[0.844s] -- Found rosidl_generator_cpp: 3.1.7 (/opt/ros/humble/share/rosidl_generator_cpp/cmake)
[0.859s] -- Using all available rosidl_typesupport_c: rosidl_typesupport_fastrtps_c;rosidl_typesupport_introspection_c
[0.877s] -- Using all available rosidl_typesupport_cpp: rosidl_typesupport_fastrtps_cpp;rosidl_typesupport_introspection_cpp
[0.960s] -- Found ament_lint_auto: 0.12.14 (/opt/ros/humble/share/ament_lint_auto/cmake)
[1.033s] -- Added test 'copyright' to check source files copyright and LICENSE
[1.041s] -- Added test 'flake8' to check Python code syntax and style conventions
[1.042s] -- Added test 'lint_cmake' to check CMake code style
[1.042s] -- Added test 'pep257' to check Python code against some of the docstring style conventions in PEP 257
[1.045s] -- Added test 'xmllint' to check XML markup files
[1.047s] -- Configuring done
[1.049s] -- Generating done
[1.050s] -- Build files have been written to: /home/john/git/RS1/john_branch/build/john
[1.057s] Invoked command in '/home/john/git/RS1/john_branch/build/john' returned '0': CMAKE_PREFIX_PATH=${CMAKE_PREFIX_PATH}:/home/john/git/RS1/john_branch/install/forestguard_colour:/opt/ros/humble /usr/bin/cmake /home/john/git/RS1/john_branch/src/forest_guard_sim -DAMENT_CMAKE_SYMLINK_INSTALL=1 -DCMAKE_INSTALL_PREFIX=/home/john/git/RS1/john_branch/install/john
[1.058s] Invoking command in '/home/john/git/RS1/john_branch/build/john': CMAKE_PREFIX_PATH=${CMAKE_PREFIX_PATH}:/home/john/git/RS1/john_branch/install/forestguard_colour:/opt/ros/humble /usr/bin/cmake --build /home/john/git/RS1/john_branch/build/john -- -j20 -l20
[1.106s] Invoked command in '/home/john/git/RS1/john_branch/build/john' returned '0': CMAKE_PREFIX_PATH=${CMAKE_PREFIX_PATH}:/home/john/git/RS1/john_branch/install/forestguard_colour:/opt/ros/humble /usr/bin/cmake --build /home/john/git/RS1/john_branch/build/john -- -j20 -l20
[1.118s] Invoking command in '/home/john/git/RS1/john_branch/build/john': CMAKE_PREFIX_PATH=${CMAKE_PREFIX_PATH}:/home/john/git/RS1/john_branch/install/forestguard_colour:/opt/ros/humble /usr/bin/cmake --install /home/john/git/RS1/john_branch/build/john
[1.127s] -- Install configuration: ""
[1.128s] -- Execute custom install script
[1.128s] -- Symlinking: /home/john/git/RS1/john_branch/install/john/share/john/config/gazebo_bridge.yaml
[1.140s] -- Symlinking: /home/john/git/RS1/john_branch/install/john/share/john/config/john.rviz
[1.150s] -- Symlinking: /home/john/git/RS1/john_branch/install/john/share/john/config/nav2_params.yaml
[1.161s] -- Symlinking: /home/john/git/RS1/john_branch/install/john/share/john/config/robot_localization.yaml
[1.171s] -- Symlinking: /home/john/git/RS1/john_branch/install/john/share/john/config/slam_params.yaml
[1.180s] -- Symlinking: /home/john/git/RS1/john_branch/install/john/share/john/launch/john.launch.py
[1.190s] -- Symlinking: /home/john/git/RS1/john_branch/install/john/share/john/launch/johnNavigation.launch.py
[1.200s] -- Symlinking: /home/john/git/RS1/john_branch/install/john/share/john/launch/johnXL.py
[1.210s] -- Symlinking: /home/john/git/RS1/john_branch/install/john/share/john/models/forest_env/materials/textures/empty_grass.png
[1.219s] -- Symlinking: /home/john/git/RS1/john_branch/install/john/share/john/models/forest_env/meshes/Environment.dae
[1.228s] -- Symlinking: /home/john/git/RS1/john_branch/install/john/share/john/models/forest_env/meshes/Environment1.dae
[1.239s] -- Symlinking: /home/john/git/RS1/john_branch/install/john/share/john/models/forest_env/meshes/empty_grass.png
[1.249s] -- Symlinking: /home/john/git/RS1/john_branch/install/john/share/john/models/forest_env/model.config
[1.261s] -- Symlinking: /home/john/git/RS1/john_branch/install/john/share/john/models/forest_env/model.sdf
[1.271s] -- Symlinking: /home/john/git/RS1/john_branch/install/john/share/john/models/forest_plane/materials/textures/empty_grass.png
[1.280s] -- Symlinking: /home/john/git/RS1/john_branch/install/john/share/john/models/forest_plane/materials/textures/forest_overhead.png
[1.289s] -- Symlinking: /home/john/git/RS1/john_branch/install/john/share/john/models/forest_plane/materials/textures/leaf_litter.png
[1.298s] -- Symlinking: /home/john/git/RS1/john_branch/install/john/share/john/models/forest_plane/model.config
[1.306s] -- Symlinking: /home/john/git/RS1/john_branch/install/john/share/john/models/forest_plane/model.sdf
[1.315s] -- Symlinking: /home/john/git/RS1/john_branch/install/john/share/john/models/forest_wall/materials/textures/forest_wall.png
[1.324s] -- Symlinking: /home/john/git/RS1/john_branch/install/john/share/john/models/forest_wall/materials/textures/forest_wall_transparent.png
[1.333s] -- Symlinking: /home/john/git/RS1/john_branch/install/john/share/john/models/forest_wall/materials/textures/forest_wall_transparent_small.png
[1.343s] -- Symlinking: /home/john/git/RS1/john_branch/install/john/share/john/models/forest_wall/model.config
[1.354s] -- Symlinking: /home/john/git/RS1/john_branch/install/john/share/john/models/forest_wall/model.sdf
[1.362s] -- Symlinking: /home/john/git/RS1/john_branch/install/john/share/john/models/grass_plane/materials/textures/empty_grass.png
[1.376s] -- Symlinking: /home/john/git/RS1/john_branch/install/john/share/john/models/grass_plane/model.config
[1.384s] -- Symlinking: /home/john/git/RS1/john_branch/install/john/share/john/models/grass_plane/model.sdf
[1.395s] -- Symlinking: /home/john/git/RS1/john_branch/install/john/share/john/models/tree1/materials/textures/bark01.jpg
[1.404s] -- Symlinking: /home/john/git/RS1/john_branch/install/john/share/john/models/tree1/meshes/tree_a.dae
[1.415s] -- Symlinking: /home/john/git/RS1/john_branch/install/john/share/john/models/tree1/model.config
[1.423s] -- Symlinking: /home/john/git/RS1/john_branch/install/john/share/john/models/tree1/model.sdf
[1.432s] -- Symlinking: /home/john/git/RS1/john_branch/install/john/share/john/models/tree2/materials/textures/bark.jpeg
[1.443s] -- Symlinking: /home/john/git/RS1/john_branch/install/john/share/john/models/tree2/meshes/tree_b.dae
[1.454s] -- Symlinking: /home/john/git/RS1/john_branch/install/john/share/john/models/tree2/model.config
[1.464s] -- Symlinking: /home/john/git/RS1/john_branch/install/john/share/john/models/tree2/model.sdf
[1.474s] -- Symlinking: /home/john/git/RS1/john_branch/install/john/share/john/urdf/common_properties.urdf.xacro
[1.484s] -- Symlinking: /home/john/git/RS1/john_branch/install/john/share/john/urdf/husky.gazebo.xacro
[1.491s] -- Symlinking: /home/john/git/RS1/john_branch/install/john/share/john/urdf/husky.urdf.xacro
[1.500s] -- Symlinking: /home/john/git/RS1/john_branch/install/john/share/john/urdf/meshes/base_link.dae
[1.508s] -- Symlinking: /home/john/git/RS1/john_branch/install/john/share/john/urdf/meshes/bumper.dae
[1.515s] -- Symlinking: /home/john/git/RS1/john_branch/install/john/share/john/urdf/meshes/jpl04_arch_nosensor.stl
[1.524s] -- Symlinking: /home/john/git/RS1/john_branch/install/john/share/john/urdf/meshes/top_chassis.dae
[1.532s] -- Symlinking: /home/john/git/RS1/john_branch/install/john/share/john/urdf/meshes/top_plate.dae
[1.540s] -- Symlinking: /home/john/git/RS1/john_branch/install/john/share/john/urdf/meshes/wheel.dae
[1.548s] -- Symlinking: /home/john/git/RS1/john_branch/install/john/share/john/urdf/wheel.urdf.xacro
[1.557s] -- Symlinking: /home/john/git/RS1/john_branch/install/john/share/john/worlds/forest_world.sdf
[1.567s] -- Symlinking: /home/john/git/RS1/john_branch/install/john/share/john/worlds/large_demo.sdf
[1.576s] -- Symlinking: /home/john/git/RS1/john_branch/install/john/share/john/worlds/simple_trees.sdf
[1.586s] -- Symlinking: /home/john/git/RS1/john_branch/install/john/share/ament_index/resource_index/package_run_dependencies/john
[1.594s] -- Symlinking: /home/john/git/RS1/john_branch/install/john/share/ament_index/resource_index/parent_prefix_path/john
[1.601s] -- Symlinking: /home/john/git/RS1/john_branch/install/john/share/john/environment/ament_prefix_path.sh
[1.608s] -- Symlinking: /home/john/git/RS1/john_branch/install/john/share/john/environment/ament_prefix_path.dsv
[1.616s] -- Symlinking: /home/john/git/RS1/john_branch/install/john/share/john/environment/path.sh
[1.625s] -- Symlinking: /home/john/git/RS1/john_branch/install/john/share/john/environment/path.dsv
[1.634s] -- Symlinking: /home/john/git/RS1/john_branch/install/john/share/john/local_setup.bash
[1.646s] -- Symlinking: /home/john/git/RS1/john_branch/install/john/share/john/local_setup.sh
[1.657s] -- Symlinking: /home/john/git/RS1/john_branch/install/john/share/john/local_setup.zsh
[1.669s] -- Symlinking: /home/john/git/RS1/john_branch/install/john/share/john/local_setup.dsv
[1.680s] -- Symlinking: /home/john/git/RS1/john_branch/install/john/share/john/package.dsv
[1.691s] -- Symlinking: /home/john/git/RS1/john_branch/install/john/share/ament_index/resource_index/packages/john
[1.701s] -- Symlinking: /home/john/git/RS1/john_branch/install/john/share/john/cmake/johnConfig.cmake
[1.712s] -- Symlinking: /home/john/git/RS1/john_branch/install/john/share/john/cmake/johnConfig-version.cmake
[1.720s] -- Symlinking: /home/john/git/RS1/john_branch/install/john/share/john/package.xml
[1.735s] Invoked command in '/home/john/git/RS1/john_branch/build/john' returned '0': CMAKE_PREFIX_PATH=${CMAKE_PREFIX_PATH}:/home/john/git/RS1/john_branch/install/forestguard_colour:/opt/ros/humble /usr/bin/cmake --install /home/john/git/RS1/john_branch/build/john
