[0.007s] Invoking command in '/home/john/git/RS1/John_branch/build/john': CMAKE_PREFIX_PATH=${CMAKE_PREFIX_PATH}:/opt/ros/humble /usr/bin/cmake /home/john/git/RS1/John_branch/src/forest_guard_sim -DAMENT_CMAKE_SYMLINK_INSTALL=1 -DCMAKE_INSTALL_PREFIX=/home/john/git/RS1/John_branch/install/john
[0.062s] -- The C compiler identification is GNU 11.4.0
[0.114s] -- The CXX compiler identification is GNU 11.4.0
[0.120s] -- Detecting C compiler ABI info
[0.204s] -- Detecting C compiler ABI info - done
[0.210s] -- Check for working C compiler: /usr/bin/cc - skipped
[0.210s] -- Detecting C compile features
[0.210s] -- Detecting C compile features - done
[0.212s] -- Detecting CXX compiler ABI info
[0.296s] -- Detecting CXX compiler ABI info - done
[0.301s] -- Check for working CXX compiler: /usr/bin/c++ - skipped
[0.301s] -- Detecting CXX compile features
[0.302s] -- Detecting CXX compile features - done
[0.303s] -- Found ament_cmake: 1.3.12 (/opt/ros/humble/share/ament_cmake/cmake)
[0.445s] -- Found Python3: /usr/bin/python3 (found version "3.10.12") found components: Interpreter 
[0.488s] -- Override CMake install command with custom implementation using symlinks instead of copying resources
[0.506s] -- Found ros_ign_interfaces: 0.244.20 (/opt/ros/humble/share/ros_ign_interfaces/cmake)
[0.528s] -- Found rosidl_generator_c: 3.1.7 (/opt/ros/humble/share/rosidl_generator_c/cmake)
[0.531s] -- Found rosidl_adapter: 3.1.7 (/opt/ros/humble/share/rosidl_adapter/cmake)
[0.536s] -- Found rosidl_generator_cpp: 3.1.7 (/opt/ros/humble/share/rosidl_generator_cpp/cmake)
[0.545s] -- Using all available rosidl_typesupport_c: rosidl_typesupport_fastrtps_c;rosidl_typesupport_introspection_c
[0.555s] -- Using all available rosidl_typesupport_cpp: rosidl_typesupport_fastrtps_cpp;rosidl_typesupport_introspection_cpp
[0.613s] -- Found ament_lint_auto: 0.12.14 (/opt/ros/humble/share/ament_lint_auto/cmake)
[0.665s] -- Added test 'copyright' to check source files copyright and LICENSE
[0.669s] -- Added test 'flake8' to check Python code syntax and style conventions
[0.669s] -- Added test 'lint_cmake' to check CMake code style
[0.670s] -- Added test 'pep257' to check Python code against some of the docstring style conventions in PEP 257
[0.672s] -- Added test 'xmllint' to check XML markup files
[0.672s] -- Configuring done
[0.674s] -- Generating done
[0.675s] -- Build files have been written to: /home/john/git/RS1/John_branch/build/john
[0.682s] Invoked command in '/home/john/git/RS1/John_branch/build/john' returned '0': CMAKE_PREFIX_PATH=${CMAKE_PREFIX_PATH}:/opt/ros/humble /usr/bin/cmake /home/john/git/RS1/John_branch/src/forest_guard_sim -DAMENT_CMAKE_SYMLINK_INSTALL=1 -DCMAKE_INSTALL_PREFIX=/home/john/git/RS1/John_branch/install/john
[0.682s] Invoking command in '/home/john/git/RS1/John_branch/build/john': CMAKE_PREFIX_PATH=${CMAKE_PREFIX_PATH}:/opt/ros/humble /usr/bin/cmake --build /home/john/git/RS1/John_branch/build/john -- -j20 -l20
[0.723s] Invoked command in '/home/john/git/RS1/John_branch/build/john' returned '0': CMAKE_PREFIX_PATH=${CMAKE_PREFIX_PATH}:/opt/ros/humble /usr/bin/cmake --build /home/john/git/RS1/John_branch/build/john -- -j20 -l20
[0.732s] Invoking command in '/home/john/git/RS1/John_branch/build/john': CMAKE_PREFIX_PATH=${CMAKE_PREFIX_PATH}:/opt/ros/humble /usr/bin/cmake --install /home/john/git/RS1/John_branch/build/john
[0.740s] -- Install configuration: ""
[0.741s] -- Execute custom install script
[0.742s] -- Symlinking: /home/john/git/RS1/John_branch/install/john/share/john/config/gazebo_bridge.yaml
[0.752s] -- Symlinking: /home/john/git/RS1/John_branch/install/john/share/john/config/john.rviz
[0.761s] -- Symlinking: /home/john/git/RS1/John_branch/install/john/share/john/config/nav2_params.yaml
[0.771s] -- Symlinking: /home/john/git/RS1/John_branch/install/john/share/john/config/robot_localization.yaml
[0.781s] -- Symlinking: /home/john/git/RS1/John_branch/install/john/share/john/config/slam_params.yaml
[0.790s] -- Symlinking: /home/john/git/RS1/John_branch/install/john/share/john/launch/john.launch.py
[0.799s] -- Symlinking: /home/john/git/RS1/John_branch/install/john/share/john/launch/johnNavigation.launch.py
[0.810s] -- Symlinking: /home/john/git/RS1/John_branch/install/john/share/john/models/forest_env/materials/textures/empty_grass.png
[0.817s] -- Symlinking: /home/john/git/RS1/John_branch/install/john/share/john/models/forest_env/meshes/Environment.dae
[0.827s] -- Symlinking: /home/john/git/RS1/John_branch/install/john/share/john/models/forest_env/meshes/Environment1.dae
[0.835s] -- Symlinking: /home/john/git/RS1/John_branch/install/john/share/john/models/forest_env/meshes/empty_grass.png.001.png
[0.844s] -- Symlinking: /home/john/git/RS1/John_branch/install/john/share/john/models/forest_env/model.config
[0.854s] -- Symlinking: /home/john/git/RS1/John_branch/install/john/share/john/models/forest_env/model.sdf
[0.863s] -- Symlinking: /home/john/git/RS1/John_branch/install/john/share/john/models/forest_plane/materials/textures/empty_grass.png
[0.872s] -- Symlinking: /home/john/git/RS1/John_branch/install/john/share/john/models/forest_plane/materials/textures/forest_overhead.png
[0.881s] -- Symlinking: /home/john/git/RS1/John_branch/install/john/share/john/models/forest_plane/materials/textures/leaf_litter.png
[0.889s] -- Symlinking: /home/john/git/RS1/John_branch/install/john/share/john/models/forest_plane/model.config
[0.896s] -- Symlinking: /home/john/git/RS1/John_branch/install/john/share/john/models/forest_plane/model.sdf
[0.905s] -- Symlinking: /home/john/git/RS1/John_branch/install/john/share/john/models/forest_wall/materials/textures/forest_wall.png
[0.915s] -- Symlinking: /home/john/git/RS1/John_branch/install/john/share/john/models/forest_wall/materials/textures/forest_wall_transparent.png
[0.922s] -- Symlinking: /home/john/git/RS1/John_branch/install/john/share/john/models/forest_wall/materials/textures/forest_wall_transparent_small.png
[0.929s] -- Symlinking: /home/john/git/RS1/John_branch/install/john/share/john/models/forest_wall/model.config
[0.936s] -- Symlinking: /home/john/git/RS1/John_branch/install/john/share/john/models/forest_wall/model.sdf
[0.942s] -- Symlinking: /home/john/git/RS1/John_branch/install/john/share/john/models/grass_plane/materials/textures/empty_grass.png
[0.951s] -- Symlinking: /home/john/git/RS1/John_branch/install/john/share/john/models/grass_plane/model.config
[0.958s] -- Symlinking: /home/john/git/RS1/John_branch/install/john/share/john/models/grass_plane/model.sdf
[0.964s] -- Symlinking: /home/john/git/RS1/John_branch/install/john/share/john/models/tree1/materials/textures/bark01.jpg
[0.973s] -- Symlinking: /home/john/git/RS1/John_branch/install/john/share/john/models/tree1/meshes/tree_a.dae
[0.981s] -- Symlinking: /home/john/git/RS1/John_branch/install/john/share/john/models/tree1/model.config
[0.992s] -- Symlinking: /home/john/git/RS1/John_branch/install/john/share/john/models/tree1/model.sdf
[1.001s] -- Symlinking: /home/john/git/RS1/John_branch/install/john/share/john/models/tree2/materials/textures/bark.jpeg
[1.010s] -- Symlinking: /home/john/git/RS1/John_branch/install/john/share/john/models/tree2/meshes/tree_b.dae
[1.022s] -- Symlinking: /home/john/git/RS1/John_branch/install/john/share/john/models/tree2/model.config
[1.031s] -- Symlinking: /home/john/git/RS1/John_branch/install/john/share/john/models/tree2/model.sdf
[1.043s] -- Symlinking: /home/john/git/RS1/John_branch/install/john/share/john/urdf/common_properties.urdf.xacro
[1.055s] -- Symlinking: /home/john/git/RS1/John_branch/install/john/share/john/urdf/husky.gazebo.xacro
[1.062s] -- Symlinking: /home/john/git/RS1/John_branch/install/john/share/john/urdf/husky.urdf.xacro
[1.072s] -- Symlinking: /home/john/git/RS1/John_branch/install/john/share/john/urdf/meshes/base_link.dae
[1.085s] -- Symlinking: /home/john/git/RS1/John_branch/install/john/share/john/urdf/meshes/bumper.dae
[1.100s] -- Symlinking: /home/john/git/RS1/John_branch/install/john/share/john/urdf/meshes/jpl04_arch_nosensor.stl
[1.117s] -- Symlinking: /home/john/git/RS1/John_branch/install/john/share/john/urdf/meshes/top_chassis.dae
[1.133s] -- Symlinking: /home/john/git/RS1/John_branch/install/john/share/john/urdf/meshes/top_plate.dae
[1.149s] -- Symlinking: /home/john/git/RS1/John_branch/install/john/share/john/urdf/meshes/wheel.dae
[1.164s] -- Symlinking: /home/john/git/RS1/John_branch/install/john/share/john/urdf/wheel.urdf.xacro
[1.175s] -- Symlinking: /home/john/git/RS1/John_branch/install/john/share/john/worlds/forest_world.sdf
[1.189s] -- Symlinking: /home/john/git/RS1/John_branch/install/john/share/john/worlds/large_demo.sdf
[1.203s] -- Symlinking: /home/john/git/RS1/John_branch/install/john/share/john/worlds/simple_trees.sdf
[1.218s] -- Symlinking: /home/john/git/RS1/John_branch/install/john/share/ament_index/resource_index/package_run_dependencies/john
[1.235s] -- Symlinking: /home/john/git/RS1/John_branch/install/john/share/ament_index/resource_index/parent_prefix_path/john
[1.254s] -- Symlinking: /home/john/git/RS1/John_branch/install/john/share/john/environment/ament_prefix_path.sh
[1.270s] -- Symlinking: /home/john/git/RS1/John_branch/install/john/share/john/environment/ament_prefix_path.dsv
[1.285s] -- Symlinking: /home/john/git/RS1/John_branch/install/john/share/john/environment/path.sh
[1.298s] -- Symlinking: /home/john/git/RS1/John_branch/install/john/share/john/environment/path.dsv
[1.309s] -- Symlinking: /home/john/git/RS1/John_branch/install/john/share/john/local_setup.bash
[1.322s] -- Symlinking: /home/john/git/RS1/John_branch/install/john/share/john/local_setup.sh
[1.338s] -- Symlinking: /home/john/git/RS1/John_branch/install/john/share/john/local_setup.zsh
[1.359s] -- Symlinking: /home/john/git/RS1/John_branch/install/john/share/john/local_setup.dsv
[1.378s] -- Symlinking: /home/john/git/RS1/John_branch/install/john/share/john/package.dsv
[1.396s] -- Symlinking: /home/john/git/RS1/John_branch/install/john/share/ament_index/resource_index/packages/john
[1.412s] -- Symlinking: /home/john/git/RS1/John_branch/install/john/share/john/cmake/johnConfig.cmake
[1.425s] -- Symlinking: /home/john/git/RS1/John_branch/install/john/share/john/cmake/johnConfig-version.cmake
[1.439s] -- Symlinking: /home/john/git/RS1/John_branch/install/john/share/john/package.xml
[1.455s] Invoked command in '/home/john/git/RS1/John_branch/build/john' returned '0': CMAKE_PREFIX_PATH=${CMAKE_PREFIX_PATH}:/opt/ros/humble /usr/bin/cmake --install /home/john/git/RS1/John_branch/build/john
