[0.519s] Invoking command in '/home/john/git/RS1/john_branch/build/forestguard_colour': PYTHONPATH=/home/john/git/RS1/john_branch/build/forestguard_colour/prefix_override:/usr/lib/python3/dist-packages/colcon_core/task/python/colcon_distutils_commands:/home/john/git/RS1/john_branch/install/forestguard_colour/lib/python3.10/site-packages:${PYTHONPATH} /usr/bin/python3 -W ignore:setup.py install is deprecated -W ignore:easy_install command is deprecated setup.py develop --editable --build-directory /home/john/git/RS1/john_branch/build/forestguard_colour/build --no-deps symlink_data
[0.701s] running develop
[0.791s] running egg_info
[0.791s] creating forestguard_colour.egg-info
[0.791s] writing forestguard_colour.egg-info/PKG-INFO
[0.791s] writing dependency_links to forestguard_colour.egg-info/dependency_links.txt
[0.791s] writing entry points to forestguard_colour.egg-info/entry_points.txt
[0.792s] writing requirements to forestguard_colour.egg-info/requires.txt
[0.792s] writing top-level names to forestguard_colour.egg-info/top_level.txt
[0.792s] writing manifest file 'forestguard_colour.egg-info/SOURCES.txt'
[0.793s] reading manifest file 'forestguard_colour.egg-info/SOURCES.txt'
[0.793s] writing manifest file 'forestguard_colour.egg-info/SOURCES.txt'
[0.794s] running build_ext
[0.794s] Creating /home/john/git/RS1/john_branch/install/forestguard_colour/lib/python3.10/site-packages/forestguard-colour.egg-link (link to .)
[0.795s] Installing camera_tree_mapper script to /home/john/git/RS1/john_branch/install/forestguard_colour/lib/forestguard_colour
[0.795s] Installing hsv_calibrator script to /home/john/git/RS1/john_branch/install/forestguard_colour/lib/forestguard_colour
[0.795s] Installing lidar_tree_mapper script to /home/john/git/RS1/john_branch/install/forestguard_colour/lib/forestguard_colour
[0.795s] Installing tree_colour_confirmer script to /home/john/git/RS1/john_branch/install/forestguard_colour/lib/forestguard_colour
[0.795s] Installing tree_detector script to /home/john/git/RS1/john_branch/install/forestguard_colour/lib/forestguard_colour
[0.795s] Installing tree_detector_v2 script to /home/john/git/RS1/john_branch/install/forestguard_colour/lib/forestguard_colour
[0.795s] 
[0.795s] Installed /home/john/git/RS1/john_branch/build/forestguard_colour
[0.795s] running symlink_data
[0.795s] creating /home/john/git/RS1/john_branch/install/forestguard_colour/share/ament_index
[0.795s] creating /home/john/git/RS1/john_branch/install/forestguard_colour/share/ament_index/resource_index
[0.795s] creating /home/john/git/RS1/john_branch/install/forestguard_colour/share/ament_index/resource_index/packages
[0.795s] symbolically linking /home/john/git/RS1/john_branch/build/forestguard_colour/resource/forestguard_colour -> /home/john/git/RS1/john_branch/install/forestguard_colour/share/ament_index/resource_index/packages
[0.795s] symbolically linking /home/john/git/RS1/john_branch/build/forestguard_colour/package.xml -> /home/john/git/RS1/john_branch/install/forestguard_colour/share/forestguard_colour
[0.795s] creating /home/john/git/RS1/john_branch/install/forestguard_colour/share/forestguard_colour/launch
[0.795s] symbolically linking /home/john/git/RS1/john_branch/build/forestguard_colour/launch/colour_detector.launch.py -> /home/john/git/RS1/john_branch/install/forestguard_colour/share/forestguard_colour/launch
[0.795s] symbolically linking /home/john/git/RS1/john_branch/build/forestguard_colour/launch/tree_mapper.launch.py -> /home/john/git/RS1/john_branch/install/forestguard_colour/share/forestguard_colour/launch
[0.814s] Invoked command in '/home/john/git/RS1/john_branch/build/forestguard_colour' returned '0': PYTHONPATH=/home/john/git/RS1/john_branch/build/forestguard_colour/prefix_override:/usr/lib/python3/dist-packages/colcon_core/task/python/colcon_distutils_commands:/home/john/git/RS1/john_branch/install/forestguard_colour/lib/python3.10/site-packages:${PYTHONPATH} /usr/bin/python3 -W ignore:setup.py install is deprecated -W ignore:easy_install command is deprecated setup.py develop --editable --build-directory /home/john/git/RS1/john_branch/build/forestguard_colour/build --no-deps symlink_data
