[0.715s] Invoking command in '/home/claudia/ForestGuard/build/forest_localization': CMAKE_PREFIX_PATH=${CMAKE_PREFIX_PATH}:/home/claudia/ForestGuard/install/forest_guard_sim:/home/claudia/ros2_ws/install/examples_rclcpp_minimal_publisher:/home/claudia/ros2_ws/install/a3_support:/opt/ros/humble /usr/bin/cmake --build /home/claudia/ForestGuard/build/forest_localization -- -j16 -l16
[0.803s] [100%] Built target forest_localization
[0.817s] Invoked command in '/home/claudia/ForestGuard/build/forest_localization' returned '0': CMAKE_PREFIX_PATH=${CMAKE_PREFIX_PATH}:/home/claudia/ForestGuard/install/forest_guard_sim:/home/claudia/ros2_ws/install/examples_rclcpp_minimal_publisher:/home/claudia/ros2_ws/install/a3_support:/opt/ros/humble /usr/bin/cmake --build /home/claudia/ForestGuard/build/forest_localization -- -j16 -l16
[0.821s] Invoking command in '/home/claudia/ForestGuard/build/forest_localization': CMAKE_PREFIX_PATH=${CMAKE_PREFIX_PATH}:/home/claudia/ForestGuard/install/forest_guard_sim:/home/claudia/ros2_ws/install/examples_rclcpp_minimal_publisher:/home/claudia/ros2_ws/install/a3_support:/opt/ros/humble /usr/bin/cmake --install /home/claudia/ForestGuard/build/forest_localization
[0.830s] -- Install configuration: ""
[0.831s] -- Execute custom install script
[0.832s] -- Up-to-date symlink: /home/claudia/ForestGuard/install/forest_localization/lib/forest_localization/forest_localization
[0.834s] -- Up-to-date symlink: /home/claudia/ForestGuard/install/forest_localization/include/forest_localization/amcl_localization.h
[0.835s] -- Up-to-date symlink: /home/claudia/ForestGuard/install/forest_localization/share/ament_index/resource_index/package_run_dependencies/forest_localization
[0.836s] -- Up-to-date symlink: /home/claudia/ForestGuard/install/forest_localization/share/ament_index/resource_index/parent_prefix_path/forest_localization
[0.836s] -- Up-to-date symlink: /home/claudia/ForestGuard/install/forest_localization/share/forest_localization/environment/ament_prefix_path.sh
[0.837s] -- Up-to-date symlink: /home/claudia/ForestGuard/install/forest_localization/share/forest_localization/environment/ament_prefix_path.dsv
[0.837s] -- Up-to-date symlink: /home/claudia/ForestGuard/install/forest_localization/share/forest_localization/environment/path.sh
[0.838s] -- Up-to-date symlink: /home/claudia/ForestGuard/install/forest_localization/share/forest_localization/environment/path.dsv
[0.838s] -- Up-to-date symlink: /home/claudia/ForestGuard/install/forest_localization/share/forest_localization/local_setup.bash
[0.839s] -- Up-to-date symlink: /home/claudia/ForestGuard/install/forest_localization/share/forest_localization/local_setup.sh
[0.839s] -- Up-to-date symlink: /home/claudia/ForestGuard/install/forest_localization/share/forest_localization/local_setup.zsh
[0.840s] -- Up-to-date symlink: /home/claudia/ForestGuard/install/forest_localization/share/forest_localization/local_setup.dsv
[0.840s] -- Symlinking: /home/claudia/ForestGuard/install/forest_localization/share/forest_localization/package.dsv
[0.849s] -- Up-to-date symlink: /home/claudia/ForestGuard/install/forest_localization/share/ament_index/resource_index/packages/forest_localization
[0.850s] -- Up-to-date symlink: /home/claudia/ForestGuard/install/forest_localization/share/forest_localization/cmake/forest_localizationConfig.cmake
[0.851s] -- Up-to-date symlink: /home/claudia/ForestGuard/install/forest_localization/share/forest_localization/cmake/forest_localizationConfig-version.cmake
[0.851s] -- Up-to-date symlink: /home/claudia/ForestGuard/install/forest_localization/share/forest_localization/package.xml
[0.856s] Invoked command in '/home/claudia/ForestGuard/build/forest_localization' returned '0': CMAKE_PREFIX_PATH=${CMAKE_PREFIX_PATH}:/home/claudia/ForestGuard/install/forest_guard_sim:/home/claudia/ros2_ws/install/examples_rclcpp_minimal_publisher:/home/claudia/ros2_ws/install/a3_support:/opt/ros/humble /usr/bin/cmake --install /home/claudia/ForestGuard/build/forest_localization
