[0.008s] Invoking command in '/home/john/git/RS1/John_branch/build/john': CMAKE_PREFIX_PATH=${CMAKE_PREFIX_PATH}:/opt/ros/humble /usr/bin/cmake /home/john/git/RS1/John_branch/src/john -DAMENT_CMAKE_SYMLINK_INSTALL=1 -DCMAKE_INSTALL_PREFIX=/home/john/git/RS1/John_branch/install/john
[0.125s] -- The C compiler identification is GNU 11.4.0
[0.220s] -- The CXX compiler identification is GNU 11.4.0
[0.232s] -- Detecting C compiler ABI info
[0.339s] -- Detecting C compiler ABI info - done
[0.348s] -- Check for working C compiler: /usr/bin/cc - skipped
[0.349s] -- Detecting C compile features
[0.350s] -- Detecting C compile features - done
[0.355s] -- Detecting CXX compiler ABI info
[0.462s] -- Detecting CXX compiler ABI info - done
[0.475s] -- Check for working CXX compiler: /usr/bin/c++ - skipped
[0.475s] -- Detecting CXX compile features
[0.476s] -- Detecting CXX compile features - done
[0.481s] -- Found ament_cmake: 1.3.12 (/opt/ros/humble/share/ament_cmake/cmake)
[0.633s] -- Found Python3: /usr/bin/python3 (found version "3.10.12") found components: Interpreter 
[0.679s] -- Override CMake install command with custom implementation using symlinks instead of copying resources
[0.702s] -- Found ros_ign_interfaces: 0.244.20 (/opt/ros/humble/share/ros_ign_interfaces/cmake)
[0.731s] -- Found rosidl_generator_c: 3.1.7 (/opt/ros/humble/share/rosidl_generator_c/cmake)
[0.735s] -- Found rosidl_adapter: 3.1.7 (/opt/ros/humble/share/rosidl_adapter/cmake)
[0.742s] -- Found rosidl_generator_cpp: 3.1.7 (/opt/ros/humble/share/rosidl_generator_cpp/cmake)
[0.753s] -- Using all available rosidl_typesupport_c: rosidl_typesupport_fastrtps_c;rosidl_typesupport_introspection_c
[0.766s] -- Using all available rosidl_typesupport_cpp: rosidl_typesupport_fastrtps_cpp;rosidl_typesupport_introspection_cpp
[0.840s] -- Found ament_lint_auto: 0.12.14 (/opt/ros/humble/share/ament_lint_auto/cmake)
[0.907s] -- Added test 'copyright' to check source files copyright and LICENSE
[0.910s] -- Added test 'flake8' to check Python code syntax and style conventions
[0.911s] -- Added test 'lint_cmake' to check CMake code style
[0.911s] -- Added test 'pep257' to check Python code against some of the docstring style conventions in PEP 257
[0.913s] -- Added test 'xmllint' to check XML markup files
[0.914s] -- Configuring done
[0.916s] -- Generating done
[0.917s] -- Build files have been written to: /home/john/git/RS1/John_branch/build/john
[0.923s] Invoked command in '/home/john/git/RS1/John_branch/build/john' returned '0': CMAKE_PREFIX_PATH=${CMAKE_PREFIX_PATH}:/opt/ros/humble /usr/bin/cmake /home/john/git/RS1/John_branch/src/john -DAMENT_CMAKE_SYMLINK_INSTALL=1 -DCMAKE_INSTALL_PREFIX=/home/john/git/RS1/John_branch/install/john
[0.926s] Invoking command in '/home/john/git/RS1/John_branch/build/john': CMAKE_PREFIX_PATH=${CMAKE_PREFIX_PATH}:/opt/ros/humble /usr/bin/cmake --build /home/john/git/RS1/John_branch/build/john -- -j20 -l20
[0.960s] Invoked command in '/home/john/git/RS1/John_branch/build/john' returned '0': CMAKE_PREFIX_PATH=${CMAKE_PREFIX_PATH}:/opt/ros/humble /usr/bin/cmake --build /home/john/git/RS1/John_branch/build/john -- -j20 -l20
[0.973s] Invoking command in '/home/john/git/RS1/John_branch/build/john': CMAKE_PREFIX_PATH=${CMAKE_PREFIX_PATH}:/opt/ros/humble /usr/bin/cmake --install /home/john/git/RS1/John_branch/build/john
[0.983s] -- Install configuration: ""
[0.984s] -- Execute custom install script
[0.985s] -- Symlinking: /home/john/git/RS1/John_branch/install/john/share/john/config/gazebo_bridge.yaml
[0.994s] -- Symlinking: /home/john/git/RS1/John_branch/install/john/share/john/config/john.rviz
[1.002s] -- Symlinking: /home/john/git/RS1/John_branch/install/john/share/john/config/nav2_params.yaml
[1.018s] -- Symlinking: /home/john/git/RS1/John_branch/install/john/share/john/config/robot_localization.yaml
[1.028s] -- Symlinking: /home/john/git/RS1/John_branch/install/john/share/john/config/slam_params.yaml
[1.040s] -- Symlinking: /home/john/git/RS1/John_branch/install/john/share/john/launch/john.launch.py
[1.048s] -- Symlinking: /home/john/git/RS1/John_branch/install/john/share/john/launch/johnNavigation.launch.py
[1.066s] -- Symlinking: /home/john/git/RS1/John_branch/install/john/share/john/models/forest_env/materials/textures/empty_grass.png
[1.081s] -- Symlinking: /home/john/git/RS1/John_branch/install/john/share/john/models/forest_env/meshes/Environment.dae
[1.097s] -- Symlinking: /home/john/git/RS1/John_branch/install/john/share/john/models/forest_env/meshes/Environment1.dae
[1.108s] -- Symlinking: /home/john/git/RS1/John_branch/install/john/share/john/models/forest_env/meshes/empty_grass.png.001.png
[1.122s] -- Symlinking: /home/john/git/RS1/John_branch/install/john/share/john/models/forest_env/model.config
[1.136s] -- Symlinking: /home/john/git/RS1/John_branch/install/john/share/john/models/forest_env/model.sdf
[1.148s] -- Symlinking: /home/john/git/RS1/John_branch/install/john/share/john/models/tree1/materials/textures/bark01.jpg
[1.159s] -- Symlinking: /home/john/git/RS1/John_branch/install/john/share/john/models/tree1/meshes/tree_a.dae
[1.167s] -- Symlinking: /home/john/git/RS1/John_branch/install/john/share/john/models/tree1/model.config
[1.175s] -- Symlinking: /home/john/git/RS1/John_branch/install/john/share/john/models/tree1/model.sdf
[1.182s] -- Symlinking: /home/john/git/RS1/John_branch/install/john/share/john/models/tree2/materials/textures/bark.jpeg
[1.190s] -- Symlinking: /home/john/git/RS1/John_branch/install/john/share/john/models/tree2/meshes/tree_b.dae
[1.203s] -- Symlinking: /home/john/git/RS1/John_branch/install/john/share/john/models/tree2/model.config
[1.214s] -- Symlinking: /home/john/git/RS1/John_branch/install/john/share/john/models/tree2/model.sdf
[1.223s] -- Symlinking: /home/john/git/RS1/John_branch/install/john/share/john/urdf/common_properties.urdf.xacro
[1.232s] -- Symlinking: /home/john/git/RS1/John_branch/install/john/share/john/urdf/husky.gazebo.xacro
[1.244s] -- Symlinking: /home/john/git/RS1/John_branch/install/john/share/john/urdf/husky.urdf.xacro
[1.257s] -- Symlinking: /home/john/git/RS1/John_branch/install/john/share/john/urdf/meshes/base_link.dae
[1.267s] -- Symlinking: /home/john/git/RS1/John_branch/install/john/share/john/urdf/meshes/bumper.dae
[1.278s] -- Symlinking: /home/john/git/RS1/John_branch/install/john/share/john/urdf/meshes/jpl04_arch_nosensor.stl
[1.288s] -- Symlinking: /home/john/git/RS1/John_branch/install/john/share/john/urdf/meshes/top_chassis.dae
[1.300s] -- Symlinking: /home/john/git/RS1/John_branch/install/john/share/john/urdf/meshes/top_plate.dae
[1.310s] -- Symlinking: /home/john/git/RS1/John_branch/install/john/share/john/urdf/meshes/wheel.dae
[1.318s] -- Symlinking: /home/john/git/RS1/John_branch/install/john/share/john/urdf/wheel.urdf.xacro
[1.327s] -- Symlinking: /home/john/git/RS1/John_branch/install/john/share/john/worlds/forest.world.sdf
[1.338s] -- Symlinking: /home/john/git/RS1/John_branch/install/john/share/ament_index/resource_index/package_run_dependencies/john
[1.349s] -- Symlinking: /home/john/git/RS1/John_branch/install/john/share/ament_index/resource_index/parent_prefix_path/john
[1.358s] -- Symlinking: /home/john/git/RS1/John_branch/install/john/share/john/environment/ament_prefix_path.sh
[1.366s] -- Symlinking: /home/john/git/RS1/John_branch/install/john/share/john/environment/ament_prefix_path.dsv
[1.372s] -- Symlinking: /home/john/git/RS1/John_branch/install/john/share/john/environment/path.sh
[1.381s] -- Symlinking: /home/john/git/RS1/John_branch/install/john/share/john/environment/path.dsv
[1.391s] -- Symlinking: /home/john/git/RS1/John_branch/install/john/share/john/local_setup.bash
[1.401s] -- Symlinking: /home/john/git/RS1/John_branch/install/john/share/john/local_setup.sh
[1.411s] -- Symlinking: /home/john/git/RS1/John_branch/install/john/share/john/local_setup.zsh
[1.420s] -- Symlinking: /home/john/git/RS1/John_branch/install/john/share/john/local_setup.dsv
[1.429s] -- Symlinking: /home/john/git/RS1/John_branch/install/john/share/john/package.dsv
[1.440s] -- Symlinking: /home/john/git/RS1/John_branch/install/john/share/ament_index/resource_index/packages/john
[1.450s] -- Symlinking: /home/john/git/RS1/John_branch/install/john/share/john/cmake/johnConfig.cmake
[1.461s] -- Symlinking: /home/john/git/RS1/John_branch/install/john/share/john/cmake/johnConfig-version.cmake
[1.471s] -- Symlinking: /home/john/git/RS1/John_branch/install/john/share/john/package.xml
[1.484s] Invoked command in '/home/john/git/RS1/John_branch/build/john' returned '0': CMAKE_PREFIX_PATH=${CMAKE_PREFIX_PATH}:/opt/ros/humble /usr/bin/cmake --install /home/john/git/RS1/John_branch/build/john
