[0.268s] DEBUG:colcon:Command line arguments: ['/usr/bin/colcon', 'build', '--symlink-install', '--packages-select', 'forest_husky', 'husky_controller']
[0.269s] DEBUG:colcon:Parsed command line arguments: Namespace(log_base=None, log_level=None, verb_name='build', build_base='build', install_base='install', merge_install=False, symlink_install=True, test_result_base=None, continue_on_error=False, executor='parallel', parallel_workers=16, event_handlers=None, ignore_user_meta=False, metas=['./colcon.meta'], base_paths=['.'], packages_ignore=None, packages_ignore_regex=None, paths=None, packages_up_to=None, packages_up_to_regex=None, packages_above=None, packages_above_and_dependencies=None, packages_above_depth=None, packages_select_by_dep=None, packages_skip_by_dep=None, packages_skip_up_to=None, packages_select_build_failed=False, packages_skip_build_finished=False, packages_select_test_failures=False, packages_skip_test_passed=False, packages_select=['forest_husky', 'husky_controller'], packages_skip=None, packages_select_regex=None, packages_skip_regex=None, packages_start=None, packages_end=None, allow_overriding=[], cmake_args=None, cmake_target=None, cmake_target_skip_unavailable=False, cmake_clean_cache=False, cmake_clean_first=False, cmake_force_configure=False, ament_cmake_args=None, catkin_cmake_args=None, catkin_skip_building_tests=False, verb_parser=<colcon_defaults.argument_parser.defaults.DefaultArgumentsDecorator object at 0x74b021b06320>, verb_extension=<colcon_core.verb.build.BuildVerb object at 0x74b021b05e10>, main=<bound method BuildVerb.main of <colcon_core.verb.build.BuildVerb object at 0x74b021b05e10>>)
[0.761s] Level 1:colcon.colcon_core.package_discovery:discover_packages(colcon_meta) check parameters
[0.761s] Level 1:colcon.colcon_core.package_discovery:discover_packages(recursive) check parameters
[0.761s] Level 1:colcon.colcon_core.package_discovery:discover_packages(ignore) check parameters
[0.761s] Level 1:colcon.colcon_core.package_discovery:discover_packages(path) check parameters
[0.761s] Level 1:colcon.colcon_core.package_discovery:discover_packages(colcon_meta) discover
[0.762s] Level 1:colcon.colcon_core.package_discovery:discover_packages(recursive) discover
[0.762s] INFO:colcon.colcon_core.package_discovery:Crawling recursively for packages in '/home/claudia/ForestGuard'
[0.762s] Level 1:colcon.colcon_core.package_identification:_identify(.) by extensions ['ignore', 'ignore_ament_install']
[0.762s] Level 1:colcon.colcon_core.package_identification:_identify(.) by extension 'ignore'
[0.762s] Level 1:colcon.colcon_core.package_identification:_identify(.) by extension 'ignore_ament_install'
[0.763s] Level 1:colcon.colcon_core.package_identification:_identify(.) by extensions ['colcon_pkg']
[0.763s] Level 1:colcon.colcon_core.package_identification:_identify(.) by extension 'colcon_pkg'
[0.763s] Level 1:colcon.colcon_core.package_identification:_identify(.) by extensions ['colcon_meta']
[0.763s] Level 1:colcon.colcon_core.package_identification:_identify(.) by extension 'colcon_meta'
[0.763s] Level 1:colcon.colcon_core.package_identification:_identify(.) by extensions ['ros']
[0.763s] Level 1:colcon.colcon_core.package_identification:_identify(.) by extension 'ros'
[0.792s] Level 1:colcon.colcon_core.package_identification:_identify(.) by extensions ['cmake', 'python']
[0.792s] Level 1:colcon.colcon_core.package_identification:_identify(.) by extension 'cmake'
[0.792s] Level 1:colcon.colcon_core.package_identification:_identify(.) by extension 'python'
[0.792s] Level 1:colcon.colcon_core.package_identification:_identify(.) by extensions ['python_setup_py']
[0.792s] Level 1:colcon.colcon_core.package_identification:_identify(.) by extension 'python_setup_py'
[0.793s] Level 1:colcon.colcon_core.package_identification:_identify(build) by extensions ['ignore', 'ignore_ament_install']
[0.793s] Level 1:colcon.colcon_core.package_identification:_identify(build) by extension 'ignore'
[0.793s] Level 1:colcon.colcon_core.package_identification:_identify(build) ignored
[0.793s] Level 1:colcon.colcon_core.package_identification:_identify(install) by extensions ['ignore', 'ignore_ament_install']
[0.794s] Level 1:colcon.colcon_core.package_identification:_identify(install) by extension 'ignore'
[0.794s] Level 1:colcon.colcon_core.package_identification:_identify(install) ignored
[0.794s] Level 1:colcon.colcon_core.package_identification:_identify(log) by extensions ['ignore', 'ignore_ament_install']
[0.794s] Level 1:colcon.colcon_core.package_identification:_identify(log) by extension 'ignore'
[0.794s] Level 1:colcon.colcon_core.package_identification:_identify(log) ignored
[0.795s] Level 1:colcon.colcon_core.package_identification:_identify(src) by extensions ['ignore', 'ignore_ament_install']
[0.795s] Level 1:colcon.colcon_core.package_identification:_identify(src) by extension 'ignore'
[0.795s] Level 1:colcon.colcon_core.package_identification:_identify(src) by extension 'ignore_ament_install'
[0.795s] Level 1:colcon.colcon_core.package_identification:_identify(src) by extensions ['colcon_pkg']
[0.796s] Level 1:colcon.colcon_core.package_identification:_identify(src) by extension 'colcon_pkg'
[0.796s] Level 1:colcon.colcon_core.package_identification:_identify(src) by extensions ['colcon_meta']
[0.796s] Level 1:colcon.colcon_core.package_identification:_identify(src) by extension 'colcon_meta'
[0.796s] Level 1:colcon.colcon_core.package_identification:_identify(src) by extensions ['ros']
[0.796s] Level 1:colcon.colcon_core.package_identification:_identify(src) by extension 'ros'
[0.796s] Level 1:colcon.colcon_core.package_identification:_identify(src) by extensions ['cmake', 'python']
[0.796s] Level 1:colcon.colcon_core.package_identification:_identify(src) by extension 'cmake'
[0.797s] Level 1:colcon.colcon_core.package_identification:_identify(src) by extension 'python'
[0.797s] Level 1:colcon.colcon_core.package_identification:_identify(src) by extensions ['python_setup_py']
[0.797s] Level 1:colcon.colcon_core.package_identification:_identify(src) by extension 'python_setup_py'
[0.797s] Level 1:colcon.colcon_core.package_identification:_identify(src/build) by extensions ['ignore', 'ignore_ament_install']
[0.797s] Level 1:colcon.colcon_core.package_identification:_identify(src/build) by extension 'ignore'
[0.797s] Level 1:colcon.colcon_core.package_identification:_identify(src/build) ignored
[0.798s] Level 1:colcon.colcon_core.package_identification:_identify(src/forest_guard_sim) by extensions ['ignore', 'ignore_ament_install']
[0.798s] Level 1:colcon.colcon_core.package_identification:_identify(src/forest_guard_sim) by extension 'ignore'
[0.798s] Level 1:colcon.colcon_core.package_identification:_identify(src/forest_guard_sim) by extension 'ignore_ament_install'
[0.798s] Level 1:colcon.colcon_core.package_identification:_identify(src/forest_guard_sim) by extensions ['colcon_pkg']
[0.798s] Level 1:colcon.colcon_core.package_identification:_identify(src/forest_guard_sim) by extension 'colcon_pkg'
[0.798s] Level 1:colcon.colcon_core.package_identification:_identify(src/forest_guard_sim) by extensions ['colcon_meta']
[0.799s] Level 1:colcon.colcon_core.package_identification:_identify(src/forest_guard_sim) by extension 'colcon_meta'
[0.799s] Level 1:colcon.colcon_core.package_identification:_identify(src/forest_guard_sim) by extensions ['ros']
[0.799s] Level 1:colcon.colcon_core.package_identification:_identify(src/forest_guard_sim) by extension 'ros'
[0.821s] DEBUG:colcon.colcon_core.package_identification:Package 'src/forest_guard_sim' with type 'ros.ament_python' and name 'forest_guard_sim'
[0.822s] Level 1:colcon.colcon_core.package_identification:_identify(src/forest_husky) by extensions ['ignore', 'ignore_ament_install']
[0.822s] Level 1:colcon.colcon_core.package_identification:_identify(src/forest_husky) by extension 'ignore'
[0.822s] Level 1:colcon.colcon_core.package_identification:_identify(src/forest_husky) by extension 'ignore_ament_install'
[0.823s] Level 1:colcon.colcon_core.package_identification:_identify(src/forest_husky) by extensions ['colcon_pkg']
[0.823s] Level 1:colcon.colcon_core.package_identification:_identify(src/forest_husky) by extension 'colcon_pkg'
[0.823s] Level 1:colcon.colcon_core.package_identification:_identify(src/forest_husky) by extensions ['colcon_meta']
[0.823s] Level 1:colcon.colcon_core.package_identification:_identify(src/forest_husky) by extension 'colcon_meta'
[0.823s] Level 1:colcon.colcon_core.package_identification:_identify(src/forest_husky) by extensions ['ros']
[0.823s] Level 1:colcon.colcon_core.package_identification:_identify(src/forest_husky) by extension 'ros'
[0.825s] DEBUG:colcon.colcon_core.package_identification:Package 'src/forest_husky' with type 'ros.ament_cmake' and name 'forest_husky'
[0.826s] Level 1:colcon.colcon_core.package_identification:_identify(src/husky_controller) by extensions ['ignore', 'ignore_ament_install']
[0.826s] Level 1:colcon.colcon_core.package_identification:_identify(src/husky_controller) by extension 'ignore'
[0.826s] Level 1:colcon.colcon_core.package_identification:_identify(src/husky_controller) by extension 'ignore_ament_install'
[0.826s] Level 1:colcon.colcon_core.package_identification:_identify(src/husky_controller) by extensions ['colcon_pkg']
[0.826s] Level 1:colcon.colcon_core.package_identification:_identify(src/husky_controller) by extension 'colcon_pkg'
[0.826s] Level 1:colcon.colcon_core.package_identification:_identify(src/husky_controller) by extensions ['colcon_meta']
[0.826s] Level 1:colcon.colcon_core.package_identification:_identify(src/husky_controller) by extension 'colcon_meta'
[0.827s] Level 1:colcon.colcon_core.package_identification:_identify(src/husky_controller) by extensions ['ros']
[0.827s] Level 1:colcon.colcon_core.package_identification:_identify(src/husky_controller) by extension 'ros'
[0.829s] DEBUG:colcon.colcon_core.package_identification:Package 'src/husky_controller' with type 'ros.ament_cmake' and name 'husky_controller'
[0.829s] Level 1:colcon.colcon_core.package_identification:_identify(src/install) by extensions ['ignore', 'ignore_ament_install']
[0.829s] Level 1:colcon.colcon_core.package_identification:_identify(src/install) by extension 'ignore'
[0.829s] Level 1:colcon.colcon_core.package_identification:_identify(src/install) ignored
[0.830s] Level 1:colcon.colcon_core.package_identification:_identify(src/log) by extensions ['ignore', 'ignore_ament_install']
[0.830s] Level 1:colcon.colcon_core.package_identification:_identify(src/log) by extension 'ignore'
[0.830s] Level 1:colcon.colcon_core.package_identification:_identify(src/log) ignored
[0.830s] Level 1:colcon.colcon_core.package_discovery:discover_packages(recursive) using defaults
[0.831s] Level 1:colcon.colcon_core.package_discovery:discover_packages(ignore) discover
[0.831s] Level 1:colcon.colcon_core.package_discovery:discover_packages(ignore) using defaults
[0.831s] Level 1:colcon.colcon_core.package_discovery:discover_packages(path) discover
[0.831s] Level 1:colcon.colcon_core.package_discovery:discover_packages(path) using defaults
[0.879s] INFO:colcon.colcon_core.package_selection:Skipping not selected package 'forest_guard_sim' in 'src/forest_guard_sim'
[0.881s] Level 1:colcon.colcon_core.package_discovery:discover_packages(prefix_path) check parameters
[0.881s] Level 1:colcon.colcon_core.package_discovery:discover_packages(prefix_path) discover
[0.887s] DEBUG:colcon.colcon_installed_package_information.package_discovery:Found 2 installed packages in /home/claudia/ForestGuard/install
[0.888s] DEBUG:colcon.colcon_installed_package_information.package_discovery:Found 2 installed packages in /home/claudia/rs1_ws/install
[0.890s] DEBUG:colcon.colcon_installed_package_information.package_discovery:Found 11 installed packages in /home/claudia/ros2_ws/install
[0.895s] DEBUG:colcon.colcon_installed_package_information.package_discovery:Found 479 installed packages in /opt/ros/humble
[0.902s] Level 1:colcon.colcon_core.package_discovery:discover_packages(prefix_path) using defaults
[1.047s] Level 5:colcon.colcon_core.verb:set package 'forest_husky' build argument 'cmake_args' from command line to 'None'
[1.047s] Level 5:colcon.colcon_core.verb:set package 'forest_husky' build argument 'cmake_target' from command line to 'None'
[1.047s] Level 5:colcon.colcon_core.verb:set package 'forest_husky' build argument 'cmake_target_skip_unavailable' from command line to 'False'
[1.047s] Level 5:colcon.colcon_core.verb:set package 'forest_husky' build argument 'cmake_clean_cache' from command line to 'False'
[1.047s] Level 5:colcon.colcon_core.verb:set package 'forest_husky' build argument 'cmake_clean_first' from command line to 'False'
[1.047s] Level 5:colcon.colcon_core.verb:set package 'forest_husky' build argument 'cmake_force_configure' from command line to 'False'
[1.047s] Level 5:colcon.colcon_core.verb:set package 'forest_husky' build argument 'ament_cmake_args' from command line to 'None'
[1.047s] Level 5:colcon.colcon_core.verb:set package 'forest_husky' build argument 'catkin_cmake_args' from command line to 'None'
[1.047s] Level 5:colcon.colcon_core.verb:set package 'forest_husky' build argument 'catkin_skip_building_tests' from command line to 'False'
[1.048s] DEBUG:colcon.colcon_core.verb:Building package 'forest_husky' with the following arguments: {'ament_cmake_args': None, 'build_base': '/home/claudia/ForestGuard/build/forest_husky', 'catkin_cmake_args': None, 'catkin_skip_building_tests': False, 'cmake_args': None, 'cmake_clean_cache': False, 'cmake_clean_first': False, 'cmake_force_configure': False, 'cmake_target': None, 'cmake_target_skip_unavailable': False, 'install_base': '/home/claudia/ForestGuard/install/forest_husky', 'merge_install': False, 'path': '/home/claudia/ForestGuard/src/forest_husky', 'symlink_install': True, 'test_result_base': None}
[1.049s] Level 5:colcon.colcon_core.verb:set package 'husky_controller' build argument 'cmake_args' from command line to 'None'
[1.049s] Level 5:colcon.colcon_core.verb:set package 'husky_controller' build argument 'cmake_target' from command line to 'None'
[1.049s] Level 5:colcon.colcon_core.verb:set package 'husky_controller' build argument 'cmake_target_skip_unavailable' from command line to 'False'
[1.049s] Level 5:colcon.colcon_core.verb:set package 'husky_controller' build argument 'cmake_clean_cache' from command line to 'False'
[1.049s] Level 5:colcon.colcon_core.verb:set package 'husky_controller' build argument 'cmake_clean_first' from command line to 'False'
[1.049s] Level 5:colcon.colcon_core.verb:set package 'husky_controller' build argument 'cmake_force_configure' from command line to 'False'
[1.049s] Level 5:colcon.colcon_core.verb:set package 'husky_controller' build argument 'ament_cmake_args' from command line to 'None'
[1.049s] Level 5:colcon.colcon_core.verb:set package 'husky_controller' build argument 'catkin_cmake_args' from command line to 'None'
[1.049s] Level 5:colcon.colcon_core.verb:set package 'husky_controller' build argument 'catkin_skip_building_tests' from command line to 'False'
[1.049s] DEBUG:colcon.colcon_core.verb:Building package 'husky_controller' with the following arguments: {'ament_cmake_args': None, 'build_base': '/home/claudia/ForestGuard/build/husky_controller', 'catkin_cmake_args': None, 'catkin_skip_building_tests': False, 'cmake_args': None, 'cmake_clean_cache': False, 'cmake_clean_first': False, 'cmake_force_configure': False, 'cmake_target': None, 'cmake_target_skip_unavailable': False, 'install_base': '/home/claudia/ForestGuard/install/husky_controller', 'merge_install': False, 'path': '/home/claudia/ForestGuard/src/husky_controller', 'symlink_install': True, 'test_result_base': None}
[1.050s] INFO:colcon.colcon_core.executor:Executing jobs using 'parallel' executor
[1.052s] DEBUG:colcon.colcon_parallel_executor.executor.parallel:run_until_complete
[1.053s] INFO:colcon.colcon_ros.task.ament_cmake.build:Building ROS package in '/home/claudia/ForestGuard/src/forest_husky' with build type 'ament_cmake'
[1.053s] INFO:colcon.colcon_cmake.task.cmake.build:Building CMake package in '/home/claudia/ForestGuard/src/forest_husky'
[1.058s] INFO:colcon.colcon_core.plugin_system:Skipping extension 'colcon_core.shell.bat': Not used on non-Windows systems
[1.059s] INFO:colcon.colcon_core.shell:Skip shell extension 'powershell' for command environment: Not usable outside of PowerShell
[1.059s] DEBUG:colcon.colcon_core.shell:Skip shell extension 'dsv' for command environment
[1.075s] INFO:colcon.colcon_ros.task.ament_cmake.build:Building ROS package in '/home/claudia/ForestGuard/src/husky_controller' with build type 'ament_cmake'
[1.075s] INFO:colcon.colcon_cmake.task.cmake.build:Building CMake package in '/home/claudia/ForestGuard/src/husky_controller'
[1.076s] INFO:colcon.colcon_core.shell:Skip shell extension 'powershell' for command environment: Not usable outside of PowerShell
[1.076s] DEBUG:colcon.colcon_core.shell:Skip shell extension 'dsv' for command environment
[1.105s] DEBUG:colcon.colcon_core.event_handler.log_command:Invoking command in '/home/claudia/ForestGuard/build/forest_husky': CMAKE_PREFIX_PATH=${CMAKE_PREFIX_PATH}:/home/claudia/ros2_ws/install/examples_rclcpp_minimal_publisher:/home/claudia/ros2_ws/install/a3_support:/opt/ros/humble /usr/bin/cmake --build /home/claudia/ForestGuard/build/forest_husky -- -j16 -l16
[1.114s] DEBUG:colcon.colcon_core.event_handler.log_command:Invoking command in '/home/claudia/ForestGuard/build/husky_controller': CMAKE_PREFIX_PATH=${CMAKE_PREFIX_PATH}:/home/claudia/ros2_ws/install/examples_rclcpp_minimal_publisher:/home/claudia/ros2_ws/install/a3_support:/opt/ros/humble /usr/bin/cmake --build /home/claudia/ForestGuard/build/husky_controller -- -j16 -l16
[1.155s] DEBUG:colcon.colcon_core.event_handler.log_command:Invoked command in '/home/claudia/ForestGuard/build/forest_husky' returned '0': CMAKE_PREFIX_PATH=${CMAKE_PREFIX_PATH}:/home/claudia/ros2_ws/install/examples_rclcpp_minimal_publisher:/home/claudia/ros2_ws/install/a3_support:/opt/ros/humble /usr/bin/cmake --build /home/claudia/ForestGuard/build/forest_husky -- -j16 -l16
[1.169s] DEBUG:colcon.colcon_core.event_handler.log_command:Invoking command in '/home/claudia/ForestGuard/build/forest_husky': CMAKE_PREFIX_PATH=${CMAKE_PREFIX_PATH}:/home/claudia/ros2_ws/install/examples_rclcpp_minimal_publisher:/home/claudia/ros2_ws/install/a3_support:/opt/ros/humble /usr/bin/cmake --install /home/claudia/ForestGuard/build/forest_husky
[1.172s] DEBUG:colcon.colcon_core.event_handler.log_command:Invoked command in '/home/claudia/ForestGuard/build/husky_controller' returned '0': CMAKE_PREFIX_PATH=${CMAKE_PREFIX_PATH}:/home/claudia/ros2_ws/install/examples_rclcpp_minimal_publisher:/home/claudia/ros2_ws/install/a3_support:/opt/ros/humble /usr/bin/cmake --build /home/claudia/ForestGuard/build/husky_controller -- -j16 -l16
[1.176s] DEBUG:colcon.colcon_core.event_handler.log_command:Invoking command in '/home/claudia/ForestGuard/build/husky_controller': CMAKE_PREFIX_PATH=${CMAKE_PREFIX_PATH}:/home/claudia/ros2_ws/install/examples_rclcpp_minimal_publisher:/home/claudia/ros2_ws/install/a3_support:/opt/ros/humble /usr/bin/cmake --install /home/claudia/ForestGuard/build/husky_controller
[1.205s] Level 1:colcon.colcon_core.environment:create_environment_scripts_only(husky_controller)
[1.207s] DEBUG:colcon.colcon_core.event_handler.log_command:Invoked command in '/home/claudia/ForestGuard/build/husky_controller' returned '0': CMAKE_PREFIX_PATH=${CMAKE_PREFIX_PATH}:/home/claudia/ros2_ws/install/examples_rclcpp_minimal_publisher:/home/claudia/ros2_ws/install/a3_support:/opt/ros/humble /usr/bin/cmake --install /home/claudia/ForestGuard/build/husky_controller
[1.211s] Level 1:colcon.colcon_core.environment:checking '/home/claudia/ForestGuard/install/husky_controller' for CMake module files
[1.213s] Level 1:colcon.colcon_core.environment:checking '/home/claudia/ForestGuard/install/husky_controller' for CMake config files
[1.216s] Level 1:colcon.colcon_core.shell:create_environment_hook('husky_controller', 'cmake_prefix_path')
[1.217s] INFO:colcon.colcon_core.shell:Creating environment hook '/home/claudia/ForestGuard/install/husky_controller/share/husky_controller/hook/cmake_prefix_path.ps1'
[1.219s] INFO:colcon.colcon_core.shell:Creating environment descriptor '/home/claudia/ForestGuard/install/husky_controller/share/husky_controller/hook/cmake_prefix_path.dsv'
[1.220s] INFO:colcon.colcon_core.shell:Creating environment hook '/home/claudia/ForestGuard/install/husky_controller/share/husky_controller/hook/cmake_prefix_path.sh'
[1.222s] Level 1:colcon.colcon_core.environment:checking '/home/claudia/ForestGuard/install/husky_controller/bin'
[1.222s] Level 1:colcon.colcon_core.environment:checking '/home/claudia/ForestGuard/install/husky_controller/lib/pkgconfig/husky_controller.pc'
[1.223s] Level 1:colcon.colcon_core.environment:checking '/home/claudia/ForestGuard/install/husky_controller/lib/python3.10/site-packages'
[1.223s] Level 1:colcon.colcon_core.environment:checking '/home/claudia/ForestGuard/install/husky_controller/bin'
[1.224s] INFO:colcon.colcon_core.shell:Creating package script '/home/claudia/ForestGuard/install/husky_controller/share/husky_controller/package.ps1'
[1.225s] INFO:colcon.colcon_core.shell:Creating package descriptor '/home/claudia/ForestGuard/install/husky_controller/share/husky_controller/package.dsv'
[1.226s] INFO:colcon.colcon_core.shell:Creating package script '/home/claudia/ForestGuard/install/husky_controller/share/husky_controller/package.sh'
[1.228s] INFO:colcon.colcon_core.shell:Creating package script '/home/claudia/ForestGuard/install/husky_controller/share/husky_controller/package.bash'
[1.230s] INFO:colcon.colcon_core.shell:Creating package script '/home/claudia/ForestGuard/install/husky_controller/share/husky_controller/package.zsh'
[1.232s] Level 1:colcon.colcon_core.environment:create_file_with_runtime_dependencies(/home/claudia/ForestGuard/install/husky_controller/share/colcon-core/packages/husky_controller)
[1.234s] Level 1:colcon.colcon_core.environment:create_environment_scripts_only(husky_controller)
[1.235s] Level 1:colcon.colcon_core.environment:checking '/home/claudia/ForestGuard/install/husky_controller' for CMake module files
[1.236s] Level 1:colcon.colcon_core.environment:checking '/home/claudia/ForestGuard/install/husky_controller' for CMake config files
[1.237s] Level 1:colcon.colcon_core.shell:create_environment_hook('husky_controller', 'cmake_prefix_path')
[1.237s] INFO:colcon.colcon_core.shell:Creating environment hook '/home/claudia/ForestGuard/install/husky_controller/share/husky_controller/hook/cmake_prefix_path.ps1'
[1.238s] INFO:colcon.colcon_core.shell:Creating environment descriptor '/home/claudia/ForestGuard/install/husky_controller/share/husky_controller/hook/cmake_prefix_path.dsv'
[1.239s] INFO:colcon.colcon_core.shell:Creating environment hook '/home/claudia/ForestGuard/install/husky_controller/share/husky_controller/hook/cmake_prefix_path.sh'
[1.241s] Level 1:colcon.colcon_core.environment:checking '/home/claudia/ForestGuard/install/husky_controller/bin'
[1.241s] Level 1:colcon.colcon_core.environment:checking '/home/claudia/ForestGuard/install/husky_controller/lib/pkgconfig/husky_controller.pc'
[1.241s] Level 1:colcon.colcon_core.environment:checking '/home/claudia/ForestGuard/install/husky_controller/lib/python3.10/site-packages'
[1.242s] Level 1:colcon.colcon_core.environment:checking '/home/claudia/ForestGuard/install/husky_controller/bin'
[1.242s] INFO:colcon.colcon_core.shell:Creating package script '/home/claudia/ForestGuard/install/husky_controller/share/husky_controller/package.ps1'
[1.244s] INFO:colcon.colcon_core.shell:Creating package descriptor '/home/claudia/ForestGuard/install/husky_controller/share/husky_controller/package.dsv'
[1.245s] INFO:colcon.colcon_core.shell:Creating package script '/home/claudia/ForestGuard/install/husky_controller/share/husky_controller/package.sh'
[1.246s] INFO:colcon.colcon_core.shell:Creating package script '/home/claudia/ForestGuard/install/husky_controller/share/husky_controller/package.bash'
[1.247s] INFO:colcon.colcon_core.shell:Creating package script '/home/claudia/ForestGuard/install/husky_controller/share/husky_controller/package.zsh'
[1.248s] Level 1:colcon.colcon_core.environment:create_file_with_runtime_dependencies(/home/claudia/ForestGuard/install/husky_controller/share/colcon-core/packages/husky_controller)
[1.253s] Level 1:colcon.colcon_core.environment:create_environment_scripts_only(forest_husky)
[1.253s] Level 1:colcon.colcon_core.environment:checking '/home/claudia/ForestGuard/install/forest_husky' for CMake module files
[1.255s] DEBUG:colcon.colcon_core.event_handler.log_command:Invoked command in '/home/claudia/ForestGuard/build/forest_husky' returned '0': CMAKE_PREFIX_PATH=${CMAKE_PREFIX_PATH}:/home/claudia/ros2_ws/install/examples_rclcpp_minimal_publisher:/home/claudia/ros2_ws/install/a3_support:/opt/ros/humble /usr/bin/cmake --install /home/claudia/ForestGuard/build/forest_husky
[1.256s] Level 1:colcon.colcon_core.environment:checking '/home/claudia/ForestGuard/install/forest_husky' for CMake config files
[1.257s] Level 1:colcon.colcon_core.shell:create_environment_hook('forest_husky', 'cmake_prefix_path')
[1.258s] INFO:colcon.colcon_core.shell:Creating environment hook '/home/claudia/ForestGuard/install/forest_husky/share/forest_husky/hook/cmake_prefix_path.ps1'
[1.259s] INFO:colcon.colcon_core.shell:Creating environment descriptor '/home/claudia/ForestGuard/install/forest_husky/share/forest_husky/hook/cmake_prefix_path.dsv'
[1.260s] INFO:colcon.colcon_core.shell:Creating environment hook '/home/claudia/ForestGuard/install/forest_husky/share/forest_husky/hook/cmake_prefix_path.sh'
[1.261s] Level 1:colcon.colcon_core.environment:checking '/home/claudia/ForestGuard/install/forest_husky/bin'
[1.261s] Level 1:colcon.colcon_core.environment:checking '/home/claudia/ForestGuard/install/forest_husky/lib/pkgconfig/forest_husky.pc'
[1.262s] Level 1:colcon.colcon_core.environment:checking '/home/claudia/ForestGuard/install/forest_husky/lib/python3.10/site-packages'
[1.262s] Level 1:colcon.colcon_core.environment:checking '/home/claudia/ForestGuard/install/forest_husky/bin'
[1.263s] INFO:colcon.colcon_core.shell:Creating package script '/home/claudia/ForestGuard/install/forest_husky/share/forest_husky/package.ps1'
[1.264s] INFO:colcon.colcon_core.shell:Creating package descriptor '/home/claudia/ForestGuard/install/forest_husky/share/forest_husky/package.dsv'
[1.265s] INFO:colcon.colcon_core.shell:Creating package script '/home/claudia/ForestGuard/install/forest_husky/share/forest_husky/package.sh'
[1.266s] INFO:colcon.colcon_core.shell:Creating package script '/home/claudia/ForestGuard/install/forest_husky/share/forest_husky/package.bash'
[1.267s] INFO:colcon.colcon_core.shell:Creating package script '/home/claudia/ForestGuard/install/forest_husky/share/forest_husky/package.zsh'
[1.268s] Level 1:colcon.colcon_core.environment:create_file_with_runtime_dependencies(/home/claudia/ForestGuard/install/forest_husky/share/colcon-core/packages/forest_husky)
[1.270s] Level 1:colcon.colcon_core.environment:create_environment_scripts_only(forest_husky)
[1.271s] Level 1:colcon.colcon_core.environment:checking '/home/claudia/ForestGuard/install/forest_husky' for CMake module files
[1.272s] Level 1:colcon.colcon_core.environment:checking '/home/claudia/ForestGuard/install/forest_husky' for CMake config files
[1.273s] Level 1:colcon.colcon_core.shell:create_environment_hook('forest_husky', 'cmake_prefix_path')
[1.273s] INFO:colcon.colcon_core.shell:Creating environment hook '/home/claudia/ForestGuard/install/forest_husky/share/forest_husky/hook/cmake_prefix_path.ps1'
[1.274s] INFO:colcon.colcon_core.shell:Creating environment descriptor '/home/claudia/ForestGuard/install/forest_husky/share/forest_husky/hook/cmake_prefix_path.dsv'
[1.275s] INFO:colcon.colcon_core.shell:Creating environment hook '/home/claudia/ForestGuard/install/forest_husky/share/forest_husky/hook/cmake_prefix_path.sh'
[1.277s] Level 1:colcon.colcon_core.environment:checking '/home/claudia/ForestGuard/install/forest_husky/bin'
[1.277s] Level 1:colcon.colcon_core.environment:checking '/home/claudia/ForestGuard/install/forest_husky/lib/pkgconfig/forest_husky.pc'
[1.277s] Level 1:colcon.colcon_core.environment:checking '/home/claudia/ForestGuard/install/forest_husky/lib/python3.10/site-packages'
[1.278s] Level 1:colcon.colcon_core.environment:checking '/home/claudia/ForestGuard/install/forest_husky/bin'
[1.278s] INFO:colcon.colcon_core.shell:Creating package script '/home/claudia/ForestGuard/install/forest_husky/share/forest_husky/package.ps1'
[1.280s] INFO:colcon.colcon_core.shell:Creating package descriptor '/home/claudia/ForestGuard/install/forest_husky/share/forest_husky/package.dsv'
[1.281s] INFO:colcon.colcon_core.shell:Creating package script '/home/claudia/ForestGuard/install/forest_husky/share/forest_husky/package.sh'
[1.282s] INFO:colcon.colcon_core.shell:Creating package script '/home/claudia/ForestGuard/install/forest_husky/share/forest_husky/package.bash'
[1.283s] INFO:colcon.colcon_core.shell:Creating package script '/home/claudia/ForestGuard/install/forest_husky/share/forest_husky/package.zsh'
[1.285s] Level 1:colcon.colcon_core.environment:create_file_with_runtime_dependencies(/home/claudia/ForestGuard/install/forest_husky/share/colcon-core/packages/forest_husky)
[1.286s] DEBUG:colcon.colcon_parallel_executor.executor.parallel:closing loop
[1.287s] DEBUG:colcon.colcon_parallel_executor.executor.parallel:loop closed
[1.287s] DEBUG:colcon.colcon_parallel_executor.executor.parallel:run_until_complete finished with '0'
[1.288s] DEBUG:colcon.colcon_core.event_reactor:joining thread
[1.300s] INFO:colcon.colcon_core.plugin_system:Skipping extension 'colcon_notification.desktop_notification.terminal_notifier': Not used on non-Darwin systems
[1.301s] INFO:colcon.colcon_core.plugin_system:Skipping extension 'colcon_notification.desktop_notification.win32': Not used on non-Windows systems
[1.301s] INFO:colcon.colcon_notification.desktop_notification:Sending desktop notification using 'notify2'
[1.330s] DEBUG:colcon.colcon_core.event_reactor:joined thread
[1.331s] INFO:colcon.colcon_core.shell:Creating prefix script '/home/claudia/ForestGuard/install/local_setup.ps1'
[1.334s] INFO:colcon.colcon_core.shell:Creating prefix util module '/home/claudia/ForestGuard/install/_local_setup_util_ps1.py'
[1.338s] INFO:colcon.colcon_core.shell:Creating prefix chain script '/home/claudia/ForestGuard/install/setup.ps1'
[1.343s] INFO:colcon.colcon_core.shell:Creating prefix script '/home/claudia/ForestGuard/install/local_setup.sh'
[1.344s] INFO:colcon.colcon_core.shell:Creating prefix util module '/home/claudia/ForestGuard/install/_local_setup_util_sh.py'
[1.346s] INFO:colcon.colcon_core.shell:Creating prefix chain script '/home/claudia/ForestGuard/install/setup.sh'
[1.351s] INFO:colcon.colcon_core.shell:Creating prefix script '/home/claudia/ForestGuard/install/local_setup.bash'
[1.352s] INFO:colcon.colcon_core.shell:Creating prefix chain script '/home/claudia/ForestGuard/install/setup.bash'
[1.356s] INFO:colcon.colcon_core.shell:Creating prefix script '/home/claudia/ForestGuard/install/local_setup.zsh'
[1.357s] INFO:colcon.colcon_core.shell:Creating prefix chain script '/home/claudia/ForestGuard/install/setup.zsh'
