[0.839s] Invoking command in '/home/yut/git/rs1-2025s-ytu77/john_branch/src/forestguard_colour': PYTHONPATH=/home/yut/git/rs1-2025s-ytu77/john_branch/build/forestguard_colour/prefix_override:/usr/lib/python3/dist-packages/colcon_core/task/python/colcon_distutils_commands:/home/yut/git/rs1-2025s-ytu77/john_branch/install/forestguard_colour/lib/python3.10/site-packages:${PYTHONPATH} /usr/bin/python3 -W ignore:setup.py install is deprecated -W ignore:easy_install command is deprecated setup.py egg_info --egg-base ../../build/forestguard_colour build --build-base /home/yut/git/rs1-2025s-ytu77/john_branch/build/forestguard_colour/build install --record /home/yut/git/rs1-2025s-ytu77/john_branch/build/forestguard_colour/install.log --single-version-externally-managed install_data
[1.070s] running egg_info
[1.086s] writing ../../build/forestguard_colour/forestguard_colour.egg-info/PKG-INFO
[1.087s] writing dependency_links to ../../build/forestguard_colour/forestguard_colour.egg-info/dependency_links.txt
[1.087s] writing entry points to ../../build/forestguard_colour/forestguard_colour.egg-info/entry_points.txt
[1.087s] writing requirements to ../../build/forestguard_colour/forestguard_colour.egg-info/requires.txt
[1.087s] writing top-level names to ../../build/forestguard_colour/forestguard_colour.egg-info/top_level.txt
[1.121s] reading manifest file '../../build/forestguard_colour/forestguard_colour.egg-info/SOURCES.txt'
[1.122s] writing manifest file '../../build/forestguard_colour/forestguard_colour.egg-info/SOURCES.txt'
[1.122s] running build
[1.122s] running build_py
[1.123s] copying forestguard_colour/lidar_tree_mapper.py -> /home/yut/git/rs1-2025s-ytu77/john_branch/build/forestguard_colour/build/lib/forestguard_colour
[1.123s] copying forestguard_colour/tree_detector_node.py -> /home/yut/git/rs1-2025s-ytu77/john_branch/build/forestguard_colour/build/lib/forestguard_colour
[1.123s] copying forestguard_colour/tree_detector_v2.py -> /home/yut/git/rs1-2025s-ytu77/john_branch/build/forestguard_colour/build/lib/forestguard_colour
[1.124s] copying forestguard_colour/hsv_calibrator.py -> /home/yut/git/rs1-2025s-ytu77/john_branch/build/forestguard_colour/build/lib/forestguard_colour
[1.124s] copying forestguard_colour/camera_tree_mapper.py -> /home/yut/git/rs1-2025s-ytu77/john_branch/build/forestguard_colour/build/lib/forestguard_colour
[1.124s] copying forestguard_colour/tree_colour_confirmer.py -> /home/yut/git/rs1-2025s-ytu77/john_branch/build/forestguard_colour/build/lib/forestguard_colour
[1.125s] copying forestguard_colour/__init__.py -> /home/yut/git/rs1-2025s-ytu77/john_branch/build/forestguard_colour/build/lib/forestguard_colour
[1.125s] running install
[1.128s] running install_lib
[1.146s] running install_data
[1.147s] copying resource/forestguard_colour -> /home/yut/git/rs1-2025s-ytu77/john_branch/install/forestguard_colour/share/ament_index/resource_index/packages
[1.147s] copying package.xml -> /home/yut/git/rs1-2025s-ytu77/john_branch/install/forestguard_colour/share/forestguard_colour
[1.147s] copying launch/tree_mapper.launch.py -> /home/yut/git/rs1-2025s-ytu77/john_branch/install/forestguard_colour/share/forestguard_colour/launch
[1.147s] copying launch/colour_detector.launch.py -> /home/yut/git/rs1-2025s-ytu77/john_branch/install/forestguard_colour/share/forestguard_colour/launch
[1.148s] running install_egg_info
[1.164s] removing '/home/yut/git/rs1-2025s-ytu77/john_branch/install/forestguard_colour/lib/python3.10/site-packages/forestguard_colour-0.0.1-py3.10.egg-info' (and everything under it)
[1.165s] Copying ../../build/forestguard_colour/forestguard_colour.egg-info to /home/yut/git/rs1-2025s-ytu77/john_branch/install/forestguard_colour/lib/python3.10/site-packages/forestguard_colour-0.0.1-py3.10.egg-info
[1.165s] running install_scripts
[1.199s] Installing camera_tree_mapper script to /home/yut/git/rs1-2025s-ytu77/john_branch/install/forestguard_colour/lib/forestguard_colour
[1.199s] Installing hsv_calibrator script to /home/yut/git/rs1-2025s-ytu77/john_branch/install/forestguard_colour/lib/forestguard_colour
[1.199s] Installing lidar_tree_mapper script to /home/yut/git/rs1-2025s-ytu77/john_branch/install/forestguard_colour/lib/forestguard_colour
[1.199s] Installing tree_colour_confirmer script to /home/yut/git/rs1-2025s-ytu77/john_branch/install/forestguard_colour/lib/forestguard_colour
[1.199s] Installing tree_detector script to /home/yut/git/rs1-2025s-ytu77/john_branch/install/forestguard_colour/lib/forestguard_colour
[1.199s] Installing tree_detector_v2 script to /home/yut/git/rs1-2025s-ytu77/john_branch/install/forestguard_colour/lib/forestguard_colour
[1.200s] writing list of installed files to '/home/yut/git/rs1-2025s-ytu77/john_branch/build/forestguard_colour/install.log'
[1.233s] Invoked command in '/home/yut/git/rs1-2025s-ytu77/john_branch/src/forestguard_colour' returned '0': PYTHONPATH=/home/yut/git/rs1-2025s-ytu77/john_branch/build/forestguard_colour/prefix_override:/usr/lib/python3/dist-packages/colcon_core/task/python/colcon_distutils_commands:/home/yut/git/rs1-2025s-ytu77/john_branch/install/forestguard_colour/lib/python3.10/site-packages:${PYTHONPATH} /usr/bin/python3 -W ignore:setup.py install is deprecated -W ignore:easy_install command is deprecated setup.py egg_info --egg-base ../../build/forestguard_colour build --build-base /home/yut/git/rs1-2025s-ytu77/john_branch/build/forestguard_colour/build install --record /home/yut/git/rs1-2025s-ytu77/john_branch/build/forestguard_colour/install.log --single-version-externally-managed install_data
