[0.036s] Invoking command in '/home/claudia/ForestGuard/build/sdf_to_urdf_converter': CMAKE_PREFIX_PATH=${CMAKE_PREFIX_PATH}:/home/claudia/ros2_ws/install/examples_rclcpp_minimal_publisher:/home/claudia/ros2_ws/install/a3_support:/opt/ros/humble /usr/bin/cmake --build /home/claudia/ForestGuard/build/sdf_to_urdf_converter -- -j16 -l16
[0.104s] [ 60%] Built target sdformat_urdf
[0.135s] [100%] Built target convert_sdf_to_urdf
[0.149s] Invoked command in '/home/claudia/ForestGuard/build/sdf_to_urdf_converter' returned '0': CMAKE_PREFIX_PATH=${CMAKE_PREFIX_PATH}:/home/claudia/ros2_ws/install/examples_rclcpp_minimal_publisher:/home/claudia/ros2_ws/install/a3_support:/opt/ros/humble /usr/bin/cmake --build /home/claudia/ForestGuard/build/sdf_to_urdf_converter -- -j16 -l16
[0.152s] Invoking command in '/home/claudia/ForestGuard/build/sdf_to_urdf_converter': CMAKE_PREFIX_PATH=${CMAKE_PREFIX_PATH}:/home/claudia/ros2_ws/install/examples_rclcpp_minimal_publisher:/home/claudia/ros2_ws/install/a3_support:/opt/ros/humble /usr/bin/cmake --install /home/claudia/ForestGuard/build/sdf_to_urdf_converter
[0.160s] -- Install configuration: ""
[0.161s] -- Up-to-date: /home/claudia/ForestGuard/install/sdf_to_urdf_converter/lib/sdf_to_urdf_converter/libsdformat_urdf.so
[0.161s] -- Up-to-date: /home/claudia/ForestGuard/install/sdf_to_urdf_converter/lib/sdf_to_urdf_converter/convert_sdf_to_urdf
[0.162s] -- Up-to-date: /home/claudia/ForestGuard/install/sdf_to_urdf_converter/include
[0.162s] -- Up-to-date: /home/claudia/ForestGuard/install/sdf_to_urdf_converter/include/sdf_to_urdf_converter
[0.163s] -- Up-to-date: /home/claudia/ForestGuard/install/sdf_to_urdf_converter/include/sdformat_urdf
[0.163s] -- Up-to-date: /home/claudia/ForestGuard/install/sdf_to_urdf_converter/include/sdformat_urdf/sdformat_urdf.hpp
[0.163s] -- Up-to-date: /home/claudia/ForestGuard/install/sdf_to_urdf_converter/share/ament_index/resource_index/package_run_dependencies/sdf_to_urdf_converter
[0.163s] -- Up-to-date: /home/claudia/ForestGuard/install/sdf_to_urdf_converter/share/ament_index/resource_index/parent_prefix_path/sdf_to_urdf_converter
[0.163s] -- Up-to-date: /home/claudia/ForestGuard/install/sdf_to_urdf_converter/share/sdf_to_urdf_converter/environment/ament_prefix_path.sh
[0.164s] -- Up-to-date: /home/claudia/ForestGuard/install/sdf_to_urdf_converter/share/sdf_to_urdf_converter/environment/ament_prefix_path.dsv
[0.164s] -- Up-to-date: /home/claudia/ForestGuard/install/sdf_to_urdf_converter/share/sdf_to_urdf_converter/environment/path.sh
[0.164s] -- Up-to-date: /home/claudia/ForestGuard/install/sdf_to_urdf_converter/share/sdf_to_urdf_converter/environment/path.dsv
[0.164s] -- Up-to-date: /home/claudia/ForestGuard/install/sdf_to_urdf_converter/share/sdf_to_urdf_converter/local_setup.bash
[0.164s] -- Up-to-date: /home/claudia/ForestGuard/install/sdf_to_urdf_converter/share/sdf_to_urdf_converter/local_setup.sh
[0.165s] -- Up-to-date: /home/claudia/ForestGuard/install/sdf_to_urdf_converter/share/sdf_to_urdf_converter/local_setup.zsh
[0.165s] -- Up-to-date: /home/claudia/ForestGuard/install/sdf_to_urdf_converter/share/sdf_to_urdf_converter/local_setup.dsv
[0.165s] -- Installing: /home/claudia/ForestGuard/install/sdf_to_urdf_converter/share/sdf_to_urdf_converter/package.dsv
[0.165s] -- Up-to-date: /home/claudia/ForestGuard/install/sdf_to_urdf_converter/share/ament_index/resource_index/packages/sdf_to_urdf_converter
[0.165s] -- Up-to-date: /home/claudia/ForestGuard/install/sdf_to_urdf_converter/share/sdf_to_urdf_converter/cmake/sdf_to_urdf_converterConfig.cmake
[0.165s] -- Up-to-date: /home/claudia/ForestGuard/install/sdf_to_urdf_converter/share/sdf_to_urdf_converter/cmake/sdf_to_urdf_converterConfig-version.cmake
[0.165s] -- Up-to-date: /home/claudia/ForestGuard/install/sdf_to_urdf_converter/share/sdf_to_urdf_converter/package.xml
[0.168s] Invoked command in '/home/claudia/ForestGuard/build/sdf_to_urdf_converter' returned '0': CMAKE_PREFIX_PATH=${CMAKE_PREFIX_PATH}:/home/claudia/ros2_ws/install/examples_rclcpp_minimal_publisher:/home/claudia/ros2_ws/install/a3_support:/opt/ros/humble /usr/bin/cmake --install /home/claudia/ForestGuard/build/sdf_to_urdf_converter
