[0.027s] Invoking command in '/home/claudia/ForestGuard/build/husky_controller': CMAKE_PREFIX_PATH=${CMAKE_PREFIX_PATH}:/home/claudia/ros2_ws/install/examples_rclcpp_minimal_publisher:/home/claudia/ros2_ws/install/a3_support:/opt/ros/humble /usr/bin/cmake --build /home/claudia/ForestGuard/build/husky_controller -- -j16 -l16
[0.088s] [ 44%] Built target laserprocessing
[0.088s] [ 55%] Built target vismarker
[0.148s] [100%] Built target husky
[0.160s] Invoked command in '/home/claudia/ForestGuard/build/husky_controller' returned '0': CMAKE_PREFIX_PATH=${CMAKE_PREFIX_PATH}:/home/claudia/ros2_ws/install/examples_rclcpp_minimal_publisher:/home/claudia/ros2_ws/install/a3_support:/opt/ros/humble /usr/bin/cmake --build /home/claudia/ForestGuard/build/husky_controller -- -j16 -l16
[0.164s] Invoking command in '/home/claudia/ForestGuard/build/husky_controller': CMAKE_PREFIX_PATH=${CMAKE_PREFIX_PATH}:/home/claudia/ros2_ws/install/examples_rclcpp_minimal_publisher:/home/claudia/ros2_ws/install/a3_support:/opt/ros/humble /usr/bin/cmake --install /home/claudia/ForestGuard/build/husky_controller
[0.169s] -- Install configuration: ""
[0.170s] -- Execute custom install script
[0.170s] -- Up-to-date symlink: /home/claudia/ForestGuard/install/husky_controller/lib/husky_controller/husky
[0.170s] -- Up-to-date symlink: /home/claudia/ForestGuard/install/husky_controller/lib/husky_controller/liblaserprocessing.so
[0.170s] -- Up-to-date symlink: /home/claudia/ForestGuard/install/husky_controller/lib/husky_controller/vismarker
[0.171s] -- Up-to-date symlink: /home/claudia/ForestGuard/install/husky_controller/include/husky_controller/controller_husky.h
[0.171s] -- Up-to-date symlink: /home/claudia/ForestGuard/install/husky_controller/include/husky_controller/husky.h
[0.171s] -- Up-to-date symlink: /home/claudia/ForestGuard/install/husky_controller/include/husky_controller/laserprocessing.h
[0.172s] -- Up-to-date symlink: /home/claudia/ForestGuard/install/husky_controller/include/husky_controller/vis_marker.h
[0.172s] -- Up-to-date symlink: /home/claudia/ForestGuard/install/husky_controller/share/ament_index/resource_index/package_run_dependencies/husky_controller
[0.172s] -- Up-to-date symlink: /home/claudia/ForestGuard/install/husky_controller/share/ament_index/resource_index/parent_prefix_path/husky_controller
[0.172s] -- Up-to-date symlink: /home/claudia/ForestGuard/install/husky_controller/share/husky_controller/environment/ament_prefix_path.sh
[0.172s] -- Up-to-date symlink: /home/claudia/ForestGuard/install/husky_controller/share/husky_controller/environment/ament_prefix_path.dsv
[0.173s] -- Up-to-date symlink: /home/claudia/ForestGuard/install/husky_controller/share/husky_controller/environment/path.sh
[0.173s] -- Up-to-date symlink: /home/claudia/ForestGuard/install/husky_controller/share/husky_controller/environment/path.dsv
[0.173s] -- Up-to-date symlink: /home/claudia/ForestGuard/install/husky_controller/share/husky_controller/local_setup.bash
[0.173s] -- Up-to-date symlink: /home/claudia/ForestGuard/install/husky_controller/share/husky_controller/local_setup.sh
[0.174s] -- Up-to-date symlink: /home/claudia/ForestGuard/install/husky_controller/share/husky_controller/local_setup.zsh
[0.174s] -- Up-to-date symlink: /home/claudia/ForestGuard/install/husky_controller/share/husky_controller/local_setup.dsv
[0.174s] -- Symlinking: /home/claudia/ForestGuard/install/husky_controller/share/husky_controller/package.dsv
[0.183s] -- Up-to-date symlink: /home/claudia/ForestGuard/install/husky_controller/share/ament_index/resource_index/packages/husky_controller
[0.184s] -- Up-to-date symlink: /home/claudia/ForestGuard/install/husky_controller/share/husky_controller/cmake/husky_controllerConfig.cmake
[0.184s] -- Up-to-date symlink: /home/claudia/ForestGuard/install/husky_controller/share/husky_controller/cmake/husky_controllerConfig-version.cmake
[0.184s] -- Up-to-date symlink: /home/claudia/ForestGuard/install/husky_controller/share/husky_controller/package.xml
[0.187s] Invoked command in '/home/claudia/ForestGuard/build/husky_controller' returned '0': CMAKE_PREFIX_PATH=${CMAKE_PREFIX_PATH}:/home/claudia/ros2_ws/install/examples_rclcpp_minimal_publisher:/home/claudia/ros2_ws/install/a3_support:/opt/ros/humble /usr/bin/cmake --install /home/claudia/ForestGuard/build/husky_controller
