[0.017s] Invoking command in '/home/claudia/ForestGuard/build/my_drone_pkg': CMAKE_PREFIX_PATH=${CMAKE_PREFIX_PATH}:/home/claudia/ros2_ws/install/examples_rclcpp_minimal_publisher:/home/claudia/ros2_ws/install/a3_support:/opt/ros/humble /usr/bin/cmake --build /home/claudia/ForestGuard/build/my_drone_pkg -- -j16 -l16
[0.047s] Invoked command in '/home/claudia/ForestGuard/build/my_drone_pkg' returned '0': CMAKE_PREFIX_PATH=${CMAKE_PREFIX_PATH}:/home/claudia/ros2_ws/install/examples_rclcpp_minimal_publisher:/home/claudia/ros2_ws/install/a3_support:/opt/ros/humble /usr/bin/cmake --build /home/claudia/ForestGuard/build/my_drone_pkg -- -j16 -l16
[0.056s] Invoking command in '/home/claudia/ForestGuard/build/my_drone_pkg': CMAKE_PREFIX_PATH=${CMAKE_PREFIX_PATH}:/home/claudia/ros2_ws/install/examples_rclcpp_minimal_publisher:/home/claudia/ros2_ws/install/a3_support:/opt/ros/humble /usr/bin/cmake --install /home/claudia/ForestGuard/build/my_drone_pkg
[0.061s] -- Install configuration: ""
[0.062s] -- Up-to-date: /home/claudia/ForestGuard/install/my_drone_pkg/share/my_drone_pkg/launch
[0.062s] -- Up-to-date: /home/claudia/ForestGuard/install/my_drone_pkg/share/my_drone_pkg/launch/spawn_x500.launch.py
[0.062s] -- Up-to-date: /home/claudia/ForestGuard/install/my_drone_pkg/share/my_drone_pkg/launch/display.launch.py
[0.062s] -- Up-to-date: /home/claudia/ForestGuard/install/my_drone_pkg/share/my_drone_pkg/urdf
[0.062s] -- Up-to-date: /home/claudia/ForestGuard/install/my_drone_pkg/share/my_drone_pkg/urdf/my_drone.xacro
[0.062s] -- Up-to-date: /home/claudia/ForestGuard/install/my_drone_pkg/share/my_drone_pkg/urdf/x500_fpv.urdf
[0.062s] -- Up-to-date: /home/claudia/ForestGuard/install/my_drone_pkg/share/my_drone_pkg/urdf/my_drone.urdf
[0.062s] -- Up-to-date: /home/claudia/ForestGuard/install/my_drone_pkg/share/ament_index/resource_index/package_run_dependencies/my_drone_pkg
[0.063s] -- Up-to-date: /home/claudia/ForestGuard/install/my_drone_pkg/share/ament_index/resource_index/parent_prefix_path/my_drone_pkg
[0.063s] -- Up-to-date: /home/claudia/ForestGuard/install/my_drone_pkg/share/my_drone_pkg/environment/ament_prefix_path.sh
[0.063s] -- Up-to-date: /home/claudia/ForestGuard/install/my_drone_pkg/share/my_drone_pkg/environment/ament_prefix_path.dsv
[0.063s] -- Up-to-date: /home/claudia/ForestGuard/install/my_drone_pkg/share/my_drone_pkg/environment/path.sh
[0.063s] -- Up-to-date: /home/claudia/ForestGuard/install/my_drone_pkg/share/my_drone_pkg/environment/path.dsv
[0.063s] -- Up-to-date: /home/claudia/ForestGuard/install/my_drone_pkg/share/my_drone_pkg/local_setup.bash
[0.063s] -- Up-to-date: /home/claudia/ForestGuard/install/my_drone_pkg/share/my_drone_pkg/local_setup.sh
[0.063s] -- Up-to-date: /home/claudia/ForestGuard/install/my_drone_pkg/share/my_drone_pkg/local_setup.zsh
[0.063s] -- Up-to-date: /home/claudia/ForestGuard/install/my_drone_pkg/share/my_drone_pkg/local_setup.dsv
[0.063s] -- Installing: /home/claudia/ForestGuard/install/my_drone_pkg/share/my_drone_pkg/package.dsv
[0.063s] -- Up-to-date: /home/claudia/ForestGuard/install/my_drone_pkg/share/ament_index/resource_index/packages/my_drone_pkg
[0.064s] -- Up-to-date: /home/claudia/ForestGuard/install/my_drone_pkg/share/my_drone_pkg/cmake/my_drone_pkgConfig.cmake
[0.065s] -- Up-to-date: /home/claudia/ForestGuard/install/my_drone_pkg/share/my_drone_pkg/cmake/my_drone_pkgConfig-version.cmake
[0.066s] -- Up-to-date: /home/claudia/ForestGuard/install/my_drone_pkg/share/my_drone_pkg/package.xml
[0.066s] Invoked command in '/home/claudia/ForestGuard/build/my_drone_pkg' returned '0': CMAKE_PREFIX_PATH=${CMAKE_PREFIX_PATH}:/home/claudia/ros2_ws/install/examples_rclcpp_minimal_publisher:/home/claudia/ros2_ws/install/a3_support:/opt/ros/humble /usr/bin/cmake --install /home/claudia/ForestGuard/build/my_drone_pkg
