[0.033s] Invoking command in '/home/claudia/ForestGuard/build/husky_controller': CMAKE_PREFIX_PATH=${CMAKE_PREFIX_PATH}:/home/claudia/ros2_ws/install/examples_rclcpp_minimal_publisher:/home/claudia/ros2_ws/install/a3_support:/opt/ros/humble /usr/bin/cmake --build /home/claudia/ForestGuard/build/husky_controller -- -j16 -l16
[0.115s] [ 55%] Built target vismarker
[0.115s] [ 55%] Built target laserprocessing
[0.165s] [100%] Built target husky
[0.180s] Invoked command in '/home/claudia/ForestGuard/build/husky_controller' returned '0': CMAKE_PREFIX_PATH=${CMAKE_PREFIX_PATH}:/home/claudia/ros2_ws/install/examples_rclcpp_minimal_publisher:/home/claudia/ros2_ws/install/a3_support:/opt/ros/humble /usr/bin/cmake --build /home/claudia/ForestGuard/build/husky_controller -- -j16 -l16
[0.184s] Invoking command in '/home/claudia/ForestGuard/build/husky_controller': CMAKE_PREFIX_PATH=${CMAKE_PREFIX_PATH}:/home/claudia/ros2_ws/install/examples_rclcpp_minimal_publisher:/home/claudia/ros2_ws/install/a3_support:/opt/ros/humble /usr/bin/cmake --install /home/claudia/ForestGuard/build/husky_controller
[0.192s] -- Install configuration: ""
[0.192s] -- Execute custom install script
[0.193s] -- Up-to-date symlink: /home/claudia/ForestGuard/install/husky_controller/lib/husky_controller/husky
[0.193s] -- Up-to-date symlink: /home/claudia/ForestGuard/install/husky_controller/lib/husky_controller/liblaserprocessing.so
[0.193s] -- Up-to-date symlink: /home/claudia/ForestGuard/install/husky_controller/lib/husky_controller/vismarker
[0.194s] -- Up-to-date symlink: /home/claudia/ForestGuard/install/husky_controller/include/husky_controller/controller_husky.h
[0.194s] -- Up-to-date symlink: /home/claudia/ForestGuard/install/husky_controller/include/husky_controller/husky.h
[0.194s] -- Up-to-date symlink: /home/claudia/ForestGuard/install/husky_controller/include/husky_controller/laserprocessing.h
[0.195s] -- Up-to-date symlink: /home/claudia/ForestGuard/install/husky_controller/include/husky_controller/vis_marker.h
[0.195s] -- Up-to-date symlink: /home/claudia/ForestGuard/install/husky_controller/share/ament_index/resource_index/package_run_dependencies/husky_controller
[0.195s] -- Up-to-date symlink: /home/claudia/ForestGuard/install/husky_controller/share/ament_index/resource_index/parent_prefix_path/husky_controller
[0.196s] -- Up-to-date symlink: /home/claudia/ForestGuard/install/husky_controller/share/husky_controller/environment/ament_prefix_path.sh
[0.196s] -- Up-to-date symlink: /home/claudia/ForestGuard/install/husky_controller/share/husky_controller/environment/ament_prefix_path.dsv
[0.197s] -- Up-to-date symlink: /home/claudia/ForestGuard/install/husky_controller/share/husky_controller/environment/path.sh
[0.197s] -- Up-to-date symlink: /home/claudia/ForestGuard/install/husky_controller/share/husky_controller/environment/path.dsv
[0.197s] -- Up-to-date symlink: /home/claudia/ForestGuard/install/husky_controller/share/husky_controller/local_setup.bash
[0.197s] -- Up-to-date symlink: /home/claudia/ForestGuard/install/husky_controller/share/husky_controller/local_setup.sh
[0.198s] -- Up-to-date symlink: /home/claudia/ForestGuard/install/husky_controller/share/husky_controller/local_setup.zsh
[0.198s] -- Up-to-date symlink: /home/claudia/ForestGuard/install/husky_controller/share/husky_controller/local_setup.dsv
[0.198s] -- Symlinking: /home/claudia/ForestGuard/install/husky_controller/share/husky_controller/package.dsv
[0.209s] -- Up-to-date symlink: /home/claudia/ForestGuard/install/husky_controller/share/ament_index/resource_index/packages/husky_controller
[0.210s] -- Up-to-date symlink: /home/claudia/ForestGuard/install/husky_controller/share/husky_controller/cmake/husky_controllerConfig.cmake
[0.210s] -- Up-to-date symlink: /home/claudia/ForestGuard/install/husky_controller/share/husky_controller/cmake/husky_controllerConfig-version.cmake
[0.210s] -- Up-to-date symlink: /home/claudia/ForestGuard/install/husky_controller/share/husky_controller/package.xml
[0.214s] Invoked command in '/home/claudia/ForestGuard/build/husky_controller' returned '0': CMAKE_PREFIX_PATH=${CMAKE_PREFIX_PATH}:/home/claudia/ros2_ws/install/examples_rclcpp_minimal_publisher:/home/claudia/ros2_ws/install/a3_support:/opt/ros/humble /usr/bin/cmake --install /home/claudia/ForestGuard/build/husky_controller
