[0.119s] DEBUG:colcon:Command line arguments: ['/usr/bin/colcon', 'build', '--symlink-install']
[0.119s] DEBUG:colcon:Parsed command line arguments: Namespace(log_base=None, log_level=None, verb_name='build', build_base='build', install_base='install', merge_install=False, symlink_install=True, test_result_base=None, continue_on_error=False, executor='parallel', parallel_workers=8, event_handlers=None, ignore_user_meta=False, metas=['./colcon.meta'], base_paths=['.'], packages_ignore=None, packages_ignore_regex=None, paths=None, packages_up_to=None, packages_up_to_regex=None, packages_above=None, packages_above_and_dependencies=None, packages_above_depth=None, packages_select_by_dep=None, packages_skip_by_dep=None, packages_skip_up_to=None, packages_select_build_failed=False, packages_skip_build_finished=False, packages_select_test_failures=False, packages_skip_test_passed=False, packages_select=None, packages_skip=None, packages_select_regex=None, packages_skip_regex=None, packages_start=None, packages_end=None, allow_overriding=[], cmake_args=None, cmake_target=None, cmake_target_skip_unavailable=False, cmake_clean_cache=False, cmake_clean_first=False, cmake_force_configure=False, ament_cmake_args=None, catkin_cmake_args=None, catkin_skip_building_tests=False, mixin_files=None, mixin=None, verb_parser=<colcon_mixin.mixin.mixin_argument.MixinArgumentDecorator object at 0x765982f98490>, verb_extension=<colcon_core.verb.build.BuildVerb object at 0x765982f63a30>, main=<bound method BuildVerb.main of <colcon_core.verb.build.BuildVerb object at 0x765982f63a30>>, mixin_verb=('build',))
[0.321s] Level 1:colcon.colcon_core.package_discovery:discover_packages(colcon_meta) check parameters
[0.321s] Level 1:colcon.colcon_core.package_discovery:discover_packages(recursive) check parameters
[0.321s] Level 1:colcon.colcon_core.package_discovery:discover_packages(ignore) check parameters
[0.321s] Level 1:colcon.colcon_core.package_discovery:discover_packages(path) check parameters
[0.321s] Level 1:colcon.colcon_core.package_discovery:discover_packages(colcon_meta) discover
[0.322s] Level 1:colcon.colcon_core.package_discovery:discover_packages(recursive) discover
[0.322s] INFO:colcon.colcon_core.package_discovery:Crawling recursively for packages in '/home/student/git/nathan_branch'
[0.322s] Level 1:colcon.colcon_core.package_identification:_identify(.) by extensions ['ignore', 'ignore_ament_install']
[0.322s] Level 1:colcon.colcon_core.package_identification:_identify(.) by extension 'ignore'
[0.322s] Level 1:colcon.colcon_core.package_identification:_identify(.) by extension 'ignore_ament_install'
[0.322s] Level 1:colcon.colcon_core.package_identification:_identify(.) by extensions ['colcon_pkg']
[0.322s] Level 1:colcon.colcon_core.package_identification:_identify(.) by extension 'colcon_pkg'
[0.322s] Level 1:colcon.colcon_core.package_identification:_identify(.) by extensions ['colcon_meta']
[0.322s] Level 1:colcon.colcon_core.package_identification:_identify(.) by extension 'colcon_meta'
[0.322s] Level 1:colcon.colcon_core.package_identification:_identify(.) by extensions ['ros']
[0.322s] Level 1:colcon.colcon_core.package_identification:_identify(.) by extension 'ros'
[0.347s] Level 1:colcon.colcon_core.package_identification:_identify(.) by extensions ['cmake', 'python']
[0.347s] Level 1:colcon.colcon_core.package_identification:_identify(.) by extension 'cmake'
[0.347s] Level 1:colcon.colcon_core.package_identification:_identify(.) by extension 'python'
[0.347s] Level 1:colcon.colcon_core.package_identification:_identify(.) by extensions ['python_setup_py']
[0.347s] Level 1:colcon.colcon_core.package_identification:_identify(.) by extension 'python_setup_py'
[0.347s] Level 1:colcon.colcon_core.package_identification:_identify(build) by extensions ['ignore', 'ignore_ament_install']
[0.347s] Level 1:colcon.colcon_core.package_identification:_identify(build) by extension 'ignore'
[0.347s] Level 1:colcon.colcon_core.package_identification:_identify(build) ignored
[0.348s] Level 1:colcon.colcon_core.package_identification:_identify(install) by extensions ['ignore', 'ignore_ament_install']
[0.348s] Level 1:colcon.colcon_core.package_identification:_identify(install) by extension 'ignore'
[0.348s] Level 1:colcon.colcon_core.package_identification:_identify(install) ignored
[0.348s] Level 1:colcon.colcon_core.package_identification:_identify(log) by extensions ['ignore', 'ignore_ament_install']
[0.348s] Level 1:colcon.colcon_core.package_identification:_identify(log) by extension 'ignore'
[0.348s] Level 1:colcon.colcon_core.package_identification:_identify(log) ignored
[0.348s] Level 1:colcon.colcon_core.package_identification:_identify(old) by extensions ['ignore', 'ignore_ament_install']
[0.348s] Level 1:colcon.colcon_core.package_identification:_identify(old) by extension 'ignore'
[0.348s] Level 1:colcon.colcon_core.package_identification:_identify(old) ignored
[0.348s] Level 1:colcon.colcon_core.package_identification:_identify(src) by extensions ['ignore', 'ignore_ament_install']
[0.348s] Level 1:colcon.colcon_core.package_identification:_identify(src) by extension 'ignore'
[0.348s] Level 1:colcon.colcon_core.package_identification:_identify(src) by extension 'ignore_ament_install'
[0.348s] Level 1:colcon.colcon_core.package_identification:_identify(src) by extensions ['colcon_pkg']
[0.348s] Level 1:colcon.colcon_core.package_identification:_identify(src) by extension 'colcon_pkg'
[0.348s] Level 1:colcon.colcon_core.package_identification:_identify(src) by extensions ['colcon_meta']
[0.349s] Level 1:colcon.colcon_core.package_identification:_identify(src) by extension 'colcon_meta'
[0.349s] Level 1:colcon.colcon_core.package_identification:_identify(src) by extensions ['ros']
[0.349s] Level 1:colcon.colcon_core.package_identification:_identify(src) by extension 'ros'
[0.349s] Level 1:colcon.colcon_core.package_identification:_identify(src) by extensions ['cmake', 'python']
[0.349s] Level 1:colcon.colcon_core.package_identification:_identify(src) by extension 'cmake'
[0.349s] Level 1:colcon.colcon_core.package_identification:_identify(src) by extension 'python'
[0.349s] Level 1:colcon.colcon_core.package_identification:_identify(src) by extensions ['python_setup_py']
[0.349s] Level 1:colcon.colcon_core.package_identification:_identify(src) by extension 'python_setup_py'
[0.349s] Level 1:colcon.colcon_core.package_identification:_identify(src/forestguard_colour) by extensions ['ignore', 'ignore_ament_install']
[0.349s] Level 1:colcon.colcon_core.package_identification:_identify(src/forestguard_colour) by extension 'ignore'
[0.349s] Level 1:colcon.colcon_core.package_identification:_identify(src/forestguard_colour) by extension 'ignore_ament_install'
[0.349s] Level 1:colcon.colcon_core.package_identification:_identify(src/forestguard_colour) by extensions ['colcon_pkg']
[0.349s] Level 1:colcon.colcon_core.package_identification:_identify(src/forestguard_colour) by extension 'colcon_pkg'
[0.349s] Level 1:colcon.colcon_core.package_identification:_identify(src/forestguard_colour) by extensions ['colcon_meta']
[0.349s] Level 1:colcon.colcon_core.package_identification:_identify(src/forestguard_colour) by extension 'colcon_meta'
[0.349s] Level 1:colcon.colcon_core.package_identification:_identify(src/forestguard_colour) by extensions ['ros']
[0.349s] Level 1:colcon.colcon_core.package_identification:_identify(src/forestguard_colour) by extension 'ros'
[0.352s] DEBUG:colcon.colcon_core.package_identification:Package 'src/forestguard_colour' with type 'ros.ament_python' and name 'forestguard_colour'
[0.352s] Level 1:colcon.colcon_core.package_identification:_identify(src/forestguard_controller) by extensions ['ignore', 'ignore_ament_install']
[0.352s] Level 1:colcon.colcon_core.package_identification:_identify(src/forestguard_controller) by extension 'ignore'
[0.352s] Level 1:colcon.colcon_core.package_identification:_identify(src/forestguard_controller) by extension 'ignore_ament_install'
[0.352s] Level 1:colcon.colcon_core.package_identification:_identify(src/forestguard_controller) by extensions ['colcon_pkg']
[0.352s] Level 1:colcon.colcon_core.package_identification:_identify(src/forestguard_controller) by extension 'colcon_pkg'
[0.352s] Level 1:colcon.colcon_core.package_identification:_identify(src/forestguard_controller) by extensions ['colcon_meta']
[0.352s] Level 1:colcon.colcon_core.package_identification:_identify(src/forestguard_controller) by extension 'colcon_meta'
[0.352s] Level 1:colcon.colcon_core.package_identification:_identify(src/forestguard_controller) by extensions ['ros']
[0.353s] Level 1:colcon.colcon_core.package_identification:_identify(src/forestguard_controller) by extension 'ros'
[0.354s] DEBUG:colcon.colcon_core.package_identification:Package 'src/forestguard_controller' with type 'ros.ament_cmake' and name 'forestguard_controller'
[0.354s] Level 1:colcon.colcon_core.package_identification:_identify(src/forestguard_localisation) by extensions ['ignore', 'ignore_ament_install']
[0.354s] Level 1:colcon.colcon_core.package_identification:_identify(src/forestguard_localisation) by extension 'ignore'
[0.354s] Level 1:colcon.colcon_core.package_identification:_identify(src/forestguard_localisation) by extension 'ignore_ament_install'
[0.354s] Level 1:colcon.colcon_core.package_identification:_identify(src/forestguard_localisation) by extensions ['colcon_pkg']
[0.354s] Level 1:colcon.colcon_core.package_identification:_identify(src/forestguard_localisation) by extension 'colcon_pkg'
[0.354s] Level 1:colcon.colcon_core.package_identification:_identify(src/forestguard_localisation) by extensions ['colcon_meta']
[0.354s] Level 1:colcon.colcon_core.package_identification:_identify(src/forestguard_localisation) by extension 'colcon_meta'
[0.355s] Level 1:colcon.colcon_core.package_identification:_identify(src/forestguard_localisation) by extensions ['ros']
[0.355s] Level 1:colcon.colcon_core.package_identification:_identify(src/forestguard_localisation) by extension 'ros'
[0.355s] DEBUG:colcon.colcon_core.package_identification:Package 'src/forestguard_localisation' with type 'ros.ament_cmake' and name 'forestguard_localisation'
[0.356s] Level 1:colcon.colcon_core.package_identification:_identify(src/forestguard_sim) by extensions ['ignore', 'ignore_ament_install']
[0.356s] Level 1:colcon.colcon_core.package_identification:_identify(src/forestguard_sim) by extension 'ignore'
[0.356s] Level 1:colcon.colcon_core.package_identification:_identify(src/forestguard_sim) by extension 'ignore_ament_install'
[0.356s] Level 1:colcon.colcon_core.package_identification:_identify(src/forestguard_sim) by extensions ['colcon_pkg']
[0.356s] Level 1:colcon.colcon_core.package_identification:_identify(src/forestguard_sim) by extension 'colcon_pkg'
[0.356s] Level 1:colcon.colcon_core.package_identification:_identify(src/forestguard_sim) by extensions ['colcon_meta']
[0.356s] Level 1:colcon.colcon_core.package_identification:_identify(src/forestguard_sim) by extension 'colcon_meta'
[0.356s] Level 1:colcon.colcon_core.package_identification:_identify(src/forestguard_sim) by extensions ['ros']
[0.356s] Level 1:colcon.colcon_core.package_identification:_identify(src/forestguard_sim) by extension 'ros'
[0.357s] DEBUG:colcon.colcon_core.package_identification:Package 'src/forestguard_sim' with type 'ros.ament_cmake' and name 'john'
[0.357s] Level 1:colcon.colcon_core.package_identification:_identify(src/forestguard_ui) by extensions ['ignore', 'ignore_ament_install']
[0.357s] Level 1:colcon.colcon_core.package_identification:_identify(src/forestguard_ui) by extension 'ignore'
[0.357s] Level 1:colcon.colcon_core.package_identification:_identify(src/forestguard_ui) by extension 'ignore_ament_install'
[0.357s] Level 1:colcon.colcon_core.package_identification:_identify(src/forestguard_ui) by extensions ['colcon_pkg']
[0.357s] Level 1:colcon.colcon_core.package_identification:_identify(src/forestguard_ui) by extension 'colcon_pkg'
[0.357s] Level 1:colcon.colcon_core.package_identification:_identify(src/forestguard_ui) by extensions ['colcon_meta']
[0.357s] Level 1:colcon.colcon_core.package_identification:_identify(src/forestguard_ui) by extension 'colcon_meta'
[0.357s] Level 1:colcon.colcon_core.package_identification:_identify(src/forestguard_ui) by extensions ['ros']
[0.357s] Level 1:colcon.colcon_core.package_identification:_identify(src/forestguard_ui) by extension 'ros'
[0.358s] DEBUG:colcon.colcon_core.package_identification:Package 'src/forestguard_ui' with type 'ros.ament_python' and name 'forestguard_ui'
[0.358s] Level 1:colcon.colcon_core.package_discovery:discover_packages(recursive) using defaults
[0.358s] Level 1:colcon.colcon_core.package_discovery:discover_packages(ignore) discover
[0.358s] Level 1:colcon.colcon_core.package_discovery:discover_packages(ignore) using defaults
[0.358s] Level 1:colcon.colcon_core.package_discovery:discover_packages(path) discover
[0.358s] Level 1:colcon.colcon_core.package_discovery:discover_packages(path) using defaults
[0.380s] Level 1:colcon.colcon_core.package_discovery:discover_packages(prefix_path) check parameters
[0.380s] Level 1:colcon.colcon_core.package_discovery:discover_packages(prefix_path) discover
[0.381s] WARNING:colcon.colcon_ros.prefix_path.ament:The path '/home/student/git/nathan_branch/install/yuto' in the environment variable AMENT_PREFIX_PATH doesn't exist
[0.381s] WARNING:colcon.colcon_ros.prefix_path.ament:The path '/home/student/git/nathan_branch/install/forestguard_ui' in the environment variable AMENT_PREFIX_PATH doesn't exist
[0.381s] WARNING:colcon.colcon_ros.prefix_path.ament:The path '/home/student/git/nathan_branch/install/forestguard_localisation' in the environment variable AMENT_PREFIX_PATH doesn't exist
[0.381s] WARNING:colcon.colcon_ros.prefix_path.ament:The path '/home/student/git/nathan_branch/install/forestguard_controller' in the environment variable AMENT_PREFIX_PATH doesn't exist
[0.381s] WARNING:colcon.colcon_ros.prefix_path.ament:The path '/home/student/git/nathan_branch/install/forestguard_colour' in the environment variable AMENT_PREFIX_PATH doesn't exist
[0.381s] WARNING:colcon.colcon_ros.prefix_path.catkin:The path '/home/student/git/nathan_branch/install/yuto' in the environment variable CMAKE_PREFIX_PATH doesn't exist
[0.382s] WARNING:colcon.colcon_ros.prefix_path.catkin:The path '/home/student/git/nathan_branch/install/forestguard_localisation' in the environment variable CMAKE_PREFIX_PATH doesn't exist
[0.382s] WARNING:colcon.colcon_ros.prefix_path.catkin:The path '/home/student/git/nathan_branch/install/forestguard_controller' in the environment variable CMAKE_PREFIX_PATH doesn't exist
[0.383s] DEBUG:colcon.colcon_installed_package_information.package_discovery:Found 0 installed packages in /home/student/git/nathan_branch/install
[0.384s] DEBUG:colcon.colcon_installed_package_information.package_discovery:Found 1 installed packages in /home/student/git/Robotics-Studio-1/41068_ws/install
[0.384s] DEBUG:colcon.colcon_installed_package_information.package_discovery:Found 0 installed packages in /home/student/ros2_ws/install
[0.386s] DEBUG:colcon.colcon_installed_package_information.package_discovery:Found 534 installed packages in /opt/ros/humble
[0.389s] Level 1:colcon.colcon_core.package_discovery:discover_packages(prefix_path) using defaults
[0.456s] Level 5:colcon.colcon_core.verb:set package 'forestguard_colour' build argument 'cmake_args' from command line to 'None'
[0.456s] Level 5:colcon.colcon_core.verb:set package 'forestguard_colour' build argument 'cmake_target' from command line to 'None'
[0.456s] Level 5:colcon.colcon_core.verb:set package 'forestguard_colour' build argument 'cmake_target_skip_unavailable' from command line to 'False'
[0.456s] Level 5:colcon.colcon_core.verb:set package 'forestguard_colour' build argument 'cmake_clean_cache' from command line to 'False'
[0.456s] Level 5:colcon.colcon_core.verb:set package 'forestguard_colour' build argument 'cmake_clean_first' from command line to 'False'
[0.456s] Level 5:colcon.colcon_core.verb:set package 'forestguard_colour' build argument 'cmake_force_configure' from command line to 'False'
[0.456s] Level 5:colcon.colcon_core.verb:set package 'forestguard_colour' build argument 'ament_cmake_args' from command line to 'None'
[0.456s] Level 5:colcon.colcon_core.verb:set package 'forestguard_colour' build argument 'catkin_cmake_args' from command line to 'None'
[0.456s] Level 5:colcon.colcon_core.verb:set package 'forestguard_colour' build argument 'catkin_skip_building_tests' from command line to 'False'
[0.456s] DEBUG:colcon.colcon_core.verb:Building package 'forestguard_colour' with the following arguments: {'ament_cmake_args': None, 'build_base': '/home/student/git/nathan_branch/build/forestguard_colour', 'catkin_cmake_args': None, 'catkin_skip_building_tests': False, 'cmake_args': None, 'cmake_clean_cache': False, 'cmake_clean_first': False, 'cmake_force_configure': False, 'cmake_target': None, 'cmake_target_skip_unavailable': False, 'install_base': '/home/student/git/nathan_branch/install/forestguard_colour', 'merge_install': False, 'path': '/home/student/git/nathan_branch/src/forestguard_colour', 'symlink_install': True, 'test_result_base': None}
[0.456s] Level 5:colcon.colcon_core.verb:set package 'forestguard_controller' build argument 'cmake_args' from command line to 'None'
[0.456s] Level 5:colcon.colcon_core.verb:set package 'forestguard_controller' build argument 'cmake_target' from command line to 'None'
[0.456s] Level 5:colcon.colcon_core.verb:set package 'forestguard_controller' build argument 'cmake_target_skip_unavailable' from command line to 'False'
[0.456s] Level 5:colcon.colcon_core.verb:set package 'forestguard_controller' build argument 'cmake_clean_cache' from command line to 'False'
[0.456s] Level 5:colcon.colcon_core.verb:set package 'forestguard_controller' build argument 'cmake_clean_first' from command line to 'False'
[0.457s] Level 5:colcon.colcon_core.verb:set package 'forestguard_controller' build argument 'cmake_force_configure' from command line to 'False'
[0.457s] Level 5:colcon.colcon_core.verb:set package 'forestguard_controller' build argument 'ament_cmake_args' from command line to 'None'
[0.457s] Level 5:colcon.colcon_core.verb:set package 'forestguard_controller' build argument 'catkin_cmake_args' from command line to 'None'
[0.457s] Level 5:colcon.colcon_core.verb:set package 'forestguard_controller' build argument 'catkin_skip_building_tests' from command line to 'False'
[0.457s] DEBUG:colcon.colcon_core.verb:Building package 'forestguard_controller' with the following arguments: {'ament_cmake_args': None, 'build_base': '/home/student/git/nathan_branch/build/forestguard_controller', 'catkin_cmake_args': None, 'catkin_skip_building_tests': False, 'cmake_args': None, 'cmake_clean_cache': False, 'cmake_clean_first': False, 'cmake_force_configure': False, 'cmake_target': None, 'cmake_target_skip_unavailable': False, 'install_base': '/home/student/git/nathan_branch/install/forestguard_controller', 'merge_install': False, 'path': '/home/student/git/nathan_branch/src/forestguard_controller', 'symlink_install': True, 'test_result_base': None}
[0.457s] Level 5:colcon.colcon_core.verb:set package 'forestguard_localisation' build argument 'cmake_args' from command line to 'None'
[0.457s] Level 5:colcon.colcon_core.verb:set package 'forestguard_localisation' build argument 'cmake_target' from command line to 'None'
[0.457s] Level 5:colcon.colcon_core.verb:set package 'forestguard_localisation' build argument 'cmake_target_skip_unavailable' from command line to 'False'
[0.457s] Level 5:colcon.colcon_core.verb:set package 'forestguard_localisation' build argument 'cmake_clean_cache' from command line to 'False'
[0.457s] Level 5:colcon.colcon_core.verb:set package 'forestguard_localisation' build argument 'cmake_clean_first' from command line to 'False'
[0.457s] Level 5:colcon.colcon_core.verb:set package 'forestguard_localisation' build argument 'cmake_force_configure' from command line to 'False'
[0.457s] Level 5:colcon.colcon_core.verb:set package 'forestguard_localisation' build argument 'ament_cmake_args' from command line to 'None'
[0.457s] Level 5:colcon.colcon_core.verb:set package 'forestguard_localisation' build argument 'catkin_cmake_args' from command line to 'None'
[0.457s] Level 5:colcon.colcon_core.verb:set package 'forestguard_localisation' build argument 'catkin_skip_building_tests' from command line to 'False'
[0.457s] DEBUG:colcon.colcon_core.verb:Building package 'forestguard_localisation' with the following arguments: {'ament_cmake_args': None, 'build_base': '/home/student/git/nathan_branch/build/forestguard_localisation', 'catkin_cmake_args': None, 'catkin_skip_building_tests': False, 'cmake_args': None, 'cmake_clean_cache': False, 'cmake_clean_first': False, 'cmake_force_configure': False, 'cmake_target': None, 'cmake_target_skip_unavailable': False, 'install_base': '/home/student/git/nathan_branch/install/forestguard_localisation', 'merge_install': False, 'path': '/home/student/git/nathan_branch/src/forestguard_localisation', 'symlink_install': True, 'test_result_base': None}
[0.458s] Level 5:colcon.colcon_core.verb:set package 'forestguard_ui' build argument 'cmake_args' from command line to 'None'
[0.458s] Level 5:colcon.colcon_core.verb:set package 'forestguard_ui' build argument 'cmake_target' from command line to 'None'
[0.458s] Level 5:colcon.colcon_core.verb:set package 'forestguard_ui' build argument 'cmake_target_skip_unavailable' from command line to 'False'
[0.458s] Level 5:colcon.colcon_core.verb:set package 'forestguard_ui' build argument 'cmake_clean_cache' from command line to 'False'
[0.458s] Level 5:colcon.colcon_core.verb:set package 'forestguard_ui' build argument 'cmake_clean_first' from command line to 'False'
[0.458s] Level 5:colcon.colcon_core.verb:set package 'forestguard_ui' build argument 'cmake_force_configure' from command line to 'False'
[0.458s] Level 5:colcon.colcon_core.verb:set package 'forestguard_ui' build argument 'ament_cmake_args' from command line to 'None'
[0.458s] Level 5:colcon.colcon_core.verb:set package 'forestguard_ui' build argument 'catkin_cmake_args' from command line to 'None'
[0.458s] Level 5:colcon.colcon_core.verb:set package 'forestguard_ui' build argument 'catkin_skip_building_tests' from command line to 'False'
[0.458s] DEBUG:colcon.colcon_core.verb:Building package 'forestguard_ui' with the following arguments: {'ament_cmake_args': None, 'build_base': '/home/student/git/nathan_branch/build/forestguard_ui', 'catkin_cmake_args': None, 'catkin_skip_building_tests': False, 'cmake_args': None, 'cmake_clean_cache': False, 'cmake_clean_first': False, 'cmake_force_configure': False, 'cmake_target': None, 'cmake_target_skip_unavailable': False, 'install_base': '/home/student/git/nathan_branch/install/forestguard_ui', 'merge_install': False, 'path': '/home/student/git/nathan_branch/src/forestguard_ui', 'symlink_install': True, 'test_result_base': None}
[0.458s] Level 5:colcon.colcon_core.verb:set package 'john' build argument 'cmake_args' from command line to 'None'
[0.458s] Level 5:colcon.colcon_core.verb:set package 'john' build argument 'cmake_target' from command line to 'None'
[0.458s] Level 5:colcon.colcon_core.verb:set package 'john' build argument 'cmake_target_skip_unavailable' from command line to 'False'
[0.458s] Level 5:colcon.colcon_core.verb:set package 'john' build argument 'cmake_clean_cache' from command line to 'False'
[0.458s] Level 5:colcon.colcon_core.verb:set package 'john' build argument 'cmake_clean_first' from command line to 'False'
[0.458s] Level 5:colcon.colcon_core.verb:set package 'john' build argument 'cmake_force_configure' from command line to 'False'
[0.458s] Level 5:colcon.colcon_core.verb:set package 'john' build argument 'ament_cmake_args' from command line to 'None'
[0.458s] Level 5:colcon.colcon_core.verb:set package 'john' build argument 'catkin_cmake_args' from command line to 'None'
[0.459s] Level 5:colcon.colcon_core.verb:set package 'john' build argument 'catkin_skip_building_tests' from command line to 'False'
[0.459s] DEBUG:colcon.colcon_core.verb:Building package 'john' with the following arguments: {'ament_cmake_args': None, 'build_base': '/home/student/git/nathan_branch/build/john', 'catkin_cmake_args': None, 'catkin_skip_building_tests': False, 'cmake_args': None, 'cmake_clean_cache': False, 'cmake_clean_first': False, 'cmake_force_configure': False, 'cmake_target': None, 'cmake_target_skip_unavailable': False, 'install_base': '/home/student/git/nathan_branch/install/john', 'merge_install': False, 'path': '/home/student/git/nathan_branch/src/forestguard_sim', 'symlink_install': True, 'test_result_base': None}
[0.459s] INFO:colcon.colcon_core.executor:Executing jobs using 'parallel' executor
[0.460s] DEBUG:colcon.colcon_parallel_executor.executor.parallel:run_until_complete
[0.460s] INFO:colcon.colcon_ros.task.ament_python.build:Building ROS package in '/home/student/git/nathan_branch/src/forestguard_colour' with build type 'ament_python'
[0.460s] Level 1:colcon.colcon_core.shell:create_environment_hook('forestguard_colour', 'ament_prefix_path')
[0.463s] INFO:colcon.colcon_core.plugin_system:Skipping extension 'colcon_core.shell.bat': Not used on non-Windows systems
[0.463s] INFO:colcon.colcon_core.shell:Creating environment hook '/home/student/git/nathan_branch/install/forestguard_colour/share/forestguard_colour/hook/ament_prefix_path.ps1'
[0.464s] INFO:colcon.colcon_core.shell:Creating environment descriptor '/home/student/git/nathan_branch/install/forestguard_colour/share/forestguard_colour/hook/ament_prefix_path.dsv'
[0.464s] INFO:colcon.colcon_core.shell:Creating environment hook '/home/student/git/nathan_branch/install/forestguard_colour/share/forestguard_colour/hook/ament_prefix_path.sh'
[0.465s] INFO:colcon.colcon_core.shell:Skip shell extension 'powershell' for command environment: Not usable outside of PowerShell
[0.465s] DEBUG:colcon.colcon_core.shell:Skip shell extension 'dsv' for command environment
[0.470s] INFO:colcon.colcon_ros.task.ament_cmake.build:Building ROS package in '/home/student/git/nathan_branch/src/forestguard_controller' with build type 'ament_cmake'
[0.470s] INFO:colcon.colcon_cmake.task.cmake.build:Building CMake package in '/home/student/git/nathan_branch/src/forestguard_controller'
[0.471s] INFO:colcon.colcon_core.shell:Skip shell extension 'powershell' for command environment: Not usable outside of PowerShell
[0.471s] DEBUG:colcon.colcon_core.shell:Skip shell extension 'dsv' for command environment
[0.477s] INFO:colcon.colcon_ros.task.ament_cmake.build:Building ROS package in '/home/student/git/nathan_branch/src/forestguard_localisation' with build type 'ament_cmake'
[0.477s] INFO:colcon.colcon_cmake.task.cmake.build:Building CMake package in '/home/student/git/nathan_branch/src/forestguard_localisation'
[0.478s] INFO:colcon.colcon_core.shell:Skip shell extension 'powershell' for command environment: Not usable outside of PowerShell
[0.478s] DEBUG:colcon.colcon_core.shell:Skip shell extension 'dsv' for command environment
[0.483s] INFO:colcon.colcon_ros.task.ament_python.build:Building ROS package in '/home/student/git/nathan_branch/src/forestguard_ui' with build type 'ament_python'
[0.483s] Level 1:colcon.colcon_core.shell:create_environment_hook('forestguard_ui', 'ament_prefix_path')
[0.484s] INFO:colcon.colcon_core.shell:Creating environment hook '/home/student/git/nathan_branch/install/forestguard_ui/share/forestguard_ui/hook/ament_prefix_path.ps1'
[0.484s] INFO:colcon.colcon_core.shell:Creating environment descriptor '/home/student/git/nathan_branch/install/forestguard_ui/share/forestguard_ui/hook/ament_prefix_path.dsv'
[0.485s] INFO:colcon.colcon_core.shell:Creating environment hook '/home/student/git/nathan_branch/install/forestguard_ui/share/forestguard_ui/hook/ament_prefix_path.sh'
[0.485s] INFO:colcon.colcon_core.shell:Skip shell extension 'powershell' for command environment: Not usable outside of PowerShell
[0.486s] DEBUG:colcon.colcon_core.shell:Skip shell extension 'dsv' for command environment
[0.491s] INFO:colcon.colcon_ros.task.ament_cmake.build:Building ROS package in '/home/student/git/nathan_branch/src/forestguard_sim' with build type 'ament_cmake'
[0.491s] INFO:colcon.colcon_cmake.task.cmake.build:Building CMake package in '/home/student/git/nathan_branch/src/forestguard_sim'
[0.492s] INFO:colcon.colcon_core.shell:Skip shell extension 'powershell' for command environment: Not usable outside of PowerShell
[0.492s] DEBUG:colcon.colcon_core.shell:Skip shell extension 'dsv' for command environment
[0.798s] INFO:colcon.colcon_core.task.python.build:Building Python package in '/home/student/git/nathan_branch/src/forestguard_colour'
[0.798s] INFO:colcon.colcon_core.shell:Skip shell extension 'powershell' for command environment: Not usable outside of PowerShell
[0.798s] DEBUG:colcon.colcon_core.shell:Skip shell extension 'dsv' for command environment
[0.807s] DEBUG:colcon.colcon_core.event_handler.log_command:Invoking command in '/home/student/git/nathan_branch/build/forestguard_controller': CMAKE_PREFIX_PATH=${CMAKE_PREFIX_PATH}:/home/student/git/nathan_branch/install/forestguard_ui:/home/student/git/nathan_branch/install/forestguard_colour:/opt/ros/humble /usr/bin/cmake /home/student/git/nathan_branch/src/forestguard_controller -DAMENT_CMAKE_SYMLINK_INSTALL=1 -DCMAKE_INSTALL_PREFIX=/home/student/git/nathan_branch/install/forestguard_controller
[0.810s] DEBUG:colcon.colcon_core.event_handler.log_command:Invoking command in '/home/student/git/nathan_branch/build/forestguard_localisation': CMAKE_PREFIX_PATH=${CMAKE_PREFIX_PATH}:/home/student/git/nathan_branch/install/forestguard_ui:/home/student/git/nathan_branch/install/forestguard_colour:/opt/ros/humble /usr/bin/cmake /home/student/git/nathan_branch/src/forestguard_localisation -DAMENT_CMAKE_SYMLINK_INSTALL=1 -DCMAKE_INSTALL_PREFIX=/home/student/git/nathan_branch/install/forestguard_localisation
[1.174s] INFO:colcon.colcon_core.task.python.build:Building Python package in '/home/student/git/nathan_branch/src/forestguard_ui'
[1.175s] INFO:colcon.colcon_core.shell:Skip shell extension 'powershell' for command environment: Not usable outside of PowerShell
[1.175s] DEBUG:colcon.colcon_core.shell:Skip shell extension 'dsv' for command environment
[1.198s] DEBUG:colcon.colcon_core.event_handler.log_command:Invoking command in '/home/student/git/nathan_branch/build/john': CMAKE_PREFIX_PATH=${CMAKE_PREFIX_PATH}:/home/student/git/nathan_branch/install/forestguard_ui:/home/student/git/nathan_branch/install/forestguard_colour:/opt/ros/humble /usr/bin/cmake /home/student/git/nathan_branch/src/forestguard_sim -DAMENT_CMAKE_SYMLINK_INSTALL=1 -DCMAKE_INSTALL_PREFIX=/home/student/git/nathan_branch/install/john
[1.669s] DEBUG:colcon.colcon_core.event_handler.log_command:Invoking command in '/home/student/git/nathan_branch/build/forestguard_ui': PYTHONPATH=/home/student/git/nathan_branch/build/forestguard_ui/prefix_override:/usr/lib/python3/dist-packages/colcon_core/task/python/colcon_distutils_commands:/home/student/git/nathan_branch/install/forestguard_ui/lib/python3.10/site-packages:${PYTHONPATH} /usr/bin/python3 -W ignore:setup.py install is deprecated -W ignore:easy_install command is deprecated setup.py develop --editable --build-directory /home/student/git/nathan_branch/build/forestguard_ui/build --no-deps symlink_data
[1.773s] DEBUG:colcon.colcon_core.event_handler.log_command:Invoking command in '/home/student/git/nathan_branch/build/forestguard_colour': PYTHONPATH=/home/student/git/nathan_branch/build/forestguard_colour/prefix_override:/usr/lib/python3/dist-packages/colcon_core/task/python/colcon_distutils_commands:/home/student/git/nathan_branch/install/forestguard_colour/lib/python3.10/site-packages:${PYTHONPATH} /usr/bin/python3 -W ignore:setup.py install is deprecated -W ignore:easy_install command is deprecated setup.py develop --editable --build-directory /home/student/git/nathan_branch/build/forestguard_colour/build --no-deps symlink_data
[2.324s] DEBUG:colcon.colcon_core.event_handler.log_command:Invoked command in '/home/student/git/nathan_branch/build/john' returned '0': CMAKE_PREFIX_PATH=${CMAKE_PREFIX_PATH}:/home/student/git/nathan_branch/install/forestguard_ui:/home/student/git/nathan_branch/install/forestguard_colour:/opt/ros/humble /usr/bin/cmake /home/student/git/nathan_branch/src/forestguard_sim -DAMENT_CMAKE_SYMLINK_INSTALL=1 -DCMAKE_INSTALL_PREFIX=/home/student/git/nathan_branch/install/john
[2.327s] DEBUG:colcon.colcon_core.event_handler.log_command:Invoking command in '/home/student/git/nathan_branch/build/john': CMAKE_PREFIX_PATH=${CMAKE_PREFIX_PATH}:/home/student/git/nathan_branch/install/forestguard_ui:/home/student/git/nathan_branch/install/forestguard_colour:/opt/ros/humble /usr/bin/cmake --build /home/student/git/nathan_branch/build/john -- -j8 -l8
[2.328s] Level 1:colcon.colcon_core.shell:create_environment_hook('forestguard_ui', 'pythonpath_develop')
[2.329s] INFO:colcon.colcon_core.shell:Creating environment hook '/home/student/git/nathan_branch/build/forestguard_ui/share/forestguard_ui/hook/pythonpath_develop.ps1'
[2.329s] DEBUG:colcon.colcon_core.event_handler.log_command:Invoked command in '/home/student/git/nathan_branch/build/forestguard_ui' returned '0': PYTHONPATH=/home/student/git/nathan_branch/build/forestguard_ui/prefix_override:/usr/lib/python3/dist-packages/colcon_core/task/python/colcon_distutils_commands:/home/student/git/nathan_branch/install/forestguard_ui/lib/python3.10/site-packages:${PYTHONPATH} /usr/bin/python3 -W ignore:setup.py install is deprecated -W ignore:easy_install command is deprecated setup.py develop --editable --build-directory /home/student/git/nathan_branch/build/forestguard_ui/build --no-deps symlink_data
[2.330s] INFO:colcon.colcon_core.shell:Creating environment descriptor '/home/student/git/nathan_branch/build/forestguard_ui/share/forestguard_ui/hook/pythonpath_develop.dsv'
[2.331s] INFO:colcon.colcon_core.shell:Creating environment hook '/home/student/git/nathan_branch/build/forestguard_ui/share/forestguard_ui/hook/pythonpath_develop.sh'
[2.334s] Level 1:colcon.colcon_core.environment:checking '/home/student/git/nathan_branch/install/forestguard_ui' for CMake module files
[2.335s] Level 1:colcon.colcon_core.environment:checking '/home/student/git/nathan_branch/install/forestguard_ui' for CMake config files
[2.336s] Level 1:colcon.colcon_core.environment:checking '/home/student/git/nathan_branch/install/forestguard_ui/lib'
[2.336s] Level 1:colcon.colcon_core.environment:checking '/home/student/git/nathan_branch/install/forestguard_ui/bin'
[2.336s] Level 1:colcon.colcon_core.environment:checking '/home/student/git/nathan_branch/install/forestguard_ui/lib/pkgconfig/forestguard_ui.pc'
[2.337s] Level 1:colcon.colcon_core.environment:checking '/home/student/git/nathan_branch/install/forestguard_ui/lib/python3.10/site-packages'
[2.337s] Level 1:colcon.colcon_core.shell:create_environment_hook('forestguard_ui', 'pythonpath')
[2.337s] INFO:colcon.colcon_core.shell:Creating environment hook '/home/student/git/nathan_branch/install/forestguard_ui/share/forestguard_ui/hook/pythonpath.ps1'
[2.338s] INFO:colcon.colcon_core.shell:Creating environment descriptor '/home/student/git/nathan_branch/install/forestguard_ui/share/forestguard_ui/hook/pythonpath.dsv'
[2.339s] INFO:colcon.colcon_core.shell:Creating environment hook '/home/student/git/nathan_branch/install/forestguard_ui/share/forestguard_ui/hook/pythonpath.sh'
[2.339s] Level 1:colcon.colcon_core.environment:checking '/home/student/git/nathan_branch/install/forestguard_ui/bin'
[2.339s] Level 1:colcon.colcon_core.environment:create_environment_scripts_only(forestguard_ui)
[2.340s] INFO:colcon.colcon_core.shell:Creating package script '/home/student/git/nathan_branch/install/forestguard_ui/share/forestguard_ui/package.ps1'
[2.341s] INFO:colcon.colcon_core.shell:Creating package descriptor '/home/student/git/nathan_branch/install/forestguard_ui/share/forestguard_ui/package.dsv'
[2.341s] INFO:colcon.colcon_core.shell:Creating package script '/home/student/git/nathan_branch/install/forestguard_ui/share/forestguard_ui/package.sh'
[2.342s] INFO:colcon.colcon_core.shell:Creating package script '/home/student/git/nathan_branch/install/forestguard_ui/share/forestguard_ui/package.bash'
[2.343s] INFO:colcon.colcon_core.shell:Creating package script '/home/student/git/nathan_branch/install/forestguard_ui/share/forestguard_ui/package.zsh'
[2.346s] Level 1:colcon.colcon_core.environment:create_file_with_runtime_dependencies(/home/student/git/nathan_branch/install/forestguard_ui/share/colcon-core/packages/forestguard_ui)
[2.377s] DEBUG:colcon.colcon_core.event_handler.log_command:Invoked command in '/home/student/git/nathan_branch/build/john' returned '0': CMAKE_PREFIX_PATH=${CMAKE_PREFIX_PATH}:/home/student/git/nathan_branch/install/forestguard_ui:/home/student/git/nathan_branch/install/forestguard_colour:/opt/ros/humble /usr/bin/cmake --build /home/student/git/nathan_branch/build/john -- -j8 -l8
[2.391s] DEBUG:colcon.colcon_core.event_handler.log_command:Invoking command in '/home/student/git/nathan_branch/build/john': CMAKE_PREFIX_PATH=${CMAKE_PREFIX_PATH}:/home/student/git/nathan_branch/install/forestguard_ui:/home/student/git/nathan_branch/install/forestguard_colour:/opt/ros/humble /usr/bin/cmake --install /home/student/git/nathan_branch/build/john
[2.574s] DEBUG:colcon.colcon_core.event_handler.log_command:Invoked command in '/home/student/git/nathan_branch/build/forestguard_localisation' returned '0': CMAKE_PREFIX_PATH=${CMAKE_PREFIX_PATH}:/home/student/git/nathan_branch/install/forestguard_ui:/home/student/git/nathan_branch/install/forestguard_colour:/opt/ros/humble /usr/bin/cmake /home/student/git/nathan_branch/src/forestguard_localisation -DAMENT_CMAKE_SYMLINK_INSTALL=1 -DCMAKE_INSTALL_PREFIX=/home/student/git/nathan_branch/install/forestguard_localisation
[2.576s] DEBUG:colcon.colcon_core.event_handler.log_command:Invoking command in '/home/student/git/nathan_branch/build/forestguard_localisation': CMAKE_PREFIX_PATH=${CMAKE_PREFIX_PATH}:/home/student/git/nathan_branch/install/forestguard_ui:/home/student/git/nathan_branch/install/forestguard_colour:/opt/ros/humble /usr/bin/cmake --build /home/student/git/nathan_branch/build/forestguard_localisation -- -j8 -l8
[2.607s] Level 1:colcon.colcon_core.shell:create_environment_hook('forestguard_colour', 'pythonpath_develop')
[2.608s] INFO:colcon.colcon_core.shell:Creating environment hook '/home/student/git/nathan_branch/build/forestguard_colour/share/forestguard_colour/hook/pythonpath_develop.ps1'
[2.609s] DEBUG:colcon.colcon_core.event_handler.log_command:Invoked command in '/home/student/git/nathan_branch/build/forestguard_colour' returned '0': PYTHONPATH=/home/student/git/nathan_branch/build/forestguard_colour/prefix_override:/usr/lib/python3/dist-packages/colcon_core/task/python/colcon_distutils_commands:/home/student/git/nathan_branch/install/forestguard_colour/lib/python3.10/site-packages:${PYTHONPATH} /usr/bin/python3 -W ignore:setup.py install is deprecated -W ignore:easy_install command is deprecated setup.py develop --editable --build-directory /home/student/git/nathan_branch/build/forestguard_colour/build --no-deps symlink_data
[2.609s] INFO:colcon.colcon_core.shell:Creating environment descriptor '/home/student/git/nathan_branch/build/forestguard_colour/share/forestguard_colour/hook/pythonpath_develop.dsv'
[2.610s] INFO:colcon.colcon_core.shell:Creating environment hook '/home/student/git/nathan_branch/build/forestguard_colour/share/forestguard_colour/hook/pythonpath_develop.sh'
[2.610s] Level 1:colcon.colcon_core.environment:checking '/home/student/git/nathan_branch/install/forestguard_colour' for CMake module files
[2.611s] Level 1:colcon.colcon_core.environment:checking '/home/student/git/nathan_branch/install/forestguard_colour' for CMake config files
[2.611s] Level 1:colcon.colcon_core.environment:checking '/home/student/git/nathan_branch/install/forestguard_colour/lib'
[2.611s] Level 1:colcon.colcon_core.environment:checking '/home/student/git/nathan_branch/install/forestguard_colour/bin'
[2.611s] Level 1:colcon.colcon_core.environment:checking '/home/student/git/nathan_branch/install/forestguard_colour/lib/pkgconfig/forestguard_colour.pc'
[2.612s] Level 1:colcon.colcon_core.environment:checking '/home/student/git/nathan_branch/install/forestguard_colour/lib/python3.10/site-packages'
[2.612s] Level 1:colcon.colcon_core.shell:create_environment_hook('forestguard_colour', 'pythonpath')
[2.612s] INFO:colcon.colcon_core.shell:Creating environment hook '/home/student/git/nathan_branch/install/forestguard_colour/share/forestguard_colour/hook/pythonpath.ps1'
[2.612s] INFO:colcon.colcon_core.shell:Creating environment descriptor '/home/student/git/nathan_branch/install/forestguard_colour/share/forestguard_colour/hook/pythonpath.dsv'
[2.613s] INFO:colcon.colcon_core.shell:Creating environment hook '/home/student/git/nathan_branch/install/forestguard_colour/share/forestguard_colour/hook/pythonpath.sh'
[2.613s] Level 1:colcon.colcon_core.environment:checking '/home/student/git/nathan_branch/install/forestguard_colour/bin'
[2.613s] Level 1:colcon.colcon_core.environment:create_environment_scripts_only(forestguard_colour)
[2.614s] INFO:colcon.colcon_core.shell:Creating package script '/home/student/git/nathan_branch/install/forestguard_colour/share/forestguard_colour/package.ps1'
[2.615s] INFO:colcon.colcon_core.shell:Creating package descriptor '/home/student/git/nathan_branch/install/forestguard_colour/share/forestguard_colour/package.dsv'
[2.616s] INFO:colcon.colcon_core.shell:Creating package script '/home/student/git/nathan_branch/install/forestguard_colour/share/forestguard_colour/package.sh'
[2.616s] INFO:colcon.colcon_core.shell:Creating package script '/home/student/git/nathan_branch/install/forestguard_colour/share/forestguard_colour/package.bash'
[2.617s] INFO:colcon.colcon_core.shell:Creating package script '/home/student/git/nathan_branch/install/forestguard_colour/share/forestguard_colour/package.zsh'
[2.617s] Level 1:colcon.colcon_core.environment:create_file_with_runtime_dependencies(/home/student/git/nathan_branch/install/forestguard_colour/share/colcon-core/packages/forestguard_colour)
[2.888s] DEBUG:colcon.colcon_core.event_handler.log_command:Invoked command in '/home/student/git/nathan_branch/build/forestguard_controller' returned '0': CMAKE_PREFIX_PATH=${CMAKE_PREFIX_PATH}:/home/student/git/nathan_branch/install/forestguard_ui:/home/student/git/nathan_branch/install/forestguard_colour:/opt/ros/humble /usr/bin/cmake /home/student/git/nathan_branch/src/forestguard_controller -DAMENT_CMAKE_SYMLINK_INSTALL=1 -DCMAKE_INSTALL_PREFIX=/home/student/git/nathan_branch/install/forestguard_controller
[2.891s] DEBUG:colcon.colcon_core.event_handler.log_command:Invoking command in '/home/student/git/nathan_branch/build/forestguard_controller': CMAKE_PREFIX_PATH=${CMAKE_PREFIX_PATH}:/home/student/git/nathan_branch/install/forestguard_ui:/home/student/git/nathan_branch/install/forestguard_colour:/opt/ros/humble /usr/bin/cmake --build /home/student/git/nathan_branch/build/forestguard_controller -- -j8 -l8
[3.483s] Level 1:colcon.colcon_core.environment:create_environment_scripts_only(john)
[3.484s] Level 1:colcon.colcon_core.environment:checking '/home/student/git/nathan_branch/install/john' for CMake module files
[3.485s] DEBUG:colcon.colcon_core.event_handler.log_command:Invoked command in '/home/student/git/nathan_branch/build/john' returned '0': CMAKE_PREFIX_PATH=${CMAKE_PREFIX_PATH}:/home/student/git/nathan_branch/install/forestguard_ui:/home/student/git/nathan_branch/install/forestguard_colour:/opt/ros/humble /usr/bin/cmake --install /home/student/git/nathan_branch/build/john
[3.485s] Level 1:colcon.colcon_core.environment:checking '/home/student/git/nathan_branch/install/john' for CMake config files
[3.486s] Level 1:colcon.colcon_core.shell:create_environment_hook('john', 'cmake_prefix_path')
[3.487s] INFO:colcon.colcon_core.shell:Creating environment hook '/home/student/git/nathan_branch/install/john/share/john/hook/cmake_prefix_path.ps1'
[3.487s] INFO:colcon.colcon_core.shell:Creating environment descriptor '/home/student/git/nathan_branch/install/john/share/john/hook/cmake_prefix_path.dsv'
[3.488s] INFO:colcon.colcon_core.shell:Creating environment hook '/home/student/git/nathan_branch/install/john/share/john/hook/cmake_prefix_path.sh'
[3.489s] Level 1:colcon.colcon_core.environment:checking '/home/student/git/nathan_branch/install/john/bin'
[3.489s] Level 1:colcon.colcon_core.environment:checking '/home/student/git/nathan_branch/install/john/lib/pkgconfig/john.pc'
[3.490s] Level 1:colcon.colcon_core.environment:checking '/home/student/git/nathan_branch/install/john/lib/python3.10/site-packages'
[3.490s] Level 1:colcon.colcon_core.environment:checking '/home/student/git/nathan_branch/install/john/bin'
[3.491s] INFO:colcon.colcon_core.shell:Creating package script '/home/student/git/nathan_branch/install/john/share/john/package.ps1'
[3.491s] INFO:colcon.colcon_core.shell:Creating package descriptor '/home/student/git/nathan_branch/install/john/share/john/package.dsv'
[3.492s] INFO:colcon.colcon_core.shell:Creating package script '/home/student/git/nathan_branch/install/john/share/john/package.sh'
[3.493s] INFO:colcon.colcon_core.shell:Creating package script '/home/student/git/nathan_branch/install/john/share/john/package.bash'
[3.493s] INFO:colcon.colcon_core.shell:Creating package script '/home/student/git/nathan_branch/install/john/share/john/package.zsh'
[3.494s] Level 1:colcon.colcon_core.environment:create_file_with_runtime_dependencies(/home/student/git/nathan_branch/install/john/share/colcon-core/packages/john)
[3.495s] Level 1:colcon.colcon_core.environment:create_environment_scripts_only(john)
[3.495s] Level 1:colcon.colcon_core.environment:checking '/home/student/git/nathan_branch/install/john' for CMake module files
[3.496s] Level 1:colcon.colcon_core.environment:checking '/home/student/git/nathan_branch/install/john' for CMake config files
[3.497s] Level 1:colcon.colcon_core.shell:create_environment_hook('john', 'cmake_prefix_path')
[3.497s] INFO:colcon.colcon_core.shell:Creating environment hook '/home/student/git/nathan_branch/install/john/share/john/hook/cmake_prefix_path.ps1'
[3.498s] INFO:colcon.colcon_core.shell:Creating environment descriptor '/home/student/git/nathan_branch/install/john/share/john/hook/cmake_prefix_path.dsv'
[3.499s] INFO:colcon.colcon_core.shell:Creating environment hook '/home/student/git/nathan_branch/install/john/share/john/hook/cmake_prefix_path.sh'
[3.500s] Level 1:colcon.colcon_core.environment:checking '/home/student/git/nathan_branch/install/john/bin'
[3.500s] Level 1:colcon.colcon_core.environment:checking '/home/student/git/nathan_branch/install/john/lib/pkgconfig/john.pc'
[3.500s] Level 1:colcon.colcon_core.environment:checking '/home/student/git/nathan_branch/install/john/lib/python3.10/site-packages'
[3.501s] Level 1:colcon.colcon_core.environment:checking '/home/student/git/nathan_branch/install/john/bin'
[3.501s] INFO:colcon.colcon_core.shell:Creating package script '/home/student/git/nathan_branch/install/john/share/john/package.ps1'
[3.502s] INFO:colcon.colcon_core.shell:Creating package descriptor '/home/student/git/nathan_branch/install/john/share/john/package.dsv'
[3.503s] INFO:colcon.colcon_core.shell:Creating package script '/home/student/git/nathan_branch/install/john/share/john/package.sh'
[3.504s] INFO:colcon.colcon_core.shell:Creating package script '/home/student/git/nathan_branch/install/john/share/john/package.bash'
[3.505s] INFO:colcon.colcon_core.shell:Creating package script '/home/student/git/nathan_branch/install/john/share/john/package.zsh'
[3.505s] Level 1:colcon.colcon_core.environment:create_file_with_runtime_dependencies(/home/student/git/nathan_branch/install/john/share/colcon-core/packages/john)
[12.285s] DEBUG:colcon.colcon_core.event_handler.log_command:Invoked command in '/home/student/git/nathan_branch/build/forestguard_localisation' returned '0': CMAKE_PREFIX_PATH=${CMAKE_PREFIX_PATH}:/home/student/git/nathan_branch/install/forestguard_ui:/home/student/git/nathan_branch/install/forestguard_colour:/opt/ros/humble /usr/bin/cmake --build /home/student/git/nathan_branch/build/forestguard_localisation -- -j8 -l8
[12.287s] DEBUG:colcon.colcon_core.event_handler.log_command:Invoking command in '/home/student/git/nathan_branch/build/forestguard_localisation': CMAKE_PREFIX_PATH=${CMAKE_PREFIX_PATH}:/home/student/git/nathan_branch/install/forestguard_ui:/home/student/git/nathan_branch/install/forestguard_colour:/opt/ros/humble /usr/bin/cmake --install /home/student/git/nathan_branch/build/forestguard_localisation
[12.457s] Level 1:colcon.colcon_core.environment:create_environment_scripts_only(forestguard_localisation)
[12.458s] Level 1:colcon.colcon_core.environment:checking '/home/student/git/nathan_branch/install/forestguard_localisation' for CMake module files
[12.462s] Level 1:colcon.colcon_core.environment:checking '/home/student/git/nathan_branch/install/forestguard_localisation' for CMake config files
[12.462s] Level 1:colcon.colcon_core.shell:create_environment_hook('forestguard_localisation', 'cmake_prefix_path')
[12.457s] DEBUG:colcon.colcon_core.event_handler.log_command:Invoked command in '/home/student/git/nathan_branch/build/forestguard_localisation' returned '0': CMAKE_PREFIX_PATH=${CMAKE_PREFIX_PATH}:/home/student/git/nathan_branch/install/forestguard_ui:/home/student/git/nathan_branch/install/forestguard_colour:/opt/ros/humble /usr/bin/cmake --install /home/student/git/nathan_branch/build/forestguard_localisation
[12.463s] INFO:colcon.colcon_core.shell:Creating environment hook '/home/student/git/nathan_branch/install/forestguard_localisation/share/forestguard_localisation/hook/cmake_prefix_path.ps1'
[12.464s] INFO:colcon.colcon_core.shell:Creating environment descriptor '/home/student/git/nathan_branch/install/forestguard_localisation/share/forestguard_localisation/hook/cmake_prefix_path.dsv'
[12.466s] INFO:colcon.colcon_core.shell:Creating environment hook '/home/student/git/nathan_branch/install/forestguard_localisation/share/forestguard_localisation/hook/cmake_prefix_path.sh'
[12.467s] Level 1:colcon.colcon_core.environment:checking '/home/student/git/nathan_branch/install/forestguard_localisation/lib'
[12.467s] Level 1:colcon.colcon_core.environment:checking '/home/student/git/nathan_branch/install/forestguard_localisation/bin'
[12.467s] Level 1:colcon.colcon_core.environment:checking '/home/student/git/nathan_branch/install/forestguard_localisation/lib/pkgconfig/forestguard_localisation.pc'
[12.468s] Level 1:colcon.colcon_core.environment:checking '/home/student/git/nathan_branch/install/forestguard_localisation/lib/python3.10/site-packages'
[12.468s] Level 1:colcon.colcon_core.environment:checking '/home/student/git/nathan_branch/install/forestguard_localisation/bin'
[12.469s] INFO:colcon.colcon_core.shell:Creating package script '/home/student/git/nathan_branch/install/forestguard_localisation/share/forestguard_localisation/package.ps1'
[12.469s] INFO:colcon.colcon_core.shell:Creating package descriptor '/home/student/git/nathan_branch/install/forestguard_localisation/share/forestguard_localisation/package.dsv'
[12.474s] INFO:colcon.colcon_core.shell:Creating package script '/home/student/git/nathan_branch/install/forestguard_localisation/share/forestguard_localisation/package.sh'
[12.474s] INFO:colcon.colcon_core.shell:Creating package script '/home/student/git/nathan_branch/install/forestguard_localisation/share/forestguard_localisation/package.bash'
[12.475s] INFO:colcon.colcon_core.shell:Creating package script '/home/student/git/nathan_branch/install/forestguard_localisation/share/forestguard_localisation/package.zsh'
[12.475s] Level 1:colcon.colcon_core.environment:create_file_with_runtime_dependencies(/home/student/git/nathan_branch/install/forestguard_localisation/share/colcon-core/packages/forestguard_localisation)
[12.476s] Level 1:colcon.colcon_core.environment:create_environment_scripts_only(forestguard_localisation)
[12.481s] Level 1:colcon.colcon_core.environment:checking '/home/student/git/nathan_branch/install/forestguard_localisation' for CMake module files
[12.481s] Level 1:colcon.colcon_core.environment:checking '/home/student/git/nathan_branch/install/forestguard_localisation' for CMake config files
[12.482s] Level 1:colcon.colcon_core.shell:create_environment_hook('forestguard_localisation', 'cmake_prefix_path')
[12.482s] INFO:colcon.colcon_core.shell:Creating environment hook '/home/student/git/nathan_branch/install/forestguard_localisation/share/forestguard_localisation/hook/cmake_prefix_path.ps1'
[12.487s] INFO:colcon.colcon_core.shell:Creating environment descriptor '/home/student/git/nathan_branch/install/forestguard_localisation/share/forestguard_localisation/hook/cmake_prefix_path.dsv'
[12.488s] INFO:colcon.colcon_core.shell:Creating environment hook '/home/student/git/nathan_branch/install/forestguard_localisation/share/forestguard_localisation/hook/cmake_prefix_path.sh'
[12.489s] Level 1:colcon.colcon_core.environment:checking '/home/student/git/nathan_branch/install/forestguard_localisation/lib'
[12.489s] Level 1:colcon.colcon_core.environment:checking '/home/student/git/nathan_branch/install/forestguard_localisation/bin'
[12.489s] Level 1:colcon.colcon_core.environment:checking '/home/student/git/nathan_branch/install/forestguard_localisation/lib/pkgconfig/forestguard_localisation.pc'
[12.490s] Level 1:colcon.colcon_core.environment:checking '/home/student/git/nathan_branch/install/forestguard_localisation/lib/python3.10/site-packages'
[12.490s] Level 1:colcon.colcon_core.environment:checking '/home/student/git/nathan_branch/install/forestguard_localisation/bin'
[12.491s] INFO:colcon.colcon_core.shell:Creating package script '/home/student/git/nathan_branch/install/forestguard_localisation/share/forestguard_localisation/package.ps1'
[12.491s] INFO:colcon.colcon_core.shell:Creating package descriptor '/home/student/git/nathan_branch/install/forestguard_localisation/share/forestguard_localisation/package.dsv'
[12.492s] INFO:colcon.colcon_core.shell:Creating package script '/home/student/git/nathan_branch/install/forestguard_localisation/share/forestguard_localisation/package.sh'
[12.493s] INFO:colcon.colcon_core.shell:Creating package script '/home/student/git/nathan_branch/install/forestguard_localisation/share/forestguard_localisation/package.bash'
[12.494s] INFO:colcon.colcon_core.shell:Creating package script '/home/student/git/nathan_branch/install/forestguard_localisation/share/forestguard_localisation/package.zsh'
[12.494s] Level 1:colcon.colcon_core.environment:create_file_with_runtime_dependencies(/home/student/git/nathan_branch/install/forestguard_localisation/share/colcon-core/packages/forestguard_localisation)
[24.362s] DEBUG:colcon.colcon_core.event_handler.log_command:Invoked command in '/home/student/git/nathan_branch/build/forestguard_controller' returned '0': CMAKE_PREFIX_PATH=${CMAKE_PREFIX_PATH}:/home/student/git/nathan_branch/install/forestguard_ui:/home/student/git/nathan_branch/install/forestguard_colour:/opt/ros/humble /usr/bin/cmake --build /home/student/git/nathan_branch/build/forestguard_controller -- -j8 -l8
[24.364s] DEBUG:colcon.colcon_core.event_handler.log_command:Invoking command in '/home/student/git/nathan_branch/build/forestguard_controller': CMAKE_PREFIX_PATH=${CMAKE_PREFIX_PATH}:/home/student/git/nathan_branch/install/forestguard_ui:/home/student/git/nathan_branch/install/forestguard_colour:/opt/ros/humble /usr/bin/cmake --install /home/student/git/nathan_branch/build/forestguard_controller
[24.531s] Level 1:colcon.colcon_core.environment:create_environment_scripts_only(forestguard_controller)
[24.531s] Level 1:colcon.colcon_core.environment:checking '/home/student/git/nathan_branch/install/forestguard_controller' for CMake module files
[24.532s] DEBUG:colcon.colcon_core.event_handler.log_command:Invoked command in '/home/student/git/nathan_branch/build/forestguard_controller' returned '0': CMAKE_PREFIX_PATH=${CMAKE_PREFIX_PATH}:/home/student/git/nathan_branch/install/forestguard_ui:/home/student/git/nathan_branch/install/forestguard_colour:/opt/ros/humble /usr/bin/cmake --install /home/student/git/nathan_branch/build/forestguard_controller
[24.532s] Level 1:colcon.colcon_core.environment:checking '/home/student/git/nathan_branch/install/forestguard_controller' for CMake config files
[24.533s] Level 1:colcon.colcon_core.shell:create_environment_hook('forestguard_controller', 'cmake_prefix_path')
[24.533s] INFO:colcon.colcon_core.shell:Creating environment hook '/home/student/git/nathan_branch/install/forestguard_controller/share/forestguard_controller/hook/cmake_prefix_path.ps1'
[24.534s] INFO:colcon.colcon_core.shell:Creating environment descriptor '/home/student/git/nathan_branch/install/forestguard_controller/share/forestguard_controller/hook/cmake_prefix_path.dsv'
[24.534s] INFO:colcon.colcon_core.shell:Creating environment hook '/home/student/git/nathan_branch/install/forestguard_controller/share/forestguard_controller/hook/cmake_prefix_path.sh'
[24.535s] Level 1:colcon.colcon_core.environment:checking '/home/student/git/nathan_branch/install/forestguard_controller/lib'
[24.535s] Level 1:colcon.colcon_core.environment:checking '/home/student/git/nathan_branch/install/forestguard_controller/bin'
[24.535s] Level 1:colcon.colcon_core.environment:checking '/home/student/git/nathan_branch/install/forestguard_controller/lib/pkgconfig/forestguard_controller.pc'
[24.535s] Level 1:colcon.colcon_core.environment:checking '/home/student/git/nathan_branch/install/forestguard_controller/lib/python3.10/site-packages'
[24.536s] Level 1:colcon.colcon_core.environment:checking '/home/student/git/nathan_branch/install/forestguard_controller/bin'
[24.536s] INFO:colcon.colcon_core.shell:Creating package script '/home/student/git/nathan_branch/install/forestguard_controller/share/forestguard_controller/package.ps1'
[24.536s] INFO:colcon.colcon_core.shell:Creating package descriptor '/home/student/git/nathan_branch/install/forestguard_controller/share/forestguard_controller/package.dsv'
[24.537s] INFO:colcon.colcon_core.shell:Creating package script '/home/student/git/nathan_branch/install/forestguard_controller/share/forestguard_controller/package.sh'
[24.537s] INFO:colcon.colcon_core.shell:Creating package script '/home/student/git/nathan_branch/install/forestguard_controller/share/forestguard_controller/package.bash'
[24.538s] INFO:colcon.colcon_core.shell:Creating package script '/home/student/git/nathan_branch/install/forestguard_controller/share/forestguard_controller/package.zsh'
[24.538s] Level 1:colcon.colcon_core.environment:create_file_with_runtime_dependencies(/home/student/git/nathan_branch/install/forestguard_controller/share/colcon-core/packages/forestguard_controller)
[24.539s] Level 1:colcon.colcon_core.environment:create_environment_scripts_only(forestguard_controller)
[24.539s] Level 1:colcon.colcon_core.environment:checking '/home/student/git/nathan_branch/install/forestguard_controller' for CMake module files
[24.540s] Level 1:colcon.colcon_core.environment:checking '/home/student/git/nathan_branch/install/forestguard_controller' for CMake config files
[24.540s] Level 1:colcon.colcon_core.shell:create_environment_hook('forestguard_controller', 'cmake_prefix_path')
[24.540s] INFO:colcon.colcon_core.shell:Creating environment hook '/home/student/git/nathan_branch/install/forestguard_controller/share/forestguard_controller/hook/cmake_prefix_path.ps1'
[24.540s] INFO:colcon.colcon_core.shell:Creating environment descriptor '/home/student/git/nathan_branch/install/forestguard_controller/share/forestguard_controller/hook/cmake_prefix_path.dsv'
[24.541s] INFO:colcon.colcon_core.shell:Creating environment hook '/home/student/git/nathan_branch/install/forestguard_controller/share/forestguard_controller/hook/cmake_prefix_path.sh'
[24.541s] Level 1:colcon.colcon_core.environment:checking '/home/student/git/nathan_branch/install/forestguard_controller/lib'
[24.542s] Level 1:colcon.colcon_core.environment:checking '/home/student/git/nathan_branch/install/forestguard_controller/bin'
[24.542s] Level 1:colcon.colcon_core.environment:checking '/home/student/git/nathan_branch/install/forestguard_controller/lib/pkgconfig/forestguard_controller.pc'
[24.542s] Level 1:colcon.colcon_core.environment:checking '/home/student/git/nathan_branch/install/forestguard_controller/lib/python3.10/site-packages'
[24.542s] Level 1:colcon.colcon_core.environment:checking '/home/student/git/nathan_branch/install/forestguard_controller/bin'
[24.542s] INFO:colcon.colcon_core.shell:Creating package script '/home/student/git/nathan_branch/install/forestguard_controller/share/forestguard_controller/package.ps1'
[24.543s] INFO:colcon.colcon_core.shell:Creating package descriptor '/home/student/git/nathan_branch/install/forestguard_controller/share/forestguard_controller/package.dsv'
[24.543s] INFO:colcon.colcon_core.shell:Creating package script '/home/student/git/nathan_branch/install/forestguard_controller/share/forestguard_controller/package.sh'
[24.544s] INFO:colcon.colcon_core.shell:Creating package script '/home/student/git/nathan_branch/install/forestguard_controller/share/forestguard_controller/package.bash'
[24.544s] INFO:colcon.colcon_core.shell:Creating package script '/home/student/git/nathan_branch/install/forestguard_controller/share/forestguard_controller/package.zsh'
[24.545s] Level 1:colcon.colcon_core.environment:create_file_with_runtime_dependencies(/home/student/git/nathan_branch/install/forestguard_controller/share/colcon-core/packages/forestguard_controller)
[24.545s] DEBUG:colcon.colcon_parallel_executor.executor.parallel:closing loop
[24.546s] DEBUG:colcon.colcon_parallel_executor.executor.parallel:loop closed
[24.546s] DEBUG:colcon.colcon_parallel_executor.executor.parallel:run_until_complete finished with '0'
[24.546s] DEBUG:colcon.colcon_core.event_reactor:joining thread
[24.552s] INFO:colcon.colcon_core.plugin_system:Skipping extension 'colcon_notification.desktop_notification.terminal_notifier': Not used on non-Darwin systems
[24.552s] INFO:colcon.colcon_core.plugin_system:Skipping extension 'colcon_notification.desktop_notification.win32': Not used on non-Windows systems
[24.552s] INFO:colcon.colcon_notification.desktop_notification:Sending desktop notification using 'notify2'
[24.565s] DEBUG:colcon.colcon_core.event_reactor:joined thread
[24.566s] INFO:colcon.colcon_core.shell:Creating prefix script '/home/student/git/nathan_branch/install/local_setup.ps1'
[24.567s] INFO:colcon.colcon_core.shell:Creating prefix util module '/home/student/git/nathan_branch/install/_local_setup_util_ps1.py'
[24.568s] INFO:colcon.colcon_core.shell:Creating prefix chain script '/home/student/git/nathan_branch/install/setup.ps1'
[24.570s] INFO:colcon.colcon_core.shell:Creating prefix script '/home/student/git/nathan_branch/install/local_setup.sh'
[24.571s] INFO:colcon.colcon_core.shell:Creating prefix util module '/home/student/git/nathan_branch/install/_local_setup_util_sh.py'
[24.571s] INFO:colcon.colcon_core.shell:Creating prefix chain script '/home/student/git/nathan_branch/install/setup.sh'
[24.573s] INFO:colcon.colcon_core.shell:Creating prefix script '/home/student/git/nathan_branch/install/local_setup.bash'
[24.574s] INFO:colcon.colcon_core.shell:Creating prefix chain script '/home/student/git/nathan_branch/install/setup.bash'
[24.576s] INFO:colcon.colcon_core.shell:Creating prefix script '/home/student/git/nathan_branch/install/local_setup.zsh'
[24.576s] INFO:colcon.colcon_core.shell:Creating prefix chain script '/home/student/git/nathan_branch/install/setup.zsh'
