[0.196s] Invoking command in '/home/yut/git/rs1-2025s-ytu77/yuto_branch/build/forestguard_controller': CMAKE_PREFIX_PATH=${CMAKE_PREFIX_PATH}:/home/yut/git/rs1-2025s-ytu77/yuto_branch/install/forestguard_ui:/home/yut/git/rs1-2025s-ytu77/yuto_branch/install/forestguard_colour:/opt/ros/humble /usr/bin/cmake /home/yut/git/rs1-2025s-ytu77/yuto_branch/src/forestguard_controller -DCMAKE_INSTALL_PREFIX=/home/yut/git/rs1-2025s-ytu77/yuto_branch/install/forestguard_controller
[0.480s] -- The C compiler identification is GNU 11.4.0
[0.481s] -- The CXX compiler identification is GNU 11.4.0
[0.481s] -- Detecting C compiler ABI info
[0.481s] -- Detecting C compiler ABI info - done
[0.481s] -- Check for working C compiler: /usr/bin/cc - skipped
[0.481s] -- Detecting C compile features
[0.481s] -- Detecting C compile features - done
[0.481s] -- Detecting CXX compiler ABI info
[0.487s] -- Detecting CXX compiler ABI info - done
[0.495s] -- Check for working CXX compiler: /usr/bin/c++ - skipped
[0.495s] -- Detecting CXX compile features
[0.495s] -- Detecting CXX compile features - done
[0.499s] -- Found ament_cmake: 1.3.11 (/opt/ros/humble/share/ament_cmake/cmake)
[0.939s] -- Found Python3: /usr/bin/python3 (found version "3.10.12") found components: Interpreter 
[1.057s] -- Found rclcpp: 16.0.11 (/opt/ros/humble/share/rclcpp/cmake)
[1.105s] -- Found rosidl_generator_c: 3.1.6 (/opt/ros/humble/share/rosidl_generator_c/cmake)
[1.111s] -- Found rosidl_adapter: 3.1.6 (/opt/ros/humble/share/rosidl_adapter/cmake)
[1.119s] -- Found rosidl_generator_cpp: 3.1.6 (/opt/ros/humble/share/rosidl_generator_cpp/cmake)
[1.131s] -- Using all available rosidl_typesupport_c: rosidl_typesupport_fastrtps_c;rosidl_typesupport_introspection_c
[1.146s] -- Using all available rosidl_typesupport_cpp: rosidl_typesupport_fastrtps_cpp;rosidl_typesupport_introspection_cpp
[1.185s] -- Found rmw_implementation_cmake: 6.1.2 (/opt/ros/humble/share/rmw_implementation_cmake/cmake)
[1.188s] -- Found rmw_fastrtps_cpp: 6.2.7 (/opt/ros/humble/share/rmw_fastrtps_cpp/cmake)
[1.280s] -- Found OpenSSL: /usr/lib/x86_64-linux-gnu/libcrypto.so (found version "3.0.2")  
[1.312s] -- Found FastRTPS: /opt/ros/humble/include  
[1.361s] -- Using RMW implementation 'rmw_fastrtps_cpp' as default
[1.369s] -- Looking for pthread.h
[1.439s] -- Looking for pthread.h - found
[1.440s] -- Performing Test CMAKE_HAVE_LIBC_PTHREAD
[1.514s] -- Performing Test CMAKE_HAVE_LIBC_PTHREAD - Success
[1.515s] -- Found Threads: TRUE  
[1.561s] -- Found rclcpp_action: 16.0.11 (/opt/ros/humble/share/rclcpp_action/cmake)
[1.589s] -- Found geometry_msgs: 4.2.4 (/opt/ros/humble/share/geometry_msgs/cmake)
[1.600s] -- Found sensor_msgs: 4.2.4 (/opt/ros/humble/share/sensor_msgs/cmake)
[1.616s] -- Found nav_msgs: 4.2.4 (/opt/ros/humble/share/nav_msgs/cmake)
[1.630s] -- Found visualization_msgs: 4.2.4 (/opt/ros/humble/share/visualization_msgs/cmake)
[1.647s] -- Found nav2_msgs: 1.1.18 (/opt/ros/humble/share/nav2_msgs/cmake)
[1.669s] -- Found tf2_ros: 0.25.12 (/opt/ros/humble/share/tf2_ros/cmake)
[1.727s] -- Found tf2_geometry_msgs: 0.25.12 (/opt/ros/humble/share/tf2_geometry_msgs/cmake)
[1.745s] -- Found eigen3_cmake_module: 0.1.1 (/opt/ros/humble/share/eigen3_cmake_module/cmake)
[1.746s] -- Found Eigen3: TRUE (found version "3.4.0") 
[1.746s] -- Ensuring Eigen3 include directory is part of orocos-kdl CMake target
[1.749s] -- Found cv_bridge: 3.2.1 (/opt/ros/humble/share/cv_bridge/cmake)
[1.763s] -- Found OpenCV: /usr (found version "4.5.4") 
[1.765s] -- Found ament_cmake_ros: 0.10.0 (/opt/ros/humble/share/ament_cmake_ros/cmake)
[1.774s] -- Found rosbag2_cpp: 0.15.13 (/opt/ros/humble/share/rosbag2_cpp/cmake)
[1.812s] -- Found ament_lint_auto: 0.12.11 (/opt/ros/humble/share/ament_lint_auto/cmake)
[1.892s] -- Added test 'cppcheck' to perform static code analysis on C / C++ code
[1.893s] -- Configured cppcheck include dirs: $<BUILD_INTERFACE:/home/yut/git/rs1-2025s-ytu77/yuto_branch/src/forestguard_controller/include>
[1.893s] -- Configured cppcheck exclude dirs and/or files: 
[1.893s] -- Added test 'lint_cmake' to check CMake code style
[1.894s] -- Added test 'uncrustify' to check C / C++ code style
[1.894s] -- Configured uncrustify additional arguments: 
[1.895s] -- Added test 'xmllint' to check XML markup files
[1.896s] -- Configuring done
[1.912s] -- Generating done
[1.918s] -- Build files have been written to: /home/yut/git/rs1-2025s-ytu77/yuto_branch/build/forestguard_controller
[1.931s] Invoked command in '/home/yut/git/rs1-2025s-ytu77/yuto_branch/build/forestguard_controller' returned '0': CMAKE_PREFIX_PATH=${CMAKE_PREFIX_PATH}:/home/yut/git/rs1-2025s-ytu77/yuto_branch/install/forestguard_ui:/home/yut/git/rs1-2025s-ytu77/yuto_branch/install/forestguard_colour:/opt/ros/humble /usr/bin/cmake /home/yut/git/rs1-2025s-ytu77/yuto_branch/src/forestguard_controller -DCMAKE_INSTALL_PREFIX=/home/yut/git/rs1-2025s-ytu77/yuto_branch/install/forestguard_controller
[1.932s] Invoking command in '/home/yut/git/rs1-2025s-ytu77/yuto_branch/build/forestguard_controller': CMAKE_PREFIX_PATH=${CMAKE_PREFIX_PATH}:/home/yut/git/rs1-2025s-ytu77/yuto_branch/install/forestguard_ui:/home/yut/git/rs1-2025s-ytu77/yuto_branch/install/forestguard_colour:/opt/ros/humble /usr/bin/cmake --build /home/yut/git/rs1-2025s-ytu77/yuto_branch/build/forestguard_controller -- -j12 -l12
[1.983s] [ 66%] [32mBuilding CXX object CMakeFiles/forestguard_controller.dir/src/main_husky.cpp.o[0m
[1.983s] [ 66%] [32mBuilding CXX object CMakeFiles/forestguard_controller.dir/src/controller_husky.cpp.o[0m
[16.782s] [100%] [32m[1mLinking CXX executable forestguard_controller[0m
[17.766s] [100%] Built target forestguard_controller
[17.777s] Invoked command in '/home/yut/git/rs1-2025s-ytu77/yuto_branch/build/forestguard_controller' returned '0': CMAKE_PREFIX_PATH=${CMAKE_PREFIX_PATH}:/home/yut/git/rs1-2025s-ytu77/yuto_branch/install/forestguard_ui:/home/yut/git/rs1-2025s-ytu77/yuto_branch/install/forestguard_colour:/opt/ros/humble /usr/bin/cmake --build /home/yut/git/rs1-2025s-ytu77/yuto_branch/build/forestguard_controller -- -j12 -l12
[17.778s] Invoking command in '/home/yut/git/rs1-2025s-ytu77/yuto_branch/build/forestguard_controller': CMAKE_PREFIX_PATH=${CMAKE_PREFIX_PATH}:/home/yut/git/rs1-2025s-ytu77/yuto_branch/install/forestguard_ui:/home/yut/git/rs1-2025s-ytu77/yuto_branch/install/forestguard_colour:/opt/ros/humble /usr/bin/cmake --install /home/yut/git/rs1-2025s-ytu77/yuto_branch/build/forestguard_controller
[17.784s] -- Install configuration: ""
[17.785s] -- Installing: /home/yut/git/rs1-2025s-ytu77/yuto_branch/install/forestguard_controller/lib/forestguard_controller/forestguard_controller
[17.794s] -- Set runtime path of "/home/yut/git/rs1-2025s-ytu77/yuto_branch/install/forestguard_controller/lib/forestguard_controller/forestguard_controller" to ""
[17.794s] -- Installing: /home/yut/git/rs1-2025s-ytu77/yuto_branch/install/forestguard_controller/include
[17.794s] -- Installing: /home/yut/git/rs1-2025s-ytu77/yuto_branch/install/forestguard_controller/include/forestguard_controller
[17.794s] -- Installing: /home/yut/git/rs1-2025s-ytu77/yuto_branch/install/forestguard_controller/include/forestguard_controller/controller_husky.h
[17.794s] -- Installing: /home/yut/git/rs1-2025s-ytu77/yuto_branch/install/forestguard_controller/share/ament_index/resource_index/package_run_dependencies/forestguard_controller
[17.795s] -- Installing: /home/yut/git/rs1-2025s-ytu77/yuto_branch/install/forestguard_controller/share/ament_index/resource_index/parent_prefix_path/forestguard_controller
[17.795s] -- Installing: /home/yut/git/rs1-2025s-ytu77/yuto_branch/install/forestguard_controller/share/forestguard_controller/environment/ament_prefix_path.sh
[17.795s] -- Installing: /home/yut/git/rs1-2025s-ytu77/yuto_branch/install/forestguard_controller/share/forestguard_controller/environment/ament_prefix_path.dsv
[17.795s] -- Installing: /home/yut/git/rs1-2025s-ytu77/yuto_branch/install/forestguard_controller/share/forestguard_controller/environment/path.sh
[17.795s] -- Installing: /home/yut/git/rs1-2025s-ytu77/yuto_branch/install/forestguard_controller/share/forestguard_controller/environment/path.dsv
[17.795s] -- Installing: /home/yut/git/rs1-2025s-ytu77/yuto_branch/install/forestguard_controller/share/forestguard_controller/local_setup.bash
[17.796s] -- Installing: /home/yut/git/rs1-2025s-ytu77/yuto_branch/install/forestguard_controller/share/forestguard_controller/local_setup.sh
[17.796s] -- Installing: /home/yut/git/rs1-2025s-ytu77/yuto_branch/install/forestguard_controller/share/forestguard_controller/local_setup.zsh
[17.796s] -- Installing: /home/yut/git/rs1-2025s-ytu77/yuto_branch/install/forestguard_controller/share/forestguard_controller/local_setup.dsv
[17.796s] -- Installing: /home/yut/git/rs1-2025s-ytu77/yuto_branch/install/forestguard_controller/share/forestguard_controller/package.dsv
[17.796s] -- Installing: /home/yut/git/rs1-2025s-ytu77/yuto_branch/install/forestguard_controller/share/ament_index/resource_index/packages/forestguard_controller
[17.796s] -- Installing: /home/yut/git/rs1-2025s-ytu77/yuto_branch/install/forestguard_controller/share/forestguard_controller/cmake/forestguard_controllerConfig.cmake
[17.796s] -- Installing: /home/yut/git/rs1-2025s-ytu77/yuto_branch/install/forestguard_controller/share/forestguard_controller/cmake/forestguard_controllerConfig-version.cmake
[17.797s] -- Installing: /home/yut/git/rs1-2025s-ytu77/yuto_branch/install/forestguard_controller/share/forestguard_controller/package.xml
[17.799s] Invoked command in '/home/yut/git/rs1-2025s-ytu77/yuto_branch/build/forestguard_controller' returned '0': CMAKE_PREFIX_PATH=${CMAKE_PREFIX_PATH}:/home/yut/git/rs1-2025s-ytu77/yuto_branch/install/forestguard_ui:/home/yut/git/rs1-2025s-ytu77/yuto_branch/install/forestguard_colour:/opt/ros/humble /usr/bin/cmake --install /home/yut/git/rs1-2025s-ytu77/yuto_branch/build/forestguard_controller
