[0.007s] Invoking command in '/home/john/ForestGuard/src/build/john': CMAKE_PREFIX_PATH=${CMAKE_PREFIX_PATH}:/opt/ros/humble /usr/bin/cmake /home/john/ForestGuard/src/john -DAMENT_CMAKE_SYMLINK_INSTALL=1 -DCMAKE_INSTALL_PREFIX=/home/john/ForestGuard/src/install/john
[0.053s] -- The C compiler identification is GNU 11.4.0
[0.105s] -- The CXX compiler identification is GNU 11.4.0
[0.110s] -- Detecting C compiler ABI info
[0.177s] -- Detecting C compiler ABI info - done
[0.186s] -- Check for working C compiler: /usr/bin/cc - skipped
[0.186s] -- Detecting C compile features
[0.187s] -- Detecting C compile features - done
[0.190s] -- Detecting CXX compiler ABI info
[0.280s] -- Detecting CXX compiler ABI info - done
[0.285s] -- Check for working CXX compiler: /usr/bin/c++ - skipped
[0.285s] -- Detecting CXX compile features
[0.285s] -- Detecting CXX compile features - done
[0.287s] -- Found ament_cmake: 1.3.12 (/opt/ros/humble/share/ament_cmake/cmake)
[0.397s] -- Found Python3: /usr/bin/python3 (found version "3.10.12") found components: Interpreter 
[0.443s] -- Override CMake install command with custom implementation using symlinks instead of copying resources
[0.472s] -- Found ros_ign_interfaces: 0.244.20 (/opt/ros/humble/share/ros_ign_interfaces/cmake)
[0.495s] -- Found rosidl_generator_c: 3.1.7 (/opt/ros/humble/share/rosidl_generator_c/cmake)
[0.498s] -- Found rosidl_adapter: 3.1.7 (/opt/ros/humble/share/rosidl_adapter/cmake)
[0.503s] -- Found rosidl_generator_cpp: 3.1.7 (/opt/ros/humble/share/rosidl_generator_cpp/cmake)
[0.511s] -- Using all available rosidl_typesupport_c: rosidl_typesupport_fastrtps_c;rosidl_typesupport_introspection_c
[0.521s] -- Using all available rosidl_typesupport_cpp: rosidl_typesupport_fastrtps_cpp;rosidl_typesupport_introspection_cpp
[0.581s] -- Found ament_lint_auto: 0.12.14 (/opt/ros/humble/share/ament_lint_auto/cmake)
[0.639s] -- Added test 'copyright' to check source files copyright and LICENSE
[0.641s] -- Added test 'flake8' to check Python code syntax and style conventions
[0.642s] -- Added test 'lint_cmake' to check CMake code style
[0.642s] -- Added test 'pep257' to check Python code against some of the docstring style conventions in PEP 257
[0.643s] -- Added test 'xmllint' to check XML markup files
[0.644s] -- Configuring done
[0.646s] -- Generating done
[0.647s] -- Build files have been written to: /home/john/ForestGuard/src/build/john
[0.652s] Invoked command in '/home/john/ForestGuard/src/build/john' returned '0': CMAKE_PREFIX_PATH=${CMAKE_PREFIX_PATH}:/opt/ros/humble /usr/bin/cmake /home/john/ForestGuard/src/john -DAMENT_CMAKE_SYMLINK_INSTALL=1 -DCMAKE_INSTALL_PREFIX=/home/john/ForestGuard/src/install/john
[0.653s] Invoking command in '/home/john/ForestGuard/src/build/john': CMAKE_PREFIX_PATH=${CMAKE_PREFIX_PATH}:/opt/ros/humble /usr/bin/cmake --build /home/john/ForestGuard/src/build/john -- -j20 -l20
[0.696s] Invoked command in '/home/john/ForestGuard/src/build/john' returned '0': CMAKE_PREFIX_PATH=${CMAKE_PREFIX_PATH}:/opt/ros/humble /usr/bin/cmake --build /home/john/ForestGuard/src/build/john -- -j20 -l20
[0.707s] Invoking command in '/home/john/ForestGuard/src/build/john': CMAKE_PREFIX_PATH=${CMAKE_PREFIX_PATH}:/opt/ros/humble /usr/bin/cmake --install /home/john/ForestGuard/src/build/john
[0.715s] -- Install configuration: ""
[0.715s] -- Execute custom install script
[0.716s] -- Symlinking: /home/john/ForestGuard/src/install/john/share/john/config/gazebo_bridge.yaml
[0.724s] -- Symlinking: /home/john/ForestGuard/src/install/john/share/john/config/john.rviz
[0.732s] -- Symlinking: /home/john/ForestGuard/src/install/john/share/john/config/nav2_params.yaml
[0.742s] -- Symlinking: /home/john/ForestGuard/src/install/john/share/john/config/robot_localization.yaml
[0.751s] -- Symlinking: /home/john/ForestGuard/src/install/john/share/john/config/slam_params.yaml
[0.760s] -- Symlinking: /home/john/ForestGuard/src/install/john/share/john/launch/john.launch.py
[0.769s] -- Symlinking: /home/john/ForestGuard/src/install/john/share/john/launch/johnNavigation.launch.py
[0.776s] -- Symlinking: /home/john/ForestGuard/src/install/john/share/john/models/forest_plane/materials/textures/empty_grass.png
[0.783s] -- Symlinking: /home/john/ForestGuard/src/install/john/share/john/models/forest_plane/materials/textures/forest_overhead.png
[0.789s] -- Symlinking: /home/john/ForestGuard/src/install/john/share/john/models/forest_plane/materials/textures/leaf_litter.png
[0.794s] -- Symlinking: /home/john/ForestGuard/src/install/john/share/john/models/forest_plane/model.config
[0.802s] -- Symlinking: /home/john/ForestGuard/src/install/john/share/john/models/forest_plane/model.sdf
[0.811s] -- Symlinking: /home/john/ForestGuard/src/install/john/share/john/models/forest_wall/materials/textures/forest_wall.png
[0.821s] -- Symlinking: /home/john/ForestGuard/src/install/john/share/john/models/forest_wall/materials/textures/forest_wall_transparent.png
[0.830s] -- Symlinking: /home/john/ForestGuard/src/install/john/share/john/models/forest_wall/materials/textures/forest_wall_transparent_small.png
[0.839s] -- Symlinking: /home/john/ForestGuard/src/install/john/share/john/models/forest_wall/model.config
[0.845s] -- Symlinking: /home/john/ForestGuard/src/install/john/share/john/models/forest_wall/model.sdf
[0.850s] -- Symlinking: /home/john/ForestGuard/src/install/john/share/john/models/grass_plane/materials/textures/empty_grass.png
[0.856s] -- Symlinking: /home/john/ForestGuard/src/install/john/share/john/models/grass_plane/model.config
[0.863s] -- Symlinking: /home/john/ForestGuard/src/install/john/share/john/models/grass_plane/model.sdf
[0.870s] -- Symlinking: /home/john/ForestGuard/src/install/john/share/john/urdf/common_properties.urdf.xacro
[0.877s] -- Symlinking: /home/john/ForestGuard/src/install/john/share/john/urdf/husky.gazebo.xacro
[0.886s] -- Symlinking: /home/john/ForestGuard/src/install/john/share/john/urdf/husky.urdf.xacro
[0.893s] -- Symlinking: /home/john/ForestGuard/src/install/john/share/john/urdf/meshes/base_link.dae
[0.902s] -- Symlinking: /home/john/ForestGuard/src/install/john/share/john/urdf/meshes/bumper.dae
[0.910s] -- Symlinking: /home/john/ForestGuard/src/install/john/share/john/urdf/meshes/jpl04_arch_nosensor.stl
[0.919s] -- Symlinking: /home/john/ForestGuard/src/install/john/share/john/urdf/meshes/top_chassis.dae
[0.927s] -- Symlinking: /home/john/ForestGuard/src/install/john/share/john/urdf/meshes/top_plate.dae
[0.937s] -- Symlinking: /home/john/ForestGuard/src/install/john/share/john/urdf/meshes/wheel.dae
[0.944s] -- Symlinking: /home/john/ForestGuard/src/install/john/share/john/urdf/wheel.urdf.xacro
[0.950s] -- Symlinking: /home/john/ForestGuard/src/install/john/share/john/worlds/large_demo.sdf
[0.958s] -- Symlinking: /home/john/ForestGuard/src/install/john/share/john/worlds/simple_trees.sdf
[0.965s] -- Symlinking: /home/john/ForestGuard/src/install/john/share/ament_index/resource_index/package_run_dependencies/john
[0.971s] -- Symlinking: /home/john/ForestGuard/src/install/john/share/ament_index/resource_index/parent_prefix_path/john
[0.977s] -- Symlinking: /home/john/ForestGuard/src/install/john/share/john/environment/ament_prefix_path.sh
[0.984s] -- Symlinking: /home/john/ForestGuard/src/install/john/share/john/environment/ament_prefix_path.dsv
[0.992s] -- Symlinking: /home/john/ForestGuard/src/install/john/share/john/environment/path.sh
[1.001s] -- Symlinking: /home/john/ForestGuard/src/install/john/share/john/environment/path.dsv
[1.007s] -- Symlinking: /home/john/ForestGuard/src/install/john/share/john/local_setup.bash
[1.013s] -- Symlinking: /home/john/ForestGuard/src/install/john/share/john/local_setup.sh
[1.020s] -- Symlinking: /home/john/ForestGuard/src/install/john/share/john/local_setup.zsh
[1.027s] -- Symlinking: /home/john/ForestGuard/src/install/john/share/john/local_setup.dsv
[1.034s] -- Symlinking: /home/john/ForestGuard/src/install/john/share/john/package.dsv
[1.043s] -- Symlinking: /home/john/ForestGuard/src/install/john/share/ament_index/resource_index/packages/john
[1.054s] -- Symlinking: /home/john/ForestGuard/src/install/john/share/john/cmake/johnConfig.cmake
[1.064s] -- Symlinking: /home/john/ForestGuard/src/install/john/share/john/cmake/johnConfig-version.cmake
[1.073s] -- Symlinking: /home/john/ForestGuard/src/install/john/share/john/package.xml
[1.086s] Invoked command in '/home/john/ForestGuard/src/build/john' returned '0': CMAKE_PREFIX_PATH=${CMAKE_PREFIX_PATH}:/opt/ros/humble /usr/bin/cmake --install /home/john/ForestGuard/src/build/john
