[0.145s] Invoking command in '/home/john/git/RS1/john_branch/build/forestguard_localisation': CMAKE_PREFIX_PATH=${CMAKE_PREFIX_PATH}:/home/john/git/RS1/john_branch/install/forestguard_ui:/home/john/git/RS1/john_branch/install/forestguard_colour:/opt/ros/humble /usr/bin/cmake --build /home/john/git/RS1/john_branch/build/forestguard_localisation -- -j20 -l20
[0.278s] [100%] Built target forestguard_localisation
[0.286s] Invoked command in '/home/john/git/RS1/john_branch/build/forestguard_localisation' returned '0': CMAKE_PREFIX_PATH=${CMAKE_PREFIX_PATH}:/home/john/git/RS1/john_branch/install/forestguard_ui:/home/john/git/RS1/john_branch/install/forestguard_colour:/opt/ros/humble /usr/bin/cmake --build /home/john/git/RS1/john_branch/build/forestguard_localisation -- -j20 -l20
[0.287s] Invoking command in '/home/john/git/RS1/john_branch/build/forestguard_localisation': CMAKE_PREFIX_PATH=${CMAKE_PREFIX_PATH}:/home/john/git/RS1/john_branch/install/forestguard_ui:/home/john/git/RS1/john_branch/install/forestguard_colour:/opt/ros/humble /usr/bin/cmake --install /home/john/git/RS1/john_branch/build/forestguard_localisation
[0.293s] -- Install configuration: ""
[0.293s] -- Execute custom install script
[0.293s] -- Up-to-date symlink: /home/john/git/RS1/john_branch/install/forestguard_localisation/lib/forestguard_localisation/forestguard_localisation
[0.294s] -- Up-to-date symlink: /home/john/git/RS1/john_branch/install/forestguard_localisation/include/forestguard_localisation/amcl_localisation.h
[0.294s] -- Up-to-date symlink: /home/john/git/RS1/john_branch/install/forestguard_localisation/share/ament_index/resource_index/package_run_dependencies/forestguard_localisation
[0.294s] -- Up-to-date symlink: /home/john/git/RS1/john_branch/install/forestguard_localisation/share/ament_index/resource_index/parent_prefix_path/forestguard_localisation
[0.294s] -- Up-to-date symlink: /home/john/git/RS1/john_branch/install/forestguard_localisation/share/forestguard_localisation/environment/ament_prefix_path.sh
[0.294s] -- Up-to-date symlink: /home/john/git/RS1/john_branch/install/forestguard_localisation/share/forestguard_localisation/environment/ament_prefix_path.dsv
[0.294s] -- Up-to-date symlink: /home/john/git/RS1/john_branch/install/forestguard_localisation/share/forestguard_localisation/environment/path.sh
[0.294s] -- Up-to-date symlink: /home/john/git/RS1/john_branch/install/forestguard_localisation/share/forestguard_localisation/environment/path.dsv
[0.295s] -- Up-to-date symlink: /home/john/git/RS1/john_branch/install/forestguard_localisation/share/forestguard_localisation/local_setup.bash
[0.295s] -- Up-to-date symlink: /home/john/git/RS1/john_branch/install/forestguard_localisation/share/forestguard_localisation/local_setup.sh
[0.295s] -- Up-to-date symlink: /home/john/git/RS1/john_branch/install/forestguard_localisation/share/forestguard_localisation/local_setup.zsh
[0.295s] -- Up-to-date symlink: /home/john/git/RS1/john_branch/install/forestguard_localisation/share/forestguard_localisation/local_setup.dsv
[0.295s] -- Symlinking: /home/john/git/RS1/john_branch/install/forestguard_localisation/share/forestguard_localisation/package.dsv
[0.300s] -- Up-to-date symlink: /home/john/git/RS1/john_branch/install/forestguard_localisation/share/ament_index/resource_index/packages/forestguard_localisation
[0.300s] -- Up-to-date symlink: /home/john/git/RS1/john_branch/install/forestguard_localisation/share/forestguard_localisation/cmake/forestguard_localisationConfig.cmake
[0.300s] -- Up-to-date symlink: /home/john/git/RS1/john_branch/install/forestguard_localisation/share/forestguard_localisation/cmake/forestguard_localisationConfig-version.cmake
[0.300s] -- Up-to-date symlink: /home/john/git/RS1/john_branch/install/forestguard_localisation/share/forestguard_localisation/package.xml
[0.308s] Invoked command in '/home/john/git/RS1/john_branch/build/forestguard_localisation' returned '0': CMAKE_PREFIX_PATH=${CMAKE_PREFIX_PATH}:/home/john/git/RS1/john_branch/install/forestguard_ui:/home/john/git/RS1/john_branch/install/forestguard_colour:/opt/ros/humble /usr/bin/cmake --install /home/john/git/RS1/john_branch/build/forestguard_localisation
