/home/yut/git/rs1-2025s-ytu77/yuto_branch/install/forestguard_ui/lib/python3.10/site-packages/forestguard_ui/twist_scaler.py
/home/yut/git/rs1-2025s-ytu77/yuto_branch/install/forestguard_ui/lib/python3.10/site-packages/forestguard_ui/controller_bridge.py
/home/yut/git/rs1-2025s-ytu77/yuto_branch/install/forestguard_ui/lib/python3.10/site-packages/forestguard_ui/app.py
/home/yut/git/rs1-2025s-ytu77/yuto_branch/install/forestguard_ui/lib/python3.10/site-packages/forestguard_ui/__init__.py
/home/yut/git/rs1-2025s-ytu77/yuto_branch/install/forestguard_ui/lib/python3.10/site-packages/forestguard_ui/__pycache__/twist_scaler.cpython-310.pyc
/home/yut/git/rs1-2025s-ytu77/yuto_branch/install/forestguard_ui/lib/python3.10/site-packages/forestguard_ui/__pycache__/controller_bridge.cpython-310.pyc
/home/yut/git/rs1-2025s-ytu77/yuto_branch/install/forestguard_ui/lib/python3.10/site-packages/forestguard_ui/__pycache__/app.cpython-310.pyc
/home/yut/git/rs1-2025s-ytu77/yuto_branch/install/forestguard_ui/lib/python3.10/site-packages/forestguard_ui/__pycache__/__init__.cpython-310.pyc
/home/yut/git/rs1-2025s-ytu77/yuto_branch/install/forestguard_ui/share/ament_index/resource_index/packages/forestguard_ui
/home/yut/git/rs1-2025s-ytu77/yuto_branch/install/forestguard_ui/share/forestguard_ui/package.xml
/home/yut/git/rs1-2025s-ytu77/yuto_branch/install/forestguard_ui/lib/python3.10/site-packages/forestguard_ui-0.0.0-py3.10.egg-info/SOURCES.txt
/home/yut/git/rs1-2025s-ytu77/yuto_branch/install/forestguard_ui/lib/python3.10/site-packages/forestguard_ui-0.0.0-py3.10.egg-info/entry_points.txt
/home/yut/git/rs1-2025s-ytu77/yuto_branch/install/forestguard_ui/lib/python3.10/site-packages/forestguard_ui-0.0.0-py3.10.egg-info/dependency_links.txt
/home/yut/git/rs1-2025s-ytu77/yuto_branch/install/forestguard_ui/lib/python3.10/site-packages/forestguard_ui-0.0.0-py3.10.egg-info/PKG-INFO
/home/yut/git/rs1-2025s-ytu77/yuto_branch/install/forestguard_ui/lib/python3.10/site-packages/forestguard_ui-0.0.0-py3.10.egg-info/zip-safe
/home/yut/git/rs1-2025s-ytu77/yuto_branch/install/forestguard_ui/lib/python3.10/site-packages/forestguard_ui-0.0.0-py3.10.egg-info/top_level.txt
/home/yut/git/rs1-2025s-ytu77/yuto_branch/install/forestguard_ui/lib/python3.10/site-packages/forestguard_ui-0.0.0-py3.10.egg-info/requires.txt
/home/yut/git/rs1-2025s-ytu77/yuto_branch/install/forestguard_ui/lib/forestguard_ui/controller_bridge
/home/yut/git/rs1-2025s-ytu77/yuto_branch/install/forestguard_ui/lib/forestguard_ui/run_ui
/home/yut/git/rs1-2025s-ytu77/yuto_branch/install/forestguard_ui/lib/forestguard_ui/twist_scaler
