[0.007s] Invoking command in '/home/john/ForestGuard/build/john': CMAKE_PREFIX_PATH=${CMAKE_PREFIX_PATH}:/opt/ros/humble /usr/bin/cmake /home/john/ForestGuard/john -DAMENT_CMAKE_SYMLINK_INSTALL=1 -DCMAKE_INSTALL_PREFIX=/home/john/ForestGuard/install/john
[0.050s] -- The C compiler identification is GNU 11.4.0
[0.090s] -- The CXX compiler identification is GNU 11.4.0
[0.096s] -- Detecting C compiler ABI info
[0.151s] -- Detecting C compiler ABI info - done
[0.157s] -- Check for working C compiler: /usr/bin/cc - skipped
[0.157s] -- Detecting C compile features
[0.157s] -- Detecting C compile features - done
[0.159s] -- Detecting CXX compiler ABI info
[0.221s] -- Detecting CXX compiler ABI info - done
[0.226s] -- Check for working CXX compiler: /usr/bin/c++ - skipped
[0.226s] -- Detecting CXX compile features
[0.227s] -- Detecting CXX compile features - done
[0.228s] -- Found ament_cmake: 1.3.12 (/opt/ros/humble/share/ament_cmake/cmake)
[0.339s] -- Found Python3: /usr/bin/python3 (found version "3.10.12") found components: Interpreter 
[0.382s] -- Override CMake install command with custom implementation using symlinks instead of copying resources
[0.403s] -- Found ros_ign_interfaces: 0.244.20 (/opt/ros/humble/share/ros_ign_interfaces/cmake)
[0.429s] -- Found rosidl_generator_c: 3.1.7 (/opt/ros/humble/share/rosidl_generator_c/cmake)
[0.432s] -- Found rosidl_adapter: 3.1.7 (/opt/ros/humble/share/rosidl_adapter/cmake)
[0.438s] -- Found rosidl_generator_cpp: 3.1.7 (/opt/ros/humble/share/rosidl_generator_cpp/cmake)
[0.445s] -- Using all available rosidl_typesupport_c: rosidl_typesupport_fastrtps_c;rosidl_typesupport_introspection_c
[0.456s] -- Using all available rosidl_typesupport_cpp: rosidl_typesupport_fastrtps_cpp;rosidl_typesupport_introspection_cpp
[0.513s] -- Found ament_lint_auto: 0.12.14 (/opt/ros/humble/share/ament_lint_auto/cmake)
[0.566s] -- Added test 'copyright' to check source files copyright and LICENSE
[0.569s] -- Added test 'flake8' to check Python code syntax and style conventions
[0.569s] -- Added test 'lint_cmake' to check CMake code style
[0.570s] -- Added test 'pep257' to check Python code against some of the docstring style conventions in PEP 257
[0.571s] -- Added test 'xmllint' to check XML markup files
[0.572s] -- Configuring done
[0.574s] -- Generating done
[0.575s] -- Build files have been written to: /home/john/ForestGuard/build/john
[0.580s] Invoked command in '/home/john/ForestGuard/build/john' returned '0': CMAKE_PREFIX_PATH=${CMAKE_PREFIX_PATH}:/opt/ros/humble /usr/bin/cmake /home/john/ForestGuard/john -DAMENT_CMAKE_SYMLINK_INSTALL=1 -DCMAKE_INSTALL_PREFIX=/home/john/ForestGuard/install/john
[0.581s] Invoking command in '/home/john/ForestGuard/build/john': CMAKE_PREFIX_PATH=${CMAKE_PREFIX_PATH}:/opt/ros/humble /usr/bin/cmake --build /home/john/ForestGuard/build/john -- -j20 -l20
[0.632s] Invoked command in '/home/john/ForestGuard/build/john' returned '0': CMAKE_PREFIX_PATH=${CMAKE_PREFIX_PATH}:/opt/ros/humble /usr/bin/cmake --build /home/john/ForestGuard/build/john -- -j20 -l20
[0.645s] Invoking command in '/home/john/ForestGuard/build/john': CMAKE_PREFIX_PATH=${CMAKE_PREFIX_PATH}:/opt/ros/humble /usr/bin/cmake --install /home/john/ForestGuard/build/john
[0.657s] -- Install configuration: ""
[0.657s] -- Execute custom install script
[0.658s] -- Symlinking: /home/john/ForestGuard/install/john/share/john/config/gazebo_bridge.yaml
[0.669s] -- Symlinking: /home/john/ForestGuard/install/john/share/john/config/john.rviz
[0.682s] -- Symlinking: /home/john/ForestGuard/install/john/share/john/config/nav2_params.yaml
[0.692s] -- Symlinking: /home/john/ForestGuard/install/john/share/john/config/robot_localization.yaml
[0.703s] -- Symlinking: /home/john/ForestGuard/install/john/share/john/config/slam_params.yaml
[0.713s] -- Symlinking: /home/john/ForestGuard/install/john/share/john/launch/john.launch.py
[0.719s] -- Symlinking: /home/john/ForestGuard/install/john/share/john/launch/johnNavigation.launch.py
[0.728s] -- Symlinking: /home/john/ForestGuard/install/john/share/john/models/forest_plane/materials/textures/empty_grass.png
[0.738s] -- Symlinking: /home/john/ForestGuard/install/john/share/john/models/forest_plane/materials/textures/forest_overhead.png
[0.748s] -- Symlinking: /home/john/ForestGuard/install/john/share/john/models/forest_plane/materials/textures/leaf_litter.png
[0.760s] -- Symlinking: /home/john/ForestGuard/install/john/share/john/models/forest_plane/model.config
[0.772s] -- Symlinking: /home/john/ForestGuard/install/john/share/john/models/forest_plane/model.sdf
[0.782s] -- Symlinking: /home/john/ForestGuard/install/john/share/john/models/forest_wall/materials/textures/forest_wall.png
[0.792s] -- Symlinking: /home/john/ForestGuard/install/john/share/john/models/forest_wall/materials/textures/forest_wall_transparent.png
[0.802s] -- Symlinking: /home/john/ForestGuard/install/john/share/john/models/forest_wall/materials/textures/forest_wall_transparent_small.png
[0.810s] -- Symlinking: /home/john/ForestGuard/install/john/share/john/models/forest_wall/model.config
[0.818s] -- Symlinking: /home/john/ForestGuard/install/john/share/john/models/forest_wall/model.sdf
[0.826s] -- Symlinking: /home/john/ForestGuard/install/john/share/john/models/grass_plane/materials/textures/empty_grass.png
[0.835s] -- Symlinking: /home/john/ForestGuard/install/john/share/john/models/grass_plane/model.config
[0.845s] -- Symlinking: /home/john/ForestGuard/install/john/share/john/models/grass_plane/model.sdf
[0.856s] -- Symlinking: /home/john/ForestGuard/install/john/share/john/urdf/common_properties.urdf.xacro
[0.866s] -- Symlinking: /home/john/ForestGuard/install/john/share/john/urdf/husky.gazebo.xacro
[0.875s] -- Symlinking: /home/john/ForestGuard/install/john/share/john/urdf/husky.urdf.xacro
[0.884s] -- Symlinking: /home/john/ForestGuard/install/john/share/john/urdf/meshes/base_link.dae
[0.894s] -- Symlinking: /home/john/ForestGuard/install/john/share/john/urdf/meshes/bumper.dae
[0.902s] -- Symlinking: /home/john/ForestGuard/install/john/share/john/urdf/meshes/jpl04_arch_nosensor.stl
[0.910s] -- Symlinking: /home/john/ForestGuard/install/john/share/john/urdf/meshes/top_chassis.dae
[0.919s] -- Symlinking: /home/john/ForestGuard/install/john/share/john/urdf/meshes/top_plate.dae
[0.927s] -- Symlinking: /home/john/ForestGuard/install/john/share/john/urdf/meshes/wheel.dae
[0.938s] -- Symlinking: /home/john/ForestGuard/install/john/share/john/urdf/wheel.urdf.xacro
[0.948s] -- Symlinking: /home/john/ForestGuard/install/john/share/john/worlds/large_demo.sdf
[0.959s] -- Symlinking: /home/john/ForestGuard/install/john/share/john/worlds/simple_trees.sdf
[0.969s] -- Symlinking: /home/john/ForestGuard/install/john/share/ament_index/resource_index/package_run_dependencies/john
[0.978s] -- Symlinking: /home/john/ForestGuard/install/john/share/ament_index/resource_index/parent_prefix_path/john
[0.988s] -- Symlinking: /home/john/ForestGuard/install/john/share/john/environment/ament_prefix_path.sh
[0.997s] -- Symlinking: /home/john/ForestGuard/install/john/share/john/environment/ament_prefix_path.dsv
[1.007s] -- Symlinking: /home/john/ForestGuard/install/john/share/john/environment/path.sh
[1.017s] -- Symlinking: /home/john/ForestGuard/install/john/share/john/environment/path.dsv
[1.027s] -- Symlinking: /home/john/ForestGuard/install/john/share/john/local_setup.bash
[1.039s] -- Symlinking: /home/john/ForestGuard/install/john/share/john/local_setup.sh
[1.048s] -- Symlinking: /home/john/ForestGuard/install/john/share/john/local_setup.zsh
[1.058s] -- Symlinking: /home/john/ForestGuard/install/john/share/john/local_setup.dsv
[1.069s] -- Symlinking: /home/john/ForestGuard/install/john/share/john/package.dsv
[1.078s] -- Symlinking: /home/john/ForestGuard/install/john/share/ament_index/resource_index/packages/john
[1.088s] -- Symlinking: /home/john/ForestGuard/install/john/share/john/cmake/johnConfig.cmake
[1.098s] -- Symlinking: /home/john/ForestGuard/install/john/share/john/cmake/johnConfig-version.cmake
[1.108s] -- Symlinking: /home/john/ForestGuard/install/john/share/john/package.xml
[1.120s] Invoked command in '/home/john/ForestGuard/build/john' returned '0': CMAKE_PREFIX_PATH=${CMAKE_PREFIX_PATH}:/opt/ros/humble /usr/bin/cmake --install /home/john/ForestGuard/build/john
