[0.714s] Invoking command in '/home/claudia/ForestGuard/build/my_drone_pkg': CMAKE_PREFIX_PATH=${CMAKE_PREFIX_PATH}:/home/claudia/ForestGuard/install/forest_guard_sim:/home/claudia/ForestGuard/install/forest_drone:/home/claudia/ForestGuard/install/drone_control:/home/claudia/ros2_ws/install/examples_rclcpp_minimal_publisher:/home/claudia/ros2_ws/install/a3_support:/opt/ros/humble /usr/bin/cmake /home/claudia/ForestGuard/src/my_drone_pkg -DAMENT_CMAKE_SYMLINK_INSTALL=1 -DCMAKE_INSTALL_PREFIX=/home/claudia/ForestGuard/install/my_drone_pkg
[0.729s] -- Found ament_cmake: 1.3.12 (/opt/ros/humble/share/ament_cmake/cmake)
[0.844s] -- Override CMake install command with custom implementation using symlinks instead of copying resources
[0.852s] -- Found rclcpp: 16.0.15 (/opt/ros/humble/share/rclcpp/cmake)
[0.888s] -- Found rosidl_generator_c: 3.1.7 (/opt/ros/humble/share/rosidl_generator_c/cmake)
[0.891s] -- Found rosidl_adapter: 3.1.7 (/opt/ros/humble/share/rosidl_adapter/cmake)
[0.898s] -- Found rosidl_generator_cpp: 3.1.7 (/opt/ros/humble/share/rosidl_generator_cpp/cmake)
[0.909s] -- Using all available rosidl_typesupport_c: rosidl_typesupport_fastrtps_c;rosidl_typesupport_introspection_c
[0.924s] -- Using all available rosidl_typesupport_cpp: rosidl_typesupport_fastrtps_cpp;rosidl_typesupport_introspection_cpp
[0.962s] -- Found rmw_implementation_cmake: 6.1.2 (/opt/ros/humble/share/rmw_implementation_cmake/cmake)
[0.965s] -- Found rmw_fastrtps_cpp: 6.2.8 (/opt/ros/humble/share/rmw_fastrtps_cpp/cmake)
[1.136s] -- Using RMW implementation 'rmw_fastrtps_cpp' as default
[1.194s] -- Found gazebo_ros_pkgs: 3.9.0 (/opt/ros/humble/share/gazebo_ros_pkgs/cmake)
[1.194s] -- Found gazebo_plugins: 3.9.0 (/opt/ros/humble/share/gazebo_plugins/cmake)
[1.237s] -- Found DART: /usr/include (Required is at least version "6.6") found components: dart 
[1.274s] -- Found Protobuf: /usr/lib/x86_64-linux-gnu/libprotobuf.so (found version "3.12.4") 
[1.275s] -- Looking for ignition-math6 -- found version 6.15.1
[1.281s] -- Searching for dependencies of ignition-math6
[1.282s] -- Looking for OGRE...
[1.291s] -- Found Ogre Ghadamon (1.9.0)
[1.291s] -- Found OGRE: optimized;/usr/lib/x86_64-linux-gnu/libOgreMain.so;debug;/usr/lib/x86_64-linux-gnu/libOgreMain.so
[1.303s] -- Looking for OGRE_Paging...
[1.303s] -- Found OGRE_Paging: optimized;/usr/lib/x86_64-linux-gnu/libOgrePaging.so;debug;/usr/lib/x86_64-linux-gnu/libOgrePaging.so
[1.303s] -- Looking for OGRE_Terrain...
[1.303s] -- Found OGRE_Terrain: optimized;/usr/lib/x86_64-linux-gnu/libOgreTerrain.so;debug;/usr/lib/x86_64-linux-gnu/libOgreTerrain.so
[1.304s] -- Looking for OGRE_Property...
[1.304s] -- Found OGRE_Property: optimized;/usr/lib/x86_64-linux-gnu/libOgreProperty.so;debug;/usr/lib/x86_64-linux-gnu/libOgreProperty.so
[1.304s] -- Looking for OGRE_RTShaderSystem...
[1.304s] -- Found OGRE_RTShaderSystem: optimized;/usr/lib/x86_64-linux-gnu/libOgreRTShaderSystem.so;debug;/usr/lib/x86_64-linux-gnu/libOgreRTShaderSystem.so
[1.304s] -- Looking for OGRE_Volume...
[1.304s] -- Found OGRE_Volume: optimized;/usr/lib/x86_64-linux-gnu/libOgreVolume.so;debug;/usr/lib/x86_64-linux-gnu/libOgreVolume.so
[1.304s] -- Looking for OGRE_Overlay...
[1.304s] -- Found OGRE_Overlay: optimized;/usr/lib/x86_64-linux-gnu/libOgreOverlay.so;debug;/usr/lib/x86_64-linux-gnu/libOgreOverlay.so
[1.582s] -- Looking for ignition-math6 -- found version 6.15.1
[1.583s] -- Looking for ignition-transport8 -- found version 8.2.1
[1.583s] -- Searching for dependencies of ignition-transport8
[1.616s] -- Found Protobuf: /usr/lib/x86_64-linux-gnu/libprotobuf.so (found suitable version "3.12.4", minimum required is "3") 
[1.638s] -- Config-file not installed for ZeroMQ -- checking for pkg-config
[1.644s] -- Checking for module 'libzmq >= 4'
[1.663s] --   Found libzmq , version 4.3.4
[1.717s] -- Checking for module 'uuid'
[1.735s] --   Found uuid, version 2.37.2
[1.777s] -- Looking for ignition-msgs5 -- found version 5.8.1
[1.777s] -- Searching for dependencies of ignition-msgs5
[1.810s] -- Looking for ignition-math6 -- found version 6.15.1
[1.817s] -- Checking for module 'tinyxml2'
[1.837s] --   Found tinyxml2, version 9.0.0
[1.884s] -- Looking for ignition-msgs5 -- found version 5.8.1
[1.884s] -- Looking for ignition-common3 -- found version 3.14.0
[1.885s] -- Searching for dependencies of ignition-common3
[1.885s] -- Looking for dlfcn.h - found
[1.885s] -- Looking for libdl - found
[1.901s] -- Searching for <ignition-common3> component [graphics]
[1.901s] -- Looking for ignition-common3-graphics -- found version 3.14.0
[1.902s] -- Searching for dependencies of ignition-common3-graphics
[1.902s] -- Looking for ignition-math6 -- found version 6.15.1
[1.903s] -- Looking for ignition-fuel_tools4 -- found version 4.4.0
[1.904s] -- Searching for dependencies of ignition-fuel_tools4
[1.961s] -- Checking for module 'jsoncpp'
[1.980s] --   Found jsoncpp, version 1.9.5
[2.030s] -- Checking for module 'libzip'
[2.048s] --   Found libzip, version 1.7.3
[2.092s] -- Looking for ignition-common3 -- found version 3.14.0
[2.092s] -- Looking for ignition-math6 -- found version 6.15.1
[2.093s] -- Looking for ignition-msgs5 -- found version 5.8.1
[2.094s] -- Gazebo version: 11.14
[2.154s] -- Found ament_lint_auto: 0.12.14 (/opt/ros/humble/share/ament_lint_auto/cmake)
[2.243s] -- Added test 'flake8' to check Python code syntax and style conventions
[2.244s] -- Added test 'lint_cmake' to check CMake code style
[2.244s] -- Added test 'pep257' to check Python code against some of the docstring style conventions in PEP 257
[2.248s] -- Added test 'xmllint' to check XML markup files
[2.249s] -- Configuring done
[2.257s] -- Generating done
[2.261s] -- Build files have been written to: /home/claudia/ForestGuard/build/my_drone_pkg
[2.274s] Invoked command in '/home/claudia/ForestGuard/build/my_drone_pkg' returned '0': CMAKE_PREFIX_PATH=${CMAKE_PREFIX_PATH}:/home/claudia/ForestGuard/install/forest_guard_sim:/home/claudia/ForestGuard/install/forest_drone:/home/claudia/ForestGuard/install/drone_control:/home/claudia/ros2_ws/install/examples_rclcpp_minimal_publisher:/home/claudia/ros2_ws/install/a3_support:/opt/ros/humble /usr/bin/cmake /home/claudia/ForestGuard/src/my_drone_pkg -DAMENT_CMAKE_SYMLINK_INSTALL=1 -DCMAKE_INSTALL_PREFIX=/home/claudia/ForestGuard/install/my_drone_pkg
[2.277s] Invoking command in '/home/claudia/ForestGuard/build/my_drone_pkg': CMAKE_PREFIX_PATH=${CMAKE_PREFIX_PATH}:/home/claudia/ForestGuard/install/forest_guard_sim:/home/claudia/ForestGuard/install/forest_drone:/home/claudia/ForestGuard/install/drone_control:/home/claudia/ros2_ws/install/examples_rclcpp_minimal_publisher:/home/claudia/ros2_ws/install/a3_support:/opt/ros/humble /usr/bin/cmake --build /home/claudia/ForestGuard/build/my_drone_pkg -- -j16 -l16
[2.308s] Invoked command in '/home/claudia/ForestGuard/build/my_drone_pkg' returned '0': CMAKE_PREFIX_PATH=${CMAKE_PREFIX_PATH}:/home/claudia/ForestGuard/install/forest_guard_sim:/home/claudia/ForestGuard/install/forest_drone:/home/claudia/ForestGuard/install/drone_control:/home/claudia/ros2_ws/install/examples_rclcpp_minimal_publisher:/home/claudia/ros2_ws/install/a3_support:/opt/ros/humble /usr/bin/cmake --build /home/claudia/ForestGuard/build/my_drone_pkg -- -j16 -l16
[2.316s] Invoking command in '/home/claudia/ForestGuard/build/my_drone_pkg': CMAKE_PREFIX_PATH=${CMAKE_PREFIX_PATH}:/home/claudia/ForestGuard/install/forest_guard_sim:/home/claudia/ForestGuard/install/forest_drone:/home/claudia/ForestGuard/install/drone_control:/home/claudia/ros2_ws/install/examples_rclcpp_minimal_publisher:/home/claudia/ros2_ws/install/a3_support:/opt/ros/humble /usr/bin/cmake --install /home/claudia/ForestGuard/build/my_drone_pkg
[2.319s] -- Install configuration: ""
[2.319s] -- Execute custom install script
[2.320s] -- Up-to-date symlink: /home/claudia/ForestGuard/install/my_drone_pkg/lib/my_drone_pkg/setup_gazebo.sh
[2.320s] -- Up-to-date symlink: /home/claudia/ForestGuard/install/my_drone_pkg/share/my_drone_pkg/launch/drone_integration.launch.py
[2.320s] -- Up-to-date symlink: /home/claudia/ForestGuard/install/my_drone_pkg/share/my_drone_pkg/launch/drone_launch.py
[2.320s] -- Up-to-date symlink: /home/claudia/ForestGuard/install/my_drone_pkg/share/my_drone_pkg/worlds/world_demo.sdf
[2.321s] -- Up-to-date symlink: /home/claudia/ForestGuard/install/my_drone_pkg/share/my_drone_pkg/models/X4_GPS_LIDAR_RGBD/materials/textures/led.jpg
[2.321s] -- Up-to-date symlink: /home/claudia/ForestGuard/install/my_drone_pkg/share/my_drone_pkg/models/X4_GPS_LIDAR_RGBD/materials/textures/spotlight.jpg
[2.322s] -- Up-to-date symlink: /home/claudia/ForestGuard/install/my_drone_pkg/share/my_drone_pkg/models/X4_GPS_LIDAR_RGBD/meshes/led.dae
[2.322s] -- Up-to-date symlink: /home/claudia/ForestGuard/install/my_drone_pkg/share/my_drone_pkg/models/X4_GPS_LIDAR_RGBD/meshes/led_lamp.dae
[2.322s] -- Up-to-date symlink: /home/claudia/ForestGuard/install/my_drone_pkg/share/my_drone_pkg/models/X4_GPS_LIDAR_RGBD/meshes/neo11_propeller_ccw.dae
[2.322s] -- Up-to-date symlink: /home/claudia/ForestGuard/install/my_drone_pkg/share/my_drone_pkg/models/X4_GPS_LIDAR_RGBD/meshes/neo11_propeller_cw.dae
[2.322s] -- Up-to-date symlink: /home/claudia/ForestGuard/install/my_drone_pkg/share/my_drone_pkg/models/X4_GPS_LIDAR_RGBD/meshes/pelican.dae
[2.322s] -- Up-to-date symlink: /home/claudia/ForestGuard/install/my_drone_pkg/share/my_drone_pkg/models/X4_GPS_LIDAR_RGBD/meshes/propeller_ccw.dae
[2.323s] -- Up-to-date symlink: /home/claudia/ForestGuard/install/my_drone_pkg/share/my_drone_pkg/models/X4_GPS_LIDAR_RGBD/meshes/propeller_cw.dae
[2.323s] -- Up-to-date symlink: /home/claudia/ForestGuard/install/my_drone_pkg/share/my_drone_pkg/models/X4_GPS_LIDAR_RGBD/meshes/spotlight.dae
[2.323s] -- Up-to-date symlink: /home/claudia/ForestGuard/install/my_drone_pkg/share/my_drone_pkg/models/X4_GPS_LIDAR_RGBD/meshes/vi_camera.dae
[2.323s] -- Up-to-date symlink: /home/claudia/ForestGuard/install/my_drone_pkg/share/my_drone_pkg/models/X4_GPS_LIDAR_RGBD/meshes/vi_camera.jpg
[2.323s] -- Up-to-date symlink: /home/claudia/ForestGuard/install/my_drone_pkg/share/my_drone_pkg/models/X4_GPS_LIDAR_RGBD/meshes/vi_sensor.dae
[2.324s] -- Up-to-date symlink: /home/claudia/ForestGuard/install/my_drone_pkg/share/my_drone_pkg/models/X4_GPS_LIDAR_RGBD/meshes/vi_sensor.jpg
[2.324s] -- Up-to-date symlink: /home/claudia/ForestGuard/install/my_drone_pkg/share/my_drone_pkg/models/X4_GPS_LIDAR_RGBD/meshes/x4.dae
[2.324s] -- Up-to-date symlink: /home/claudia/ForestGuard/install/my_drone_pkg/share/my_drone_pkg/models/X4_GPS_LIDAR_RGBD/meshes/x4.jpg
[2.324s] -- Up-to-date symlink: /home/claudia/ForestGuard/install/my_drone_pkg/share/my_drone_pkg/models/X4_GPS_LIDAR_RGBD/model.config
[2.324s] -- Up-to-date symlink: /home/claudia/ForestGuard/install/my_drone_pkg/share/my_drone_pkg/models/X4_GPS_LIDAR_RGBD/model.sdf
[2.324s] -- Up-to-date symlink: /home/claudia/ForestGuard/install/my_drone_pkg/share/my_drone_pkg/models/X4_GPS_LIDAR_RGBD/thumbnails/1.jpg
[2.325s] -- Up-to-date symlink: /home/claudia/ForestGuard/install/my_drone_pkg/share/my_drone_pkg/models/X4_GPS_LIDAR_RGBD/thumbnails/2.jpg
[2.325s] -- Up-to-date symlink: /home/claudia/ForestGuard/install/my_drone_pkg/share/my_drone_pkg/models/X4_GPS_LIDAR_RGBD/thumbnails/3.jpg
[2.325s] -- Up-to-date symlink: /home/claudia/ForestGuard/install/my_drone_pkg/share/my_drone_pkg/models/X4_GPS_LIDAR_RGBD/thumbnails/4.jpg
[2.325s] -- Up-to-date symlink: /home/claudia/ForestGuard/install/my_drone_pkg/share/my_drone_pkg/models/X4_GPS_LIDAR_RGBD/thumbnails/5.jpg
[2.326s] -- Up-to-date symlink: /home/claudia/ForestGuard/install/my_drone_pkg/share/my_drone_pkg/urdf/X4.urdf.xacro
[2.326s] -- Up-to-date symlink: /home/claudia/ForestGuard/install/my_drone_pkg/share/my_drone_pkg/config/ros_gz_bridge_config.yaml
[2.326s] -- Up-to-date symlink: /home/claudia/ForestGuard/install/my_drone_pkg/share/ament_index/resource_index/package_run_dependencies/my_drone_pkg
[2.326s] -- Up-to-date symlink: /home/claudia/ForestGuard/install/my_drone_pkg/share/ament_index/resource_index/parent_prefix_path/my_drone_pkg
[2.327s] -- Up-to-date symlink: /home/claudia/ForestGuard/install/my_drone_pkg/share/my_drone_pkg/environment/ament_prefix_path.sh
[2.327s] -- Up-to-date symlink: /home/claudia/ForestGuard/install/my_drone_pkg/share/my_drone_pkg/environment/ament_prefix_path.dsv
[2.327s] -- Up-to-date symlink: /home/claudia/ForestGuard/install/my_drone_pkg/share/my_drone_pkg/environment/path.sh
[2.327s] -- Up-to-date symlink: /home/claudia/ForestGuard/install/my_drone_pkg/share/my_drone_pkg/environment/path.dsv
[2.327s] -- Up-to-date symlink: /home/claudia/ForestGuard/install/my_drone_pkg/share/my_drone_pkg/local_setup.bash
[2.328s] -- Up-to-date symlink: /home/claudia/ForestGuard/install/my_drone_pkg/share/my_drone_pkg/local_setup.sh
[2.328s] -- Up-to-date symlink: /home/claudia/ForestGuard/install/my_drone_pkg/share/my_drone_pkg/local_setup.zsh
[2.328s] -- Up-to-date symlink: /home/claudia/ForestGuard/install/my_drone_pkg/share/my_drone_pkg/local_setup.dsv
[2.328s] -- Symlinking: /home/claudia/ForestGuard/install/my_drone_pkg/share/my_drone_pkg/package.dsv
[2.333s] -- Up-to-date symlink: /home/claudia/ForestGuard/install/my_drone_pkg/share/ament_index/resource_index/packages/my_drone_pkg
[2.333s] -- Up-to-date symlink: /home/claudia/ForestGuard/install/my_drone_pkg/share/my_drone_pkg/cmake/my_drone_pkgConfig.cmake
[2.334s] -- Up-to-date symlink: /home/claudia/ForestGuard/install/my_drone_pkg/share/my_drone_pkg/cmake/my_drone_pkgConfig-version.cmake
[2.334s] -- Up-to-date symlink: /home/claudia/ForestGuard/install/my_drone_pkg/share/my_drone_pkg/package.xml
[2.336s] Invoked command in '/home/claudia/ForestGuard/build/my_drone_pkg' returned '0': CMAKE_PREFIX_PATH=${CMAKE_PREFIX_PATH}:/home/claudia/ForestGuard/install/forest_guard_sim:/home/claudia/ForestGuard/install/forest_drone:/home/claudia/ForestGuard/install/drone_control:/home/claudia/ros2_ws/install/examples_rclcpp_minimal_publisher:/home/claudia/ros2_ws/install/a3_support:/opt/ros/humble /usr/bin/cmake --install /home/claudia/ForestGuard/build/my_drone_pkg
