[0.021s] Invoking command in '/home/claudia/ForestGuard/build/controller_pkg': CMAKE_PREFIX_PATH=${CMAKE_PREFIX_PATH}:/home/claudia/ros2_ws/install/examples_rclcpp_minimal_publisher:/home/claudia/ros2_ws/install/a3_support:/opt/ros/humble /usr/bin/cmake --build /home/claudia/ForestGuard/build/controller_pkg -- -j16 -l16
[0.049s] [ 28%] [32mBuilding CXX object CMakeFiles/quadcopter.dir/src/main_quadcopter.cpp.o[0m
[0.050s] [ 28%] [32mBuilding CXX object CMakeFiles/quadcopter.dir/src/controller.cpp.o[0m
[0.050s] [ 42%] [32mBuilding CXX object CMakeFiles/quadcopter.dir/src/quadcopter.cpp.o[0m
[0.054s] [ 85%] Built target vismarker
[0.348s] In file included from [01m[K/home/claudia/ForestGuard/src/controller_pkg/include/controller_pkg/quadcopter.h:18[m[K,
[0.348s]                  from [01m[K/home/claudia/ForestGuard/src/controller_pkg/src/main_quadcopter.cpp:6[m[K:
[0.349s] [01m[K/home/claudia/ForestGuard/src/controller_pkg/include/controller_pkg/controller.h:31:10:[m[K [01;31m[Kfatal error: [m[Klaserprocessing.h: No such file or directory
[0.349s]    31 | #include [01;31m[K"laserprocessing.h"[m[K
[0.349s]       |          [01;31m[K^~~~~~~~~~~~~~~~~~~[m[K
[0.349s] compilation terminated.
[0.351s] In file included from [01m[K/home/claudia/ForestGuard/src/controller_pkg/src/quadcopter.cpp:15[m[K:
[0.351s] [01m[K/home/claudia/ForestGuard/src/controller_pkg/include/controller_pkg/controller.h:31:10:[m[K [01;31m[Kfatal error: [m[Klaserprocessing.h: No such file or directory
[0.351s]    31 | #include [01;31m[K"laserprocessing.h"[m[K
[0.351s]       |          [01;31m[K^~~~~~~~~~~~~~~~~~~[m[K
[0.351s] compilation terminated.
[0.352s] gmake[2]: *** [CMakeFiles/quadcopter.dir/build.make:76: CMakeFiles/quadcopter.dir/src/main_quadcopter.cpp.o] Error 1
[0.352s] gmake[2]: *** Waiting for unfinished jobs....
[0.354s] In file included from [01m[K/home/claudia/ForestGuard/src/controller_pkg/src/controller.cpp:12[m[K:
[0.354s] [01m[K/home/claudia/ForestGuard/src/controller_pkg/include/controller_pkg/controller.h:31:10:[m[K [01;31m[Kfatal error: [m[Klaserprocessing.h: No such file or directory
[0.354s]    31 | #include [01;31m[K"laserprocessing.h"[m[K
[0.354s]       |          [01;31m[K^~~~~~~~~~~~~~~~~~~[m[K
[0.354s] compilation terminated.
[0.354s] gmake[2]: *** [CMakeFiles/quadcopter.dir/build.make:104: CMakeFiles/quadcopter.dir/src/quadcopter.cpp.o] Error 1
[0.357s] gmake[2]: *** [CMakeFiles/quadcopter.dir/build.make:90: CMakeFiles/quadcopter.dir/src/controller.cpp.o] Error 1
[0.358s] gmake[1]: *** [CMakeFiles/Makefile2:139: CMakeFiles/quadcopter.dir/all] Error 2
[0.358s] gmake: *** [Makefile:146: all] Error 2
[0.361s] Invoked command in '/home/claudia/ForestGuard/build/controller_pkg' returned '2': CMAKE_PREFIX_PATH=${CMAKE_PREFIX_PATH}:/home/claudia/ros2_ws/install/examples_rclcpp_minimal_publisher:/home/claudia/ros2_ws/install/a3_support:/opt/ros/humble /usr/bin/cmake --build /home/claudia/ForestGuard/build/controller_pkg -- -j16 -l16
