-- Found ament_cmake: 1.3.12 (/opt/ros/humble/share/ament_cmake/cmake)
-- Override CMake install command with custom implementation using symlinks instead of copying resources
-- Found rclcpp: 16.0.15 (/opt/ros/humble/share/rclcpp/cmake)
-- Found rosidl_generator_c: 3.1.7 (/opt/ros/humble/share/rosidl_generator_c/cmake)
-- Found rosidl_adapter: 3.1.7 (/opt/ros/humble/share/rosidl_adapter/cmake)
-- Found rosidl_generator_cpp: 3.1.7 (/opt/ros/humble/share/rosidl_generator_cpp/cmake)
-- Using all available rosidl_typesupport_c: rosidl_typesupport_fastrtps_c;rosidl_typesupport_introspection_c
-- Using all available rosidl_typesupport_cpp: rosidl_typesupport_fastrtps_cpp;rosidl_typesupport_introspection_cpp
-- Found rmw_implementation_cmake: 6.1.2 (/opt/ros/humble/share/rmw_implementation_cmake/cmake)
-- Found rmw_fastrtps_cpp: 6.2.8 (/opt/ros/humble/share/rmw_fastrtps_cpp/cmake)
-- Using RMW implementation 'rmw_fastrtps_cpp' as default
-- Found geometry_msgs: 4.9.0 (/opt/ros/humble/share/geometry_msgs/cmake)
-- Found nav_msgs: 4.9.0 (/opt/ros/humble/share/nav_msgs/cmake)
-- Found tf2_ros: 0.25.16 (/opt/ros/humble/share/tf2_ros/cmake)
-- Found ament_lint_auto: 0.12.14 (/opt/ros/humble/share/ament_lint_auto/cmake)
-- Added test 'cppcheck' to perform static code analysis on C / C++ code
-- Configured cppcheck include dirs: 
-- Configured cppcheck exclude dirs and/or files: 
-- Added test 'lint_cmake' to check CMake code style
-- Added test 'uncrustify' to check C / C++ code style
-- Configured uncrustify additional arguments: 
-- Added test 'xmllint' to check XML markup files
-- Configuring done
-- Generating done
-- Build files have been written to: /home/claudia/ForestGuard/src/build/forest_localization
[ 66%] [32mBuilding CXX object CMakeFiles/forest_localization.dir/src/main_amcl.cpp.o[0m
[ 66%] [32mBuilding CXX object CMakeFiles/forest_localization.dir/src/amcl_localization.cpp.o[0m
[01m[K/home/claudia/ForestGuard/src/forest_localization/src/main_amcl.cpp:1:10:[m[K [01;31m[Kfatal error: [m[Kforest_localization/amcl_localization.h: No such file or directory
    1 | #include [01;31m[K"forest_localization/amcl_localization.h"[m[K
      |          [01;31m[K^~~~~~~~~~~~~~~~~~~~~~~~~~~~~~~~~~~~~~~~~[m[K
compilation terminated.
[01m[K/home/claudia/ForestGuard/src/forest_localization/src/amcl_localization.cpp:13:10:[m[K [01;31m[Kfatal error: [m[Kforest_localization/amcl_localization.h: No such file or directory
   13 | #include [01;31m[K"forest_localization/amcl_localization.h"[m[K
      |          [01;31m[K^~~~~~~~~~~~~~~~~~~~~~~~~~~~~~~~~~~~~~~~~[m[K
compilation terminated.
gmake[2]: *** [CMakeFiles/forest_localization.dir/build.make:90: CMakeFiles/forest_localization.dir/src/main_amcl.cpp.o] Error 1
gmake[2]: *** Waiting for unfinished jobs....
gmake[2]: *** [CMakeFiles/forest_localization.dir/build.make:76: CMakeFiles/forest_localization.dir/src/amcl_localization.cpp.o] Error 1
gmake[1]: *** [CMakeFiles/Makefile2:137: CMakeFiles/forest_localization.dir/all] Error 2
gmake: *** [Makefile:146: all] Error 2
