[0.232s] Invoking command in '/home/claudia/ForestGuard/src/build/forest_localization': CMAKE_PREFIX_PATH=${CMAKE_PREFIX_PATH}:/home/claudia/ForestGuard/install/forest_guard_sim:/home/claudia/ros2_ws/install/examples_rclcpp_minimal_publisher:/home/claudia/ros2_ws/install/a3_support:/opt/ros/humble /usr/bin/cmake /home/claudia/ForestGuard/src/forest_localization -DAMENT_CMAKE_SYMLINK_INSTALL=1 -DCMAKE_INSTALL_PREFIX=/home/claudia/ForestGuard/src/install/forest_localization
[0.239s] -- Found ament_cmake: 1.3.12 (/opt/ros/humble/share/ament_cmake/cmake)
[0.309s] -- Override CMake install command with custom implementation using symlinks instead of copying resources
[0.314s] -- Found rclcpp: 16.0.15 (/opt/ros/humble/share/rclcpp/cmake)
[0.339s] -- Found rosidl_generator_c: 3.1.7 (/opt/ros/humble/share/rosidl_generator_c/cmake)
[0.341s] -- Found rosidl_adapter: 3.1.7 (/opt/ros/humble/share/rosidl_adapter/cmake)
[0.348s] -- Found rosidl_generator_cpp: 3.1.7 (/opt/ros/humble/share/rosidl_generator_cpp/cmake)
[0.357s] -- Using all available rosidl_typesupport_c: rosidl_typesupport_fastrtps_c;rosidl_typesupport_introspection_c
[0.370s] -- Using all available rosidl_typesupport_cpp: rosidl_typesupport_fastrtps_cpp;rosidl_typesupport_introspection_cpp
[0.398s] -- Found rmw_implementation_cmake: 6.1.2 (/opt/ros/humble/share/rmw_implementation_cmake/cmake)
[0.401s] -- Found rmw_fastrtps_cpp: 6.2.8 (/opt/ros/humble/share/rmw_fastrtps_cpp/cmake)
[0.523s] -- Using RMW implementation 'rmw_fastrtps_cpp' as default
[0.562s] -- Found geometry_msgs: 4.9.0 (/opt/ros/humble/share/geometry_msgs/cmake)
[0.571s] -- Found nav_msgs: 4.9.0 (/opt/ros/humble/share/nav_msgs/cmake)
[0.583s] -- Found tf2_ros: 0.25.16 (/opt/ros/humble/share/tf2_ros/cmake)
[0.647s] -- Found ament_lint_auto: 0.12.14 (/opt/ros/humble/share/ament_lint_auto/cmake)
[0.703s] -- Added test 'cppcheck' to perform static code analysis on C / C++ code
[0.703s] -- Configured cppcheck include dirs: 
[0.703s] -- Configured cppcheck exclude dirs and/or files: 
[0.703s] -- Added test 'lint_cmake' to check CMake code style
[0.704s] -- Added test 'uncrustify' to check C / C++ code style
[0.704s] -- Configured uncrustify additional arguments: 
[0.704s] -- Added test 'xmllint' to check XML markup files
[0.705s] -- Configuring done
[0.716s] -- Generating done
[0.721s] -- Build files have been written to: /home/claudia/ForestGuard/src/build/forest_localization
[0.730s] Invoked command in '/home/claudia/ForestGuard/src/build/forest_localization' returned '0': CMAKE_PREFIX_PATH=${CMAKE_PREFIX_PATH}:/home/claudia/ForestGuard/install/forest_guard_sim:/home/claudia/ros2_ws/install/examples_rclcpp_minimal_publisher:/home/claudia/ros2_ws/install/a3_support:/opt/ros/humble /usr/bin/cmake /home/claudia/ForestGuard/src/forest_localization -DAMENT_CMAKE_SYMLINK_INSTALL=1 -DCMAKE_INSTALL_PREFIX=/home/claudia/ForestGuard/src/install/forest_localization
[0.732s] Invoking command in '/home/claudia/ForestGuard/src/build/forest_localization': CMAKE_PREFIX_PATH=${CMAKE_PREFIX_PATH}:/home/claudia/ForestGuard/install/forest_guard_sim:/home/claudia/ros2_ws/install/examples_rclcpp_minimal_publisher:/home/claudia/ros2_ws/install/a3_support:/opt/ros/humble /usr/bin/cmake --build /home/claudia/ForestGuard/src/build/forest_localization -- -j16 -l16
[0.758s] [ 66%] [32mBuilding CXX object CMakeFiles/forest_localization.dir/src/main_amcl.cpp.o[0m
[0.758s] [ 66%] [32mBuilding CXX object CMakeFiles/forest_localization.dir/src/amcl_localization.cpp.o[0m
[0.765s] [01m[K/home/claudia/ForestGuard/src/forest_localization/src/main_amcl.cpp:1:10:[m[K [01;31m[Kfatal error: [m[Kforest_localization/amcl_localization.h: No such file or directory
[0.765s]     1 | #include [01;31m[K"forest_localization/amcl_localization.h"[m[K
[0.765s]       |          [01;31m[K^~~~~~~~~~~~~~~~~~~~~~~~~~~~~~~~~~~~~~~~~[m[K
[0.765s] compilation terminated.
[0.765s] [01m[K/home/claudia/ForestGuard/src/forest_localization/src/amcl_localization.cpp:13:10:[m[K [01;31m[Kfatal error: [m[Kforest_localization/amcl_localization.h: No such file or directory
[0.765s]    13 | #include [01;31m[K"forest_localization/amcl_localization.h"[m[K
[0.765s]       |          [01;31m[K^~~~~~~~~~~~~~~~~~~~~~~~~~~~~~~~~~~~~~~~~[m[K
[0.765s] compilation terminated.
[0.766s] gmake[2]: *** [CMakeFiles/forest_localization.dir/build.make:90: CMakeFiles/forest_localization.dir/src/main_amcl.cpp.o] Error 1
[0.766s] gmake[2]: *** Waiting for unfinished jobs....
[0.766s] gmake[2]: *** [CMakeFiles/forest_localization.dir/build.make:76: CMakeFiles/forest_localization.dir/src/amcl_localization.cpp.o] Error 1
[0.766s] gmake[1]: *** [CMakeFiles/Makefile2:137: CMakeFiles/forest_localization.dir/all] Error 2
[0.766s] gmake: *** [Makefile:146: all] Error 2
[0.768s] Invoked command in '/home/claudia/ForestGuard/src/build/forest_localization' returned '2': CMAKE_PREFIX_PATH=${CMAKE_PREFIX_PATH}:/home/claudia/ForestGuard/install/forest_guard_sim:/home/claudia/ros2_ws/install/examples_rclcpp_minimal_publisher:/home/claudia/ros2_ws/install/a3_support:/opt/ros/humble /usr/bin/cmake --build /home/claudia/ForestGuard/src/build/forest_localization -- -j16 -l16
