-- Found ament_cmake: 1.3.12 (/opt/ros/humble/share/ament_cmake/cmake)
-- Found rcutils: 5.1.6 (/opt/ros/humble/share/rcutils/cmake)
-- Found urdf_parser_plugin: 2.6.1 (/opt/ros/humble/share/urdf_parser_plugin/cmake)
-- Found pluginlib: 5.1.0 (/opt/ros/humble/share/pluginlib/cmake)
-- Checking for module 'tinyxml2'
--   Found tinyxml2, version 9.0.0
-- Configuring done
-- Generating done
-- Build files have been written to: /home/claudia/ForestGuard/build/sdf_to_urdf_converter
[ 20%] [32mBuilding CXX object CMakeFiles/sdformat_urdf.dir/src/sdformat_urdf.cpp.o[0m
[ 40%] [32mBuilding CXX object CMakeFiles/sdformat_urdf.dir/src/sdformat_urdf_plugin.cpp.o[0m
[ 60%] [32m[1mLinking CXX shared library libsdformat_urdf.so[0m
[ 60%] Built target sdformat_urdf
[ 80%] [32mBuilding CXX object CMakeFiles/convert_sdf_to_urdf.dir/src/convert_sdf_to_urdf.cpp.o[0m
[100%] [32m[1mLinking CXX executable convert_sdf_to_urdf[0m
[100%] Built target convert_sdf_to_urdf
-- Install configuration: ""
-- Installing: /home/claudia/ForestGuard/install/sdf_to_urdf_converter/lib/sdf_to_urdf_converter/libsdformat_urdf.so
-- Set runtime path of "/home/claudia/ForestGuard/install/sdf_to_urdf_converter/lib/sdf_to_urdf_converter/libsdformat_urdf.so" to ""
-- Installing: /home/claudia/ForestGuard/install/sdf_to_urdf_converter/lib/sdf_to_urdf_converter/convert_sdf_to_urdf
-- Set runtime path of "/home/claudia/ForestGuard/install/sdf_to_urdf_converter/lib/sdf_to_urdf_converter/convert_sdf_to_urdf" to ""
-- Up-to-date: /home/claudia/ForestGuard/install/sdf_to_urdf_converter/include
-- Up-to-date: /home/claudia/ForestGuard/install/sdf_to_urdf_converter/include/sdformat_urdf
-- Up-to-date: /home/claudia/ForestGuard/install/sdf_to_urdf_converter/include/sdformat_urdf/sdformat_urdf.hpp
-- Up-to-date: /home/claudia/ForestGuard/install/sdf_to_urdf_converter/share/ament_index/resource_index/package_run_dependencies/sdf_to_urdf_converter
-- Installing: /home/claudia/ForestGuard/install/sdf_to_urdf_converter/share/ament_index/resource_index/parent_prefix_path/sdf_to_urdf_converter
-- Installing: /home/claudia/ForestGuard/install/sdf_to_urdf_converter/share/sdf_to_urdf_converter/environment/ament_prefix_path.sh
-- Installing: /home/claudia/ForestGuard/install/sdf_to_urdf_converter/share/sdf_to_urdf_converter/environment/ament_prefix_path.dsv
-- Installing: /home/claudia/ForestGuard/install/sdf_to_urdf_converter/share/sdf_to_urdf_converter/environment/path.sh
-- Installing: /home/claudia/ForestGuard/install/sdf_to_urdf_converter/share/sdf_to_urdf_converter/environment/path.dsv
-- Up-to-date: /home/claudia/ForestGuard/install/sdf_to_urdf_converter/share/sdf_to_urdf_converter/local_setup.bash
-- Up-to-date: /home/claudia/ForestGuard/install/sdf_to_urdf_converter/share/sdf_to_urdf_converter/local_setup.sh
-- Up-to-date: /home/claudia/ForestGuard/install/sdf_to_urdf_converter/share/sdf_to_urdf_converter/local_setup.zsh
-- Installing: /home/claudia/ForestGuard/install/sdf_to_urdf_converter/share/sdf_to_urdf_converter/local_setup.dsv
-- Installing: /home/claudia/ForestGuard/install/sdf_to_urdf_converter/share/sdf_to_urdf_converter/package.dsv
-- Up-to-date: /home/claudia/ForestGuard/install/sdf_to_urdf_converter/share/ament_index/resource_index/packages/sdf_to_urdf_converter
-- Up-to-date: /home/claudia/ForestGuard/install/sdf_to_urdf_converter/share/sdf_to_urdf_converter/cmake/sdf_to_urdf_converterConfig.cmake
-- Up-to-date: /home/claudia/ForestGuard/install/sdf_to_urdf_converter/share/sdf_to_urdf_converter/cmake/sdf_to_urdf_converterConfig-version.cmake
-- Up-to-date: /home/claudia/ForestGuard/install/sdf_to_urdf_converter/share/sdf_to_urdf_converter/package.xml
