[ 60%] Built target sdformat_urdf
[100%] Built target convert_sdf_to_urdf
-- Install configuration: ""
-- Up-to-date: /home/claudia/ForestGuard/install/sdf_to_urdf_converter/lib/sdf_to_urdf_converter/libsdformat_urdf.so
-- Up-to-date: /home/claudia/ForestGuard/install/sdf_to_urdf_converter/lib/sdf_to_urdf_converter/convert_sdf_to_urdf
-- Up-to-date: /home/claudia/ForestGuard/install/sdf_to_urdf_converter/include
-- Up-to-date: /home/claudia/ForestGuard/install/sdf_to_urdf_converter/include/sdformat_urdf
-- Up-to-date: /home/claudia/ForestGuard/install/sdf_to_urdf_converter/include/sdformat_urdf/sdformat_urdf.hpp
-- Up-to-date: /home/claudia/ForestGuard/install/sdf_to_urdf_converter/share/ament_index/resource_index/package_run_dependencies/sdf_to_urdf_converter
-- Up-to-date: /home/claudia/ForestGuard/install/sdf_to_urdf_converter/share/ament_index/resource_index/parent_prefix_path/sdf_to_urdf_converter
-- Up-to-date: /home/claudia/ForestGuard/install/sdf_to_urdf_converter/share/sdf_to_urdf_converter/environment/ament_prefix_path.sh
-- Up-to-date: /home/claudia/ForestGuard/install/sdf_to_urdf_converter/share/sdf_to_urdf_converter/environment/ament_prefix_path.dsv
-- Up-to-date: /home/claudia/ForestGuard/install/sdf_to_urdf_converter/share/sdf_to_urdf_converter/environment/path.sh
-- Up-to-date: /home/claudia/ForestGuard/install/sdf_to_urdf_converter/share/sdf_to_urdf_converter/environment/path.dsv
-- Up-to-date: /home/claudia/ForestGuard/install/sdf_to_urdf_converter/share/sdf_to_urdf_converter/local_setup.bash
-- Up-to-date: /home/claudia/ForestGuard/install/sdf_to_urdf_converter/share/sdf_to_urdf_converter/local_setup.sh
-- Up-to-date: /home/claudia/ForestGuard/install/sdf_to_urdf_converter/share/sdf_to_urdf_converter/local_setup.zsh
-- Up-to-date: /home/claudia/ForestGuard/install/sdf_to_urdf_converter/share/sdf_to_urdf_converter/local_setup.dsv
-- Installing: /home/claudia/ForestGuard/install/sdf_to_urdf_converter/share/sdf_to_urdf_converter/package.dsv
-- Up-to-date: /home/claudia/ForestGuard/install/sdf_to_urdf_converter/share/ament_index/resource_index/packages/sdf_to_urdf_converter
-- Up-to-date: /home/claudia/ForestGuard/install/sdf_to_urdf_converter/share/sdf_to_urdf_converter/cmake/sdf_to_urdf_converterConfig.cmake
-- Up-to-date: /home/claudia/ForestGuard/install/sdf_to_urdf_converter/share/sdf_to_urdf_converter/cmake/sdf_to_urdf_converterConfig-version.cmake
-- Up-to-date: /home/claudia/ForestGuard/install/sdf_to_urdf_converter/share/sdf_to_urdf_converter/package.xml
