running develop
running egg_info
creating forestguard_colour.egg-info
writing forestguard_colour.egg-info/PKG-INFO
writing dependency_links to forestguard_colour.egg-info/dependency_links.txt
writing entry points to forestguard_colour.egg-info/entry_points.txt
writing requirements to forestguard_colour.egg-info/requires.txt
writing top-level names to forestguard_colour.egg-info/top_level.txt
writing manifest file 'forestguard_colour.egg-info/SOURCES.txt'
reading manifest file 'forestguard_colour.egg-info/SOURCES.txt'
writing manifest file 'forestguard_colour.egg-info/SOURCES.txt'
running build_ext
Creating /home/john/git/RS1/John_branch/install/forestguard_colour/lib/python3.10/site-packages/forestguard-colour.egg-link (link to .)
Installing tree_detector script to /home/john/git/RS1/John_branch/install/forestguard_colour/lib/forestguard_colour

Installed /home/john/git/RS1/John_branch/build/forestguard_colour
running symlink_data
creating /home/john/git/RS1/John_branch/install/forestguard_colour/share/ament_index
creating /home/john/git/RS1/John_branch/install/forestguard_colour/share/ament_index/resource_index
creating /home/john/git/RS1/John_branch/install/forestguard_colour/share/ament_index/resource_index/packages
symbolically linking /home/john/git/RS1/John_branch/build/forestguard_colour/resource/forestguard_colour -> /home/john/git/RS1/John_branch/install/forestguard_colour/share/ament_index/resource_index/packages
symbolically linking /home/john/git/RS1/John_branch/build/forestguard_colour/package.xml -> /home/john/git/RS1/John_branch/install/forestguard_colour/share/forestguard_colour
creating /home/john/git/RS1/John_branch/install/forestguard_colour/share/forestguard_colour/launch
symbolically linking /home/john/git/RS1/John_branch/build/forestguard_colour/launch/colour_detector.launch.py -> /home/john/git/RS1/John_branch/install/forestguard_colour/share/forestguard_colour/launch
