[0.101s] DEBUG:colcon:Command line arguments: ['/usr/bin/colcon', 'build']
[0.101s] DEBUG:colcon:Parsed command line arguments: Namespace(log_base=None, log_level=None, verb_name='build', build_base='build', install_base='install', merge_install=False, symlink_install=False, test_result_base=None, continue_on_error=False, executor='parallel', parallel_workers=12, event_handlers=None, ignore_user_meta=False, metas=['./colcon.meta'], base_paths=['.'], packages_ignore=None, packages_ignore_regex=None, paths=None, packages_up_to=None, packages_up_to_regex=None, packages_above=None, packages_above_and_dependencies=None, packages_above_depth=None, packages_select_by_dep=None, packages_skip_by_dep=None, packages_skip_up_to=None, packages_select_build_failed=False, packages_skip_build_finished=False, packages_select_test_failures=False, packages_skip_test_passed=False, packages_select=None, packages_skip=None, packages_select_regex=None, packages_skip_regex=None, packages_start=None, packages_end=None, allow_overriding=[], cmake_args=None, cmake_target=None, cmake_target_skip_unavailable=False, cmake_clean_cache=False, cmake_clean_first=False, cmake_force_configure=False, ament_cmake_args=None, catkin_cmake_args=None, catkin_skip_building_tests=False, mixin_files=None, mixin=None, verb_parser=<colcon_mixin.mixin.mixin_argument.MixinArgumentDecorator object at 0x7e7484794700>, verb_extension=<colcon_core.verb.build.BuildVerb object at 0x7e7484716bc0>, main=<bound method BuildVerb.main of <colcon_core.verb.build.BuildVerb object at 0x7e7484716bc0>>, mixin_verb=('build',))
[0.131s] Level 1:colcon.colcon_core.package_discovery:discover_packages(colcon_meta) check parameters
[0.131s] Level 1:colcon.colcon_core.package_discovery:discover_packages(recursive) check parameters
[0.131s] Level 1:colcon.colcon_core.package_discovery:discover_packages(ignore) check parameters
[0.131s] Level 1:colcon.colcon_core.package_discovery:discover_packages(path) check parameters
[0.131s] Level 1:colcon.colcon_core.package_discovery:discover_packages(colcon_meta) discover
[0.131s] Level 1:colcon.colcon_core.package_discovery:discover_packages(recursive) discover
[0.131s] INFO:colcon.colcon_core.package_discovery:Crawling recursively for packages in '/home/yut/git/rs1-2025s-ytu77/john_branch'
[0.131s] Level 1:colcon.colcon_core.package_identification:_identify(.) by extensions ['ignore', 'ignore_ament_install']
[0.131s] Level 1:colcon.colcon_core.package_identification:_identify(.) by extension 'ignore'
[0.131s] Level 1:colcon.colcon_core.package_identification:_identify(.) by extension 'ignore_ament_install'
[0.131s] Level 1:colcon.colcon_core.package_identification:_identify(.) by extensions ['colcon_pkg']
[0.131s] Level 1:colcon.colcon_core.package_identification:_identify(.) by extension 'colcon_pkg'
[0.131s] Level 1:colcon.colcon_core.package_identification:_identify(.) by extensions ['colcon_meta']
[0.131s] Level 1:colcon.colcon_core.package_identification:_identify(.) by extension 'colcon_meta'
[0.131s] Level 1:colcon.colcon_core.package_identification:_identify(.) by extensions ['ros']
[0.131s] Level 1:colcon.colcon_core.package_identification:_identify(.) by extension 'ros'
[0.145s] Level 1:colcon.colcon_core.package_identification:_identify(.) by extensions ['cmake', 'python']
[0.145s] Level 1:colcon.colcon_core.package_identification:_identify(.) by extension 'cmake'
[0.146s] Level 1:colcon.colcon_core.package_identification:_identify(.) by extension 'python'
[0.146s] Level 1:colcon.colcon_core.package_identification:_identify(.) by extensions ['python_setup_py']
[0.146s] Level 1:colcon.colcon_core.package_identification:_identify(.) by extension 'python_setup_py'
[0.146s] Level 1:colcon.colcon_core.package_identification:_identify(build) by extensions ['ignore', 'ignore_ament_install']
[0.146s] Level 1:colcon.colcon_core.package_identification:_identify(build) by extension 'ignore'
[0.146s] Level 1:colcon.colcon_core.package_identification:_identify(build) ignored
[0.146s] Level 1:colcon.colcon_core.package_identification:_identify(install) by extensions ['ignore', 'ignore_ament_install']
[0.146s] Level 1:colcon.colcon_core.package_identification:_identify(install) by extension 'ignore'
[0.146s] Level 1:colcon.colcon_core.package_identification:_identify(install) ignored
[0.146s] Level 1:colcon.colcon_core.package_identification:_identify(log) by extensions ['ignore', 'ignore_ament_install']
[0.146s] Level 1:colcon.colcon_core.package_identification:_identify(log) by extension 'ignore'
[0.146s] Level 1:colcon.colcon_core.package_identification:_identify(log) ignored
[0.146s] Level 1:colcon.colcon_core.package_identification:_identify(scripts) by extensions ['ignore', 'ignore_ament_install']
[0.146s] Level 1:colcon.colcon_core.package_identification:_identify(scripts) by extension 'ignore'
[0.146s] Level 1:colcon.colcon_core.package_identification:_identify(scripts) by extension 'ignore_ament_install'
[0.146s] Level 1:colcon.colcon_core.package_identification:_identify(scripts) by extensions ['colcon_pkg']
[0.146s] Level 1:colcon.colcon_core.package_identification:_identify(scripts) by extension 'colcon_pkg'
[0.147s] Level 1:colcon.colcon_core.package_identification:_identify(scripts) by extensions ['colcon_meta']
[0.147s] Level 1:colcon.colcon_core.package_identification:_identify(scripts) by extension 'colcon_meta'
[0.147s] Level 1:colcon.colcon_core.package_identification:_identify(scripts) by extensions ['ros']
[0.147s] Level 1:colcon.colcon_core.package_identification:_identify(scripts) by extension 'ros'
[0.147s] Level 1:colcon.colcon_core.package_identification:_identify(scripts) by extensions ['cmake', 'python']
[0.147s] Level 1:colcon.colcon_core.package_identification:_identify(scripts) by extension 'cmake'
[0.147s] Level 1:colcon.colcon_core.package_identification:_identify(scripts) by extension 'python'
[0.147s] Level 1:colcon.colcon_core.package_identification:_identify(scripts) by extensions ['python_setup_py']
[0.147s] Level 1:colcon.colcon_core.package_identification:_identify(scripts) by extension 'python_setup_py'
[0.147s] Level 1:colcon.colcon_core.package_identification:_identify(src) by extensions ['ignore', 'ignore_ament_install']
[0.147s] Level 1:colcon.colcon_core.package_identification:_identify(src) by extension 'ignore'
[0.147s] Level 1:colcon.colcon_core.package_identification:_identify(src) by extension 'ignore_ament_install'
[0.147s] Level 1:colcon.colcon_core.package_identification:_identify(src) by extensions ['colcon_pkg']
[0.147s] Level 1:colcon.colcon_core.package_identification:_identify(src) by extension 'colcon_pkg'
[0.147s] Level 1:colcon.colcon_core.package_identification:_identify(src) by extensions ['colcon_meta']
[0.147s] Level 1:colcon.colcon_core.package_identification:_identify(src) by extension 'colcon_meta'
[0.147s] Level 1:colcon.colcon_core.package_identification:_identify(src) by extensions ['ros']
[0.147s] Level 1:colcon.colcon_core.package_identification:_identify(src) by extension 'ros'
[0.147s] Level 1:colcon.colcon_core.package_identification:_identify(src) by extensions ['cmake', 'python']
[0.147s] Level 1:colcon.colcon_core.package_identification:_identify(src) by extension 'cmake'
[0.147s] Level 1:colcon.colcon_core.package_identification:_identify(src) by extension 'python'
[0.147s] Level 1:colcon.colcon_core.package_identification:_identify(src) by extensions ['python_setup_py']
[0.147s] Level 1:colcon.colcon_core.package_identification:_identify(src) by extension 'python_setup_py'
[0.147s] Level 1:colcon.colcon_core.package_identification:_identify(src/forestguard_colour) by extensions ['ignore', 'ignore_ament_install']
[0.148s] Level 1:colcon.colcon_core.package_identification:_identify(src/forestguard_colour) by extension 'ignore'
[0.148s] Level 1:colcon.colcon_core.package_identification:_identify(src/forestguard_colour) by extension 'ignore_ament_install'
[0.148s] Level 1:colcon.colcon_core.package_identification:_identify(src/forestguard_colour) by extensions ['colcon_pkg']
[0.148s] Level 1:colcon.colcon_core.package_identification:_identify(src/forestguard_colour) by extension 'colcon_pkg'
[0.148s] Level 1:colcon.colcon_core.package_identification:_identify(src/forestguard_colour) by extensions ['colcon_meta']
[0.148s] Level 1:colcon.colcon_core.package_identification:_identify(src/forestguard_colour) by extension 'colcon_meta'
[0.148s] Level 1:colcon.colcon_core.package_identification:_identify(src/forestguard_colour) by extensions ['ros']
[0.148s] Level 1:colcon.colcon_core.package_identification:_identify(src/forestguard_colour) by extension 'ros'
[0.150s] DEBUG:colcon.colcon_core.package_identification:Package 'src/forestguard_colour' with type 'ros.ament_python' and name 'forestguard_colour'
[0.150s] Level 1:colcon.colcon_core.package_identification:_identify(src/forestguard_controller) by extensions ['ignore', 'ignore_ament_install']
[0.150s] Level 1:colcon.colcon_core.package_identification:_identify(src/forestguard_controller) by extension 'ignore'
[0.150s] Level 1:colcon.colcon_core.package_identification:_identify(src/forestguard_controller) by extension 'ignore_ament_install'
[0.150s] Level 1:colcon.colcon_core.package_identification:_identify(src/forestguard_controller) by extensions ['colcon_pkg']
[0.150s] Level 1:colcon.colcon_core.package_identification:_identify(src/forestguard_controller) by extension 'colcon_pkg'
[0.150s] Level 1:colcon.colcon_core.package_identification:_identify(src/forestguard_controller) by extensions ['colcon_meta']
[0.150s] Level 1:colcon.colcon_core.package_identification:_identify(src/forestguard_controller) by extension 'colcon_meta'
[0.150s] Level 1:colcon.colcon_core.package_identification:_identify(src/forestguard_controller) by extensions ['ros']
[0.150s] Level 1:colcon.colcon_core.package_identification:_identify(src/forestguard_controller) by extension 'ros'
[0.151s] DEBUG:colcon.colcon_core.package_identification:Package 'src/forestguard_controller' with type 'ros.ament_cmake' and name 'forestguard_controller'
[0.151s] Level 1:colcon.colcon_core.package_identification:_identify(src/forestguard_localisation) by extensions ['ignore', 'ignore_ament_install']
[0.151s] Level 1:colcon.colcon_core.package_identification:_identify(src/forestguard_localisation) by extension 'ignore'
[0.151s] Level 1:colcon.colcon_core.package_identification:_identify(src/forestguard_localisation) by extension 'ignore_ament_install'
[0.151s] Level 1:colcon.colcon_core.package_identification:_identify(src/forestguard_localisation) by extensions ['colcon_pkg']
[0.151s] Level 1:colcon.colcon_core.package_identification:_identify(src/forestguard_localisation) by extension 'colcon_pkg'
[0.152s] Level 1:colcon.colcon_core.package_identification:_identify(src/forestguard_localisation) by extensions ['colcon_meta']
[0.152s] Level 1:colcon.colcon_core.package_identification:_identify(src/forestguard_localisation) by extension 'colcon_meta'
[0.152s] Level 1:colcon.colcon_core.package_identification:_identify(src/forestguard_localisation) by extensions ['ros']
[0.152s] Level 1:colcon.colcon_core.package_identification:_identify(src/forestguard_localisation) by extension 'ros'
[0.152s] DEBUG:colcon.colcon_core.package_identification:Package 'src/forestguard_localisation' with type 'ros.ament_cmake' and name 'forestguard_localisation'
[0.152s] Level 1:colcon.colcon_core.package_identification:_identify(src/forestguard_sim) by extensions ['ignore', 'ignore_ament_install']
[0.152s] Level 1:colcon.colcon_core.package_identification:_identify(src/forestguard_sim) by extension 'ignore'
[0.152s] Level 1:colcon.colcon_core.package_identification:_identify(src/forestguard_sim) by extension 'ignore_ament_install'
[0.152s] Level 1:colcon.colcon_core.package_identification:_identify(src/forestguard_sim) by extensions ['colcon_pkg']
[0.152s] Level 1:colcon.colcon_core.package_identification:_identify(src/forestguard_sim) by extension 'colcon_pkg'
[0.152s] Level 1:colcon.colcon_core.package_identification:_identify(src/forestguard_sim) by extensions ['colcon_meta']
[0.153s] Level 1:colcon.colcon_core.package_identification:_identify(src/forestguard_sim) by extension 'colcon_meta'
[0.153s] Level 1:colcon.colcon_core.package_identification:_identify(src/forestguard_sim) by extensions ['ros']
[0.153s] Level 1:colcon.colcon_core.package_identification:_identify(src/forestguard_sim) by extension 'ros'
[0.153s] DEBUG:colcon.colcon_core.package_identification:Package 'src/forestguard_sim' with type 'ros.ament_cmake' and name 'john'
[0.153s] Level 1:colcon.colcon_core.package_identification:_identify(src/forestguard_ui) by extensions ['ignore', 'ignore_ament_install']
[0.153s] Level 1:colcon.colcon_core.package_identification:_identify(src/forestguard_ui) by extension 'ignore'
[0.153s] Level 1:colcon.colcon_core.package_identification:_identify(src/forestguard_ui) by extension 'ignore_ament_install'
[0.153s] Level 1:colcon.colcon_core.package_identification:_identify(src/forestguard_ui) by extensions ['colcon_pkg']
[0.153s] Level 1:colcon.colcon_core.package_identification:_identify(src/forestguard_ui) by extension 'colcon_pkg'
[0.153s] Level 1:colcon.colcon_core.package_identification:_identify(src/forestguard_ui) by extensions ['colcon_meta']
[0.153s] Level 1:colcon.colcon_core.package_identification:_identify(src/forestguard_ui) by extension 'colcon_meta'
[0.154s] Level 1:colcon.colcon_core.package_identification:_identify(src/forestguard_ui) by extensions ['ros']
[0.154s] Level 1:colcon.colcon_core.package_identification:_identify(src/forestguard_ui) by extension 'ros'
[0.154s] DEBUG:colcon.colcon_core.package_identification:Package 'src/forestguard_ui' with type 'ros.ament_python' and name 'forestguard_ui'
[0.154s] Level 1:colcon.colcon_core.package_discovery:discover_packages(recursive) using defaults
[0.154s] Level 1:colcon.colcon_core.package_discovery:discover_packages(ignore) discover
[0.154s] Level 1:colcon.colcon_core.package_discovery:discover_packages(ignore) using defaults
[0.154s] Level 1:colcon.colcon_core.package_discovery:discover_packages(path) discover
[0.154s] Level 1:colcon.colcon_core.package_discovery:discover_packages(path) using defaults
[0.171s] Level 1:colcon.colcon_core.package_discovery:discover_packages(prefix_path) check parameters
[0.171s] Level 1:colcon.colcon_core.package_discovery:discover_packages(prefix_path) discover
[0.173s] DEBUG:colcon.colcon_installed_package_information.package_discovery:Found 5 installed packages in /home/yut/git/rs1-2025s-ytu77/john_branch/install
[0.174s] DEBUG:colcon.colcon_installed_package_information.package_discovery:Found 1 installed packages in /home/yut/ros2_ws/install
[0.175s] DEBUG:colcon.colcon_installed_package_information.package_discovery:Found 377 installed packages in /opt/ros/humble
[0.176s] Level 1:colcon.colcon_core.package_discovery:discover_packages(prefix_path) using defaults
[0.210s] Level 5:colcon.colcon_core.verb:set package 'forestguard_colour' build argument 'cmake_args' from command line to 'None'
[0.210s] Level 5:colcon.colcon_core.verb:set package 'forestguard_colour' build argument 'cmake_target' from command line to 'None'
[0.210s] Level 5:colcon.colcon_core.verb:set package 'forestguard_colour' build argument 'cmake_target_skip_unavailable' from command line to 'False'
[0.210s] Level 5:colcon.colcon_core.verb:set package 'forestguard_colour' build argument 'cmake_clean_cache' from command line to 'False'
[0.210s] Level 5:colcon.colcon_core.verb:set package 'forestguard_colour' build argument 'cmake_clean_first' from command line to 'False'
[0.210s] Level 5:colcon.colcon_core.verb:set package 'forestguard_colour' build argument 'cmake_force_configure' from command line to 'False'
[0.210s] Level 5:colcon.colcon_core.verb:set package 'forestguard_colour' build argument 'ament_cmake_args' from command line to 'None'
[0.210s] Level 5:colcon.colcon_core.verb:set package 'forestguard_colour' build argument 'catkin_cmake_args' from command line to 'None'
[0.210s] Level 5:colcon.colcon_core.verb:set package 'forestguard_colour' build argument 'catkin_skip_building_tests' from command line to 'False'
[0.210s] DEBUG:colcon.colcon_core.verb:Building package 'forestguard_colour' with the following arguments: {'ament_cmake_args': None, 'build_base': '/home/yut/git/rs1-2025s-ytu77/john_branch/build/forestguard_colour', 'catkin_cmake_args': None, 'catkin_skip_building_tests': False, 'cmake_args': None, 'cmake_clean_cache': False, 'cmake_clean_first': False, 'cmake_force_configure': False, 'cmake_target': None, 'cmake_target_skip_unavailable': False, 'install_base': '/home/yut/git/rs1-2025s-ytu77/john_branch/install/forestguard_colour', 'merge_install': False, 'path': '/home/yut/git/rs1-2025s-ytu77/john_branch/src/forestguard_colour', 'symlink_install': False, 'test_result_base': None}
[0.211s] Level 5:colcon.colcon_core.verb:set package 'forestguard_controller' build argument 'cmake_args' from command line to 'None'
[0.211s] Level 5:colcon.colcon_core.verb:set package 'forestguard_controller' build argument 'cmake_target' from command line to 'None'
[0.211s] Level 5:colcon.colcon_core.verb:set package 'forestguard_controller' build argument 'cmake_target_skip_unavailable' from command line to 'False'
[0.211s] Level 5:colcon.colcon_core.verb:set package 'forestguard_controller' build argument 'cmake_clean_cache' from command line to 'False'
[0.211s] Level 5:colcon.colcon_core.verb:set package 'forestguard_controller' build argument 'cmake_clean_first' from command line to 'False'
[0.211s] Level 5:colcon.colcon_core.verb:set package 'forestguard_controller' build argument 'cmake_force_configure' from command line to 'False'
[0.211s] Level 5:colcon.colcon_core.verb:set package 'forestguard_controller' build argument 'ament_cmake_args' from command line to 'None'
[0.211s] Level 5:colcon.colcon_core.verb:set package 'forestguard_controller' build argument 'catkin_cmake_args' from command line to 'None'
[0.211s] Level 5:colcon.colcon_core.verb:set package 'forestguard_controller' build argument 'catkin_skip_building_tests' from command line to 'False'
[0.211s] DEBUG:colcon.colcon_core.verb:Building package 'forestguard_controller' with the following arguments: {'ament_cmake_args': None, 'build_base': '/home/yut/git/rs1-2025s-ytu77/john_branch/build/forestguard_controller', 'catkin_cmake_args': None, 'catkin_skip_building_tests': False, 'cmake_args': None, 'cmake_clean_cache': False, 'cmake_clean_first': False, 'cmake_force_configure': False, 'cmake_target': None, 'cmake_target_skip_unavailable': False, 'install_base': '/home/yut/git/rs1-2025s-ytu77/john_branch/install/forestguard_controller', 'merge_install': False, 'path': '/home/yut/git/rs1-2025s-ytu77/john_branch/src/forestguard_controller', 'symlink_install': False, 'test_result_base': None}
[0.211s] Level 5:colcon.colcon_core.verb:set package 'forestguard_localisation' build argument 'cmake_args' from command line to 'None'
[0.211s] Level 5:colcon.colcon_core.verb:set package 'forestguard_localisation' build argument 'cmake_target' from command line to 'None'
[0.211s] Level 5:colcon.colcon_core.verb:set package 'forestguard_localisation' build argument 'cmake_target_skip_unavailable' from command line to 'False'
[0.211s] Level 5:colcon.colcon_core.verb:set package 'forestguard_localisation' build argument 'cmake_clean_cache' from command line to 'False'
[0.211s] Level 5:colcon.colcon_core.verb:set package 'forestguard_localisation' build argument 'cmake_clean_first' from command line to 'False'
[0.211s] Level 5:colcon.colcon_core.verb:set package 'forestguard_localisation' build argument 'cmake_force_configure' from command line to 'False'
[0.211s] Level 5:colcon.colcon_core.verb:set package 'forestguard_localisation' build argument 'ament_cmake_args' from command line to 'None'
[0.211s] Level 5:colcon.colcon_core.verb:set package 'forestguard_localisation' build argument 'catkin_cmake_args' from command line to 'None'
[0.211s] Level 5:colcon.colcon_core.verb:set package 'forestguard_localisation' build argument 'catkin_skip_building_tests' from command line to 'False'
[0.211s] DEBUG:colcon.colcon_core.verb:Building package 'forestguard_localisation' with the following arguments: {'ament_cmake_args': None, 'build_base': '/home/yut/git/rs1-2025s-ytu77/john_branch/build/forestguard_localisation', 'catkin_cmake_args': None, 'catkin_skip_building_tests': False, 'cmake_args': None, 'cmake_clean_cache': False, 'cmake_clean_first': False, 'cmake_force_configure': False, 'cmake_target': None, 'cmake_target_skip_unavailable': False, 'install_base': '/home/yut/git/rs1-2025s-ytu77/john_branch/install/forestguard_localisation', 'merge_install': False, 'path': '/home/yut/git/rs1-2025s-ytu77/john_branch/src/forestguard_localisation', 'symlink_install': False, 'test_result_base': None}
[0.211s] Level 5:colcon.colcon_core.verb:set package 'forestguard_ui' build argument 'cmake_args' from command line to 'None'
[0.211s] Level 5:colcon.colcon_core.verb:set package 'forestguard_ui' build argument 'cmake_target' from command line to 'None'
[0.211s] Level 5:colcon.colcon_core.verb:set package 'forestguard_ui' build argument 'cmake_target_skip_unavailable' from command line to 'False'
[0.212s] Level 5:colcon.colcon_core.verb:set package 'forestguard_ui' build argument 'cmake_clean_cache' from command line to 'False'
[0.212s] Level 5:colcon.colcon_core.verb:set package 'forestguard_ui' build argument 'cmake_clean_first' from command line to 'False'
[0.212s] Level 5:colcon.colcon_core.verb:set package 'forestguard_ui' build argument 'cmake_force_configure' from command line to 'False'
[0.212s] Level 5:colcon.colcon_core.verb:set package 'forestguard_ui' build argument 'ament_cmake_args' from command line to 'None'
[0.212s] Level 5:colcon.colcon_core.verb:set package 'forestguard_ui' build argument 'catkin_cmake_args' from command line to 'None'
[0.212s] Level 5:colcon.colcon_core.verb:set package 'forestguard_ui' build argument 'catkin_skip_building_tests' from command line to 'False'
[0.212s] DEBUG:colcon.colcon_core.verb:Building package 'forestguard_ui' with the following arguments: {'ament_cmake_args': None, 'build_base': '/home/yut/git/rs1-2025s-ytu77/john_branch/build/forestguard_ui', 'catkin_cmake_args': None, 'catkin_skip_building_tests': False, 'cmake_args': None, 'cmake_clean_cache': False, 'cmake_clean_first': False, 'cmake_force_configure': False, 'cmake_target': None, 'cmake_target_skip_unavailable': False, 'install_base': '/home/yut/git/rs1-2025s-ytu77/john_branch/install/forestguard_ui', 'merge_install': False, 'path': '/home/yut/git/rs1-2025s-ytu77/john_branch/src/forestguard_ui', 'symlink_install': False, 'test_result_base': None}
[0.212s] Level 5:colcon.colcon_core.verb:set package 'john' build argument 'cmake_args' from command line to 'None'
[0.212s] Level 5:colcon.colcon_core.verb:set package 'john' build argument 'cmake_target' from command line to 'None'
[0.212s] Level 5:colcon.colcon_core.verb:set package 'john' build argument 'cmake_target_skip_unavailable' from command line to 'False'
[0.212s] Level 5:colcon.colcon_core.verb:set package 'john' build argument 'cmake_clean_cache' from command line to 'False'
[0.212s] Level 5:colcon.colcon_core.verb:set package 'john' build argument 'cmake_clean_first' from command line to 'False'
[0.212s] Level 5:colcon.colcon_core.verb:set package 'john' build argument 'cmake_force_configure' from command line to 'False'
[0.212s] Level 5:colcon.colcon_core.verb:set package 'john' build argument 'ament_cmake_args' from command line to 'None'
[0.212s] Level 5:colcon.colcon_core.verb:set package 'john' build argument 'catkin_cmake_args' from command line to 'None'
[0.212s] Level 5:colcon.colcon_core.verb:set package 'john' build argument 'catkin_skip_building_tests' from command line to 'False'
[0.212s] DEBUG:colcon.colcon_core.verb:Building package 'john' with the following arguments: {'ament_cmake_args': None, 'build_base': '/home/yut/git/rs1-2025s-ytu77/john_branch/build/john', 'catkin_cmake_args': None, 'catkin_skip_building_tests': False, 'cmake_args': None, 'cmake_clean_cache': False, 'cmake_clean_first': False, 'cmake_force_configure': False, 'cmake_target': None, 'cmake_target_skip_unavailable': False, 'install_base': '/home/yut/git/rs1-2025s-ytu77/john_branch/install/john', 'merge_install': False, 'path': '/home/yut/git/rs1-2025s-ytu77/john_branch/src/forestguard_sim', 'symlink_install': False, 'test_result_base': None}
[0.212s] INFO:colcon.colcon_core.executor:Executing jobs using 'parallel' executor
[0.213s] DEBUG:colcon.colcon_parallel_executor.executor.parallel:run_until_complete
[0.213s] INFO:colcon.colcon_ros.task.ament_python.build:Building ROS package in '/home/yut/git/rs1-2025s-ytu77/john_branch/src/forestguard_colour' with build type 'ament_python'
[0.213s] Level 1:colcon.colcon_core.shell:create_environment_hook('forestguard_colour', 'ament_prefix_path')
[0.215s] INFO:colcon.colcon_core.plugin_system:Skipping extension 'colcon_core.shell.bat': Not used on non-Windows systems
[0.215s] INFO:colcon.colcon_core.shell:Creating environment hook '/home/yut/git/rs1-2025s-ytu77/john_branch/install/forestguard_colour/share/forestguard_colour/hook/ament_prefix_path.ps1'
[0.216s] INFO:colcon.colcon_core.shell:Creating environment descriptor '/home/yut/git/rs1-2025s-ytu77/john_branch/install/forestguard_colour/share/forestguard_colour/hook/ament_prefix_path.dsv'
[0.216s] INFO:colcon.colcon_core.shell:Creating environment hook '/home/yut/git/rs1-2025s-ytu77/john_branch/install/forestguard_colour/share/forestguard_colour/hook/ament_prefix_path.sh'
[0.216s] INFO:colcon.colcon_core.shell:Skip shell extension 'powershell' for command environment: Not usable outside of PowerShell
[0.217s] DEBUG:colcon.colcon_core.shell:Skip shell extension 'dsv' for command environment
[0.220s] INFO:colcon.colcon_ros.task.ament_cmake.build:Building ROS package in '/home/yut/git/rs1-2025s-ytu77/john_branch/src/forestguard_controller' with build type 'ament_cmake'
[0.220s] INFO:colcon.colcon_cmake.task.cmake.build:Building CMake package in '/home/yut/git/rs1-2025s-ytu77/john_branch/src/forestguard_controller'
[0.220s] INFO:colcon.colcon_core.shell:Skip shell extension 'powershell' for command environment: Not usable outside of PowerShell
[0.220s] DEBUG:colcon.colcon_core.shell:Skip shell extension 'dsv' for command environment
[0.223s] INFO:colcon.colcon_ros.task.ament_cmake.build:Building ROS package in '/home/yut/git/rs1-2025s-ytu77/john_branch/src/forestguard_localisation' with build type 'ament_cmake'
[0.223s] INFO:colcon.colcon_cmake.task.cmake.build:Building CMake package in '/home/yut/git/rs1-2025s-ytu77/john_branch/src/forestguard_localisation'
[0.223s] INFO:colcon.colcon_core.shell:Skip shell extension 'powershell' for command environment: Not usable outside of PowerShell
[0.224s] DEBUG:colcon.colcon_core.shell:Skip shell extension 'dsv' for command environment
[0.227s] INFO:colcon.colcon_ros.task.ament_python.build:Building ROS package in '/home/yut/git/rs1-2025s-ytu77/john_branch/src/forestguard_ui' with build type 'ament_python'
[0.227s] Level 1:colcon.colcon_core.shell:create_environment_hook('forestguard_ui', 'ament_prefix_path')
[0.227s] INFO:colcon.colcon_core.shell:Creating environment hook '/home/yut/git/rs1-2025s-ytu77/john_branch/install/forestguard_ui/share/forestguard_ui/hook/ament_prefix_path.ps1'
[0.228s] INFO:colcon.colcon_core.shell:Creating environment descriptor '/home/yut/git/rs1-2025s-ytu77/john_branch/install/forestguard_ui/share/forestguard_ui/hook/ament_prefix_path.dsv'
[0.228s] INFO:colcon.colcon_core.shell:Creating environment hook '/home/yut/git/rs1-2025s-ytu77/john_branch/install/forestguard_ui/share/forestguard_ui/hook/ament_prefix_path.sh'
[0.228s] INFO:colcon.colcon_core.shell:Skip shell extension 'powershell' for command environment: Not usable outside of PowerShell
[0.228s] DEBUG:colcon.colcon_core.shell:Skip shell extension 'dsv' for command environment
[0.231s] INFO:colcon.colcon_ros.task.ament_cmake.build:Building ROS package in '/home/yut/git/rs1-2025s-ytu77/john_branch/src/forestguard_sim' with build type 'ament_cmake'
[0.232s] INFO:colcon.colcon_cmake.task.cmake.build:Building CMake package in '/home/yut/git/rs1-2025s-ytu77/john_branch/src/forestguard_sim'
[0.232s] INFO:colcon.colcon_core.shell:Skip shell extension 'powershell' for command environment: Not usable outside of PowerShell
[0.232s] DEBUG:colcon.colcon_core.shell:Skip shell extension 'dsv' for command environment
[0.408s] INFO:colcon.colcon_core.task.python.build:Building Python package in '/home/yut/git/rs1-2025s-ytu77/john_branch/src/forestguard_colour'
[0.409s] INFO:colcon.colcon_core.shell:Skip shell extension 'powershell' for command environment: Not usable outside of PowerShell
[0.409s] DEBUG:colcon.colcon_core.shell:Skip shell extension 'dsv' for command environment
[0.422s] DEBUG:colcon.colcon_core.event_handler.log_command:Invoking command in '/home/yut/git/rs1-2025s-ytu77/john_branch/build/forestguard_controller': CMAKE_PREFIX_PATH=${CMAKE_PREFIX_PATH}:/home/yut/git/rs1-2025s-ytu77/john_branch/install/forestguard_ui:/home/yut/git/rs1-2025s-ytu77/john_branch/install/forestguard_colour:/opt/ros/humble /usr/bin/cmake --build /home/yut/git/rs1-2025s-ytu77/john_branch/build/forestguard_controller -- -j12 -l12
[0.425s] DEBUG:colcon.colcon_core.event_handler.log_command:Invoking command in '/home/yut/git/rs1-2025s-ytu77/john_branch/build/forestguard_localisation': CMAKE_PREFIX_PATH=${CMAKE_PREFIX_PATH}:/home/yut/git/rs1-2025s-ytu77/john_branch/install/forestguard_ui:/home/yut/git/rs1-2025s-ytu77/john_branch/install/forestguard_colour:/opt/ros/humble /usr/bin/cmake --build /home/yut/git/rs1-2025s-ytu77/john_branch/build/forestguard_localisation -- -j12 -l12
[0.601s] INFO:colcon.colcon_core.task.python.build:Building Python package in '/home/yut/git/rs1-2025s-ytu77/john_branch/src/forestguard_ui'
[0.602s] INFO:colcon.colcon_core.shell:Skip shell extension 'powershell' for command environment: Not usable outside of PowerShell
[0.602s] DEBUG:colcon.colcon_core.shell:Skip shell extension 'dsv' for command environment
[0.618s] DEBUG:colcon.colcon_core.event_handler.log_command:Invoking command in '/home/yut/git/rs1-2025s-ytu77/john_branch/build/john': CMAKE_PREFIX_PATH=${CMAKE_PREFIX_PATH}:/home/yut/git/rs1-2025s-ytu77/john_branch/install/forestguard_ui:/home/yut/git/rs1-2025s-ytu77/john_branch/install/forestguard_colour:/opt/ros/humble /usr/bin/cmake --build /home/yut/git/rs1-2025s-ytu77/john_branch/build/john -- -j12 -l12
[0.619s] DEBUG:colcon.colcon_core.event_handler.log_command:Invoked command in '/home/yut/git/rs1-2025s-ytu77/john_branch/build/forestguard_localisation' returned '0': CMAKE_PREFIX_PATH=${CMAKE_PREFIX_PATH}:/home/yut/git/rs1-2025s-ytu77/john_branch/install/forestguard_ui:/home/yut/git/rs1-2025s-ytu77/john_branch/install/forestguard_colour:/opt/ros/humble /usr/bin/cmake --build /home/yut/git/rs1-2025s-ytu77/john_branch/build/forestguard_localisation -- -j12 -l12
[0.626s] DEBUG:colcon.colcon_core.event_handler.log_command:Invoking command in '/home/yut/git/rs1-2025s-ytu77/john_branch/build/forestguard_localisation': CMAKE_PREFIX_PATH=${CMAKE_PREFIX_PATH}:/home/yut/git/rs1-2025s-ytu77/john_branch/install/forestguard_ui:/home/yut/git/rs1-2025s-ytu77/john_branch/install/forestguard_colour:/opt/ros/humble /usr/bin/cmake --install /home/yut/git/rs1-2025s-ytu77/john_branch/build/forestguard_localisation
[0.627s] DEBUG:colcon.colcon_core.event_handler.log_command:Invoked command in '/home/yut/git/rs1-2025s-ytu77/john_branch/build/forestguard_controller' returned '0': CMAKE_PREFIX_PATH=${CMAKE_PREFIX_PATH}:/home/yut/git/rs1-2025s-ytu77/john_branch/install/forestguard_ui:/home/yut/git/rs1-2025s-ytu77/john_branch/install/forestguard_colour:/opt/ros/humble /usr/bin/cmake --build /home/yut/git/rs1-2025s-ytu77/john_branch/build/forestguard_controller -- -j12 -l12
[0.628s] DEBUG:colcon.colcon_core.event_handler.log_command:Invoking command in '/home/yut/git/rs1-2025s-ytu77/john_branch/build/forestguard_controller': CMAKE_PREFIX_PATH=${CMAKE_PREFIX_PATH}:/home/yut/git/rs1-2025s-ytu77/john_branch/install/forestguard_ui:/home/yut/git/rs1-2025s-ytu77/john_branch/install/forestguard_colour:/opt/ros/humble /usr/bin/cmake --install /home/yut/git/rs1-2025s-ytu77/john_branch/build/forestguard_controller
[0.637s] Level 1:colcon.colcon_core.environment:create_environment_scripts_only(forestguard_localisation)
[0.638s] DEBUG:colcon.colcon_core.event_handler.log_command:Invoked command in '/home/yut/git/rs1-2025s-ytu77/john_branch/build/forestguard_localisation' returned '0': CMAKE_PREFIX_PATH=${CMAKE_PREFIX_PATH}:/home/yut/git/rs1-2025s-ytu77/john_branch/install/forestguard_ui:/home/yut/git/rs1-2025s-ytu77/john_branch/install/forestguard_colour:/opt/ros/humble /usr/bin/cmake --install /home/yut/git/rs1-2025s-ytu77/john_branch/build/forestguard_localisation
[0.639s] Level 1:colcon.colcon_core.environment:checking '/home/yut/git/rs1-2025s-ytu77/john_branch/install/forestguard_localisation' for CMake module files
[0.640s] Level 1:colcon.colcon_core.environment:checking '/home/yut/git/rs1-2025s-ytu77/john_branch/install/forestguard_localisation' for CMake config files
[0.640s] Level 1:colcon.colcon_core.shell:create_environment_hook('forestguard_localisation', 'cmake_prefix_path')
[0.641s] INFO:colcon.colcon_core.shell:Creating environment hook '/home/yut/git/rs1-2025s-ytu77/john_branch/install/forestguard_localisation/share/forestguard_localisation/hook/cmake_prefix_path.ps1'
[0.641s] INFO:colcon.colcon_core.shell:Creating environment descriptor '/home/yut/git/rs1-2025s-ytu77/john_branch/install/forestguard_localisation/share/forestguard_localisation/hook/cmake_prefix_path.dsv'
[0.641s] INFO:colcon.colcon_core.shell:Creating environment hook '/home/yut/git/rs1-2025s-ytu77/john_branch/install/forestguard_localisation/share/forestguard_localisation/hook/cmake_prefix_path.sh'
[0.642s] Level 1:colcon.colcon_core.environment:checking '/home/yut/git/rs1-2025s-ytu77/john_branch/install/forestguard_localisation/lib'
[0.642s] Level 1:colcon.colcon_core.environment:checking '/home/yut/git/rs1-2025s-ytu77/john_branch/install/forestguard_localisation/bin'
[0.642s] Level 1:colcon.colcon_core.environment:checking '/home/yut/git/rs1-2025s-ytu77/john_branch/install/forestguard_localisation/lib/pkgconfig/forestguard_localisation.pc'
[0.642s] Level 1:colcon.colcon_core.environment:checking '/home/yut/git/rs1-2025s-ytu77/john_branch/install/forestguard_localisation/lib/python3.10/site-packages'
[0.642s] Level 1:colcon.colcon_core.environment:checking '/home/yut/git/rs1-2025s-ytu77/john_branch/install/forestguard_localisation/bin'
[0.643s] INFO:colcon.colcon_core.shell:Creating package script '/home/yut/git/rs1-2025s-ytu77/john_branch/install/forestguard_localisation/share/forestguard_localisation/package.ps1'
[0.643s] INFO:colcon.colcon_core.shell:Creating package descriptor '/home/yut/git/rs1-2025s-ytu77/john_branch/install/forestguard_localisation/share/forestguard_localisation/package.dsv'
[0.644s] INFO:colcon.colcon_core.shell:Creating package script '/home/yut/git/rs1-2025s-ytu77/john_branch/install/forestguard_localisation/share/forestguard_localisation/package.sh'
[0.645s] INFO:colcon.colcon_core.shell:Creating package script '/home/yut/git/rs1-2025s-ytu77/john_branch/install/forestguard_localisation/share/forestguard_localisation/package.bash'
[0.645s] INFO:colcon.colcon_core.shell:Creating package script '/home/yut/git/rs1-2025s-ytu77/john_branch/install/forestguard_localisation/share/forestguard_localisation/package.zsh'
[0.646s] Level 1:colcon.colcon_core.environment:create_file_with_runtime_dependencies(/home/yut/git/rs1-2025s-ytu77/john_branch/install/forestguard_localisation/share/colcon-core/packages/forestguard_localisation)
[0.647s] Level 1:colcon.colcon_core.environment:create_environment_scripts_only(forestguard_localisation)
[0.647s] Level 1:colcon.colcon_core.environment:checking '/home/yut/git/rs1-2025s-ytu77/john_branch/install/forestguard_localisation' for CMake module files
[0.647s] Level 1:colcon.colcon_core.environment:checking '/home/yut/git/rs1-2025s-ytu77/john_branch/install/forestguard_localisation' for CMake config files
[0.648s] Level 1:colcon.colcon_core.shell:create_environment_hook('forestguard_localisation', 'cmake_prefix_path')
[0.648s] INFO:colcon.colcon_core.shell:Creating environment hook '/home/yut/git/rs1-2025s-ytu77/john_branch/install/forestguard_localisation/share/forestguard_localisation/hook/cmake_prefix_path.ps1'
[0.648s] INFO:colcon.colcon_core.shell:Creating environment descriptor '/home/yut/git/rs1-2025s-ytu77/john_branch/install/forestguard_localisation/share/forestguard_localisation/hook/cmake_prefix_path.dsv'
[0.648s] INFO:colcon.colcon_core.shell:Creating environment hook '/home/yut/git/rs1-2025s-ytu77/john_branch/install/forestguard_localisation/share/forestguard_localisation/hook/cmake_prefix_path.sh'
[0.649s] Level 1:colcon.colcon_core.environment:checking '/home/yut/git/rs1-2025s-ytu77/john_branch/install/forestguard_localisation/lib'
[0.649s] Level 1:colcon.colcon_core.environment:checking '/home/yut/git/rs1-2025s-ytu77/john_branch/install/forestguard_localisation/bin'
[0.649s] Level 1:colcon.colcon_core.environment:checking '/home/yut/git/rs1-2025s-ytu77/john_branch/install/forestguard_localisation/lib/pkgconfig/forestguard_localisation.pc'
[0.649s] Level 1:colcon.colcon_core.environment:checking '/home/yut/git/rs1-2025s-ytu77/john_branch/install/forestguard_localisation/lib/python3.10/site-packages'
[0.649s] Level 1:colcon.colcon_core.environment:checking '/home/yut/git/rs1-2025s-ytu77/john_branch/install/forestguard_localisation/bin'
[0.650s] INFO:colcon.colcon_core.shell:Creating package script '/home/yut/git/rs1-2025s-ytu77/john_branch/install/forestguard_localisation/share/forestguard_localisation/package.ps1'
[0.650s] INFO:colcon.colcon_core.shell:Creating package descriptor '/home/yut/git/rs1-2025s-ytu77/john_branch/install/forestguard_localisation/share/forestguard_localisation/package.dsv'
[0.650s] INFO:colcon.colcon_core.shell:Creating package script '/home/yut/git/rs1-2025s-ytu77/john_branch/install/forestguard_localisation/share/forestguard_localisation/package.sh'
[0.651s] INFO:colcon.colcon_core.shell:Creating package script '/home/yut/git/rs1-2025s-ytu77/john_branch/install/forestguard_localisation/share/forestguard_localisation/package.bash'
[0.651s] INFO:colcon.colcon_core.shell:Creating package script '/home/yut/git/rs1-2025s-ytu77/john_branch/install/forestguard_localisation/share/forestguard_localisation/package.zsh'
[0.651s] Level 1:colcon.colcon_core.environment:create_file_with_runtime_dependencies(/home/yut/git/rs1-2025s-ytu77/john_branch/install/forestguard_localisation/share/colcon-core/packages/forestguard_localisation)
[0.652s] Level 1:colcon.colcon_core.environment:create_environment_scripts_only(forestguard_controller)
[0.652s] Level 1:colcon.colcon_core.environment:checking '/home/yut/git/rs1-2025s-ytu77/john_branch/install/forestguard_controller' for CMake module files
[0.653s] DEBUG:colcon.colcon_core.event_handler.log_command:Invoked command in '/home/yut/git/rs1-2025s-ytu77/john_branch/build/forestguard_controller' returned '0': CMAKE_PREFIX_PATH=${CMAKE_PREFIX_PATH}:/home/yut/git/rs1-2025s-ytu77/john_branch/install/forestguard_ui:/home/yut/git/rs1-2025s-ytu77/john_branch/install/forestguard_colour:/opt/ros/humble /usr/bin/cmake --install /home/yut/git/rs1-2025s-ytu77/john_branch/build/forestguard_controller
[0.653s] Level 1:colcon.colcon_core.environment:checking '/home/yut/git/rs1-2025s-ytu77/john_branch/install/forestguard_controller' for CMake config files
[0.653s] Level 1:colcon.colcon_core.shell:create_environment_hook('forestguard_controller', 'cmake_prefix_path')
[0.653s] INFO:colcon.colcon_core.shell:Creating environment hook '/home/yut/git/rs1-2025s-ytu77/john_branch/install/forestguard_controller/share/forestguard_controller/hook/cmake_prefix_path.ps1'
[0.654s] INFO:colcon.colcon_core.shell:Creating environment descriptor '/home/yut/git/rs1-2025s-ytu77/john_branch/install/forestguard_controller/share/forestguard_controller/hook/cmake_prefix_path.dsv'
[0.654s] INFO:colcon.colcon_core.shell:Creating environment hook '/home/yut/git/rs1-2025s-ytu77/john_branch/install/forestguard_controller/share/forestguard_controller/hook/cmake_prefix_path.sh'
[0.654s] Level 1:colcon.colcon_core.environment:checking '/home/yut/git/rs1-2025s-ytu77/john_branch/install/forestguard_controller/lib'
[0.654s] Level 1:colcon.colcon_core.environment:checking '/home/yut/git/rs1-2025s-ytu77/john_branch/install/forestguard_controller/bin'
[0.654s] Level 1:colcon.colcon_core.environment:checking '/home/yut/git/rs1-2025s-ytu77/john_branch/install/forestguard_controller/lib/pkgconfig/forestguard_controller.pc'
[0.655s] Level 1:colcon.colcon_core.environment:checking '/home/yut/git/rs1-2025s-ytu77/john_branch/install/forestguard_controller/lib/python3.10/site-packages'
[0.655s] Level 1:colcon.colcon_core.environment:checking '/home/yut/git/rs1-2025s-ytu77/john_branch/install/forestguard_controller/bin'
[0.655s] INFO:colcon.colcon_core.shell:Creating package script '/home/yut/git/rs1-2025s-ytu77/john_branch/install/forestguard_controller/share/forestguard_controller/package.ps1'
[0.655s] INFO:colcon.colcon_core.shell:Creating package descriptor '/home/yut/git/rs1-2025s-ytu77/john_branch/install/forestguard_controller/share/forestguard_controller/package.dsv'
[0.655s] INFO:colcon.colcon_core.shell:Creating package script '/home/yut/git/rs1-2025s-ytu77/john_branch/install/forestguard_controller/share/forestguard_controller/package.sh'
[0.656s] INFO:colcon.colcon_core.shell:Creating package script '/home/yut/git/rs1-2025s-ytu77/john_branch/install/forestguard_controller/share/forestguard_controller/package.bash'
[0.656s] INFO:colcon.colcon_core.shell:Creating package script '/home/yut/git/rs1-2025s-ytu77/john_branch/install/forestguard_controller/share/forestguard_controller/package.zsh'
[0.656s] Level 1:colcon.colcon_core.environment:create_file_with_runtime_dependencies(/home/yut/git/rs1-2025s-ytu77/john_branch/install/forestguard_controller/share/colcon-core/packages/forestguard_controller)
[0.657s] Level 1:colcon.colcon_core.environment:create_environment_scripts_only(forestguard_controller)
[0.657s] Level 1:colcon.colcon_core.environment:checking '/home/yut/git/rs1-2025s-ytu77/john_branch/install/forestguard_controller' for CMake module files
[0.657s] Level 1:colcon.colcon_core.environment:checking '/home/yut/git/rs1-2025s-ytu77/john_branch/install/forestguard_controller' for CMake config files
[0.658s] Level 1:colcon.colcon_core.shell:create_environment_hook('forestguard_controller', 'cmake_prefix_path')
[0.658s] INFO:colcon.colcon_core.shell:Creating environment hook '/home/yut/git/rs1-2025s-ytu77/john_branch/install/forestguard_controller/share/forestguard_controller/hook/cmake_prefix_path.ps1'
[0.658s] INFO:colcon.colcon_core.shell:Creating environment descriptor '/home/yut/git/rs1-2025s-ytu77/john_branch/install/forestguard_controller/share/forestguard_controller/hook/cmake_prefix_path.dsv'
[0.658s] INFO:colcon.colcon_core.shell:Creating environment hook '/home/yut/git/rs1-2025s-ytu77/john_branch/install/forestguard_controller/share/forestguard_controller/hook/cmake_prefix_path.sh'
[0.659s] Level 1:colcon.colcon_core.environment:checking '/home/yut/git/rs1-2025s-ytu77/john_branch/install/forestguard_controller/lib'
[0.659s] Level 1:colcon.colcon_core.environment:checking '/home/yut/git/rs1-2025s-ytu77/john_branch/install/forestguard_controller/bin'
[0.659s] Level 1:colcon.colcon_core.environment:checking '/home/yut/git/rs1-2025s-ytu77/john_branch/install/forestguard_controller/lib/pkgconfig/forestguard_controller.pc'
[0.659s] Level 1:colcon.colcon_core.environment:checking '/home/yut/git/rs1-2025s-ytu77/john_branch/install/forestguard_controller/lib/python3.10/site-packages'
[0.659s] Level 1:colcon.colcon_core.environment:checking '/home/yut/git/rs1-2025s-ytu77/john_branch/install/forestguard_controller/bin'
[0.659s] INFO:colcon.colcon_core.shell:Creating package script '/home/yut/git/rs1-2025s-ytu77/john_branch/install/forestguard_controller/share/forestguard_controller/package.ps1'
[0.660s] INFO:colcon.colcon_core.shell:Creating package descriptor '/home/yut/git/rs1-2025s-ytu77/john_branch/install/forestguard_controller/share/forestguard_controller/package.dsv'
[0.660s] INFO:colcon.colcon_core.shell:Creating package script '/home/yut/git/rs1-2025s-ytu77/john_branch/install/forestguard_controller/share/forestguard_controller/package.sh'
[0.660s] INFO:colcon.colcon_core.shell:Creating package script '/home/yut/git/rs1-2025s-ytu77/john_branch/install/forestguard_controller/share/forestguard_controller/package.bash'
[0.661s] INFO:colcon.colcon_core.shell:Creating package script '/home/yut/git/rs1-2025s-ytu77/john_branch/install/forestguard_controller/share/forestguard_controller/package.zsh'
[0.661s] Level 1:colcon.colcon_core.environment:create_file_with_runtime_dependencies(/home/yut/git/rs1-2025s-ytu77/john_branch/install/forestguard_controller/share/colcon-core/packages/forestguard_controller)
[0.662s] DEBUG:colcon.colcon_core.event_handler.log_command:Invoked command in '/home/yut/git/rs1-2025s-ytu77/john_branch/build/john' returned '0': CMAKE_PREFIX_PATH=${CMAKE_PREFIX_PATH}:/home/yut/git/rs1-2025s-ytu77/john_branch/install/forestguard_ui:/home/yut/git/rs1-2025s-ytu77/john_branch/install/forestguard_colour:/opt/ros/humble /usr/bin/cmake --build /home/yut/git/rs1-2025s-ytu77/john_branch/build/john -- -j12 -l12
[0.664s] DEBUG:colcon.colcon_core.event_handler.log_command:Invoking command in '/home/yut/git/rs1-2025s-ytu77/john_branch/build/john': CMAKE_PREFIX_PATH=${CMAKE_PREFIX_PATH}:/home/yut/git/rs1-2025s-ytu77/john_branch/install/forestguard_ui:/home/yut/git/rs1-2025s-ytu77/john_branch/install/forestguard_colour:/opt/ros/humble /usr/bin/cmake --install /home/yut/git/rs1-2025s-ytu77/john_branch/build/john
[0.689s] Level 1:colcon.colcon_core.environment:create_environment_scripts_only(john)
[0.689s] Level 1:colcon.colcon_core.environment:checking '/home/yut/git/rs1-2025s-ytu77/john_branch/install/john' for CMake module files
[0.689s] DEBUG:colcon.colcon_core.event_handler.log_command:Invoked command in '/home/yut/git/rs1-2025s-ytu77/john_branch/build/john' returned '0': CMAKE_PREFIX_PATH=${CMAKE_PREFIX_PATH}:/home/yut/git/rs1-2025s-ytu77/john_branch/install/forestguard_ui:/home/yut/git/rs1-2025s-ytu77/john_branch/install/forestguard_colour:/opt/ros/humble /usr/bin/cmake --install /home/yut/git/rs1-2025s-ytu77/john_branch/build/john
[0.690s] Level 1:colcon.colcon_core.environment:checking '/home/yut/git/rs1-2025s-ytu77/john_branch/install/john' for CMake config files
[0.690s] Level 1:colcon.colcon_core.shell:create_environment_hook('john', 'cmake_prefix_path')
[0.690s] INFO:colcon.colcon_core.shell:Creating environment hook '/home/yut/git/rs1-2025s-ytu77/john_branch/install/john/share/john/hook/cmake_prefix_path.ps1'
[0.691s] INFO:colcon.colcon_core.shell:Creating environment descriptor '/home/yut/git/rs1-2025s-ytu77/john_branch/install/john/share/john/hook/cmake_prefix_path.dsv'
[0.691s] INFO:colcon.colcon_core.shell:Creating environment hook '/home/yut/git/rs1-2025s-ytu77/john_branch/install/john/share/john/hook/cmake_prefix_path.sh'
[0.692s] Level 1:colcon.colcon_core.environment:checking '/home/yut/git/rs1-2025s-ytu77/john_branch/install/john/bin'
[0.692s] Level 1:colcon.colcon_core.environment:checking '/home/yut/git/rs1-2025s-ytu77/john_branch/install/john/lib/pkgconfig/john.pc'
[0.692s] Level 1:colcon.colcon_core.environment:checking '/home/yut/git/rs1-2025s-ytu77/john_branch/install/john/lib/python3.10/site-packages'
[0.692s] Level 1:colcon.colcon_core.environment:checking '/home/yut/git/rs1-2025s-ytu77/john_branch/install/john/bin'
[0.692s] INFO:colcon.colcon_core.shell:Creating package script '/home/yut/git/rs1-2025s-ytu77/john_branch/install/john/share/john/package.ps1'
[0.693s] INFO:colcon.colcon_core.shell:Creating package descriptor '/home/yut/git/rs1-2025s-ytu77/john_branch/install/john/share/john/package.dsv'
[0.693s] INFO:colcon.colcon_core.shell:Creating package script '/home/yut/git/rs1-2025s-ytu77/john_branch/install/john/share/john/package.sh'
[0.693s] INFO:colcon.colcon_core.shell:Creating package script '/home/yut/git/rs1-2025s-ytu77/john_branch/install/john/share/john/package.bash'
[0.694s] INFO:colcon.colcon_core.shell:Creating package script '/home/yut/git/rs1-2025s-ytu77/john_branch/install/john/share/john/package.zsh'
[0.694s] Level 1:colcon.colcon_core.environment:create_file_with_runtime_dependencies(/home/yut/git/rs1-2025s-ytu77/john_branch/install/john/share/colcon-core/packages/john)
[0.694s] Level 1:colcon.colcon_core.environment:create_environment_scripts_only(john)
[0.695s] Level 1:colcon.colcon_core.environment:checking '/home/yut/git/rs1-2025s-ytu77/john_branch/install/john' for CMake module files
[0.695s] Level 1:colcon.colcon_core.environment:checking '/home/yut/git/rs1-2025s-ytu77/john_branch/install/john' for CMake config files
[0.695s] Level 1:colcon.colcon_core.shell:create_environment_hook('john', 'cmake_prefix_path')
[0.695s] INFO:colcon.colcon_core.shell:Creating environment hook '/home/yut/git/rs1-2025s-ytu77/john_branch/install/john/share/john/hook/cmake_prefix_path.ps1'
[0.696s] INFO:colcon.colcon_core.shell:Creating environment descriptor '/home/yut/git/rs1-2025s-ytu77/john_branch/install/john/share/john/hook/cmake_prefix_path.dsv'
[0.696s] INFO:colcon.colcon_core.shell:Creating environment hook '/home/yut/git/rs1-2025s-ytu77/john_branch/install/john/share/john/hook/cmake_prefix_path.sh'
[0.697s] Level 1:colcon.colcon_core.environment:checking '/home/yut/git/rs1-2025s-ytu77/john_branch/install/john/bin'
[0.697s] Level 1:colcon.colcon_core.environment:checking '/home/yut/git/rs1-2025s-ytu77/john_branch/install/john/lib/pkgconfig/john.pc'
[0.697s] Level 1:colcon.colcon_core.environment:checking '/home/yut/git/rs1-2025s-ytu77/john_branch/install/john/lib/python3.10/site-packages'
[0.697s] Level 1:colcon.colcon_core.environment:checking '/home/yut/git/rs1-2025s-ytu77/john_branch/install/john/bin'
[0.697s] INFO:colcon.colcon_core.shell:Creating package script '/home/yut/git/rs1-2025s-ytu77/john_branch/install/john/share/john/package.ps1'
[0.698s] INFO:colcon.colcon_core.shell:Creating package descriptor '/home/yut/git/rs1-2025s-ytu77/john_branch/install/john/share/john/package.dsv'
[0.698s] INFO:colcon.colcon_core.shell:Creating package script '/home/yut/git/rs1-2025s-ytu77/john_branch/install/john/share/john/package.sh'
[0.698s] INFO:colcon.colcon_core.shell:Creating package script '/home/yut/git/rs1-2025s-ytu77/john_branch/install/john/share/john/package.bash'
[0.699s] INFO:colcon.colcon_core.shell:Creating package script '/home/yut/git/rs1-2025s-ytu77/john_branch/install/john/share/john/package.zsh'
[0.699s] Level 1:colcon.colcon_core.environment:create_file_with_runtime_dependencies(/home/yut/git/rs1-2025s-ytu77/john_branch/install/john/share/colcon-core/packages/john)
[1.006s] DEBUG:colcon.colcon_core.event_handler.log_command:Invoking command in '/home/yut/git/rs1-2025s-ytu77/john_branch/src/forestguard_colour': PYTHONPATH=/home/yut/git/rs1-2025s-ytu77/john_branch/build/forestguard_colour/prefix_override:/usr/lib/python3/dist-packages/colcon_core/task/python/colcon_distutils_commands:/home/yut/git/rs1-2025s-ytu77/john_branch/install/forestguard_colour/lib/python3.10/site-packages:${PYTHONPATH} /usr/bin/python3 -W ignore:setup.py install is deprecated -W ignore:easy_install command is deprecated setup.py egg_info --egg-base ../../build/forestguard_colour build --build-base /home/yut/git/rs1-2025s-ytu77/john_branch/build/forestguard_colour/build install --record /home/yut/git/rs1-2025s-ytu77/john_branch/build/forestguard_colour/install.log --single-version-externally-managed install_data
[1.015s] DEBUG:colcon.colcon_core.event_handler.log_command:Invoking command in '/home/yut/git/rs1-2025s-ytu77/john_branch/src/forestguard_ui': PYTHONPATH=/home/yut/git/rs1-2025s-ytu77/john_branch/build/forestguard_ui/prefix_override:/usr/lib/python3/dist-packages/colcon_core/task/python/colcon_distutils_commands:/home/yut/git/rs1-2025s-ytu77/john_branch/install/forestguard_ui/lib/python3.10/site-packages:${PYTHONPATH} /usr/bin/python3 -W ignore:setup.py install is deprecated -W ignore:easy_install command is deprecated setup.py egg_info --egg-base ../../build/forestguard_ui build --build-base /home/yut/git/rs1-2025s-ytu77/john_branch/build/forestguard_ui/build install --record /home/yut/git/rs1-2025s-ytu77/john_branch/build/forestguard_ui/install.log --single-version-externally-managed install_data
[1.384s] Level 1:colcon.colcon_core.environment:checking '/home/yut/git/rs1-2025s-ytu77/john_branch/install/forestguard_colour' for CMake module files
[1.385s] DEBUG:colcon.colcon_core.event_handler.log_command:Invoked command in '/home/yut/git/rs1-2025s-ytu77/john_branch/src/forestguard_colour' returned '0': PYTHONPATH=/home/yut/git/rs1-2025s-ytu77/john_branch/build/forestguard_colour/prefix_override:/usr/lib/python3/dist-packages/colcon_core/task/python/colcon_distutils_commands:/home/yut/git/rs1-2025s-ytu77/john_branch/install/forestguard_colour/lib/python3.10/site-packages:${PYTHONPATH} /usr/bin/python3 -W ignore:setup.py install is deprecated -W ignore:easy_install command is deprecated setup.py egg_info --egg-base ../../build/forestguard_colour build --build-base /home/yut/git/rs1-2025s-ytu77/john_branch/build/forestguard_colour/build install --record /home/yut/git/rs1-2025s-ytu77/john_branch/build/forestguard_colour/install.log --single-version-externally-managed install_data
[1.385s] Level 1:colcon.colcon_core.environment:checking '/home/yut/git/rs1-2025s-ytu77/john_branch/install/forestguard_colour' for CMake config files
[1.386s] Level 1:colcon.colcon_core.environment:checking '/home/yut/git/rs1-2025s-ytu77/john_branch/install/forestguard_colour/lib'
[1.386s] Level 1:colcon.colcon_core.environment:checking '/home/yut/git/rs1-2025s-ytu77/john_branch/install/forestguard_colour/bin'
[1.386s] Level 1:colcon.colcon_core.environment:checking '/home/yut/git/rs1-2025s-ytu77/john_branch/install/forestguard_colour/lib/pkgconfig/forestguard_colour.pc'
[1.386s] Level 1:colcon.colcon_core.environment:checking '/home/yut/git/rs1-2025s-ytu77/john_branch/install/forestguard_colour/lib/python3.10/site-packages'
[1.386s] Level 1:colcon.colcon_core.shell:create_environment_hook('forestguard_colour', 'pythonpath')
[1.386s] INFO:colcon.colcon_core.shell:Creating environment hook '/home/yut/git/rs1-2025s-ytu77/john_branch/install/forestguard_colour/share/forestguard_colour/hook/pythonpath.ps1'
[1.387s] INFO:colcon.colcon_core.shell:Creating environment descriptor '/home/yut/git/rs1-2025s-ytu77/john_branch/install/forestguard_colour/share/forestguard_colour/hook/pythonpath.dsv'
[1.387s] INFO:colcon.colcon_core.shell:Creating environment hook '/home/yut/git/rs1-2025s-ytu77/john_branch/install/forestguard_colour/share/forestguard_colour/hook/pythonpath.sh'
[1.387s] Level 1:colcon.colcon_core.environment:checking '/home/yut/git/rs1-2025s-ytu77/john_branch/install/forestguard_colour/bin'
[1.387s] Level 1:colcon.colcon_core.environment:create_environment_scripts_only(forestguard_colour)
[1.388s] INFO:colcon.colcon_core.shell:Creating package script '/home/yut/git/rs1-2025s-ytu77/john_branch/install/forestguard_colour/share/forestguard_colour/package.ps1'
[1.388s] INFO:colcon.colcon_core.shell:Creating package descriptor '/home/yut/git/rs1-2025s-ytu77/john_branch/install/forestguard_colour/share/forestguard_colour/package.dsv'
[1.388s] INFO:colcon.colcon_core.shell:Creating package script '/home/yut/git/rs1-2025s-ytu77/john_branch/install/forestguard_colour/share/forestguard_colour/package.sh'
[1.389s] INFO:colcon.colcon_core.shell:Creating package script '/home/yut/git/rs1-2025s-ytu77/john_branch/install/forestguard_colour/share/forestguard_colour/package.bash'
[1.389s] INFO:colcon.colcon_core.shell:Creating package script '/home/yut/git/rs1-2025s-ytu77/john_branch/install/forestguard_colour/share/forestguard_colour/package.zsh'
[1.389s] Level 1:colcon.colcon_core.environment:create_file_with_runtime_dependencies(/home/yut/git/rs1-2025s-ytu77/john_branch/install/forestguard_colour/share/colcon-core/packages/forestguard_colour)
[1.390s] Level 1:colcon.colcon_core.environment:checking '/home/yut/git/rs1-2025s-ytu77/john_branch/install/forestguard_ui' for CMake module files
[1.391s] Level 1:colcon.colcon_core.environment:checking '/home/yut/git/rs1-2025s-ytu77/john_branch/install/forestguard_ui' for CMake config files
[1.391s] DEBUG:colcon.colcon_core.event_handler.log_command:Invoked command in '/home/yut/git/rs1-2025s-ytu77/john_branch/src/forestguard_ui' returned '0': PYTHONPATH=/home/yut/git/rs1-2025s-ytu77/john_branch/build/forestguard_ui/prefix_override:/usr/lib/python3/dist-packages/colcon_core/task/python/colcon_distutils_commands:/home/yut/git/rs1-2025s-ytu77/john_branch/install/forestguard_ui/lib/python3.10/site-packages:${PYTHONPATH} /usr/bin/python3 -W ignore:setup.py install is deprecated -W ignore:easy_install command is deprecated setup.py egg_info --egg-base ../../build/forestguard_ui build --build-base /home/yut/git/rs1-2025s-ytu77/john_branch/build/forestguard_ui/build install --record /home/yut/git/rs1-2025s-ytu77/john_branch/build/forestguard_ui/install.log --single-version-externally-managed install_data
[1.391s] Level 1:colcon.colcon_core.environment:checking '/home/yut/git/rs1-2025s-ytu77/john_branch/install/forestguard_ui/lib'
[1.391s] Level 1:colcon.colcon_core.environment:checking '/home/yut/git/rs1-2025s-ytu77/john_branch/install/forestguard_ui/bin'
[1.391s] Level 1:colcon.colcon_core.environment:checking '/home/yut/git/rs1-2025s-ytu77/john_branch/install/forestguard_ui/lib/pkgconfig/forestguard_ui.pc'
[1.392s] Level 1:colcon.colcon_core.environment:checking '/home/yut/git/rs1-2025s-ytu77/john_branch/install/forestguard_ui/lib/python3.10/site-packages'
[1.392s] Level 1:colcon.colcon_core.shell:create_environment_hook('forestguard_ui', 'pythonpath')
[1.392s] INFO:colcon.colcon_core.shell:Creating environment hook '/home/yut/git/rs1-2025s-ytu77/john_branch/install/forestguard_ui/share/forestguard_ui/hook/pythonpath.ps1'
[1.392s] INFO:colcon.colcon_core.shell:Creating environment descriptor '/home/yut/git/rs1-2025s-ytu77/john_branch/install/forestguard_ui/share/forestguard_ui/hook/pythonpath.dsv'
[1.392s] INFO:colcon.colcon_core.shell:Creating environment hook '/home/yut/git/rs1-2025s-ytu77/john_branch/install/forestguard_ui/share/forestguard_ui/hook/pythonpath.sh'
[1.393s] Level 1:colcon.colcon_core.environment:checking '/home/yut/git/rs1-2025s-ytu77/john_branch/install/forestguard_ui/bin'
[1.393s] Level 1:colcon.colcon_core.environment:create_environment_scripts_only(forestguard_ui)
[1.393s] INFO:colcon.colcon_core.shell:Creating package script '/home/yut/git/rs1-2025s-ytu77/john_branch/install/forestguard_ui/share/forestguard_ui/package.ps1'
[1.393s] INFO:colcon.colcon_core.shell:Creating package descriptor '/home/yut/git/rs1-2025s-ytu77/john_branch/install/forestguard_ui/share/forestguard_ui/package.dsv'
[1.394s] INFO:colcon.colcon_core.shell:Creating package script '/home/yut/git/rs1-2025s-ytu77/john_branch/install/forestguard_ui/share/forestguard_ui/package.sh'
[1.394s] INFO:colcon.colcon_core.shell:Creating package script '/home/yut/git/rs1-2025s-ytu77/john_branch/install/forestguard_ui/share/forestguard_ui/package.bash'
[1.394s] INFO:colcon.colcon_core.shell:Creating package script '/home/yut/git/rs1-2025s-ytu77/john_branch/install/forestguard_ui/share/forestguard_ui/package.zsh'
[1.395s] Level 1:colcon.colcon_core.environment:create_file_with_runtime_dependencies(/home/yut/git/rs1-2025s-ytu77/john_branch/install/forestguard_ui/share/colcon-core/packages/forestguard_ui)
[1.395s] DEBUG:colcon.colcon_parallel_executor.executor.parallel:closing loop
[1.395s] DEBUG:colcon.colcon_parallel_executor.executor.parallel:loop closed
[1.395s] DEBUG:colcon.colcon_parallel_executor.executor.parallel:run_until_complete finished with '0'
[1.395s] DEBUG:colcon.colcon_core.event_reactor:joining thread
[1.399s] INFO:colcon.colcon_core.plugin_system:Skipping extension 'colcon_notification.desktop_notification.terminal_notifier': Not used on non-Darwin systems
[1.400s] INFO:colcon.colcon_core.plugin_system:Skipping extension 'colcon_notification.desktop_notification.win32': Not used on non-Windows systems
[1.400s] INFO:colcon.colcon_notification.desktop_notification:Sending desktop notification using 'notify2'
[1.408s] DEBUG:colcon.colcon_core.event_reactor:joined thread
[1.408s] INFO:colcon.colcon_core.shell:Creating prefix script '/home/yut/git/rs1-2025s-ytu77/john_branch/install/local_setup.ps1'
[1.409s] INFO:colcon.colcon_core.shell:Creating prefix util module '/home/yut/git/rs1-2025s-ytu77/john_branch/install/_local_setup_util_ps1.py'
[1.410s] INFO:colcon.colcon_core.shell:Creating prefix chain script '/home/yut/git/rs1-2025s-ytu77/john_branch/install/setup.ps1'
[1.411s] INFO:colcon.colcon_core.shell:Creating prefix script '/home/yut/git/rs1-2025s-ytu77/john_branch/install/local_setup.sh'
[1.411s] INFO:colcon.colcon_core.shell:Creating prefix util module '/home/yut/git/rs1-2025s-ytu77/john_branch/install/_local_setup_util_sh.py'
[1.412s] INFO:colcon.colcon_core.shell:Creating prefix chain script '/home/yut/git/rs1-2025s-ytu77/john_branch/install/setup.sh'
[1.413s] INFO:colcon.colcon_core.shell:Creating prefix script '/home/yut/git/rs1-2025s-ytu77/john_branch/install/local_setup.bash'
[1.413s] INFO:colcon.colcon_core.shell:Creating prefix chain script '/home/yut/git/rs1-2025s-ytu77/john_branch/install/setup.bash'
[1.414s] INFO:colcon.colcon_core.shell:Creating prefix script '/home/yut/git/rs1-2025s-ytu77/john_branch/install/local_setup.zsh'
[1.415s] INFO:colcon.colcon_core.shell:Creating prefix chain script '/home/yut/git/rs1-2025s-ytu77/john_branch/install/setup.zsh'
