-- Found ament_cmake: 1.3.12 (/opt/ros/humble/share/ament_cmake/cmake)
-- Override CMake install command with custom implementation using symlinks instead of copying resources
-- Found rclcpp: 16.0.15 (/opt/ros/humble/share/rclcpp/cmake)
-- Found rosidl_generator_c: 3.1.7 (/opt/ros/humble/share/rosidl_generator_c/cmake)
-- Found rosidl_adapter: 3.1.7 (/opt/ros/humble/share/rosidl_adapter/cmake)
-- Found rosidl_generator_cpp: 3.1.7 (/opt/ros/humble/share/rosidl_generator_cpp/cmake)
-- Using all available rosidl_typesupport_c: rosidl_typesupport_fastrtps_c;rosidl_typesupport_introspection_c
-- Using all available rosidl_typesupport_cpp: rosidl_typesupport_fastrtps_cpp;rosidl_typesupport_introspection_cpp
-- Found rmw_implementation_cmake: 6.1.2 (/opt/ros/humble/share/rmw_implementation_cmake/cmake)
-- Found rmw_fastrtps_cpp: 6.2.9 (/opt/ros/humble/share/rmw_fastrtps_cpp/cmake)
-- Using RMW implementation 'rmw_fastrtps_cpp' as default
-- Found rclcpp_action: 16.0.15 (/opt/ros/humble/share/rclcpp_action/cmake)
-- Found geometry_msgs: 4.9.0 (/opt/ros/humble/share/geometry_msgs/cmake)
-- Found sensor_msgs: 4.9.0 (/opt/ros/humble/share/sensor_msgs/cmake)
-- Found nav_msgs: 4.9.0 (/opt/ros/humble/share/nav_msgs/cmake)
-- Found visualization_msgs: 4.9.0 (/opt/ros/humble/share/visualization_msgs/cmake)
-- Found nav2_msgs: 1.1.19 (/opt/ros/humble/share/nav2_msgs/cmake)
-- Found tf2_ros: 0.25.16 (/opt/ros/humble/share/tf2_ros/cmake)
-- Found tf2_geometry_msgs: 0.25.16 (/opt/ros/humble/share/tf2_geometry_msgs/cmake)
-- Found eigen3_cmake_module: 0.1.1 (/opt/ros/humble/share/eigen3_cmake_module/cmake)
-- Ensuring Eigen3 include directory is part of orocos-kdl CMake target
-- Found cv_bridge: 3.2.1 (/opt/ros/humble/share/cv_bridge/cmake)
-- Found ament_cmake_ros: 0.10.0 (/opt/ros/humble/share/ament_cmake_ros/cmake)
-- Found rosbag2_cpp: 0.15.15 (/opt/ros/humble/share/rosbag2_cpp/cmake)
-- Found ament_lint_auto: 0.12.14 (/opt/ros/humble/share/ament_lint_auto/cmake)
-- Added test 'cppcheck' to perform static code analysis on C / C++ code
-- Configured cppcheck include dirs: $<BUILD_INTERFACE:/home/john/git/RS1/john_branch/src/forestguard_controller/include>
-- Configured cppcheck exclude dirs and/or files: 
-- Added test 'lint_cmake' to check CMake code style
-- Added test 'uncrustify' to check C / C++ code style
-- Configured uncrustify additional arguments: 
-- Added test 'xmllint' to check XML markup files
-- Configuring done
-- Generating done
-- Build files have been written to: /home/john/git/RS1/john_branch/build/forestguard_controller
[ 33%] [32mBuilding CXX object CMakeFiles/forestguard_controller.dir/src/main_husky.cpp.o[0m
[ 66%] [32mBuilding CXX object CMakeFiles/forestguard_controller.dir/src/controller_husky.cpp.o[0m
[100%] [32m[1mLinking CXX executable forestguard_controller[0m
[100%] Built target forestguard_controller
-- Install configuration: ""
-- Execute custom install script
-- Symlinking: /home/john/git/RS1/john_branch/install/forestguard_controller/lib/forestguard_controller/forestguard_controller
-- Symlinking: /home/john/git/RS1/john_branch/install/forestguard_controller/include/forestguard_controller/controller_husky.h
-- Symlinking: /home/john/git/RS1/john_branch/install/forestguard_controller/share/ament_index/resource_index/package_run_dependencies/forestguard_controller
-- Symlinking: /home/john/git/RS1/john_branch/install/forestguard_controller/share/ament_index/resource_index/parent_prefix_path/forestguard_controller
-- Symlinking: /home/john/git/RS1/john_branch/install/forestguard_controller/share/forestguard_controller/environment/ament_prefix_path.sh
-- Symlinking: /home/john/git/RS1/john_branch/install/forestguard_controller/share/forestguard_controller/environment/ament_prefix_path.dsv
-- Symlinking: /home/john/git/RS1/john_branch/install/forestguard_controller/share/forestguard_controller/environment/path.sh
-- Symlinking: /home/john/git/RS1/john_branch/install/forestguard_controller/share/forestguard_controller/environment/path.dsv
-- Symlinking: /home/john/git/RS1/john_branch/install/forestguard_controller/share/forestguard_controller/local_setup.bash
-- Symlinking: /home/john/git/RS1/john_branch/install/forestguard_controller/share/forestguard_controller/local_setup.sh
-- Symlinking: /home/john/git/RS1/john_branch/install/forestguard_controller/share/forestguard_controller/local_setup.zsh
-- Symlinking: /home/john/git/RS1/john_branch/install/forestguard_controller/share/forestguard_controller/local_setup.dsv
-- Symlinking: /home/john/git/RS1/john_branch/install/forestguard_controller/share/forestguard_controller/package.dsv
-- Symlinking: /home/john/git/RS1/john_branch/install/forestguard_controller/share/ament_index/resource_index/packages/forestguard_controller
-- Symlinking: /home/john/git/RS1/john_branch/install/forestguard_controller/share/forestguard_controller/cmake/forestguard_controllerConfig.cmake
-- Symlinking: /home/john/git/RS1/john_branch/install/forestguard_controller/share/forestguard_controller/cmake/forestguard_controllerConfig-version.cmake
-- Symlinking: /home/john/git/RS1/john_branch/install/forestguard_controller/share/forestguard_controller/package.xml
