[0.247s] DEBUG:colcon:Command line arguments: ['/usr/bin/colcon', 'build']
[0.247s] DEBUG:colcon:Parsed command line arguments: Namespace(log_base=None, log_level=None, verb_name='build', build_base='build', install_base='install', merge_install=False, symlink_install=False, test_result_base=None, continue_on_error=False, executor='parallel', parallel_workers=16, event_handlers=None, ignore_user_meta=False, metas=['./colcon.meta'], base_paths=['.'], packages_ignore=None, packages_ignore_regex=None, paths=None, packages_up_to=None, packages_up_to_regex=None, packages_above=None, packages_above_and_dependencies=None, packages_above_depth=None, packages_select_by_dep=None, packages_skip_by_dep=None, packages_skip_up_to=None, packages_select_build_failed=False, packages_skip_build_finished=False, packages_select_test_failures=False, packages_skip_test_passed=False, packages_select=None, packages_skip=None, packages_select_regex=None, packages_skip_regex=None, packages_start=None, packages_end=None, allow_overriding=[], cmake_args=None, cmake_target=None, cmake_target_skip_unavailable=False, cmake_clean_cache=False, cmake_clean_first=False, cmake_force_configure=False, ament_cmake_args=None, catkin_cmake_args=None, catkin_skip_building_tests=False, verb_parser=<colcon_defaults.argument_parser.defaults.DefaultArgumentsDecorator object at 0x71f7889d62c0>, verb_extension=<colcon_core.verb.build.BuildVerb object at 0x71f7889d5db0>, main=<bound method BuildVerb.main of <colcon_core.verb.build.BuildVerb object at 0x71f7889d5db0>>)
[0.694s] Level 1:colcon.colcon_core.package_discovery:discover_packages(colcon_meta) check parameters
[0.694s] Level 1:colcon.colcon_core.package_discovery:discover_packages(recursive) check parameters
[0.694s] Level 1:colcon.colcon_core.package_discovery:discover_packages(ignore) check parameters
[0.694s] Level 1:colcon.colcon_core.package_discovery:discover_packages(path) check parameters
[0.695s] Level 1:colcon.colcon_core.package_discovery:discover_packages(colcon_meta) discover
[0.695s] Level 1:colcon.colcon_core.package_discovery:discover_packages(recursive) discover
[0.695s] INFO:colcon.colcon_core.package_discovery:Crawling recursively for packages in '/home/claudia/ForestGuard'
[0.695s] Level 1:colcon.colcon_core.package_identification:_identify(.) by extensions ['ignore', 'ignore_ament_install']
[0.695s] Level 1:colcon.colcon_core.package_identification:_identify(.) by extension 'ignore'
[0.695s] Level 1:colcon.colcon_core.package_identification:_identify(.) by extension 'ignore_ament_install'
[0.696s] Level 1:colcon.colcon_core.package_identification:_identify(.) by extensions ['colcon_pkg']
[0.696s] Level 1:colcon.colcon_core.package_identification:_identify(.) by extension 'colcon_pkg'
[0.696s] Level 1:colcon.colcon_core.package_identification:_identify(.) by extensions ['colcon_meta']
[0.696s] Level 1:colcon.colcon_core.package_identification:_identify(.) by extension 'colcon_meta'
[0.696s] Level 1:colcon.colcon_core.package_identification:_identify(.) by extensions ['ros']
[0.696s] Level 1:colcon.colcon_core.package_identification:_identify(.) by extension 'ros'
[0.734s] Level 1:colcon.colcon_core.package_identification:_identify(.) by extensions ['cmake', 'python']
[0.734s] Level 1:colcon.colcon_core.package_identification:_identify(.) by extension 'cmake'
[0.734s] Level 1:colcon.colcon_core.package_identification:_identify(.) by extension 'python'
[0.734s] Level 1:colcon.colcon_core.package_identification:_identify(.) by extensions ['python_setup_py']
[0.734s] Level 1:colcon.colcon_core.package_identification:_identify(.) by extension 'python_setup_py'
[0.734s] Level 1:colcon.colcon_core.package_identification:_identify(build) by extensions ['ignore', 'ignore_ament_install']
[0.735s] Level 1:colcon.colcon_core.package_identification:_identify(build) by extension 'ignore'
[0.735s] Level 1:colcon.colcon_core.package_identification:_identify(build) ignored
[0.735s] Level 1:colcon.colcon_core.package_identification:_identify(install) by extensions ['ignore', 'ignore_ament_install']
[0.736s] Level 1:colcon.colcon_core.package_identification:_identify(install) by extension 'ignore'
[0.736s] Level 1:colcon.colcon_core.package_identification:_identify(install) ignored
[0.736s] Level 1:colcon.colcon_core.package_identification:_identify(log) by extensions ['ignore', 'ignore_ament_install']
[0.736s] Level 1:colcon.colcon_core.package_identification:_identify(log) by extension 'ignore'
[0.737s] Level 1:colcon.colcon_core.package_identification:_identify(log) ignored
[0.737s] Level 1:colcon.colcon_core.package_identification:_identify(src) by extensions ['ignore', 'ignore_ament_install']
[0.737s] Level 1:colcon.colcon_core.package_identification:_identify(src) by extension 'ignore'
[0.737s] Level 1:colcon.colcon_core.package_identification:_identify(src) by extension 'ignore_ament_install'
[0.737s] Level 1:colcon.colcon_core.package_identification:_identify(src) by extensions ['colcon_pkg']
[0.737s] Level 1:colcon.colcon_core.package_identification:_identify(src) by extension 'colcon_pkg'
[0.737s] Level 1:colcon.colcon_core.package_identification:_identify(src) by extensions ['colcon_meta']
[0.737s] Level 1:colcon.colcon_core.package_identification:_identify(src) by extension 'colcon_meta'
[0.738s] Level 1:colcon.colcon_core.package_identification:_identify(src) by extensions ['ros']
[0.738s] Level 1:colcon.colcon_core.package_identification:_identify(src) by extension 'ros'
[0.738s] Level 1:colcon.colcon_core.package_identification:_identify(src) by extensions ['cmake', 'python']
[0.738s] Level 1:colcon.colcon_core.package_identification:_identify(src) by extension 'cmake'
[0.738s] Level 1:colcon.colcon_core.package_identification:_identify(src) by extension 'python'
[0.738s] Level 1:colcon.colcon_core.package_identification:_identify(src) by extensions ['python_setup_py']
[0.738s] Level 1:colcon.colcon_core.package_identification:_identify(src) by extension 'python_setup_py'
[0.738s] Level 1:colcon.colcon_core.package_identification:_identify(src/build) by extensions ['ignore', 'ignore_ament_install']
[0.739s] Level 1:colcon.colcon_core.package_identification:_identify(src/build) by extension 'ignore'
[0.739s] Level 1:colcon.colcon_core.package_identification:_identify(src/build) ignored
[0.739s] Level 1:colcon.colcon_core.package_identification:_identify(src/controller_pkg) by extensions ['ignore', 'ignore_ament_install']
[0.739s] Level 1:colcon.colcon_core.package_identification:_identify(src/controller_pkg) by extension 'ignore'
[0.739s] Level 1:colcon.colcon_core.package_identification:_identify(src/controller_pkg) by extension 'ignore_ament_install'
[0.739s] Level 1:colcon.colcon_core.package_identification:_identify(src/controller_pkg) by extensions ['colcon_pkg']
[0.739s] Level 1:colcon.colcon_core.package_identification:_identify(src/controller_pkg) by extension 'colcon_pkg'
[0.740s] Level 1:colcon.colcon_core.package_identification:_identify(src/controller_pkg) by extensions ['colcon_meta']
[0.740s] Level 1:colcon.colcon_core.package_identification:_identify(src/controller_pkg) by extension 'colcon_meta'
[0.740s] Level 1:colcon.colcon_core.package_identification:_identify(src/controller_pkg) by extensions ['ros']
[0.740s] Level 1:colcon.colcon_core.package_identification:_identify(src/controller_pkg) by extension 'ros'
[0.762s] DEBUG:colcon.colcon_core.package_identification:Package 'src/controller_pkg' with type 'ros.ament_cmake' and name 'controller_pkg'
[0.763s] Level 1:colcon.colcon_core.package_identification:_identify(src/install) by extensions ['ignore', 'ignore_ament_install']
[0.763s] Level 1:colcon.colcon_core.package_identification:_identify(src/install) by extension 'ignore'
[0.763s] Level 1:colcon.colcon_core.package_identification:_identify(src/install) ignored
[0.763s] Level 1:colcon.colcon_core.package_identification:_identify(src/log) by extensions ['ignore', 'ignore_ament_install']
[0.764s] Level 1:colcon.colcon_core.package_identification:_identify(src/log) by extension 'ignore'
[0.764s] Level 1:colcon.colcon_core.package_identification:_identify(src/log) ignored
[0.764s] Level 1:colcon.colcon_core.package_identification:_identify(src/my_drone_pkg) by extensions ['ignore', 'ignore_ament_install']
[0.764s] Level 1:colcon.colcon_core.package_identification:_identify(src/my_drone_pkg) by extension 'ignore'
[0.764s] Level 1:colcon.colcon_core.package_identification:_identify(src/my_drone_pkg) by extension 'ignore_ament_install'
[0.765s] Level 1:colcon.colcon_core.package_identification:_identify(src/my_drone_pkg) by extensions ['colcon_pkg']
[0.765s] Level 1:colcon.colcon_core.package_identification:_identify(src/my_drone_pkg) by extension 'colcon_pkg'
[0.765s] Level 1:colcon.colcon_core.package_identification:_identify(src/my_drone_pkg) by extensions ['colcon_meta']
[0.765s] Level 1:colcon.colcon_core.package_identification:_identify(src/my_drone_pkg) by extension 'colcon_meta'
[0.765s] Level 1:colcon.colcon_core.package_identification:_identify(src/my_drone_pkg) by extensions ['ros']
[0.765s] Level 1:colcon.colcon_core.package_identification:_identify(src/my_drone_pkg) by extension 'ros'
[0.766s] DEBUG:colcon.colcon_core.package_identification:Package 'src/my_drone_pkg' with type 'ros.ament_cmake' and name 'my_drone_pkg'
[0.767s] Level 1:colcon.colcon_core.package_identification:_identify(src/sdf_to_urdf_converter) by extensions ['ignore', 'ignore_ament_install']
[0.767s] Level 1:colcon.colcon_core.package_identification:_identify(src/sdf_to_urdf_converter) by extension 'ignore'
[0.767s] Level 1:colcon.colcon_core.package_identification:_identify(src/sdf_to_urdf_converter) by extension 'ignore_ament_install'
[0.767s] Level 1:colcon.colcon_core.package_identification:_identify(src/sdf_to_urdf_converter) by extensions ['colcon_pkg']
[0.767s] Level 1:colcon.colcon_core.package_identification:_identify(src/sdf_to_urdf_converter) by extension 'colcon_pkg'
[0.767s] Level 1:colcon.colcon_core.package_identification:_identify(src/sdf_to_urdf_converter) by extensions ['colcon_meta']
[0.767s] Level 1:colcon.colcon_core.package_identification:_identify(src/sdf_to_urdf_converter) by extension 'colcon_meta'
[0.767s] Level 1:colcon.colcon_core.package_identification:_identify(src/sdf_to_urdf_converter) by extensions ['ros']
[0.768s] Level 1:colcon.colcon_core.package_identification:_identify(src/sdf_to_urdf_converter) by extension 'ros'
[0.769s] DEBUG:colcon.colcon_core.package_identification:Package 'src/sdf_to_urdf_converter' with type 'ros.ament_cmake' and name 'sdf_to_urdf_converter'
[0.770s] Level 1:colcon.colcon_core.package_discovery:discover_packages(recursive) using defaults
[0.770s] Level 1:colcon.colcon_core.package_discovery:discover_packages(ignore) discover
[0.770s] Level 1:colcon.colcon_core.package_discovery:discover_packages(ignore) using defaults
[0.770s] Level 1:colcon.colcon_core.package_discovery:discover_packages(path) discover
[0.770s] Level 1:colcon.colcon_core.package_discovery:discover_packages(path) using defaults
[0.813s] Level 1:colcon.colcon_core.package_discovery:discover_packages(prefix_path) check parameters
[0.813s] Level 1:colcon.colcon_core.package_discovery:discover_packages(prefix_path) discover
[0.818s] DEBUG:colcon.colcon_installed_package_information.package_discovery:Found 2 installed packages in /home/claudia/rs1_ws/install
[0.820s] DEBUG:colcon.colcon_installed_package_information.package_discovery:Found 11 installed packages in /home/claudia/ros2_ws/install
[0.825s] DEBUG:colcon.colcon_installed_package_information.package_discovery:Found 476 installed packages in /opt/ros/humble
[0.833s] Level 1:colcon.colcon_core.package_discovery:discover_packages(prefix_path) using defaults
[0.983s] Level 5:colcon.colcon_core.verb:set package 'controller_pkg' build argument 'cmake_args' from command line to 'None'
[0.984s] Level 5:colcon.colcon_core.verb:set package 'controller_pkg' build argument 'cmake_target' from command line to 'None'
[0.984s] Level 5:colcon.colcon_core.verb:set package 'controller_pkg' build argument 'cmake_target_skip_unavailable' from command line to 'False'
[0.984s] Level 5:colcon.colcon_core.verb:set package 'controller_pkg' build argument 'cmake_clean_cache' from command line to 'False'
[0.984s] Level 5:colcon.colcon_core.verb:set package 'controller_pkg' build argument 'cmake_clean_first' from command line to 'False'
[0.984s] Level 5:colcon.colcon_core.verb:set package 'controller_pkg' build argument 'cmake_force_configure' from command line to 'False'
[0.984s] Level 5:colcon.colcon_core.verb:set package 'controller_pkg' build argument 'ament_cmake_args' from command line to 'None'
[0.984s] Level 5:colcon.colcon_core.verb:set package 'controller_pkg' build argument 'catkin_cmake_args' from command line to 'None'
[0.984s] Level 5:colcon.colcon_core.verb:set package 'controller_pkg' build argument 'catkin_skip_building_tests' from command line to 'False'
[0.984s] DEBUG:colcon.colcon_core.verb:Building package 'controller_pkg' with the following arguments: {'ament_cmake_args': None, 'build_base': '/home/claudia/ForestGuard/build/controller_pkg', 'catkin_cmake_args': None, 'catkin_skip_building_tests': False, 'cmake_args': None, 'cmake_clean_cache': False, 'cmake_clean_first': False, 'cmake_force_configure': False, 'cmake_target': None, 'cmake_target_skip_unavailable': False, 'install_base': '/home/claudia/ForestGuard/install/controller_pkg', 'merge_install': False, 'path': '/home/claudia/ForestGuard/src/controller_pkg', 'symlink_install': False, 'test_result_base': None}
[0.985s] Level 5:colcon.colcon_core.verb:set package 'my_drone_pkg' build argument 'cmake_args' from command line to 'None'
[0.985s] Level 5:colcon.colcon_core.verb:set package 'my_drone_pkg' build argument 'cmake_target' from command line to 'None'
[0.985s] Level 5:colcon.colcon_core.verb:set package 'my_drone_pkg' build argument 'cmake_target_skip_unavailable' from command line to 'False'
[0.985s] Level 5:colcon.colcon_core.verb:set package 'my_drone_pkg' build argument 'cmake_clean_cache' from command line to 'False'
[0.985s] Level 5:colcon.colcon_core.verb:set package 'my_drone_pkg' build argument 'cmake_clean_first' from command line to 'False'
[0.985s] Level 5:colcon.colcon_core.verb:set package 'my_drone_pkg' build argument 'cmake_force_configure' from command line to 'False'
[0.985s] Level 5:colcon.colcon_core.verb:set package 'my_drone_pkg' build argument 'ament_cmake_args' from command line to 'None'
[0.985s] Level 5:colcon.colcon_core.verb:set package 'my_drone_pkg' build argument 'catkin_cmake_args' from command line to 'None'
[0.985s] Level 5:colcon.colcon_core.verb:set package 'my_drone_pkg' build argument 'catkin_skip_building_tests' from command line to 'False'
[0.986s] DEBUG:colcon.colcon_core.verb:Building package 'my_drone_pkg' with the following arguments: {'ament_cmake_args': None, 'build_base': '/home/claudia/ForestGuard/build/my_drone_pkg', 'catkin_cmake_args': None, 'catkin_skip_building_tests': False, 'cmake_args': None, 'cmake_clean_cache': False, 'cmake_clean_first': False, 'cmake_force_configure': False, 'cmake_target': None, 'cmake_target_skip_unavailable': False, 'install_base': '/home/claudia/ForestGuard/install/my_drone_pkg', 'merge_install': False, 'path': '/home/claudia/ForestGuard/src/my_drone_pkg', 'symlink_install': False, 'test_result_base': None}
[0.986s] Level 5:colcon.colcon_core.verb:set package 'sdf_to_urdf_converter' build argument 'cmake_args' from command line to 'None'
[0.986s] Level 5:colcon.colcon_core.verb:set package 'sdf_to_urdf_converter' build argument 'cmake_target' from command line to 'None'
[0.987s] Level 5:colcon.colcon_core.verb:set package 'sdf_to_urdf_converter' build argument 'cmake_target_skip_unavailable' from command line to 'False'
[0.987s] Level 5:colcon.colcon_core.verb:set package 'sdf_to_urdf_converter' build argument 'cmake_clean_cache' from command line to 'False'
[0.987s] Level 5:colcon.colcon_core.verb:set package 'sdf_to_urdf_converter' build argument 'cmake_clean_first' from command line to 'False'
[0.987s] Level 5:colcon.colcon_core.verb:set package 'sdf_to_urdf_converter' build argument 'cmake_force_configure' from command line to 'False'
[0.987s] Level 5:colcon.colcon_core.verb:set package 'sdf_to_urdf_converter' build argument 'ament_cmake_args' from command line to 'None'
[0.987s] Level 5:colcon.colcon_core.verb:set package 'sdf_to_urdf_converter' build argument 'catkin_cmake_args' from command line to 'None'
[0.987s] Level 5:colcon.colcon_core.verb:set package 'sdf_to_urdf_converter' build argument 'catkin_skip_building_tests' from command line to 'False'
[0.987s] DEBUG:colcon.colcon_core.verb:Building package 'sdf_to_urdf_converter' with the following arguments: {'ament_cmake_args': None, 'build_base': '/home/claudia/ForestGuard/build/sdf_to_urdf_converter', 'catkin_cmake_args': None, 'catkin_skip_building_tests': False, 'cmake_args': None, 'cmake_clean_cache': False, 'cmake_clean_first': False, 'cmake_force_configure': False, 'cmake_target': None, 'cmake_target_skip_unavailable': False, 'install_base': '/home/claudia/ForestGuard/install/sdf_to_urdf_converter', 'merge_install': False, 'path': '/home/claudia/ForestGuard/src/sdf_to_urdf_converter', 'symlink_install': False, 'test_result_base': None}
[0.987s] INFO:colcon.colcon_core.executor:Executing jobs using 'parallel' executor
[0.990s] DEBUG:colcon.colcon_parallel_executor.executor.parallel:run_until_complete
[0.991s] INFO:colcon.colcon_ros.task.ament_cmake.build:Building ROS package in '/home/claudia/ForestGuard/src/controller_pkg' with build type 'ament_cmake'
[0.991s] INFO:colcon.colcon_cmake.task.cmake.build:Building CMake package in '/home/claudia/ForestGuard/src/controller_pkg'
[0.996s] INFO:colcon.colcon_core.plugin_system:Skipping extension 'colcon_core.shell.bat': Not used on non-Windows systems
[0.996s] INFO:colcon.colcon_core.shell:Skip shell extension 'powershell' for command environment: Not usable outside of PowerShell
[0.996s] DEBUG:colcon.colcon_core.shell:Skip shell extension 'dsv' for command environment
[1.009s] INFO:colcon.colcon_ros.task.ament_cmake.build:Building ROS package in '/home/claudia/ForestGuard/src/my_drone_pkg' with build type 'ament_cmake'
[1.009s] INFO:colcon.colcon_cmake.task.cmake.build:Building CMake package in '/home/claudia/ForestGuard/src/my_drone_pkg'
[1.010s] INFO:colcon.colcon_core.shell:Skip shell extension 'powershell' for command environment: Not usable outside of PowerShell
[1.010s] DEBUG:colcon.colcon_core.shell:Skip shell extension 'dsv' for command environment
[1.023s] INFO:colcon.colcon_ros.task.ament_cmake.build:Building ROS package in '/home/claudia/ForestGuard/src/sdf_to_urdf_converter' with build type 'ament_cmake'
[1.023s] INFO:colcon.colcon_cmake.task.cmake.build:Building CMake package in '/home/claudia/ForestGuard/src/sdf_to_urdf_converter'
[1.024s] INFO:colcon.colcon_core.shell:Skip shell extension 'powershell' for command environment: Not usable outside of PowerShell
[1.024s] DEBUG:colcon.colcon_core.shell:Skip shell extension 'dsv' for command environment
[1.048s] DEBUG:colcon.colcon_core.event_handler.log_command:Invoking command in '/home/claudia/ForestGuard/build/controller_pkg': CMAKE_PREFIX_PATH=${CMAKE_PREFIX_PATH}:/home/claudia/ros2_ws/install/examples_rclcpp_minimal_publisher:/home/claudia/ros2_ws/install/a3_support:/opt/ros/humble /usr/bin/cmake --build /home/claudia/ForestGuard/build/controller_pkg -- -j16 -l16
[1.059s] DEBUG:colcon.colcon_core.event_handler.log_command:Invoking command in '/home/claudia/ForestGuard/build/my_drone_pkg': CMAKE_PREFIX_PATH=${CMAKE_PREFIX_PATH}:/home/claudia/ros2_ws/install/examples_rclcpp_minimal_publisher:/home/claudia/ros2_ws/install/a3_support:/opt/ros/humble /usr/bin/cmake --build /home/claudia/ForestGuard/build/my_drone_pkg -- -j16 -l16
[1.067s] DEBUG:colcon.colcon_core.event_handler.log_command:Invoking command in '/home/claudia/ForestGuard/build/sdf_to_urdf_converter': CMAKE_PREFIX_PATH=${CMAKE_PREFIX_PATH}:/home/claudia/ros2_ws/install/examples_rclcpp_minimal_publisher:/home/claudia/ros2_ws/install/a3_support:/opt/ros/humble /usr/bin/cmake --build /home/claudia/ForestGuard/build/sdf_to_urdf_converter -- -j16 -l16
[1.152s] DEBUG:colcon.colcon_core.event_handler.log_command:Invoked command in '/home/claudia/ForestGuard/build/my_drone_pkg' returned '0': CMAKE_PREFIX_PATH=${CMAKE_PREFIX_PATH}:/home/claudia/ros2_ws/install/examples_rclcpp_minimal_publisher:/home/claudia/ros2_ws/install/a3_support:/opt/ros/humble /usr/bin/cmake --build /home/claudia/ForestGuard/build/my_drone_pkg -- -j16 -l16
[1.165s] DEBUG:colcon.colcon_core.event_handler.log_command:Invoking command in '/home/claudia/ForestGuard/build/my_drone_pkg': CMAKE_PREFIX_PATH=${CMAKE_PREFIX_PATH}:/home/claudia/ros2_ws/install/examples_rclcpp_minimal_publisher:/home/claudia/ros2_ws/install/a3_support:/opt/ros/humble /usr/bin/cmake --install /home/claudia/ForestGuard/build/my_drone_pkg
[1.186s] Level 1:colcon.colcon_core.environment:create_environment_scripts_only(my_drone_pkg)
[1.195s] DEBUG:colcon.colcon_core.event_handler.log_command:Invoked command in '/home/claudia/ForestGuard/build/sdf_to_urdf_converter' returned '0': CMAKE_PREFIX_PATH=${CMAKE_PREFIX_PATH}:/home/claudia/ros2_ws/install/examples_rclcpp_minimal_publisher:/home/claudia/ros2_ws/install/a3_support:/opt/ros/humble /usr/bin/cmake --build /home/claudia/ForestGuard/build/sdf_to_urdf_converter -- -j16 -l16
[1.197s] DEBUG:colcon.colcon_core.event_handler.log_command:Invoking command in '/home/claudia/ForestGuard/build/sdf_to_urdf_converter': CMAKE_PREFIX_PATH=${CMAKE_PREFIX_PATH}:/home/claudia/ros2_ws/install/examples_rclcpp_minimal_publisher:/home/claudia/ros2_ws/install/a3_support:/opt/ros/humble /usr/bin/cmake --install /home/claudia/ForestGuard/build/sdf_to_urdf_converter
[1.198s] DEBUG:colcon.colcon_core.event_handler.log_command:Invoked command in '/home/claudia/ForestGuard/build/my_drone_pkg' returned '0': CMAKE_PREFIX_PATH=${CMAKE_PREFIX_PATH}:/home/claudia/ros2_ws/install/examples_rclcpp_minimal_publisher:/home/claudia/ros2_ws/install/a3_support:/opt/ros/humble /usr/bin/cmake --install /home/claudia/ForestGuard/build/my_drone_pkg
[1.205s] Level 1:colcon.colcon_core.environment:checking '/home/claudia/ForestGuard/install/my_drone_pkg' for CMake module files
[1.207s] Level 1:colcon.colcon_core.environment:checking '/home/claudia/ForestGuard/install/my_drone_pkg' for CMake config files
[1.208s] Level 1:colcon.colcon_core.shell:create_environment_hook('my_drone_pkg', 'cmake_prefix_path')
[1.208s] INFO:colcon.colcon_core.shell:Creating environment hook '/home/claudia/ForestGuard/install/my_drone_pkg/share/my_drone_pkg/hook/cmake_prefix_path.ps1'
[1.209s] INFO:colcon.colcon_core.shell:Creating environment descriptor '/home/claudia/ForestGuard/install/my_drone_pkg/share/my_drone_pkg/hook/cmake_prefix_path.dsv'
[1.210s] INFO:colcon.colcon_core.shell:Creating environment hook '/home/claudia/ForestGuard/install/my_drone_pkg/share/my_drone_pkg/hook/cmake_prefix_path.sh'
[1.213s] Level 1:colcon.colcon_core.environment:checking '/home/claudia/ForestGuard/install/my_drone_pkg/lib'
[1.213s] Level 1:colcon.colcon_core.environment:checking '/home/claudia/ForestGuard/install/my_drone_pkg/bin'
[1.213s] Level 1:colcon.colcon_core.environment:checking '/home/claudia/ForestGuard/install/my_drone_pkg/lib/pkgconfig/my_drone_pkg.pc'
[1.214s] Level 1:colcon.colcon_core.environment:checking '/home/claudia/ForestGuard/install/my_drone_pkg/lib/python3.10/site-packages'
[1.214s] Level 1:colcon.colcon_core.environment:checking '/home/claudia/ForestGuard/install/my_drone_pkg/bin'
[1.215s] INFO:colcon.colcon_core.shell:Creating package script '/home/claudia/ForestGuard/install/my_drone_pkg/share/my_drone_pkg/package.ps1'
[1.216s] INFO:colcon.colcon_core.shell:Creating package descriptor '/home/claudia/ForestGuard/install/my_drone_pkg/share/my_drone_pkg/package.dsv'
[1.218s] INFO:colcon.colcon_core.shell:Creating package script '/home/claudia/ForestGuard/install/my_drone_pkg/share/my_drone_pkg/package.sh'
[1.219s] INFO:colcon.colcon_core.shell:Creating package script '/home/claudia/ForestGuard/install/my_drone_pkg/share/my_drone_pkg/package.bash'
[1.221s] INFO:colcon.colcon_core.shell:Creating package script '/home/claudia/ForestGuard/install/my_drone_pkg/share/my_drone_pkg/package.zsh'
[1.223s] Level 1:colcon.colcon_core.environment:create_file_with_runtime_dependencies(/home/claudia/ForestGuard/install/my_drone_pkg/share/colcon-core/packages/my_drone_pkg)
[1.224s] Level 1:colcon.colcon_core.environment:create_environment_scripts_only(my_drone_pkg)
[1.225s] Level 1:colcon.colcon_core.environment:checking '/home/claudia/ForestGuard/install/my_drone_pkg' for CMake module files
[1.226s] Level 1:colcon.colcon_core.environment:checking '/home/claudia/ForestGuard/install/my_drone_pkg' for CMake config files
[1.227s] Level 1:colcon.colcon_core.shell:create_environment_hook('my_drone_pkg', 'cmake_prefix_path')
[1.227s] INFO:colcon.colcon_core.shell:Creating environment hook '/home/claudia/ForestGuard/install/my_drone_pkg/share/my_drone_pkg/hook/cmake_prefix_path.ps1'
[1.228s] INFO:colcon.colcon_core.shell:Creating environment descriptor '/home/claudia/ForestGuard/install/my_drone_pkg/share/my_drone_pkg/hook/cmake_prefix_path.dsv'
[1.229s] INFO:colcon.colcon_core.shell:Creating environment hook '/home/claudia/ForestGuard/install/my_drone_pkg/share/my_drone_pkg/hook/cmake_prefix_path.sh'
[1.231s] Level 1:colcon.colcon_core.environment:checking '/home/claudia/ForestGuard/install/my_drone_pkg/lib'
[1.231s] Level 1:colcon.colcon_core.environment:checking '/home/claudia/ForestGuard/install/my_drone_pkg/bin'
[1.231s] Level 1:colcon.colcon_core.environment:checking '/home/claudia/ForestGuard/install/my_drone_pkg/lib/pkgconfig/my_drone_pkg.pc'
[1.232s] Level 1:colcon.colcon_core.environment:checking '/home/claudia/ForestGuard/install/my_drone_pkg/lib/python3.10/site-packages'
[1.232s] Level 1:colcon.colcon_core.environment:checking '/home/claudia/ForestGuard/install/my_drone_pkg/bin'
[1.233s] INFO:colcon.colcon_core.shell:Creating package script '/home/claudia/ForestGuard/install/my_drone_pkg/share/my_drone_pkg/package.ps1'
[1.234s] INFO:colcon.colcon_core.shell:Creating package descriptor '/home/claudia/ForestGuard/install/my_drone_pkg/share/my_drone_pkg/package.dsv'
[1.235s] INFO:colcon.colcon_core.shell:Creating package script '/home/claudia/ForestGuard/install/my_drone_pkg/share/my_drone_pkg/package.sh'
[1.236s] INFO:colcon.colcon_core.shell:Creating package script '/home/claudia/ForestGuard/install/my_drone_pkg/share/my_drone_pkg/package.bash'
[1.237s] INFO:colcon.colcon_core.shell:Creating package script '/home/claudia/ForestGuard/install/my_drone_pkg/share/my_drone_pkg/package.zsh'
[1.238s] Level 1:colcon.colcon_core.environment:create_file_with_runtime_dependencies(/home/claudia/ForestGuard/install/my_drone_pkg/share/colcon-core/packages/my_drone_pkg)
[1.243s] Level 1:colcon.colcon_core.environment:create_environment_scripts_only(sdf_to_urdf_converter)
[1.243s] Level 1:colcon.colcon_core.environment:checking '/home/claudia/ForestGuard/install/sdf_to_urdf_converter' for CMake module files
[1.244s] DEBUG:colcon.colcon_core.event_handler.log_command:Invoked command in '/home/claudia/ForestGuard/build/sdf_to_urdf_converter' returned '0': CMAKE_PREFIX_PATH=${CMAKE_PREFIX_PATH}:/home/claudia/ros2_ws/install/examples_rclcpp_minimal_publisher:/home/claudia/ros2_ws/install/a3_support:/opt/ros/humble /usr/bin/cmake --install /home/claudia/ForestGuard/build/sdf_to_urdf_converter
[1.246s] Level 1:colcon.colcon_core.environment:checking '/home/claudia/ForestGuard/install/sdf_to_urdf_converter' for CMake config files
[1.247s] Level 1:colcon.colcon_core.shell:create_environment_hook('sdf_to_urdf_converter', 'cmake_prefix_path')
[1.247s] INFO:colcon.colcon_core.shell:Creating environment hook '/home/claudia/ForestGuard/install/sdf_to_urdf_converter/share/sdf_to_urdf_converter/hook/cmake_prefix_path.ps1'
[1.248s] INFO:colcon.colcon_core.shell:Creating environment descriptor '/home/claudia/ForestGuard/install/sdf_to_urdf_converter/share/sdf_to_urdf_converter/hook/cmake_prefix_path.dsv'
[1.249s] INFO:colcon.colcon_core.shell:Creating environment hook '/home/claudia/ForestGuard/install/sdf_to_urdf_converter/share/sdf_to_urdf_converter/hook/cmake_prefix_path.sh'
[1.250s] Level 1:colcon.colcon_core.environment:checking '/home/claudia/ForestGuard/install/sdf_to_urdf_converter/lib'
[1.251s] Level 1:colcon.colcon_core.environment:checking '/home/claudia/ForestGuard/install/sdf_to_urdf_converter/bin'
[1.251s] Level 1:colcon.colcon_core.environment:checking '/home/claudia/ForestGuard/install/sdf_to_urdf_converter/lib/pkgconfig/sdf_to_urdf_converter.pc'
[1.252s] Level 1:colcon.colcon_core.environment:checking '/home/claudia/ForestGuard/install/sdf_to_urdf_converter/lib/python3.10/site-packages'
[1.252s] Level 1:colcon.colcon_core.environment:checking '/home/claudia/ForestGuard/install/sdf_to_urdf_converter/bin'
[1.253s] INFO:colcon.colcon_core.shell:Creating package script '/home/claudia/ForestGuard/install/sdf_to_urdf_converter/share/sdf_to_urdf_converter/package.ps1'
[1.254s] INFO:colcon.colcon_core.shell:Creating package descriptor '/home/claudia/ForestGuard/install/sdf_to_urdf_converter/share/sdf_to_urdf_converter/package.dsv'
[1.255s] INFO:colcon.colcon_core.shell:Creating package script '/home/claudia/ForestGuard/install/sdf_to_urdf_converter/share/sdf_to_urdf_converter/package.sh'
[1.256s] INFO:colcon.colcon_core.shell:Creating package script '/home/claudia/ForestGuard/install/sdf_to_urdf_converter/share/sdf_to_urdf_converter/package.bash'
[1.257s] INFO:colcon.colcon_core.shell:Creating package script '/home/claudia/ForestGuard/install/sdf_to_urdf_converter/share/sdf_to_urdf_converter/package.zsh'
[1.257s] Level 1:colcon.colcon_core.environment:create_file_with_runtime_dependencies(/home/claudia/ForestGuard/install/sdf_to_urdf_converter/share/colcon-core/packages/sdf_to_urdf_converter)
[1.259s] Level 1:colcon.colcon_core.environment:create_environment_scripts_only(sdf_to_urdf_converter)
[1.260s] Level 1:colcon.colcon_core.environment:checking '/home/claudia/ForestGuard/install/sdf_to_urdf_converter' for CMake module files
[1.261s] Level 1:colcon.colcon_core.environment:checking '/home/claudia/ForestGuard/install/sdf_to_urdf_converter' for CMake config files
[1.261s] Level 1:colcon.colcon_core.shell:create_environment_hook('sdf_to_urdf_converter', 'cmake_prefix_path')
[1.262s] INFO:colcon.colcon_core.shell:Creating environment hook '/home/claudia/ForestGuard/install/sdf_to_urdf_converter/share/sdf_to_urdf_converter/hook/cmake_prefix_path.ps1'
[1.263s] INFO:colcon.colcon_core.shell:Creating environment descriptor '/home/claudia/ForestGuard/install/sdf_to_urdf_converter/share/sdf_to_urdf_converter/hook/cmake_prefix_path.dsv'
[1.263s] INFO:colcon.colcon_core.shell:Creating environment hook '/home/claudia/ForestGuard/install/sdf_to_urdf_converter/share/sdf_to_urdf_converter/hook/cmake_prefix_path.sh'
[1.265s] Level 1:colcon.colcon_core.environment:checking '/home/claudia/ForestGuard/install/sdf_to_urdf_converter/lib'
[1.265s] Level 1:colcon.colcon_core.environment:checking '/home/claudia/ForestGuard/install/sdf_to_urdf_converter/bin'
[1.265s] Level 1:colcon.colcon_core.environment:checking '/home/claudia/ForestGuard/install/sdf_to_urdf_converter/lib/pkgconfig/sdf_to_urdf_converter.pc'
[1.266s] Level 1:colcon.colcon_core.environment:checking '/home/claudia/ForestGuard/install/sdf_to_urdf_converter/lib/python3.10/site-packages'
[1.266s] Level 1:colcon.colcon_core.environment:checking '/home/claudia/ForestGuard/install/sdf_to_urdf_converter/bin'
[1.267s] INFO:colcon.colcon_core.shell:Creating package script '/home/claudia/ForestGuard/install/sdf_to_urdf_converter/share/sdf_to_urdf_converter/package.ps1'
[1.268s] INFO:colcon.colcon_core.shell:Creating package descriptor '/home/claudia/ForestGuard/install/sdf_to_urdf_converter/share/sdf_to_urdf_converter/package.dsv'
[1.269s] INFO:colcon.colcon_core.shell:Creating package script '/home/claudia/ForestGuard/install/sdf_to_urdf_converter/share/sdf_to_urdf_converter/package.sh'
[1.270s] INFO:colcon.colcon_core.shell:Creating package script '/home/claudia/ForestGuard/install/sdf_to_urdf_converter/share/sdf_to_urdf_converter/package.bash'
[1.271s] INFO:colcon.colcon_core.shell:Creating package script '/home/claudia/ForestGuard/install/sdf_to_urdf_converter/share/sdf_to_urdf_converter/package.zsh'
[1.272s] Level 1:colcon.colcon_core.environment:create_file_with_runtime_dependencies(/home/claudia/ForestGuard/install/sdf_to_urdf_converter/share/colcon-core/packages/sdf_to_urdf_converter)
[12.015s] DEBUG:colcon.colcon_core.event_handler.log_command:Invoked command in '/home/claudia/ForestGuard/build/controller_pkg' returned '2': CMAKE_PREFIX_PATH=${CMAKE_PREFIX_PATH}:/home/claudia/ros2_ws/install/examples_rclcpp_minimal_publisher:/home/claudia/ros2_ws/install/a3_support:/opt/ros/humble /usr/bin/cmake --build /home/claudia/ForestGuard/build/controller_pkg -- -j16 -l16
[12.015s] Level 1:colcon.colcon_core.environment:create_environment_scripts_only(controller_pkg)
[12.016s] Level 1:colcon.colcon_core.environment:checking '/home/claudia/ForestGuard/install/controller_pkg' for CMake module files
[12.016s] Level 1:colcon.colcon_core.environment:checking '/home/claudia/ForestGuard/install/controller_pkg' for CMake config files
[12.016s] Level 1:colcon.colcon_core.shell:create_environment_hook('controller_pkg', 'cmake_prefix_path')
[12.016s] INFO:colcon.colcon_core.shell:Creating environment hook '/home/claudia/ForestGuard/install/controller_pkg/share/controller_pkg/hook/cmake_prefix_path.ps1'
[12.017s] INFO:colcon.colcon_core.shell:Creating environment descriptor '/home/claudia/ForestGuard/install/controller_pkg/share/controller_pkg/hook/cmake_prefix_path.dsv'
[12.017s] INFO:colcon.colcon_core.shell:Creating environment hook '/home/claudia/ForestGuard/install/controller_pkg/share/controller_pkg/hook/cmake_prefix_path.sh'
[12.018s] Level 1:colcon.colcon_core.environment:checking '/home/claudia/ForestGuard/install/controller_pkg/bin'
[12.018s] Level 1:colcon.colcon_core.environment:checking '/home/claudia/ForestGuard/install/controller_pkg/lib/pkgconfig/controller_pkg.pc'
[12.018s] Level 1:colcon.colcon_core.environment:checking '/home/claudia/ForestGuard/install/controller_pkg/lib/python3.10/site-packages'
[12.018s] Level 1:colcon.colcon_core.environment:checking '/home/claudia/ForestGuard/install/controller_pkg/bin'
[12.018s] INFO:colcon.colcon_core.shell:Creating package script '/home/claudia/ForestGuard/install/controller_pkg/share/controller_pkg/package.ps1'
[12.018s] INFO:colcon.colcon_core.shell:Creating package descriptor '/home/claudia/ForestGuard/install/controller_pkg/share/controller_pkg/package.dsv'
[12.019s] INFO:colcon.colcon_core.shell:Creating package script '/home/claudia/ForestGuard/install/controller_pkg/share/controller_pkg/package.sh'
[12.019s] INFO:colcon.colcon_core.shell:Creating package script '/home/claudia/ForestGuard/install/controller_pkg/share/controller_pkg/package.bash'
[12.020s] INFO:colcon.colcon_core.shell:Creating package script '/home/claudia/ForestGuard/install/controller_pkg/share/controller_pkg/package.zsh'
[12.020s] Level 1:colcon.colcon_core.environment:create_file_with_runtime_dependencies(/home/claudia/ForestGuard/install/controller_pkg/share/colcon-core/packages/controller_pkg)
[12.030s] DEBUG:colcon.colcon_parallel_executor.executor.parallel:closing loop
[12.030s] DEBUG:colcon.colcon_parallel_executor.executor.parallel:loop closed
[12.031s] DEBUG:colcon.colcon_parallel_executor.executor.parallel:run_until_complete finished with '2'
[12.031s] DEBUG:colcon.colcon_core.event_reactor:joining thread
[12.036s] INFO:colcon.colcon_core.plugin_system:Skipping extension 'colcon_notification.desktop_notification.terminal_notifier': Not used on non-Darwin systems
[12.036s] INFO:colcon.colcon_core.plugin_system:Skipping extension 'colcon_notification.desktop_notification.win32': Not used on non-Windows systems
[12.036s] INFO:colcon.colcon_notification.desktop_notification:Sending desktop notification using 'notify2'
[12.045s] DEBUG:colcon.colcon_core.event_reactor:joined thread
[12.046s] INFO:colcon.colcon_core.shell:Creating prefix script '/home/claudia/ForestGuard/install/local_setup.ps1'
[12.046s] INFO:colcon.colcon_core.shell:Creating prefix util module '/home/claudia/ForestGuard/install/_local_setup_util_ps1.py'
[12.047s] INFO:colcon.colcon_core.shell:Creating prefix chain script '/home/claudia/ForestGuard/install/setup.ps1'
[12.049s] INFO:colcon.colcon_core.shell:Creating prefix script '/home/claudia/ForestGuard/install/local_setup.sh'
[12.049s] INFO:colcon.colcon_core.shell:Creating prefix util module '/home/claudia/ForestGuard/install/_local_setup_util_sh.py'
[12.050s] INFO:colcon.colcon_core.shell:Creating prefix chain script '/home/claudia/ForestGuard/install/setup.sh'
[12.051s] INFO:colcon.colcon_core.shell:Creating prefix script '/home/claudia/ForestGuard/install/local_setup.bash'
[12.051s] INFO:colcon.colcon_core.shell:Creating prefix chain script '/home/claudia/ForestGuard/install/setup.bash'
[12.053s] INFO:colcon.colcon_core.shell:Creating prefix script '/home/claudia/ForestGuard/install/local_setup.zsh'
[12.053s] INFO:colcon.colcon_core.shell:Creating prefix chain script '/home/claudia/ForestGuard/install/setup.zsh'
