[0.224s] Invoking command in '/home/claudia/ForestGuard/build/forest_husky': CMAKE_PREFIX_PATH=${CMAKE_PREFIX_PATH}:/home/claudia/ros2_ws/install/examples_rclcpp_minimal_publisher:/home/claudia/ros2_ws/install/a3_support:/opt/ros/humble /usr/bin/cmake --build /home/claudia/ForestGuard/build/forest_husky -- -j16 -l16
[0.242s] Invoked command in '/home/claudia/ForestGuard/build/forest_husky' returned '0': CMAKE_PREFIX_PATH=${CMAKE_PREFIX_PATH}:/home/claudia/ros2_ws/install/examples_rclcpp_minimal_publisher:/home/claudia/ros2_ws/install/a3_support:/opt/ros/humble /usr/bin/cmake --build /home/claudia/ForestGuard/build/forest_husky -- -j16 -l16
[0.245s] Invoking command in '/home/claudia/ForestGuard/build/forest_husky': CMAKE_PREFIX_PATH=${CMAKE_PREFIX_PATH}:/home/claudia/ros2_ws/install/examples_rclcpp_minimal_publisher:/home/claudia/ros2_ws/install/a3_support:/opt/ros/humble /usr/bin/cmake --install /home/claudia/ForestGuard/build/forest_husky
[0.248s] -- Install configuration: ""
[0.248s] -- Execute custom install script
[0.248s] -- Up-to-date symlink: /home/claudia/ForestGuard/install/forest_husky/share/forest_husky/config/41068.rviz
[0.248s] -- Up-to-date symlink: /home/claudia/ForestGuard/install/forest_husky/share/forest_husky/config/gazebo_bridge.yaml
[0.248s] -- Up-to-date symlink: /home/claudia/ForestGuard/install/forest_husky/share/forest_husky/config/nav2_params.yaml
[0.248s] -- Up-to-date symlink: /home/claudia/ForestGuard/install/forest_husky/share/forest_husky/config/robot_localization.yaml
[0.249s] -- Up-to-date symlink: /home/claudia/ForestGuard/install/forest_husky/share/forest_husky/config/slam_params.yaml
[0.249s] -- Up-to-date symlink: /home/claudia/ForestGuard/install/forest_husky/share/forest_husky/launch/41068_ignition.launch.py
[0.249s] -- Up-to-date symlink: /home/claudia/ForestGuard/install/forest_husky/share/forest_husky/launch/41068_ignition_drone.launch.py
[0.249s] -- Up-to-date symlink: /home/claudia/ForestGuard/install/forest_husky/share/forest_husky/launch/41068_navigation.launch.py
[0.249s] -- Up-to-date symlink: /home/claudia/ForestGuard/install/forest_husky/share/forest_husky/launch/forest_husky.launch.py
[0.249s] -- Up-to-date symlink: /home/claudia/ForestGuard/install/forest_husky/share/forest_husky/launch/random_forest_husky.launch.py
[0.250s] -- Up-to-date symlink: /home/claudia/ForestGuard/install/forest_husky/share/forest_husky/models/forest_env/materials/textures/empty_grass.png
[0.250s] -- Up-to-date symlink: /home/claudia/ForestGuard/install/forest_husky/share/forest_husky/models/forest_env/meshes/Environment1.dae
[0.250s] -- Up-to-date symlink: /home/claudia/ForestGuard/install/forest_husky/share/forest_husky/models/forest_env/model.config
[0.250s] -- Up-to-date symlink: /home/claudia/ForestGuard/install/forest_husky/share/forest_husky/models/forest_env/model.sdf
[0.250s] -- Up-to-date symlink: /home/claudia/ForestGuard/install/forest_husky/share/forest_husky/models/forest_plane/materials/textures/empty_grass.png
[0.250s] -- Up-to-date symlink: /home/claudia/ForestGuard/install/forest_husky/share/forest_husky/models/forest_plane/materials/textures/forest_overhead.png
[0.250s] -- Up-to-date symlink: /home/claudia/ForestGuard/install/forest_husky/share/forest_husky/models/forest_plane/materials/textures/leaf_litter.png
[0.250s] -- Up-to-date symlink: /home/claudia/ForestGuard/install/forest_husky/share/forest_husky/models/forest_plane/model.config
[0.250s] -- Up-to-date symlink: /home/claudia/ForestGuard/install/forest_husky/share/forest_husky/models/forest_plane/model.sdf
[0.250s] -- Up-to-date symlink: /home/claudia/ForestGuard/install/forest_husky/share/forest_husky/models/forest_wall/materials/textures/forest_wall.png
[0.251s] -- Up-to-date symlink: /home/claudia/ForestGuard/install/forest_husky/share/forest_husky/models/forest_wall/materials/textures/forest_wall_transparent.png
[0.251s] -- Up-to-date symlink: /home/claudia/ForestGuard/install/forest_husky/share/forest_husky/models/forest_wall/materials/textures/forest_wall_transparent_small.png
[0.251s] -- Up-to-date symlink: /home/claudia/ForestGuard/install/forest_husky/share/forest_husky/models/forest_wall/model.config
[0.251s] -- Up-to-date symlink: /home/claudia/ForestGuard/install/forest_husky/share/forest_husky/models/forest_wall/model.sdf
[0.251s] -- Up-to-date symlink: /home/claudia/ForestGuard/install/forest_husky/share/forest_husky/models/grass_plane/materials/textures/empty_grass.png
[0.251s] -- Up-to-date symlink: /home/claudia/ForestGuard/install/forest_husky/share/forest_husky/models/grass_plane/model.config
[0.251s] -- Up-to-date symlink: /home/claudia/ForestGuard/install/forest_husky/share/forest_husky/models/grass_plane/model.sdf
[0.251s] -- Up-to-date symlink: /home/claudia/ForestGuard/install/forest_husky/share/forest_husky/models/tree1/materials/textures/bark01.jpg
[0.251s] -- Up-to-date symlink: /home/claudia/ForestGuard/install/forest_husky/share/forest_husky/models/tree1/meshes/tree_a.dae
[0.251s] -- Up-to-date symlink: /home/claudia/ForestGuard/install/forest_husky/share/forest_husky/models/tree1/model.config
[0.251s] -- Up-to-date symlink: /home/claudia/ForestGuard/install/forest_husky/share/forest_husky/models/tree1/model.sdf
[0.251s] -- Up-to-date symlink: /home/claudia/ForestGuard/install/forest_husky/share/forest_husky/models/tree2/materials/textures/bark.jpeg
[0.252s] -- Up-to-date symlink: /home/claudia/ForestGuard/install/forest_husky/share/forest_husky/models/tree2/meshes/tree_b.dae
[0.252s] -- Up-to-date symlink: /home/claudia/ForestGuard/install/forest_husky/share/forest_husky/models/tree2/model.config
[0.252s] -- Up-to-date symlink: /home/claudia/ForestGuard/install/forest_husky/share/forest_husky/models/tree2/model.sdf
[0.252s] -- Up-to-date symlink: /home/claudia/ForestGuard/install/forest_husky/share/forest_husky/urdf/common_properties.urdf.xacro
[0.252s] -- Up-to-date symlink: /home/claudia/ForestGuard/install/forest_husky/share/forest_husky/urdf/husky.gazebo.xacro
[0.252s] -- Up-to-date symlink: /home/claudia/ForestGuard/install/forest_husky/share/forest_husky/urdf/husky.urdf.xacro
[0.252s] -- Up-to-date symlink: /home/claudia/ForestGuard/install/forest_husky/share/forest_husky/urdf/meshes/base_link.dae
[0.252s] -- Up-to-date symlink: /home/claudia/ForestGuard/install/forest_husky/share/forest_husky/urdf/meshes/bumper.dae
[0.252s] -- Up-to-date symlink: /home/claudia/ForestGuard/install/forest_husky/share/forest_husky/urdf/meshes/jpl04_arch_nosensor.stl
[0.252s] -- Up-to-date symlink: /home/claudia/ForestGuard/install/forest_husky/share/forest_husky/urdf/meshes/top_chassis.dae
[0.252s] -- Up-to-date symlink: /home/claudia/ForestGuard/install/forest_husky/share/forest_husky/urdf/meshes/top_plate.dae
[0.253s] -- Up-to-date symlink: /home/claudia/ForestGuard/install/forest_husky/share/forest_husky/urdf/meshes/wheel.dae
[0.253s] -- Up-to-date symlink: /home/claudia/ForestGuard/install/forest_husky/share/forest_husky/urdf/wheel.urdf.xacro
[0.253s] -- Up-to-date symlink: /home/claudia/ForestGuard/install/forest_husky/share/forest_husky/worlds/forest.world.sdf
[0.253s] -- Up-to-date symlink: /home/claudia/ForestGuard/install/forest_husky/share/forest_husky/worlds/large_demo.sdf
[0.253s] -- Up-to-date symlink: /home/claudia/ForestGuard/install/forest_husky/share/forest_husky/worlds/simple_trees.sdf
[0.253s] -- Up-to-date symlink: /home/claudia/ForestGuard/install/forest_husky/share/forest_husky/urdf_drone/common_properties.urdf.xacro
[0.253s] -- Up-to-date symlink: /home/claudia/ForestGuard/install/forest_husky/share/forest_husky/urdf_drone/meshes/hull.dae
[0.253s] -- Up-to-date symlink: /home/claudia/ForestGuard/install/forest_husky/share/forest_husky/urdf_drone/meshes/propeller_fl.dae
[0.254s] -- Up-to-date symlink: /home/claudia/ForestGuard/install/forest_husky/share/forest_husky/urdf_drone/meshes/propeller_fr.dae
[0.254s] -- Up-to-date symlink: /home/claudia/ForestGuard/install/forest_husky/share/forest_husky/urdf_drone/meshes/propeller_rl.dae
[0.254s] -- Up-to-date symlink: /home/claudia/ForestGuard/install/forest_husky/share/forest_husky/urdf_drone/meshes/propeller_rr.dae
[0.254s] -- Up-to-date symlink: /home/claudia/ForestGuard/install/forest_husky/share/forest_husky/urdf_drone/model.config
[0.254s] -- Up-to-date symlink: /home/claudia/ForestGuard/install/forest_husky/share/forest_husky/urdf_drone/model.sdf
[0.254s] -- Up-to-date symlink: /home/claudia/ForestGuard/install/forest_husky/share/forest_husky/urdf_drone/parrot.gazebo.xacro
[0.254s] -- Up-to-date symlink: /home/claudia/ForestGuard/install/forest_husky/share/forest_husky/urdf_drone/parrot.urdf.xacro
[0.254s] -- Up-to-date symlink: /home/claudia/ForestGuard/install/forest_husky/share/forest_husky/urdf_drone/thumbnails/1.png
[0.254s] -- Up-to-date symlink: /home/claudia/ForestGuard/install/forest_husky/share/forest_husky/urdf_drone/thumbnails/2.png
[0.254s] -- Up-to-date symlink: /home/claudia/ForestGuard/install/forest_husky/share/forest_husky/urdf_drone/thumbnails/3.png
[0.254s] -- Up-to-date symlink: /home/claudia/ForestGuard/install/forest_husky/share/forest_husky/urdf_drone/thumbnails/4.png
[0.254s] -- Up-to-date symlink: /home/claudia/ForestGuard/install/forest_husky/share/forest_husky/urdf_drone/thumbnails/5.png
[0.255s] -- Up-to-date symlink: /home/claudia/ForestGuard/install/forest_husky/share/ament_index/resource_index/package_run_dependencies/forest_husky
[0.255s] -- Up-to-date symlink: /home/claudia/ForestGuard/install/forest_husky/share/ament_index/resource_index/parent_prefix_path/forest_husky
[0.255s] -- Up-to-date symlink: /home/claudia/ForestGuard/install/forest_husky/share/forest_husky/environment/ament_prefix_path.sh
[0.255s] -- Up-to-date symlink: /home/claudia/ForestGuard/install/forest_husky/share/forest_husky/environment/ament_prefix_path.dsv
[0.255s] -- Up-to-date symlink: /home/claudia/ForestGuard/install/forest_husky/share/forest_husky/environment/path.sh
[0.255s] -- Up-to-date symlink: /home/claudia/ForestGuard/install/forest_husky/share/forest_husky/environment/path.dsv
[0.255s] -- Up-to-date symlink: /home/claudia/ForestGuard/install/forest_husky/share/forest_husky/local_setup.bash
[0.255s] -- Up-to-date symlink: /home/claudia/ForestGuard/install/forest_husky/share/forest_husky/local_setup.sh
[0.255s] -- Up-to-date symlink: /home/claudia/ForestGuard/install/forest_husky/share/forest_husky/local_setup.zsh
[0.256s] -- Up-to-date symlink: /home/claudia/ForestGuard/install/forest_husky/share/forest_husky/local_setup.dsv
[0.256s] -- Symlinking: /home/claudia/ForestGuard/install/forest_husky/share/forest_husky/package.dsv
[0.259s] -- Up-to-date symlink: /home/claudia/ForestGuard/install/forest_husky/share/ament_index/resource_index/packages/forest_husky
[0.259s] -- Up-to-date symlink: /home/claudia/ForestGuard/install/forest_husky/share/forest_husky/cmake/forest_huskyConfig.cmake
[0.259s] -- Up-to-date symlink: /home/claudia/ForestGuard/install/forest_husky/share/forest_husky/cmake/forest_huskyConfig-version.cmake
[0.260s] -- Up-to-date symlink: /home/claudia/ForestGuard/install/forest_husky/share/forest_husky/package.xml
[0.261s] Invoked command in '/home/claudia/ForestGuard/build/forest_husky' returned '0': CMAKE_PREFIX_PATH=${CMAKE_PREFIX_PATH}:/home/claudia/ros2_ws/install/examples_rclcpp_minimal_publisher:/home/claudia/ros2_ws/install/a3_support:/opt/ros/humble /usr/bin/cmake --install /home/claudia/ForestGuard/build/forest_husky
