[0.036s] Invoking command in '/home/claudia/ForestGuard/build/husky_controller': CMAKE_PREFIX_PATH=${CMAKE_PREFIX_PATH}:/home/claudia/ros2_ws/install/examples_rclcpp_minimal_publisher:/home/claudia/ros2_ws/install/a3_support:/opt/ros/humble /usr/bin/cmake --build /home/claudia/ForestGuard/build/husky_controller -- -j16 -l16
[0.089s] Invoked command in '/home/claudia/ForestGuard/build/husky_controller' returned '0': CMAKE_PREFIX_PATH=${CMAKE_PREFIX_PATH}:/home/claudia/ros2_ws/install/examples_rclcpp_minimal_publisher:/home/claudia/ros2_ws/install/a3_support:/opt/ros/humble /usr/bin/cmake --build /home/claudia/ForestGuard/build/husky_controller -- -j16 -l16
[0.094s] Invoking command in '/home/claudia/ForestGuard/build/husky_controller': CMAKE_PREFIX_PATH=${CMAKE_PREFIX_PATH}:/home/claudia/ros2_ws/install/examples_rclcpp_minimal_publisher:/home/claudia/ros2_ws/install/a3_support:/opt/ros/humble /usr/bin/cmake --install /home/claudia/ForestGuard/build/husky_controller
[0.100s] -- Install configuration: ""
[0.102s] -- Execute custom install script
[0.103s] -- Up-to-date symlink: /home/claudia/ForestGuard/install/husky_controller/share/ament_index/resource_index/package_run_dependencies/husky_controller
[0.104s] -- Up-to-date symlink: /home/claudia/ForestGuard/install/husky_controller/share/ament_index/resource_index/parent_prefix_path/husky_controller
[0.104s] -- Up-to-date symlink: /home/claudia/ForestGuard/install/husky_controller/share/husky_controller/environment/ament_prefix_path.sh
[0.106s] -- Up-to-date symlink: /home/claudia/ForestGuard/install/husky_controller/share/husky_controller/environment/ament_prefix_path.dsv
[0.107s] -- Up-to-date symlink: /home/claudia/ForestGuard/install/husky_controller/share/husky_controller/environment/path.sh
[0.107s] -- Up-to-date symlink: /home/claudia/ForestGuard/install/husky_controller/share/husky_controller/environment/path.dsv
[0.111s] -- Up-to-date symlink: /home/claudia/ForestGuard/install/husky_controller/share/husky_controller/local_setup.bash
[0.111s] -- Up-to-date symlink: /home/claudia/ForestGuard/install/husky_controller/share/husky_controller/local_setup.sh
[0.112s] -- Up-to-date symlink: /home/claudia/ForestGuard/install/husky_controller/share/husky_controller/local_setup.zsh
[0.112s] -- Up-to-date symlink: /home/claudia/ForestGuard/install/husky_controller/share/husky_controller/local_setup.dsv
[0.112s] -- Symlinking: /home/claudia/ForestGuard/install/husky_controller/share/husky_controller/package.dsv
[0.118s] -- Up-to-date symlink: /home/claudia/ForestGuard/install/husky_controller/share/ament_index/resource_index/packages/husky_controller
[0.118s] -- Up-to-date symlink: /home/claudia/ForestGuard/install/husky_controller/share/husky_controller/cmake/husky_controllerConfig.cmake
[0.118s] -- Up-to-date symlink: /home/claudia/ForestGuard/install/husky_controller/share/husky_controller/cmake/husky_controllerConfig-version.cmake
[0.119s] -- Up-to-date symlink: /home/claudia/ForestGuard/install/husky_controller/share/husky_controller/package.xml
[0.126s] Invoked command in '/home/claudia/ForestGuard/build/husky_controller' returned '0': CMAKE_PREFIX_PATH=${CMAKE_PREFIX_PATH}:/home/claudia/ros2_ws/install/examples_rclcpp_minimal_publisher:/home/claudia/ros2_ws/install/a3_support:/opt/ros/humble /usr/bin/cmake --install /home/claudia/ForestGuard/build/husky_controller
