[ 33%] [32mBuilding CXX object CMakeFiles/forest_controller.dir/src/controller_husky.cpp.o[0m
In file included from [01m[K/home/claudia/ForestGuard/src/forest_controller/src/controller_husky.cpp:21[m[K:
[01m[K/opt/ros/humble/include/tf2_geometry_msgs/tf2_geometry_msgs/tf2_geometry_msgs.h:35:2:[m[K [01;35m[Kwarning: [m[K#warning This header is obsolete, please include tf2_geometry_msgs/tf2_geometry_msgs.hpp instead [[01;35m[K]8;;https://gcc.gnu.org/onlinedocs/gcc/Warning-Options.html#index-Wcpp-Wcpp]8;;[m[K]
   35 | #[01;35m[Kwarning[m[K This header is obsolete, please include tf2_geometry_msgs/tf2_geometry_msgs.hpp instead
      |  [01;35m[K^~~~~~~[m[K
[ 66%] [32m[1mLinking CXX executable forest_controller[0m
[100%] Built target forest_controller
-- Install configuration: ""
-- Execute custom install script
-- Symlinking: /home/claudia/ForestGuard/install/forest_controller/lib/forest_controller/forest_controller
-- Symlinking: /home/claudia/ForestGuard/install/forest_controller/include/forest_controller/controller_husky.h
-- Up-to-date symlink: /home/claudia/ForestGuard/install/forest_controller/share/ament_index/resource_index/package_run_dependencies/forest_controller
-- Up-to-date symlink: /home/claudia/ForestGuard/install/forest_controller/share/ament_index/resource_index/parent_prefix_path/forest_controller
-- Up-to-date symlink: /home/claudia/ForestGuard/install/forest_controller/share/forest_controller/environment/ament_prefix_path.sh
-- Up-to-date symlink: /home/claudia/ForestGuard/install/forest_controller/share/forest_controller/environment/ament_prefix_path.dsv
-- Up-to-date symlink: /home/claudia/ForestGuard/install/forest_controller/share/forest_controller/environment/path.sh
-- Up-to-date symlink: /home/claudia/ForestGuard/install/forest_controller/share/forest_controller/environment/path.dsv
-- Up-to-date symlink: /home/claudia/ForestGuard/install/forest_controller/share/forest_controller/local_setup.bash
-- Up-to-date symlink: /home/claudia/ForestGuard/install/forest_controller/share/forest_controller/local_setup.sh
-- Up-to-date symlink: /home/claudia/ForestGuard/install/forest_controller/share/forest_controller/local_setup.zsh
-- Up-to-date symlink: /home/claudia/ForestGuard/install/forest_controller/share/forest_controller/local_setup.dsv
-- Symlinking: /home/claudia/ForestGuard/install/forest_controller/share/forest_controller/package.dsv
-- Up-to-date symlink: /home/claudia/ForestGuard/install/forest_controller/share/ament_index/resource_index/packages/forest_controller
-- Up-to-date symlink: /home/claudia/ForestGuard/install/forest_controller/share/forest_controller/cmake/forest_controllerConfig.cmake
-- Up-to-date symlink: /home/claudia/ForestGuard/install/forest_controller/share/forest_controller/cmake/forest_controllerConfig-version.cmake
-- Up-to-date symlink: /home/claudia/ForestGuard/install/forest_controller/share/forest_controller/package.xml
