[0.067s] DEBUG:colcon:Command line arguments: ['/usr/bin/colcon', 'build', '--symlink-install']
[0.067s] DEBUG:colcon:Parsed command line arguments: Namespace(log_base=None, log_level=None, verb_name='build', build_base='build', install_base='install', merge_install=False, symlink_install=True, test_result_base=None, continue_on_error=False, executor='parallel', parallel_workers=20, event_handlers=None, ignore_user_meta=False, metas=['./colcon.meta'], base_paths=['.'], packages_ignore=None, packages_ignore_regex=None, paths=None, packages_up_to=None, packages_up_to_regex=None, packages_above=None, packages_above_and_dependencies=None, packages_above_depth=None, packages_select_by_dep=None, packages_skip_by_dep=None, packages_skip_up_to=None, packages_select_build_failed=False, packages_skip_build_finished=False, packages_select_test_failures=False, packages_skip_test_passed=False, packages_select=None, packages_skip=None, packages_select_regex=None, packages_skip_regex=None, packages_start=None, packages_end=None, allow_overriding=[], cmake_args=None, cmake_target=None, cmake_target_skip_unavailable=False, cmake_clean_cache=False, cmake_clean_first=False, cmake_force_configure=False, ament_cmake_args=None, catkin_cmake_args=None, catkin_skip_building_tests=False, mixin_files=None, mixin=None, verb_parser=<colcon_mixin.mixin.mixin_argument.MixinArgumentDecorator object at 0x72f710e693f0>, verb_extension=<colcon_core.verb.build.BuildVerb object at 0x72f710feedd0>, main=<bound method BuildVerb.main of <colcon_core.verb.build.BuildVerb object at 0x72f710feedd0>>, mixin_verb=('build',))
[0.164s] Level 1:colcon.colcon_core.package_discovery:discover_packages(colcon_meta) check parameters
[0.164s] Level 1:colcon.colcon_core.package_discovery:discover_packages(recursive) check parameters
[0.164s] Level 1:colcon.colcon_core.package_discovery:discover_packages(ignore) check parameters
[0.164s] Level 1:colcon.colcon_core.package_discovery:discover_packages(path) check parameters
[0.164s] Level 1:colcon.colcon_core.package_discovery:discover_packages(colcon_meta) discover
[0.164s] Level 1:colcon.colcon_core.package_discovery:discover_packages(recursive) discover
[0.164s] INFO:colcon.colcon_core.package_discovery:Crawling recursively for packages in '/home/john/git/RS1/John_branch'
[0.164s] Level 1:colcon.colcon_core.package_identification:_identify(.) by extensions ['ignore', 'ignore_ament_install']
[0.164s] Level 1:colcon.colcon_core.package_identification:_identify(.) by extension 'ignore'
[0.164s] Level 1:colcon.colcon_core.package_identification:_identify(.) by extension 'ignore_ament_install'
[0.164s] Level 1:colcon.colcon_core.package_identification:_identify(.) by extensions ['colcon_pkg']
[0.164s] Level 1:colcon.colcon_core.package_identification:_identify(.) by extension 'colcon_pkg'
[0.164s] Level 1:colcon.colcon_core.package_identification:_identify(.) by extensions ['colcon_meta']
[0.164s] Level 1:colcon.colcon_core.package_identification:_identify(.) by extension 'colcon_meta'
[0.164s] Level 1:colcon.colcon_core.package_identification:_identify(.) by extensions ['ros']
[0.164s] Level 1:colcon.colcon_core.package_identification:_identify(.) by extension 'ros'
[0.171s] Level 1:colcon.colcon_core.package_identification:_identify(.) by extensions ['cmake', 'python']
[0.171s] Level 1:colcon.colcon_core.package_identification:_identify(.) by extension 'cmake'
[0.171s] Level 1:colcon.colcon_core.package_identification:_identify(.) by extension 'python'
[0.171s] Level 1:colcon.colcon_core.package_identification:_identify(.) by extensions ['python_setup_py']
[0.171s] Level 1:colcon.colcon_core.package_identification:_identify(.) by extension 'python_setup_py'
[0.171s] Level 1:colcon.colcon_core.package_identification:_identify(build) by extensions ['ignore', 'ignore_ament_install']
[0.172s] Level 1:colcon.colcon_core.package_identification:_identify(build) by extension 'ignore'
[0.172s] Level 1:colcon.colcon_core.package_identification:_identify(build) ignored
[0.172s] Level 1:colcon.colcon_core.package_identification:_identify(datasets) by extensions ['ignore', 'ignore_ament_install']
[0.172s] Level 1:colcon.colcon_core.package_identification:_identify(datasets) by extension 'ignore'
[0.172s] Level 1:colcon.colcon_core.package_identification:_identify(datasets) by extension 'ignore_ament_install'
[0.172s] Level 1:colcon.colcon_core.package_identification:_identify(datasets) by extensions ['colcon_pkg']
[0.172s] Level 1:colcon.colcon_core.package_identification:_identify(datasets) by extension 'colcon_pkg'
[0.172s] Level 1:colcon.colcon_core.package_identification:_identify(datasets) by extensions ['colcon_meta']
[0.172s] Level 1:colcon.colcon_core.package_identification:_identify(datasets) by extension 'colcon_meta'
[0.172s] Level 1:colcon.colcon_core.package_identification:_identify(datasets) by extensions ['ros']
[0.172s] Level 1:colcon.colcon_core.package_identification:_identify(datasets) by extension 'ros'
[0.172s] Level 1:colcon.colcon_core.package_identification:_identify(datasets) by extensions ['cmake', 'python']
[0.172s] Level 1:colcon.colcon_core.package_identification:_identify(datasets) by extension 'cmake'
[0.172s] Level 1:colcon.colcon_core.package_identification:_identify(datasets) by extension 'python'
[0.172s] Level 1:colcon.colcon_core.package_identification:_identify(datasets) by extensions ['python_setup_py']
[0.172s] Level 1:colcon.colcon_core.package_identification:_identify(datasets) by extension 'python_setup_py'
[0.172s] Level 1:colcon.colcon_core.package_identification:_identify(datasets/forestguard_yolo) by extensions ['ignore', 'ignore_ament_install']
[0.172s] Level 1:colcon.colcon_core.package_identification:_identify(datasets/forestguard_yolo) by extension 'ignore'
[0.172s] Level 1:colcon.colcon_core.package_identification:_identify(datasets/forestguard_yolo) by extension 'ignore_ament_install'
[0.172s] Level 1:colcon.colcon_core.package_identification:_identify(datasets/forestguard_yolo) by extensions ['colcon_pkg']
[0.172s] Level 1:colcon.colcon_core.package_identification:_identify(datasets/forestguard_yolo) by extension 'colcon_pkg'
[0.172s] Level 1:colcon.colcon_core.package_identification:_identify(datasets/forestguard_yolo) by extensions ['colcon_meta']
[0.172s] Level 1:colcon.colcon_core.package_identification:_identify(datasets/forestguard_yolo) by extension 'colcon_meta'
[0.172s] Level 1:colcon.colcon_core.package_identification:_identify(datasets/forestguard_yolo) by extensions ['ros']
[0.172s] Level 1:colcon.colcon_core.package_identification:_identify(datasets/forestguard_yolo) by extension 'ros'
[0.172s] Level 1:colcon.colcon_core.package_identification:_identify(datasets/forestguard_yolo) by extensions ['cmake', 'python']
[0.172s] Level 1:colcon.colcon_core.package_identification:_identify(datasets/forestguard_yolo) by extension 'cmake'
[0.172s] Level 1:colcon.colcon_core.package_identification:_identify(datasets/forestguard_yolo) by extension 'python'
[0.172s] Level 1:colcon.colcon_core.package_identification:_identify(datasets/forestguard_yolo) by extensions ['python_setup_py']
[0.172s] Level 1:colcon.colcon_core.package_identification:_identify(datasets/forestguard_yolo) by extension 'python_setup_py'
[0.172s] Level 1:colcon.colcon_core.package_identification:_identify(datasets/forestguard_yolo/data) by extensions ['ignore', 'ignore_ament_install']
[0.172s] Level 1:colcon.colcon_core.package_identification:_identify(datasets/forestguard_yolo/data) by extension 'ignore'
[0.172s] Level 1:colcon.colcon_core.package_identification:_identify(datasets/forestguard_yolo/data) by extension 'ignore_ament_install'
[0.172s] Level 1:colcon.colcon_core.package_identification:_identify(datasets/forestguard_yolo/data) by extensions ['colcon_pkg']
[0.172s] Level 1:colcon.colcon_core.package_identification:_identify(datasets/forestguard_yolo/data) by extension 'colcon_pkg'
[0.172s] Level 1:colcon.colcon_core.package_identification:_identify(datasets/forestguard_yolo/data) by extensions ['colcon_meta']
[0.172s] Level 1:colcon.colcon_core.package_identification:_identify(datasets/forestguard_yolo/data) by extension 'colcon_meta'
[0.172s] Level 1:colcon.colcon_core.package_identification:_identify(datasets/forestguard_yolo/data) by extensions ['ros']
[0.173s] Level 1:colcon.colcon_core.package_identification:_identify(datasets/forestguard_yolo/data) by extension 'ros'
[0.173s] Level 1:colcon.colcon_core.package_identification:_identify(datasets/forestguard_yolo/data) by extensions ['cmake', 'python']
[0.173s] Level 1:colcon.colcon_core.package_identification:_identify(datasets/forestguard_yolo/data) by extension 'cmake'
[0.173s] Level 1:colcon.colcon_core.package_identification:_identify(datasets/forestguard_yolo/data) by extension 'python'
[0.173s] Level 1:colcon.colcon_core.package_identification:_identify(datasets/forestguard_yolo/data) by extensions ['python_setup_py']
[0.173s] Level 1:colcon.colcon_core.package_identification:_identify(datasets/forestguard_yolo/data) by extension 'python_setup_py'
[0.173s] Level 1:colcon.colcon_core.package_identification:_identify(datasets/forestguard_yolo/data/images) by extensions ['ignore', 'ignore_ament_install']
[0.173s] Level 1:colcon.colcon_core.package_identification:_identify(datasets/forestguard_yolo/data/images) by extension 'ignore'
[0.173s] Level 1:colcon.colcon_core.package_identification:_identify(datasets/forestguard_yolo/data/images) by extension 'ignore_ament_install'
[0.173s] Level 1:colcon.colcon_core.package_identification:_identify(datasets/forestguard_yolo/data/images) by extensions ['colcon_pkg']
[0.173s] Level 1:colcon.colcon_core.package_identification:_identify(datasets/forestguard_yolo/data/images) by extension 'colcon_pkg'
[0.173s] Level 1:colcon.colcon_core.package_identification:_identify(datasets/forestguard_yolo/data/images) by extensions ['colcon_meta']
[0.173s] Level 1:colcon.colcon_core.package_identification:_identify(datasets/forestguard_yolo/data/images) by extension 'colcon_meta'
[0.173s] Level 1:colcon.colcon_core.package_identification:_identify(datasets/forestguard_yolo/data/images) by extensions ['ros']
[0.173s] Level 1:colcon.colcon_core.package_identification:_identify(datasets/forestguard_yolo/data/images) by extension 'ros'
[0.173s] Level 1:colcon.colcon_core.package_identification:_identify(datasets/forestguard_yolo/data/images) by extensions ['cmake', 'python']
[0.173s] Level 1:colcon.colcon_core.package_identification:_identify(datasets/forestguard_yolo/data/images) by extension 'cmake'
[0.173s] Level 1:colcon.colcon_core.package_identification:_identify(datasets/forestguard_yolo/data/images) by extension 'python'
[0.173s] Level 1:colcon.colcon_core.package_identification:_identify(datasets/forestguard_yolo/data/images) by extensions ['python_setup_py']
[0.173s] Level 1:colcon.colcon_core.package_identification:_identify(datasets/forestguard_yolo/data/images) by extension 'python_setup_py'
[0.173s] Level 1:colcon.colcon_core.package_identification:_identify(datasets/forestguard_yolo/data/images/train) by extensions ['ignore', 'ignore_ament_install']
[0.173s] Level 1:colcon.colcon_core.package_identification:_identify(datasets/forestguard_yolo/data/images/train) by extension 'ignore'
[0.173s] Level 1:colcon.colcon_core.package_identification:_identify(datasets/forestguard_yolo/data/images/train) by extension 'ignore_ament_install'
[0.173s] Level 1:colcon.colcon_core.package_identification:_identify(datasets/forestguard_yolo/data/images/train) by extensions ['colcon_pkg']
[0.173s] Level 1:colcon.colcon_core.package_identification:_identify(datasets/forestguard_yolo/data/images/train) by extension 'colcon_pkg'
[0.173s] Level 1:colcon.colcon_core.package_identification:_identify(datasets/forestguard_yolo/data/images/train) by extensions ['colcon_meta']
[0.173s] Level 1:colcon.colcon_core.package_identification:_identify(datasets/forestguard_yolo/data/images/train) by extension 'colcon_meta'
[0.173s] Level 1:colcon.colcon_core.package_identification:_identify(datasets/forestguard_yolo/data/images/train) by extensions ['ros']
[0.173s] Level 1:colcon.colcon_core.package_identification:_identify(datasets/forestguard_yolo/data/images/train) by extension 'ros'
[0.173s] Level 1:colcon.colcon_core.package_identification:_identify(datasets/forestguard_yolo/data/images/train) by extensions ['cmake', 'python']
[0.173s] Level 1:colcon.colcon_core.package_identification:_identify(datasets/forestguard_yolo/data/images/train) by extension 'cmake'
[0.173s] Level 1:colcon.colcon_core.package_identification:_identify(datasets/forestguard_yolo/data/images/train) by extension 'python'
[0.173s] Level 1:colcon.colcon_core.package_identification:_identify(datasets/forestguard_yolo/data/images/train) by extensions ['python_setup_py']
[0.173s] Level 1:colcon.colcon_core.package_identification:_identify(datasets/forestguard_yolo/data/images/train) by extension 'python_setup_py'
[0.174s] Level 1:colcon.colcon_core.package_identification:_identify(datasets/forestguard_yolo/data/images/val) by extensions ['ignore', 'ignore_ament_install']
[0.174s] Level 1:colcon.colcon_core.package_identification:_identify(datasets/forestguard_yolo/data/images/val) by extension 'ignore'
[0.174s] Level 1:colcon.colcon_core.package_identification:_identify(datasets/forestguard_yolo/data/images/val) by extension 'ignore_ament_install'
[0.174s] Level 1:colcon.colcon_core.package_identification:_identify(datasets/forestguard_yolo/data/images/val) by extensions ['colcon_pkg']
[0.174s] Level 1:colcon.colcon_core.package_identification:_identify(datasets/forestguard_yolo/data/images/val) by extension 'colcon_pkg'
[0.174s] Level 1:colcon.colcon_core.package_identification:_identify(datasets/forestguard_yolo/data/images/val) by extensions ['colcon_meta']
[0.174s] Level 1:colcon.colcon_core.package_identification:_identify(datasets/forestguard_yolo/data/images/val) by extension 'colcon_meta'
[0.174s] Level 1:colcon.colcon_core.package_identification:_identify(datasets/forestguard_yolo/data/images/val) by extensions ['ros']
[0.174s] Level 1:colcon.colcon_core.package_identification:_identify(datasets/forestguard_yolo/data/images/val) by extension 'ros'
[0.174s] Level 1:colcon.colcon_core.package_identification:_identify(datasets/forestguard_yolo/data/images/val) by extensions ['cmake', 'python']
[0.174s] Level 1:colcon.colcon_core.package_identification:_identify(datasets/forestguard_yolo/data/images/val) by extension 'cmake'
[0.174s] Level 1:colcon.colcon_core.package_identification:_identify(datasets/forestguard_yolo/data/images/val) by extension 'python'
[0.174s] Level 1:colcon.colcon_core.package_identification:_identify(datasets/forestguard_yolo/data/images/val) by extensions ['python_setup_py']
[0.174s] Level 1:colcon.colcon_core.package_identification:_identify(datasets/forestguard_yolo/data/images/val) by extension 'python_setup_py'
[0.174s] Level 1:colcon.colcon_core.package_identification:_identify(datasets/forestguard_yolo/data/labels) by extensions ['ignore', 'ignore_ament_install']
[0.174s] Level 1:colcon.colcon_core.package_identification:_identify(datasets/forestguard_yolo/data/labels) by extension 'ignore'
[0.174s] Level 1:colcon.colcon_core.package_identification:_identify(datasets/forestguard_yolo/data/labels) by extension 'ignore_ament_install'
[0.174s] Level 1:colcon.colcon_core.package_identification:_identify(datasets/forestguard_yolo/data/labels) by extensions ['colcon_pkg']
[0.174s] Level 1:colcon.colcon_core.package_identification:_identify(datasets/forestguard_yolo/data/labels) by extension 'colcon_pkg'
[0.174s] Level 1:colcon.colcon_core.package_identification:_identify(datasets/forestguard_yolo/data/labels) by extensions ['colcon_meta']
[0.174s] Level 1:colcon.colcon_core.package_identification:_identify(datasets/forestguard_yolo/data/labels) by extension 'colcon_meta'
[0.174s] Level 1:colcon.colcon_core.package_identification:_identify(datasets/forestguard_yolo/data/labels) by extensions ['ros']
[0.174s] Level 1:colcon.colcon_core.package_identification:_identify(datasets/forestguard_yolo/data/labels) by extension 'ros'
[0.174s] Level 1:colcon.colcon_core.package_identification:_identify(datasets/forestguard_yolo/data/labels) by extensions ['cmake', 'python']
[0.174s] Level 1:colcon.colcon_core.package_identification:_identify(datasets/forestguard_yolo/data/labels) by extension 'cmake'
[0.174s] Level 1:colcon.colcon_core.package_identification:_identify(datasets/forestguard_yolo/data/labels) by extension 'python'
[0.174s] Level 1:colcon.colcon_core.package_identification:_identify(datasets/forestguard_yolo/data/labels) by extensions ['python_setup_py']
[0.174s] Level 1:colcon.colcon_core.package_identification:_identify(datasets/forestguard_yolo/data/labels) by extension 'python_setup_py'
[0.174s] Level 1:colcon.colcon_core.package_identification:_identify(datasets/forestguard_yolo/data/labels/train) by extensions ['ignore', 'ignore_ament_install']
[0.174s] Level 1:colcon.colcon_core.package_identification:_identify(datasets/forestguard_yolo/data/labels/train) by extension 'ignore'
[0.174s] Level 1:colcon.colcon_core.package_identification:_identify(datasets/forestguard_yolo/data/labels/train) by extension 'ignore_ament_install'
[0.174s] Level 1:colcon.colcon_core.package_identification:_identify(datasets/forestguard_yolo/data/labels/train) by extensions ['colcon_pkg']
[0.174s] Level 1:colcon.colcon_core.package_identification:_identify(datasets/forestguard_yolo/data/labels/train) by extension 'colcon_pkg'
[0.174s] Level 1:colcon.colcon_core.package_identification:_identify(datasets/forestguard_yolo/data/labels/train) by extensions ['colcon_meta']
[0.174s] Level 1:colcon.colcon_core.package_identification:_identify(datasets/forestguard_yolo/data/labels/train) by extension 'colcon_meta'
[0.174s] Level 1:colcon.colcon_core.package_identification:_identify(datasets/forestguard_yolo/data/labels/train) by extensions ['ros']
[0.174s] Level 1:colcon.colcon_core.package_identification:_identify(datasets/forestguard_yolo/data/labels/train) by extension 'ros'
[0.174s] Level 1:colcon.colcon_core.package_identification:_identify(datasets/forestguard_yolo/data/labels/train) by extensions ['cmake', 'python']
[0.174s] Level 1:colcon.colcon_core.package_identification:_identify(datasets/forestguard_yolo/data/labels/train) by extension 'cmake'
[0.174s] Level 1:colcon.colcon_core.package_identification:_identify(datasets/forestguard_yolo/data/labels/train) by extension 'python'
[0.175s] Level 1:colcon.colcon_core.package_identification:_identify(datasets/forestguard_yolo/data/labels/train) by extensions ['python_setup_py']
[0.175s] Level 1:colcon.colcon_core.package_identification:_identify(datasets/forestguard_yolo/data/labels/train) by extension 'python_setup_py'
[0.175s] Level 1:colcon.colcon_core.package_identification:_identify(datasets/forestguard_yolo/data/labels/val) by extensions ['ignore', 'ignore_ament_install']
[0.175s] Level 1:colcon.colcon_core.package_identification:_identify(datasets/forestguard_yolo/data/labels/val) by extension 'ignore'
[0.175s] Level 1:colcon.colcon_core.package_identification:_identify(datasets/forestguard_yolo/data/labels/val) by extension 'ignore_ament_install'
[0.175s] Level 1:colcon.colcon_core.package_identification:_identify(datasets/forestguard_yolo/data/labels/val) by extensions ['colcon_pkg']
[0.175s] Level 1:colcon.colcon_core.package_identification:_identify(datasets/forestguard_yolo/data/labels/val) by extension 'colcon_pkg'
[0.175s] Level 1:colcon.colcon_core.package_identification:_identify(datasets/forestguard_yolo/data/labels/val) by extensions ['colcon_meta']
[0.175s] Level 1:colcon.colcon_core.package_identification:_identify(datasets/forestguard_yolo/data/labels/val) by extension 'colcon_meta'
[0.175s] Level 1:colcon.colcon_core.package_identification:_identify(datasets/forestguard_yolo/data/labels/val) by extensions ['ros']
[0.175s] Level 1:colcon.colcon_core.package_identification:_identify(datasets/forestguard_yolo/data/labels/val) by extension 'ros'
[0.175s] Level 1:colcon.colcon_core.package_identification:_identify(datasets/forestguard_yolo/data/labels/val) by extensions ['cmake', 'python']
[0.175s] Level 1:colcon.colcon_core.package_identification:_identify(datasets/forestguard_yolo/data/labels/val) by extension 'cmake'
[0.175s] Level 1:colcon.colcon_core.package_identification:_identify(datasets/forestguard_yolo/data/labels/val) by extension 'python'
[0.175s] Level 1:colcon.colcon_core.package_identification:_identify(datasets/forestguard_yolo/data/labels/val) by extensions ['python_setup_py']
[0.175s] Level 1:colcon.colcon_core.package_identification:_identify(datasets/forestguard_yolo/data/labels/val) by extension 'python_setup_py'
[0.175s] Level 1:colcon.colcon_core.package_identification:_identify(datasets/forestguard_yolo/data/trash) by extensions ['ignore', 'ignore_ament_install']
[0.175s] Level 1:colcon.colcon_core.package_identification:_identify(datasets/forestguard_yolo/data/trash) by extension 'ignore'
[0.175s] Level 1:colcon.colcon_core.package_identification:_identify(datasets/forestguard_yolo/data/trash) by extension 'ignore_ament_install'
[0.175s] Level 1:colcon.colcon_core.package_identification:_identify(datasets/forestguard_yolo/data/trash) by extensions ['colcon_pkg']
[0.175s] Level 1:colcon.colcon_core.package_identification:_identify(datasets/forestguard_yolo/data/trash) by extension 'colcon_pkg'
[0.175s] Level 1:colcon.colcon_core.package_identification:_identify(datasets/forestguard_yolo/data/trash) by extensions ['colcon_meta']
[0.175s] Level 1:colcon.colcon_core.package_identification:_identify(datasets/forestguard_yolo/data/trash) by extension 'colcon_meta'
[0.175s] Level 1:colcon.colcon_core.package_identification:_identify(datasets/forestguard_yolo/data/trash) by extensions ['ros']
[0.175s] Level 1:colcon.colcon_core.package_identification:_identify(datasets/forestguard_yolo/data/trash) by extension 'ros'
[0.175s] Level 1:colcon.colcon_core.package_identification:_identify(datasets/forestguard_yolo/data/trash) by extensions ['cmake', 'python']
[0.175s] Level 1:colcon.colcon_core.package_identification:_identify(datasets/forestguard_yolo/data/trash) by extension 'cmake'
[0.175s] Level 1:colcon.colcon_core.package_identification:_identify(datasets/forestguard_yolo/data/trash) by extension 'python'
[0.175s] Level 1:colcon.colcon_core.package_identification:_identify(datasets/forestguard_yolo/data/trash) by extensions ['python_setup_py']
[0.175s] Level 1:colcon.colcon_core.package_identification:_identify(datasets/forestguard_yolo/data/trash) by extension 'python_setup_py'
[0.175s] Level 1:colcon.colcon_core.package_identification:_identify(install) by extensions ['ignore', 'ignore_ament_install']
[0.175s] Level 1:colcon.colcon_core.package_identification:_identify(install) by extension 'ignore'
[0.175s] Level 1:colcon.colcon_core.package_identification:_identify(install) ignored
[0.175s] Level 1:colcon.colcon_core.package_identification:_identify(log) by extensions ['ignore', 'ignore_ament_install']
[0.175s] Level 1:colcon.colcon_core.package_identification:_identify(log) by extension 'ignore'
[0.175s] Level 1:colcon.colcon_core.package_identification:_identify(log) ignored
[0.175s] Level 1:colcon.colcon_core.package_identification:_identify(runs) by extensions ['ignore', 'ignore_ament_install']
[0.176s] Level 1:colcon.colcon_core.package_identification:_identify(runs) by extension 'ignore'
[0.176s] Level 1:colcon.colcon_core.package_identification:_identify(runs) by extension 'ignore_ament_install'
[0.176s] Level 1:colcon.colcon_core.package_identification:_identify(runs) by extensions ['colcon_pkg']
[0.176s] Level 1:colcon.colcon_core.package_identification:_identify(runs) by extension 'colcon_pkg'
[0.176s] Level 1:colcon.colcon_core.package_identification:_identify(runs) by extensions ['colcon_meta']
[0.176s] Level 1:colcon.colcon_core.package_identification:_identify(runs) by extension 'colcon_meta'
[0.176s] Level 1:colcon.colcon_core.package_identification:_identify(runs) by extensions ['ros']
[0.176s] Level 1:colcon.colcon_core.package_identification:_identify(runs) by extension 'ros'
[0.176s] Level 1:colcon.colcon_core.package_identification:_identify(runs) by extensions ['cmake', 'python']
[0.176s] Level 1:colcon.colcon_core.package_identification:_identify(runs) by extension 'cmake'
[0.176s] Level 1:colcon.colcon_core.package_identification:_identify(runs) by extension 'python'
[0.176s] Level 1:colcon.colcon_core.package_identification:_identify(runs) by extensions ['python_setup_py']
[0.176s] Level 1:colcon.colcon_core.package_identification:_identify(runs) by extension 'python_setup_py'
[0.176s] Level 1:colcon.colcon_core.package_identification:_identify(runs/detect) by extensions ['ignore', 'ignore_ament_install']
[0.176s] Level 1:colcon.colcon_core.package_identification:_identify(runs/detect) by extension 'ignore'
[0.176s] Level 1:colcon.colcon_core.package_identification:_identify(runs/detect) by extension 'ignore_ament_install'
[0.176s] Level 1:colcon.colcon_core.package_identification:_identify(runs/detect) by extensions ['colcon_pkg']
[0.176s] Level 1:colcon.colcon_core.package_identification:_identify(runs/detect) by extension 'colcon_pkg'
[0.176s] Level 1:colcon.colcon_core.package_identification:_identify(runs/detect) by extensions ['colcon_meta']
[0.176s] Level 1:colcon.colcon_core.package_identification:_identify(runs/detect) by extension 'colcon_meta'
[0.176s] Level 1:colcon.colcon_core.package_identification:_identify(runs/detect) by extensions ['ros']
[0.176s] Level 1:colcon.colcon_core.package_identification:_identify(runs/detect) by extension 'ros'
[0.176s] Level 1:colcon.colcon_core.package_identification:_identify(runs/detect) by extensions ['cmake', 'python']
[0.176s] Level 1:colcon.colcon_core.package_identification:_identify(runs/detect) by extension 'cmake'
[0.176s] Level 1:colcon.colcon_core.package_identification:_identify(runs/detect) by extension 'python'
[0.176s] Level 1:colcon.colcon_core.package_identification:_identify(runs/detect) by extensions ['python_setup_py']
[0.176s] Level 1:colcon.colcon_core.package_identification:_identify(runs/detect) by extension 'python_setup_py'
[0.176s] Level 1:colcon.colcon_core.package_identification:_identify(runs/detect/predict) by extensions ['ignore', 'ignore_ament_install']
[0.176s] Level 1:colcon.colcon_core.package_identification:_identify(runs/detect/predict) by extension 'ignore'
[0.176s] Level 1:colcon.colcon_core.package_identification:_identify(runs/detect/predict) by extension 'ignore_ament_install'
[0.176s] Level 1:colcon.colcon_core.package_identification:_identify(runs/detect/predict) by extensions ['colcon_pkg']
[0.176s] Level 1:colcon.colcon_core.package_identification:_identify(runs/detect/predict) by extension 'colcon_pkg'
[0.176s] Level 1:colcon.colcon_core.package_identification:_identify(runs/detect/predict) by extensions ['colcon_meta']
[0.176s] Level 1:colcon.colcon_core.package_identification:_identify(runs/detect/predict) by extension 'colcon_meta'
[0.176s] Level 1:colcon.colcon_core.package_identification:_identify(runs/detect/predict) by extensions ['ros']
[0.176s] Level 1:colcon.colcon_core.package_identification:_identify(runs/detect/predict) by extension 'ros'
[0.176s] Level 1:colcon.colcon_core.package_identification:_identify(runs/detect/predict) by extensions ['cmake', 'python']
[0.176s] Level 1:colcon.colcon_core.package_identification:_identify(runs/detect/predict) by extension 'cmake'
[0.176s] Level 1:colcon.colcon_core.package_identification:_identify(runs/detect/predict) by extension 'python'
[0.176s] Level 1:colcon.colcon_core.package_identification:_identify(runs/detect/predict) by extensions ['python_setup_py']
[0.176s] Level 1:colcon.colcon_core.package_identification:_identify(runs/detect/predict) by extension 'python_setup_py'
[0.177s] Level 1:colcon.colcon_core.package_identification:_identify(src) by extensions ['ignore', 'ignore_ament_install']
[0.177s] Level 1:colcon.colcon_core.package_identification:_identify(src) by extension 'ignore'
[0.177s] Level 1:colcon.colcon_core.package_identification:_identify(src) by extension 'ignore_ament_install'
[0.177s] Level 1:colcon.colcon_core.package_identification:_identify(src) by extensions ['colcon_pkg']
[0.177s] Level 1:colcon.colcon_core.package_identification:_identify(src) by extension 'colcon_pkg'
[0.177s] Level 1:colcon.colcon_core.package_identification:_identify(src) by extensions ['colcon_meta']
[0.177s] Level 1:colcon.colcon_core.package_identification:_identify(src) by extension 'colcon_meta'
[0.177s] Level 1:colcon.colcon_core.package_identification:_identify(src) by extensions ['ros']
[0.177s] Level 1:colcon.colcon_core.package_identification:_identify(src) by extension 'ros'
[0.177s] Level 1:colcon.colcon_core.package_identification:_identify(src) by extensions ['cmake', 'python']
[0.177s] Level 1:colcon.colcon_core.package_identification:_identify(src) by extension 'cmake'
[0.177s] Level 1:colcon.colcon_core.package_identification:_identify(src) by extension 'python'
[0.177s] Level 1:colcon.colcon_core.package_identification:_identify(src) by extensions ['python_setup_py']
[0.177s] Level 1:colcon.colcon_core.package_identification:_identify(src) by extension 'python_setup_py'
[0.177s] Level 1:colcon.colcon_core.package_identification:_identify(src/build) by extensions ['ignore', 'ignore_ament_install']
[0.177s] Level 1:colcon.colcon_core.package_identification:_identify(src/build) by extension 'ignore'
[0.177s] Level 1:colcon.colcon_core.package_identification:_identify(src/build) ignored
[0.177s] Level 1:colcon.colcon_core.package_identification:_identify(src/forest_guard_sim) by extensions ['ignore', 'ignore_ament_install']
[0.177s] Level 1:colcon.colcon_core.package_identification:_identify(src/forest_guard_sim) by extension 'ignore'
[0.177s] Level 1:colcon.colcon_core.package_identification:_identify(src/forest_guard_sim) by extension 'ignore_ament_install'
[0.177s] Level 1:colcon.colcon_core.package_identification:_identify(src/forest_guard_sim) by extensions ['colcon_pkg']
[0.177s] Level 1:colcon.colcon_core.package_identification:_identify(src/forest_guard_sim) by extension 'colcon_pkg'
[0.177s] Level 1:colcon.colcon_core.package_identification:_identify(src/forest_guard_sim) by extensions ['colcon_meta']
[0.177s] Level 1:colcon.colcon_core.package_identification:_identify(src/forest_guard_sim) by extension 'colcon_meta'
[0.177s] Level 1:colcon.colcon_core.package_identification:_identify(src/forest_guard_sim) by extensions ['ros']
[0.177s] Level 1:colcon.colcon_core.package_identification:_identify(src/forest_guard_sim) by extension 'ros'
[0.179s] DEBUG:colcon.colcon_core.package_identification:Package 'src/forest_guard_sim' with type 'ros.ament_cmake' and name 'john'
[0.179s] Level 1:colcon.colcon_core.package_identification:_identify(src/forestguard_colour) by extensions ['ignore', 'ignore_ament_install']
[0.179s] Level 1:colcon.colcon_core.package_identification:_identify(src/forestguard_colour) by extension 'ignore'
[0.179s] Level 1:colcon.colcon_core.package_identification:_identify(src/forestguard_colour) by extension 'ignore_ament_install'
[0.179s] Level 1:colcon.colcon_core.package_identification:_identify(src/forestguard_colour) by extensions ['colcon_pkg']
[0.179s] Level 1:colcon.colcon_core.package_identification:_identify(src/forestguard_colour) by extension 'colcon_pkg'
[0.179s] Level 1:colcon.colcon_core.package_identification:_identify(src/forestguard_colour) by extensions ['colcon_meta']
[0.179s] Level 1:colcon.colcon_core.package_identification:_identify(src/forestguard_colour) by extension 'colcon_meta'
[0.179s] Level 1:colcon.colcon_core.package_identification:_identify(src/forestguard_colour) by extensions ['ros']
[0.179s] Level 1:colcon.colcon_core.package_identification:_identify(src/forestguard_colour) by extension 'ros'
[0.180s] DEBUG:colcon.colcon_core.package_identification:Package 'src/forestguard_colour' with type 'ros.ament_python' and name 'forestguard_colour'
[0.180s] Level 1:colcon.colcon_core.package_identification:_identify(src/install) by extensions ['ignore', 'ignore_ament_install']
[0.180s] Level 1:colcon.colcon_core.package_identification:_identify(src/install) by extension 'ignore'
[0.180s] Level 1:colcon.colcon_core.package_identification:_identify(src/install) ignored
[0.180s] Level 1:colcon.colcon_core.package_identification:_identify(src/john) by extensions ['ignore', 'ignore_ament_install']
[0.180s] Level 1:colcon.colcon_core.package_identification:_identify(src/john) by extension 'ignore'
[0.180s] Level 1:colcon.colcon_core.package_identification:_identify(src/john) by extension 'ignore_ament_install'
[0.180s] Level 1:colcon.colcon_core.package_identification:_identify(src/john) by extensions ['colcon_pkg']
[0.180s] Level 1:colcon.colcon_core.package_identification:_identify(src/john) by extension 'colcon_pkg'
[0.180s] Level 1:colcon.colcon_core.package_identification:_identify(src/john) by extensions ['colcon_meta']
[0.180s] Level 1:colcon.colcon_core.package_identification:_identify(src/john) by extension 'colcon_meta'
[0.180s] Level 1:colcon.colcon_core.package_identification:_identify(src/john) by extensions ['ros']
[0.180s] Level 1:colcon.colcon_core.package_identification:_identify(src/john) by extension 'ros'
[0.180s] Level 1:colcon.colcon_core.package_identification:_identify(src/john) by extensions ['cmake', 'python']
[0.180s] Level 1:colcon.colcon_core.package_identification:_identify(src/john) by extension 'cmake'
[0.180s] Level 1:colcon.colcon_core.package_identification:_identify(src/john) by extension 'python'
[0.180s] Level 1:colcon.colcon_core.package_identification:_identify(src/john) by extensions ['python_setup_py']
[0.180s] Level 1:colcon.colcon_core.package_identification:_identify(src/john) by extension 'python_setup_py'
[0.180s] Level 1:colcon.colcon_core.package_identification:_identify(src/john/config) by extensions ['ignore', 'ignore_ament_install']
[0.180s] Level 1:colcon.colcon_core.package_identification:_identify(src/john/config) by extension 'ignore'
[0.180s] Level 1:colcon.colcon_core.package_identification:_identify(src/john/config) by extension 'ignore_ament_install'
[0.180s] Level 1:colcon.colcon_core.package_identification:_identify(src/john/config) by extensions ['colcon_pkg']
[0.180s] Level 1:colcon.colcon_core.package_identification:_identify(src/john/config) by extension 'colcon_pkg'
[0.180s] Level 1:colcon.colcon_core.package_identification:_identify(src/john/config) by extensions ['colcon_meta']
[0.180s] Level 1:colcon.colcon_core.package_identification:_identify(src/john/config) by extension 'colcon_meta'
[0.180s] Level 1:colcon.colcon_core.package_identification:_identify(src/john/config) by extensions ['ros']
[0.180s] Level 1:colcon.colcon_core.package_identification:_identify(src/john/config) by extension 'ros'
[0.180s] Level 1:colcon.colcon_core.package_identification:_identify(src/john/config) by extensions ['cmake', 'python']
[0.180s] Level 1:colcon.colcon_core.package_identification:_identify(src/john/config) by extension 'cmake'
[0.180s] Level 1:colcon.colcon_core.package_identification:_identify(src/john/config) by extension 'python'
[0.180s] Level 1:colcon.colcon_core.package_identification:_identify(src/john/config) by extensions ['python_setup_py']
[0.180s] Level 1:colcon.colcon_core.package_identification:_identify(src/john/config) by extension 'python_setup_py'
[0.180s] Level 1:colcon.colcon_core.package_identification:_identify(src/log) by extensions ['ignore', 'ignore_ament_install']
[0.180s] Level 1:colcon.colcon_core.package_identification:_identify(src/log) by extension 'ignore'
[0.181s] Level 1:colcon.colcon_core.package_identification:_identify(src/log) ignored
[0.181s] Level 1:colcon.colcon_core.package_identification:_identify(weights) by extensions ['ignore', 'ignore_ament_install']
[0.181s] Level 1:colcon.colcon_core.package_identification:_identify(weights) by extension 'ignore'
[0.181s] Level 1:colcon.colcon_core.package_identification:_identify(weights) by extension 'ignore_ament_install'
[0.181s] Level 1:colcon.colcon_core.package_identification:_identify(weights) by extensions ['colcon_pkg']
[0.181s] Level 1:colcon.colcon_core.package_identification:_identify(weights) by extension 'colcon_pkg'
[0.181s] Level 1:colcon.colcon_core.package_identification:_identify(weights) by extensions ['colcon_meta']
[0.181s] Level 1:colcon.colcon_core.package_identification:_identify(weights) by extension 'colcon_meta'
[0.181s] Level 1:colcon.colcon_core.package_identification:_identify(weights) by extensions ['ros']
[0.181s] Level 1:colcon.colcon_core.package_identification:_identify(weights) by extension 'ros'
[0.181s] Level 1:colcon.colcon_core.package_identification:_identify(weights) by extensions ['cmake', 'python']
[0.181s] Level 1:colcon.colcon_core.package_identification:_identify(weights) by extension 'cmake'
[0.181s] Level 1:colcon.colcon_core.package_identification:_identify(weights) by extension 'python'
[0.181s] Level 1:colcon.colcon_core.package_identification:_identify(weights) by extensions ['python_setup_py']
[0.181s] Level 1:colcon.colcon_core.package_identification:_identify(weights) by extension 'python_setup_py'
[0.181s] Level 1:colcon.colcon_core.package_discovery:discover_packages(recursive) using defaults
[0.181s] Level 1:colcon.colcon_core.package_discovery:discover_packages(ignore) discover
[0.181s] Level 1:colcon.colcon_core.package_discovery:discover_packages(ignore) using defaults
[0.181s] Level 1:colcon.colcon_core.package_discovery:discover_packages(path) discover
[0.181s] Level 1:colcon.colcon_core.package_discovery:discover_packages(path) using defaults
[0.199s] Level 1:colcon.colcon_core.package_discovery:discover_packages(prefix_path) check parameters
[0.199s] Level 1:colcon.colcon_core.package_discovery:discover_packages(prefix_path) discover
[0.200s] DEBUG:colcon.colcon_installed_package_information.package_discovery:Found 2 installed packages in /home/john/git/RS1/John_branch/install
[0.201s] DEBUG:colcon.colcon_installed_package_information.package_discovery:Found 0 installed packages in /home/john/ros2_ws/install
[0.202s] DEBUG:colcon.colcon_installed_package_information.package_discovery:Found 372 installed packages in /opt/ros/humble
[0.203s] Level 1:colcon.colcon_core.package_discovery:discover_packages(prefix_path) using defaults
[0.235s] Level 5:colcon.colcon_core.verb:set package 'forestguard_colour' build argument 'cmake_args' from command line to 'None'
[0.235s] Level 5:colcon.colcon_core.verb:set package 'forestguard_colour' build argument 'cmake_target' from command line to 'None'
[0.235s] Level 5:colcon.colcon_core.verb:set package 'forestguard_colour' build argument 'cmake_target_skip_unavailable' from command line to 'False'
[0.235s] Level 5:colcon.colcon_core.verb:set package 'forestguard_colour' build argument 'cmake_clean_cache' from command line to 'False'
[0.235s] Level 5:colcon.colcon_core.verb:set package 'forestguard_colour' build argument 'cmake_clean_first' from command line to 'False'
[0.235s] Level 5:colcon.colcon_core.verb:set package 'forestguard_colour' build argument 'cmake_force_configure' from command line to 'False'
[0.235s] Level 5:colcon.colcon_core.verb:set package 'forestguard_colour' build argument 'ament_cmake_args' from command line to 'None'
[0.235s] Level 5:colcon.colcon_core.verb:set package 'forestguard_colour' build argument 'catkin_cmake_args' from command line to 'None'
[0.235s] Level 5:colcon.colcon_core.verb:set package 'forestguard_colour' build argument 'catkin_skip_building_tests' from command line to 'False'
[0.235s] DEBUG:colcon.colcon_core.verb:Building package 'forestguard_colour' with the following arguments: {'ament_cmake_args': None, 'build_base': '/home/john/git/RS1/John_branch/build/forestguard_colour', 'catkin_cmake_args': None, 'catkin_skip_building_tests': False, 'cmake_args': None, 'cmake_clean_cache': False, 'cmake_clean_first': False, 'cmake_force_configure': False, 'cmake_target': None, 'cmake_target_skip_unavailable': False, 'install_base': '/home/john/git/RS1/John_branch/install/forestguard_colour', 'merge_install': False, 'path': '/home/john/git/RS1/John_branch/src/forestguard_colour', 'symlink_install': True, 'test_result_base': None}
[0.236s] Level 5:colcon.colcon_core.verb:set package 'john' build argument 'cmake_args' from command line to 'None'
[0.236s] Level 5:colcon.colcon_core.verb:set package 'john' build argument 'cmake_target' from command line to 'None'
[0.236s] Level 5:colcon.colcon_core.verb:set package 'john' build argument 'cmake_target_skip_unavailable' from command line to 'False'
[0.236s] Level 5:colcon.colcon_core.verb:set package 'john' build argument 'cmake_clean_cache' from command line to 'False'
[0.236s] Level 5:colcon.colcon_core.verb:set package 'john' build argument 'cmake_clean_first' from command line to 'False'
[0.236s] Level 5:colcon.colcon_core.verb:set package 'john' build argument 'cmake_force_configure' from command line to 'False'
[0.236s] Level 5:colcon.colcon_core.verb:set package 'john' build argument 'ament_cmake_args' from command line to 'None'
[0.236s] Level 5:colcon.colcon_core.verb:set package 'john' build argument 'catkin_cmake_args' from command line to 'None'
[0.236s] Level 5:colcon.colcon_core.verb:set package 'john' build argument 'catkin_skip_building_tests' from command line to 'False'
[0.236s] DEBUG:colcon.colcon_core.verb:Building package 'john' with the following arguments: {'ament_cmake_args': None, 'build_base': '/home/john/git/RS1/John_branch/build/john', 'catkin_cmake_args': None, 'catkin_skip_building_tests': False, 'cmake_args': None, 'cmake_clean_cache': False, 'cmake_clean_first': False, 'cmake_force_configure': False, 'cmake_target': None, 'cmake_target_skip_unavailable': False, 'install_base': '/home/john/git/RS1/John_branch/install/john', 'merge_install': False, 'path': '/home/john/git/RS1/John_branch/src/forest_guard_sim', 'symlink_install': True, 'test_result_base': None}
[0.236s] INFO:colcon.colcon_core.executor:Executing jobs using 'parallel' executor
[0.237s] DEBUG:colcon.colcon_parallel_executor.executor.parallel:run_until_complete
[0.237s] INFO:colcon.colcon_ros.task.ament_python.build:Building ROS package in '/home/john/git/RS1/John_branch/src/forestguard_colour' with build type 'ament_python'
[0.237s] Level 1:colcon.colcon_core.shell:create_environment_hook('forestguard_colour', 'ament_prefix_path')
[0.238s] INFO:colcon.colcon_core.plugin_system:Skipping extension 'colcon_core.shell.bat': Not used on non-Windows systems
[0.239s] INFO:colcon.colcon_core.shell:Creating environment hook '/home/john/git/RS1/John_branch/install/forestguard_colour/share/forestguard_colour/hook/ament_prefix_path.ps1'
[0.239s] INFO:colcon.colcon_core.shell:Creating environment descriptor '/home/john/git/RS1/John_branch/install/forestguard_colour/share/forestguard_colour/hook/ament_prefix_path.dsv'
[0.239s] INFO:colcon.colcon_core.shell:Creating environment hook '/home/john/git/RS1/John_branch/install/forestguard_colour/share/forestguard_colour/hook/ament_prefix_path.sh'
[0.240s] INFO:colcon.colcon_core.shell:Skip shell extension 'powershell' for command environment: Not usable outside of PowerShell
[0.240s] DEBUG:colcon.colcon_core.shell:Skip shell extension 'dsv' for command environment
[0.242s] INFO:colcon.colcon_ros.task.ament_cmake.build:Building ROS package in '/home/john/git/RS1/John_branch/src/forest_guard_sim' with build type 'ament_cmake'
[0.242s] INFO:colcon.colcon_cmake.task.cmake.build:Building CMake package in '/home/john/git/RS1/John_branch/src/forest_guard_sim'
[0.242s] INFO:colcon.colcon_core.shell:Skip shell extension 'powershell' for command environment: Not usable outside of PowerShell
[0.242s] DEBUG:colcon.colcon_core.shell:Skip shell extension 'dsv' for command environment
[0.406s] INFO:colcon.colcon_core.task.python.build:Building Python package in '/home/john/git/RS1/John_branch/src/forestguard_colour'
[0.407s] INFO:colcon.colcon_core.shell:Skip shell extension 'powershell' for command environment: Not usable outside of PowerShell
[0.407s] DEBUG:colcon.colcon_core.shell:Skip shell extension 'dsv' for command environment
[0.413s] DEBUG:colcon.colcon_core.event_handler.log_command:Invoking command in '/home/john/git/RS1/John_branch/build/john': CMAKE_PREFIX_PATH=${CMAKE_PREFIX_PATH}:/home/john/git/RS1/John_branch/install/forestguard_colour:/opt/ros/humble /usr/bin/cmake --build /home/john/git/RS1/John_branch/build/john -- -j20 -l20
[0.447s] DEBUG:colcon.colcon_core.event_handler.log_command:Invoked command in '/home/john/git/RS1/John_branch/build/john' returned '0': CMAKE_PREFIX_PATH=${CMAKE_PREFIX_PATH}:/home/john/git/RS1/John_branch/install/forestguard_colour:/opt/ros/humble /usr/bin/cmake --build /home/john/git/RS1/John_branch/build/john -- -j20 -l20
[0.457s] DEBUG:colcon.colcon_core.event_handler.log_command:Invoking command in '/home/john/git/RS1/John_branch/build/john': CMAKE_PREFIX_PATH=${CMAKE_PREFIX_PATH}:/home/john/git/RS1/John_branch/install/forestguard_colour:/opt/ros/humble /usr/bin/cmake --install /home/john/git/RS1/John_branch/build/john
[0.478s] Level 1:colcon.colcon_core.environment:create_environment_scripts_only(john)
[0.479s] DEBUG:colcon.colcon_core.event_handler.log_command:Invoked command in '/home/john/git/RS1/John_branch/build/john' returned '0': CMAKE_PREFIX_PATH=${CMAKE_PREFIX_PATH}:/home/john/git/RS1/John_branch/install/forestguard_colour:/opt/ros/humble /usr/bin/cmake --install /home/john/git/RS1/John_branch/build/john
[0.480s] Level 1:colcon.colcon_core.environment:checking '/home/john/git/RS1/John_branch/install/john' for CMake module files
[0.480s] Level 1:colcon.colcon_core.environment:checking '/home/john/git/RS1/John_branch/install/john' for CMake config files
[0.480s] Level 1:colcon.colcon_core.shell:create_environment_hook('john', 'cmake_prefix_path')
[0.481s] INFO:colcon.colcon_core.shell:Creating environment hook '/home/john/git/RS1/John_branch/install/john/share/john/hook/cmake_prefix_path.ps1'
[0.481s] INFO:colcon.colcon_core.shell:Creating environment descriptor '/home/john/git/RS1/John_branch/install/john/share/john/hook/cmake_prefix_path.dsv'
[0.481s] INFO:colcon.colcon_core.shell:Creating environment hook '/home/john/git/RS1/John_branch/install/john/share/john/hook/cmake_prefix_path.sh'
[0.482s] Level 1:colcon.colcon_core.environment:checking '/home/john/git/RS1/John_branch/install/john/bin'
[0.482s] Level 1:colcon.colcon_core.environment:checking '/home/john/git/RS1/John_branch/install/john/lib/pkgconfig/john.pc'
[0.482s] Level 1:colcon.colcon_core.environment:checking '/home/john/git/RS1/John_branch/install/john/lib/python3.10/site-packages'
[0.482s] Level 1:colcon.colcon_core.environment:checking '/home/john/git/RS1/John_branch/install/john/bin'
[0.482s] INFO:colcon.colcon_core.shell:Creating package script '/home/john/git/RS1/John_branch/install/john/share/john/package.ps1'
[0.483s] INFO:colcon.colcon_core.shell:Creating package descriptor '/home/john/git/RS1/John_branch/install/john/share/john/package.dsv'
[0.483s] INFO:colcon.colcon_core.shell:Creating package script '/home/john/git/RS1/John_branch/install/john/share/john/package.sh'
[0.484s] INFO:colcon.colcon_core.shell:Creating package script '/home/john/git/RS1/John_branch/install/john/share/john/package.bash'
[0.484s] INFO:colcon.colcon_core.shell:Creating package script '/home/john/git/RS1/John_branch/install/john/share/john/package.zsh'
[0.484s] Level 1:colcon.colcon_core.environment:create_file_with_runtime_dependencies(/home/john/git/RS1/John_branch/install/john/share/colcon-core/packages/john)
[0.485s] Level 1:colcon.colcon_core.environment:create_environment_scripts_only(john)
[0.485s] Level 1:colcon.colcon_core.environment:checking '/home/john/git/RS1/John_branch/install/john' for CMake module files
[0.485s] Level 1:colcon.colcon_core.environment:checking '/home/john/git/RS1/John_branch/install/john' for CMake config files
[0.485s] Level 1:colcon.colcon_core.shell:create_environment_hook('john', 'cmake_prefix_path')
[0.485s] INFO:colcon.colcon_core.shell:Creating environment hook '/home/john/git/RS1/John_branch/install/john/share/john/hook/cmake_prefix_path.ps1'
[0.486s] INFO:colcon.colcon_core.shell:Creating environment descriptor '/home/john/git/RS1/John_branch/install/john/share/john/hook/cmake_prefix_path.dsv'
[0.486s] INFO:colcon.colcon_core.shell:Creating environment hook '/home/john/git/RS1/John_branch/install/john/share/john/hook/cmake_prefix_path.sh'
[0.486s] Level 1:colcon.colcon_core.environment:checking '/home/john/git/RS1/John_branch/install/john/bin'
[0.486s] Level 1:colcon.colcon_core.environment:checking '/home/john/git/RS1/John_branch/install/john/lib/pkgconfig/john.pc'
[0.486s] Level 1:colcon.colcon_core.environment:checking '/home/john/git/RS1/John_branch/install/john/lib/python3.10/site-packages'
[0.486s] Level 1:colcon.colcon_core.environment:checking '/home/john/git/RS1/John_branch/install/john/bin'
[0.487s] INFO:colcon.colcon_core.shell:Creating package script '/home/john/git/RS1/John_branch/install/john/share/john/package.ps1'
[0.487s] INFO:colcon.colcon_core.shell:Creating package descriptor '/home/john/git/RS1/John_branch/install/john/share/john/package.dsv'
[0.487s] INFO:colcon.colcon_core.shell:Creating package script '/home/john/git/RS1/John_branch/install/john/share/john/package.sh'
[0.487s] INFO:colcon.colcon_core.shell:Creating package script '/home/john/git/RS1/John_branch/install/john/share/john/package.bash'
[0.488s] INFO:colcon.colcon_core.shell:Creating package script '/home/john/git/RS1/John_branch/install/john/share/john/package.zsh'
[0.488s] Level 1:colcon.colcon_core.environment:create_file_with_runtime_dependencies(/home/john/git/RS1/John_branch/install/john/share/colcon-core/packages/john)
[0.632s] DEBUG:colcon.colcon_core.event_handler.log_command:Invoking command in '/home/john/git/RS1/John_branch/build/forestguard_colour': PYTHONPATH=/home/john/git/RS1/John_branch/build/forestguard_colour/prefix_override:/usr/lib/python3/dist-packages/colcon_core/task/python/colcon_distutils_commands:/home/john/git/RS1/John_branch/install/forestguard_colour/lib/python3.10/site-packages:${PYTHONPATH} /usr/bin/python3 -W ignore:setup.py install is deprecated -W ignore:easy_install command is deprecated setup.py develop --editable --build-directory /home/john/git/RS1/John_branch/build/forestguard_colour/build --no-deps symlink_data
[0.900s] Level 1:colcon.colcon_core.shell:create_environment_hook('forestguard_colour', 'pythonpath_develop')
[0.900s] INFO:colcon.colcon_core.shell:Creating environment hook '/home/john/git/RS1/John_branch/build/forestguard_colour/share/forestguard_colour/hook/pythonpath_develop.ps1'
[0.900s] DEBUG:colcon.colcon_core.event_handler.log_command:Invoked command in '/home/john/git/RS1/John_branch/build/forestguard_colour' returned '0': PYTHONPATH=/home/john/git/RS1/John_branch/build/forestguard_colour/prefix_override:/usr/lib/python3/dist-packages/colcon_core/task/python/colcon_distutils_commands:/home/john/git/RS1/John_branch/install/forestguard_colour/lib/python3.10/site-packages:${PYTHONPATH} /usr/bin/python3 -W ignore:setup.py install is deprecated -W ignore:easy_install command is deprecated setup.py develop --editable --build-directory /home/john/git/RS1/John_branch/build/forestguard_colour/build --no-deps symlink_data
[0.901s] INFO:colcon.colcon_core.shell:Creating environment descriptor '/home/john/git/RS1/John_branch/build/forestguard_colour/share/forestguard_colour/hook/pythonpath_develop.dsv'
[0.901s] INFO:colcon.colcon_core.shell:Creating environment hook '/home/john/git/RS1/John_branch/build/forestguard_colour/share/forestguard_colour/hook/pythonpath_develop.sh'
[0.901s] Level 1:colcon.colcon_core.environment:checking '/home/john/git/RS1/John_branch/install/forestguard_colour' for CMake module files
[0.902s] Level 1:colcon.colcon_core.environment:checking '/home/john/git/RS1/John_branch/install/forestguard_colour' for CMake config files
[0.902s] Level 1:colcon.colcon_core.environment:checking '/home/john/git/RS1/John_branch/install/forestguard_colour/lib'
[0.902s] Level 1:colcon.colcon_core.environment:checking '/home/john/git/RS1/John_branch/install/forestguard_colour/bin'
[0.902s] Level 1:colcon.colcon_core.environment:checking '/home/john/git/RS1/John_branch/install/forestguard_colour/lib/pkgconfig/forestguard_colour.pc'
[0.902s] Level 1:colcon.colcon_core.environment:checking '/home/john/git/RS1/John_branch/install/forestguard_colour/lib/python3.10/site-packages'
[0.902s] Level 1:colcon.colcon_core.shell:create_environment_hook('forestguard_colour', 'pythonpath')
[0.902s] INFO:colcon.colcon_core.shell:Creating environment hook '/home/john/git/RS1/John_branch/install/forestguard_colour/share/forestguard_colour/hook/pythonpath.ps1'
[0.903s] INFO:colcon.colcon_core.shell:Creating environment descriptor '/home/john/git/RS1/John_branch/install/forestguard_colour/share/forestguard_colour/hook/pythonpath.dsv'
[0.903s] INFO:colcon.colcon_core.shell:Creating environment hook '/home/john/git/RS1/John_branch/install/forestguard_colour/share/forestguard_colour/hook/pythonpath.sh'
[0.903s] Level 1:colcon.colcon_core.environment:checking '/home/john/git/RS1/John_branch/install/forestguard_colour/bin'
[0.903s] Level 1:colcon.colcon_core.environment:create_environment_scripts_only(forestguard_colour)
[0.903s] INFO:colcon.colcon_core.shell:Creating package script '/home/john/git/RS1/John_branch/install/forestguard_colour/share/forestguard_colour/package.ps1'
[0.904s] INFO:colcon.colcon_core.shell:Creating package descriptor '/home/john/git/RS1/John_branch/install/forestguard_colour/share/forestguard_colour/package.dsv'
[0.904s] INFO:colcon.colcon_core.shell:Creating package script '/home/john/git/RS1/John_branch/install/forestguard_colour/share/forestguard_colour/package.sh'
[0.904s] INFO:colcon.colcon_core.shell:Creating package script '/home/john/git/RS1/John_branch/install/forestguard_colour/share/forestguard_colour/package.bash'
[0.904s] INFO:colcon.colcon_core.shell:Creating package script '/home/john/git/RS1/John_branch/install/forestguard_colour/share/forestguard_colour/package.zsh'
[0.905s] Level 1:colcon.colcon_core.environment:create_file_with_runtime_dependencies(/home/john/git/RS1/John_branch/install/forestguard_colour/share/colcon-core/packages/forestguard_colour)
[0.905s] DEBUG:colcon.colcon_parallel_executor.executor.parallel:closing loop
[0.905s] DEBUG:colcon.colcon_parallel_executor.executor.parallel:loop closed
[0.905s] DEBUG:colcon.colcon_parallel_executor.executor.parallel:run_until_complete finished with '0'
[0.905s] DEBUG:colcon.colcon_core.event_reactor:joining thread
[0.909s] INFO:colcon.colcon_core.plugin_system:Skipping extension 'colcon_notification.desktop_notification.terminal_notifier': Not used on non-Darwin systems
[0.909s] INFO:colcon.colcon_core.plugin_system:Skipping extension 'colcon_notification.desktop_notification.win32': Not used on non-Windows systems
[0.909s] INFO:colcon.colcon_notification.desktop_notification:Sending desktop notification using 'notify2'
[0.917s] DEBUG:colcon.colcon_core.event_reactor:joined thread
[0.917s] INFO:colcon.colcon_core.shell:Creating prefix script '/home/john/git/RS1/John_branch/install/local_setup.ps1'
[0.918s] INFO:colcon.colcon_core.shell:Creating prefix util module '/home/john/git/RS1/John_branch/install/_local_setup_util_ps1.py'
[0.919s] INFO:colcon.colcon_core.shell:Creating prefix chain script '/home/john/git/RS1/John_branch/install/setup.ps1'
[0.919s] INFO:colcon.colcon_core.shell:Creating prefix script '/home/john/git/RS1/John_branch/install/local_setup.sh'
[0.920s] INFO:colcon.colcon_core.shell:Creating prefix util module '/home/john/git/RS1/John_branch/install/_local_setup_util_sh.py'
[0.920s] INFO:colcon.colcon_core.shell:Creating prefix chain script '/home/john/git/RS1/John_branch/install/setup.sh'
[0.921s] INFO:colcon.colcon_core.shell:Creating prefix script '/home/john/git/RS1/John_branch/install/local_setup.bash'
[0.921s] INFO:colcon.colcon_core.shell:Creating prefix chain script '/home/john/git/RS1/John_branch/install/setup.bash'
[0.922s] INFO:colcon.colcon_core.shell:Creating prefix script '/home/john/git/RS1/John_branch/install/local_setup.zsh'
[0.923s] INFO:colcon.colcon_core.shell:Creating prefix chain script '/home/john/git/RS1/John_branch/install/setup.zsh'
