/home/yut/git/ForestGuard/forest_guard_sim/install/forest_guard_sim/lib/python3.10/site-packages/forest_guard_sim/__init__.py
/home/yut/git/ForestGuard/forest_guard_sim/install/forest_guard_sim/lib/python3.10/site-packages/forest_guard_sim/__pycache__/__init__.cpython-310.pyc
/home/yut/git/ForestGuard/forest_guard_sim/install/forest_guard_sim/share/ament_index/resource_index/packages/forest_guard_sim
/home/yut/git/ForestGuard/forest_guard_sim/install/forest_guard_sim/share/forest_guard_sim/package.xml
/home/yut/git/ForestGuard/forest_guard_sim/install/forest_guard_sim/share/forest_guard_sim/launch/forest_random.launch.py
/home/yut/git/ForestGuard/forest_guard_sim/install/forest_guard_sim/share/forest_guard_sim/launch/forest_world.launch.py
/home/yut/git/ForestGuard/forest_guard_sim/install/forest_guard_sim/share/forest_guard_sim/worlds/forest.world.sdf
/home/yut/git/ForestGuard/forest_guard_sim/install/forest_guard_sim/share/forest_guard_sim/models/forest_env/model.sdf
/home/yut/git/ForestGuard/forest_guard_sim/install/forest_guard_sim/share/forest_guard_sim/models/forest_env/model.config
/home/yut/git/ForestGuard/forest_guard_sim/install/forest_guard_sim/share/forest_guard_sim/models/forest_env/meshes/empty_grass.png.001.png
/home/yut/git/ForestGuard/forest_guard_sim/install/forest_guard_sim/share/forest_guard_sim/models/forest_env/meshes/Environment1.dae
/home/yut/git/ForestGuard/forest_guard_sim/install/forest_guard_sim/share/forest_guard_sim/models/forest_env/meshes/Environment.dae
/home/yut/git/ForestGuard/forest_guard_sim/install/forest_guard_sim/share/forest_guard_sim/models/forest_env/materials/textures/empty_grass.png
/home/yut/git/ForestGuard/forest_guard_sim/install/forest_guard_sim/share/forest_guard_sim/models/tree1/model.sdf
/home/yut/git/ForestGuard/forest_guard_sim/install/forest_guard_sim/share/forest_guard_sim/models/tree1/model.config
/home/yut/git/ForestGuard/forest_guard_sim/install/forest_guard_sim/share/forest_guard_sim/models/tree1/meshes/tree_a.dae
/home/yut/git/ForestGuard/forest_guard_sim/install/forest_guard_sim/share/forest_guard_sim/models/tree1/materials/textures/bark01.jpg
/home/yut/git/ForestGuard/forest_guard_sim/install/forest_guard_sim/share/forest_guard_sim/models/tree2/model.sdf
/home/yut/git/ForestGuard/forest_guard_sim/install/forest_guard_sim/share/forest_guard_sim/models/tree2/model.config
/home/yut/git/ForestGuard/forest_guard_sim/install/forest_guard_sim/share/forest_guard_sim/models/tree2/meshes/tree_b.dae
/home/yut/git/ForestGuard/forest_guard_sim/install/forest_guard_sim/share/forest_guard_sim/models/tree2/materials/textures/bark.jpeg
/home/yut/git/ForestGuard/forest_guard_sim/install/forest_guard_sim/lib/python3.10/site-packages/forest_guard_sim-0.0.1-py3.10.egg-info/SOURCES.txt
/home/yut/git/ForestGuard/forest_guard_sim/install/forest_guard_sim/lib/python3.10/site-packages/forest_guard_sim-0.0.1-py3.10.egg-info/entry_points.txt
/home/yut/git/ForestGuard/forest_guard_sim/install/forest_guard_sim/lib/python3.10/site-packages/forest_guard_sim-0.0.1-py3.10.egg-info/dependency_links.txt
/home/yut/git/ForestGuard/forest_guard_sim/install/forest_guard_sim/lib/python3.10/site-packages/forest_guard_sim-0.0.1-py3.10.egg-info/PKG-INFO
/home/yut/git/ForestGuard/forest_guard_sim/install/forest_guard_sim/lib/python3.10/site-packages/forest_guard_sim-0.0.1-py3.10.egg-info/zip-safe
/home/yut/git/ForestGuard/forest_guard_sim/install/forest_guard_sim/lib/python3.10/site-packages/forest_guard_sim-0.0.1-py3.10.egg-info/top_level.txt
/home/yut/git/ForestGuard/forest_guard_sim/install/forest_guard_sim/lib/python3.10/site-packages/forest_guard_sim-0.0.1-py3.10.egg-info/requires.txt
