[0.264s] DEBUG:colcon:Command line arguments: ['/usr/bin/colcon', 'build', '--symlink-install', '--packages-select', 'forest_husky', 'husky_controller']
[0.264s] DEBUG:colcon:Parsed command line arguments: Namespace(log_base=None, log_level=None, verb_name='build', build_base='build', install_base='install', merge_install=False, symlink_install=True, test_result_base=None, continue_on_error=False, executor='parallel', parallel_workers=16, event_handlers=None, ignore_user_meta=False, metas=['./colcon.meta'], base_paths=['.'], packages_ignore=None, packages_ignore_regex=None, paths=None, packages_up_to=None, packages_up_to_regex=None, packages_above=None, packages_above_and_dependencies=None, packages_above_depth=None, packages_select_by_dep=None, packages_skip_by_dep=None, packages_skip_up_to=None, packages_select_build_failed=False, packages_skip_build_finished=False, packages_select_test_failures=False, packages_skip_test_passed=False, packages_select=['forest_husky', 'husky_controller'], packages_skip=None, packages_select_regex=None, packages_skip_regex=None, packages_start=None, packages_end=None, allow_overriding=[], cmake_args=None, cmake_target=None, cmake_target_skip_unavailable=False, cmake_clean_cache=False, cmake_clean_first=False, cmake_force_configure=False, ament_cmake_args=None, catkin_cmake_args=None, catkin_skip_building_tests=False, verb_parser=<colcon_defaults.argument_parser.defaults.DefaultArgumentsDecorator object at 0x7c37f9072320>, verb_extension=<colcon_core.verb.build.BuildVerb object at 0x7c37f9071e10>, main=<bound method BuildVerb.main of <colcon_core.verb.build.BuildVerb object at 0x7c37f9071e10>>)
[0.766s] Level 1:colcon.colcon_core.package_discovery:discover_packages(colcon_meta) check parameters
[0.767s] Level 1:colcon.colcon_core.package_discovery:discover_packages(recursive) check parameters
[0.767s] Level 1:colcon.colcon_core.package_discovery:discover_packages(ignore) check parameters
[0.767s] Level 1:colcon.colcon_core.package_discovery:discover_packages(path) check parameters
[0.767s] Level 1:colcon.colcon_core.package_discovery:discover_packages(colcon_meta) discover
[0.767s] Level 1:colcon.colcon_core.package_discovery:discover_packages(recursive) discover
[0.767s] INFO:colcon.colcon_core.package_discovery:Crawling recursively for packages in '/home/claudia/ForestGuard'
[0.768s] Level 1:colcon.colcon_core.package_identification:_identify(.) by extensions ['ignore', 'ignore_ament_install']
[0.768s] Level 1:colcon.colcon_core.package_identification:_identify(.) by extension 'ignore'
[0.768s] Level 1:colcon.colcon_core.package_identification:_identify(.) by extension 'ignore_ament_install'
[0.768s] Level 1:colcon.colcon_core.package_identification:_identify(.) by extensions ['colcon_pkg']
[0.768s] Level 1:colcon.colcon_core.package_identification:_identify(.) by extension 'colcon_pkg'
[0.769s] Level 1:colcon.colcon_core.package_identification:_identify(.) by extensions ['colcon_meta']
[0.769s] Level 1:colcon.colcon_core.package_identification:_identify(.) by extension 'colcon_meta'
[0.769s] Level 1:colcon.colcon_core.package_identification:_identify(.) by extensions ['ros']
[0.769s] Level 1:colcon.colcon_core.package_identification:_identify(.) by extension 'ros'
[0.801s] Level 1:colcon.colcon_core.package_identification:_identify(.) by extensions ['cmake', 'python']
[0.801s] Level 1:colcon.colcon_core.package_identification:_identify(.) by extension 'cmake'
[0.801s] Level 1:colcon.colcon_core.package_identification:_identify(.) by extension 'python'
[0.801s] Level 1:colcon.colcon_core.package_identification:_identify(.) by extensions ['python_setup_py']
[0.801s] Level 1:colcon.colcon_core.package_identification:_identify(.) by extension 'python_setup_py'
[0.801s] Level 1:colcon.colcon_core.package_identification:_identify(build) by extensions ['ignore', 'ignore_ament_install']
[0.802s] Level 1:colcon.colcon_core.package_identification:_identify(build) by extension 'ignore'
[0.802s] Level 1:colcon.colcon_core.package_identification:_identify(build) ignored
[0.802s] Level 1:colcon.colcon_core.package_identification:_identify(install) by extensions ['ignore', 'ignore_ament_install']
[0.803s] Level 1:colcon.colcon_core.package_identification:_identify(install) by extension 'ignore'
[0.803s] Level 1:colcon.colcon_core.package_identification:_identify(install) ignored
[0.803s] Level 1:colcon.colcon_core.package_identification:_identify(log) by extensions ['ignore', 'ignore_ament_install']
[0.803s] Level 1:colcon.colcon_core.package_identification:_identify(log) by extension 'ignore'
[0.804s] Level 1:colcon.colcon_core.package_identification:_identify(log) ignored
[0.804s] Level 1:colcon.colcon_core.package_identification:_identify(src) by extensions ['ignore', 'ignore_ament_install']
[0.804s] Level 1:colcon.colcon_core.package_identification:_identify(src) by extension 'ignore'
[0.804s] Level 1:colcon.colcon_core.package_identification:_identify(src) by extension 'ignore_ament_install'
[0.804s] Level 1:colcon.colcon_core.package_identification:_identify(src) by extensions ['colcon_pkg']
[0.804s] Level 1:colcon.colcon_core.package_identification:_identify(src) by extension 'colcon_pkg'
[0.805s] Level 1:colcon.colcon_core.package_identification:_identify(src) by extensions ['colcon_meta']
[0.805s] Level 1:colcon.colcon_core.package_identification:_identify(src) by extension 'colcon_meta'
[0.805s] Level 1:colcon.colcon_core.package_identification:_identify(src) by extensions ['ros']
[0.805s] Level 1:colcon.colcon_core.package_identification:_identify(src) by extension 'ros'
[0.805s] Level 1:colcon.colcon_core.package_identification:_identify(src) by extensions ['cmake', 'python']
[0.805s] Level 1:colcon.colcon_core.package_identification:_identify(src) by extension 'cmake'
[0.805s] Level 1:colcon.colcon_core.package_identification:_identify(src) by extension 'python'
[0.805s] Level 1:colcon.colcon_core.package_identification:_identify(src) by extensions ['python_setup_py']
[0.806s] Level 1:colcon.colcon_core.package_identification:_identify(src) by extension 'python_setup_py'
[0.806s] Level 1:colcon.colcon_core.package_identification:_identify(src/build) by extensions ['ignore', 'ignore_ament_install']
[0.806s] Level 1:colcon.colcon_core.package_identification:_identify(src/build) by extension 'ignore'
[0.806s] Level 1:colcon.colcon_core.package_identification:_identify(src/build) ignored
[0.806s] Level 1:colcon.colcon_core.package_identification:_identify(src/forest_guard_sim) by extensions ['ignore', 'ignore_ament_install']
[0.807s] Level 1:colcon.colcon_core.package_identification:_identify(src/forest_guard_sim) by extension 'ignore'
[0.807s] Level 1:colcon.colcon_core.package_identification:_identify(src/forest_guard_sim) by extension 'ignore_ament_install'
[0.807s] Level 1:colcon.colcon_core.package_identification:_identify(src/forest_guard_sim) by extensions ['colcon_pkg']
[0.807s] Level 1:colcon.colcon_core.package_identification:_identify(src/forest_guard_sim) by extension 'colcon_pkg'
[0.807s] Level 1:colcon.colcon_core.package_identification:_identify(src/forest_guard_sim) by extensions ['colcon_meta']
[0.807s] Level 1:colcon.colcon_core.package_identification:_identify(src/forest_guard_sim) by extension 'colcon_meta'
[0.807s] Level 1:colcon.colcon_core.package_identification:_identify(src/forest_guard_sim) by extensions ['ros']
[0.807s] Level 1:colcon.colcon_core.package_identification:_identify(src/forest_guard_sim) by extension 'ros'
[0.859s] DEBUG:colcon.colcon_core.package_identification:Package 'src/forest_guard_sim' with type 'ros.ament_python' and name 'forest_guard_sim'
[0.860s] Level 1:colcon.colcon_core.package_identification:_identify(src/forest_husky) by extensions ['ignore', 'ignore_ament_install']
[0.860s] Level 1:colcon.colcon_core.package_identification:_identify(src/forest_husky) by extension 'ignore'
[0.860s] Level 1:colcon.colcon_core.package_identification:_identify(src/forest_husky) by extension 'ignore_ament_install'
[0.860s] Level 1:colcon.colcon_core.package_identification:_identify(src/forest_husky) by extensions ['colcon_pkg']
[0.860s] Level 1:colcon.colcon_core.package_identification:_identify(src/forest_husky) by extension 'colcon_pkg'
[0.861s] Level 1:colcon.colcon_core.package_identification:_identify(src/forest_husky) by extensions ['colcon_meta']
[0.861s] Level 1:colcon.colcon_core.package_identification:_identify(src/forest_husky) by extension 'colcon_meta'
[0.861s] Level 1:colcon.colcon_core.package_identification:_identify(src/forest_husky) by extensions ['ros']
[0.861s] Level 1:colcon.colcon_core.package_identification:_identify(src/forest_husky) by extension 'ros'
[0.863s] DEBUG:colcon.colcon_core.package_identification:Package 'src/forest_husky' with type 'ros.ament_cmake' and name 'forest_husky'
[0.864s] Level 1:colcon.colcon_core.package_identification:_identify(src/husky_controller) by extensions ['ignore', 'ignore_ament_install']
[0.864s] Level 1:colcon.colcon_core.package_identification:_identify(src/husky_controller) by extension 'ignore'
[0.864s] Level 1:colcon.colcon_core.package_identification:_identify(src/husky_controller) by extension 'ignore_ament_install'
[0.864s] Level 1:colcon.colcon_core.package_identification:_identify(src/husky_controller) by extensions ['colcon_pkg']
[0.864s] Level 1:colcon.colcon_core.package_identification:_identify(src/husky_controller) by extension 'colcon_pkg'
[0.864s] Level 1:colcon.colcon_core.package_identification:_identify(src/husky_controller) by extensions ['colcon_meta']
[0.865s] Level 1:colcon.colcon_core.package_identification:_identify(src/husky_controller) by extension 'colcon_meta'
[0.865s] Level 1:colcon.colcon_core.package_identification:_identify(src/husky_controller) by extensions ['ros']
[0.865s] Level 1:colcon.colcon_core.package_identification:_identify(src/husky_controller) by extension 'ros'
[0.867s] DEBUG:colcon.colcon_core.package_identification:Package 'src/husky_controller' with type 'ros.ament_cmake' and name 'husky_controller'
[0.868s] Level 1:colcon.colcon_core.package_identification:_identify(src/install) by extensions ['ignore', 'ignore_ament_install']
[0.868s] Level 1:colcon.colcon_core.package_identification:_identify(src/install) by extension 'ignore'
[0.868s] Level 1:colcon.colcon_core.package_identification:_identify(src/install) ignored
[0.868s] Level 1:colcon.colcon_core.package_identification:_identify(src/log) by extensions ['ignore', 'ignore_ament_install']
[0.868s] Level 1:colcon.colcon_core.package_identification:_identify(src/log) by extension 'ignore'
[0.869s] Level 1:colcon.colcon_core.package_identification:_identify(src/log) ignored
[0.869s] Level 1:colcon.colcon_core.package_discovery:discover_packages(recursive) using defaults
[0.869s] Level 1:colcon.colcon_core.package_discovery:discover_packages(ignore) discover
[0.869s] Level 1:colcon.colcon_core.package_discovery:discover_packages(ignore) using defaults
[0.869s] Level 1:colcon.colcon_core.package_discovery:discover_packages(path) discover
[0.869s] Level 1:colcon.colcon_core.package_discovery:discover_packages(path) using defaults
[0.919s] INFO:colcon.colcon_core.package_selection:Skipping not selected package 'forest_guard_sim' in 'src/forest_guard_sim'
[0.929s] Level 1:colcon.colcon_core.package_discovery:discover_packages(prefix_path) check parameters
[0.929s] Level 1:colcon.colcon_core.package_discovery:discover_packages(prefix_path) discover
[0.941s] DEBUG:colcon.colcon_installed_package_information.package_discovery:Found 2 installed packages in /home/claudia/rs1_ws/install
[0.942s] DEBUG:colcon.colcon_installed_package_information.package_discovery:Found 11 installed packages in /home/claudia/ros2_ws/install
[0.948s] DEBUG:colcon.colcon_installed_package_information.package_discovery:Found 479 installed packages in /opt/ros/humble
[0.955s] Level 1:colcon.colcon_core.package_discovery:discover_packages(prefix_path) using defaults
[1.133s] Level 5:colcon.colcon_core.verb:set package 'forest_husky' build argument 'cmake_args' from command line to 'None'
[1.133s] Level 5:colcon.colcon_core.verb:set package 'forest_husky' build argument 'cmake_target' from command line to 'None'
[1.133s] Level 5:colcon.colcon_core.verb:set package 'forest_husky' build argument 'cmake_target_skip_unavailable' from command line to 'False'
[1.133s] Level 5:colcon.colcon_core.verb:set package 'forest_husky' build argument 'cmake_clean_cache' from command line to 'False'
[1.133s] Level 5:colcon.colcon_core.verb:set package 'forest_husky' build argument 'cmake_clean_first' from command line to 'False'
[1.133s] Level 5:colcon.colcon_core.verb:set package 'forest_husky' build argument 'cmake_force_configure' from command line to 'False'
[1.133s] Level 5:colcon.colcon_core.verb:set package 'forest_husky' build argument 'ament_cmake_args' from command line to 'None'
[1.133s] Level 5:colcon.colcon_core.verb:set package 'forest_husky' build argument 'catkin_cmake_args' from command line to 'None'
[1.133s] Level 5:colcon.colcon_core.verb:set package 'forest_husky' build argument 'catkin_skip_building_tests' from command line to 'False'
[1.134s] DEBUG:colcon.colcon_core.verb:Building package 'forest_husky' with the following arguments: {'ament_cmake_args': None, 'build_base': '/home/claudia/ForestGuard/build/forest_husky', 'catkin_cmake_args': None, 'catkin_skip_building_tests': False, 'cmake_args': None, 'cmake_clean_cache': False, 'cmake_clean_first': False, 'cmake_force_configure': False, 'cmake_target': None, 'cmake_target_skip_unavailable': False, 'install_base': '/home/claudia/ForestGuard/install/forest_husky', 'merge_install': False, 'path': '/home/claudia/ForestGuard/src/forest_husky', 'symlink_install': True, 'test_result_base': None}
[1.134s] Level 5:colcon.colcon_core.verb:set package 'husky_controller' build argument 'cmake_args' from command line to 'None'
[1.134s] Level 5:colcon.colcon_core.verb:set package 'husky_controller' build argument 'cmake_target' from command line to 'None'
[1.134s] Level 5:colcon.colcon_core.verb:set package 'husky_controller' build argument 'cmake_target_skip_unavailable' from command line to 'False'
[1.135s] Level 5:colcon.colcon_core.verb:set package 'husky_controller' build argument 'cmake_clean_cache' from command line to 'False'
[1.135s] Level 5:colcon.colcon_core.verb:set package 'husky_controller' build argument 'cmake_clean_first' from command line to 'False'
[1.135s] Level 5:colcon.colcon_core.verb:set package 'husky_controller' build argument 'cmake_force_configure' from command line to 'False'
[1.135s] Level 5:colcon.colcon_core.verb:set package 'husky_controller' build argument 'ament_cmake_args' from command line to 'None'
[1.135s] Level 5:colcon.colcon_core.verb:set package 'husky_controller' build argument 'catkin_cmake_args' from command line to 'None'
[1.135s] Level 5:colcon.colcon_core.verb:set package 'husky_controller' build argument 'catkin_skip_building_tests' from command line to 'False'
[1.135s] DEBUG:colcon.colcon_core.verb:Building package 'husky_controller' with the following arguments: {'ament_cmake_args': None, 'build_base': '/home/claudia/ForestGuard/build/husky_controller', 'catkin_cmake_args': None, 'catkin_skip_building_tests': False, 'cmake_args': None, 'cmake_clean_cache': False, 'cmake_clean_first': False, 'cmake_force_configure': False, 'cmake_target': None, 'cmake_target_skip_unavailable': False, 'install_base': '/home/claudia/ForestGuard/install/husky_controller', 'merge_install': False, 'path': '/home/claudia/ForestGuard/src/husky_controller', 'symlink_install': True, 'test_result_base': None}
[1.135s] INFO:colcon.colcon_core.executor:Executing jobs using 'parallel' executor
[1.138s] DEBUG:colcon.colcon_parallel_executor.executor.parallel:run_until_complete
[1.138s] INFO:colcon.colcon_ros.task.ament_cmake.build:Building ROS package in '/home/claudia/ForestGuard/src/forest_husky' with build type 'ament_cmake'
[1.139s] INFO:colcon.colcon_cmake.task.cmake.build:Building CMake package in '/home/claudia/ForestGuard/src/forest_husky'
[1.146s] INFO:colcon.colcon_core.plugin_system:Skipping extension 'colcon_core.shell.bat': Not used on non-Windows systems
[1.147s] INFO:colcon.colcon_core.shell:Skip shell extension 'powershell' for command environment: Not usable outside of PowerShell
[1.147s] DEBUG:colcon.colcon_core.shell:Skip shell extension 'dsv' for command environment
[1.160s] INFO:colcon.colcon_ros.task.ament_cmake.build:Building ROS package in '/home/claudia/ForestGuard/src/husky_controller' with build type 'ament_cmake'
[1.161s] INFO:colcon.colcon_cmake.task.cmake.build:Building CMake package in '/home/claudia/ForestGuard/src/husky_controller'
[1.161s] INFO:colcon.colcon_core.shell:Skip shell extension 'powershell' for command environment: Not usable outside of PowerShell
[1.162s] DEBUG:colcon.colcon_core.shell:Skip shell extension 'dsv' for command environment
[1.188s] DEBUG:colcon.colcon_core.event_handler.log_command:Invoking command in '/home/claudia/ForestGuard/build/forest_husky': CMAKE_PREFIX_PATH=${CMAKE_PREFIX_PATH}:/home/claudia/ros2_ws/install/examples_rclcpp_minimal_publisher:/home/claudia/ros2_ws/install/a3_support:/opt/ros/humble /usr/bin/cmake --build /home/claudia/ForestGuard/build/forest_husky -- -j16 -l16
[1.200s] DEBUG:colcon.colcon_core.event_handler.log_command:Invoking command in '/home/claudia/ForestGuard/build/husky_controller': CMAKE_PREFIX_PATH=${CMAKE_PREFIX_PATH}:/home/claudia/ros2_ws/install/examples_rclcpp_minimal_publisher:/home/claudia/ros2_ws/install/a3_support:/opt/ros/humble /usr/bin/cmake --build /home/claudia/ForestGuard/build/husky_controller -- -j16 -l16
[1.248s] DEBUG:colcon.colcon_core.event_handler.log_command:Invoked command in '/home/claudia/ForestGuard/build/forest_husky' returned '0': CMAKE_PREFIX_PATH=${CMAKE_PREFIX_PATH}:/home/claudia/ros2_ws/install/examples_rclcpp_minimal_publisher:/home/claudia/ros2_ws/install/a3_support:/opt/ros/humble /usr/bin/cmake --build /home/claudia/ForestGuard/build/forest_husky -- -j16 -l16
[1.262s] DEBUG:colcon.colcon_core.event_handler.log_command:Invoking command in '/home/claudia/ForestGuard/build/forest_husky': CMAKE_PREFIX_PATH=${CMAKE_PREFIX_PATH}:/home/claudia/ros2_ws/install/examples_rclcpp_minimal_publisher:/home/claudia/ros2_ws/install/a3_support:/opt/ros/humble /usr/bin/cmake --install /home/claudia/ForestGuard/build/forest_husky
[1.316s] Level 1:colcon.colcon_core.environment:create_environment_scripts_only(forest_husky)
[1.317s] DEBUG:colcon.colcon_core.event_handler.log_command:Invoked command in '/home/claudia/ForestGuard/build/forest_husky' returned '0': CMAKE_PREFIX_PATH=${CMAKE_PREFIX_PATH}:/home/claudia/ros2_ws/install/examples_rclcpp_minimal_publisher:/home/claudia/ros2_ws/install/a3_support:/opt/ros/humble /usr/bin/cmake --install /home/claudia/ForestGuard/build/forest_husky
[1.324s] Level 1:colcon.colcon_core.environment:checking '/home/claudia/ForestGuard/install/forest_husky' for CMake module files
[1.325s] Level 1:colcon.colcon_core.environment:checking '/home/claudia/ForestGuard/install/forest_husky' for CMake config files
[1.327s] Level 1:colcon.colcon_core.shell:create_environment_hook('forest_husky', 'cmake_prefix_path')
[1.328s] INFO:colcon.colcon_core.shell:Creating environment hook '/home/claudia/ForestGuard/install/forest_husky/share/forest_husky/hook/cmake_prefix_path.ps1'
[1.330s] INFO:colcon.colcon_core.shell:Creating environment descriptor '/home/claudia/ForestGuard/install/forest_husky/share/forest_husky/hook/cmake_prefix_path.dsv'
[1.331s] INFO:colcon.colcon_core.shell:Creating environment hook '/home/claudia/ForestGuard/install/forest_husky/share/forest_husky/hook/cmake_prefix_path.sh'
[1.334s] Level 1:colcon.colcon_core.environment:checking '/home/claudia/ForestGuard/install/forest_husky/bin'
[1.334s] Level 1:colcon.colcon_core.environment:checking '/home/claudia/ForestGuard/install/forest_husky/lib/pkgconfig/forest_husky.pc'
[1.334s] Level 1:colcon.colcon_core.environment:checking '/home/claudia/ForestGuard/install/forest_husky/lib/python3.10/site-packages'
[1.335s] Level 1:colcon.colcon_core.environment:checking '/home/claudia/ForestGuard/install/forest_husky/bin'
[1.336s] INFO:colcon.colcon_core.shell:Creating package script '/home/claudia/ForestGuard/install/forest_husky/share/forest_husky/package.ps1'
[1.338s] INFO:colcon.colcon_core.shell:Creating package descriptor '/home/claudia/ForestGuard/install/forest_husky/share/forest_husky/package.dsv'
[1.340s] INFO:colcon.colcon_core.shell:Creating package script '/home/claudia/ForestGuard/install/forest_husky/share/forest_husky/package.sh'
[1.342s] INFO:colcon.colcon_core.shell:Creating package script '/home/claudia/ForestGuard/install/forest_husky/share/forest_husky/package.bash'
[1.344s] INFO:colcon.colcon_core.shell:Creating package script '/home/claudia/ForestGuard/install/forest_husky/share/forest_husky/package.zsh'
[1.346s] Level 1:colcon.colcon_core.environment:create_file_with_runtime_dependencies(/home/claudia/ForestGuard/install/forest_husky/share/colcon-core/packages/forest_husky)
[1.347s] Level 1:colcon.colcon_core.environment:create_environment_scripts_only(forest_husky)
[1.348s] Level 1:colcon.colcon_core.environment:checking '/home/claudia/ForestGuard/install/forest_husky' for CMake module files
[1.349s] Level 1:colcon.colcon_core.environment:checking '/home/claudia/ForestGuard/install/forest_husky' for CMake config files
[1.350s] Level 1:colcon.colcon_core.shell:create_environment_hook('forest_husky', 'cmake_prefix_path')
[1.350s] INFO:colcon.colcon_core.shell:Creating environment hook '/home/claudia/ForestGuard/install/forest_husky/share/forest_husky/hook/cmake_prefix_path.ps1'
[1.352s] INFO:colcon.colcon_core.shell:Creating environment descriptor '/home/claudia/ForestGuard/install/forest_husky/share/forest_husky/hook/cmake_prefix_path.dsv'
[1.352s] INFO:colcon.colcon_core.shell:Creating environment hook '/home/claudia/ForestGuard/install/forest_husky/share/forest_husky/hook/cmake_prefix_path.sh'
[1.354s] Level 1:colcon.colcon_core.environment:checking '/home/claudia/ForestGuard/install/forest_husky/bin'
[1.354s] Level 1:colcon.colcon_core.environment:checking '/home/claudia/ForestGuard/install/forest_husky/lib/pkgconfig/forest_husky.pc'
[1.354s] Level 1:colcon.colcon_core.environment:checking '/home/claudia/ForestGuard/install/forest_husky/lib/python3.10/site-packages'
[1.355s] Level 1:colcon.colcon_core.environment:checking '/home/claudia/ForestGuard/install/forest_husky/bin'
[1.355s] INFO:colcon.colcon_core.shell:Creating package script '/home/claudia/ForestGuard/install/forest_husky/share/forest_husky/package.ps1'
[1.357s] INFO:colcon.colcon_core.shell:Creating package descriptor '/home/claudia/ForestGuard/install/forest_husky/share/forest_husky/package.dsv'
[1.358s] INFO:colcon.colcon_core.shell:Creating package script '/home/claudia/ForestGuard/install/forest_husky/share/forest_husky/package.sh'
[1.359s] INFO:colcon.colcon_core.shell:Creating package script '/home/claudia/ForestGuard/install/forest_husky/share/forest_husky/package.bash'
[1.361s] INFO:colcon.colcon_core.shell:Creating package script '/home/claudia/ForestGuard/install/forest_husky/share/forest_husky/package.zsh'
[1.363s] Level 1:colcon.colcon_core.environment:create_file_with_runtime_dependencies(/home/claudia/ForestGuard/install/forest_husky/share/colcon-core/packages/forest_husky)
[18.283s] DEBUG:colcon.colcon_core.event_handler.log_command:Invoked command in '/home/claudia/ForestGuard/build/husky_controller' returned '0': CMAKE_PREFIX_PATH=${CMAKE_PREFIX_PATH}:/home/claudia/ros2_ws/install/examples_rclcpp_minimal_publisher:/home/claudia/ros2_ws/install/a3_support:/opt/ros/humble /usr/bin/cmake --build /home/claudia/ForestGuard/build/husky_controller -- -j16 -l16
[18.286s] DEBUG:colcon.colcon_core.event_handler.log_command:Invoking command in '/home/claudia/ForestGuard/build/husky_controller': CMAKE_PREFIX_PATH=${CMAKE_PREFIX_PATH}:/home/claudia/ros2_ws/install/examples_rclcpp_minimal_publisher:/home/claudia/ros2_ws/install/a3_support:/opt/ros/humble /usr/bin/cmake --install /home/claudia/ForestGuard/build/husky_controller
[18.298s] Level 1:colcon.colcon_core.environment:create_environment_scripts_only(husky_controller)
[18.298s] Level 1:colcon.colcon_core.environment:checking '/home/claudia/ForestGuard/install/husky_controller' for CMake module files
[18.298s] DEBUG:colcon.colcon_core.event_handler.log_command:Invoked command in '/home/claudia/ForestGuard/build/husky_controller' returned '0': CMAKE_PREFIX_PATH=${CMAKE_PREFIX_PATH}:/home/claudia/ros2_ws/install/examples_rclcpp_minimal_publisher:/home/claudia/ros2_ws/install/a3_support:/opt/ros/humble /usr/bin/cmake --install /home/claudia/ForestGuard/build/husky_controller
[18.299s] Level 1:colcon.colcon_core.environment:checking '/home/claudia/ForestGuard/install/husky_controller' for CMake config files
[18.299s] Level 1:colcon.colcon_core.shell:create_environment_hook('husky_controller', 'cmake_prefix_path')
[18.299s] INFO:colcon.colcon_core.shell:Creating environment hook '/home/claudia/ForestGuard/install/husky_controller/share/husky_controller/hook/cmake_prefix_path.ps1'
[18.300s] INFO:colcon.colcon_core.shell:Creating environment descriptor '/home/claudia/ForestGuard/install/husky_controller/share/husky_controller/hook/cmake_prefix_path.dsv'
[18.300s] INFO:colcon.colcon_core.shell:Creating environment hook '/home/claudia/ForestGuard/install/husky_controller/share/husky_controller/hook/cmake_prefix_path.sh'
[18.300s] Level 1:colcon.colcon_core.environment:checking '/home/claudia/ForestGuard/install/husky_controller/lib'
[18.301s] Level 1:colcon.colcon_core.environment:checking '/home/claudia/ForestGuard/install/husky_controller/bin'
[18.301s] Level 1:colcon.colcon_core.environment:checking '/home/claudia/ForestGuard/install/husky_controller/lib/pkgconfig/husky_controller.pc'
[18.301s] Level 1:colcon.colcon_core.environment:checking '/home/claudia/ForestGuard/install/husky_controller/lib/python3.10/site-packages'
[18.301s] Level 1:colcon.colcon_core.environment:checking '/home/claudia/ForestGuard/install/husky_controller/bin'
[18.301s] INFO:colcon.colcon_core.shell:Creating package script '/home/claudia/ForestGuard/install/husky_controller/share/husky_controller/package.ps1'
[18.302s] INFO:colcon.colcon_core.shell:Creating package descriptor '/home/claudia/ForestGuard/install/husky_controller/share/husky_controller/package.dsv'
[18.302s] INFO:colcon.colcon_core.shell:Creating package script '/home/claudia/ForestGuard/install/husky_controller/share/husky_controller/package.sh'
[18.303s] INFO:colcon.colcon_core.shell:Creating package script '/home/claudia/ForestGuard/install/husky_controller/share/husky_controller/package.bash'
[18.303s] INFO:colcon.colcon_core.shell:Creating package script '/home/claudia/ForestGuard/install/husky_controller/share/husky_controller/package.zsh'
[18.303s] Level 1:colcon.colcon_core.environment:create_file_with_runtime_dependencies(/home/claudia/ForestGuard/install/husky_controller/share/colcon-core/packages/husky_controller)
[18.304s] Level 1:colcon.colcon_core.environment:create_environment_scripts_only(husky_controller)
[18.304s] Level 1:colcon.colcon_core.environment:checking '/home/claudia/ForestGuard/install/husky_controller' for CMake module files
[18.304s] Level 1:colcon.colcon_core.environment:checking '/home/claudia/ForestGuard/install/husky_controller' for CMake config files
[18.304s] Level 1:colcon.colcon_core.shell:create_environment_hook('husky_controller', 'cmake_prefix_path')
[18.305s] INFO:colcon.colcon_core.shell:Creating environment hook '/home/claudia/ForestGuard/install/husky_controller/share/husky_controller/hook/cmake_prefix_path.ps1'
[18.305s] INFO:colcon.colcon_core.shell:Creating environment descriptor '/home/claudia/ForestGuard/install/husky_controller/share/husky_controller/hook/cmake_prefix_path.dsv'
[18.305s] INFO:colcon.colcon_core.shell:Creating environment hook '/home/claudia/ForestGuard/install/husky_controller/share/husky_controller/hook/cmake_prefix_path.sh'
[18.306s] Level 1:colcon.colcon_core.environment:checking '/home/claudia/ForestGuard/install/husky_controller/lib'
[18.306s] Level 1:colcon.colcon_core.environment:checking '/home/claudia/ForestGuard/install/husky_controller/bin'
[18.306s] Level 1:colcon.colcon_core.environment:checking '/home/claudia/ForestGuard/install/husky_controller/lib/pkgconfig/husky_controller.pc'
[18.306s] Level 1:colcon.colcon_core.environment:checking '/home/claudia/ForestGuard/install/husky_controller/lib/python3.10/site-packages'
[18.306s] Level 1:colcon.colcon_core.environment:checking '/home/claudia/ForestGuard/install/husky_controller/bin'
[18.306s] INFO:colcon.colcon_core.shell:Creating package script '/home/claudia/ForestGuard/install/husky_controller/share/husky_controller/package.ps1'
[18.307s] INFO:colcon.colcon_core.shell:Creating package descriptor '/home/claudia/ForestGuard/install/husky_controller/share/husky_controller/package.dsv'
[18.307s] INFO:colcon.colcon_core.shell:Creating package script '/home/claudia/ForestGuard/install/husky_controller/share/husky_controller/package.sh'
[18.307s] INFO:colcon.colcon_core.shell:Creating package script '/home/claudia/ForestGuard/install/husky_controller/share/husky_controller/package.bash'
[18.308s] INFO:colcon.colcon_core.shell:Creating package script '/home/claudia/ForestGuard/install/husky_controller/share/husky_controller/package.zsh'
[18.308s] Level 1:colcon.colcon_core.environment:create_file_with_runtime_dependencies(/home/claudia/ForestGuard/install/husky_controller/share/colcon-core/packages/husky_controller)
[18.308s] DEBUG:colcon.colcon_parallel_executor.executor.parallel:closing loop
[18.308s] DEBUG:colcon.colcon_parallel_executor.executor.parallel:loop closed
[18.308s] DEBUG:colcon.colcon_parallel_executor.executor.parallel:run_until_complete finished with '0'
[18.309s] DEBUG:colcon.colcon_core.event_reactor:joining thread
[18.314s] INFO:colcon.colcon_core.plugin_system:Skipping extension 'colcon_notification.desktop_notification.terminal_notifier': Not used on non-Darwin systems
[18.314s] INFO:colcon.colcon_core.plugin_system:Skipping extension 'colcon_notification.desktop_notification.win32': Not used on non-Windows systems
[18.314s] INFO:colcon.colcon_notification.desktop_notification:Sending desktop notification using 'notify2'
[18.331s] DEBUG:colcon.colcon_core.event_reactor:joined thread
[18.332s] INFO:colcon.colcon_core.shell:Creating prefix script '/home/claudia/ForestGuard/install/local_setup.ps1'
[18.333s] INFO:colcon.colcon_core.shell:Creating prefix util module '/home/claudia/ForestGuard/install/_local_setup_util_ps1.py'
[18.334s] INFO:colcon.colcon_core.shell:Creating prefix chain script '/home/claudia/ForestGuard/install/setup.ps1'
[18.336s] INFO:colcon.colcon_core.shell:Creating prefix script '/home/claudia/ForestGuard/install/local_setup.sh'
[18.337s] INFO:colcon.colcon_core.shell:Creating prefix util module '/home/claudia/ForestGuard/install/_local_setup_util_sh.py'
[18.338s] INFO:colcon.colcon_core.shell:Creating prefix chain script '/home/claudia/ForestGuard/install/setup.sh'
[18.339s] INFO:colcon.colcon_core.shell:Creating prefix script '/home/claudia/ForestGuard/install/local_setup.bash'
[18.340s] INFO:colcon.colcon_core.shell:Creating prefix chain script '/home/claudia/ForestGuard/install/setup.bash'
[18.341s] INFO:colcon.colcon_core.shell:Creating prefix script '/home/claudia/ForestGuard/install/local_setup.zsh'
[18.342s] INFO:colcon.colcon_core.shell:Creating prefix chain script '/home/claudia/ForestGuard/install/setup.zsh'
