[0.254s] Invoking command in '/home/claudia/ForestGuard/build/forest_localization': CMAKE_PREFIX_PATH=${CMAKE_PREFIX_PATH}:/home/claudia/ForestGuard/install/forest_guard_sim:/home/claudia/ros2_ws/install/examples_rclcpp_minimal_publisher:/home/claudia/ros2_ws/install/a3_support:/opt/ros/humble /usr/bin/cmake --build /home/claudia/ForestGuard/build/forest_localization -- -j16 -l16
[0.295s] [100%] Built target forest_localization
[0.302s] Invoked command in '/home/claudia/ForestGuard/build/forest_localization' returned '0': CMAKE_PREFIX_PATH=${CMAKE_PREFIX_PATH}:/home/claudia/ForestGuard/install/forest_guard_sim:/home/claudia/ros2_ws/install/examples_rclcpp_minimal_publisher:/home/claudia/ros2_ws/install/a3_support:/opt/ros/humble /usr/bin/cmake --build /home/claudia/ForestGuard/build/forest_localization -- -j16 -l16
[0.304s] Invoking command in '/home/claudia/ForestGuard/build/forest_localization': CMAKE_PREFIX_PATH=${CMAKE_PREFIX_PATH}:/home/claudia/ForestGuard/install/forest_guard_sim:/home/claudia/ros2_ws/install/examples_rclcpp_minimal_publisher:/home/claudia/ros2_ws/install/a3_support:/opt/ros/humble /usr/bin/cmake --install /home/claudia/ForestGuard/build/forest_localization
[0.306s] -- Install configuration: ""
[0.307s] -- Execute custom install script
[0.307s] -- Up-to-date symlink: /home/claudia/ForestGuard/install/forest_localization/lib/forest_localization/forest_localization
[0.307s] -- Up-to-date symlink: /home/claudia/ForestGuard/install/forest_localization/include/forest_localization/amcl_localization.h
[0.308s] -- Up-to-date symlink: /home/claudia/ForestGuard/install/forest_localization/share/ament_index/resource_index/package_run_dependencies/forest_localization
[0.308s] -- Up-to-date symlink: /home/claudia/ForestGuard/install/forest_localization/share/ament_index/resource_index/parent_prefix_path/forest_localization
[0.308s] -- Up-to-date symlink: /home/claudia/ForestGuard/install/forest_localization/share/forest_localization/environment/ament_prefix_path.sh
[0.308s] -- Up-to-date symlink: /home/claudia/ForestGuard/install/forest_localization/share/forest_localization/environment/ament_prefix_path.dsv
[0.308s] -- Up-to-date symlink: /home/claudia/ForestGuard/install/forest_localization/share/forest_localization/environment/path.sh
[0.308s] -- Up-to-date symlink: /home/claudia/ForestGuard/install/forest_localization/share/forest_localization/environment/path.dsv
[0.308s] -- Up-to-date symlink: /home/claudia/ForestGuard/install/forest_localization/share/forest_localization/local_setup.bash
[0.309s] -- Up-to-date symlink: /home/claudia/ForestGuard/install/forest_localization/share/forest_localization/local_setup.sh
[0.309s] -- Up-to-date symlink: /home/claudia/ForestGuard/install/forest_localization/share/forest_localization/local_setup.zsh
[0.309s] -- Up-to-date symlink: /home/claudia/ForestGuard/install/forest_localization/share/forest_localization/local_setup.dsv
[0.309s] -- Symlinking: /home/claudia/ForestGuard/install/forest_localization/share/forest_localization/package.dsv
[0.313s] -- Up-to-date symlink: /home/claudia/ForestGuard/install/forest_localization/share/ament_index/resource_index/packages/forest_localization
[0.313s] -- Up-to-date symlink: /home/claudia/ForestGuard/install/forest_localization/share/forest_localization/cmake/forest_localizationConfig.cmake
[0.313s] -- Up-to-date symlink: /home/claudia/ForestGuard/install/forest_localization/share/forest_localization/cmake/forest_localizationConfig-version.cmake
[0.313s] -- Up-to-date symlink: /home/claudia/ForestGuard/install/forest_localization/share/forest_localization/package.xml
[0.316s] Invoked command in '/home/claudia/ForestGuard/build/forest_localization' returned '0': CMAKE_PREFIX_PATH=${CMAKE_PREFIX_PATH}:/home/claudia/ForestGuard/install/forest_guard_sim:/home/claudia/ros2_ws/install/examples_rclcpp_minimal_publisher:/home/claudia/ros2_ws/install/a3_support:/opt/ros/humble /usr/bin/cmake --install /home/claudia/ForestGuard/build/forest_localization
